<?xml version="1.0" encoding="UTF-8"?>
<testsuite xmlns:xsi="http://www.w3.org/2001/XMLSchema-instance" xsi:noNamespaceSchemaLocation="https://maven.apache.org/surefire/maven-surefire-plugin/xsd/surefire-test-report-3.0.xsd" version="3.0" name="org.apache.ratis.TestMultiRaftGroup" time="0.018" tests="1" errors="0" skipped="1" failures="0">
  <properties>
    <property name="awt.toolkit" value="sun.awt.X11.XToolkit"/>
    <property name="file.encoding.pkg" value="sun.io"/>
    <property name="java.specification.version" value="1.8"/>
    <property name="sun.cpu.isalist" value=""/>
    <property name="sun.jnu.encoding" value="UTF-8"/>
    <property name="java.class.path" value="/home/runner/work/ratis/ratis/ratis-examples/target/test-classes:/home/runner/work/ratis/ratis/ratis-examples/target/classes:/home/runner/.m2/repository/org/apache/ratis/ratis-thirdparty-misc/1.0.9/ratis-thirdparty-misc-1.0.9.jar:/home/runner/work/ratis/ratis/ratis-proto/target/classes:/home/runner/work/ratis/ratis/ratis-tools/target/classes:/home/runner/work/ratis/ratis/ratis-common/target/classes:/home/runner/work/ratis/ratis/ratis-common/target/test-classes:/home/runner/work/ratis/ratis/ratis-client/target/classes:/home/runner/work/ratis/ratis/ratis-server/target/classes:/home/runner/work/ratis/ratis/ratis-server-api/target/classes:/home/runner/work/ratis/ratis/ratis-metrics-api/target/classes:/home/runner/work/ratis/ratis/ratis-server/target/test-classes:/home/runner/work/ratis/ratis/ratis-metrics-default/target/classes:/home/runner/work/ratis/ratis/ratis-grpc/target/classes:/home/runner/work/ratis/ratis/ratis-grpc/target/test-classes:/home/runner/work/ratis/ratis/ratis-netty/target/classes:/home/runner/work/ratis/ratis/ratis-netty/target/test-classes:/home/runner/work/ratis/ratis/ratis-test/target/test-classes:/home/runner/.m2/repository/com/beust/jcommander/1.82/jcommander-1.82.jar:/home/runner/.m2/repository/org/slf4j/slf4j-api/2.0.7/slf4j-api-2.0.7.jar:/home/runner/.m2/repository/org/slf4j/slf4j-reload4j/2.0.7/slf4j-reload4j-2.0.7.jar:/home/runner/.m2/repository/ch/qos/reload4j/reload4j/1.2.22/reload4j-1.2.22.jar:/home/runner/.m2/repository/junit/junit/4.13.2/junit-4.13.2.jar:/home/runner/.m2/repository/org/hamcrest/hamcrest-core/1.3/hamcrest-core-1.3.jar:/home/runner/.m2/repository/org/junit/jupiter/junit-jupiter-engine/5.11.2/junit-jupiter-engine-5.11.2.jar:/home/runner/.m2/repository/org/junit/platform/junit-platform-engine/1.11.2/junit-platform-engine-1.11.2.jar:/home/runner/.m2/repository/org/apiguardian/apiguardian-api/1.1.2/apiguardian-api-1.1.2.jar:/home/runner/.m2/repository/org/junit/jupiter/junit-jupiter-api/5.11.2/junit-jupiter-api-5.11.2.jar:/home/runner/.m2/repository/org/opentest4j/opentest4j/1.3.0/opentest4j-1.3.0.jar:/home/runner/.m2/repository/org/junit/platform/junit-platform-commons/1.11.2/junit-platform-commons-1.11.2.jar:/home/runner/.m2/repository/org/junit/jupiter/junit-jupiter-params/5.11.2/junit-jupiter-params-5.11.2.jar:/home/runner/work/ratis/ratis/ratis-examples/target/gradle-enterprise/test-listeners.jar:"/>
    <property name="surefire.timeout" value="1200"/>
    <property name="java.vm.vendor" value="Temurin"/>
    <property name="sun.arch.data.model" value="64"/>
    <property name="java.vendor.url" value="https://adoptium.net/"/>
    <property name="user.timezone" value="Etc/UTC"/>
    <property name="java.vm.specification.version" value="1.8"/>
    <property name="os.name" value="Linux"/>
    <property name="sun.java.launcher" value="SUN_STANDARD"/>
    <property name="sun.boot.library.path" value="/usr/lib/jvm/temurin-8-jdk-amd64/jre/lib/amd64"/>
    <property name="sun.java.command" value="/home/runner/work/ratis/ratis/ratis-examples/target/surefire/surefirebooter2917005345575109185.jar /home/runner/work/ratis/ratis/ratis-examples/target/surefire 2025-05-22T15-20-36_282-jvmRun1 surefire2422639135255383999tmp surefire_105706529618407765261tmp"/>
    <property name="surefire.test.class.path" value="/home/runner/work/ratis/ratis/ratis-examples/target/test-classes:/home/runner/work/ratis/ratis/ratis-examples/target/classes:/home/runner/.m2/repository/org/apache/ratis/ratis-thirdparty-misc/1.0.9/ratis-thirdparty-misc-1.0.9.jar:/home/runner/work/ratis/ratis/ratis-proto/target/classes:/home/runner/work/ratis/ratis/ratis-tools/target/classes:/home/runner/work/ratis/ratis/ratis-common/target/classes:/home/runner/work/ratis/ratis/ratis-common/target/test-classes:/home/runner/work/ratis/ratis/ratis-client/target/classes:/home/runner/work/ratis/ratis/ratis-server/target/classes:/home/runner/work/ratis/ratis/ratis-server-api/target/classes:/home/runner/work/ratis/ratis/ratis-metrics-api/target/classes:/home/runner/work/ratis/ratis/ratis-server/target/test-classes:/home/runner/work/ratis/ratis/ratis-metrics-default/target/classes:/home/runner/work/ratis/ratis/ratis-grpc/target/classes:/home/runner/work/ratis/ratis/ratis-grpc/target/test-classes:/home/runner/work/ratis/ratis/ratis-netty/target/classes:/home/runner/work/ratis/ratis/ratis-netty/target/test-classes:/home/runner/work/ratis/ratis/ratis-test/target/test-classes:/home/runner/.m2/repository/com/beust/jcommander/1.82/jcommander-1.82.jar:/home/runner/.m2/repository/org/slf4j/slf4j-api/2.0.7/slf4j-api-2.0.7.jar:/home/runner/.m2/repository/org/slf4j/slf4j-reload4j/2.0.7/slf4j-reload4j-2.0.7.jar:/home/runner/.m2/repository/ch/qos/reload4j/reload4j/1.2.22/reload4j-1.2.22.jar:/home/runner/.m2/repository/junit/junit/4.13.2/junit-4.13.2.jar:/home/runner/.m2/repository/org/hamcrest/hamcrest-core/1.3/hamcrest-core-1.3.jar:/home/runner/.m2/repository/org/junit/jupiter/junit-jupiter-engine/5.11.2/junit-jupiter-engine-5.11.2.jar:/home/runner/.m2/repository/org/junit/platform/junit-platform-engine/1.11.2/junit-platform-engine-1.11.2.jar:/home/runner/.m2/repository/org/apiguardian/apiguardian-api/1.1.2/apiguardian-api-1.1.2.jar:/home/runner/.m2/repository/org/junit/jupiter/junit-jupiter-api/5.11.2/junit-jupiter-api-5.11.2.jar:/home/runner/.m2/repository/org/opentest4j/opentest4j/1.3.0/opentest4j-1.3.0.jar:/home/runner/.m2/repository/org/junit/platform/junit-platform-commons/1.11.2/junit-platform-commons-1.11.2.jar:/home/runner/.m2/repository/org/junit/jupiter/junit-jupiter-params/5.11.2/junit-jupiter-params-5.11.2.jar:/home/runner/work/ratis/ratis/ratis-examples/target/gradle-enterprise/test-listeners.jar:"/>
    <property name="sun.cpu.endian" value="little"/>
    <property name="user.home" value="/home/runner"/>
    <property name="user.language" value="en"/>
    <property name="java.specification.vendor" value="Oracle Corporation"/>
    <property name="java.home" value="/usr/lib/jvm/temurin-8-jdk-amd64/jre"/>
    <property name="basedir" value="/home/runner/work/ratis/ratis/ratis-examples"/>
    <property name="file.separator" value="/"/>
    <property name="line.separator" value="&#10;"/>
    <property name="java.vm.specification.vendor" value="Oracle Corporation"/>
    <property name="java.specification.name" value="Java Platform API Specification"/>
    <property name="java.awt.graphicsenv" value="sun.awt.X11GraphicsEnvironment"/>
    <property name="surefire.real.class.path" value="/home/runner/work/ratis/ratis/ratis-examples/target/surefire/surefirebooter2917005345575109185.jar:/home/runner/.m2/repository/org/jacoco/org.jacoco.agent/0.8.12/org.jacoco.agent-0.8.12-runtime.jar"/>
    <property name="sun.boot.class.path" value="/usr/lib/jvm/temurin-8-jdk-amd64/jre/lib/resources.jar:/usr/lib/jvm/temurin-8-jdk-amd64/jre/lib/rt.jar:/usr/lib/jvm/temurin-8-jdk-amd64/jre/lib/sunrsasign.jar:/usr/lib/jvm/temurin-8-jdk-amd64/jre/lib/jsse.jar:/usr/lib/jvm/temurin-8-jdk-amd64/jre/lib/jce.jar:/usr/lib/jvm/temurin-8-jdk-amd64/jre/lib/charsets.jar:/usr/lib/jvm/temurin-8-jdk-amd64/jre/lib/jfr.jar:/usr/lib/jvm/temurin-8-jdk-amd64/jre/classes"/>
    <property name="sun.management.compiler" value="HotSpot 64-Bit Tiered Compilers"/>
    <property name="java.runtime.version" value="1.8.0_452-b09"/>
    <property name="java.net.preferIPv4Stack" value="true"/>
    <property name="user.name" value="runner"/>
    <property name="path.separator" value=":"/>
    <property name="os.version" value="6.11.0-1014-azure"/>
    <property name="java.endorsed.dirs" value="/usr/lib/jvm/temurin-8-jdk-amd64/jre/lib/endorsed"/>
    <property name="java.runtime.name" value="OpenJDK Runtime Environment"/>
    <property name="com.gradle.maven.scan.extension.test.listener.junitplatform.NestedExecutionSafeDelegatingTestExecutionListener" value="2e9f5499"/>
    <property name="file.encoding" value="UTF-8"/>
    <property name="java.vm.name" value="OpenJDK 64-Bit Server VM"/>
    <property name="develocity.listener.surefire.forkId" value="1"/>
    <property name="localRepository" value="/home/runner/.m2/repository"/>
    <property name="java.vendor.url.bug" value="https://github.com/adoptium/adoptium-support/issues"/>
    <property name="java.io.tmpdir" value="/tmp"/>
    <property name="surefire.rerunFailingTestsCount" value="5"/>
    <property name="java.version" value="1.8.0_452"/>
    <property name="user.dir" value="/home/runner/work/ratis/ratis/ratis-examples"/>
    <property name="os.arch" value="amd64"/>
    <property name="ratis.tmp.dir" value="/home/runner/work/ratis/ratis/ratis-examples/target/tmp"/>
    <property name="java.vm.specification.name" value="Java Virtual Machine Specification"/>
    <property name="java.awt.printerjob" value="sun.print.PSPrinterJob"/>
    <property name="ratis.log.dir" value="/home/runner/work/ratis/ratis/ratis-examples/target/log"/>
    <property name="sun.os.patch.level" value="unknown"/>
    <property name="org.apache.ratis.thirdparty.io.netty.allocator.useCacheForAllThreads" value="false"/>
    <property name="java.library.path" value="/usr/java/packages/lib/amd64:/usr/lib64:/lib64:/lib:/usr/lib"/>
    <property name="java.vm.info" value="mixed mode"/>
    <property name="java.vendor" value="Temurin"/>
    <property name="java.vm.version" value="25.452-b09"/>
    <property name="java.specification.maintenance.version" value="6"/>
    <property name="develocity.listener.port" value="44013"/>
    <property name="java.ext.dirs" value="/usr/lib/jvm/temurin-8-jdk-amd64/jre/lib/ext:/usr/java/packages/lib/ext"/>
    <property name="sun.io.unicode.encoding" value="UnicodeLittle"/>
    <property name="java.class.version" value="52.0"/>
  </properties>
  <testcase name="testMultiRaftGroup(MiniRaftCluster)[1]" classname="org.apache.ratis.TestMultiRaftGroup" time="19.482"/>
  <testcase name="testMultiRaftGroup(MiniRaftCluster)[2]" classname="org.apache.ratis.TestMultiRaftGroup" time="82.07">
    <error type="java.lang.IllegalStateException"><![CDATA[java.lang.IllegalStateException: #leaks = 1 > 0, #leaks == set.size = 1
	at org.apache.ratis.util.Preconditions.assertTrue(Preconditions.java:77)
	at org.apache.ratis.util.LeakDetector$LeakTrackerSet.assertNoLeaks(LeakDetector.java:100)
	at org.apache.ratis.util.LeakDetector$LeakTrackerSet.getNumLeaks(LeakDetector.java:94)
	at org.apache.ratis.util.LeakDetector.assertNoLeaks(LeakDetector.java:178)
	at org.apache.ratis.server.impl.MiniRaftCluster.shutdown(MiniRaftCluster.java:892)
	at org.apache.ratis.grpc.MiniRaftClusterWithGrpc.shutdown(MiniRaftClusterWithGrpc.java:97)
	at org.apache.ratis.server.impl.GroupManagementBaseTest.runMultiGroupTest(GroupManagementBaseTest.java:343)
	at org.apache.ratis.TestMultiRaftGroup.runTestMultiRaftGroup(TestMultiRaftGroup.java:65)
	at org.apache.ratis.TestMultiRaftGroup.runTestMultiRaftGroup(TestMultiRaftGroup.java:51)
	at org.apache.ratis.TestMultiRaftGroup.testMultiRaftGroup(TestMultiRaftGroup.java:47)
	at java.lang.reflect.Method.invoke(Method.java:498)
	at java.util.stream.ForEachOps$ForEachOp$OfRef.accept(ForEachOps.java:183)
	at java.util.stream.ReferencePipeline$3$1.accept(ReferencePipeline.java:193)
	at java.util.stream.ReferencePipeline$2$1.accept(ReferencePipeline.java:175)
	at java.util.stream.ReferencePipeline$3$1.accept(ReferencePipeline.java:193)
	at java.util.stream.ForEachOps$ForEachOp$OfRef.accept(ForEachOps.java:183)
	at java.util.stream.ReferencePipeline$3$1.accept(ReferencePipeline.java:193)
	at java.util.stream.ForEachOps$ForEachOp$OfRef.accept(ForEachOps.java:183)
	at java.util.stream.ForEachOps$ForEachOp$OfRef.accept(ForEachOps.java:183)
	at java.util.stream.ReferencePipeline$3$1.accept(ReferencePipeline.java:193)
	at java.util.ArrayList$ArrayListSpliterator.forEachRemaining(ArrayList.java:1384)
	at java.util.stream.ReferencePipeline$Head.forEach(ReferencePipeline.java:647)
	at java.util.stream.ReferencePipeline$7$1.accept(ReferencePipeline.java:272)
	at java.util.stream.ReferencePipeline$3$1.accept(ReferencePipeline.java:193)
	at java.util.stream.ReferencePipeline$3$1.accept(ReferencePipeline.java:193)
	at java.util.stream.ReferencePipeline$3$1.accept(ReferencePipeline.java:193)
	at java.util.Spliterators$ArraySpliterator.forEachRemaining(Spliterators.java:948)
	at java.util.stream.AbstractPipeline.copyInto(AbstractPipeline.java:482)
	at java.util.stream.AbstractPipeline.wrapAndCopyInto(AbstractPipeline.java:472)
	at java.util.stream.ForEachOps$ForEachOp.evaluateSequential(ForEachOps.java:150)
	at java.util.stream.ForEachOps$ForEachOp$OfRef.evaluateSequential(ForEachOps.java:173)
	at java.util.stream.AbstractPipeline.evaluate(AbstractPipeline.java:234)
	at java.util.stream.ReferencePipeline.forEach(ReferencePipeline.java:485)
	at java.util.stream.ReferencePipeline$7$1.accept(ReferencePipeline.java:272)
	at java.util.ArrayList$ArrayListSpliterator.forEachRemaining(ArrayList.java:1384)
	at java.util.stream.AbstractPipeline.copyInto(AbstractPipeline.java:482)
	at java.util.stream.AbstractPipeline.wrapAndCopyInto(AbstractPipeline.java:472)
	at java.util.stream.ForEachOps$ForEachOp.evaluateSequential(ForEachOps.java:150)
	at java.util.stream.ForEachOps$ForEachOp$OfRef.evaluateSequential(ForEachOps.java:173)
	at java.util.stream.AbstractPipeline.evaluate(AbstractPipeline.java:234)
	at java.util.stream.ReferencePipeline.forEach(ReferencePipeline.java:485)
	at java.util.stream.ReferencePipeline$7$1.accept(ReferencePipeline.java:272)
	at java.util.stream.ReferencePipeline$3$1.accept(ReferencePipeline.java:193)
	at java.util.stream.ReferencePipeline$3$1.accept(ReferencePipeline.java:193)
	at java.util.stream.ReferencePipeline$3$1.accept(ReferencePipeline.java:193)
	at java.util.ArrayList$ArrayListSpliterator.forEachRemaining(ArrayList.java:1384)
	at java.util.stream.AbstractPipeline.copyInto(AbstractPipeline.java:482)
	at java.util.stream.AbstractPipeline.wrapAndCopyInto(AbstractPipeline.java:472)
	at java.util.stream.ForEachOps$ForEachOp.evaluateSequential(ForEachOps.java:150)
	at java.util.stream.ForEachOps$ForEachOp$OfRef.evaluateSequential(ForEachOps.java:173)
	at java.util.stream.AbstractPipeline.evaluate(AbstractPipeline.java:234)
	at java.util.stream.ReferencePipeline.forEach(ReferencePipeline.java:485)
	at java.util.stream.ReferencePipeline$7$1.accept(ReferencePipeline.java:272)
	at java.util.ArrayList$ArrayListSpliterator.forEachRemaining(ArrayList.java:1384)
	at java.util.stream.AbstractPipeline.copyInto(AbstractPipeline.java:482)
	at java.util.stream.AbstractPipeline.wrapAndCopyInto(AbstractPipeline.java:472)
	at java.util.stream.ForEachOps$ForEachOp.evaluateSequential(ForEachOps.java:150)
	at java.util.stream.ForEachOps$ForEachOp$OfRef.evaluateSequential(ForEachOps.java:173)
	at java.util.stream.AbstractPipeline.evaluate(AbstractPipeline.java:234)
	at java.util.stream.ReferencePipeline.forEach(ReferencePipeline.java:485)
	at java.util.ArrayList.forEach(ArrayList.java:1259)
	at java.util.ArrayList.forEach(ArrayList.java:1259)
	Suppressed: org.junit.platform.commons.JUnitException: Failed to close extension context
		... 51 more
	Caused by: java.lang.IllegalStateException: #leaks = 1 > 0, #leaks == set.size = 1
		at org.apache.ratis.util.Preconditions.assertTrue(Preconditions.java:77)
		at org.apache.ratis.util.LeakDetector$LeakTrackerSet.assertNoLeaks(LeakDetector.java:100)
		at org.apache.ratis.util.LeakDetector$LeakTrackerSet.getNumLeaks(LeakDetector.java:94)
		at org.apache.ratis.util.LeakDetector.assertNoLeaks(LeakDetector.java:178)
		at org.apache.ratis.server.impl.MiniRaftCluster.shutdown(MiniRaftCluster.java:892)
		at org.apache.ratis.grpc.MiniRaftClusterWithGrpc.shutdown(MiniRaftClusterWithGrpc.java:97)
		at org.apache.ratis.server.impl.MiniRaftCluster.close(MiniRaftCluster.java:843)
		at java.util.stream.ForEachOps$ForEachOp$OfRef.accept(ForEachOps.java:183)
		at java.util.ArrayList.forEach(ArrayList.java:1259)
		at java.util.stream.SortedOps$RefSortingSink.end(SortedOps.java:395)
		at java.util.stream.Sink$ChainedReference.end(Sink.java:258)
		at java.util.stream.Sink$ChainedReference.end(Sink.java:258)
		at java.util.stream.AbstractPipeline.copyInto(AbstractPipeline.java:483)
		at java.util.stream.AbstractPipeline.wrapAndCopyInto(AbstractPipeline.java:472)
		at java.util.stream.ForEachOps$ForEachOp.evaluateSequential(ForEachOps.java:150)
		at java.util.stream.ForEachOps$ForEachOp$OfRef.evaluateSequential(ForEachOps.java:173)
		at java.util.stream.AbstractPipeline.evaluate(AbstractPipeline.java:234)
		at java.util.stream.ReferencePipeline.forEach(ReferencePipeline.java:485)
		... 51 more
]]></error>
    <system-out><![CDATA[2025-05-22 15:25:11,713 INFO  util.LogUtils (Slf4jUtils.java:setLogLevel(38)) - Successfully set org.apache.ratis.conf.ConfUtils log level to WARN
2025-05-22 15:25:11,714 INFO  util.LogUtils (Slf4jUtils.java:setLogLevel(38)) - Successfully set org.apache.ratis.util.FileUtils log level to TRACE
2025-05-22 15:25:11,716 INFO  impl.GroupManagementBaseTest (GroupManagementBaseTest.java:runMultiGroupTest(253)) - 

runMultiGroupTest with MiniRaftClusterWithGrpc[3, 6, 9, 12, 15]chosen=2: printing ALL groups
2025-05-22 15:25:11,716 INFO  impl.GroupManagementBaseTest (GroupManagementBaseTest.java:runMultiGroupTest(260)) - ids: [s0, s1, s2, s3, s4, s5, s6, s7, s8, s9, s10, s11, s12, s13, s14]
2025-05-22 15:25:11,716 INFO  impl.MiniRaftCluster (MiniRaftCluster.java:newRaftServer(396)) - newRaftServer: s0, group-5CA96AA9335B:[], format? true
2025-05-22 15:25:11,716 TRACE util.FileUtils (FileUtils.java:deleteFully(351)) - deleteFully target/test/data/3b356627/MiniRaftClusterWithGrpcde84ffe6/s0
2025-05-22 15:25:11,717 TRACE util.FileUtils (FileUtils.java:deleteFully(364)) - deleteFully: target/test/data/3b356627/MiniRaftClusterWithGrpcde84ffe6/s0 does not exist.
2025-05-22 15:25:11,717 INFO  impl.MiniRaftCluster (MiniRaftCluster.java:newRaftServer(401)) - Formatted directory target/test/data/3b356627/MiniRaftClusterWithGrpcde84ffe6/s0
2025-05-22 15:25:11,724 INFO  server.RaftServer (ConfUtils.java:logGet(62)) - raft.rpc.type = GRPC (default)
2025-05-22 15:25:11,777 INFO  grpc.GrpcConfigKeys (ConfUtils.java:logFallback(69)) - raft.grpc.admin.host = null (fallback to raft.grpc.server.host)
2025-05-22 15:25:11,778 INFO  grpc.GrpcConfigKeys (ConfUtils.java:logFallback(69)) - raft.grpc.admin.port = 15000 (fallback to raft.grpc.server.port)
2025-05-22 15:25:11,778 INFO  grpc.GrpcConfigKeys (ConfUtils.java:logFallback(69)) - raft.grpc.client.host = null (fallback to raft.grpc.server.host)
2025-05-22 15:25:11,779 INFO  grpc.GrpcConfigKeys (ConfUtils.java:logFallback(69)) - raft.grpc.client.port = 15000 (fallback to raft.grpc.server.port)
2025-05-22 15:25:11,779 INFO  grpc.GrpcConfigKeys (ConfUtils.java:logGet(62)) - raft.grpc.server.port = 15000 (custom)
2025-05-22 15:25:11,780 INFO  server.GrpcServicesImpl (ConfUtils.java:logGet(62)) - raft.grpc.message.size.max = 64MB (=67108864) (default)
2025-05-22 15:25:11,781 INFO  server.GrpcServicesImpl (ConfUtils.java:logGet(62)) - raft.grpc.flow.control.window = 1MB (=1048576) (default)
2025-05-22 15:25:11,781 INFO  grpc.GrpcConfigKeys (ConfUtils.java:logGet(62)) - raft.grpc.server.heartbeat.channel = true (default)
2025-05-22 15:25:11,782 INFO  grpc.GrpcConfigKeys (ConfUtils.java:logGet(62)) - raft.grpc.server.zerocopy.enabled = true (custom)
2025-05-22 15:25:11,785 INFO  grpc.GrpcConfigKeys (ConfUtils.java:logGet(62)) - raft.grpc.server.async.request.thread.pool.cached = true (default)
2025-05-22 15:25:11,786 INFO  grpc.GrpcConfigKeys (ConfUtils.java:logGet(62)) - raft.grpc.server.async.request.thread.pool.size = 32 (default)
2025-05-22 15:25:12,062 INFO  server.RaftServerConfigKeys (ConfUtils.java:logGet(62)) - raft.server.storage.dir = [/home/runner/work/ratis/ratis/ratis-examples/target/test/data/3b356627/MiniRaftClusterWithGrpcde84ffe6/s0] (custom)
2025-05-22 15:25:12,064 INFO  server.RaftServer (RaftServerProxy.java:addNew(106)) - s0: addNew group-5CA96AA9335B:[] returns group-5CA96AA9335B:java.util.concurrent.CompletableFuture@72b1df49[Not completed]
2025-05-22 15:25:12,064 INFO  impl.MiniRaftCluster (MiniRaftCluster.java:newRaftServer(396)) - newRaftServer: s1, group-5CA96AA9335B:[], format? true
2025-05-22 15:25:12,065 TRACE util.FileUtils (FileUtils.java:deleteFully(351)) - deleteFully target/test/data/3b356627/MiniRaftClusterWithGrpcde84ffe6/s1
2025-05-22 15:25:12,066 TRACE util.FileUtils (FileUtils.java:deleteFully(364)) - deleteFully: target/test/data/3b356627/MiniRaftClusterWithGrpcde84ffe6/s1 does not exist.
2025-05-22 15:25:12,066 INFO  impl.MiniRaftCluster (MiniRaftCluster.java:newRaftServer(401)) - Formatted directory target/test/data/3b356627/MiniRaftClusterWithGrpcde84ffe6/s1
2025-05-22 15:25:12,067 INFO  server.RaftServer$Division (RaftServerImpl.java:<init>(271)) - s0: new RaftServerImpl for group-5CA96AA9335B:[] with ArithmeticStateMachine:uninitialized
2025-05-22 15:25:12,067 INFO  grpc.GrpcConfigKeys (ConfUtils.java:logFallback(69)) - raft.grpc.admin.host = null (fallback to raft.grpc.server.host)
2025-05-22 15:25:12,067 INFO  grpc.GrpcConfigKeys (ConfUtils.java:logFallback(69)) - raft.grpc.admin.port = 15001 (fallback to raft.grpc.server.port)
2025-05-22 15:25:12,068 INFO  grpc.GrpcConfigKeys (ConfUtils.java:logFallback(69)) - raft.grpc.client.host = null (fallback to raft.grpc.server.host)
2025-05-22 15:25:12,068 INFO  grpc.GrpcConfigKeys (ConfUtils.java:logFallback(69)) - raft.grpc.client.port = 15001 (fallback to raft.grpc.server.port)
2025-05-22 15:25:12,068 INFO  grpc.GrpcConfigKeys (ConfUtils.java:logGet(62)) - raft.grpc.server.port = 15001 (custom)
2025-05-22 15:25:12,067 INFO  server.RaftServer$Division (ServerState.java:<init>(114)) - s0@group-5CA96AA9335B: ConfigurationManager, init=conf: {index: -1, cur=peers:[]|listeners:[], old=null}, confs=<EMPTY_MAP>
2025-05-22 15:25:12,071 INFO  server.RaftServerConfigKeys (ConfUtils.java:logGet(62)) - raft.server.storage.dir = [/home/runner/work/ratis/ratis/ratis-examples/target/test/data/3b356627/MiniRaftClusterWithGrpcde84ffe6/s1] (custom)
2025-05-22 15:25:12,072 INFO  server.RaftServer (RaftServerProxy.java:addNew(106)) - s1: addNew group-5CA96AA9335B:[] returns group-5CA96AA9335B:java.util.concurrent.CompletableFuture@7d80e1b3[Not completed]
2025-05-22 15:25:12,072 INFO  server.RaftServer$Division (RaftServerImpl.java:<init>(271)) - s1: new RaftServerImpl for group-5CA96AA9335B:[] with ArithmeticStateMachine:uninitialized
2025-05-22 15:25:12,073 INFO  impl.MiniRaftCluster (MiniRaftCluster.java:newRaftServer(396)) - newRaftServer: s2, group-5CA96AA9335B:[], format? true
2025-05-22 15:25:12,074 TRACE util.FileUtils (FileUtils.java:deleteFully(351)) - deleteFully target/test/data/3b356627/MiniRaftClusterWithGrpcde84ffe6/s2
2025-05-22 15:25:12,073 INFO  server.RaftServer$Division (ServerState.java:<init>(114)) - s1@group-5CA96AA9335B: ConfigurationManager, init=conf: {index: -1, cur=peers:[]|listeners:[], old=null}, confs=<EMPTY_MAP>
2025-05-22 15:25:12,074 TRACE util.FileUtils (FileUtils.java:deleteFully(364)) - deleteFully: target/test/data/3b356627/MiniRaftClusterWithGrpcde84ffe6/s2 does not exist.
2025-05-22 15:25:12,076 INFO  impl.MiniRaftCluster (MiniRaftCluster.java:newRaftServer(401)) - Formatted directory target/test/data/3b356627/MiniRaftClusterWithGrpcde84ffe6/s2
2025-05-22 15:25:12,077 INFO  grpc.GrpcConfigKeys (ConfUtils.java:logFallback(69)) - raft.grpc.admin.host = null (fallback to raft.grpc.server.host)
2025-05-22 15:25:12,077 INFO  grpc.GrpcConfigKeys (ConfUtils.java:logFallback(69)) - raft.grpc.admin.port = 15002 (fallback to raft.grpc.server.port)
2025-05-22 15:25:12,078 INFO  grpc.GrpcConfigKeys (ConfUtils.java:logFallback(69)) - raft.grpc.client.host = null (fallback to raft.grpc.server.host)
2025-05-22 15:25:12,078 INFO  grpc.GrpcConfigKeys (ConfUtils.java:logFallback(69)) - raft.grpc.client.port = 15002 (fallback to raft.grpc.server.port)
2025-05-22 15:25:12,078 INFO  grpc.GrpcConfigKeys (ConfUtils.java:logGet(62)) - raft.grpc.server.port = 15002 (custom)
2025-05-22 15:25:12,079 INFO  server.RaftServerConfigKeys (ConfUtils.java:logGet(62)) - raft.server.storage.dir = [/home/runner/work/ratis/ratis/ratis-examples/target/test/data/3b356627/MiniRaftClusterWithGrpcde84ffe6/s2] (custom)
2025-05-22 15:25:12,080 INFO  server.RaftServer (RaftServerProxy.java:addNew(106)) - s2: addNew group-5CA96AA9335B:[] returns group-5CA96AA9335B:java.util.concurrent.CompletableFuture@23d060c2[Not completed]
2025-05-22 15:25:12,080 INFO  impl.MiniRaftCluster (MiniRaftCluster.java:newRaftServer(396)) - newRaftServer: s3, group-5CA96AA9335B:[], format? true
2025-05-22 15:25:12,081 TRACE util.FileUtils (FileUtils.java:deleteFully(351)) - deleteFully target/test/data/3b356627/MiniRaftClusterWithGrpcde84ffe6/s3
2025-05-22 15:25:12,081 TRACE util.FileUtils (FileUtils.java:deleteFully(364)) - deleteFully: target/test/data/3b356627/MiniRaftClusterWithGrpcde84ffe6/s3 does not exist.
2025-05-22 15:25:12,082 INFO  impl.MiniRaftCluster (MiniRaftCluster.java:newRaftServer(401)) - Formatted directory target/test/data/3b356627/MiniRaftClusterWithGrpcde84ffe6/s3
2025-05-22 15:25:12,080 INFO  server.RaftServer$Division (RaftServerImpl.java:<init>(271)) - s2: new RaftServerImpl for group-5CA96AA9335B:[] with ArithmeticStateMachine:uninitialized
2025-05-22 15:25:12,082 INFO  server.RaftServer$Division (ServerState.java:<init>(114)) - s2@group-5CA96AA9335B: ConfigurationManager, init=conf: {index: -1, cur=peers:[]|listeners:[], old=null}, confs=<EMPTY_MAP>
2025-05-22 15:25:12,083 INFO  grpc.GrpcConfigKeys (ConfUtils.java:logFallback(69)) - raft.grpc.admin.host = null (fallback to raft.grpc.server.host)
2025-05-22 15:25:12,084 INFO  grpc.GrpcConfigKeys (ConfUtils.java:logFallback(69)) - raft.grpc.admin.port = 15003 (fallback to raft.grpc.server.port)
2025-05-22 15:25:12,084 INFO  grpc.GrpcConfigKeys (ConfUtils.java:logFallback(69)) - raft.grpc.client.host = null (fallback to raft.grpc.server.host)
2025-05-22 15:25:12,084 INFO  grpc.GrpcConfigKeys (ConfUtils.java:logFallback(69)) - raft.grpc.client.port = 15003 (fallback to raft.grpc.server.port)
2025-05-22 15:25:12,085 INFO  grpc.GrpcConfigKeys (ConfUtils.java:logGet(62)) - raft.grpc.server.port = 15003 (custom)
2025-05-22 15:25:12,087 INFO  server.RaftServerConfigKeys (ConfUtils.java:logGet(62)) - raft.server.storage.dir = [/home/runner/work/ratis/ratis/ratis-examples/target/test/data/3b356627/MiniRaftClusterWithGrpcde84ffe6/s3] (custom)
2025-05-22 15:25:12,088 INFO  server.RaftServer (RaftServerProxy.java:addNew(106)) - s3: addNew group-5CA96AA9335B:[] returns group-5CA96AA9335B:java.util.concurrent.CompletableFuture@13c18bba[Not completed]
2025-05-22 15:25:12,088 INFO  impl.MiniRaftCluster (MiniRaftCluster.java:newRaftServer(396)) - newRaftServer: s4, group-5CA96AA9335B:[], format? true
2025-05-22 15:25:12,088 TRACE util.FileUtils (FileUtils.java:deleteFully(351)) - deleteFully target/test/data/3b356627/MiniRaftClusterWithGrpcde84ffe6/s4
2025-05-22 15:25:12,089 TRACE util.FileUtils (FileUtils.java:deleteFully(364)) - deleteFully: target/test/data/3b356627/MiniRaftClusterWithGrpcde84ffe6/s4 does not exist.
2025-05-22 15:25:12,089 INFO  impl.MiniRaftCluster (MiniRaftCluster.java:newRaftServer(401)) - Formatted directory target/test/data/3b356627/MiniRaftClusterWithGrpcde84ffe6/s4
2025-05-22 15:25:12,089 INFO  grpc.GrpcConfigKeys (ConfUtils.java:logFallback(69)) - raft.grpc.admin.host = null (fallback to raft.grpc.server.host)
2025-05-22 15:25:12,090 INFO  grpc.GrpcConfigKeys (ConfUtils.java:logFallback(69)) - raft.grpc.admin.port = 15004 (fallback to raft.grpc.server.port)
2025-05-22 15:25:12,090 INFO  grpc.GrpcConfigKeys (ConfUtils.java:logFallback(69)) - raft.grpc.client.host = null (fallback to raft.grpc.server.host)
2025-05-22 15:25:12,090 INFO  grpc.GrpcConfigKeys (ConfUtils.java:logFallback(69)) - raft.grpc.client.port = 15004 (fallback to raft.grpc.server.port)
2025-05-22 15:25:12,090 INFO  grpc.GrpcConfigKeys (ConfUtils.java:logGet(62)) - raft.grpc.server.port = 15004 (custom)
2025-05-22 15:25:12,088 INFO  server.RaftServer$Division (RaftServerImpl.java:<init>(271)) - s3: new RaftServerImpl for group-5CA96AA9335B:[] with ArithmeticStateMachine:uninitialized
2025-05-22 15:25:12,091 INFO  server.RaftServer$Division (ServerState.java:<init>(114)) - s3@group-5CA96AA9335B: ConfigurationManager, init=conf: {index: -1, cur=peers:[]|listeners:[], old=null}, confs=<EMPTY_MAP>
2025-05-22 15:25:12,092 INFO  server.RaftServerConfigKeys (ConfUtils.java:logGet(62)) - raft.server.storage.dir = [/home/runner/work/ratis/ratis/ratis-examples/target/test/data/3b356627/MiniRaftClusterWithGrpcde84ffe6/s4] (custom)
2025-05-22 15:25:12,093 INFO  server.RaftServer (RaftServerProxy.java:addNew(106)) - s4: addNew group-5CA96AA9335B:[] returns group-5CA96AA9335B:java.util.concurrent.CompletableFuture@44d84313[Not completed]
2025-05-22 15:25:12,093 INFO  impl.MiniRaftCluster (MiniRaftCluster.java:newRaftServer(396)) - newRaftServer: s5, group-5CA96AA9335B:[], format? true
2025-05-22 15:25:12,093 TRACE util.FileUtils (FileUtils.java:deleteFully(351)) - deleteFully target/test/data/3b356627/MiniRaftClusterWithGrpcde84ffe6/s5
2025-05-22 15:25:12,094 TRACE util.FileUtils (FileUtils.java:deleteFully(364)) - deleteFully: target/test/data/3b356627/MiniRaftClusterWithGrpcde84ffe6/s5 does not exist.
2025-05-22 15:25:12,094 INFO  impl.MiniRaftCluster (MiniRaftCluster.java:newRaftServer(401)) - Formatted directory target/test/data/3b356627/MiniRaftClusterWithGrpcde84ffe6/s5
2025-05-22 15:25:12,094 INFO  grpc.GrpcConfigKeys (ConfUtils.java:logFallback(69)) - raft.grpc.admin.host = null (fallback to raft.grpc.server.host)
2025-05-22 15:25:12,095 INFO  grpc.GrpcConfigKeys (ConfUtils.java:logFallback(69)) - raft.grpc.admin.port = 15005 (fallback to raft.grpc.server.port)
2025-05-22 15:25:12,095 INFO  grpc.GrpcConfigKeys (ConfUtils.java:logFallback(69)) - raft.grpc.client.host = null (fallback to raft.grpc.server.host)
2025-05-22 15:25:12,095 INFO  grpc.GrpcConfigKeys (ConfUtils.java:logFallback(69)) - raft.grpc.client.port = 15005 (fallback to raft.grpc.server.port)
2025-05-22 15:25:12,095 INFO  grpc.GrpcConfigKeys (ConfUtils.java:logGet(62)) - raft.grpc.server.port = 15005 (custom)
2025-05-22 15:25:12,096 INFO  server.RaftServer$Division (RaftServerImpl.java:<init>(271)) - s4: new RaftServerImpl for group-5CA96AA9335B:[] with ArithmeticStateMachine:uninitialized
2025-05-22 15:25:12,096 INFO  server.RaftServer$Division (ServerState.java:<init>(114)) - s4@group-5CA96AA9335B: ConfigurationManager, init=conf: {index: -1, cur=peers:[]|listeners:[], old=null}, confs=<EMPTY_MAP>
2025-05-22 15:25:12,098 INFO  server.RaftServerConfigKeys (ConfUtils.java:logGet(62)) - raft.server.storage.dir = [/home/runner/work/ratis/ratis/ratis-examples/target/test/data/3b356627/MiniRaftClusterWithGrpcde84ffe6/s5] (custom)
2025-05-22 15:25:12,100 INFO  server.RaftServer (RaftServerProxy.java:addNew(106)) - s5: addNew group-5CA96AA9335B:[] returns group-5CA96AA9335B:java.util.concurrent.CompletableFuture@31204303[Not completed]
2025-05-22 15:25:12,100 INFO  impl.MiniRaftCluster (MiniRaftCluster.java:newRaftServer(396)) - newRaftServer: s6, group-5CA96AA9335B:[], format? true
2025-05-22 15:25:12,100 TRACE util.FileUtils (FileUtils.java:deleteFully(351)) - deleteFully target/test/data/3b356627/MiniRaftClusterWithGrpcde84ffe6/s6
2025-05-22 15:25:12,100 INFO  server.RaftServer$Division (RaftServerImpl.java:<init>(271)) - s5: new RaftServerImpl for group-5CA96AA9335B:[] with ArithmeticStateMachine:uninitialized
2025-05-22 15:25:12,101 INFO  server.RaftServer$Division (ServerState.java:<init>(114)) - s5@group-5CA96AA9335B: ConfigurationManager, init=conf: {index: -1, cur=peers:[]|listeners:[], old=null}, confs=<EMPTY_MAP>
2025-05-22 15:25:12,100 TRACE util.FileUtils (FileUtils.java:deleteFully(364)) - deleteFully: target/test/data/3b356627/MiniRaftClusterWithGrpcde84ffe6/s6 does not exist.
2025-05-22 15:25:12,102 INFO  impl.MiniRaftCluster (MiniRaftCluster.java:newRaftServer(401)) - Formatted directory target/test/data/3b356627/MiniRaftClusterWithGrpcde84ffe6/s6
2025-05-22 15:25:12,102 INFO  grpc.GrpcConfigKeys (ConfUtils.java:logFallback(69)) - raft.grpc.admin.host = null (fallback to raft.grpc.server.host)
2025-05-22 15:25:12,103 INFO  grpc.GrpcConfigKeys (ConfUtils.java:logFallback(69)) - raft.grpc.admin.port = 15006 (fallback to raft.grpc.server.port)
2025-05-22 15:25:12,103 INFO  grpc.GrpcConfigKeys (ConfUtils.java:logFallback(69)) - raft.grpc.client.host = null (fallback to raft.grpc.server.host)
2025-05-22 15:25:12,103 INFO  grpc.GrpcConfigKeys (ConfUtils.java:logFallback(69)) - raft.grpc.client.port = 15006 (fallback to raft.grpc.server.port)
2025-05-22 15:25:12,103 INFO  grpc.GrpcConfigKeys (ConfUtils.java:logGet(62)) - raft.grpc.server.port = 15006 (custom)
2025-05-22 15:25:12,104 INFO  server.RaftServerConfigKeys (ConfUtils.java:logGet(62)) - raft.server.storage.dir = [/home/runner/work/ratis/ratis/ratis-examples/target/test/data/3b356627/MiniRaftClusterWithGrpcde84ffe6/s6] (custom)
2025-05-22 15:25:12,105 INFO  server.RaftServer (RaftServerProxy.java:addNew(106)) - s6: addNew group-5CA96AA9335B:[] returns group-5CA96AA9335B:java.util.concurrent.CompletableFuture@d08f85a[Not completed]
2025-05-22 15:25:12,106 INFO  impl.MiniRaftCluster (MiniRaftCluster.java:newRaftServer(396)) - newRaftServer: s7, group-5CA96AA9335B:[], format? true
2025-05-22 15:25:12,105 INFO  server.RaftServer$Division (RaftServerImpl.java:<init>(271)) - s6: new RaftServerImpl for group-5CA96AA9335B:[] with ArithmeticStateMachine:uninitialized
2025-05-22 15:25:12,106 INFO  server.RaftServer$Division (ServerState.java:<init>(114)) - s6@group-5CA96AA9335B: ConfigurationManager, init=conf: {index: -1, cur=peers:[]|listeners:[], old=null}, confs=<EMPTY_MAP>
2025-05-22 15:25:12,107 TRACE util.FileUtils (FileUtils.java:deleteFully(351)) - deleteFully target/test/data/3b356627/MiniRaftClusterWithGrpcde84ffe6/s7
2025-05-22 15:25:12,107 TRACE util.FileUtils (FileUtils.java:deleteFully(364)) - deleteFully: target/test/data/3b356627/MiniRaftClusterWithGrpcde84ffe6/s7 does not exist.
2025-05-22 15:25:12,108 INFO  impl.MiniRaftCluster (MiniRaftCluster.java:newRaftServer(401)) - Formatted directory target/test/data/3b356627/MiniRaftClusterWithGrpcde84ffe6/s7
2025-05-22 15:25:12,108 INFO  grpc.GrpcConfigKeys (ConfUtils.java:logFallback(69)) - raft.grpc.admin.host = null (fallback to raft.grpc.server.host)
2025-05-22 15:25:12,108 INFO  grpc.GrpcConfigKeys (ConfUtils.java:logFallback(69)) - raft.grpc.admin.port = 15007 (fallback to raft.grpc.server.port)
2025-05-22 15:25:12,108 INFO  grpc.GrpcConfigKeys (ConfUtils.java:logFallback(69)) - raft.grpc.client.host = null (fallback to raft.grpc.server.host)
2025-05-22 15:25:12,109 INFO  grpc.GrpcConfigKeys (ConfUtils.java:logFallback(69)) - raft.grpc.client.port = 15007 (fallback to raft.grpc.server.port)
2025-05-22 15:25:12,109 INFO  grpc.GrpcConfigKeys (ConfUtils.java:logGet(62)) - raft.grpc.server.port = 15007 (custom)
2025-05-22 15:25:12,110 INFO  server.RaftServerConfigKeys (ConfUtils.java:logGet(62)) - raft.server.storage.dir = [/home/runner/work/ratis/ratis/ratis-examples/target/test/data/3b356627/MiniRaftClusterWithGrpcde84ffe6/s7] (custom)
2025-05-22 15:25:12,111 INFO  server.RaftServer (RaftServerProxy.java:addNew(106)) - s7: addNew group-5CA96AA9335B:[] returns group-5CA96AA9335B:java.util.concurrent.CompletableFuture@2919aff3[Not completed]
2025-05-22 15:25:12,111 INFO  impl.MiniRaftCluster (MiniRaftCluster.java:newRaftServer(396)) - newRaftServer: s8, group-5CA96AA9335B:[], format? true
2025-05-22 15:25:12,111 TRACE util.FileUtils (FileUtils.java:deleteFully(351)) - deleteFully target/test/data/3b356627/MiniRaftClusterWithGrpcde84ffe6/s8
2025-05-22 15:25:12,111 TRACE util.FileUtils (FileUtils.java:deleteFully(364)) - deleteFully: target/test/data/3b356627/MiniRaftClusterWithGrpcde84ffe6/s8 does not exist.
2025-05-22 15:25:12,112 INFO  impl.MiniRaftCluster (MiniRaftCluster.java:newRaftServer(401)) - Formatted directory target/test/data/3b356627/MiniRaftClusterWithGrpcde84ffe6/s8
2025-05-22 15:25:12,112 INFO  grpc.GrpcConfigKeys (ConfUtils.java:logFallback(69)) - raft.grpc.admin.host = null (fallback to raft.grpc.server.host)
2025-05-22 15:25:12,112 INFO  grpc.GrpcConfigKeys (ConfUtils.java:logFallback(69)) - raft.grpc.admin.port = 15008 (fallback to raft.grpc.server.port)
2025-05-22 15:25:12,113 INFO  server.RaftServer$Division (RaftServerImpl.java:<init>(271)) - s7: new RaftServerImpl for group-5CA96AA9335B:[] with ArithmeticStateMachine:uninitialized
2025-05-22 15:25:12,113 INFO  server.RaftServer$Division (ServerState.java:<init>(114)) - s7@group-5CA96AA9335B: ConfigurationManager, init=conf: {index: -1, cur=peers:[]|listeners:[], old=null}, confs=<EMPTY_MAP>
2025-05-22 15:25:12,113 INFO  grpc.GrpcConfigKeys (ConfUtils.java:logFallback(69)) - raft.grpc.client.host = null (fallback to raft.grpc.server.host)
2025-05-22 15:25:12,114 INFO  grpc.GrpcConfigKeys (ConfUtils.java:logFallback(69)) - raft.grpc.client.port = 15008 (fallback to raft.grpc.server.port)
2025-05-22 15:25:12,115 INFO  grpc.GrpcConfigKeys (ConfUtils.java:logGet(62)) - raft.grpc.server.port = 15008 (custom)
2025-05-22 15:25:12,116 INFO  server.RaftServerConfigKeys (ConfUtils.java:logGet(62)) - raft.server.storage.dir = [/home/runner/work/ratis/ratis/ratis-examples/target/test/data/3b356627/MiniRaftClusterWithGrpcde84ffe6/s8] (custom)
2025-05-22 15:25:12,116 INFO  server.RaftServer (RaftServerProxy.java:addNew(106)) - s8: addNew group-5CA96AA9335B:[] returns group-5CA96AA9335B:java.util.concurrent.CompletableFuture@696298ea[Not completed]
2025-05-22 15:25:12,117 INFO  impl.MiniRaftCluster (MiniRaftCluster.java:newRaftServer(396)) - newRaftServer: s9, group-5CA96AA9335B:[], format? true
2025-05-22 15:25:12,117 TRACE util.FileUtils (FileUtils.java:deleteFully(351)) - deleteFully target/test/data/3b356627/MiniRaftClusterWithGrpcde84ffe6/s9
2025-05-22 15:25:12,117 TRACE util.FileUtils (FileUtils.java:deleteFully(364)) - deleteFully: target/test/data/3b356627/MiniRaftClusterWithGrpcde84ffe6/s9 does not exist.
2025-05-22 15:25:12,117 INFO  impl.MiniRaftCluster (MiniRaftCluster.java:newRaftServer(401)) - Formatted directory target/test/data/3b356627/MiniRaftClusterWithGrpcde84ffe6/s9
2025-05-22 15:25:12,118 INFO  grpc.GrpcConfigKeys (ConfUtils.java:logFallback(69)) - raft.grpc.admin.host = null (fallback to raft.grpc.server.host)
2025-05-22 15:25:12,118 INFO  grpc.GrpcConfigKeys (ConfUtils.java:logFallback(69)) - raft.grpc.admin.port = 15009 (fallback to raft.grpc.server.port)
2025-05-22 15:25:12,118 INFO  grpc.GrpcConfigKeys (ConfUtils.java:logFallback(69)) - raft.grpc.client.host = null (fallback to raft.grpc.server.host)
2025-05-22 15:25:12,119 INFO  grpc.GrpcConfigKeys (ConfUtils.java:logFallback(69)) - raft.grpc.client.port = 15009 (fallback to raft.grpc.server.port)
2025-05-22 15:25:12,119 INFO  server.RaftServer$Division (RaftServerImpl.java:<init>(271)) - s8: new RaftServerImpl for group-5CA96AA9335B:[] with ArithmeticStateMachine:uninitialized
2025-05-22 15:25:12,119 INFO  server.RaftServer$Division (ServerState.java:<init>(114)) - s8@group-5CA96AA9335B: ConfigurationManager, init=conf: {index: -1, cur=peers:[]|listeners:[], old=null}, confs=<EMPTY_MAP>
2025-05-22 15:25:12,120 INFO  grpc.GrpcConfigKeys (ConfUtils.java:logGet(62)) - raft.grpc.server.port = 15009 (custom)
2025-05-22 15:25:12,121 INFO  server.RaftServerConfigKeys (ConfUtils.java:logGet(62)) - raft.server.storage.dir = [/home/runner/work/ratis/ratis/ratis-examples/target/test/data/3b356627/MiniRaftClusterWithGrpcde84ffe6/s9] (custom)
2025-05-22 15:25:12,121 INFO  server.RaftServer (RaftServerProxy.java:addNew(106)) - s9: addNew group-5CA96AA9335B:[] returns group-5CA96AA9335B:java.util.concurrent.CompletableFuture@9d2af36[Not completed]
2025-05-22 15:25:12,122 INFO  server.RaftServer$Division (RaftServerImpl.java:<init>(271)) - s9: new RaftServerImpl for group-5CA96AA9335B:[] with ArithmeticStateMachine:uninitialized
2025-05-22 15:25:12,122 INFO  server.RaftServer$Division (ServerState.java:<init>(114)) - s9@group-5CA96AA9335B: ConfigurationManager, init=conf: {index: -1, cur=peers:[]|listeners:[], old=null}, confs=<EMPTY_MAP>
2025-05-22 15:25:12,122 INFO  impl.MiniRaftCluster (MiniRaftCluster.java:newRaftServer(396)) - newRaftServer: s10, group-5CA96AA9335B:[], format? true
2025-05-22 15:25:12,122 TRACE util.FileUtils (FileUtils.java:deleteFully(351)) - deleteFully target/test/data/3b356627/MiniRaftClusterWithGrpcde84ffe6/s10
2025-05-22 15:25:12,123 TRACE util.FileUtils (FileUtils.java:deleteFully(364)) - deleteFully: target/test/data/3b356627/MiniRaftClusterWithGrpcde84ffe6/s10 does not exist.
2025-05-22 15:25:12,123 INFO  impl.MiniRaftCluster (MiniRaftCluster.java:newRaftServer(401)) - Formatted directory target/test/data/3b356627/MiniRaftClusterWithGrpcde84ffe6/s10
2025-05-22 15:25:12,123 INFO  grpc.GrpcConfigKeys (ConfUtils.java:logFallback(69)) - raft.grpc.admin.host = null (fallback to raft.grpc.server.host)
2025-05-22 15:25:12,124 INFO  grpc.GrpcConfigKeys (ConfUtils.java:logFallback(69)) - raft.grpc.admin.port = 15010 (fallback to raft.grpc.server.port)
2025-05-22 15:25:12,124 INFO  grpc.GrpcConfigKeys (ConfUtils.java:logFallback(69)) - raft.grpc.client.host = null (fallback to raft.grpc.server.host)
2025-05-22 15:25:12,124 INFO  grpc.GrpcConfigKeys (ConfUtils.java:logFallback(69)) - raft.grpc.client.port = 15010 (fallback to raft.grpc.server.port)
2025-05-22 15:25:12,124 INFO  grpc.GrpcConfigKeys (ConfUtils.java:logGet(62)) - raft.grpc.server.port = 15010 (custom)
2025-05-22 15:25:12,125 INFO  server.RaftServerConfigKeys (ConfUtils.java:logGet(62)) - raft.server.storage.dir = [/home/runner/work/ratis/ratis/ratis-examples/target/test/data/3b356627/MiniRaftClusterWithGrpcde84ffe6/s10] (custom)
2025-05-22 15:25:12,126 INFO  server.RaftServer (RaftServerProxy.java:addNew(106)) - s10: addNew group-5CA96AA9335B:[] returns group-5CA96AA9335B:java.util.concurrent.CompletableFuture@71d0b8a4[Not completed]
2025-05-22 15:25:12,126 INFO  impl.MiniRaftCluster (MiniRaftCluster.java:newRaftServer(396)) - newRaftServer: s11, group-5CA96AA9335B:[], format? true
2025-05-22 15:25:12,126 TRACE util.FileUtils (FileUtils.java:deleteFully(351)) - deleteFully target/test/data/3b356627/MiniRaftClusterWithGrpcde84ffe6/s11
2025-05-22 15:25:12,126 INFO  server.RaftServer$Division (RaftServerImpl.java:<init>(271)) - s10: new RaftServerImpl for group-5CA96AA9335B:[] with ArithmeticStateMachine:uninitialized
2025-05-22 15:25:12,127 TRACE util.FileUtils (FileUtils.java:deleteFully(364)) - deleteFully: target/test/data/3b356627/MiniRaftClusterWithGrpcde84ffe6/s11 does not exist.
2025-05-22 15:25:12,127 INFO  impl.MiniRaftCluster (MiniRaftCluster.java:newRaftServer(401)) - Formatted directory target/test/data/3b356627/MiniRaftClusterWithGrpcde84ffe6/s11
2025-05-22 15:25:12,127 INFO  server.RaftServer$Division (ServerState.java:<init>(114)) - s10@group-5CA96AA9335B: ConfigurationManager, init=conf: {index: -1, cur=peers:[]|listeners:[], old=null}, confs=<EMPTY_MAP>
2025-05-22 15:25:12,127 INFO  grpc.GrpcConfigKeys (ConfUtils.java:logFallback(69)) - raft.grpc.admin.host = null (fallback to raft.grpc.server.host)
2025-05-22 15:25:12,128 INFO  grpc.GrpcConfigKeys (ConfUtils.java:logFallback(69)) - raft.grpc.admin.port = 15011 (fallback to raft.grpc.server.port)
2025-05-22 15:25:12,128 INFO  grpc.GrpcConfigKeys (ConfUtils.java:logFallback(69)) - raft.grpc.client.host = null (fallback to raft.grpc.server.host)
2025-05-22 15:25:12,128 INFO  grpc.GrpcConfigKeys (ConfUtils.java:logFallback(69)) - raft.grpc.client.port = 15011 (fallback to raft.grpc.server.port)
2025-05-22 15:25:12,128 INFO  grpc.GrpcConfigKeys (ConfUtils.java:logGet(62)) - raft.grpc.server.port = 15011 (custom)
2025-05-22 15:25:12,130 INFO  server.RaftServerConfigKeys (ConfUtils.java:logGet(62)) - raft.server.storage.dir = [/home/runner/work/ratis/ratis/ratis-examples/target/test/data/3b356627/MiniRaftClusterWithGrpcde84ffe6/s11] (custom)
2025-05-22 15:25:12,130 INFO  server.RaftServer (RaftServerProxy.java:addNew(106)) - s11: addNew group-5CA96AA9335B:[] returns group-5CA96AA9335B:java.util.concurrent.CompletableFuture@3eadad14[Not completed]
2025-05-22 15:25:12,130 INFO  server.RaftServer$Division (RaftServerImpl.java:<init>(271)) - s11: new RaftServerImpl for group-5CA96AA9335B:[] with ArithmeticStateMachine:uninitialized
2025-05-22 15:25:12,130 INFO  impl.MiniRaftCluster (MiniRaftCluster.java:newRaftServer(396)) - newRaftServer: s12, group-5CA96AA9335B:[], format? true
2025-05-22 15:25:12,131 TRACE util.FileUtils (FileUtils.java:deleteFully(351)) - deleteFully target/test/data/3b356627/MiniRaftClusterWithGrpcde84ffe6/s12
2025-05-22 15:25:12,131 INFO  server.RaftServer$Division (ServerState.java:<init>(114)) - s11@group-5CA96AA9335B: ConfigurationManager, init=conf: {index: -1, cur=peers:[]|listeners:[], old=null}, confs=<EMPTY_MAP>
2025-05-22 15:25:12,131 TRACE util.FileUtils (FileUtils.java:deleteFully(364)) - deleteFully: target/test/data/3b356627/MiniRaftClusterWithGrpcde84ffe6/s12 does not exist.
2025-05-22 15:25:12,132 INFO  impl.MiniRaftCluster (MiniRaftCluster.java:newRaftServer(401)) - Formatted directory target/test/data/3b356627/MiniRaftClusterWithGrpcde84ffe6/s12
2025-05-22 15:25:12,132 INFO  grpc.GrpcConfigKeys (ConfUtils.java:logFallback(69)) - raft.grpc.admin.host = null (fallback to raft.grpc.server.host)
2025-05-22 15:25:12,132 INFO  grpc.GrpcConfigKeys (ConfUtils.java:logFallback(69)) - raft.grpc.admin.port = 15012 (fallback to raft.grpc.server.port)
2025-05-22 15:25:12,133 INFO  grpc.GrpcConfigKeys (ConfUtils.java:logFallback(69)) - raft.grpc.client.host = null (fallback to raft.grpc.server.host)
2025-05-22 15:25:12,133 INFO  grpc.GrpcConfigKeys (ConfUtils.java:logFallback(69)) - raft.grpc.client.port = 15012 (fallback to raft.grpc.server.port)
2025-05-22 15:25:12,133 INFO  grpc.GrpcConfigKeys (ConfUtils.java:logGet(62)) - raft.grpc.server.port = 15012 (custom)
2025-05-22 15:25:12,134 INFO  server.RaftServerConfigKeys (ConfUtils.java:logGet(62)) - raft.server.storage.dir = [/home/runner/work/ratis/ratis/ratis-examples/target/test/data/3b356627/MiniRaftClusterWithGrpcde84ffe6/s12] (custom)
2025-05-22 15:25:12,135 INFO  server.RaftServer (RaftServerProxy.java:addNew(106)) - s12: addNew group-5CA96AA9335B:[] returns group-5CA96AA9335B:java.util.concurrent.CompletableFuture@61bf405d[Not completed]
2025-05-22 15:25:12,135 INFO  impl.MiniRaftCluster (MiniRaftCluster.java:newRaftServer(396)) - newRaftServer: s13, group-5CA96AA9335B:[], format? true
2025-05-22 15:25:12,135 TRACE util.FileUtils (FileUtils.java:deleteFully(351)) - deleteFully target/test/data/3b356627/MiniRaftClusterWithGrpcde84ffe6/s13
2025-05-22 15:25:12,136 TRACE util.FileUtils (FileUtils.java:deleteFully(364)) - deleteFully: target/test/data/3b356627/MiniRaftClusterWithGrpcde84ffe6/s13 does not exist.
2025-05-22 15:25:12,136 INFO  impl.MiniRaftCluster (MiniRaftCluster.java:newRaftServer(401)) - Formatted directory target/test/data/3b356627/MiniRaftClusterWithGrpcde84ffe6/s13
2025-05-22 15:25:12,135 INFO  server.RaftServer$Division (RaftServerImpl.java:<init>(271)) - s12: new RaftServerImpl for group-5CA96AA9335B:[] with ArithmeticStateMachine:uninitialized
2025-05-22 15:25:12,137 INFO  server.RaftServer$Division (ServerState.java:<init>(114)) - s12@group-5CA96AA9335B: ConfigurationManager, init=conf: {index: -1, cur=peers:[]|listeners:[], old=null}, confs=<EMPTY_MAP>
2025-05-22 15:25:12,136 INFO  grpc.GrpcConfigKeys (ConfUtils.java:logFallback(69)) - raft.grpc.admin.host = null (fallback to raft.grpc.server.host)
2025-05-22 15:25:12,138 INFO  grpc.GrpcConfigKeys (ConfUtils.java:logFallback(69)) - raft.grpc.admin.port = 15013 (fallback to raft.grpc.server.port)
2025-05-22 15:25:12,138 INFO  grpc.GrpcConfigKeys (ConfUtils.java:logFallback(69)) - raft.grpc.client.host = null (fallback to raft.grpc.server.host)
2025-05-22 15:25:12,139 INFO  grpc.GrpcConfigKeys (ConfUtils.java:logFallback(69)) - raft.grpc.client.port = 15013 (fallback to raft.grpc.server.port)
2025-05-22 15:25:12,139 INFO  grpc.GrpcConfigKeys (ConfUtils.java:logGet(62)) - raft.grpc.server.port = 15013 (custom)
2025-05-22 15:25:12,140 INFO  server.RaftServerConfigKeys (ConfUtils.java:logGet(62)) - raft.server.storage.dir = [/home/runner/work/ratis/ratis/ratis-examples/target/test/data/3b356627/MiniRaftClusterWithGrpcde84ffe6/s13] (custom)
2025-05-22 15:25:12,140 INFO  server.RaftServer (RaftServerProxy.java:addNew(106)) - s13: addNew group-5CA96AA9335B:[] returns group-5CA96AA9335B:java.util.concurrent.CompletableFuture@5d6b5d3d[Not completed]
2025-05-22 15:25:12,141 INFO  impl.MiniRaftCluster (MiniRaftCluster.java:newRaftServer(396)) - newRaftServer: s14, group-5CA96AA9335B:[], format? true
2025-05-22 15:25:12,141 TRACE util.FileUtils (FileUtils.java:deleteFully(351)) - deleteFully target/test/data/3b356627/MiniRaftClusterWithGrpcde84ffe6/s14
2025-05-22 15:25:12,141 INFO  server.RaftServer$Division (RaftServerImpl.java:<init>(271)) - s13: new RaftServerImpl for group-5CA96AA9335B:[] with ArithmeticStateMachine:uninitialized
2025-05-22 15:25:12,141 TRACE util.FileUtils (FileUtils.java:deleteFully(364)) - deleteFully: target/test/data/3b356627/MiniRaftClusterWithGrpcde84ffe6/s14 does not exist.
2025-05-22 15:25:12,142 INFO  impl.MiniRaftCluster (MiniRaftCluster.java:newRaftServer(401)) - Formatted directory target/test/data/3b356627/MiniRaftClusterWithGrpcde84ffe6/s14
2025-05-22 15:25:12,141 INFO  server.RaftServer$Division (ServerState.java:<init>(114)) - s13@group-5CA96AA9335B: ConfigurationManager, init=conf: {index: -1, cur=peers:[]|listeners:[], old=null}, confs=<EMPTY_MAP>
2025-05-22 15:25:12,142 INFO  grpc.GrpcConfigKeys (ConfUtils.java:logFallback(69)) - raft.grpc.admin.host = null (fallback to raft.grpc.server.host)
2025-05-22 15:25:12,142 INFO  grpc.GrpcConfigKeys (ConfUtils.java:logFallback(69)) - raft.grpc.admin.port = 15014 (fallback to raft.grpc.server.port)
2025-05-22 15:25:12,142 INFO  grpc.GrpcConfigKeys (ConfUtils.java:logFallback(69)) - raft.grpc.client.host = null (fallback to raft.grpc.server.host)
2025-05-22 15:25:12,143 INFO  grpc.GrpcConfigKeys (ConfUtils.java:logFallback(69)) - raft.grpc.client.port = 15014 (fallback to raft.grpc.server.port)
2025-05-22 15:25:12,143 INFO  grpc.GrpcConfigKeys (ConfUtils.java:logGet(62)) - raft.grpc.server.port = 15014 (custom)
2025-05-22 15:25:12,144 INFO  server.RaftServerConfigKeys (ConfUtils.java:logGet(62)) - raft.server.storage.dir = [/home/runner/work/ratis/ratis/ratis-examples/target/test/data/3b356627/MiniRaftClusterWithGrpcde84ffe6/s14] (custom)
2025-05-22 15:25:12,145 INFO  server.RaftServer (RaftServerProxy.java:addNew(106)) - s14: addNew group-5CA96AA9335B:[] returns group-5CA96AA9335B:java.util.concurrent.CompletableFuture@2cacd55e[Not completed]
2025-05-22 15:25:12,147 INFO  impl.GroupManagementBaseTest (GroupManagementBaseTest.java:runMultiGroupTest(262)) - putNewServer: printing ALL groups
  s3:      NEW      null (NEW): s3@group-5CA96AA9335B:t0, leader=null, voted=null, raftlog=UNINITIALIZED, conf=conf: {index: -1, cur=peers:[]|listeners:[], old=null}
  s4:      NEW      null (NEW): s4@group-5CA96AA9335B:t0, leader=null, voted=null, raftlog=UNINITIALIZED, conf=conf: {index: -1, cur=peers:[]|listeners:[], old=null}
  s5:      NEW      null (NEW): s5@group-5CA96AA9335B:t0, leader=null, voted=null, raftlog=UNINITIALIZED, conf=conf: {index: -1, cur=peers:[]|listeners:[], old=null}
  s6:      NEW      null (NEW): s6@group-5CA96AA9335B:t0, leader=null, voted=null, raftlog=UNINITIALIZED, conf=conf: {index: -1, cur=peers:[]|listeners:[], old=null}
  s7:      NEW      null (NEW): s7@group-5CA96AA9335B:t0, leader=null, voted=null, raftlog=UNINITIALIZED, conf=conf: {index: -1, cur=peers:[]|listeners:[], old=null}
  s8:      NEW      null (NEW): s8@group-5CA96AA9335B:t0, leader=null, voted=null, raftlog=UNINITIALIZED, conf=conf: {index: -1, cur=peers:[]|listeners:[], old=null}
  s9:      NEW      null (NEW): s9@group-5CA96AA9335B:t0, leader=null, voted=null, raftlog=UNINITIALIZED, conf=conf: {index: -1, cur=peers:[]|listeners:[], old=null}
  s11:      NEW      null (NEW): s11@group-5CA96AA9335B:t0, leader=null, voted=null, raftlog=UNINITIALIZED, conf=conf: {index: -1, cur=peers:[]|listeners:[], old=null}
  s10:      NEW      null (NEW): s10@group-5CA96AA9335B:t0, leader=null, voted=null, raftlog=UNINITIALIZED, conf=conf: {index: -1, cur=peers:[]|listeners:[], old=null}
  s13:      NEW      null (NEW): s13@group-5CA96AA9335B:t0, leader=null, voted=null, raftlog=UNINITIALIZED, conf=conf: {index: -1, cur=peers:[]|listeners:[], old=null}
  s12:      NEW      null (NEW): s12@group-5CA96AA9335B:t0, leader=null, voted=null, raftlog=UNINITIALIZED, conf=conf: {index: -1, cur=peers:[]|listeners:[], old=null}
  s14:      NEW group-5CA96AA9335B:java.util.concurrent.CompletableFuture@2cacd55e[Not completed]
  s0:      NEW      null (NEW): s0@group-5CA96AA9335B:t0, leader=null, voted=null, raftlog=UNINITIALIZED, conf=conf: {index: -1, cur=peers:[]|listeners:[], old=null}
  s1:      NEW      null (NEW): s1@group-5CA96AA9335B:t0, leader=null, voted=null, raftlog=UNINITIALIZED, conf=conf: {index: -1, cur=peers:[]|listeners:[], old=null}
  s2:      NEW      null (NEW): s2@group-5CA96AA9335B:t0, leader=null, voted=null, raftlog=UNINITIALIZED, conf=conf: {index: -1, cur=peers:[]|listeners:[], old=null}
2025-05-22 15:25:12,147 INFO  server.RaftServer$Division (RaftServerImpl.java:<init>(271)) - s14: new RaftServerImpl for group-5CA96AA9335B:[] with ArithmeticStateMachine:uninitialized
2025-05-22 15:25:12,147 INFO  server.RaftServer$Division (ServerState.java:<init>(114)) - s14@group-5CA96AA9335B: ConfigurationManager, init=conf: {index: -1, cur=peers:[]|listeners:[], old=null}, confs=<EMPTY_MAP>
2025-05-22 15:25:13,147 INFO  impl.MiniRaftCluster (MiniRaftCluster.java:start(352)) - .............................................................. 
2025-05-22 15:25:13,148 INFO  impl.MiniRaftCluster (MiniRaftCluster.java:start(353)) - ... 
2025-05-22 15:25:13,148 INFO  impl.MiniRaftCluster (MiniRaftCluster.java:start(354)) - ...     Starting MiniRaftClusterWithGrpc
2025-05-22 15:25:13,148 INFO  impl.MiniRaftCluster (MiniRaftCluster.java:start(355)) - ... 
2025-05-22 15:25:13,148 INFO  impl.MiniRaftCluster (MiniRaftCluster.java:start(356)) - .............................................................. 
2025-05-22 15:25:13,149 INFO  impl.MiniRaftCluster (MiniRaftCluster.java:initServers(331)) - servers = {s3=s3:      NEW      null (NEW): s3@group-5CA96AA9335B:t0, leader=null, voted=null, raftlog=UNINITIALIZED, conf=conf: {index: -1, cur=peers:[]|listeners:[], old=null}, s4=s4:      NEW      null (NEW): s4@group-5CA96AA9335B:t0, leader=null, voted=null, raftlog=UNINITIALIZED, conf=conf: {index: -1, cur=peers:[]|listeners:[], old=null}, s5=s5:      NEW      null (NEW): s5@group-5CA96AA9335B:t0, leader=null, voted=null, raftlog=UNINITIALIZED, conf=conf: {index: -1, cur=peers:[]|listeners:[], old=null}, s6=s6:      NEW      null (NEW): s6@group-5CA96AA9335B:t0, leader=null, voted=null, raftlog=UNINITIALIZED, conf=conf: {index: -1, cur=peers:[]|listeners:[], old=null}, s7=s7:      NEW      null (NEW): s7@group-5CA96AA9335B:t0, leader=null, voted=null, raftlog=UNINITIALIZED, conf=conf: {index: -1, cur=peers:[]|listeners:[], old=null}, s8=s8:      NEW      null (NEW): s8@group-5CA96AA9335B:t0, leader=null, voted=null, raftlog=UNINITIALIZED, conf=conf: {index: -1, cur=peers:[]|listeners:[], old=null}, s9=s9:      NEW      null (NEW): s9@group-5CA96AA9335B:t0, leader=null, voted=null, raftlog=UNINITIALIZED, conf=conf: {index: -1, cur=peers:[]|listeners:[], old=null}, s11=s11:      NEW      null (NEW): s11@group-5CA96AA9335B:t0, leader=null, voted=null, raftlog=UNINITIALIZED, conf=conf: {index: -1, cur=peers:[]|listeners:[], old=null}, s10=s10:      NEW      null (NEW): s10@group-5CA96AA9335B:t0, leader=null, voted=null, raftlog=UNINITIALIZED, conf=conf: {index: -1, cur=peers:[]|listeners:[], old=null}, s13=s13:      NEW      null (NEW): s13@group-5CA96AA9335B:t0, leader=null, voted=null, raftlog=UNINITIALIZED, conf=conf: {index: -1, cur=peers:[]|listeners:[], old=null}, s12=s12:      NEW      null (NEW): s12@group-5CA96AA9335B:t0, leader=null, voted=null, raftlog=UNINITIALIZED, conf=conf: {index: -1, cur=peers:[]|listeners:[], old=null}, s14=s14:      NEW      null (NEW): s14@group-5CA96AA9335B:t0, leader=null, voted=null, raftlog=UNINITIALIZED, conf=conf: {index: -1, cur=peers:[]|listeners:[], old=null}, s0=s0:      NEW      null (NEW): s0@group-5CA96AA9335B:t0, leader=null, voted=null, raftlog=UNINITIALIZED, conf=conf: {index: -1, cur=peers:[]|listeners:[], old=null}, s1=s1:      NEW      null (NEW): s1@group-5CA96AA9335B:t0, leader=null, voted=null, raftlog=UNINITIALIZED, conf=conf: {index: -1, cur=peers:[]|listeners:[], old=null}, s2=s2:      NEW      null (NEW): s2@group-5CA96AA9335B:t0, leader=null, voted=null, raftlog=UNINITIALIZED, conf=conf: {index: -1, cur=peers:[]|listeners:[], old=null}}
2025-05-22 15:25:13,150 INFO  server.RaftServerConfigKeys (ConfUtils.java:logGet(62)) - raft.server.storage.dir = [/home/runner/work/ratis/ratis/ratis-examples/target/test/data/3b356627/MiniRaftClusterWithGrpcde84ffe6/s3] (custom)
2025-05-22 15:25:13,150 INFO  storage.RaftStorageDirectory (RaftStorageDirectoryImpl.java:analyzeStorage(138)) - The storage directory /home/runner/work/ratis/ratis/ratis-examples/target/test/data/3b356627/MiniRaftClusterWithGrpcde84ffe6/s3/4f0bb2cb-1f5d-4479-b057-5ca96aa9335b does not exist. Creating ...
2025-05-22 15:25:13,150 TRACE util.FileUtils (LogUtils.java:runAndLog(49)) - Successfully ran Files.createDirectories /home/runner/work/ratis/ratis/ratis-examples/target/test/data/3b356627/MiniRaftClusterWithGrpcde84ffe6/s3/4f0bb2cb-1f5d-4479-b057-5ca96aa9335b
2025-05-22 15:25:13,152 INFO  storage.RaftStorageDirectory (RaftStorageDirectoryImpl.java:tryLock(229)) - Lock on /home/runner/work/ratis/ratis/ratis-examples/target/test/data/3b356627/MiniRaftClusterWithGrpcde84ffe6/s3/4f0bb2cb-1f5d-4479-b057-5ca96aa9335b/in_use.lock acquired by nodename 6133@fv-az1337-961
2025-05-22 15:25:13,152 TRACE util.FileUtils (LogUtils.java:runAndLog(49)) - Successfully ran Files.createDirectories /home/runner/work/ratis/ratis/ratis-examples/target/test/data/3b356627/MiniRaftClusterWithGrpcde84ffe6/s3/4f0bb2cb-1f5d-4479-b057-5ca96aa9335b/current
2025-05-22 15:25:13,152 TRACE util.FileUtils (LogUtils.java:runAndLog(49)) - Successfully ran Files.createDirectories /home/runner/work/ratis/ratis/ratis-examples/target/test/data/3b356627/MiniRaftClusterWithGrpcde84ffe6/s3/4f0bb2cb-1f5d-4479-b057-5ca96aa9335b/sm
2025-05-22 15:25:13,152 TRACE util.FileUtils (LogUtils.java:supplyAndLog(69)) - Successfully supplied FileChannel.open /home/runner/work/ratis/ratis/ratis-examples/target/test/data/3b356627/MiniRaftClusterWithGrpcde84ffe6/s3/4f0bb2cb-1f5d-4479-b057-5ca96aa9335b/current/raft-meta.tmp with options [CREATE, TRUNCATE_EXISTING, WRITE]: sun.nio.ch.FileChannelImpl@6b3dd079
2025-05-22 15:25:13,153 TRACE util.FileUtils (LogUtils.java:runAndLog(49)) - Successfully ran Atomic Files.move /home/runner/work/ratis/ratis/ratis-examples/target/test/data/3b356627/MiniRaftClusterWithGrpcde84ffe6/s3/4f0bb2cb-1f5d-4479-b057-5ca96aa9335b/current/raft-meta.tmp to /home/runner/work/ratis/ratis/ratis-examples/target/test/data/3b356627/MiniRaftClusterWithGrpcde84ffe6/s3/4f0bb2cb-1f5d-4479-b057-5ca96aa9335b/current/raft-meta with options [REPLACE_EXISTING]
2025-05-22 15:25:13,153 INFO  storage.RaftStorage (RaftStorageImpl.java:format(98)) - Storage directory /home/runner/work/ratis/ratis/ratis-examples/target/test/data/3b356627/MiniRaftClusterWithGrpcde84ffe6/s3/4f0bb2cb-1f5d-4479-b057-5ca96aa9335b has been successfully formatted.
2025-05-22 15:25:13,153 WARN  statemachine.StateMachine (ArithmeticStateMachine.java:loadSnapshot(115)) - The snapshot info is null.
2025-05-22 15:25:13,154 INFO  util.AwaitToRun (AwaitToRun.java:start(81)) - Thread[s3@group-5CA96AA9335B-cacheEviction-AwaitToRun,5,main] started
2025-05-22 15:25:13,154 INFO  segmented.SegmentedRaftLogWorker (SegmentedRaftLogWorker.java:<init>(191)) - new s3@group-5CA96AA9335B-SegmentedRaftLogWorker for RaftStorageImpl:Storage Directory /home/runner/work/ratis/ratis/ratis-examples/target/test/data/3b356627/MiniRaftClusterWithGrpcde84ffe6/s3/4f0bb2cb-1f5d-4479-b057-5ca96aa9335b
2025-05-22 15:25:13,156 INFO  segmented.SegmentedRaftLogWorker (SegmentedRaftLogWorker.java:lambda$new$0(142)) - s3@group-5CA96AA9335B-SegmentedRaftLogWorker: flushIndex: setUnconditionally 0 -> -1
2025-05-22 15:25:13,156 INFO  segmented.SegmentedRaftLogWorker (SegmentedRaftLogWorker.java:lambda$new$0(142)) - s3@group-5CA96AA9335B-SegmentedRaftLogWorker: safeCacheEvictIndex: setUnconditionally 0 -> -1
2025-05-22 15:25:13,156 INFO  server.RaftServer$Division (RaftServerImpl.java:start(414)) - s3@group-5CA96AA9335B: start with initializing state, conf=conf: {index: -1, cur=peers:[]|listeners:[], old=null}
2025-05-22 15:25:13,156 INFO  server.RaftServer$Division (RaftServerImpl.java:setRole(395)) - s3@group-5CA96AA9335B: changes role from      null to FOLLOWER at term 0 for start
2025-05-22 15:25:13,157 INFO  util.JmxRegister (JmxRegister.java:tryRegister(44)) - Successfully registered JMX Bean with object name Ratis:service=RaftServer,group=group-5CA96AA9335B,id=s3
2025-05-22 15:25:13,157 INFO  util.JmxRegister (JmxRegister.java:register(58)) - register mxBean class org.apache.ratis.server.impl.RaftServerJmxAdapter as Ratis:service=RaftServer,group=group-5CA96AA9335B,id=s3
2025-05-22 15:25:13,157 INFO  server.RaftServer$Division (RaftServerImpl.java:start(422)) - s3@group-5CA96AA9335B: Successfully started.
2025-05-22 15:25:13,157 INFO  server.RaftServer (RaftServerProxy.java:startImpl(413)) - s3: start RPC server
2025-05-22 15:25:13,207 INFO  server.GrpcServicesImpl (GrpcServicesImpl.java:startImpl(353)) - s3: GrpcServicesImpl started, listening on 15003
2025-05-22 15:25:13,207 INFO  util.JvmPauseMonitor (JvmPauseMonitor.java:run(146)) - JvmPauseMonitor-s3: Started
2025-05-22 15:25:13,208 INFO  server.RaftServerConfigKeys (ConfUtils.java:logGet(62)) - raft.server.storage.dir = [/home/runner/work/ratis/ratis/ratis-examples/target/test/data/3b356627/MiniRaftClusterWithGrpcde84ffe6/s4] (custom)
2025-05-22 15:25:13,208 INFO  storage.RaftStorageDirectory (RaftStorageDirectoryImpl.java:analyzeStorage(138)) - The storage directory /home/runner/work/ratis/ratis/ratis-examples/target/test/data/3b356627/MiniRaftClusterWithGrpcde84ffe6/s4/4f0bb2cb-1f5d-4479-b057-5ca96aa9335b does not exist. Creating ...
2025-05-22 15:25:13,208 TRACE util.FileUtils (LogUtils.java:runAndLog(49)) - Successfully ran Files.createDirectories /home/runner/work/ratis/ratis/ratis-examples/target/test/data/3b356627/MiniRaftClusterWithGrpcde84ffe6/s4/4f0bb2cb-1f5d-4479-b057-5ca96aa9335b
2025-05-22 15:25:13,209 INFO  storage.RaftStorageDirectory (RaftStorageDirectoryImpl.java:tryLock(229)) - Lock on /home/runner/work/ratis/ratis/ratis-examples/target/test/data/3b356627/MiniRaftClusterWithGrpcde84ffe6/s4/4f0bb2cb-1f5d-4479-b057-5ca96aa9335b/in_use.lock acquired by nodename 6133@fv-az1337-961
2025-05-22 15:25:13,209 TRACE util.FileUtils (LogUtils.java:runAndLog(49)) - Successfully ran Files.createDirectories /home/runner/work/ratis/ratis/ratis-examples/target/test/data/3b356627/MiniRaftClusterWithGrpcde84ffe6/s4/4f0bb2cb-1f5d-4479-b057-5ca96aa9335b/current
2025-05-22 15:25:13,209 TRACE util.FileUtils (LogUtils.java:runAndLog(49)) - Successfully ran Files.createDirectories /home/runner/work/ratis/ratis/ratis-examples/target/test/data/3b356627/MiniRaftClusterWithGrpcde84ffe6/s4/4f0bb2cb-1f5d-4479-b057-5ca96aa9335b/sm
2025-05-22 15:25:13,210 TRACE util.FileUtils (LogUtils.java:supplyAndLog(69)) - Successfully supplied FileChannel.open /home/runner/work/ratis/ratis/ratis-examples/target/test/data/3b356627/MiniRaftClusterWithGrpcde84ffe6/s4/4f0bb2cb-1f5d-4479-b057-5ca96aa9335b/current/raft-meta.tmp with options [CREATE, TRUNCATE_EXISTING, WRITE]: sun.nio.ch.FileChannelImpl@333cbdde
2025-05-22 15:25:13,211 TRACE util.FileUtils (LogUtils.java:runAndLog(49)) - Successfully ran Atomic Files.move /home/runner/work/ratis/ratis/ratis-examples/target/test/data/3b356627/MiniRaftClusterWithGrpcde84ffe6/s4/4f0bb2cb-1f5d-4479-b057-5ca96aa9335b/current/raft-meta.tmp to /home/runner/work/ratis/ratis/ratis-examples/target/test/data/3b356627/MiniRaftClusterWithGrpcde84ffe6/s4/4f0bb2cb-1f5d-4479-b057-5ca96aa9335b/current/raft-meta with options [REPLACE_EXISTING]
2025-05-22 15:25:13,211 INFO  storage.RaftStorage (RaftStorageImpl.java:format(98)) - Storage directory /home/runner/work/ratis/ratis/ratis-examples/target/test/data/3b356627/MiniRaftClusterWithGrpcde84ffe6/s4/4f0bb2cb-1f5d-4479-b057-5ca96aa9335b has been successfully formatted.
2025-05-22 15:25:13,212 WARN  statemachine.StateMachine (ArithmeticStateMachine.java:loadSnapshot(115)) - The snapshot info is null.
2025-05-22 15:25:13,213 INFO  util.AwaitToRun (AwaitToRun.java:start(81)) - Thread[s4@group-5CA96AA9335B-cacheEviction-AwaitToRun,5,main] started
2025-05-22 15:25:13,213 INFO  segmented.SegmentedRaftLogWorker (SegmentedRaftLogWorker.java:<init>(191)) - new s4@group-5CA96AA9335B-SegmentedRaftLogWorker for RaftStorageImpl:Storage Directory /home/runner/work/ratis/ratis/ratis-examples/target/test/data/3b356627/MiniRaftClusterWithGrpcde84ffe6/s4/4f0bb2cb-1f5d-4479-b057-5ca96aa9335b
2025-05-22 15:25:13,214 INFO  segmented.SegmentedRaftLogWorker (SegmentedRaftLogWorker.java:lambda$new$0(142)) - s4@group-5CA96AA9335B-SegmentedRaftLogWorker: flushIndex: setUnconditionally 0 -> -1
2025-05-22 15:25:13,214 INFO  segmented.SegmentedRaftLogWorker (SegmentedRaftLogWorker.java:lambda$new$0(142)) - s4@group-5CA96AA9335B-SegmentedRaftLogWorker: safeCacheEvictIndex: setUnconditionally 0 -> -1
2025-05-22 15:25:13,214 INFO  server.RaftServer$Division (RaftServerImpl.java:start(414)) - s4@group-5CA96AA9335B: start with initializing state, conf=conf: {index: -1, cur=peers:[]|listeners:[], old=null}
2025-05-22 15:25:13,214 INFO  server.RaftServer$Division (RaftServerImpl.java:setRole(395)) - s4@group-5CA96AA9335B: changes role from      null to FOLLOWER at term 0 for start
2025-05-22 15:25:13,215 INFO  util.JmxRegister (JmxRegister.java:tryRegister(44)) - Successfully registered JMX Bean with object name Ratis:service=RaftServer,group=group-5CA96AA9335B,id=s4
2025-05-22 15:25:13,215 INFO  util.JmxRegister (JmxRegister.java:register(58)) - register mxBean class org.apache.ratis.server.impl.RaftServerJmxAdapter as Ratis:service=RaftServer,group=group-5CA96AA9335B,id=s4
2025-05-22 15:25:13,215 INFO  server.RaftServer$Division (RaftServerImpl.java:start(422)) - s4@group-5CA96AA9335B: Successfully started.
2025-05-22 15:25:13,215 INFO  server.RaftServer (RaftServerProxy.java:startImpl(413)) - s4: start RPC server
2025-05-22 15:25:13,217 INFO  server.GrpcServicesImpl (GrpcServicesImpl.java:startImpl(353)) - s4: GrpcServicesImpl started, listening on 15004
2025-05-22 15:25:13,217 INFO  util.JvmPauseMonitor (JvmPauseMonitor.java:run(146)) - JvmPauseMonitor-s4: Started
2025-05-22 15:25:13,218 INFO  server.RaftServerConfigKeys (ConfUtils.java:logGet(62)) - raft.server.storage.dir = [/home/runner/work/ratis/ratis/ratis-examples/target/test/data/3b356627/MiniRaftClusterWithGrpcde84ffe6/s5] (custom)
2025-05-22 15:25:13,218 INFO  storage.RaftStorageDirectory (RaftStorageDirectoryImpl.java:analyzeStorage(138)) - The storage directory /home/runner/work/ratis/ratis/ratis-examples/target/test/data/3b356627/MiniRaftClusterWithGrpcde84ffe6/s5/4f0bb2cb-1f5d-4479-b057-5ca96aa9335b does not exist. Creating ...
2025-05-22 15:25:13,218 TRACE util.FileUtils (LogUtils.java:runAndLog(49)) - Successfully ran Files.createDirectories /home/runner/work/ratis/ratis/ratis-examples/target/test/data/3b356627/MiniRaftClusterWithGrpcde84ffe6/s5/4f0bb2cb-1f5d-4479-b057-5ca96aa9335b
2025-05-22 15:25:13,219 INFO  storage.RaftStorageDirectory (RaftStorageDirectoryImpl.java:tryLock(229)) - Lock on /home/runner/work/ratis/ratis/ratis-examples/target/test/data/3b356627/MiniRaftClusterWithGrpcde84ffe6/s5/4f0bb2cb-1f5d-4479-b057-5ca96aa9335b/in_use.lock acquired by nodename 6133@fv-az1337-961
2025-05-22 15:25:13,219 TRACE util.FileUtils (LogUtils.java:runAndLog(49)) - Successfully ran Files.createDirectories /home/runner/work/ratis/ratis/ratis-examples/target/test/data/3b356627/MiniRaftClusterWithGrpcde84ffe6/s5/4f0bb2cb-1f5d-4479-b057-5ca96aa9335b/current
2025-05-22 15:25:13,219 TRACE util.FileUtils (LogUtils.java:runAndLog(49)) - Successfully ran Files.createDirectories /home/runner/work/ratis/ratis/ratis-examples/target/test/data/3b356627/MiniRaftClusterWithGrpcde84ffe6/s5/4f0bb2cb-1f5d-4479-b057-5ca96aa9335b/sm
2025-05-22 15:25:13,219 TRACE util.FileUtils (LogUtils.java:supplyAndLog(69)) - Successfully supplied FileChannel.open /home/runner/work/ratis/ratis/ratis-examples/target/test/data/3b356627/MiniRaftClusterWithGrpcde84ffe6/s5/4f0bb2cb-1f5d-4479-b057-5ca96aa9335b/current/raft-meta.tmp with options [CREATE, TRUNCATE_EXISTING, WRITE]: sun.nio.ch.FileChannelImpl@2e4c7789
2025-05-22 15:25:13,220 TRACE util.FileUtils (LogUtils.java:runAndLog(49)) - Successfully ran Atomic Files.move /home/runner/work/ratis/ratis/ratis-examples/target/test/data/3b356627/MiniRaftClusterWithGrpcde84ffe6/s5/4f0bb2cb-1f5d-4479-b057-5ca96aa9335b/current/raft-meta.tmp to /home/runner/work/ratis/ratis/ratis-examples/target/test/data/3b356627/MiniRaftClusterWithGrpcde84ffe6/s5/4f0bb2cb-1f5d-4479-b057-5ca96aa9335b/current/raft-meta with options [REPLACE_EXISTING]
2025-05-22 15:25:13,221 INFO  storage.RaftStorage (RaftStorageImpl.java:format(98)) - Storage directory /home/runner/work/ratis/ratis/ratis-examples/target/test/data/3b356627/MiniRaftClusterWithGrpcde84ffe6/s5/4f0bb2cb-1f5d-4479-b057-5ca96aa9335b has been successfully formatted.
2025-05-22 15:25:13,221 WARN  statemachine.StateMachine (ArithmeticStateMachine.java:loadSnapshot(115)) - The snapshot info is null.
2025-05-22 15:25:13,221 INFO  util.AwaitToRun (AwaitToRun.java:start(81)) - Thread[s5@group-5CA96AA9335B-cacheEviction-AwaitToRun,5,main] started
2025-05-22 15:25:13,222 INFO  segmented.SegmentedRaftLogWorker (SegmentedRaftLogWorker.java:<init>(191)) - new s5@group-5CA96AA9335B-SegmentedRaftLogWorker for RaftStorageImpl:Storage Directory /home/runner/work/ratis/ratis/ratis-examples/target/test/data/3b356627/MiniRaftClusterWithGrpcde84ffe6/s5/4f0bb2cb-1f5d-4479-b057-5ca96aa9335b
2025-05-22 15:25:13,224 INFO  segmented.SegmentedRaftLogWorker (SegmentedRaftLogWorker.java:lambda$new$0(142)) - s5@group-5CA96AA9335B-SegmentedRaftLogWorker: flushIndex: setUnconditionally 0 -> -1
2025-05-22 15:25:13,224 INFO  segmented.SegmentedRaftLogWorker (SegmentedRaftLogWorker.java:lambda$new$0(142)) - s5@group-5CA96AA9335B-SegmentedRaftLogWorker: safeCacheEvictIndex: setUnconditionally 0 -> -1
2025-05-22 15:25:13,224 INFO  server.RaftServer$Division (RaftServerImpl.java:start(414)) - s5@group-5CA96AA9335B: start with initializing state, conf=conf: {index: -1, cur=peers:[]|listeners:[], old=null}
2025-05-22 15:25:13,224 INFO  server.RaftServer$Division (RaftServerImpl.java:setRole(395)) - s5@group-5CA96AA9335B: changes role from      null to FOLLOWER at term 0 for start
2025-05-22 15:25:13,225 INFO  util.JmxRegister (JmxRegister.java:tryRegister(44)) - Successfully registered JMX Bean with object name Ratis:service=RaftServer,group=group-5CA96AA9335B,id=s5
2025-05-22 15:25:13,225 INFO  util.JmxRegister (JmxRegister.java:register(58)) - register mxBean class org.apache.ratis.server.impl.RaftServerJmxAdapter as Ratis:service=RaftServer,group=group-5CA96AA9335B,id=s5
2025-05-22 15:25:13,225 INFO  server.RaftServer$Division (RaftServerImpl.java:start(422)) - s5@group-5CA96AA9335B: Successfully started.
2025-05-22 15:25:13,225 INFO  server.RaftServer (RaftServerProxy.java:startImpl(413)) - s5: start RPC server
2025-05-22 15:25:13,227 INFO  server.GrpcServicesImpl (GrpcServicesImpl.java:startImpl(353)) - s5: GrpcServicesImpl started, listening on 15005
2025-05-22 15:25:13,227 INFO  util.JvmPauseMonitor (JvmPauseMonitor.java:run(146)) - JvmPauseMonitor-s5: Started
2025-05-22 15:25:13,228 INFO  server.RaftServerConfigKeys (ConfUtils.java:logGet(62)) - raft.server.storage.dir = [/home/runner/work/ratis/ratis/ratis-examples/target/test/data/3b356627/MiniRaftClusterWithGrpcde84ffe6/s6] (custom)
2025-05-22 15:25:13,228 INFO  storage.RaftStorageDirectory (RaftStorageDirectoryImpl.java:analyzeStorage(138)) - The storage directory /home/runner/work/ratis/ratis/ratis-examples/target/test/data/3b356627/MiniRaftClusterWithGrpcde84ffe6/s6/4f0bb2cb-1f5d-4479-b057-5ca96aa9335b does not exist. Creating ...
2025-05-22 15:25:13,229 TRACE util.FileUtils (LogUtils.java:runAndLog(49)) - Successfully ran Files.createDirectories /home/runner/work/ratis/ratis/ratis-examples/target/test/data/3b356627/MiniRaftClusterWithGrpcde84ffe6/s6/4f0bb2cb-1f5d-4479-b057-5ca96aa9335b
2025-05-22 15:25:13,230 INFO  storage.RaftStorageDirectory (RaftStorageDirectoryImpl.java:tryLock(229)) - Lock on /home/runner/work/ratis/ratis/ratis-examples/target/test/data/3b356627/MiniRaftClusterWithGrpcde84ffe6/s6/4f0bb2cb-1f5d-4479-b057-5ca96aa9335b/in_use.lock acquired by nodename 6133@fv-az1337-961
2025-05-22 15:25:13,230 TRACE util.FileUtils (LogUtils.java:runAndLog(49)) - Successfully ran Files.createDirectories /home/runner/work/ratis/ratis/ratis-examples/target/test/data/3b356627/MiniRaftClusterWithGrpcde84ffe6/s6/4f0bb2cb-1f5d-4479-b057-5ca96aa9335b/current
2025-05-22 15:25:13,230 TRACE util.FileUtils (LogUtils.java:runAndLog(49)) - Successfully ran Files.createDirectories /home/runner/work/ratis/ratis/ratis-examples/target/test/data/3b356627/MiniRaftClusterWithGrpcde84ffe6/s6/4f0bb2cb-1f5d-4479-b057-5ca96aa9335b/sm
2025-05-22 15:25:13,230 TRACE util.FileUtils (LogUtils.java:supplyAndLog(69)) - Successfully supplied FileChannel.open /home/runner/work/ratis/ratis/ratis-examples/target/test/data/3b356627/MiniRaftClusterWithGrpcde84ffe6/s6/4f0bb2cb-1f5d-4479-b057-5ca96aa9335b/current/raft-meta.tmp with options [CREATE, TRUNCATE_EXISTING, WRITE]: sun.nio.ch.FileChannelImpl@5156822
2025-05-22 15:25:13,231 TRACE util.FileUtils (LogUtils.java:runAndLog(49)) - Successfully ran Atomic Files.move /home/runner/work/ratis/ratis/ratis-examples/target/test/data/3b356627/MiniRaftClusterWithGrpcde84ffe6/s6/4f0bb2cb-1f5d-4479-b057-5ca96aa9335b/current/raft-meta.tmp to /home/runner/work/ratis/ratis/ratis-examples/target/test/data/3b356627/MiniRaftClusterWithGrpcde84ffe6/s6/4f0bb2cb-1f5d-4479-b057-5ca96aa9335b/current/raft-meta with options [REPLACE_EXISTING]
2025-05-22 15:25:13,231 INFO  storage.RaftStorage (RaftStorageImpl.java:format(98)) - Storage directory /home/runner/work/ratis/ratis/ratis-examples/target/test/data/3b356627/MiniRaftClusterWithGrpcde84ffe6/s6/4f0bb2cb-1f5d-4479-b057-5ca96aa9335b has been successfully formatted.
2025-05-22 15:25:13,231 WARN  statemachine.StateMachine (ArithmeticStateMachine.java:loadSnapshot(115)) - The snapshot info is null.
2025-05-22 15:25:13,232 INFO  util.AwaitToRun (AwaitToRun.java:start(81)) - Thread[s6@group-5CA96AA9335B-cacheEviction-AwaitToRun,5,main] started
2025-05-22 15:25:13,232 INFO  segmented.SegmentedRaftLogWorker (SegmentedRaftLogWorker.java:<init>(191)) - new s6@group-5CA96AA9335B-SegmentedRaftLogWorker for RaftStorageImpl:Storage Directory /home/runner/work/ratis/ratis/ratis-examples/target/test/data/3b356627/MiniRaftClusterWithGrpcde84ffe6/s6/4f0bb2cb-1f5d-4479-b057-5ca96aa9335b
2025-05-22 15:25:13,235 INFO  segmented.SegmentedRaftLogWorker (SegmentedRaftLogWorker.java:lambda$new$0(142)) - s6@group-5CA96AA9335B-SegmentedRaftLogWorker: flushIndex: setUnconditionally 0 -> -1
2025-05-22 15:25:13,235 INFO  segmented.SegmentedRaftLogWorker (SegmentedRaftLogWorker.java:lambda$new$0(142)) - s6@group-5CA96AA9335B-SegmentedRaftLogWorker: safeCacheEvictIndex: setUnconditionally 0 -> -1
2025-05-22 15:25:13,235 INFO  server.RaftServer$Division (RaftServerImpl.java:start(414)) - s6@group-5CA96AA9335B: start with initializing state, conf=conf: {index: -1, cur=peers:[]|listeners:[], old=null}
2025-05-22 15:25:13,235 INFO  server.RaftServer$Division (RaftServerImpl.java:setRole(395)) - s6@group-5CA96AA9335B: changes role from      null to FOLLOWER at term 0 for start
2025-05-22 15:25:13,236 INFO  util.JmxRegister (JmxRegister.java:tryRegister(44)) - Successfully registered JMX Bean with object name Ratis:service=RaftServer,group=group-5CA96AA9335B,id=s6
2025-05-22 15:25:13,236 INFO  util.JmxRegister (JmxRegister.java:register(58)) - register mxBean class org.apache.ratis.server.impl.RaftServerJmxAdapter as Ratis:service=RaftServer,group=group-5CA96AA9335B,id=s6
2025-05-22 15:25:13,237 INFO  server.RaftServer$Division (RaftServerImpl.java:start(422)) - s6@group-5CA96AA9335B: Successfully started.
2025-05-22 15:25:13,237 INFO  server.RaftServer (RaftServerProxy.java:startImpl(413)) - s6: start RPC server
2025-05-22 15:25:13,239 INFO  server.GrpcServicesImpl (GrpcServicesImpl.java:startImpl(353)) - s6: GrpcServicesImpl started, listening on 15006
2025-05-22 15:25:13,240 INFO  util.JvmPauseMonitor (JvmPauseMonitor.java:run(146)) - JvmPauseMonitor-s6: Started
2025-05-22 15:25:13,240 INFO  server.RaftServerConfigKeys (ConfUtils.java:logGet(62)) - raft.server.storage.dir = [/home/runner/work/ratis/ratis/ratis-examples/target/test/data/3b356627/MiniRaftClusterWithGrpcde84ffe6/s7] (custom)
2025-05-22 15:25:13,240 INFO  storage.RaftStorageDirectory (RaftStorageDirectoryImpl.java:analyzeStorage(138)) - The storage directory /home/runner/work/ratis/ratis/ratis-examples/target/test/data/3b356627/MiniRaftClusterWithGrpcde84ffe6/s7/4f0bb2cb-1f5d-4479-b057-5ca96aa9335b does not exist. Creating ...
2025-05-22 15:25:13,240 TRACE util.FileUtils (LogUtils.java:runAndLog(49)) - Successfully ran Files.createDirectories /home/runner/work/ratis/ratis/ratis-examples/target/test/data/3b356627/MiniRaftClusterWithGrpcde84ffe6/s7/4f0bb2cb-1f5d-4479-b057-5ca96aa9335b
2025-05-22 15:25:13,241 INFO  storage.RaftStorageDirectory (RaftStorageDirectoryImpl.java:tryLock(229)) - Lock on /home/runner/work/ratis/ratis/ratis-examples/target/test/data/3b356627/MiniRaftClusterWithGrpcde84ffe6/s7/4f0bb2cb-1f5d-4479-b057-5ca96aa9335b/in_use.lock acquired by nodename 6133@fv-az1337-961
2025-05-22 15:25:13,241 TRACE util.FileUtils (LogUtils.java:runAndLog(49)) - Successfully ran Files.createDirectories /home/runner/work/ratis/ratis/ratis-examples/target/test/data/3b356627/MiniRaftClusterWithGrpcde84ffe6/s7/4f0bb2cb-1f5d-4479-b057-5ca96aa9335b/current
2025-05-22 15:25:13,241 TRACE util.FileUtils (LogUtils.java:runAndLog(49)) - Successfully ran Files.createDirectories /home/runner/work/ratis/ratis/ratis-examples/target/test/data/3b356627/MiniRaftClusterWithGrpcde84ffe6/s7/4f0bb2cb-1f5d-4479-b057-5ca96aa9335b/sm
2025-05-22 15:25:13,242 TRACE util.FileUtils (LogUtils.java:supplyAndLog(69)) - Successfully supplied FileChannel.open /home/runner/work/ratis/ratis/ratis-examples/target/test/data/3b356627/MiniRaftClusterWithGrpcde84ffe6/s7/4f0bb2cb-1f5d-4479-b057-5ca96aa9335b/current/raft-meta.tmp with options [CREATE, TRUNCATE_EXISTING, WRITE]: sun.nio.ch.FileChannelImpl@131306da
2025-05-22 15:25:13,242 TRACE util.FileUtils (LogUtils.java:runAndLog(49)) - Successfully ran Atomic Files.move /home/runner/work/ratis/ratis/ratis-examples/target/test/data/3b356627/MiniRaftClusterWithGrpcde84ffe6/s7/4f0bb2cb-1f5d-4479-b057-5ca96aa9335b/current/raft-meta.tmp to /home/runner/work/ratis/ratis/ratis-examples/target/test/data/3b356627/MiniRaftClusterWithGrpcde84ffe6/s7/4f0bb2cb-1f5d-4479-b057-5ca96aa9335b/current/raft-meta with options [REPLACE_EXISTING]
2025-05-22 15:25:13,243 INFO  storage.RaftStorage (RaftStorageImpl.java:format(98)) - Storage directory /home/runner/work/ratis/ratis/ratis-examples/target/test/data/3b356627/MiniRaftClusterWithGrpcde84ffe6/s7/4f0bb2cb-1f5d-4479-b057-5ca96aa9335b has been successfully formatted.
2025-05-22 15:25:13,243 WARN  statemachine.StateMachine (ArithmeticStateMachine.java:loadSnapshot(115)) - The snapshot info is null.
2025-05-22 15:25:13,243 INFO  util.AwaitToRun (AwaitToRun.java:start(81)) - Thread[s7@group-5CA96AA9335B-cacheEviction-AwaitToRun,5,main] started
2025-05-22 15:25:13,243 INFO  segmented.SegmentedRaftLogWorker (SegmentedRaftLogWorker.java:<init>(191)) - new s7@group-5CA96AA9335B-SegmentedRaftLogWorker for RaftStorageImpl:Storage Directory /home/runner/work/ratis/ratis/ratis-examples/target/test/data/3b356627/MiniRaftClusterWithGrpcde84ffe6/s7/4f0bb2cb-1f5d-4479-b057-5ca96aa9335b
2025-05-22 15:25:13,246 INFO  segmented.SegmentedRaftLogWorker (SegmentedRaftLogWorker.java:lambda$new$0(142)) - s7@group-5CA96AA9335B-SegmentedRaftLogWorker: flushIndex: setUnconditionally 0 -> -1
2025-05-22 15:25:13,246 INFO  segmented.SegmentedRaftLogWorker (SegmentedRaftLogWorker.java:lambda$new$0(142)) - s7@group-5CA96AA9335B-SegmentedRaftLogWorker: safeCacheEvictIndex: setUnconditionally 0 -> -1
2025-05-22 15:25:13,246 INFO  server.RaftServer$Division (RaftServerImpl.java:start(414)) - s7@group-5CA96AA9335B: start with initializing state, conf=conf: {index: -1, cur=peers:[]|listeners:[], old=null}
2025-05-22 15:25:13,246 INFO  server.RaftServer$Division (RaftServerImpl.java:setRole(395)) - s7@group-5CA96AA9335B: changes role from      null to FOLLOWER at term 0 for start
2025-05-22 15:25:13,246 INFO  util.JmxRegister (JmxRegister.java:tryRegister(44)) - Successfully registered JMX Bean with object name Ratis:service=RaftServer,group=group-5CA96AA9335B,id=s7
2025-05-22 15:25:13,246 INFO  util.JmxRegister (JmxRegister.java:register(58)) - register mxBean class org.apache.ratis.server.impl.RaftServerJmxAdapter as Ratis:service=RaftServer,group=group-5CA96AA9335B,id=s7
2025-05-22 15:25:13,246 INFO  server.RaftServer$Division (RaftServerImpl.java:start(422)) - s7@group-5CA96AA9335B: Successfully started.
2025-05-22 15:25:13,247 INFO  server.RaftServer (RaftServerProxy.java:startImpl(413)) - s7: start RPC server
2025-05-22 15:25:13,248 INFO  server.GrpcServicesImpl (GrpcServicesImpl.java:startImpl(353)) - s7: GrpcServicesImpl started, listening on 15007
2025-05-22 15:25:13,248 INFO  util.JvmPauseMonitor (JvmPauseMonitor.java:run(146)) - JvmPauseMonitor-s7: Started
2025-05-22 15:25:13,249 INFO  server.RaftServerConfigKeys (ConfUtils.java:logGet(62)) - raft.server.storage.dir = [/home/runner/work/ratis/ratis/ratis-examples/target/test/data/3b356627/MiniRaftClusterWithGrpcde84ffe6/s8] (custom)
2025-05-22 15:25:13,249 INFO  storage.RaftStorageDirectory (RaftStorageDirectoryImpl.java:analyzeStorage(138)) - The storage directory /home/runner/work/ratis/ratis/ratis-examples/target/test/data/3b356627/MiniRaftClusterWithGrpcde84ffe6/s8/4f0bb2cb-1f5d-4479-b057-5ca96aa9335b does not exist. Creating ...
2025-05-22 15:25:13,249 TRACE util.FileUtils (LogUtils.java:runAndLog(49)) - Successfully ran Files.createDirectories /home/runner/work/ratis/ratis/ratis-examples/target/test/data/3b356627/MiniRaftClusterWithGrpcde84ffe6/s8/4f0bb2cb-1f5d-4479-b057-5ca96aa9335b
2025-05-22 15:25:13,250 INFO  storage.RaftStorageDirectory (RaftStorageDirectoryImpl.java:tryLock(229)) - Lock on /home/runner/work/ratis/ratis/ratis-examples/target/test/data/3b356627/MiniRaftClusterWithGrpcde84ffe6/s8/4f0bb2cb-1f5d-4479-b057-5ca96aa9335b/in_use.lock acquired by nodename 6133@fv-az1337-961
2025-05-22 15:25:13,250 TRACE util.FileUtils (LogUtils.java:runAndLog(49)) - Successfully ran Files.createDirectories /home/runner/work/ratis/ratis/ratis-examples/target/test/data/3b356627/MiniRaftClusterWithGrpcde84ffe6/s8/4f0bb2cb-1f5d-4479-b057-5ca96aa9335b/current
2025-05-22 15:25:13,251 TRACE util.FileUtils (LogUtils.java:runAndLog(49)) - Successfully ran Files.createDirectories /home/runner/work/ratis/ratis/ratis-examples/target/test/data/3b356627/MiniRaftClusterWithGrpcde84ffe6/s8/4f0bb2cb-1f5d-4479-b057-5ca96aa9335b/sm
2025-05-22 15:25:13,251 TRACE util.FileUtils (LogUtils.java:supplyAndLog(69)) - Successfully supplied FileChannel.open /home/runner/work/ratis/ratis/ratis-examples/target/test/data/3b356627/MiniRaftClusterWithGrpcde84ffe6/s8/4f0bb2cb-1f5d-4479-b057-5ca96aa9335b/current/raft-meta.tmp with options [CREATE, TRUNCATE_EXISTING, WRITE]: sun.nio.ch.FileChannelImpl@636b4afc
2025-05-22 15:25:13,252 TRACE util.FileUtils (LogUtils.java:runAndLog(49)) - Successfully ran Atomic Files.move /home/runner/work/ratis/ratis/ratis-examples/target/test/data/3b356627/MiniRaftClusterWithGrpcde84ffe6/s8/4f0bb2cb-1f5d-4479-b057-5ca96aa9335b/current/raft-meta.tmp to /home/runner/work/ratis/ratis/ratis-examples/target/test/data/3b356627/MiniRaftClusterWithGrpcde84ffe6/s8/4f0bb2cb-1f5d-4479-b057-5ca96aa9335b/current/raft-meta with options [REPLACE_EXISTING]
2025-05-22 15:25:13,252 INFO  storage.RaftStorage (RaftStorageImpl.java:format(98)) - Storage directory /home/runner/work/ratis/ratis/ratis-examples/target/test/data/3b356627/MiniRaftClusterWithGrpcde84ffe6/s8/4f0bb2cb-1f5d-4479-b057-5ca96aa9335b has been successfully formatted.
2025-05-22 15:25:13,253 WARN  statemachine.StateMachine (ArithmeticStateMachine.java:loadSnapshot(115)) - The snapshot info is null.
2025-05-22 15:25:13,254 INFO  util.AwaitToRun (AwaitToRun.java:start(81)) - Thread[s8@group-5CA96AA9335B-cacheEviction-AwaitToRun,5,main] started
2025-05-22 15:25:13,254 INFO  segmented.SegmentedRaftLogWorker (SegmentedRaftLogWorker.java:<init>(191)) - new s8@group-5CA96AA9335B-SegmentedRaftLogWorker for RaftStorageImpl:Storage Directory /home/runner/work/ratis/ratis/ratis-examples/target/test/data/3b356627/MiniRaftClusterWithGrpcde84ffe6/s8/4f0bb2cb-1f5d-4479-b057-5ca96aa9335b
2025-05-22 15:25:13,257 INFO  segmented.SegmentedRaftLogWorker (SegmentedRaftLogWorker.java:lambda$new$0(142)) - s8@group-5CA96AA9335B-SegmentedRaftLogWorker: flushIndex: setUnconditionally 0 -> -1
2025-05-22 15:25:13,257 INFO  segmented.SegmentedRaftLogWorker (SegmentedRaftLogWorker.java:lambda$new$0(142)) - s8@group-5CA96AA9335B-SegmentedRaftLogWorker: safeCacheEvictIndex: setUnconditionally 0 -> -1
2025-05-22 15:25:13,257 INFO  server.RaftServer$Division (RaftServerImpl.java:start(414)) - s8@group-5CA96AA9335B: start with initializing state, conf=conf: {index: -1, cur=peers:[]|listeners:[], old=null}
2025-05-22 15:25:13,257 INFO  server.RaftServer$Division (RaftServerImpl.java:setRole(395)) - s8@group-5CA96AA9335B: changes role from      null to FOLLOWER at term 0 for start
2025-05-22 15:25:13,258 INFO  util.JmxRegister (JmxRegister.java:tryRegister(44)) - Successfully registered JMX Bean with object name Ratis:service=RaftServer,group=group-5CA96AA9335B,id=s8
2025-05-22 15:25:13,258 INFO  util.JmxRegister (JmxRegister.java:register(58)) - register mxBean class org.apache.ratis.server.impl.RaftServerJmxAdapter as Ratis:service=RaftServer,group=group-5CA96AA9335B,id=s8
2025-05-22 15:25:13,258 INFO  server.RaftServer$Division (RaftServerImpl.java:start(422)) - s8@group-5CA96AA9335B: Successfully started.
2025-05-22 15:25:13,258 INFO  server.RaftServer (RaftServerProxy.java:startImpl(413)) - s8: start RPC server
2025-05-22 15:25:13,260 INFO  server.GrpcServicesImpl (GrpcServicesImpl.java:startImpl(353)) - s8: GrpcServicesImpl started, listening on 15008
2025-05-22 15:25:13,260 INFO  util.JvmPauseMonitor (JvmPauseMonitor.java:run(146)) - JvmPauseMonitor-s8: Started
2025-05-22 15:25:13,260 INFO  server.RaftServerConfigKeys (ConfUtils.java:logGet(62)) - raft.server.storage.dir = [/home/runner/work/ratis/ratis/ratis-examples/target/test/data/3b356627/MiniRaftClusterWithGrpcde84ffe6/s9] (custom)
2025-05-22 15:25:13,261 INFO  storage.RaftStorageDirectory (RaftStorageDirectoryImpl.java:analyzeStorage(138)) - The storage directory /home/runner/work/ratis/ratis/ratis-examples/target/test/data/3b356627/MiniRaftClusterWithGrpcde84ffe6/s9/4f0bb2cb-1f5d-4479-b057-5ca96aa9335b does not exist. Creating ...
2025-05-22 15:25:13,261 TRACE util.FileUtils (LogUtils.java:runAndLog(49)) - Successfully ran Files.createDirectories /home/runner/work/ratis/ratis/ratis-examples/target/test/data/3b356627/MiniRaftClusterWithGrpcde84ffe6/s9/4f0bb2cb-1f5d-4479-b057-5ca96aa9335b
2025-05-22 15:25:13,262 INFO  storage.RaftStorageDirectory (RaftStorageDirectoryImpl.java:tryLock(229)) - Lock on /home/runner/work/ratis/ratis/ratis-examples/target/test/data/3b356627/MiniRaftClusterWithGrpcde84ffe6/s9/4f0bb2cb-1f5d-4479-b057-5ca96aa9335b/in_use.lock acquired by nodename 6133@fv-az1337-961
2025-05-22 15:25:13,262 TRACE util.FileUtils (LogUtils.java:runAndLog(49)) - Successfully ran Files.createDirectories /home/runner/work/ratis/ratis/ratis-examples/target/test/data/3b356627/MiniRaftClusterWithGrpcde84ffe6/s9/4f0bb2cb-1f5d-4479-b057-5ca96aa9335b/current
2025-05-22 15:25:13,262 TRACE util.FileUtils (LogUtils.java:runAndLog(49)) - Successfully ran Files.createDirectories /home/runner/work/ratis/ratis/ratis-examples/target/test/data/3b356627/MiniRaftClusterWithGrpcde84ffe6/s9/4f0bb2cb-1f5d-4479-b057-5ca96aa9335b/sm
2025-05-22 15:25:13,262 TRACE util.FileUtils (LogUtils.java:supplyAndLog(69)) - Successfully supplied FileChannel.open /home/runner/work/ratis/ratis/ratis-examples/target/test/data/3b356627/MiniRaftClusterWithGrpcde84ffe6/s9/4f0bb2cb-1f5d-4479-b057-5ca96aa9335b/current/raft-meta.tmp with options [CREATE, TRUNCATE_EXISTING, WRITE]: sun.nio.ch.FileChannelImpl@7842e9ff
2025-05-22 15:25:13,263 TRACE util.FileUtils (LogUtils.java:runAndLog(49)) - Successfully ran Atomic Files.move /home/runner/work/ratis/ratis/ratis-examples/target/test/data/3b356627/MiniRaftClusterWithGrpcde84ffe6/s9/4f0bb2cb-1f5d-4479-b057-5ca96aa9335b/current/raft-meta.tmp to /home/runner/work/ratis/ratis/ratis-examples/target/test/data/3b356627/MiniRaftClusterWithGrpcde84ffe6/s9/4f0bb2cb-1f5d-4479-b057-5ca96aa9335b/current/raft-meta with options [REPLACE_EXISTING]
2025-05-22 15:25:13,263 INFO  storage.RaftStorage (RaftStorageImpl.java:format(98)) - Storage directory /home/runner/work/ratis/ratis/ratis-examples/target/test/data/3b356627/MiniRaftClusterWithGrpcde84ffe6/s9/4f0bb2cb-1f5d-4479-b057-5ca96aa9335b has been successfully formatted.
2025-05-22 15:25:13,264 WARN  statemachine.StateMachine (ArithmeticStateMachine.java:loadSnapshot(115)) - The snapshot info is null.
2025-05-22 15:25:13,265 INFO  util.AwaitToRun (AwaitToRun.java:start(81)) - Thread[s9@group-5CA96AA9335B-cacheEviction-AwaitToRun,5,main] started
2025-05-22 15:25:13,265 INFO  segmented.SegmentedRaftLogWorker (SegmentedRaftLogWorker.java:<init>(191)) - new s9@group-5CA96AA9335B-SegmentedRaftLogWorker for RaftStorageImpl:Storage Directory /home/runner/work/ratis/ratis/ratis-examples/target/test/data/3b356627/MiniRaftClusterWithGrpcde84ffe6/s9/4f0bb2cb-1f5d-4479-b057-5ca96aa9335b
2025-05-22 15:25:13,267 INFO  segmented.SegmentedRaftLogWorker (SegmentedRaftLogWorker.java:lambda$new$0(142)) - s9@group-5CA96AA9335B-SegmentedRaftLogWorker: flushIndex: setUnconditionally 0 -> -1
2025-05-22 15:25:13,267 INFO  segmented.SegmentedRaftLogWorker (SegmentedRaftLogWorker.java:lambda$new$0(142)) - s9@group-5CA96AA9335B-SegmentedRaftLogWorker: safeCacheEvictIndex: setUnconditionally 0 -> -1
2025-05-22 15:25:13,268 INFO  server.RaftServer$Division (RaftServerImpl.java:start(414)) - s9@group-5CA96AA9335B: start with initializing state, conf=conf: {index: -1, cur=peers:[]|listeners:[], old=null}
2025-05-22 15:25:13,268 INFO  server.RaftServer$Division (RaftServerImpl.java:setRole(395)) - s9@group-5CA96AA9335B: changes role from      null to FOLLOWER at term 0 for start
2025-05-22 15:25:13,269 INFO  util.JmxRegister (JmxRegister.java:tryRegister(44)) - Successfully registered JMX Bean with object name Ratis:service=RaftServer,group=group-5CA96AA9335B,id=s9
2025-05-22 15:25:13,269 INFO  util.JmxRegister (JmxRegister.java:register(58)) - register mxBean class org.apache.ratis.server.impl.RaftServerJmxAdapter as Ratis:service=RaftServer,group=group-5CA96AA9335B,id=s9
2025-05-22 15:25:13,269 INFO  server.RaftServer$Division (RaftServerImpl.java:start(422)) - s9@group-5CA96AA9335B: Successfully started.
2025-05-22 15:25:13,269 INFO  server.RaftServer (RaftServerProxy.java:startImpl(413)) - s9: start RPC server
2025-05-22 15:25:13,271 INFO  server.GrpcServicesImpl (GrpcServicesImpl.java:startImpl(353)) - s9: GrpcServicesImpl started, listening on 15009
2025-05-22 15:25:13,271 INFO  util.JvmPauseMonitor (JvmPauseMonitor.java:run(146)) - JvmPauseMonitor-s9: Started
2025-05-22 15:25:13,271 INFO  server.RaftServerConfigKeys (ConfUtils.java:logGet(62)) - raft.server.storage.dir = [/home/runner/work/ratis/ratis/ratis-examples/target/test/data/3b356627/MiniRaftClusterWithGrpcde84ffe6/s11] (custom)
2025-05-22 15:25:13,271 INFO  storage.RaftStorageDirectory (RaftStorageDirectoryImpl.java:analyzeStorage(138)) - The storage directory /home/runner/work/ratis/ratis/ratis-examples/target/test/data/3b356627/MiniRaftClusterWithGrpcde84ffe6/s11/4f0bb2cb-1f5d-4479-b057-5ca96aa9335b does not exist. Creating ...
2025-05-22 15:25:13,272 TRACE util.FileUtils (LogUtils.java:runAndLog(49)) - Successfully ran Files.createDirectories /home/runner/work/ratis/ratis/ratis-examples/target/test/data/3b356627/MiniRaftClusterWithGrpcde84ffe6/s11/4f0bb2cb-1f5d-4479-b057-5ca96aa9335b
2025-05-22 15:25:13,273 INFO  storage.RaftStorageDirectory (RaftStorageDirectoryImpl.java:tryLock(229)) - Lock on /home/runner/work/ratis/ratis/ratis-examples/target/test/data/3b356627/MiniRaftClusterWithGrpcde84ffe6/s11/4f0bb2cb-1f5d-4479-b057-5ca96aa9335b/in_use.lock acquired by nodename 6133@fv-az1337-961
2025-05-22 15:25:13,273 TRACE util.FileUtils (LogUtils.java:runAndLog(49)) - Successfully ran Files.createDirectories /home/runner/work/ratis/ratis/ratis-examples/target/test/data/3b356627/MiniRaftClusterWithGrpcde84ffe6/s11/4f0bb2cb-1f5d-4479-b057-5ca96aa9335b/current
2025-05-22 15:25:13,273 TRACE util.FileUtils (LogUtils.java:runAndLog(49)) - Successfully ran Files.createDirectories /home/runner/work/ratis/ratis/ratis-examples/target/test/data/3b356627/MiniRaftClusterWithGrpcde84ffe6/s11/4f0bb2cb-1f5d-4479-b057-5ca96aa9335b/sm
2025-05-22 15:25:13,273 TRACE util.FileUtils (LogUtils.java:supplyAndLog(69)) - Successfully supplied FileChannel.open /home/runner/work/ratis/ratis/ratis-examples/target/test/data/3b356627/MiniRaftClusterWithGrpcde84ffe6/s11/4f0bb2cb-1f5d-4479-b057-5ca96aa9335b/current/raft-meta.tmp with options [CREATE, TRUNCATE_EXISTING, WRITE]: sun.nio.ch.FileChannelImpl@33d7eff6
2025-05-22 15:25:13,274 TRACE util.FileUtils (LogUtils.java:runAndLog(49)) - Successfully ran Atomic Files.move /home/runner/work/ratis/ratis/ratis-examples/target/test/data/3b356627/MiniRaftClusterWithGrpcde84ffe6/s11/4f0bb2cb-1f5d-4479-b057-5ca96aa9335b/current/raft-meta.tmp to /home/runner/work/ratis/ratis/ratis-examples/target/test/data/3b356627/MiniRaftClusterWithGrpcde84ffe6/s11/4f0bb2cb-1f5d-4479-b057-5ca96aa9335b/current/raft-meta with options [REPLACE_EXISTING]
2025-05-22 15:25:13,274 INFO  storage.RaftStorage (RaftStorageImpl.java:format(98)) - Storage directory /home/runner/work/ratis/ratis/ratis-examples/target/test/data/3b356627/MiniRaftClusterWithGrpcde84ffe6/s11/4f0bb2cb-1f5d-4479-b057-5ca96aa9335b has been successfully formatted.
2025-05-22 15:25:13,274 WARN  statemachine.StateMachine (ArithmeticStateMachine.java:loadSnapshot(115)) - The snapshot info is null.
2025-05-22 15:25:13,276 INFO  util.AwaitToRun (AwaitToRun.java:start(81)) - Thread[s11@group-5CA96AA9335B-cacheEviction-AwaitToRun,5,main] started
2025-05-22 15:25:13,276 INFO  segmented.SegmentedRaftLogWorker (SegmentedRaftLogWorker.java:<init>(191)) - new s11@group-5CA96AA9335B-SegmentedRaftLogWorker for RaftStorageImpl:Storage Directory /home/runner/work/ratis/ratis/ratis-examples/target/test/data/3b356627/MiniRaftClusterWithGrpcde84ffe6/s11/4f0bb2cb-1f5d-4479-b057-5ca96aa9335b
2025-05-22 15:25:13,279 INFO  segmented.SegmentedRaftLogWorker (SegmentedRaftLogWorker.java:lambda$new$0(142)) - s11@group-5CA96AA9335B-SegmentedRaftLogWorker: flushIndex: setUnconditionally 0 -> -1
2025-05-22 15:25:13,279 INFO  segmented.SegmentedRaftLogWorker (SegmentedRaftLogWorker.java:lambda$new$0(142)) - s11@group-5CA96AA9335B-SegmentedRaftLogWorker: safeCacheEvictIndex: setUnconditionally 0 -> -1
2025-05-22 15:25:13,279 INFO  server.RaftServer$Division (RaftServerImpl.java:start(414)) - s11@group-5CA96AA9335B: start with initializing state, conf=conf: {index: -1, cur=peers:[]|listeners:[], old=null}
2025-05-22 15:25:13,280 INFO  server.RaftServer$Division (RaftServerImpl.java:setRole(395)) - s11@group-5CA96AA9335B: changes role from      null to FOLLOWER at term 0 for start
2025-05-22 15:25:13,280 INFO  util.JmxRegister (JmxRegister.java:tryRegister(44)) - Successfully registered JMX Bean with object name Ratis:service=RaftServer,group=group-5CA96AA9335B,id=s11
2025-05-22 15:25:13,280 INFO  util.JmxRegister (JmxRegister.java:register(58)) - register mxBean class org.apache.ratis.server.impl.RaftServerJmxAdapter as Ratis:service=RaftServer,group=group-5CA96AA9335B,id=s11
2025-05-22 15:25:13,281 INFO  server.RaftServer$Division (RaftServerImpl.java:start(422)) - s11@group-5CA96AA9335B: Successfully started.
2025-05-22 15:25:13,281 INFO  server.RaftServer (RaftServerProxy.java:startImpl(413)) - s11: start RPC server
2025-05-22 15:25:13,283 INFO  server.GrpcServicesImpl (GrpcServicesImpl.java:startImpl(353)) - s11: GrpcServicesImpl started, listening on 15011
2025-05-22 15:25:13,284 INFO  util.JvmPauseMonitor (JvmPauseMonitor.java:run(146)) - JvmPauseMonitor-s11: Started
2025-05-22 15:25:13,285 INFO  server.RaftServerConfigKeys (ConfUtils.java:logGet(62)) - raft.server.storage.dir = [/home/runner/work/ratis/ratis/ratis-examples/target/test/data/3b356627/MiniRaftClusterWithGrpcde84ffe6/s10] (custom)
2025-05-22 15:25:13,285 INFO  storage.RaftStorageDirectory (RaftStorageDirectoryImpl.java:analyzeStorage(138)) - The storage directory /home/runner/work/ratis/ratis/ratis-examples/target/test/data/3b356627/MiniRaftClusterWithGrpcde84ffe6/s10/4f0bb2cb-1f5d-4479-b057-5ca96aa9335b does not exist. Creating ...
2025-05-22 15:25:13,286 TRACE util.FileUtils (LogUtils.java:runAndLog(49)) - Successfully ran Files.createDirectories /home/runner/work/ratis/ratis/ratis-examples/target/test/data/3b356627/MiniRaftClusterWithGrpcde84ffe6/s10/4f0bb2cb-1f5d-4479-b057-5ca96aa9335b
2025-05-22 15:25:13,286 INFO  storage.RaftStorageDirectory (RaftStorageDirectoryImpl.java:tryLock(229)) - Lock on /home/runner/work/ratis/ratis/ratis-examples/target/test/data/3b356627/MiniRaftClusterWithGrpcde84ffe6/s10/4f0bb2cb-1f5d-4479-b057-5ca96aa9335b/in_use.lock acquired by nodename 6133@fv-az1337-961
2025-05-22 15:25:13,286 TRACE util.FileUtils (LogUtils.java:runAndLog(49)) - Successfully ran Files.createDirectories /home/runner/work/ratis/ratis/ratis-examples/target/test/data/3b356627/MiniRaftClusterWithGrpcde84ffe6/s10/4f0bb2cb-1f5d-4479-b057-5ca96aa9335b/current
2025-05-22 15:25:13,287 TRACE util.FileUtils (LogUtils.java:runAndLog(49)) - Successfully ran Files.createDirectories /home/runner/work/ratis/ratis/ratis-examples/target/test/data/3b356627/MiniRaftClusterWithGrpcde84ffe6/s10/4f0bb2cb-1f5d-4479-b057-5ca96aa9335b/sm
2025-05-22 15:25:13,287 TRACE util.FileUtils (LogUtils.java:supplyAndLog(69)) - Successfully supplied FileChannel.open /home/runner/work/ratis/ratis/ratis-examples/target/test/data/3b356627/MiniRaftClusterWithGrpcde84ffe6/s10/4f0bb2cb-1f5d-4479-b057-5ca96aa9335b/current/raft-meta.tmp with options [CREATE, TRUNCATE_EXISTING, WRITE]: sun.nio.ch.FileChannelImpl@63f82845
2025-05-22 15:25:13,288 TRACE util.FileUtils (LogUtils.java:runAndLog(49)) - Successfully ran Atomic Files.move /home/runner/work/ratis/ratis/ratis-examples/target/test/data/3b356627/MiniRaftClusterWithGrpcde84ffe6/s10/4f0bb2cb-1f5d-4479-b057-5ca96aa9335b/current/raft-meta.tmp to /home/runner/work/ratis/ratis/ratis-examples/target/test/data/3b356627/MiniRaftClusterWithGrpcde84ffe6/s10/4f0bb2cb-1f5d-4479-b057-5ca96aa9335b/current/raft-meta with options [REPLACE_EXISTING]
2025-05-22 15:25:13,288 INFO  storage.RaftStorage (RaftStorageImpl.java:format(98)) - Storage directory /home/runner/work/ratis/ratis/ratis-examples/target/test/data/3b356627/MiniRaftClusterWithGrpcde84ffe6/s10/4f0bb2cb-1f5d-4479-b057-5ca96aa9335b has been successfully formatted.
2025-05-22 15:25:13,288 WARN  statemachine.StateMachine (ArithmeticStateMachine.java:loadSnapshot(115)) - The snapshot info is null.
2025-05-22 15:25:13,288 INFO  util.AwaitToRun (AwaitToRun.java:start(81)) - Thread[s10@group-5CA96AA9335B-cacheEviction-AwaitToRun,5,main] started
2025-05-22 15:25:13,288 INFO  segmented.SegmentedRaftLogWorker (SegmentedRaftLogWorker.java:<init>(191)) - new s10@group-5CA96AA9335B-SegmentedRaftLogWorker for RaftStorageImpl:Storage Directory /home/runner/work/ratis/ratis/ratis-examples/target/test/data/3b356627/MiniRaftClusterWithGrpcde84ffe6/s10/4f0bb2cb-1f5d-4479-b057-5ca96aa9335b
2025-05-22 15:25:13,291 INFO  segmented.SegmentedRaftLogWorker (SegmentedRaftLogWorker.java:lambda$new$0(142)) - s10@group-5CA96AA9335B-SegmentedRaftLogWorker: flushIndex: setUnconditionally 0 -> -1
2025-05-22 15:25:13,291 INFO  segmented.SegmentedRaftLogWorker (SegmentedRaftLogWorker.java:lambda$new$0(142)) - s10@group-5CA96AA9335B-SegmentedRaftLogWorker: safeCacheEvictIndex: setUnconditionally 0 -> -1
2025-05-22 15:25:13,291 INFO  server.RaftServer$Division (RaftServerImpl.java:start(414)) - s10@group-5CA96AA9335B: start with initializing state, conf=conf: {index: -1, cur=peers:[]|listeners:[], old=null}
2025-05-22 15:25:13,291 INFO  server.RaftServer$Division (RaftServerImpl.java:setRole(395)) - s10@group-5CA96AA9335B: changes role from      null to FOLLOWER at term 0 for start
2025-05-22 15:25:13,291 INFO  util.JmxRegister (JmxRegister.java:tryRegister(44)) - Successfully registered JMX Bean with object name Ratis:service=RaftServer,group=group-5CA96AA9335B,id=s10
2025-05-22 15:25:13,291 INFO  util.JmxRegister (JmxRegister.java:register(58)) - register mxBean class org.apache.ratis.server.impl.RaftServerJmxAdapter as Ratis:service=RaftServer,group=group-5CA96AA9335B,id=s10
2025-05-22 15:25:13,292 INFO  server.RaftServer$Division (RaftServerImpl.java:start(422)) - s10@group-5CA96AA9335B: Successfully started.
2025-05-22 15:25:13,292 INFO  server.RaftServer (RaftServerProxy.java:startImpl(413)) - s10: start RPC server
2025-05-22 15:25:13,294 INFO  server.GrpcServicesImpl (GrpcServicesImpl.java:startImpl(353)) - s10: GrpcServicesImpl started, listening on 15010
2025-05-22 15:25:13,295 INFO  util.JvmPauseMonitor (JvmPauseMonitor.java:run(146)) - JvmPauseMonitor-s10: Started
2025-05-22 15:25:13,295 INFO  server.RaftServerConfigKeys (ConfUtils.java:logGet(62)) - raft.server.storage.dir = [/home/runner/work/ratis/ratis/ratis-examples/target/test/data/3b356627/MiniRaftClusterWithGrpcde84ffe6/s13] (custom)
2025-05-22 15:25:13,295 INFO  storage.RaftStorageDirectory (RaftStorageDirectoryImpl.java:analyzeStorage(138)) - The storage directory /home/runner/work/ratis/ratis/ratis-examples/target/test/data/3b356627/MiniRaftClusterWithGrpcde84ffe6/s13/4f0bb2cb-1f5d-4479-b057-5ca96aa9335b does not exist. Creating ...
2025-05-22 15:25:13,295 TRACE util.FileUtils (LogUtils.java:runAndLog(49)) - Successfully ran Files.createDirectories /home/runner/work/ratis/ratis/ratis-examples/target/test/data/3b356627/MiniRaftClusterWithGrpcde84ffe6/s13/4f0bb2cb-1f5d-4479-b057-5ca96aa9335b
2025-05-22 15:25:13,297 INFO  storage.RaftStorageDirectory (RaftStorageDirectoryImpl.java:tryLock(229)) - Lock on /home/runner/work/ratis/ratis/ratis-examples/target/test/data/3b356627/MiniRaftClusterWithGrpcde84ffe6/s13/4f0bb2cb-1f5d-4479-b057-5ca96aa9335b/in_use.lock acquired by nodename 6133@fv-az1337-961
2025-05-22 15:25:13,297 TRACE util.FileUtils (LogUtils.java:runAndLog(49)) - Successfully ran Files.createDirectories /home/runner/work/ratis/ratis/ratis-examples/target/test/data/3b356627/MiniRaftClusterWithGrpcde84ffe6/s13/4f0bb2cb-1f5d-4479-b057-5ca96aa9335b/current
2025-05-22 15:25:13,297 TRACE util.FileUtils (LogUtils.java:runAndLog(49)) - Successfully ran Files.createDirectories /home/runner/work/ratis/ratis/ratis-examples/target/test/data/3b356627/MiniRaftClusterWithGrpcde84ffe6/s13/4f0bb2cb-1f5d-4479-b057-5ca96aa9335b/sm
2025-05-22 15:25:13,297 TRACE util.FileUtils (LogUtils.java:supplyAndLog(69)) - Successfully supplied FileChannel.open /home/runner/work/ratis/ratis/ratis-examples/target/test/data/3b356627/MiniRaftClusterWithGrpcde84ffe6/s13/4f0bb2cb-1f5d-4479-b057-5ca96aa9335b/current/raft-meta.tmp with options [CREATE, TRUNCATE_EXISTING, WRITE]: sun.nio.ch.FileChannelImpl@2407104c
2025-05-22 15:25:13,298 TRACE util.FileUtils (LogUtils.java:runAndLog(49)) - Successfully ran Atomic Files.move /home/runner/work/ratis/ratis/ratis-examples/target/test/data/3b356627/MiniRaftClusterWithGrpcde84ffe6/s13/4f0bb2cb-1f5d-4479-b057-5ca96aa9335b/current/raft-meta.tmp to /home/runner/work/ratis/ratis/ratis-examples/target/test/data/3b356627/MiniRaftClusterWithGrpcde84ffe6/s13/4f0bb2cb-1f5d-4479-b057-5ca96aa9335b/current/raft-meta with options [REPLACE_EXISTING]
2025-05-22 15:25:13,298 INFO  storage.RaftStorage (RaftStorageImpl.java:format(98)) - Storage directory /home/runner/work/ratis/ratis/ratis-examples/target/test/data/3b356627/MiniRaftClusterWithGrpcde84ffe6/s13/4f0bb2cb-1f5d-4479-b057-5ca96aa9335b has been successfully formatted.
2025-05-22 15:25:13,298 WARN  statemachine.StateMachine (ArithmeticStateMachine.java:loadSnapshot(115)) - The snapshot info is null.
2025-05-22 15:25:13,299 INFO  util.AwaitToRun (AwaitToRun.java:start(81)) - Thread[s13@group-5CA96AA9335B-cacheEviction-AwaitToRun,5,main] started
2025-05-22 15:25:13,299 INFO  segmented.SegmentedRaftLogWorker (SegmentedRaftLogWorker.java:<init>(191)) - new s13@group-5CA96AA9335B-SegmentedRaftLogWorker for RaftStorageImpl:Storage Directory /home/runner/work/ratis/ratis/ratis-examples/target/test/data/3b356627/MiniRaftClusterWithGrpcde84ffe6/s13/4f0bb2cb-1f5d-4479-b057-5ca96aa9335b
2025-05-22 15:25:13,302 INFO  segmented.SegmentedRaftLogWorker (SegmentedRaftLogWorker.java:lambda$new$0(142)) - s13@group-5CA96AA9335B-SegmentedRaftLogWorker: flushIndex: setUnconditionally 0 -> -1
2025-05-22 15:25:13,302 INFO  segmented.SegmentedRaftLogWorker (SegmentedRaftLogWorker.java:lambda$new$0(142)) - s13@group-5CA96AA9335B-SegmentedRaftLogWorker: safeCacheEvictIndex: setUnconditionally 0 -> -1
2025-05-22 15:25:13,302 INFO  server.RaftServer$Division (RaftServerImpl.java:start(414)) - s13@group-5CA96AA9335B: start with initializing state, conf=conf: {index: -1, cur=peers:[]|listeners:[], old=null}
2025-05-22 15:25:13,302 INFO  server.RaftServer$Division (RaftServerImpl.java:setRole(395)) - s13@group-5CA96AA9335B: changes role from      null to FOLLOWER at term 0 for start
2025-05-22 15:25:13,302 INFO  util.JmxRegister (JmxRegister.java:tryRegister(44)) - Successfully registered JMX Bean with object name Ratis:service=RaftServer,group=group-5CA96AA9335B,id=s13
2025-05-22 15:25:13,302 INFO  util.JmxRegister (JmxRegister.java:register(58)) - register mxBean class org.apache.ratis.server.impl.RaftServerJmxAdapter as Ratis:service=RaftServer,group=group-5CA96AA9335B,id=s13
2025-05-22 15:25:13,303 INFO  server.RaftServer$Division (RaftServerImpl.java:start(422)) - s13@group-5CA96AA9335B: Successfully started.
2025-05-22 15:25:13,303 INFO  server.RaftServer (RaftServerProxy.java:startImpl(413)) - s13: start RPC server
2025-05-22 15:25:13,305 INFO  server.GrpcServicesImpl (GrpcServicesImpl.java:startImpl(353)) - s13: GrpcServicesImpl started, listening on 15013
2025-05-22 15:25:13,306 INFO  util.JvmPauseMonitor (JvmPauseMonitor.java:run(146)) - JvmPauseMonitor-s13: Started
2025-05-22 15:25:13,306 INFO  server.RaftServerConfigKeys (ConfUtils.java:logGet(62)) - raft.server.storage.dir = [/home/runner/work/ratis/ratis/ratis-examples/target/test/data/3b356627/MiniRaftClusterWithGrpcde84ffe6/s12] (custom)
2025-05-22 15:25:13,306 INFO  storage.RaftStorageDirectory (RaftStorageDirectoryImpl.java:analyzeStorage(138)) - The storage directory /home/runner/work/ratis/ratis/ratis-examples/target/test/data/3b356627/MiniRaftClusterWithGrpcde84ffe6/s12/4f0bb2cb-1f5d-4479-b057-5ca96aa9335b does not exist. Creating ...
2025-05-22 15:25:13,306 TRACE util.FileUtils (LogUtils.java:runAndLog(49)) - Successfully ran Files.createDirectories /home/runner/work/ratis/ratis/ratis-examples/target/test/data/3b356627/MiniRaftClusterWithGrpcde84ffe6/s12/4f0bb2cb-1f5d-4479-b057-5ca96aa9335b
2025-05-22 15:25:13,307 INFO  storage.RaftStorageDirectory (RaftStorageDirectoryImpl.java:tryLock(229)) - Lock on /home/runner/work/ratis/ratis/ratis-examples/target/test/data/3b356627/MiniRaftClusterWithGrpcde84ffe6/s12/4f0bb2cb-1f5d-4479-b057-5ca96aa9335b/in_use.lock acquired by nodename 6133@fv-az1337-961
2025-05-22 15:25:13,307 TRACE util.FileUtils (LogUtils.java:runAndLog(49)) - Successfully ran Files.createDirectories /home/runner/work/ratis/ratis/ratis-examples/target/test/data/3b356627/MiniRaftClusterWithGrpcde84ffe6/s12/4f0bb2cb-1f5d-4479-b057-5ca96aa9335b/current
2025-05-22 15:25:13,308 TRACE util.FileUtils (LogUtils.java:runAndLog(49)) - Successfully ran Files.createDirectories /home/runner/work/ratis/ratis/ratis-examples/target/test/data/3b356627/MiniRaftClusterWithGrpcde84ffe6/s12/4f0bb2cb-1f5d-4479-b057-5ca96aa9335b/sm
2025-05-22 15:25:13,308 TRACE util.FileUtils (LogUtils.java:supplyAndLog(69)) - Successfully supplied FileChannel.open /home/runner/work/ratis/ratis/ratis-examples/target/test/data/3b356627/MiniRaftClusterWithGrpcde84ffe6/s12/4f0bb2cb-1f5d-4479-b057-5ca96aa9335b/current/raft-meta.tmp with options [CREATE, TRUNCATE_EXISTING, WRITE]: sun.nio.ch.FileChannelImpl@4bb1221e
2025-05-22 15:25:13,308 TRACE util.FileUtils (LogUtils.java:runAndLog(49)) - Successfully ran Atomic Files.move /home/runner/work/ratis/ratis/ratis-examples/target/test/data/3b356627/MiniRaftClusterWithGrpcde84ffe6/s12/4f0bb2cb-1f5d-4479-b057-5ca96aa9335b/current/raft-meta.tmp to /home/runner/work/ratis/ratis/ratis-examples/target/test/data/3b356627/MiniRaftClusterWithGrpcde84ffe6/s12/4f0bb2cb-1f5d-4479-b057-5ca96aa9335b/current/raft-meta with options [REPLACE_EXISTING]
2025-05-22 15:25:13,309 INFO  storage.RaftStorage (RaftStorageImpl.java:format(98)) - Storage directory /home/runner/work/ratis/ratis/ratis-examples/target/test/data/3b356627/MiniRaftClusterWithGrpcde84ffe6/s12/4f0bb2cb-1f5d-4479-b057-5ca96aa9335b has been successfully formatted.
2025-05-22 15:25:13,309 WARN  statemachine.StateMachine (ArithmeticStateMachine.java:loadSnapshot(115)) - The snapshot info is null.
2025-05-22 15:25:13,309 INFO  util.AwaitToRun (AwaitToRun.java:start(81)) - Thread[s12@group-5CA96AA9335B-cacheEviction-AwaitToRun,5,main] started
2025-05-22 15:25:13,309 INFO  segmented.SegmentedRaftLogWorker (SegmentedRaftLogWorker.java:<init>(191)) - new s12@group-5CA96AA9335B-SegmentedRaftLogWorker for RaftStorageImpl:Storage Directory /home/runner/work/ratis/ratis/ratis-examples/target/test/data/3b356627/MiniRaftClusterWithGrpcde84ffe6/s12/4f0bb2cb-1f5d-4479-b057-5ca96aa9335b
2025-05-22 15:25:13,311 INFO  segmented.SegmentedRaftLogWorker (SegmentedRaftLogWorker.java:lambda$new$0(142)) - s12@group-5CA96AA9335B-SegmentedRaftLogWorker: flushIndex: setUnconditionally 0 -> -1
2025-05-22 15:25:13,312 INFO  segmented.SegmentedRaftLogWorker (SegmentedRaftLogWorker.java:lambda$new$0(142)) - s12@group-5CA96AA9335B-SegmentedRaftLogWorker: safeCacheEvictIndex: setUnconditionally 0 -> -1
2025-05-22 15:25:13,312 INFO  server.RaftServer$Division (RaftServerImpl.java:start(414)) - s12@group-5CA96AA9335B: start with initializing state, conf=conf: {index: -1, cur=peers:[]|listeners:[], old=null}
2025-05-22 15:25:13,312 INFO  server.RaftServer$Division (RaftServerImpl.java:setRole(395)) - s12@group-5CA96AA9335B: changes role from      null to FOLLOWER at term 0 for start
2025-05-22 15:25:13,312 INFO  util.JmxRegister (JmxRegister.java:tryRegister(44)) - Successfully registered JMX Bean with object name Ratis:service=RaftServer,group=group-5CA96AA9335B,id=s12
2025-05-22 15:25:13,312 INFO  util.JmxRegister (JmxRegister.java:register(58)) - register mxBean class org.apache.ratis.server.impl.RaftServerJmxAdapter as Ratis:service=RaftServer,group=group-5CA96AA9335B,id=s12
2025-05-22 15:25:13,312 INFO  server.RaftServer$Division (RaftServerImpl.java:start(422)) - s12@group-5CA96AA9335B: Successfully started.
2025-05-22 15:25:13,313 INFO  server.RaftServer (RaftServerProxy.java:startImpl(413)) - s12: start RPC server
2025-05-22 15:25:13,314 INFO  server.GrpcServicesImpl (GrpcServicesImpl.java:startImpl(353)) - s12: GrpcServicesImpl started, listening on 15012
2025-05-22 15:25:13,315 INFO  util.JvmPauseMonitor (JvmPauseMonitor.java:run(146)) - JvmPauseMonitor-s12: Started
2025-05-22 15:25:13,315 INFO  server.RaftServerConfigKeys (ConfUtils.java:logGet(62)) - raft.server.storage.dir = [/home/runner/work/ratis/ratis/ratis-examples/target/test/data/3b356627/MiniRaftClusterWithGrpcde84ffe6/s14] (custom)
2025-05-22 15:25:13,315 INFO  storage.RaftStorageDirectory (RaftStorageDirectoryImpl.java:analyzeStorage(138)) - The storage directory /home/runner/work/ratis/ratis/ratis-examples/target/test/data/3b356627/MiniRaftClusterWithGrpcde84ffe6/s14/4f0bb2cb-1f5d-4479-b057-5ca96aa9335b does not exist. Creating ...
2025-05-22 15:25:13,316 TRACE util.FileUtils (LogUtils.java:runAndLog(49)) - Successfully ran Files.createDirectories /home/runner/work/ratis/ratis/ratis-examples/target/test/data/3b356627/MiniRaftClusterWithGrpcde84ffe6/s14/4f0bb2cb-1f5d-4479-b057-5ca96aa9335b
2025-05-22 15:25:13,316 INFO  storage.RaftStorageDirectory (RaftStorageDirectoryImpl.java:tryLock(229)) - Lock on /home/runner/work/ratis/ratis/ratis-examples/target/test/data/3b356627/MiniRaftClusterWithGrpcde84ffe6/s14/4f0bb2cb-1f5d-4479-b057-5ca96aa9335b/in_use.lock acquired by nodename 6133@fv-az1337-961
2025-05-22 15:25:13,316 TRACE util.FileUtils (LogUtils.java:runAndLog(49)) - Successfully ran Files.createDirectories /home/runner/work/ratis/ratis/ratis-examples/target/test/data/3b356627/MiniRaftClusterWithGrpcde84ffe6/s14/4f0bb2cb-1f5d-4479-b057-5ca96aa9335b/current
2025-05-22 15:25:13,317 TRACE util.FileUtils (LogUtils.java:runAndLog(49)) - Successfully ran Files.createDirectories /home/runner/work/ratis/ratis/ratis-examples/target/test/data/3b356627/MiniRaftClusterWithGrpcde84ffe6/s14/4f0bb2cb-1f5d-4479-b057-5ca96aa9335b/sm
2025-05-22 15:25:13,317 TRACE util.FileUtils (LogUtils.java:supplyAndLog(69)) - Successfully supplied FileChannel.open /home/runner/work/ratis/ratis/ratis-examples/target/test/data/3b356627/MiniRaftClusterWithGrpcde84ffe6/s14/4f0bb2cb-1f5d-4479-b057-5ca96aa9335b/current/raft-meta.tmp with options [CREATE, TRUNCATE_EXISTING, WRITE]: sun.nio.ch.FileChannelImpl@39032b13
2025-05-22 15:25:13,317 TRACE util.FileUtils (LogUtils.java:runAndLog(49)) - Successfully ran Atomic Files.move /home/runner/work/ratis/ratis/ratis-examples/target/test/data/3b356627/MiniRaftClusterWithGrpcde84ffe6/s14/4f0bb2cb-1f5d-4479-b057-5ca96aa9335b/current/raft-meta.tmp to /home/runner/work/ratis/ratis/ratis-examples/target/test/data/3b356627/MiniRaftClusterWithGrpcde84ffe6/s14/4f0bb2cb-1f5d-4479-b057-5ca96aa9335b/current/raft-meta with options [REPLACE_EXISTING]
2025-05-22 15:25:13,318 INFO  storage.RaftStorage (RaftStorageImpl.java:format(98)) - Storage directory /home/runner/work/ratis/ratis/ratis-examples/target/test/data/3b356627/MiniRaftClusterWithGrpcde84ffe6/s14/4f0bb2cb-1f5d-4479-b057-5ca96aa9335b has been successfully formatted.
2025-05-22 15:25:13,318 WARN  statemachine.StateMachine (ArithmeticStateMachine.java:loadSnapshot(115)) - The snapshot info is null.
2025-05-22 15:25:13,319 INFO  util.AwaitToRun (AwaitToRun.java:start(81)) - Thread[s14@group-5CA96AA9335B-cacheEviction-AwaitToRun,5,main] started
2025-05-22 15:25:13,319 INFO  segmented.SegmentedRaftLogWorker (SegmentedRaftLogWorker.java:<init>(191)) - new s14@group-5CA96AA9335B-SegmentedRaftLogWorker for RaftStorageImpl:Storage Directory /home/runner/work/ratis/ratis/ratis-examples/target/test/data/3b356627/MiniRaftClusterWithGrpcde84ffe6/s14/4f0bb2cb-1f5d-4479-b057-5ca96aa9335b
2025-05-22 15:25:13,321 INFO  segmented.SegmentedRaftLogWorker (SegmentedRaftLogWorker.java:lambda$new$0(142)) - s14@group-5CA96AA9335B-SegmentedRaftLogWorker: flushIndex: setUnconditionally 0 -> -1
2025-05-22 15:25:13,321 INFO  segmented.SegmentedRaftLogWorker (SegmentedRaftLogWorker.java:lambda$new$0(142)) - s14@group-5CA96AA9335B-SegmentedRaftLogWorker: safeCacheEvictIndex: setUnconditionally 0 -> -1
2025-05-22 15:25:13,321 INFO  server.RaftServer$Division (RaftServerImpl.java:start(414)) - s14@group-5CA96AA9335B: start with initializing state, conf=conf: {index: -1, cur=peers:[]|listeners:[], old=null}
2025-05-22 15:25:13,321 INFO  server.RaftServer$Division (RaftServerImpl.java:setRole(395)) - s14@group-5CA96AA9335B: changes role from      null to FOLLOWER at term 0 for start
2025-05-22 15:25:13,321 INFO  util.JmxRegister (JmxRegister.java:tryRegister(44)) - Successfully registered JMX Bean with object name Ratis:service=RaftServer,group=group-5CA96AA9335B,id=s14
2025-05-22 15:25:13,321 INFO  util.JmxRegister (JmxRegister.java:register(58)) - register mxBean class org.apache.ratis.server.impl.RaftServerJmxAdapter as Ratis:service=RaftServer,group=group-5CA96AA9335B,id=s14
2025-05-22 15:25:13,322 INFO  server.RaftServer$Division (RaftServerImpl.java:start(422)) - s14@group-5CA96AA9335B: Successfully started.
2025-05-22 15:25:13,322 INFO  server.RaftServer (RaftServerProxy.java:startImpl(413)) - s14: start RPC server
2025-05-22 15:25:13,323 INFO  server.GrpcServicesImpl (GrpcServicesImpl.java:startImpl(353)) - s14: GrpcServicesImpl started, listening on 15014
2025-05-22 15:25:13,324 INFO  server.RaftServerConfigKeys (ConfUtils.java:logGet(62)) - raft.server.storage.dir = [/home/runner/work/ratis/ratis/ratis-examples/target/test/data/3b356627/MiniRaftClusterWithGrpcde84ffe6/s0] (custom)
2025-05-22 15:25:13,324 INFO  storage.RaftStorageDirectory (RaftStorageDirectoryImpl.java:analyzeStorage(138)) - The storage directory /home/runner/work/ratis/ratis/ratis-examples/target/test/data/3b356627/MiniRaftClusterWithGrpcde84ffe6/s0/4f0bb2cb-1f5d-4479-b057-5ca96aa9335b does not exist. Creating ...
2025-05-22 15:25:13,324 TRACE util.FileUtils (LogUtils.java:runAndLog(49)) - Successfully ran Files.createDirectories /home/runner/work/ratis/ratis/ratis-examples/target/test/data/3b356627/MiniRaftClusterWithGrpcde84ffe6/s0/4f0bb2cb-1f5d-4479-b057-5ca96aa9335b
2025-05-22 15:25:13,325 INFO  util.JvmPauseMonitor (JvmPauseMonitor.java:run(146)) - JvmPauseMonitor-s14: Started
2025-05-22 15:25:13,326 INFO  storage.RaftStorageDirectory (RaftStorageDirectoryImpl.java:tryLock(229)) - Lock on /home/runner/work/ratis/ratis/ratis-examples/target/test/data/3b356627/MiniRaftClusterWithGrpcde84ffe6/s0/4f0bb2cb-1f5d-4479-b057-5ca96aa9335b/in_use.lock acquired by nodename 6133@fv-az1337-961
2025-05-22 15:25:13,326 TRACE util.FileUtils (LogUtils.java:runAndLog(49)) - Successfully ran Files.createDirectories /home/runner/work/ratis/ratis/ratis-examples/target/test/data/3b356627/MiniRaftClusterWithGrpcde84ffe6/s0/4f0bb2cb-1f5d-4479-b057-5ca96aa9335b/current
2025-05-22 15:25:13,326 TRACE util.FileUtils (LogUtils.java:runAndLog(49)) - Successfully ran Files.createDirectories /home/runner/work/ratis/ratis/ratis-examples/target/test/data/3b356627/MiniRaftClusterWithGrpcde84ffe6/s0/4f0bb2cb-1f5d-4479-b057-5ca96aa9335b/sm
2025-05-22 15:25:13,327 TRACE util.FileUtils (LogUtils.java:supplyAndLog(69)) - Successfully supplied FileChannel.open /home/runner/work/ratis/ratis/ratis-examples/target/test/data/3b356627/MiniRaftClusterWithGrpcde84ffe6/s0/4f0bb2cb-1f5d-4479-b057-5ca96aa9335b/current/raft-meta.tmp with options [CREATE, TRUNCATE_EXISTING, WRITE]: sun.nio.ch.FileChannelImpl@2f1f5d4b
2025-05-22 15:25:13,327 TRACE util.FileUtils (LogUtils.java:runAndLog(49)) - Successfully ran Atomic Files.move /home/runner/work/ratis/ratis/ratis-examples/target/test/data/3b356627/MiniRaftClusterWithGrpcde84ffe6/s0/4f0bb2cb-1f5d-4479-b057-5ca96aa9335b/current/raft-meta.tmp to /home/runner/work/ratis/ratis/ratis-examples/target/test/data/3b356627/MiniRaftClusterWithGrpcde84ffe6/s0/4f0bb2cb-1f5d-4479-b057-5ca96aa9335b/current/raft-meta with options [REPLACE_EXISTING]
2025-05-22 15:25:13,328 INFO  storage.RaftStorage (RaftStorageImpl.java:format(98)) - Storage directory /home/runner/work/ratis/ratis/ratis-examples/target/test/data/3b356627/MiniRaftClusterWithGrpcde84ffe6/s0/4f0bb2cb-1f5d-4479-b057-5ca96aa9335b has been successfully formatted.
2025-05-22 15:25:13,328 WARN  statemachine.StateMachine (ArithmeticStateMachine.java:loadSnapshot(115)) - The snapshot info is null.
2025-05-22 15:25:13,328 INFO  util.AwaitToRun (AwaitToRun.java:start(81)) - Thread[s0@group-5CA96AA9335B-cacheEviction-AwaitToRun,5,main] started
2025-05-22 15:25:13,328 INFO  segmented.SegmentedRaftLogWorker (SegmentedRaftLogWorker.java:<init>(191)) - new s0@group-5CA96AA9335B-SegmentedRaftLogWorker for RaftStorageImpl:Storage Directory /home/runner/work/ratis/ratis/ratis-examples/target/test/data/3b356627/MiniRaftClusterWithGrpcde84ffe6/s0/4f0bb2cb-1f5d-4479-b057-5ca96aa9335b
2025-05-22 15:25:13,330 INFO  segmented.SegmentedRaftLogWorker (SegmentedRaftLogWorker.java:lambda$new$0(142)) - s0@group-5CA96AA9335B-SegmentedRaftLogWorker: flushIndex: setUnconditionally 0 -> -1
2025-05-22 15:25:13,330 INFO  segmented.SegmentedRaftLogWorker (SegmentedRaftLogWorker.java:lambda$new$0(142)) - s0@group-5CA96AA9335B-SegmentedRaftLogWorker: safeCacheEvictIndex: setUnconditionally 0 -> -1
2025-05-22 15:25:13,331 INFO  server.RaftServer$Division (RaftServerImpl.java:start(414)) - s0@group-5CA96AA9335B: start with initializing state, conf=conf: {index: -1, cur=peers:[]|listeners:[], old=null}
2025-05-22 15:25:13,331 INFO  server.RaftServer$Division (RaftServerImpl.java:setRole(395)) - s0@group-5CA96AA9335B: changes role from      null to FOLLOWER at term 0 for start
2025-05-22 15:25:13,331 INFO  util.JmxRegister (JmxRegister.java:tryRegister(44)) - Successfully registered JMX Bean with object name Ratis:service=RaftServer,group=group-5CA96AA9335B,id=s0
2025-05-22 15:25:13,331 INFO  util.JmxRegister (JmxRegister.java:register(58)) - register mxBean class org.apache.ratis.server.impl.RaftServerJmxAdapter as Ratis:service=RaftServer,group=group-5CA96AA9335B,id=s0
2025-05-22 15:25:13,332 INFO  server.RaftServer$Division (RaftServerImpl.java:start(422)) - s0@group-5CA96AA9335B: Successfully started.
2025-05-22 15:25:13,332 INFO  server.RaftServer (RaftServerProxy.java:startImpl(413)) - s0: start RPC server
2025-05-22 15:25:13,333 INFO  server.GrpcServicesImpl (GrpcServicesImpl.java:startImpl(353)) - s0: GrpcServicesImpl started, listening on 15000
2025-05-22 15:25:13,334 INFO  util.JvmPauseMonitor (JvmPauseMonitor.java:run(146)) - JvmPauseMonitor-s0: Started
2025-05-22 15:25:13,334 INFO  server.RaftServerConfigKeys (ConfUtils.java:logGet(62)) - raft.server.storage.dir = [/home/runner/work/ratis/ratis/ratis-examples/target/test/data/3b356627/MiniRaftClusterWithGrpcde84ffe6/s1] (custom)
2025-05-22 15:25:13,335 INFO  storage.RaftStorageDirectory (RaftStorageDirectoryImpl.java:analyzeStorage(138)) - The storage directory /home/runner/work/ratis/ratis/ratis-examples/target/test/data/3b356627/MiniRaftClusterWithGrpcde84ffe6/s1/4f0bb2cb-1f5d-4479-b057-5ca96aa9335b does not exist. Creating ...
2025-05-22 15:25:13,335 TRACE util.FileUtils (LogUtils.java:runAndLog(49)) - Successfully ran Files.createDirectories /home/runner/work/ratis/ratis/ratis-examples/target/test/data/3b356627/MiniRaftClusterWithGrpcde84ffe6/s1/4f0bb2cb-1f5d-4479-b057-5ca96aa9335b
2025-05-22 15:25:13,336 INFO  storage.RaftStorageDirectory (RaftStorageDirectoryImpl.java:tryLock(229)) - Lock on /home/runner/work/ratis/ratis/ratis-examples/target/test/data/3b356627/MiniRaftClusterWithGrpcde84ffe6/s1/4f0bb2cb-1f5d-4479-b057-5ca96aa9335b/in_use.lock acquired by nodename 6133@fv-az1337-961
2025-05-22 15:25:13,336 TRACE util.FileUtils (LogUtils.java:runAndLog(49)) - Successfully ran Files.createDirectories /home/runner/work/ratis/ratis/ratis-examples/target/test/data/3b356627/MiniRaftClusterWithGrpcde84ffe6/s1/4f0bb2cb-1f5d-4479-b057-5ca96aa9335b/current
2025-05-22 15:25:13,336 TRACE util.FileUtils (LogUtils.java:runAndLog(49)) - Successfully ran Files.createDirectories /home/runner/work/ratis/ratis/ratis-examples/target/test/data/3b356627/MiniRaftClusterWithGrpcde84ffe6/s1/4f0bb2cb-1f5d-4479-b057-5ca96aa9335b/sm
2025-05-22 15:25:13,336 TRACE util.FileUtils (LogUtils.java:supplyAndLog(69)) - Successfully supplied FileChannel.open /home/runner/work/ratis/ratis/ratis-examples/target/test/data/3b356627/MiniRaftClusterWithGrpcde84ffe6/s1/4f0bb2cb-1f5d-4479-b057-5ca96aa9335b/current/raft-meta.tmp with options [CREATE, TRUNCATE_EXISTING, WRITE]: sun.nio.ch.FileChannelImpl@4ca5e320
2025-05-22 15:25:13,337 TRACE util.FileUtils (LogUtils.java:runAndLog(49)) - Successfully ran Atomic Files.move /home/runner/work/ratis/ratis/ratis-examples/target/test/data/3b356627/MiniRaftClusterWithGrpcde84ffe6/s1/4f0bb2cb-1f5d-4479-b057-5ca96aa9335b/current/raft-meta.tmp to /home/runner/work/ratis/ratis/ratis-examples/target/test/data/3b356627/MiniRaftClusterWithGrpcde84ffe6/s1/4f0bb2cb-1f5d-4479-b057-5ca96aa9335b/current/raft-meta with options [REPLACE_EXISTING]
2025-05-22 15:25:13,337 INFO  storage.RaftStorage (RaftStorageImpl.java:format(98)) - Storage directory /home/runner/work/ratis/ratis/ratis-examples/target/test/data/3b356627/MiniRaftClusterWithGrpcde84ffe6/s1/4f0bb2cb-1f5d-4479-b057-5ca96aa9335b has been successfully formatted.
2025-05-22 15:25:13,337 WARN  statemachine.StateMachine (ArithmeticStateMachine.java:loadSnapshot(115)) - The snapshot info is null.
2025-05-22 15:25:13,338 INFO  util.AwaitToRun (AwaitToRun.java:start(81)) - Thread[s1@group-5CA96AA9335B-cacheEviction-AwaitToRun,5,main] started
2025-05-22 15:25:13,338 INFO  segmented.SegmentedRaftLogWorker (SegmentedRaftLogWorker.java:<init>(191)) - new s1@group-5CA96AA9335B-SegmentedRaftLogWorker for RaftStorageImpl:Storage Directory /home/runner/work/ratis/ratis/ratis-examples/target/test/data/3b356627/MiniRaftClusterWithGrpcde84ffe6/s1/4f0bb2cb-1f5d-4479-b057-5ca96aa9335b
2025-05-22 15:25:13,339 INFO  segmented.SegmentedRaftLogWorker (SegmentedRaftLogWorker.java:lambda$new$0(142)) - s1@group-5CA96AA9335B-SegmentedRaftLogWorker: flushIndex: setUnconditionally 0 -> -1
2025-05-22 15:25:13,339 INFO  segmented.SegmentedRaftLogWorker (SegmentedRaftLogWorker.java:lambda$new$0(142)) - s1@group-5CA96AA9335B-SegmentedRaftLogWorker: safeCacheEvictIndex: setUnconditionally 0 -> -1
2025-05-22 15:25:13,339 INFO  server.RaftServer$Division (RaftServerImpl.java:start(414)) - s1@group-5CA96AA9335B: start with initializing state, conf=conf: {index: -1, cur=peers:[]|listeners:[], old=null}
2025-05-22 15:25:13,339 INFO  server.RaftServer$Division (RaftServerImpl.java:setRole(395)) - s1@group-5CA96AA9335B: changes role from      null to FOLLOWER at term 0 for start
2025-05-22 15:25:13,339 INFO  util.JmxRegister (JmxRegister.java:tryRegister(44)) - Successfully registered JMX Bean with object name Ratis:service=RaftServer,group=group-5CA96AA9335B,id=s1
2025-05-22 15:25:13,340 INFO  util.JmxRegister (JmxRegister.java:register(58)) - register mxBean class org.apache.ratis.server.impl.RaftServerJmxAdapter as Ratis:service=RaftServer,group=group-5CA96AA9335B,id=s1
2025-05-22 15:25:13,340 INFO  server.RaftServer$Division (RaftServerImpl.java:start(422)) - s1@group-5CA96AA9335B: Successfully started.
2025-05-22 15:25:13,340 INFO  server.RaftServer (RaftServerProxy.java:startImpl(413)) - s1: start RPC server
2025-05-22 15:25:13,342 INFO  server.GrpcServicesImpl (GrpcServicesImpl.java:startImpl(353)) - s1: GrpcServicesImpl started, listening on 15001
2025-05-22 15:25:13,342 INFO  util.JvmPauseMonitor (JvmPauseMonitor.java:run(146)) - JvmPauseMonitor-s1: Started
2025-05-22 15:25:13,343 INFO  server.RaftServerConfigKeys (ConfUtils.java:logGet(62)) - raft.server.storage.dir = [/home/runner/work/ratis/ratis/ratis-examples/target/test/data/3b356627/MiniRaftClusterWithGrpcde84ffe6/s2] (custom)
2025-05-22 15:25:13,343 INFO  storage.RaftStorageDirectory (RaftStorageDirectoryImpl.java:analyzeStorage(138)) - The storage directory /home/runner/work/ratis/ratis/ratis-examples/target/test/data/3b356627/MiniRaftClusterWithGrpcde84ffe6/s2/4f0bb2cb-1f5d-4479-b057-5ca96aa9335b does not exist. Creating ...
2025-05-22 15:25:13,343 TRACE util.FileUtils (LogUtils.java:runAndLog(49)) - Successfully ran Files.createDirectories /home/runner/work/ratis/ratis/ratis-examples/target/test/data/3b356627/MiniRaftClusterWithGrpcde84ffe6/s2/4f0bb2cb-1f5d-4479-b057-5ca96aa9335b
2025-05-22 15:25:13,344 INFO  storage.RaftStorageDirectory (RaftStorageDirectoryImpl.java:tryLock(229)) - Lock on /home/runner/work/ratis/ratis/ratis-examples/target/test/data/3b356627/MiniRaftClusterWithGrpcde84ffe6/s2/4f0bb2cb-1f5d-4479-b057-5ca96aa9335b/in_use.lock acquired by nodename 6133@fv-az1337-961
2025-05-22 15:25:13,345 TRACE util.FileUtils (LogUtils.java:runAndLog(49)) - Successfully ran Files.createDirectories /home/runner/work/ratis/ratis/ratis-examples/target/test/data/3b356627/MiniRaftClusterWithGrpcde84ffe6/s2/4f0bb2cb-1f5d-4479-b057-5ca96aa9335b/current
2025-05-22 15:25:13,345 TRACE util.FileUtils (LogUtils.java:runAndLog(49)) - Successfully ran Files.createDirectories /home/runner/work/ratis/ratis/ratis-examples/target/test/data/3b356627/MiniRaftClusterWithGrpcde84ffe6/s2/4f0bb2cb-1f5d-4479-b057-5ca96aa9335b/sm
2025-05-22 15:25:13,345 TRACE util.FileUtils (LogUtils.java:supplyAndLog(69)) - Successfully supplied FileChannel.open /home/runner/work/ratis/ratis/ratis-examples/target/test/data/3b356627/MiniRaftClusterWithGrpcde84ffe6/s2/4f0bb2cb-1f5d-4479-b057-5ca96aa9335b/current/raft-meta.tmp with options [CREATE, TRUNCATE_EXISTING, WRITE]: sun.nio.ch.FileChannelImpl@45e56416
2025-05-22 15:25:13,346 TRACE util.FileUtils (LogUtils.java:runAndLog(49)) - Successfully ran Atomic Files.move /home/runner/work/ratis/ratis/ratis-examples/target/test/data/3b356627/MiniRaftClusterWithGrpcde84ffe6/s2/4f0bb2cb-1f5d-4479-b057-5ca96aa9335b/current/raft-meta.tmp to /home/runner/work/ratis/ratis/ratis-examples/target/test/data/3b356627/MiniRaftClusterWithGrpcde84ffe6/s2/4f0bb2cb-1f5d-4479-b057-5ca96aa9335b/current/raft-meta with options [REPLACE_EXISTING]
2025-05-22 15:25:13,346 INFO  storage.RaftStorage (RaftStorageImpl.java:format(98)) - Storage directory /home/runner/work/ratis/ratis/ratis-examples/target/test/data/3b356627/MiniRaftClusterWithGrpcde84ffe6/s2/4f0bb2cb-1f5d-4479-b057-5ca96aa9335b has been successfully formatted.
2025-05-22 15:25:13,346 WARN  statemachine.StateMachine (ArithmeticStateMachine.java:loadSnapshot(115)) - The snapshot info is null.
2025-05-22 15:25:13,346 INFO  util.AwaitToRun (AwaitToRun.java:start(81)) - Thread[s2@group-5CA96AA9335B-cacheEviction-AwaitToRun,5,main] started
2025-05-22 15:25:13,347 INFO  segmented.SegmentedRaftLogWorker (SegmentedRaftLogWorker.java:<init>(191)) - new s2@group-5CA96AA9335B-SegmentedRaftLogWorker for RaftStorageImpl:Storage Directory /home/runner/work/ratis/ratis/ratis-examples/target/test/data/3b356627/MiniRaftClusterWithGrpcde84ffe6/s2/4f0bb2cb-1f5d-4479-b057-5ca96aa9335b
2025-05-22 15:25:13,348 INFO  segmented.SegmentedRaftLogWorker (SegmentedRaftLogWorker.java:lambda$new$0(142)) - s2@group-5CA96AA9335B-SegmentedRaftLogWorker: flushIndex: setUnconditionally 0 -> -1
2025-05-22 15:25:13,349 INFO  segmented.SegmentedRaftLogWorker (SegmentedRaftLogWorker.java:lambda$new$0(142)) - s2@group-5CA96AA9335B-SegmentedRaftLogWorker: safeCacheEvictIndex: setUnconditionally 0 -> -1
2025-05-22 15:25:13,349 INFO  server.RaftServer$Division (RaftServerImpl.java:start(414)) - s2@group-5CA96AA9335B: start with initializing state, conf=conf: {index: -1, cur=peers:[]|listeners:[], old=null}
2025-05-22 15:25:13,349 INFO  server.RaftServer$Division (RaftServerImpl.java:setRole(395)) - s2@group-5CA96AA9335B: changes role from      null to FOLLOWER at term 0 for start
2025-05-22 15:25:13,349 INFO  util.JmxRegister (JmxRegister.java:tryRegister(44)) - Successfully registered JMX Bean with object name Ratis:service=RaftServer,group=group-5CA96AA9335B,id=s2
2025-05-22 15:25:13,349 INFO  util.JmxRegister (JmxRegister.java:register(58)) - register mxBean class org.apache.ratis.server.impl.RaftServerJmxAdapter as Ratis:service=RaftServer,group=group-5CA96AA9335B,id=s2
2025-05-22 15:25:13,350 INFO  server.RaftServer$Division (RaftServerImpl.java:start(422)) - s2@group-5CA96AA9335B: Successfully started.
2025-05-22 15:25:13,350 INFO  server.RaftServer (RaftServerProxy.java:startImpl(413)) - s2: start RPC server
2025-05-22 15:25:13,351 INFO  server.GrpcServicesImpl (GrpcServicesImpl.java:startImpl(353)) - s2: GrpcServicesImpl started, listening on 15002
2025-05-22 15:25:13,352 INFO  util.JvmPauseMonitor (JvmPauseMonitor.java:run(146)) - JvmPauseMonitor-s2: Started
2025-05-22 15:25:14,353 INFO  impl.GroupManagementBaseTest (GroupManagementBaseTest.java:runMultiGroupTest(269)) - start: printing ALL groups
  s3:  RUNNING  FOLLOWER (STARTING): s3@group-5CA96AA9335B:t0, leader=null, voted=, raftlog=Memoized:s3@group-5CA96AA9335B-SegmentedRaftLog:OPENED:c-1:lastnull, conf=conf: {index: -1, cur=peers:[]|listeners:[], old=null}
  s4:  RUNNING  FOLLOWER (STARTING): s4@group-5CA96AA9335B:t0, leader=null, voted=, raftlog=Memoized:s4@group-5CA96AA9335B-SegmentedRaftLog:OPENED:c-1:lastnull, conf=conf: {index: -1, cur=peers:[]|listeners:[], old=null}
  s5:  RUNNING  FOLLOWER (STARTING): s5@group-5CA96AA9335B:t0, leader=null, voted=, raftlog=Memoized:s5@group-5CA96AA9335B-SegmentedRaftLog:OPENED:c-1:lastnull, conf=conf: {index: -1, cur=peers:[]|listeners:[], old=null}
  s6:  RUNNING  FOLLOWER (STARTING): s6@group-5CA96AA9335B:t0, leader=null, voted=, raftlog=Memoized:s6@group-5CA96AA9335B-SegmentedRaftLog:OPENED:c-1:lastnull, conf=conf: {index: -1, cur=peers:[]|listeners:[], old=null}
  s7:  RUNNING  FOLLOWER (STARTING): s7@group-5CA96AA9335B:t0, leader=null, voted=, raftlog=Memoized:s7@group-5CA96AA9335B-SegmentedRaftLog:OPENED:c-1:lastnull, conf=conf: {index: -1, cur=peers:[]|listeners:[], old=null}
  s8:  RUNNING  FOLLOWER (STARTING): s8@group-5CA96AA9335B:t0, leader=null, voted=, raftlog=Memoized:s8@group-5CA96AA9335B-SegmentedRaftLog:OPENED:c-1:lastnull, conf=conf: {index: -1, cur=peers:[]|listeners:[], old=null}
  s9:  RUNNING  FOLLOWER (STARTING): s9@group-5CA96AA9335B:t0, leader=null, voted=, raftlog=Memoized:s9@group-5CA96AA9335B-SegmentedRaftLog:OPENED:c-1:lastnull, conf=conf: {index: -1, cur=peers:[]|listeners:[], old=null}
  s11:  RUNNING  FOLLOWER (STARTING): s11@group-5CA96AA9335B:t0, leader=null, voted=, raftlog=Memoized:s11@group-5CA96AA9335B-SegmentedRaftLog:OPENED:c-1:lastnull, conf=conf: {index: -1, cur=peers:[]|listeners:[], old=null}
  s10:  RUNNING  FOLLOWER (STARTING): s10@group-5CA96AA9335B:t0, leader=null, voted=, raftlog=Memoized:s10@group-5CA96AA9335B-SegmentedRaftLog:OPENED:c-1:lastnull, conf=conf: {index: -1, cur=peers:[]|listeners:[], old=null}
  s13:  RUNNING  FOLLOWER (STARTING): s13@group-5CA96AA9335B:t0, leader=null, voted=, raftlog=Memoized:s13@group-5CA96AA9335B-SegmentedRaftLog:OPENED:c-1:lastnull, conf=conf: {index: -1, cur=peers:[]|listeners:[], old=null}
  s12:  RUNNING  FOLLOWER (STARTING): s12@group-5CA96AA9335B:t0, leader=null, voted=, raftlog=Memoized:s12@group-5CA96AA9335B-SegmentedRaftLog:OPENED:c-1:lastnull, conf=conf: {index: -1, cur=peers:[]|listeners:[], old=null}
  s14:  RUNNING  FOLLOWER (STARTING): s14@group-5CA96AA9335B:t0, leader=null, voted=, raftlog=Memoized:s14@group-5CA96AA9335B-SegmentedRaftLog:OPENED:c-1:lastnull, conf=conf: {index: -1, cur=peers:[]|listeners:[], old=null}
  s0:  RUNNING  FOLLOWER (STARTING): s0@group-5CA96AA9335B:t0, leader=null, voted=, raftlog=Memoized:s0@group-5CA96AA9335B-SegmentedRaftLog:OPENED:c-1:lastnull, conf=conf: {index: -1, cur=peers:[]|listeners:[], old=null}
  s1:  RUNNING  FOLLOWER (STARTING): s1@group-5CA96AA9335B:t0, leader=null, voted=, raftlog=Memoized:s1@group-5CA96AA9335B-SegmentedRaftLog:OPENED:c-1:lastnull, conf=conf: {index: -1, cur=peers:[]|listeners:[], old=null}
  s2:  RUNNING  FOLLOWER (STARTING): s2@group-5CA96AA9335B:t0, leader=null, voted=, raftlog=Memoized:s2@group-5CA96AA9335B-SegmentedRaftLog:OPENED:c-1:lastnull, conf=conf: {index: -1, cur=peers:[]|listeners:[], old=null}
2025-05-22 15:25:14,354 INFO  impl.GroupManagementBaseTest (GroupManagementBaseTest.java:runMultiGroupTest(283)) - 0) starting group-B21D4752B5F9:[s10|0.0.0.0:15010, s0|0.0.0.0:15000, s1|0.0.0.0:15001]
2025-05-22 15:25:14,771 INFO  server.RaftServer (RaftServerProxy.java:addNew(106)) - s0: addNew group-B21D4752B5F9:[s10|0.0.0.0:15010, s0|0.0.0.0:15000, s1|0.0.0.0:15001] returns group-B21D4752B5F9:java.util.concurrent.CompletableFuture@6b54f07[Not completed]
2025-05-22 15:25:14,772 INFO  server.RaftServer$Division (RaftServerImpl.java:<init>(271)) - s0: new RaftServerImpl for group-B21D4752B5F9:[s10|0.0.0.0:15010, s0|0.0.0.0:15000, s1|0.0.0.0:15001] with ArithmeticStateMachine:uninitialized
2025-05-22 15:25:14,772 INFO  server.RaftServer$Division (ServerState.java:<init>(114)) - s0@group-B21D4752B5F9: ConfigurationManager, init=conf: {index: -1, cur=peers:[s10|0.0.0.0:15010, s0|0.0.0.0:15000, s1|0.0.0.0:15001]|listeners:[], old=null}, confs=<EMPTY_MAP>
2025-05-22 15:25:14,773 INFO  server.RaftServerConfigKeys (ConfUtils.java:logGet(62)) - raft.server.storage.dir = [/home/runner/work/ratis/ratis/ratis-examples/target/test/data/3b356627/MiniRaftClusterWithGrpcde84ffe6/s0] (custom)
2025-05-22 15:25:14,774 INFO  storage.RaftStorageDirectory (RaftStorageDirectoryImpl.java:analyzeStorage(138)) - The storage directory /home/runner/work/ratis/ratis/ratis-examples/target/test/data/3b356627/MiniRaftClusterWithGrpcde84ffe6/s0/4fcb8f03-4e21-4ddc-a6fd-b21d4752b5f9 does not exist. Creating ...
2025-05-22 15:25:14,774 TRACE util.FileUtils (LogUtils.java:runAndLog(49)) - Successfully ran Files.createDirectories /home/runner/work/ratis/ratis/ratis-examples/target/test/data/3b356627/MiniRaftClusterWithGrpcde84ffe6/s0/4fcb8f03-4e21-4ddc-a6fd-b21d4752b5f9
2025-05-22 15:25:14,777 INFO  storage.RaftStorageDirectory (RaftStorageDirectoryImpl.java:tryLock(229)) - Lock on /home/runner/work/ratis/ratis/ratis-examples/target/test/data/3b356627/MiniRaftClusterWithGrpcde84ffe6/s0/4fcb8f03-4e21-4ddc-a6fd-b21d4752b5f9/in_use.lock acquired by nodename 6133@fv-az1337-961
2025-05-22 15:25:14,777 TRACE util.FileUtils (LogUtils.java:runAndLog(49)) - Successfully ran Files.createDirectories /home/runner/work/ratis/ratis/ratis-examples/target/test/data/3b356627/MiniRaftClusterWithGrpcde84ffe6/s0/4fcb8f03-4e21-4ddc-a6fd-b21d4752b5f9/current
2025-05-22 15:25:14,777 TRACE util.FileUtils (LogUtils.java:runAndLog(49)) - Successfully ran Files.createDirectories /home/runner/work/ratis/ratis/ratis-examples/target/test/data/3b356627/MiniRaftClusterWithGrpcde84ffe6/s0/4fcb8f03-4e21-4ddc-a6fd-b21d4752b5f9/sm
2025-05-22 15:25:14,777 TRACE util.FileUtils (LogUtils.java:supplyAndLog(69)) - Successfully supplied FileChannel.open /home/runner/work/ratis/ratis/ratis-examples/target/test/data/3b356627/MiniRaftClusterWithGrpcde84ffe6/s0/4fcb8f03-4e21-4ddc-a6fd-b21d4752b5f9/current/raft-meta.tmp with options [CREATE, TRUNCATE_EXISTING, WRITE]: sun.nio.ch.FileChannelImpl@3c3dc7dd
2025-05-22 15:25:14,778 TRACE util.FileUtils (LogUtils.java:runAndLog(49)) - Successfully ran Atomic Files.move /home/runner/work/ratis/ratis/ratis-examples/target/test/data/3b356627/MiniRaftClusterWithGrpcde84ffe6/s0/4fcb8f03-4e21-4ddc-a6fd-b21d4752b5f9/current/raft-meta.tmp to /home/runner/work/ratis/ratis/ratis-examples/target/test/data/3b356627/MiniRaftClusterWithGrpcde84ffe6/s0/4fcb8f03-4e21-4ddc-a6fd-b21d4752b5f9/current/raft-meta with options [REPLACE_EXISTING]
2025-05-22 15:25:14,779 INFO  storage.RaftStorage (RaftStorageImpl.java:format(98)) - Storage directory /home/runner/work/ratis/ratis/ratis-examples/target/test/data/3b356627/MiniRaftClusterWithGrpcde84ffe6/s0/4fcb8f03-4e21-4ddc-a6fd-b21d4752b5f9 has been successfully formatted.
2025-05-22 15:25:14,779 WARN  statemachine.StateMachine (ArithmeticStateMachine.java:loadSnapshot(115)) - The snapshot info is null.
2025-05-22 15:25:14,780 INFO  util.AwaitToRun (AwaitToRun.java:start(81)) - Thread[s0@group-B21D4752B5F9-cacheEviction-AwaitToRun,5,main] started
2025-05-22 15:25:14,780 INFO  segmented.SegmentedRaftLogWorker (SegmentedRaftLogWorker.java:<init>(191)) - new s0@group-B21D4752B5F9-SegmentedRaftLogWorker for RaftStorageImpl:Storage Directory /home/runner/work/ratis/ratis/ratis-examples/target/test/data/3b356627/MiniRaftClusterWithGrpcde84ffe6/s0/4fcb8f03-4e21-4ddc-a6fd-b21d4752b5f9
2025-05-22 15:25:14,782 INFO  segmented.SegmentedRaftLogWorker (SegmentedRaftLogWorker.java:lambda$new$0(142)) - s0@group-B21D4752B5F9-SegmentedRaftLogWorker: flushIndex: setUnconditionally 0 -> -1
2025-05-22 15:25:14,783 INFO  segmented.SegmentedRaftLogWorker (SegmentedRaftLogWorker.java:lambda$new$0(142)) - s0@group-B21D4752B5F9-SegmentedRaftLogWorker: safeCacheEvictIndex: setUnconditionally 0 -> -1
2025-05-22 15:25:14,784 INFO  server.RaftServer$Division (RaftServerImpl.java:start(408)) - s0@group-B21D4752B5F9: start as a follower, conf=conf: {index: -1, cur=peers:[s10|0.0.0.0:15010, s0|0.0.0.0:15000, s1|0.0.0.0:15001]|listeners:[], old=null}
2025-05-22 15:25:14,784 INFO  server.RaftServer$Division (RaftServerImpl.java:setRole(395)) - s0@group-B21D4752B5F9: changes role from      null to FOLLOWER at term 0 for startAsFollower
2025-05-22 15:25:14,785 INFO  impl.RoleInfo (RoleInfo.java:updateAndGet(148)) - s0: start s0@group-B21D4752B5F9-FollowerState
2025-05-22 15:25:14,789 INFO  util.JmxRegister (JmxRegister.java:tryRegister(44)) - Successfully registered JMX Bean with object name Ratis:service=RaftServer,group=group-B21D4752B5F9,id=s0
2025-05-22 15:25:14,789 INFO  util.JmxRegister (JmxRegister.java:register(58)) - register mxBean class org.apache.ratis.server.impl.RaftServerJmxAdapter as Ratis:service=RaftServer,group=group-B21D4752B5F9,id=s0
2025-05-22 15:25:14,789 INFO  server.RaftServerConfigKeys (ConfUtils.java:logFallback(69)) - raft.server.rpc.first-election.timeout.min = 300ms (fallback to raft.server.rpc.timeout.min)
2025-05-22 15:25:14,790 INFO  server.RaftServerConfigKeys (ConfUtils.java:logFallback(69)) - raft.server.rpc.first-election.timeout.max = 600ms (fallback to raft.server.rpc.timeout.max)
2025-05-22 15:25:14,790 INFO  server.RaftServer$Division (RaftServerImpl.java:start(422)) - s0@group-B21D4752B5F9: Successfully started.
2025-05-22 15:25:14,838 INFO  server.RaftServer (RaftServerProxy.java:addNew(106)) - s1: addNew group-B21D4752B5F9:[s10|0.0.0.0:15010, s0|0.0.0.0:15000, s1|0.0.0.0:15001] returns group-B21D4752B5F9:java.util.concurrent.CompletableFuture@45248bd8[Not completed]
2025-05-22 15:25:14,839 INFO  server.RaftServer$Division (RaftServerImpl.java:<init>(271)) - s1: new RaftServerImpl for group-B21D4752B5F9:[s10|0.0.0.0:15010, s0|0.0.0.0:15000, s1|0.0.0.0:15001] with ArithmeticStateMachine:uninitialized
2025-05-22 15:25:14,840 INFO  server.RaftServer$Division (ServerState.java:<init>(114)) - s1@group-B21D4752B5F9: ConfigurationManager, init=conf: {index: -1, cur=peers:[s10|0.0.0.0:15010, s0|0.0.0.0:15000, s1|0.0.0.0:15001]|listeners:[], old=null}, confs=<EMPTY_MAP>
2025-05-22 15:25:14,841 INFO  server.RaftServerConfigKeys (ConfUtils.java:logGet(62)) - raft.server.storage.dir = [/home/runner/work/ratis/ratis/ratis-examples/target/test/data/3b356627/MiniRaftClusterWithGrpcde84ffe6/s1] (custom)
2025-05-22 15:25:14,841 INFO  storage.RaftStorageDirectory (RaftStorageDirectoryImpl.java:analyzeStorage(138)) - The storage directory /home/runner/work/ratis/ratis/ratis-examples/target/test/data/3b356627/MiniRaftClusterWithGrpcde84ffe6/s1/4fcb8f03-4e21-4ddc-a6fd-b21d4752b5f9 does not exist. Creating ...
2025-05-22 15:25:14,841 TRACE util.FileUtils (LogUtils.java:runAndLog(49)) - Successfully ran Files.createDirectories /home/runner/work/ratis/ratis/ratis-examples/target/test/data/3b356627/MiniRaftClusterWithGrpcde84ffe6/s1/4fcb8f03-4e21-4ddc-a6fd-b21d4752b5f9
2025-05-22 15:25:14,843 INFO  storage.RaftStorageDirectory (RaftStorageDirectoryImpl.java:tryLock(229)) - Lock on /home/runner/work/ratis/ratis/ratis-examples/target/test/data/3b356627/MiniRaftClusterWithGrpcde84ffe6/s1/4fcb8f03-4e21-4ddc-a6fd-b21d4752b5f9/in_use.lock acquired by nodename 6133@fv-az1337-961
2025-05-22 15:25:14,844 TRACE util.FileUtils (LogUtils.java:runAndLog(49)) - Successfully ran Files.createDirectories /home/runner/work/ratis/ratis/ratis-examples/target/test/data/3b356627/MiniRaftClusterWithGrpcde84ffe6/s1/4fcb8f03-4e21-4ddc-a6fd-b21d4752b5f9/current
2025-05-22 15:25:14,844 TRACE util.FileUtils (LogUtils.java:runAndLog(49)) - Successfully ran Files.createDirectories /home/runner/work/ratis/ratis/ratis-examples/target/test/data/3b356627/MiniRaftClusterWithGrpcde84ffe6/s1/4fcb8f03-4e21-4ddc-a6fd-b21d4752b5f9/sm
2025-05-22 15:25:14,844 TRACE util.FileUtils (LogUtils.java:supplyAndLog(69)) - Successfully supplied FileChannel.open /home/runner/work/ratis/ratis/ratis-examples/target/test/data/3b356627/MiniRaftClusterWithGrpcde84ffe6/s1/4fcb8f03-4e21-4ddc-a6fd-b21d4752b5f9/current/raft-meta.tmp with options [CREATE, TRUNCATE_EXISTING, WRITE]: sun.nio.ch.FileChannelImpl@20434386
2025-05-22 15:25:14,846 TRACE util.FileUtils (LogUtils.java:runAndLog(49)) - Successfully ran Atomic Files.move /home/runner/work/ratis/ratis/ratis-examples/target/test/data/3b356627/MiniRaftClusterWithGrpcde84ffe6/s1/4fcb8f03-4e21-4ddc-a6fd-b21d4752b5f9/current/raft-meta.tmp to /home/runner/work/ratis/ratis/ratis-examples/target/test/data/3b356627/MiniRaftClusterWithGrpcde84ffe6/s1/4fcb8f03-4e21-4ddc-a6fd-b21d4752b5f9/current/raft-meta with options [REPLACE_EXISTING]
2025-05-22 15:25:14,846 INFO  storage.RaftStorage (RaftStorageImpl.java:format(98)) - Storage directory /home/runner/work/ratis/ratis/ratis-examples/target/test/data/3b356627/MiniRaftClusterWithGrpcde84ffe6/s1/4fcb8f03-4e21-4ddc-a6fd-b21d4752b5f9 has been successfully formatted.
2025-05-22 15:25:14,846 WARN  statemachine.StateMachine (ArithmeticStateMachine.java:loadSnapshot(115)) - The snapshot info is null.
2025-05-22 15:25:14,848 INFO  util.AwaitToRun (AwaitToRun.java:start(81)) - Thread[s1@group-B21D4752B5F9-cacheEviction-AwaitToRun,5,main] started
2025-05-22 15:25:14,849 INFO  segmented.SegmentedRaftLogWorker (SegmentedRaftLogWorker.java:<init>(191)) - new s1@group-B21D4752B5F9-SegmentedRaftLogWorker for RaftStorageImpl:Storage Directory /home/runner/work/ratis/ratis/ratis-examples/target/test/data/3b356627/MiniRaftClusterWithGrpcde84ffe6/s1/4fcb8f03-4e21-4ddc-a6fd-b21d4752b5f9
2025-05-22 15:25:14,850 INFO  segmented.SegmentedRaftLogWorker (SegmentedRaftLogWorker.java:lambda$new$0(142)) - s1@group-B21D4752B5F9-SegmentedRaftLogWorker: flushIndex: setUnconditionally 0 -> -1
2025-05-22 15:25:14,850 INFO  segmented.SegmentedRaftLogWorker (SegmentedRaftLogWorker.java:lambda$new$0(142)) - s1@group-B21D4752B5F9-SegmentedRaftLogWorker: safeCacheEvictIndex: setUnconditionally 0 -> -1
2025-05-22 15:25:14,850 INFO  server.RaftServer$Division (RaftServerImpl.java:start(408)) - s1@group-B21D4752B5F9: start as a follower, conf=conf: {index: -1, cur=peers:[s10|0.0.0.0:15010, s0|0.0.0.0:15000, s1|0.0.0.0:15001]|listeners:[], old=null}
2025-05-22 15:25:14,850 INFO  server.RaftServer$Division (RaftServerImpl.java:setRole(395)) - s1@group-B21D4752B5F9: changes role from      null to FOLLOWER at term 0 for startAsFollower
2025-05-22 15:25:14,850 INFO  impl.RoleInfo (RoleInfo.java:updateAndGet(148)) - s1: start s1@group-B21D4752B5F9-FollowerState
2025-05-22 15:25:14,851 INFO  util.JmxRegister (JmxRegister.java:tryRegister(44)) - Successfully registered JMX Bean with object name Ratis:service=RaftServer,group=group-B21D4752B5F9,id=s1
2025-05-22 15:25:14,851 INFO  util.JmxRegister (JmxRegister.java:register(58)) - register mxBean class org.apache.ratis.server.impl.RaftServerJmxAdapter as Ratis:service=RaftServer,group=group-B21D4752B5F9,id=s1
2025-05-22 15:25:14,851 INFO  server.RaftServerConfigKeys (ConfUtils.java:logFallback(69)) - raft.server.rpc.first-election.timeout.min = 300ms (fallback to raft.server.rpc.timeout.min)
2025-05-22 15:25:14,851 INFO  server.RaftServerConfigKeys (ConfUtils.java:logFallback(69)) - raft.server.rpc.first-election.timeout.max = 600ms (fallback to raft.server.rpc.timeout.max)
2025-05-22 15:25:14,851 INFO  server.RaftServer$Division (RaftServerImpl.java:start(422)) - s1@group-B21D4752B5F9: Successfully started.
2025-05-22 15:25:14,871 INFO  server.RaftServer (RaftServerProxy.java:addNew(106)) - s10: addNew group-B21D4752B5F9:[s10|0.0.0.0:15010, s0|0.0.0.0:15000, s1|0.0.0.0:15001] returns group-B21D4752B5F9:java.util.concurrent.CompletableFuture@ee71818[Not completed]
2025-05-22 15:25:14,872 INFO  server.RaftServer$Division (RaftServerImpl.java:<init>(271)) - s10: new RaftServerImpl for group-B21D4752B5F9:[s10|0.0.0.0:15010, s0|0.0.0.0:15000, s1|0.0.0.0:15001] with ArithmeticStateMachine:uninitialized
2025-05-22 15:25:14,872 INFO  server.RaftServer$Division (ServerState.java:<init>(114)) - s10@group-B21D4752B5F9: ConfigurationManager, init=conf: {index: -1, cur=peers:[s10|0.0.0.0:15010, s0|0.0.0.0:15000, s1|0.0.0.0:15001]|listeners:[], old=null}, confs=<EMPTY_MAP>
2025-05-22 15:25:14,873 INFO  server.RaftServerConfigKeys (ConfUtils.java:logGet(62)) - raft.server.storage.dir = [/home/runner/work/ratis/ratis/ratis-examples/target/test/data/3b356627/MiniRaftClusterWithGrpcde84ffe6/s10] (custom)
2025-05-22 15:25:14,873 INFO  storage.RaftStorageDirectory (RaftStorageDirectoryImpl.java:analyzeStorage(138)) - The storage directory /home/runner/work/ratis/ratis/ratis-examples/target/test/data/3b356627/MiniRaftClusterWithGrpcde84ffe6/s10/4fcb8f03-4e21-4ddc-a6fd-b21d4752b5f9 does not exist. Creating ...
2025-05-22 15:25:14,873 TRACE util.FileUtils (LogUtils.java:runAndLog(49)) - Successfully ran Files.createDirectories /home/runner/work/ratis/ratis/ratis-examples/target/test/data/3b356627/MiniRaftClusterWithGrpcde84ffe6/s10/4fcb8f03-4e21-4ddc-a6fd-b21d4752b5f9
2025-05-22 15:25:14,874 INFO  storage.RaftStorageDirectory (RaftStorageDirectoryImpl.java:tryLock(229)) - Lock on /home/runner/work/ratis/ratis/ratis-examples/target/test/data/3b356627/MiniRaftClusterWithGrpcde84ffe6/s10/4fcb8f03-4e21-4ddc-a6fd-b21d4752b5f9/in_use.lock acquired by nodename 6133@fv-az1337-961
2025-05-22 15:25:14,874 TRACE util.FileUtils (LogUtils.java:runAndLog(49)) - Successfully ran Files.createDirectories /home/runner/work/ratis/ratis/ratis-examples/target/test/data/3b356627/MiniRaftClusterWithGrpcde84ffe6/s10/4fcb8f03-4e21-4ddc-a6fd-b21d4752b5f9/current
2025-05-22 15:25:14,874 TRACE util.FileUtils (LogUtils.java:runAndLog(49)) - Successfully ran Files.createDirectories /home/runner/work/ratis/ratis/ratis-examples/target/test/data/3b356627/MiniRaftClusterWithGrpcde84ffe6/s10/4fcb8f03-4e21-4ddc-a6fd-b21d4752b5f9/sm
2025-05-22 15:25:14,874 TRACE util.FileUtils (LogUtils.java:supplyAndLog(69)) - Successfully supplied FileChannel.open /home/runner/work/ratis/ratis/ratis-examples/target/test/data/3b356627/MiniRaftClusterWithGrpcde84ffe6/s10/4fcb8f03-4e21-4ddc-a6fd-b21d4752b5f9/current/raft-meta.tmp with options [CREATE, TRUNCATE_EXISTING, WRITE]: sun.nio.ch.FileChannelImpl@6a0811af
2025-05-22 15:25:14,875 TRACE util.FileUtils (LogUtils.java:runAndLog(49)) - Successfully ran Atomic Files.move /home/runner/work/ratis/ratis/ratis-examples/target/test/data/3b356627/MiniRaftClusterWithGrpcde84ffe6/s10/4fcb8f03-4e21-4ddc-a6fd-b21d4752b5f9/current/raft-meta.tmp to /home/runner/work/ratis/ratis/ratis-examples/target/test/data/3b356627/MiniRaftClusterWithGrpcde84ffe6/s10/4fcb8f03-4e21-4ddc-a6fd-b21d4752b5f9/current/raft-meta with options [REPLACE_EXISTING]
2025-05-22 15:25:14,876 INFO  storage.RaftStorage (RaftStorageImpl.java:format(98)) - Storage directory /home/runner/work/ratis/ratis/ratis-examples/target/test/data/3b356627/MiniRaftClusterWithGrpcde84ffe6/s10/4fcb8f03-4e21-4ddc-a6fd-b21d4752b5f9 has been successfully formatted.
2025-05-22 15:25:14,876 WARN  statemachine.StateMachine (ArithmeticStateMachine.java:loadSnapshot(115)) - The snapshot info is null.
2025-05-22 15:25:14,876 INFO  util.AwaitToRun (AwaitToRun.java:start(81)) - Thread[s10@group-B21D4752B5F9-cacheEviction-AwaitToRun,5,main] started
2025-05-22 15:25:14,877 INFO  segmented.SegmentedRaftLogWorker (SegmentedRaftLogWorker.java:<init>(191)) - new s10@group-B21D4752B5F9-SegmentedRaftLogWorker for RaftStorageImpl:Storage Directory /home/runner/work/ratis/ratis/ratis-examples/target/test/data/3b356627/MiniRaftClusterWithGrpcde84ffe6/s10/4fcb8f03-4e21-4ddc-a6fd-b21d4752b5f9
2025-05-22 15:25:14,878 INFO  segmented.SegmentedRaftLogWorker (SegmentedRaftLogWorker.java:lambda$new$0(142)) - s10@group-B21D4752B5F9-SegmentedRaftLogWorker: flushIndex: setUnconditionally 0 -> -1
2025-05-22 15:25:14,878 INFO  segmented.SegmentedRaftLogWorker (SegmentedRaftLogWorker.java:lambda$new$0(142)) - s10@group-B21D4752B5F9-SegmentedRaftLogWorker: safeCacheEvictIndex: setUnconditionally 0 -> -1
2025-05-22 15:25:14,878 INFO  server.RaftServer$Division (RaftServerImpl.java:start(408)) - s10@group-B21D4752B5F9: start as a follower, conf=conf: {index: -1, cur=peers:[s10|0.0.0.0:15010, s0|0.0.0.0:15000, s1|0.0.0.0:15001]|listeners:[], old=null}
2025-05-22 15:25:14,878 INFO  server.RaftServer$Division (RaftServerImpl.java:setRole(395)) - s10@group-B21D4752B5F9: changes role from      null to FOLLOWER at term 0 for startAsFollower
2025-05-22 15:25:14,878 INFO  impl.RoleInfo (RoleInfo.java:updateAndGet(148)) - s10: start s10@group-B21D4752B5F9-FollowerState
2025-05-22 15:25:14,879 INFO  util.JmxRegister (JmxRegister.java:tryRegister(44)) - Successfully registered JMX Bean with object name Ratis:service=RaftServer,group=group-B21D4752B5F9,id=s10
2025-05-22 15:25:14,879 INFO  util.JmxRegister (JmxRegister.java:register(58)) - register mxBean class org.apache.ratis.server.impl.RaftServerJmxAdapter as Ratis:service=RaftServer,group=group-B21D4752B5F9,id=s10
2025-05-22 15:25:14,879 INFO  server.RaftServer$Division (RaftServerImpl.java:start(422)) - s10@group-B21D4752B5F9: Successfully started.
2025-05-22 15:25:14,879 INFO  server.RaftServerConfigKeys (ConfUtils.java:logFallback(69)) - raft.server.rpc.first-election.timeout.min = 300ms (fallback to raft.server.rpc.timeout.min)
2025-05-22 15:25:14,881 INFO  server.RaftServerConfigKeys (ConfUtils.java:logFallback(69)) - raft.server.rpc.first-election.timeout.max = 600ms (fallback to raft.server.rpc.timeout.max)
2025-05-22 15:25:14,887 INFO  ratis.RaftTestUtil (RaftTestUtil.java:waitForLeader(107)) - printing group-B21D4752B5F9
  s10:  RUNNING [
   FOLLOWER (STARTING): s10@group-5CA96AA9335B:t0, leader=null, voted=, raftlog=Memoized:s10@group-5CA96AA9335B-SegmentedRaftLog:OPENED:c-1:lastnull, conf=conf: {index: -1, cur=peers:[]|listeners:[], old=null}
   FOLLOWER (RUNNING): s10@group-B21D4752B5F9:t0, leader=null, voted=, raftlog=Memoized:s10@group-B21D4752B5F9-SegmentedRaftLog:OPENED:c-1:lastnull, conf=conf: {index: -1, cur=peers:[s10|0.0.0.0:15010, s0|0.0.0.0:15000, s1|0.0.0.0:15001]|listeners:[], old=null}] size=2
  s0:  RUNNING [
   FOLLOWER (STARTING): s0@group-5CA96AA9335B:t0, leader=null, voted=, raftlog=Memoized:s0@group-5CA96AA9335B-SegmentedRaftLog:OPENED:c-1:lastnull, conf=conf: {index: -1, cur=peers:[]|listeners:[], old=null}
   FOLLOWER (RUNNING): s0@group-B21D4752B5F9:t0, leader=null, voted=, raftlog=Memoized:s0@group-B21D4752B5F9-SegmentedRaftLog:OPENED:c-1:lastnull, conf=conf: {index: -1, cur=peers:[s10|0.0.0.0:15010, s0|0.0.0.0:15000, s1|0.0.0.0:15001]|listeners:[], old=null}] size=2
  s1:  RUNNING [
   FOLLOWER (STARTING): s1@group-5CA96AA9335B:t0, leader=null, voted=, raftlog=Memoized:s1@group-5CA96AA9335B-SegmentedRaftLog:OPENED:c-1:lastnull, conf=conf: {index: -1, cur=peers:[]|listeners:[], old=null}
   FOLLOWER (RUNNING): s1@group-B21D4752B5F9:t0, leader=null, voted=, raftlog=Memoized:s1@group-B21D4752B5F9-SegmentedRaftLog:OPENED:c-1:lastnull, conf=conf: {index: -1, cur=peers:[s10|0.0.0.0:15010, s0|0.0.0.0:15000, s1|0.0.0.0:15001]|listeners:[], old=null}] size=2
2025-05-22 15:25:14,888 WARN  ratis.RaftTestUtil (RaftTestUtil.java:lambda$waitForLeader$3(126)) - Attempt #1 failed: java.lang.IllegalStateException: No leader yet  for group-B21D4752B5F9: printing group-B21D4752B5F9
  s10:  RUNNING [
   FOLLOWER (STARTING): s10@group-5CA96AA9335B:t0, leader=null, voted=, raftlog=Memoized:s10@group-5CA96AA9335B-SegmentedRaftLog:OPENED:c-1:lastnull, conf=conf: {index: -1, cur=peers:[]|listeners:[], old=null}
   FOLLOWER (RUNNING): s10@group-B21D4752B5F9:t0, leader=null, voted=, raftlog=Memoized:s10@group-B21D4752B5F9-SegmentedRaftLog:OPENED:c-1:lastnull, conf=conf: {index: -1, cur=peers:[s10|0.0.0.0:15010, s0|0.0.0.0:15000, s1|0.0.0.0:15001]|listeners:[], old=null}] size=2
  s0:  RUNNING [
   FOLLOWER (STARTING): s0@group-5CA96AA9335B:t0, leader=null, voted=, raftlog=Memoized:s0@group-5CA96AA9335B-SegmentedRaftLog:OPENED:c-1:lastnull, conf=conf: {index: -1, cur=peers:[]|listeners:[], old=null}
   FOLLOWER (RUNNING): s0@group-B21D4752B5F9:t0, leader=null, voted=, raftlog=Memoized:s0@group-B21D4752B5F9-SegmentedRaftLog:OPENED:c-1:lastnull, conf=conf: {index: -1, cur=peers:[s10|0.0.0.0:15010, s0|0.0.0.0:15000, s1|0.0.0.0:15001]|listeners:[], old=null}] size=2
  s1:  RUNNING [
   FOLLOWER (STARTING): s1@group-5CA96AA9335B:t0, leader=null, voted=, raftlog=Memoized:s1@group-5CA96AA9335B-SegmentedRaftLog:OPENED:c-1:lastnull, conf=conf: {index: -1, cur=peers:[]|listeners:[], old=null}
   FOLLOWER (RUNNING): s1@group-B21D4752B5F9:t0, leader=null, voted=, raftlog=Memoized:s1@group-B21D4752B5F9-SegmentedRaftLog:OPENED:c-1:lastnull, conf=conf: {index: -1, cur=peers:[s10|0.0.0.0:15010, s0|0.0.0.0:15000, s1|0.0.0.0:15001]|listeners:[], old=null}] size=2
2025-05-22 15:25:15,133 INFO  impl.FollowerState (FollowerState.java:runImpl(161)) - s0@group-B21D4752B5F9-FollowerState: change to CANDIDATE, lastRpcElapsedTime:348549850ns, electionTimeout:343ms
2025-05-22 15:25:15,134 INFO  impl.RoleInfo (RoleInfo.java:shutdownFollowerState(121)) - s0: shutdown s0@group-B21D4752B5F9-FollowerState
2025-05-22 15:25:15,134 INFO  server.RaftServer$Division (RaftServerImpl.java:setRole(395)) - s0@group-B21D4752B5F9: changes role from  FOLLOWER to CANDIDATE at term 0 for changeToCandidate
2025-05-22 15:25:15,134 INFO  impl.RoleInfo (RoleInfo.java:updateAndGet(148)) - s0: start s0@group-B21D4752B5F9-LeaderElection15
2025-05-22 15:25:15,135 INFO  impl.LeaderElection (LeaderElection.java:askForVotes(448)) - s0@group-B21D4752B5F9-LeaderElection15 PRE_VOTE round 0: submit vote requests at term 0 for conf: {index: -1, cur=peers:[s10|0.0.0.0:15010, s0|0.0.0.0:15000, s1|0.0.0.0:15001]|listeners:[], old=null}
2025-05-22 15:25:15,135 INFO  server.RaftServerConfigKeys (ConfUtils.java:logFallback(69)) - raft.server.rpc.first-election.timeout.min = 300ms (fallback to raft.server.rpc.timeout.min)
2025-05-22 15:25:15,135 INFO  server.RaftServerConfigKeys (ConfUtils.java:logFallback(69)) - raft.server.rpc.first-election.timeout.max = 600ms (fallback to raft.server.rpc.timeout.max)
2025-05-22 15:25:15,136 INFO  server.GrpcServerProtocolClient (GrpcServerProtocolClient.java:<init>(65)) - Build channel for s1|0.0.0.0:15001
2025-05-22 15:25:15,136 INFO  server.GrpcServerProtocolClient (GrpcServerProtocolClient.java:<init>(65)) - Build channel for s10|0.0.0.0:15010
2025-05-22 15:25:15,149 INFO  server.RaftServer$Division (RaftServerImpl.java:requestVote(1475)) - s10@group-B21D4752B5F9: receive requestVote(PRE_VOTE, s0, group-B21D4752B5F9, 0, <PROTO_DEFAULT>)
2025-05-22 15:25:15,149 INFO  impl.VoteContext (VoteContext.java:log(49)) - s10@group-B21D4752B5F9-FOLLOWER: accept PRE_VOTE from s0: our priority 0 <= candidate's priority 0
2025-05-22 15:25:15,150 INFO  server.RaftServer$Division (RaftServerImpl.java:requestVote(1509)) - s10@group-B21D4752B5F9 replies to PRE_VOTE vote request: s0<-s10#0:OK-t0-last:<INITIAL_VALUE>. Peer's state: s10@group-B21D4752B5F9:t0, leader=null, voted=, raftlog=Memoized:s10@group-B21D4752B5F9-SegmentedRaftLog:OPENED:c-1:lastnull, conf=conf: {index: -1, cur=peers:[s10|0.0.0.0:15010, s0|0.0.0.0:15000, s1|0.0.0.0:15001]|listeners:[], old=null}
2025-05-22 15:25:15,151 INFO  server.RaftServer$Division (RaftServerImpl.java:requestVote(1475)) - s1@group-B21D4752B5F9: receive requestVote(PRE_VOTE, s0, group-B21D4752B5F9, 0, <PROTO_DEFAULT>)
2025-05-22 15:25:15,151 INFO  impl.VoteContext (VoteContext.java:log(49)) - s1@group-B21D4752B5F9-FOLLOWER: accept PRE_VOTE from s0: our priority 0 <= candidate's priority 0
2025-05-22 15:25:15,151 INFO  server.RaftServer$Division (RaftServerImpl.java:requestVote(1509)) - s1@group-B21D4752B5F9 replies to PRE_VOTE vote request: s0<-s1#0:OK-t0-last:<INITIAL_VALUE>. Peer's state: s1@group-B21D4752B5F9:t0, leader=null, voted=, raftlog=Memoized:s1@group-B21D4752B5F9-SegmentedRaftLog:OPENED:c-1:lastnull, conf=conf: {index: -1, cur=peers:[s10|0.0.0.0:15010, s0|0.0.0.0:15000, s1|0.0.0.0:15001]|listeners:[], old=null}
2025-05-22 15:25:15,155 INFO  impl.LeaderElection (LeaderElection.java:logAndReturn(206)) - s0@group-B21D4752B5F9-LeaderElection15: PRE_VOTE PASSED received 1 response(s) and 0 exception(s):
2025-05-22 15:25:15,156 INFO  impl.LeaderElection (LeaderElection.java:logAndReturn(210)) -   Response 0: s0<-s10#0:OK-t0-last:<INITIAL_VALUE>
2025-05-22 15:25:15,156 INFO  impl.LeaderElection (LeaderElection.java:askForVotes(450)) - s0@group-B21D4752B5F9-LeaderElection15 PRE_VOTE round 0: result PASSED
2025-05-22 15:25:15,156 TRACE util.FileUtils (LogUtils.java:supplyAndLog(69)) - Successfully supplied FileChannel.open /home/runner/work/ratis/ratis/ratis-examples/target/test/data/3b356627/MiniRaftClusterWithGrpcde84ffe6/s0/4fcb8f03-4e21-4ddc-a6fd-b21d4752b5f9/current/raft-meta.tmp with options [CREATE, TRUNCATE_EXISTING, WRITE]: sun.nio.ch.FileChannelImpl@1375afd7
2025-05-22 15:25:15,159 TRACE util.FileUtils (LogUtils.java:runAndLog(49)) - Successfully ran Atomic Files.move /home/runner/work/ratis/ratis/ratis-examples/target/test/data/3b356627/MiniRaftClusterWithGrpcde84ffe6/s0/4fcb8f03-4e21-4ddc-a6fd-b21d4752b5f9/current/raft-meta.tmp to /home/runner/work/ratis/ratis/ratis-examples/target/test/data/3b356627/MiniRaftClusterWithGrpcde84ffe6/s0/4fcb8f03-4e21-4ddc-a6fd-b21d4752b5f9/current/raft-meta with options [REPLACE_EXISTING]
2025-05-22 15:25:15,159 INFO  impl.LeaderElection (LeaderElection.java:askForVotes(448)) - s0@group-B21D4752B5F9-LeaderElection15 ELECTION round 0: submit vote requests at term 1 for conf: {index: -1, cur=peers:[s10|0.0.0.0:15010, s0|0.0.0.0:15000, s1|0.0.0.0:15001]|listeners:[], old=null}
2025-05-22 15:25:15,161 INFO  server.RaftServerConfigKeys (ConfUtils.java:logFallback(69)) - raft.server.rpc.first-election.timeout.min = 300ms (fallback to raft.server.rpc.timeout.min)
2025-05-22 15:25:15,161 INFO  server.RaftServerConfigKeys (ConfUtils.java:logFallback(69)) - raft.server.rpc.first-election.timeout.max = 600ms (fallback to raft.server.rpc.timeout.max)
2025-05-22 15:25:15,165 INFO  server.RaftServer$Division (RaftServerImpl.java:requestVote(1475)) - s10@group-B21D4752B5F9: receive requestVote(ELECTION, s0, group-B21D4752B5F9, 1, <PROTO_DEFAULT>)
2025-05-22 15:25:15,166 INFO  impl.VoteContext (VoteContext.java:log(49)) - s10@group-B21D4752B5F9-FOLLOWER: accept ELECTION from s0: our priority 0 <= candidate's priority 0
2025-05-22 15:25:15,166 INFO  server.RaftServer$Division (RaftServerImpl.java:setRole(395)) - s10@group-B21D4752B5F9: changes role from  FOLLOWER to FOLLOWER at term 0 for candidate:s0
2025-05-22 15:25:15,166 INFO  impl.RoleInfo (RoleInfo.java:shutdownFollowerState(121)) - s10: shutdown s10@group-B21D4752B5F9-FollowerState
2025-05-22 15:25:15,166 INFO  impl.FollowerState (FollowerState.java:runImpl(170)) - s10@group-B21D4752B5F9-FollowerState was interrupted
2025-05-22 15:25:15,166 INFO  impl.RoleInfo (RoleInfo.java:updateAndGet(148)) - s10: start s10@group-B21D4752B5F9-FollowerState
2025-05-22 15:25:15,167 INFO  server.RaftServer$Division (RaftServerImpl.java:setFirstElection(579)) - s10@group-B21D4752B5F9: set firstElectionSinceStartup to false for candidate:s0
2025-05-22 15:25:15,167 TRACE util.FileUtils (LogUtils.java:supplyAndLog(69)) - Successfully supplied FileChannel.open /home/runner/work/ratis/ratis/ratis-examples/target/test/data/3b356627/MiniRaftClusterWithGrpcde84ffe6/s10/4fcb8f03-4e21-4ddc-a6fd-b21d4752b5f9/current/raft-meta.tmp with options [CREATE, TRUNCATE_EXISTING, WRITE]: sun.nio.ch.FileChannelImpl@21262a98
2025-05-22 15:25:15,167 INFO  server.RaftServer$Division (RaftServerImpl.java:requestVote(1475)) - s1@group-B21D4752B5F9: receive requestVote(ELECTION, s0, group-B21D4752B5F9, 1, <PROTO_DEFAULT>)
2025-05-22 15:25:15,168 INFO  impl.VoteContext (VoteContext.java:log(49)) - s1@group-B21D4752B5F9-FOLLOWER: accept ELECTION from s0: our priority 0 <= candidate's priority 0
2025-05-22 15:25:15,168 INFO  server.RaftServer$Division (RaftServerImpl.java:setRole(395)) - s1@group-B21D4752B5F9: changes role from  FOLLOWER to FOLLOWER at term 0 for candidate:s0
2025-05-22 15:25:15,168 INFO  impl.RoleInfo (RoleInfo.java:shutdownFollowerState(121)) - s1: shutdown s1@group-B21D4752B5F9-FollowerState
2025-05-22 15:25:15,168 INFO  impl.FollowerState (FollowerState.java:runImpl(170)) - s1@group-B21D4752B5F9-FollowerState was interrupted
2025-05-22 15:25:15,169 INFO  impl.RoleInfo (RoleInfo.java:updateAndGet(148)) - s1: start s1@group-B21D4752B5F9-FollowerState
2025-05-22 15:25:15,169 TRACE util.FileUtils (LogUtils.java:runAndLog(49)) - Successfully ran Atomic Files.move /home/runner/work/ratis/ratis/ratis-examples/target/test/data/3b356627/MiniRaftClusterWithGrpcde84ffe6/s10/4fcb8f03-4e21-4ddc-a6fd-b21d4752b5f9/current/raft-meta.tmp to /home/runner/work/ratis/ratis/ratis-examples/target/test/data/3b356627/MiniRaftClusterWithGrpcde84ffe6/s10/4fcb8f03-4e21-4ddc-a6fd-b21d4752b5f9/current/raft-meta with options [REPLACE_EXISTING]
2025-05-22 15:25:15,169 INFO  server.RaftServer$Division (RaftServerImpl.java:requestVote(1509)) - s10@group-B21D4752B5F9 replies to ELECTION vote request: s0<-s10#0:OK-t1-last:<INITIAL_VALUE>. Peer's state: s10@group-B21D4752B5F9:t1, leader=null, voted=s0, raftlog=Memoized:s10@group-B21D4752B5F9-SegmentedRaftLog:OPENED:c-1:lastnull, conf=conf: {index: -1, cur=peers:[s10|0.0.0.0:15010, s0|0.0.0.0:15000, s1|0.0.0.0:15001]|listeners:[], old=null}
2025-05-22 15:25:15,169 INFO  server.RaftServer$Division (RaftServerImpl.java:setFirstElection(579)) - s1@group-B21D4752B5F9: set firstElectionSinceStartup to false for candidate:s0
2025-05-22 15:25:15,170 TRACE util.FileUtils (LogUtils.java:supplyAndLog(69)) - Successfully supplied FileChannel.open /home/runner/work/ratis/ratis/ratis-examples/target/test/data/3b356627/MiniRaftClusterWithGrpcde84ffe6/s1/4fcb8f03-4e21-4ddc-a6fd-b21d4752b5f9/current/raft-meta.tmp with options [CREATE, TRUNCATE_EXISTING, WRITE]: sun.nio.ch.FileChannelImpl@68878a4
2025-05-22 15:25:15,171 TRACE util.FileUtils (LogUtils.java:runAndLog(49)) - Successfully ran Atomic Files.move /home/runner/work/ratis/ratis/ratis-examples/target/test/data/3b356627/MiniRaftClusterWithGrpcde84ffe6/s1/4fcb8f03-4e21-4ddc-a6fd-b21d4752b5f9/current/raft-meta.tmp to /home/runner/work/ratis/ratis/ratis-examples/target/test/data/3b356627/MiniRaftClusterWithGrpcde84ffe6/s1/4fcb8f03-4e21-4ddc-a6fd-b21d4752b5f9/current/raft-meta with options [REPLACE_EXISTING]
2025-05-22 15:25:15,171 INFO  server.RaftServer$Division (RaftServerImpl.java:requestVote(1509)) - s1@group-B21D4752B5F9 replies to ELECTION vote request: s0<-s1#0:OK-t1-last:<INITIAL_VALUE>. Peer's state: s1@group-B21D4752B5F9:t1, leader=null, voted=s0, raftlog=Memoized:s1@group-B21D4752B5F9-SegmentedRaftLog:OPENED:c-1:lastnull, conf=conf: {index: -1, cur=peers:[s10|0.0.0.0:15010, s0|0.0.0.0:15000, s1|0.0.0.0:15001]|listeners:[], old=null}
2025-05-22 15:25:15,172 INFO  impl.LeaderElection (LeaderElection.java:logAndReturn(206)) - s0@group-B21D4752B5F9-LeaderElection15: ELECTION PASSED received 1 response(s) and 0 exception(s):
2025-05-22 15:25:15,172 INFO  impl.LeaderElection (LeaderElection.java:logAndReturn(210)) -   Response 0: s0<-s10#0:OK-t1-last:<INITIAL_VALUE>
2025-05-22 15:25:15,172 INFO  impl.LeaderElection (LeaderElection.java:askForVotes(450)) - s0@group-B21D4752B5F9-LeaderElection15 ELECTION round 0: result PASSED
2025-05-22 15:25:15,173 INFO  impl.RoleInfo (RoleInfo.java:shutdownLeaderElection(141)) - s0: shutdown s0@group-B21D4752B5F9-LeaderElection15
2025-05-22 15:25:15,173 INFO  server.RaftServer$Division (RaftServerImpl.java:setRole(395)) - s0@group-B21D4752B5F9: changes role from CANDIDATE to LEADER at term 1 for changeToLeader
2025-05-22 15:25:15,173 INFO  server.RaftServerConfigKeys (ConfUtils.java:logFallback(69)) - raft.server.staging.timeout = 1800ms (fallback to raft.server.rpc.timeout.max)
2025-05-22 15:25:15,180 INFO  grpc.GrpcConfigKeys (ConfUtils.java:logGet(62)) - raft.grpc.server.leader.outstanding.appends.max = 8 (default)
2025-05-22 15:25:15,180 INFO  grpc.GrpcConfigKeys (ConfUtils.java:logGet(62)) - raft.grpc.server.install_snapshot.request.element-limit = 8 (default)
2025-05-22 15:25:15,180 INFO  grpc.GrpcConfigKeys (ConfUtils.java:logGet(62)) - raft.grpc.server.install_snapshot.request.timeout = 3000ms (default)
2025-05-22 15:25:15,181 INFO  grpc.GrpcConfigKeys (ConfUtils.java:logGet(62)) - raft.grpc.server.log-message.batch.duration = 5s (default)
2025-05-22 15:25:15,184 INFO  impl.RoleInfo (RoleInfo.java:updateAndGet(148)) - s0: start s0@group-B21D4752B5F9-LeaderStateImpl
2025-05-22 15:25:15,184 INFO  server.RaftServer$Division (RaftServerImpl.java:setFirstElection(579)) - s0@group-B21D4752B5F9: set firstElectionSinceStartup to false for becomeLeader
2025-05-22 15:25:15,184 INFO  server.RaftServer$Division (ServerState.java:setLeader(272)) - s0@group-B21D4752B5F9: change Leader from null to s0 at term 1 for becomeLeader, leader elected after 411ms
2025-05-22 15:25:15,185 INFO  segmented.SegmentedRaftLogWorker (SegmentedRaftLogWorker.java:startLogSegment(445)) - s0@group-B21D4752B5F9-SegmentedRaftLogWorker: Starting segment from index:0
2025-05-22 15:25:15,185 INFO  segmented.BufferedWriteChannel (BufferedWriteChannel.java:open(61)) - open log_inprogress_0 at position 0
2025-05-22 15:25:15,185 INFO  server.RaftServer$Division (ServerState.java:setRaftConf(386)) - s0@group-B21D4752B5F9: set configuration conf: {index: 0, cur=peers:[s10|0.0.0.0:15010, s0|0.0.0.0:15000, s1|0.0.0.0:15001]|listeners:[], old=null}
2025-05-22 15:25:15,194 INFO  segmented.SegmentedRaftLogWorker (SegmentedRaftLogWorker.java:execute(669)) - s0@group-B21D4752B5F9-SegmentedRaftLogWorker: created new log segment /home/runner/work/ratis/ratis/ratis-examples/target/test/data/3b356627/MiniRaftClusterWithGrpcde84ffe6/s0/4fcb8f03-4e21-4ddc-a6fd-b21d4752b5f9/current/log_inprogress_0
2025-05-22 15:25:15,210 INFO  server.RaftServer$Division (ServerState.java:setLeader(272)) - s10@group-B21D4752B5F9: change Leader from null to s0 at term 1 for appendEntries, leader elected after 338ms
2025-05-22 15:25:15,210 INFO  server.RaftServer$Division (ServerState.java:setLeader(272)) - s1@group-B21D4752B5F9: change Leader from null to s0 at term 1 for appendEntries, leader elected after 370ms
2025-05-22 15:25:15,212 INFO  server.RaftServer$Division (ServerState.java:setRaftConf(386)) - s1@group-B21D4752B5F9: set configuration conf: {index: 0, cur=peers:[s10|0.0.0.0:15010, s0|0.0.0.0:15000, s1|0.0.0.0:15001]|listeners:[], old=null}
2025-05-22 15:25:15,212 INFO  segmented.SegmentedRaftLogWorker (SegmentedRaftLogWorker.java:startLogSegment(445)) - s1@group-B21D4752B5F9-SegmentedRaftLogWorker: Starting segment from index:0
2025-05-22 15:25:15,212 INFO  segmented.BufferedWriteChannel (BufferedWriteChannel.java:open(61)) - open log_inprogress_0 at position 0
2025-05-22 15:25:15,214 INFO  server.RaftServer$Division (ServerState.java:setRaftConf(386)) - s10@group-B21D4752B5F9: set configuration conf: {index: 0, cur=peers:[s10|0.0.0.0:15010, s0|0.0.0.0:15000, s1|0.0.0.0:15001]|listeners:[], old=null}
2025-05-22 15:25:15,214 INFO  segmented.SegmentedRaftLogWorker (SegmentedRaftLogWorker.java:startLogSegment(445)) - s10@group-B21D4752B5F9-SegmentedRaftLogWorker: Starting segment from index:0
2025-05-22 15:25:15,215 INFO  segmented.BufferedWriteChannel (BufferedWriteChannel.java:open(61)) - open log_inprogress_0 at position 0
2025-05-22 15:25:15,227 INFO  segmented.SegmentedRaftLogWorker (SegmentedRaftLogWorker.java:execute(669)) - s10@group-B21D4752B5F9-SegmentedRaftLogWorker: created new log segment /home/runner/work/ratis/ratis/ratis-examples/target/test/data/3b356627/MiniRaftClusterWithGrpcde84ffe6/s10/4fcb8f03-4e21-4ddc-a6fd-b21d4752b5f9/current/log_inprogress_0
2025-05-22 15:25:15,228 INFO  segmented.SegmentedRaftLogWorker (SegmentedRaftLogWorker.java:execute(669)) - s1@group-B21D4752B5F9-SegmentedRaftLogWorker: created new log segment /home/runner/work/ratis/ratis/ratis-examples/target/test/data/3b356627/MiniRaftClusterWithGrpcde84ffe6/s1/4fcb8f03-4e21-4ddc-a6fd-b21d4752b5f9/current/log_inprogress_0
2025-05-22 15:25:15,231 TRACE util.FileUtils (LogUtils.java:supplyAndLog(69)) - Successfully supplied FileChannel.open /home/runner/work/ratis/ratis/ratis-examples/target/test/data/3b356627/MiniRaftClusterWithGrpcde84ffe6/s0/4fcb8f03-4e21-4ddc-a6fd-b21d4752b5f9/current/raft-meta.conf.tmp with options [CREATE, TRUNCATE_EXISTING, WRITE]: sun.nio.ch.FileChannelImpl@3c92cba9
2025-05-22 15:25:15,232 TRACE util.FileUtils (LogUtils.java:runAndLog(49)) - Successfully ran Atomic Files.move /home/runner/work/ratis/ratis/ratis-examples/target/test/data/3b356627/MiniRaftClusterWithGrpcde84ffe6/s0/4fcb8f03-4e21-4ddc-a6fd-b21d4752b5f9/current/raft-meta.conf.tmp to /home/runner/work/ratis/ratis/ratis-examples/target/test/data/3b356627/MiniRaftClusterWithGrpcde84ffe6/s0/4fcb8f03-4e21-4ddc-a6fd-b21d4752b5f9/current/raft-meta.conf with options [REPLACE_EXISTING]
2025-05-22 15:25:15,233 INFO  server.RaftServer$Division (LeaderStateImpl.java:checkStartIndex(310)) - Leader s0@group-B21D4752B5F9-LeaderStateImpl is ready since appliedIndex == startIndex == 0
2025-05-22 15:25:15,383 TRACE util.FileUtils (LogUtils.java:supplyAndLog(69)) - Successfully supplied FileChannel.open /home/runner/work/ratis/ratis/ratis-examples/target/test/data/3b356627/MiniRaftClusterWithGrpcde84ffe6/s1/4fcb8f03-4e21-4ddc-a6fd-b21d4752b5f9/current/raft-meta.conf.tmp with options [CREATE, TRUNCATE_EXISTING, WRITE]: sun.nio.ch.FileChannelImpl@623af88c
2025-05-22 15:25:15,385 TRACE util.FileUtils (LogUtils.java:runAndLog(49)) - Successfully ran Atomic Files.move /home/runner/work/ratis/ratis/ratis-examples/target/test/data/3b356627/MiniRaftClusterWithGrpcde84ffe6/s1/4fcb8f03-4e21-4ddc-a6fd-b21d4752b5f9/current/raft-meta.conf.tmp to /home/runner/work/ratis/ratis/ratis-examples/target/test/data/3b356627/MiniRaftClusterWithGrpcde84ffe6/s1/4fcb8f03-4e21-4ddc-a6fd-b21d4752b5f9/current/raft-meta.conf with options [REPLACE_EXISTING]
2025-05-22 15:25:15,385 TRACE util.FileUtils (LogUtils.java:supplyAndLog(69)) - Successfully supplied FileChannel.open /home/runner/work/ratis/ratis/ratis-examples/target/test/data/3b356627/MiniRaftClusterWithGrpcde84ffe6/s10/4fcb8f03-4e21-4ddc-a6fd-b21d4752b5f9/current/raft-meta.conf.tmp with options [CREATE, TRUNCATE_EXISTING, WRITE]: sun.nio.ch.FileChannelImpl@3fc7d99b
2025-05-22 15:25:15,387 TRACE util.FileUtils (LogUtils.java:runAndLog(49)) - Successfully ran Atomic Files.move /home/runner/work/ratis/ratis/ratis-examples/target/test/data/3b356627/MiniRaftClusterWithGrpcde84ffe6/s10/4fcb8f03-4e21-4ddc-a6fd-b21d4752b5f9/current/raft-meta.conf.tmp to /home/runner/work/ratis/ratis/ratis-examples/target/test/data/3b356627/MiniRaftClusterWithGrpcde84ffe6/s10/4fcb8f03-4e21-4ddc-a6fd-b21d4752b5f9/current/raft-meta.conf with options [REPLACE_EXISTING]
2025-05-22 15:25:15,789 INFO  ratis.RaftTestUtil (RaftTestUtil.java:waitForLeader(131)) - printing group-B21D4752B5F9
  s10:  RUNNING [
   FOLLOWER (STARTING): s10@group-5CA96AA9335B:t0, leader=null, voted=, raftlog=Memoized:s10@group-5CA96AA9335B-SegmentedRaftLog:OPENED:c-1:lastnull, conf=conf: {index: -1, cur=peers:[]|listeners:[], old=null}
   FOLLOWER (RUNNING): s10@group-B21D4752B5F9:t1, leader=s0, voted=s0, raftlog=Memoized:s10@group-B21D4752B5F9-SegmentedRaftLog:OPENED:c0:last(t:1, i:0), conf=conf: {index: 0, cur=peers:[s10|0.0.0.0:15010, s0|0.0.0.0:15000, s1|0.0.0.0:15001]|listeners:[], old=null}] size=2
  s0:  RUNNING [
   FOLLOWER (STARTING): s0@group-5CA96AA9335B:t0, leader=null, voted=, raftlog=Memoized:s0@group-5CA96AA9335B-SegmentedRaftLog:OPENED:c-1:lastnull, conf=conf: {index: -1, cur=peers:[]|listeners:[], old=null}
     LEADER (RUNNING): s0@group-B21D4752B5F9:t1, leader=s0, voted=s0, raftlog=Memoized:s0@group-B21D4752B5F9-SegmentedRaftLog:OPENED:c0:last(t:1, i:0), conf=conf: {index: 0, cur=peers:[s10|0.0.0.0:15010, s0|0.0.0.0:15000, s1|0.0.0.0:15001]|listeners:[], old=null}] size=2
  s1:  RUNNING [
   FOLLOWER (STARTING): s1@group-5CA96AA9335B:t0, leader=null, voted=, raftlog=Memoized:s1@group-5CA96AA9335B-SegmentedRaftLog:OPENED:c-1:lastnull, conf=conf: {index: -1, cur=peers:[]|listeners:[], old=null}
   FOLLOWER (RUNNING): s1@group-B21D4752B5F9:t1, leader=s0, voted=s0, raftlog=Memoized:s1@group-B21D4752B5F9-SegmentedRaftLog:OPENED:c0:last(t:1, i:0), conf=conf: {index: 0, cur=peers:[s10|0.0.0.0:15010, s0|0.0.0.0:15000, s1|0.0.0.0:15001]|listeners:[], old=null}] size=2
2025-05-22 15:25:15,812 INFO  server.GrpcClientProtocolService (GrpcClientProtocolService.java:lambda$processClientRequest$0(330)) - Failed request cid=3544, reply=RaftClientReply:client-E9A6619D0DFC->s10@group-B21D4752B5F9, cid=3544, FAILED org.apache.ratis.protocol.exceptions.NotLeaderException: Server s10@group-B21D4752B5F9 is not the leader, suggested leader is: s0|0.0.0.0:15000, logIndex=0, commits[s10:c0, s0:c0, s1:c0]
2025-05-22 15:25:15,931 INFO  statemachine.StateMachine (ArithmeticStateMachine.java:applyTransaction(181)) - LEADER:s0-1: a = 3 = 3
2025-05-22 15:25:15,945 INFO  statemachine.StateMachine (ArithmeticStateMachine.java:applyTransaction(181)) - LEADER:s0-3: b = 4 = 4
2025-05-22 15:25:15,960 INFO  statemachine.StateMachine (ArithmeticStateMachine.java:applyTransaction(181)) - LEADER:s0-5: c = √(a^2 + b^2) = 5
2025-05-22 15:25:15,973 INFO  statemachine.StateMachine (ArithmeticStateMachine.java:applyTransaction(181)) - LEADER:s0-7: a = null = null
2025-05-22 15:25:15,985 INFO  statemachine.StateMachine (ArithmeticStateMachine.java:applyTransaction(181)) - LEADER:s0-9: b = null = null
2025-05-22 15:25:15,997 INFO  statemachine.StateMachine (ArithmeticStateMachine.java:applyTransaction(181)) - LEADER:s0-11: c = null = null
2025-05-22 15:25:16,010 INFO  statemachine.StateMachine (ArithmeticStateMachine.java:applyTransaction(181)) - LEADER:s0-13: a = 5 = 5
2025-05-22 15:25:16,020 INFO  statemachine.StateMachine (ArithmeticStateMachine.java:applyTransaction(181)) - LEADER:s0-15: b = 12 = 12
2025-05-22 15:25:16,032 INFO  statemachine.StateMachine (ArithmeticStateMachine.java:applyTransaction(181)) - LEADER:s0-17: c = √(a^2 + b^2) = 13
2025-05-22 15:25:16,045 INFO  statemachine.StateMachine (ArithmeticStateMachine.java:applyTransaction(181)) - LEADER:s0-19: a = null = null
2025-05-22 15:25:16,057 INFO  statemachine.StateMachine (ArithmeticStateMachine.java:applyTransaction(181)) - LEADER:s0-21: b = null = null
2025-05-22 15:25:16,068 INFO  statemachine.StateMachine (ArithmeticStateMachine.java:applyTransaction(181)) - LEADER:s0-23: c = null = null
2025-05-22 15:25:16,081 INFO  statemachine.StateMachine (ArithmeticStateMachine.java:applyTransaction(181)) - LEADER:s0-25: a = 7 = 7
2025-05-22 15:25:16,093 INFO  statemachine.StateMachine (ArithmeticStateMachine.java:applyTransaction(181)) - LEADER:s0-27: b = 24 = 24
2025-05-22 15:25:16,106 INFO  statemachine.StateMachine (ArithmeticStateMachine.java:applyTransaction(181)) - LEADER:s0-29: c = √(a^2 + b^2) = 25
2025-05-22 15:25:16,120 INFO  statemachine.StateMachine (ArithmeticStateMachine.java:applyTransaction(181)) - LEADER:s0-31: a = null = null
2025-05-22 15:25:16,131 INFO  statemachine.StateMachine (ArithmeticStateMachine.java:applyTransaction(181)) - LEADER:s0-33: b = null = null
2025-05-22 15:25:16,142 INFO  statemachine.StateMachine (ArithmeticStateMachine.java:applyTransaction(181)) - LEADER:s0-35: c = null = null
2025-05-22 15:25:16,152 INFO  statemachine.StateMachine (ArithmeticStateMachine.java:applyTransaction(181)) - LEADER:s0-37: a = 9 = 9
2025-05-22 15:25:16,164 INFO  statemachine.StateMachine (ArithmeticStateMachine.java:applyTransaction(181)) - LEADER:s0-39: b = 40 = 40
2025-05-22 15:25:16,174 INFO  statemachine.StateMachine (ArithmeticStateMachine.java:applyTransaction(181)) - LEADER:s0-41: c = √(a^2 + b^2) = 41
2025-05-22 15:25:16,183 INFO  statemachine.StateMachine (ArithmeticStateMachine.java:applyTransaction(181)) - LEADER:s0-43: a = null = null
2025-05-22 15:25:16,193 INFO  statemachine.StateMachine (ArithmeticStateMachine.java:applyTransaction(181)) - LEADER:s0-45: b = null = null
2025-05-22 15:25:16,205 INFO  statemachine.StateMachine (ArithmeticStateMachine.java:applyTransaction(181)) - LEADER:s0-47: c = null = null
2025-05-22 15:25:16,216 INFO  statemachine.StateMachine (ArithmeticStateMachine.java:applyTransaction(181)) - LEADER:s0-49: a = 11 = 11
2025-05-22 15:25:16,226 INFO  statemachine.StateMachine (ArithmeticStateMachine.java:applyTransaction(181)) - LEADER:s0-51: b = 60 = 60
2025-05-22 15:25:16,238 INFO  statemachine.StateMachine (ArithmeticStateMachine.java:applyTransaction(181)) - LEADER:s0-53: c = √(a^2 + b^2) = 61
2025-05-22 15:25:16,249 INFO  statemachine.StateMachine (ArithmeticStateMachine.java:applyTransaction(181)) - LEADER:s0-55: a = null = null
2025-05-22 15:25:16,259 INFO  statemachine.StateMachine (ArithmeticStateMachine.java:applyTransaction(181)) - LEADER:s0-57: b = null = null
2025-05-22 15:25:16,269 INFO  statemachine.StateMachine (ArithmeticStateMachine.java:applyTransaction(181)) - LEADER:s0-59: c = null = null
2025-05-22 15:25:16,280 INFO  statemachine.StateMachine (ArithmeticStateMachine.java:applyTransaction(181)) - LEADER:s0-61: a = 13 = 13
2025-05-22 15:25:16,290 INFO  statemachine.StateMachine (ArithmeticStateMachine.java:applyTransaction(181)) - LEADER:s0-63: b = 84 = 84
2025-05-22 15:25:16,300 INFO  statemachine.StateMachine (ArithmeticStateMachine.java:applyTransaction(181)) - LEADER:s0-65: c = √(a^2 + b^2) = 85
2025-05-22 15:25:16,308 INFO  statemachine.StateMachine (ArithmeticStateMachine.java:applyTransaction(181)) - LEADER:s0-67: a = null = null
2025-05-22 15:25:16,316 INFO  statemachine.StateMachine (ArithmeticStateMachine.java:applyTransaction(181)) - LEADER:s0-69: b = null = null
2025-05-22 15:25:16,325 INFO  statemachine.StateMachine (ArithmeticStateMachine.java:applyTransaction(181)) - LEADER:s0-71: c = null = null
2025-05-22 15:25:16,333 INFO  statemachine.StateMachine (ArithmeticStateMachine.java:applyTransaction(181)) - LEADER:s0-73: a = 15 = 15
2025-05-22 15:25:16,341 INFO  statemachine.StateMachine (ArithmeticStateMachine.java:applyTransaction(181)) - LEADER:s0-75: b = 112 = 112
2025-05-22 15:25:16,350 INFO  statemachine.StateMachine (ArithmeticStateMachine.java:applyTransaction(181)) - LEADER:s0-77: c = √(a^2 + b^2) = 113
2025-05-22 15:25:16,358 INFO  statemachine.StateMachine (ArithmeticStateMachine.java:applyTransaction(181)) - LEADER:s0-79: a = null = null
2025-05-22 15:25:16,366 INFO  statemachine.StateMachine (ArithmeticStateMachine.java:applyTransaction(181)) - LEADER:s0-81: b = null = null
2025-05-22 15:25:16,374 INFO  statemachine.StateMachine (ArithmeticStateMachine.java:applyTransaction(181)) - LEADER:s0-83: c = null = null
2025-05-22 15:25:16,383 INFO  statemachine.StateMachine (ArithmeticStateMachine.java:applyTransaction(181)) - LEADER:s0-85: a = 17 = 17
2025-05-22 15:25:16,391 INFO  statemachine.StateMachine (ArithmeticStateMachine.java:applyTransaction(181)) - LEADER:s0-87: b = 144 = 144
2025-05-22 15:25:16,401 INFO  statemachine.StateMachine (ArithmeticStateMachine.java:applyTransaction(181)) - LEADER:s0-89: c = √(a^2 + b^2) = 145
2025-05-22 15:25:16,409 INFO  statemachine.StateMachine (ArithmeticStateMachine.java:applyTransaction(181)) - LEADER:s0-91: a = null = null
2025-05-22 15:25:16,416 INFO  statemachine.StateMachine (ArithmeticStateMachine.java:applyTransaction(181)) - LEADER:s0-93: b = null = null
2025-05-22 15:25:16,426 INFO  statemachine.StateMachine (ArithmeticStateMachine.java:applyTransaction(181)) - LEADER:s0-95: c = null = null
2025-05-22 15:25:16,432 INFO  statemachine.StateMachine (ArithmeticStateMachine.java:applyTransaction(181)) - LEADER:s0-97: a = 19 = 19
2025-05-22 15:25:16,441 INFO  statemachine.StateMachine (ArithmeticStateMachine.java:applyTransaction(181)) - LEADER:s0-99: b = 180 = 180
2025-05-22 15:25:16,447 INFO  statemachine.StateMachine (ArithmeticStateMachine.java:applyTransaction(181)) - LEADER:s0-101: c = √(a^2 + b^2) = 181
2025-05-22 15:25:16,456 INFO  statemachine.StateMachine (ArithmeticStateMachine.java:applyTransaction(181)) - LEADER:s0-103: a = null = null
2025-05-22 15:25:16,464 INFO  statemachine.StateMachine (ArithmeticStateMachine.java:applyTransaction(181)) - LEADER:s0-105: b = null = null
2025-05-22 15:25:16,472 INFO  statemachine.StateMachine (ArithmeticStateMachine.java:applyTransaction(181)) - LEADER:s0-107: c = null = null
2025-05-22 15:25:16,481 INFO  statemachine.StateMachine (ArithmeticStateMachine.java:applyTransaction(181)) - LEADER:s0-109: a = 21 = 21
2025-05-22 15:25:16,488 INFO  statemachine.StateMachine (ArithmeticStateMachine.java:applyTransaction(181)) - LEADER:s0-111: b = 220 = 220
2025-05-22 15:25:16,496 INFO  statemachine.StateMachine (ArithmeticStateMachine.java:applyTransaction(181)) - LEADER:s0-113: c = √(a^2 + b^2) = 221
2025-05-22 15:25:16,503 INFO  statemachine.StateMachine (ArithmeticStateMachine.java:applyTransaction(181)) - LEADER:s0-115: a = null = null
2025-05-22 15:25:16,509 INFO  statemachine.StateMachine (ArithmeticStateMachine.java:applyTransaction(181)) - LEADER:s0-117: b = null = null
2025-05-22 15:25:16,516 INFO  statemachine.StateMachine (ArithmeticStateMachine.java:applyTransaction(181)) - LEADER:s0-119: c = null = null
2025-05-22 15:25:16,522 INFO  impl.GroupManagementBaseTest (GroupManagementBaseTest.java:runMultiGroupTest(283)) - 1) starting group-BEB040E247F1:[s11|0.0.0.0:15011, s13|0.0.0.0:15013, s12|0.0.0.0:15012]
2025-05-22 15:25:16,531 INFO  server.RaftServer (RaftServerProxy.java:addNew(106)) - s11: addNew group-BEB040E247F1:[s11|0.0.0.0:15011, s13|0.0.0.0:15013, s12|0.0.0.0:15012] returns group-BEB040E247F1:java.util.concurrent.CompletableFuture@48e1bd6c[Not completed]
2025-05-22 15:25:16,532 INFO  server.RaftServer$Division (RaftServerImpl.java:<init>(271)) - s11: new RaftServerImpl for group-BEB040E247F1:[s11|0.0.0.0:15011, s13|0.0.0.0:15013, s12|0.0.0.0:15012] with ArithmeticStateMachine:uninitialized
2025-05-22 15:25:16,532 INFO  server.RaftServer$Division (ServerState.java:<init>(114)) - s11@group-BEB040E247F1: ConfigurationManager, init=conf: {index: -1, cur=peers:[s11|0.0.0.0:15011, s13|0.0.0.0:15013, s12|0.0.0.0:15012]|listeners:[], old=null}, confs=<EMPTY_MAP>
2025-05-22 15:25:16,533 INFO  server.RaftServerConfigKeys (ConfUtils.java:logGet(62)) - raft.server.storage.dir = [/home/runner/work/ratis/ratis/ratis-examples/target/test/data/3b356627/MiniRaftClusterWithGrpcde84ffe6/s11] (custom)
2025-05-22 15:25:16,533 INFO  storage.RaftStorageDirectory (RaftStorageDirectoryImpl.java:analyzeStorage(138)) - The storage directory /home/runner/work/ratis/ratis/ratis-examples/target/test/data/3b356627/MiniRaftClusterWithGrpcde84ffe6/s11/dabd5879-b550-4400-929d-beb040e247f1 does not exist. Creating ...
2025-05-22 15:25:16,534 TRACE util.FileUtils (LogUtils.java:runAndLog(49)) - Successfully ran Files.createDirectories /home/runner/work/ratis/ratis/ratis-examples/target/test/data/3b356627/MiniRaftClusterWithGrpcde84ffe6/s11/dabd5879-b550-4400-929d-beb040e247f1
2025-05-22 15:25:16,534 INFO  storage.RaftStorageDirectory (RaftStorageDirectoryImpl.java:tryLock(229)) - Lock on /home/runner/work/ratis/ratis/ratis-examples/target/test/data/3b356627/MiniRaftClusterWithGrpcde84ffe6/s11/dabd5879-b550-4400-929d-beb040e247f1/in_use.lock acquired by nodename 6133@fv-az1337-961
2025-05-22 15:25:16,535 TRACE util.FileUtils (LogUtils.java:runAndLog(49)) - Successfully ran Files.createDirectories /home/runner/work/ratis/ratis/ratis-examples/target/test/data/3b356627/MiniRaftClusterWithGrpcde84ffe6/s11/dabd5879-b550-4400-929d-beb040e247f1/current
2025-05-22 15:25:16,535 TRACE util.FileUtils (LogUtils.java:runAndLog(49)) - Successfully ran Files.createDirectories /home/runner/work/ratis/ratis/ratis-examples/target/test/data/3b356627/MiniRaftClusterWithGrpcde84ffe6/s11/dabd5879-b550-4400-929d-beb040e247f1/sm
2025-05-22 15:25:16,535 TRACE util.FileUtils (LogUtils.java:supplyAndLog(69)) - Successfully supplied FileChannel.open /home/runner/work/ratis/ratis/ratis-examples/target/test/data/3b356627/MiniRaftClusterWithGrpcde84ffe6/s11/dabd5879-b550-4400-929d-beb040e247f1/current/raft-meta.tmp with options [CREATE, TRUNCATE_EXISTING, WRITE]: sun.nio.ch.FileChannelImpl@8247312
2025-05-22 15:25:16,536 TRACE util.FileUtils (LogUtils.java:runAndLog(49)) - Successfully ran Atomic Files.move /home/runner/work/ratis/ratis/ratis-examples/target/test/data/3b356627/MiniRaftClusterWithGrpcde84ffe6/s11/dabd5879-b550-4400-929d-beb040e247f1/current/raft-meta.tmp to /home/runner/work/ratis/ratis/ratis-examples/target/test/data/3b356627/MiniRaftClusterWithGrpcde84ffe6/s11/dabd5879-b550-4400-929d-beb040e247f1/current/raft-meta with options [REPLACE_EXISTING]
2025-05-22 15:25:16,536 INFO  storage.RaftStorage (RaftStorageImpl.java:format(98)) - Storage directory /home/runner/work/ratis/ratis/ratis-examples/target/test/data/3b356627/MiniRaftClusterWithGrpcde84ffe6/s11/dabd5879-b550-4400-929d-beb040e247f1 has been successfully formatted.
2025-05-22 15:25:16,536 WARN  statemachine.StateMachine (ArithmeticStateMachine.java:loadSnapshot(115)) - The snapshot info is null.
2025-05-22 15:25:16,537 INFO  util.AwaitToRun (AwaitToRun.java:start(81)) - Thread[s11@group-BEB040E247F1-cacheEviction-AwaitToRun,5,main] started
2025-05-22 15:25:16,537 INFO  segmented.SegmentedRaftLogWorker (SegmentedRaftLogWorker.java:<init>(191)) - new s11@group-BEB040E247F1-SegmentedRaftLogWorker for RaftStorageImpl:Storage Directory /home/runner/work/ratis/ratis/ratis-examples/target/test/data/3b356627/MiniRaftClusterWithGrpcde84ffe6/s11/dabd5879-b550-4400-929d-beb040e247f1
2025-05-22 15:25:16,537 INFO  segmented.SegmentedRaftLogWorker (SegmentedRaftLogWorker.java:lambda$new$0(142)) - s11@group-BEB040E247F1-SegmentedRaftLogWorker: flushIndex: setUnconditionally 0 -> -1
2025-05-22 15:25:16,537 INFO  segmented.SegmentedRaftLogWorker (SegmentedRaftLogWorker.java:lambda$new$0(142)) - s11@group-BEB040E247F1-SegmentedRaftLogWorker: safeCacheEvictIndex: setUnconditionally 0 -> -1
2025-05-22 15:25:16,538 INFO  server.RaftServer$Division (RaftServerImpl.java:start(408)) - s11@group-BEB040E247F1: start as a follower, conf=conf: {index: -1, cur=peers:[s11|0.0.0.0:15011, s13|0.0.0.0:15013, s12|0.0.0.0:15012]|listeners:[], old=null}
2025-05-22 15:25:16,538 INFO  server.RaftServer$Division (RaftServerImpl.java:setRole(395)) - s11@group-BEB040E247F1: changes role from      null to FOLLOWER at term 0 for startAsFollower
2025-05-22 15:25:16,538 INFO  impl.RoleInfo (RoleInfo.java:updateAndGet(148)) - s11: start s11@group-BEB040E247F1-FollowerState
2025-05-22 15:25:16,538 INFO  util.JmxRegister (JmxRegister.java:tryRegister(44)) - Successfully registered JMX Bean with object name Ratis:service=RaftServer,group=group-BEB040E247F1,id=s11
2025-05-22 15:25:16,538 INFO  util.JmxRegister (JmxRegister.java:register(58)) - register mxBean class org.apache.ratis.server.impl.RaftServerJmxAdapter as Ratis:service=RaftServer,group=group-BEB040E247F1,id=s11
2025-05-22 15:25:16,539 INFO  server.RaftServerConfigKeys (ConfUtils.java:logFallback(69)) - raft.server.rpc.first-election.timeout.min = 300ms (fallback to raft.server.rpc.timeout.min)
2025-05-22 15:25:16,539 INFO  server.RaftServerConfigKeys (ConfUtils.java:logFallback(69)) - raft.server.rpc.first-election.timeout.max = 600ms (fallback to raft.server.rpc.timeout.max)
2025-05-22 15:25:16,539 INFO  server.RaftServer$Division (RaftServerImpl.java:start(422)) - s11@group-BEB040E247F1: Successfully started.
2025-05-22 15:25:16,548 INFO  server.RaftServer (RaftServerProxy.java:addNew(106)) - s12: addNew group-BEB040E247F1:[s11|0.0.0.0:15011, s13|0.0.0.0:15013, s12|0.0.0.0:15012] returns group-BEB040E247F1:java.util.concurrent.CompletableFuture@52ea50ae[Not completed]
2025-05-22 15:25:16,548 INFO  server.RaftServer$Division (RaftServerImpl.java:<init>(271)) - s12: new RaftServerImpl for group-BEB040E247F1:[s11|0.0.0.0:15011, s13|0.0.0.0:15013, s12|0.0.0.0:15012] with ArithmeticStateMachine:uninitialized
2025-05-22 15:25:16,548 INFO  server.RaftServer$Division (ServerState.java:<init>(114)) - s12@group-BEB040E247F1: ConfigurationManager, init=conf: {index: -1, cur=peers:[s11|0.0.0.0:15011, s13|0.0.0.0:15013, s12|0.0.0.0:15012]|listeners:[], old=null}, confs=<EMPTY_MAP>
2025-05-22 15:25:16,549 INFO  server.RaftServerConfigKeys (ConfUtils.java:logGet(62)) - raft.server.storage.dir = [/home/runner/work/ratis/ratis/ratis-examples/target/test/data/3b356627/MiniRaftClusterWithGrpcde84ffe6/s12] (custom)
2025-05-22 15:25:16,549 INFO  storage.RaftStorageDirectory (RaftStorageDirectoryImpl.java:analyzeStorage(138)) - The storage directory /home/runner/work/ratis/ratis/ratis-examples/target/test/data/3b356627/MiniRaftClusterWithGrpcde84ffe6/s12/dabd5879-b550-4400-929d-beb040e247f1 does not exist. Creating ...
2025-05-22 15:25:16,549 TRACE util.FileUtils (LogUtils.java:runAndLog(49)) - Successfully ran Files.createDirectories /home/runner/work/ratis/ratis/ratis-examples/target/test/data/3b356627/MiniRaftClusterWithGrpcde84ffe6/s12/dabd5879-b550-4400-929d-beb040e247f1
2025-05-22 15:25:16,550 INFO  storage.RaftStorageDirectory (RaftStorageDirectoryImpl.java:tryLock(229)) - Lock on /home/runner/work/ratis/ratis/ratis-examples/target/test/data/3b356627/MiniRaftClusterWithGrpcde84ffe6/s12/dabd5879-b550-4400-929d-beb040e247f1/in_use.lock acquired by nodename 6133@fv-az1337-961
2025-05-22 15:25:16,550 TRACE util.FileUtils (LogUtils.java:runAndLog(49)) - Successfully ran Files.createDirectories /home/runner/work/ratis/ratis/ratis-examples/target/test/data/3b356627/MiniRaftClusterWithGrpcde84ffe6/s12/dabd5879-b550-4400-929d-beb040e247f1/current
2025-05-22 15:25:16,550 TRACE util.FileUtils (LogUtils.java:runAndLog(49)) - Successfully ran Files.createDirectories /home/runner/work/ratis/ratis/ratis-examples/target/test/data/3b356627/MiniRaftClusterWithGrpcde84ffe6/s12/dabd5879-b550-4400-929d-beb040e247f1/sm
2025-05-22 15:25:16,550 TRACE util.FileUtils (LogUtils.java:supplyAndLog(69)) - Successfully supplied FileChannel.open /home/runner/work/ratis/ratis/ratis-examples/target/test/data/3b356627/MiniRaftClusterWithGrpcde84ffe6/s12/dabd5879-b550-4400-929d-beb040e247f1/current/raft-meta.tmp with options [CREATE, TRUNCATE_EXISTING, WRITE]: sun.nio.ch.FileChannelImpl@3ce13229
2025-05-22 15:25:16,551 TRACE util.FileUtils (LogUtils.java:runAndLog(49)) - Successfully ran Atomic Files.move /home/runner/work/ratis/ratis/ratis-examples/target/test/data/3b356627/MiniRaftClusterWithGrpcde84ffe6/s12/dabd5879-b550-4400-929d-beb040e247f1/current/raft-meta.tmp to /home/runner/work/ratis/ratis/ratis-examples/target/test/data/3b356627/MiniRaftClusterWithGrpcde84ffe6/s12/dabd5879-b550-4400-929d-beb040e247f1/current/raft-meta with options [REPLACE_EXISTING]
2025-05-22 15:25:16,551 INFO  storage.RaftStorage (RaftStorageImpl.java:format(98)) - Storage directory /home/runner/work/ratis/ratis/ratis-examples/target/test/data/3b356627/MiniRaftClusterWithGrpcde84ffe6/s12/dabd5879-b550-4400-929d-beb040e247f1 has been successfully formatted.
2025-05-22 15:25:16,551 WARN  statemachine.StateMachine (ArithmeticStateMachine.java:loadSnapshot(115)) - The snapshot info is null.
2025-05-22 15:25:16,552 INFO  util.AwaitToRun (AwaitToRun.java:start(81)) - Thread[s12@group-BEB040E247F1-cacheEviction-AwaitToRun,5,main] started
2025-05-22 15:25:16,552 INFO  segmented.SegmentedRaftLogWorker (SegmentedRaftLogWorker.java:<init>(191)) - new s12@group-BEB040E247F1-SegmentedRaftLogWorker for RaftStorageImpl:Storage Directory /home/runner/work/ratis/ratis/ratis-examples/target/test/data/3b356627/MiniRaftClusterWithGrpcde84ffe6/s12/dabd5879-b550-4400-929d-beb040e247f1
2025-05-22 15:25:16,553 INFO  segmented.SegmentedRaftLogWorker (SegmentedRaftLogWorker.java:lambda$new$0(142)) - s12@group-BEB040E247F1-SegmentedRaftLogWorker: flushIndex: setUnconditionally 0 -> -1
2025-05-22 15:25:16,553 INFO  segmented.SegmentedRaftLogWorker (SegmentedRaftLogWorker.java:lambda$new$0(142)) - s12@group-BEB040E247F1-SegmentedRaftLogWorker: safeCacheEvictIndex: setUnconditionally 0 -> -1
2025-05-22 15:25:16,553 INFO  server.RaftServer$Division (RaftServerImpl.java:start(408)) - s12@group-BEB040E247F1: start as a follower, conf=conf: {index: -1, cur=peers:[s11|0.0.0.0:15011, s13|0.0.0.0:15013, s12|0.0.0.0:15012]|listeners:[], old=null}
2025-05-22 15:25:16,553 INFO  server.RaftServer$Division (RaftServerImpl.java:setRole(395)) - s12@group-BEB040E247F1: changes role from      null to FOLLOWER at term 0 for startAsFollower
2025-05-22 15:25:16,553 INFO  impl.RoleInfo (RoleInfo.java:updateAndGet(148)) - s12: start s12@group-BEB040E247F1-FollowerState
2025-05-22 15:25:16,553 INFO  util.JmxRegister (JmxRegister.java:tryRegister(44)) - Successfully registered JMX Bean with object name Ratis:service=RaftServer,group=group-BEB040E247F1,id=s12
2025-05-22 15:25:16,553 INFO  util.JmxRegister (JmxRegister.java:register(58)) - register mxBean class org.apache.ratis.server.impl.RaftServerJmxAdapter as Ratis:service=RaftServer,group=group-BEB040E247F1,id=s12
2025-05-22 15:25:16,553 INFO  server.RaftServerConfigKeys (ConfUtils.java:logFallback(69)) - raft.server.rpc.first-election.timeout.min = 300ms (fallback to raft.server.rpc.timeout.min)
2025-05-22 15:25:16,554 INFO  server.RaftServerConfigKeys (ConfUtils.java:logFallback(69)) - raft.server.rpc.first-election.timeout.max = 600ms (fallback to raft.server.rpc.timeout.max)
2025-05-22 15:25:16,554 INFO  server.RaftServer$Division (RaftServerImpl.java:start(422)) - s12@group-BEB040E247F1: Successfully started.
2025-05-22 15:25:16,563 INFO  server.RaftServer (RaftServerProxy.java:addNew(106)) - s13: addNew group-BEB040E247F1:[s11|0.0.0.0:15011, s13|0.0.0.0:15013, s12|0.0.0.0:15012] returns group-BEB040E247F1:java.util.concurrent.CompletableFuture@7a9284e1[Not completed]
2025-05-22 15:25:16,563 INFO  server.RaftServer$Division (RaftServerImpl.java:<init>(271)) - s13: new RaftServerImpl for group-BEB040E247F1:[s11|0.0.0.0:15011, s13|0.0.0.0:15013, s12|0.0.0.0:15012] with ArithmeticStateMachine:uninitialized
2025-05-22 15:25:16,563 INFO  server.RaftServer$Division (ServerState.java:<init>(114)) - s13@group-BEB040E247F1: ConfigurationManager, init=conf: {index: -1, cur=peers:[s11|0.0.0.0:15011, s13|0.0.0.0:15013, s12|0.0.0.0:15012]|listeners:[], old=null}, confs=<EMPTY_MAP>
2025-05-22 15:25:16,564 INFO  server.RaftServerConfigKeys (ConfUtils.java:logGet(62)) - raft.server.storage.dir = [/home/runner/work/ratis/ratis/ratis-examples/target/test/data/3b356627/MiniRaftClusterWithGrpcde84ffe6/s13] (custom)
2025-05-22 15:25:16,564 INFO  storage.RaftStorageDirectory (RaftStorageDirectoryImpl.java:analyzeStorage(138)) - The storage directory /home/runner/work/ratis/ratis/ratis-examples/target/test/data/3b356627/MiniRaftClusterWithGrpcde84ffe6/s13/dabd5879-b550-4400-929d-beb040e247f1 does not exist. Creating ...
2025-05-22 15:25:16,564 TRACE util.FileUtils (LogUtils.java:runAndLog(49)) - Successfully ran Files.createDirectories /home/runner/work/ratis/ratis/ratis-examples/target/test/data/3b356627/MiniRaftClusterWithGrpcde84ffe6/s13/dabd5879-b550-4400-929d-beb040e247f1
2025-05-22 15:25:16,565 INFO  storage.RaftStorageDirectory (RaftStorageDirectoryImpl.java:tryLock(229)) - Lock on /home/runner/work/ratis/ratis/ratis-examples/target/test/data/3b356627/MiniRaftClusterWithGrpcde84ffe6/s13/dabd5879-b550-4400-929d-beb040e247f1/in_use.lock acquired by nodename 6133@fv-az1337-961
2025-05-22 15:25:16,565 TRACE util.FileUtils (LogUtils.java:runAndLog(49)) - Successfully ran Files.createDirectories /home/runner/work/ratis/ratis/ratis-examples/target/test/data/3b356627/MiniRaftClusterWithGrpcde84ffe6/s13/dabd5879-b550-4400-929d-beb040e247f1/current
2025-05-22 15:25:16,565 TRACE util.FileUtils (LogUtils.java:runAndLog(49)) - Successfully ran Files.createDirectories /home/runner/work/ratis/ratis/ratis-examples/target/test/data/3b356627/MiniRaftClusterWithGrpcde84ffe6/s13/dabd5879-b550-4400-929d-beb040e247f1/sm
2025-05-22 15:25:16,566 TRACE util.FileUtils (LogUtils.java:supplyAndLog(69)) - Successfully supplied FileChannel.open /home/runner/work/ratis/ratis/ratis-examples/target/test/data/3b356627/MiniRaftClusterWithGrpcde84ffe6/s13/dabd5879-b550-4400-929d-beb040e247f1/current/raft-meta.tmp with options [CREATE, TRUNCATE_EXISTING, WRITE]: sun.nio.ch.FileChannelImpl@72e6ad99
2025-05-22 15:25:16,567 TRACE util.FileUtils (LogUtils.java:runAndLog(49)) - Successfully ran Atomic Files.move /home/runner/work/ratis/ratis/ratis-examples/target/test/data/3b356627/MiniRaftClusterWithGrpcde84ffe6/s13/dabd5879-b550-4400-929d-beb040e247f1/current/raft-meta.tmp to /home/runner/work/ratis/ratis/ratis-examples/target/test/data/3b356627/MiniRaftClusterWithGrpcde84ffe6/s13/dabd5879-b550-4400-929d-beb040e247f1/current/raft-meta with options [REPLACE_EXISTING]
2025-05-22 15:25:16,567 INFO  storage.RaftStorage (RaftStorageImpl.java:format(98)) - Storage directory /home/runner/work/ratis/ratis/ratis-examples/target/test/data/3b356627/MiniRaftClusterWithGrpcde84ffe6/s13/dabd5879-b550-4400-929d-beb040e247f1 has been successfully formatted.
2025-05-22 15:25:16,567 WARN  statemachine.StateMachine (ArithmeticStateMachine.java:loadSnapshot(115)) - The snapshot info is null.
2025-05-22 15:25:16,568 INFO  util.AwaitToRun (AwaitToRun.java:start(81)) - Thread[s13@group-BEB040E247F1-cacheEviction-AwaitToRun,5,main] started
2025-05-22 15:25:16,568 INFO  segmented.SegmentedRaftLogWorker (SegmentedRaftLogWorker.java:<init>(191)) - new s13@group-BEB040E247F1-SegmentedRaftLogWorker for RaftStorageImpl:Storage Directory /home/runner/work/ratis/ratis/ratis-examples/target/test/data/3b356627/MiniRaftClusterWithGrpcde84ffe6/s13/dabd5879-b550-4400-929d-beb040e247f1
2025-05-22 15:25:16,569 INFO  segmented.SegmentedRaftLogWorker (SegmentedRaftLogWorker.java:lambda$new$0(142)) - s13@group-BEB040E247F1-SegmentedRaftLogWorker: flushIndex: setUnconditionally 0 -> -1
2025-05-22 15:25:16,569 INFO  segmented.SegmentedRaftLogWorker (SegmentedRaftLogWorker.java:lambda$new$0(142)) - s13@group-BEB040E247F1-SegmentedRaftLogWorker: safeCacheEvictIndex: setUnconditionally 0 -> -1
2025-05-22 15:25:16,569 INFO  server.RaftServer$Division (RaftServerImpl.java:start(408)) - s13@group-BEB040E247F1: start as a follower, conf=conf: {index: -1, cur=peers:[s11|0.0.0.0:15011, s13|0.0.0.0:15013, s12|0.0.0.0:15012]|listeners:[], old=null}
2025-05-22 15:25:16,569 INFO  server.RaftServer$Division (RaftServerImpl.java:setRole(395)) - s13@group-BEB040E247F1: changes role from      null to FOLLOWER at term 0 for startAsFollower
2025-05-22 15:25:16,570 INFO  impl.RoleInfo (RoleInfo.java:updateAndGet(148)) - s13: start s13@group-BEB040E247F1-FollowerState
2025-05-22 15:25:16,570 INFO  util.JmxRegister (JmxRegister.java:tryRegister(44)) - Successfully registered JMX Bean with object name Ratis:service=RaftServer,group=group-BEB040E247F1,id=s13
2025-05-22 15:25:16,570 INFO  util.JmxRegister (JmxRegister.java:register(58)) - register mxBean class org.apache.ratis.server.impl.RaftServerJmxAdapter as Ratis:service=RaftServer,group=group-BEB040E247F1,id=s13
2025-05-22 15:25:16,570 INFO  server.RaftServerConfigKeys (ConfUtils.java:logFallback(69)) - raft.server.rpc.first-election.timeout.min = 300ms (fallback to raft.server.rpc.timeout.min)
2025-05-22 15:25:16,571 INFO  server.RaftServerConfigKeys (ConfUtils.java:logFallback(69)) - raft.server.rpc.first-election.timeout.max = 600ms (fallback to raft.server.rpc.timeout.max)
2025-05-22 15:25:16,572 INFO  server.RaftServer$Division (RaftServerImpl.java:start(422)) - s13@group-BEB040E247F1: Successfully started.
2025-05-22 15:25:16,576 INFO  ratis.RaftTestUtil (RaftTestUtil.java:waitForLeader(107)) - printing group-BEB040E247F1
  s11:  RUNNING [
   FOLLOWER (STARTING): s11@group-5CA96AA9335B:t0, leader=null, voted=, raftlog=Memoized:s11@group-5CA96AA9335B-SegmentedRaftLog:OPENED:c-1:lastnull, conf=conf: {index: -1, cur=peers:[]|listeners:[], old=null}
   FOLLOWER (RUNNING): s11@group-BEB040E247F1:t0, leader=null, voted=, raftlog=Memoized:s11@group-BEB040E247F1-SegmentedRaftLog:OPENED:c-1:lastnull, conf=conf: {index: -1, cur=peers:[s11|0.0.0.0:15011, s13|0.0.0.0:15013, s12|0.0.0.0:15012]|listeners:[], old=null}] size=2
  s13:  RUNNING [
   FOLLOWER (STARTING): s13@group-5CA96AA9335B:t0, leader=null, voted=, raftlog=Memoized:s13@group-5CA96AA9335B-SegmentedRaftLog:OPENED:c-1:lastnull, conf=conf: {index: -1, cur=peers:[]|listeners:[], old=null}
   FOLLOWER (RUNNING): s13@group-BEB040E247F1:t0, leader=null, voted=, raftlog=Memoized:s13@group-BEB040E247F1-SegmentedRaftLog:OPENED:c-1:lastnull, conf=conf: {index: -1, cur=peers:[s11|0.0.0.0:15011, s13|0.0.0.0:15013, s12|0.0.0.0:15012]|listeners:[], old=null}] size=2
  s12:  RUNNING [
   FOLLOWER (STARTING): s12@group-5CA96AA9335B:t0, leader=null, voted=, raftlog=Memoized:s12@group-5CA96AA9335B-SegmentedRaftLog:OPENED:c-1:lastnull, conf=conf: {index: -1, cur=peers:[]|listeners:[], old=null}
   FOLLOWER (RUNNING): s12@group-BEB040E247F1:t0, leader=null, voted=, raftlog=Memoized:s12@group-BEB040E247F1-SegmentedRaftLog:OPENED:c-1:lastnull, conf=conf: {index: -1, cur=peers:[s11|0.0.0.0:15011, s13|0.0.0.0:15013, s12|0.0.0.0:15012]|listeners:[], old=null}] size=2
2025-05-22 15:25:16,577 WARN  ratis.RaftTestUtil (RaftTestUtil.java:lambda$waitForLeader$3(126)) - Attempt #1 failed: java.lang.IllegalStateException: No leader yet  for group-BEB040E247F1: printing group-BEB040E247F1
  s11:  RUNNING [
   FOLLOWER (STARTING): s11@group-5CA96AA9335B:t0, leader=null, voted=, raftlog=Memoized:s11@group-5CA96AA9335B-SegmentedRaftLog:OPENED:c-1:lastnull, conf=conf: {index: -1, cur=peers:[]|listeners:[], old=null}
   FOLLOWER (RUNNING): s11@group-BEB040E247F1:t0, leader=null, voted=, raftlog=Memoized:s11@group-BEB040E247F1-SegmentedRaftLog:OPENED:c-1:lastnull, conf=conf: {index: -1, cur=peers:[s11|0.0.0.0:15011, s13|0.0.0.0:15013, s12|0.0.0.0:15012]|listeners:[], old=null}] size=2
  s13:  RUNNING [
   FOLLOWER (STARTING): s13@group-5CA96AA9335B:t0, leader=null, voted=, raftlog=Memoized:s13@group-5CA96AA9335B-SegmentedRaftLog:OPENED:c-1:lastnull, conf=conf: {index: -1, cur=peers:[]|listeners:[], old=null}
   FOLLOWER (RUNNING): s13@group-BEB040E247F1:t0, leader=null, voted=, raftlog=Memoized:s13@group-BEB040E247F1-SegmentedRaftLog:OPENED:c-1:lastnull, conf=conf: {index: -1, cur=peers:[s11|0.0.0.0:15011, s13|0.0.0.0:15013, s12|0.0.0.0:15012]|listeners:[], old=null}] size=2
  s12:  RUNNING [
   FOLLOWER (STARTING): s12@group-5CA96AA9335B:t0, leader=null, voted=, raftlog=Memoized:s12@group-5CA96AA9335B-SegmentedRaftLog:OPENED:c-1:lastnull, conf=conf: {index: -1, cur=peers:[]|listeners:[], old=null}
   FOLLOWER (RUNNING): s12@group-BEB040E247F1:t0, leader=null, voted=, raftlog=Memoized:s12@group-BEB040E247F1-SegmentedRaftLog:OPENED:c-1:lastnull, conf=conf: {index: -1, cur=peers:[s11|0.0.0.0:15011, s13|0.0.0.0:15013, s12|0.0.0.0:15012]|listeners:[], old=null}] size=2
2025-05-22 15:25:16,867 INFO  impl.FollowerState (FollowerState.java:runImpl(161)) - s11@group-BEB040E247F1-FollowerState: change to CANDIDATE, lastRpcElapsedTime:328971877ns, electionTimeout:328ms
2025-05-22 15:25:16,867 INFO  impl.RoleInfo (RoleInfo.java:shutdownFollowerState(121)) - s11: shutdown s11@group-BEB040E247F1-FollowerState
2025-05-22 15:25:16,867 INFO  server.RaftServer$Division (RaftServerImpl.java:setRole(395)) - s11@group-BEB040E247F1: changes role from  FOLLOWER to CANDIDATE at term 0 for changeToCandidate
2025-05-22 15:25:16,868 INFO  impl.RoleInfo (RoleInfo.java:updateAndGet(148)) - s11: start s11@group-BEB040E247F1-LeaderElection16
2025-05-22 15:25:16,868 INFO  impl.LeaderElection (LeaderElection.java:askForVotes(448)) - s11@group-BEB040E247F1-LeaderElection16 PRE_VOTE round 0: submit vote requests at term 0 for conf: {index: -1, cur=peers:[s11|0.0.0.0:15011, s13|0.0.0.0:15013, s12|0.0.0.0:15012]|listeners:[], old=null}
2025-05-22 15:25:16,869 INFO  server.GrpcServerProtocolClient (GrpcServerProtocolClient.java:<init>(65)) - Build channel for s13|0.0.0.0:15013
2025-05-22 15:25:16,869 INFO  server.RaftServerConfigKeys (ConfUtils.java:logFallback(69)) - raft.server.rpc.first-election.timeout.min = 300ms (fallback to raft.server.rpc.timeout.min)
2025-05-22 15:25:16,869 INFO  server.RaftServerConfigKeys (ConfUtils.java:logFallback(69)) - raft.server.rpc.first-election.timeout.max = 600ms (fallback to raft.server.rpc.timeout.max)
2025-05-22 15:25:16,869 INFO  server.GrpcServerProtocolClient (GrpcServerProtocolClient.java:<init>(65)) - Build channel for s12|0.0.0.0:15012
2025-05-22 15:25:16,877 INFO  server.RaftServer$Division (RaftServerImpl.java:requestVote(1475)) - s12@group-BEB040E247F1: receive requestVote(PRE_VOTE, s11, group-BEB040E247F1, 0, <PROTO_DEFAULT>)
2025-05-22 15:25:16,877 INFO  impl.VoteContext (VoteContext.java:log(49)) - s12@group-BEB040E247F1-FOLLOWER: accept PRE_VOTE from s11: our priority 0 <= candidate's priority 0
2025-05-22 15:25:16,877 INFO  server.RaftServer$Division (RaftServerImpl.java:requestVote(1475)) - s13@group-BEB040E247F1: receive requestVote(PRE_VOTE, s11, group-BEB040E247F1, 0, <PROTO_DEFAULT>)
2025-05-22 15:25:16,877 INFO  impl.VoteContext (VoteContext.java:log(49)) - s13@group-BEB040E247F1-FOLLOWER: accept PRE_VOTE from s11: our priority 0 <= candidate's priority 0
2025-05-22 15:25:16,877 INFO  server.RaftServer$Division (RaftServerImpl.java:requestVote(1509)) - s13@group-BEB040E247F1 replies to PRE_VOTE vote request: s11<-s13#0:OK-t0-last:<INITIAL_VALUE>. Peer's state: s13@group-BEB040E247F1:t0, leader=null, voted=, raftlog=Memoized:s13@group-BEB040E247F1-SegmentedRaftLog:OPENED:c-1:lastnull, conf=conf: {index: -1, cur=peers:[s11|0.0.0.0:15011, s13|0.0.0.0:15013, s12|0.0.0.0:15012]|listeners:[], old=null}
2025-05-22 15:25:16,877 INFO  server.RaftServer$Division (RaftServerImpl.java:requestVote(1509)) - s12@group-BEB040E247F1 replies to PRE_VOTE vote request: s11<-s12#0:OK-t0-last:<INITIAL_VALUE>. Peer's state: s12@group-BEB040E247F1:t0, leader=null, voted=, raftlog=Memoized:s12@group-BEB040E247F1-SegmentedRaftLog:OPENED:c-1:lastnull, conf=conf: {index: -1, cur=peers:[s11|0.0.0.0:15011, s13|0.0.0.0:15013, s12|0.0.0.0:15012]|listeners:[], old=null}
2025-05-22 15:25:16,879 INFO  impl.LeaderElection (LeaderElection.java:logAndReturn(206)) - s11@group-BEB040E247F1-LeaderElection16: PRE_VOTE PASSED received 1 response(s) and 0 exception(s):
2025-05-22 15:25:16,879 INFO  impl.LeaderElection (LeaderElection.java:logAndReturn(210)) -   Response 0: s11<-s13#0:OK-t0-last:<INITIAL_VALUE>
2025-05-22 15:25:16,879 INFO  impl.LeaderElection (LeaderElection.java:askForVotes(450)) - s11@group-BEB040E247F1-LeaderElection16 PRE_VOTE round 0: result PASSED
2025-05-22 15:25:16,880 TRACE util.FileUtils (LogUtils.java:supplyAndLog(69)) - Successfully supplied FileChannel.open /home/runner/work/ratis/ratis/ratis-examples/target/test/data/3b356627/MiniRaftClusterWithGrpcde84ffe6/s11/dabd5879-b550-4400-929d-beb040e247f1/current/raft-meta.tmp with options [CREATE, TRUNCATE_EXISTING, WRITE]: sun.nio.ch.FileChannelImpl@7b4547fa
2025-05-22 15:25:16,881 TRACE util.FileUtils (LogUtils.java:runAndLog(49)) - Successfully ran Atomic Files.move /home/runner/work/ratis/ratis/ratis-examples/target/test/data/3b356627/MiniRaftClusterWithGrpcde84ffe6/s11/dabd5879-b550-4400-929d-beb040e247f1/current/raft-meta.tmp to /home/runner/work/ratis/ratis/ratis-examples/target/test/data/3b356627/MiniRaftClusterWithGrpcde84ffe6/s11/dabd5879-b550-4400-929d-beb040e247f1/current/raft-meta with options [REPLACE_EXISTING]
2025-05-22 15:25:16,881 INFO  impl.LeaderElection (LeaderElection.java:askForVotes(448)) - s11@group-BEB040E247F1-LeaderElection16 ELECTION round 0: submit vote requests at term 1 for conf: {index: -1, cur=peers:[s11|0.0.0.0:15011, s13|0.0.0.0:15013, s12|0.0.0.0:15012]|listeners:[], old=null}
2025-05-22 15:25:16,882 INFO  server.RaftServer$Division (RaftServerImpl.java:requestVote(1475)) - s13@group-BEB040E247F1: receive requestVote(ELECTION, s11, group-BEB040E247F1, 1, <PROTO_DEFAULT>)
2025-05-22 15:25:16,883 INFO  server.RaftServerConfigKeys (ConfUtils.java:logFallback(69)) - raft.server.rpc.first-election.timeout.min = 300ms (fallback to raft.server.rpc.timeout.min)
2025-05-22 15:25:16,883 INFO  server.RaftServerConfigKeys (ConfUtils.java:logFallback(69)) - raft.server.rpc.first-election.timeout.max = 600ms (fallback to raft.server.rpc.timeout.max)
2025-05-22 15:25:16,884 INFO  impl.VoteContext (VoteContext.java:log(49)) - s13@group-BEB040E247F1-FOLLOWER: accept ELECTION from s11: our priority 0 <= candidate's priority 0
2025-05-22 15:25:16,884 INFO  server.RaftServer$Division (RaftServerImpl.java:setRole(395)) - s13@group-BEB040E247F1: changes role from  FOLLOWER to FOLLOWER at term 0 for candidate:s11
2025-05-22 15:25:16,885 INFO  server.RaftServer$Division (RaftServerImpl.java:requestVote(1475)) - s12@group-BEB040E247F1: receive requestVote(ELECTION, s11, group-BEB040E247F1, 1, <PROTO_DEFAULT>)
2025-05-22 15:25:16,885 INFO  impl.RoleInfo (RoleInfo.java:shutdownFollowerState(121)) - s13: shutdown s13@group-BEB040E247F1-FollowerState
2025-05-22 15:25:16,885 INFO  impl.FollowerState (FollowerState.java:runImpl(170)) - s13@group-BEB040E247F1-FollowerState was interrupted
2025-05-22 15:25:16,885 INFO  impl.RoleInfo (RoleInfo.java:updateAndGet(148)) - s13: start s13@group-BEB040E247F1-FollowerState
2025-05-22 15:25:16,886 INFO  impl.VoteContext (VoteContext.java:log(49)) - s12@group-BEB040E247F1-FOLLOWER: accept ELECTION from s11: our priority 0 <= candidate's priority 0
2025-05-22 15:25:16,886 INFO  server.RaftServer$Division (RaftServerImpl.java:setRole(395)) - s12@group-BEB040E247F1: changes role from  FOLLOWER to FOLLOWER at term 0 for candidate:s11
2025-05-22 15:25:16,886 INFO  impl.RoleInfo (RoleInfo.java:shutdownFollowerState(121)) - s12: shutdown s12@group-BEB040E247F1-FollowerState
2025-05-22 15:25:16,886 INFO  server.RaftServer$Division (RaftServerImpl.java:setFirstElection(579)) - s13@group-BEB040E247F1: set firstElectionSinceStartup to false for candidate:s11
2025-05-22 15:25:16,886 TRACE util.FileUtils (LogUtils.java:supplyAndLog(69)) - Successfully supplied FileChannel.open /home/runner/work/ratis/ratis/ratis-examples/target/test/data/3b356627/MiniRaftClusterWithGrpcde84ffe6/s13/dabd5879-b550-4400-929d-beb040e247f1/current/raft-meta.tmp with options [CREATE, TRUNCATE_EXISTING, WRITE]: sun.nio.ch.FileChannelImpl@61dc75d4
2025-05-22 15:25:16,887 INFO  impl.FollowerState (FollowerState.java:runImpl(170)) - s12@group-BEB040E247F1-FollowerState was interrupted
2025-05-22 15:25:16,887 INFO  impl.RoleInfo (RoleInfo.java:updateAndGet(148)) - s12: start s12@group-BEB040E247F1-FollowerState
2025-05-22 15:25:16,887 INFO  server.RaftServer$Division (RaftServerImpl.java:setFirstElection(579)) - s12@group-BEB040E247F1: set firstElectionSinceStartup to false for candidate:s11
2025-05-22 15:25:16,887 TRACE util.FileUtils (LogUtils.java:supplyAndLog(69)) - Successfully supplied FileChannel.open /home/runner/work/ratis/ratis/ratis-examples/target/test/data/3b356627/MiniRaftClusterWithGrpcde84ffe6/s12/dabd5879-b550-4400-929d-beb040e247f1/current/raft-meta.tmp with options [CREATE, TRUNCATE_EXISTING, WRITE]: sun.nio.ch.FileChannelImpl@7c60b4ad
2025-05-22 15:25:16,888 TRACE util.FileUtils (LogUtils.java:runAndLog(49)) - Successfully ran Atomic Files.move /home/runner/work/ratis/ratis/ratis-examples/target/test/data/3b356627/MiniRaftClusterWithGrpcde84ffe6/s13/dabd5879-b550-4400-929d-beb040e247f1/current/raft-meta.tmp to /home/runner/work/ratis/ratis/ratis-examples/target/test/data/3b356627/MiniRaftClusterWithGrpcde84ffe6/s13/dabd5879-b550-4400-929d-beb040e247f1/current/raft-meta with options [REPLACE_EXISTING]
2025-05-22 15:25:16,888 TRACE util.FileUtils (LogUtils.java:runAndLog(49)) - Successfully ran Atomic Files.move /home/runner/work/ratis/ratis/ratis-examples/target/test/data/3b356627/MiniRaftClusterWithGrpcde84ffe6/s12/dabd5879-b550-4400-929d-beb040e247f1/current/raft-meta.tmp to /home/runner/work/ratis/ratis/ratis-examples/target/test/data/3b356627/MiniRaftClusterWithGrpcde84ffe6/s12/dabd5879-b550-4400-929d-beb040e247f1/current/raft-meta with options [REPLACE_EXISTING]
2025-05-22 15:25:16,888 INFO  server.RaftServer$Division (RaftServerImpl.java:requestVote(1509)) - s12@group-BEB040E247F1 replies to ELECTION vote request: s11<-s12#0:OK-t1-last:<INITIAL_VALUE>. Peer's state: s12@group-BEB040E247F1:t1, leader=null, voted=s11, raftlog=Memoized:s12@group-BEB040E247F1-SegmentedRaftLog:OPENED:c-1:lastnull, conf=conf: {index: -1, cur=peers:[s11|0.0.0.0:15011, s13|0.0.0.0:15013, s12|0.0.0.0:15012]|listeners:[], old=null}
2025-05-22 15:25:16,888 INFO  server.RaftServer$Division (RaftServerImpl.java:requestVote(1509)) - s13@group-BEB040E247F1 replies to ELECTION vote request: s11<-s13#0:OK-t1-last:<INITIAL_VALUE>. Peer's state: s13@group-BEB040E247F1:t1, leader=null, voted=s11, raftlog=Memoized:s13@group-BEB040E247F1-SegmentedRaftLog:OPENED:c-1:lastnull, conf=conf: {index: -1, cur=peers:[s11|0.0.0.0:15011, s13|0.0.0.0:15013, s12|0.0.0.0:15012]|listeners:[], old=null}
2025-05-22 15:25:16,890 INFO  impl.LeaderElection (LeaderElection.java:logAndReturn(206)) - s11@group-BEB040E247F1-LeaderElection16: ELECTION PASSED received 1 response(s) and 0 exception(s):
2025-05-22 15:25:16,890 INFO  impl.LeaderElection (LeaderElection.java:logAndReturn(210)) -   Response 0: s11<-s13#0:OK-t1-last:<INITIAL_VALUE>
2025-05-22 15:25:16,890 INFO  impl.LeaderElection (LeaderElection.java:askForVotes(450)) - s11@group-BEB040E247F1-LeaderElection16 ELECTION round 0: result PASSED
2025-05-22 15:25:16,891 INFO  impl.RoleInfo (RoleInfo.java:shutdownLeaderElection(141)) - s11: shutdown s11@group-BEB040E247F1-LeaderElection16
2025-05-22 15:25:16,891 INFO  server.RaftServer$Division (RaftServerImpl.java:setRole(395)) - s11@group-BEB040E247F1: changes role from CANDIDATE to LEADER at term 1 for changeToLeader
2025-05-22 15:25:16,892 INFO  server.RaftServerConfigKeys (ConfUtils.java:logFallback(69)) - raft.server.staging.timeout = 1800ms (fallback to raft.server.rpc.timeout.max)
2025-05-22 15:25:16,893 INFO  impl.RoleInfo (RoleInfo.java:updateAndGet(148)) - s11: start s11@group-BEB040E247F1-LeaderStateImpl
2025-05-22 15:25:16,893 INFO  server.RaftServer$Division (RaftServerImpl.java:setFirstElection(579)) - s11@group-BEB040E247F1: set firstElectionSinceStartup to false for becomeLeader
2025-05-22 15:25:16,894 INFO  server.RaftServer$Division (ServerState.java:setLeader(272)) - s11@group-BEB040E247F1: change Leader from null to s11 at term 1 for becomeLeader, leader elected after 361ms
2025-05-22 15:25:16,894 INFO  segmented.SegmentedRaftLogWorker (SegmentedRaftLogWorker.java:startLogSegment(445)) - s11@group-BEB040E247F1-SegmentedRaftLogWorker: Starting segment from index:0
2025-05-22 15:25:16,894 INFO  server.RaftServer$Division (ServerState.java:setRaftConf(386)) - s11@group-BEB040E247F1: set configuration conf: {index: 0, cur=peers:[s11|0.0.0.0:15011, s13|0.0.0.0:15013, s12|0.0.0.0:15012]|listeners:[], old=null}
2025-05-22 15:25:16,895 INFO  segmented.BufferedWriteChannel (BufferedWriteChannel.java:open(61)) - open log_inprogress_0 at position 0
2025-05-22 15:25:16,905 INFO  segmented.SegmentedRaftLogWorker (SegmentedRaftLogWorker.java:execute(669)) - s11@group-BEB040E247F1-SegmentedRaftLogWorker: created new log segment /home/runner/work/ratis/ratis/ratis-examples/target/test/data/3b356627/MiniRaftClusterWithGrpcde84ffe6/s11/dabd5879-b550-4400-929d-beb040e247f1/current/log_inprogress_0
2025-05-22 15:25:16,906 INFO  server.RaftServer$Division (ServerState.java:setLeader(272)) - s12@group-BEB040E247F1: change Leader from null to s11 at term 1 for appendEntries, leader elected after 358ms
2025-05-22 15:25:16,907 INFO  server.RaftServer$Division (ServerState.java:setLeader(272)) - s13@group-BEB040E247F1: change Leader from null to s11 at term 1 for appendEntries, leader elected after 343ms
2025-05-22 15:25:16,910 INFO  server.RaftServer$Division (ServerState.java:setRaftConf(386)) - s12@group-BEB040E247F1: set configuration conf: {index: 0, cur=peers:[s11|0.0.0.0:15011, s13|0.0.0.0:15013, s12|0.0.0.0:15012]|listeners:[], old=null}
2025-05-22 15:25:16,910 INFO  segmented.SegmentedRaftLogWorker (SegmentedRaftLogWorker.java:startLogSegment(445)) - s12@group-BEB040E247F1-SegmentedRaftLogWorker: Starting segment from index:0
2025-05-22 15:25:16,911 INFO  segmented.BufferedWriteChannel (BufferedWriteChannel.java:open(61)) - open log_inprogress_0 at position 0
2025-05-22 15:25:16,915 INFO  server.RaftServer$Division (ServerState.java:setRaftConf(386)) - s13@group-BEB040E247F1: set configuration conf: {index: 0, cur=peers:[s11|0.0.0.0:15011, s13|0.0.0.0:15013, s12|0.0.0.0:15012]|listeners:[], old=null}
2025-05-22 15:25:16,915 INFO  segmented.SegmentedRaftLogWorker (SegmentedRaftLogWorker.java:startLogSegment(445)) - s13@group-BEB040E247F1-SegmentedRaftLogWorker: Starting segment from index:0
2025-05-22 15:25:16,915 INFO  segmented.BufferedWriteChannel (BufferedWriteChannel.java:open(61)) - open log_inprogress_0 at position 0
2025-05-22 15:25:16,924 INFO  segmented.SegmentedRaftLogWorker (SegmentedRaftLogWorker.java:execute(669)) - s12@group-BEB040E247F1-SegmentedRaftLogWorker: created new log segment /home/runner/work/ratis/ratis/ratis-examples/target/test/data/3b356627/MiniRaftClusterWithGrpcde84ffe6/s12/dabd5879-b550-4400-929d-beb040e247f1/current/log_inprogress_0
2025-05-22 15:25:16,925 INFO  segmented.SegmentedRaftLogWorker (SegmentedRaftLogWorker.java:execute(669)) - s13@group-BEB040E247F1-SegmentedRaftLogWorker: created new log segment /home/runner/work/ratis/ratis/ratis-examples/target/test/data/3b356627/MiniRaftClusterWithGrpcde84ffe6/s13/dabd5879-b550-4400-929d-beb040e247f1/current/log_inprogress_0
2025-05-22 15:25:16,927 TRACE util.FileUtils (LogUtils.java:supplyAndLog(69)) - Successfully supplied FileChannel.open /home/runner/work/ratis/ratis/ratis-examples/target/test/data/3b356627/MiniRaftClusterWithGrpcde84ffe6/s11/dabd5879-b550-4400-929d-beb040e247f1/current/raft-meta.conf.tmp with options [CREATE, TRUNCATE_EXISTING, WRITE]: sun.nio.ch.FileChannelImpl@224886fb
2025-05-22 15:25:16,928 TRACE util.FileUtils (LogUtils.java:runAndLog(49)) - Successfully ran Atomic Files.move /home/runner/work/ratis/ratis/ratis-examples/target/test/data/3b356627/MiniRaftClusterWithGrpcde84ffe6/s11/dabd5879-b550-4400-929d-beb040e247f1/current/raft-meta.conf.tmp to /home/runner/work/ratis/ratis/ratis-examples/target/test/data/3b356627/MiniRaftClusterWithGrpcde84ffe6/s11/dabd5879-b550-4400-929d-beb040e247f1/current/raft-meta.conf with options [REPLACE_EXISTING]
2025-05-22 15:25:16,928 INFO  server.RaftServer$Division (LeaderStateImpl.java:checkStartIndex(310)) - Leader s11@group-BEB040E247F1-LeaderStateImpl is ready since appliedIndex == startIndex == 0
2025-05-22 15:25:17,077 TRACE util.FileUtils (LogUtils.java:supplyAndLog(69)) - Successfully supplied FileChannel.open /home/runner/work/ratis/ratis/ratis-examples/target/test/data/3b356627/MiniRaftClusterWithGrpcde84ffe6/s12/dabd5879-b550-4400-929d-beb040e247f1/current/raft-meta.conf.tmp with options [CREATE, TRUNCATE_EXISTING, WRITE]: sun.nio.ch.FileChannelImpl@65e0430b
2025-05-22 15:25:17,082 TRACE util.FileUtils (LogUtils.java:supplyAndLog(69)) - Successfully supplied FileChannel.open /home/runner/work/ratis/ratis/ratis-examples/target/test/data/3b356627/MiniRaftClusterWithGrpcde84ffe6/s13/dabd5879-b550-4400-929d-beb040e247f1/current/raft-meta.conf.tmp with options [CREATE, TRUNCATE_EXISTING, WRITE]: sun.nio.ch.FileChannelImpl@65d25846
2025-05-22 15:25:17,082 TRACE util.FileUtils (LogUtils.java:runAndLog(49)) - Successfully ran Atomic Files.move /home/runner/work/ratis/ratis/ratis-examples/target/test/data/3b356627/MiniRaftClusterWithGrpcde84ffe6/s12/dabd5879-b550-4400-929d-beb040e247f1/current/raft-meta.conf.tmp to /home/runner/work/ratis/ratis/ratis-examples/target/test/data/3b356627/MiniRaftClusterWithGrpcde84ffe6/s12/dabd5879-b550-4400-929d-beb040e247f1/current/raft-meta.conf with options [REPLACE_EXISTING]
2025-05-22 15:25:17,083 TRACE util.FileUtils (LogUtils.java:runAndLog(49)) - Successfully ran Atomic Files.move /home/runner/work/ratis/ratis/ratis-examples/target/test/data/3b356627/MiniRaftClusterWithGrpcde84ffe6/s13/dabd5879-b550-4400-929d-beb040e247f1/current/raft-meta.conf.tmp to /home/runner/work/ratis/ratis/ratis-examples/target/test/data/3b356627/MiniRaftClusterWithGrpcde84ffe6/s13/dabd5879-b550-4400-929d-beb040e247f1/current/raft-meta.conf with options [REPLACE_EXISTING]
2025-05-22 15:25:17,478 INFO  ratis.RaftTestUtil (RaftTestUtil.java:waitForLeader(131)) - printing group-BEB040E247F1
  s11:  RUNNING [
   FOLLOWER (STARTING): s11@group-5CA96AA9335B:t0, leader=null, voted=, raftlog=Memoized:s11@group-5CA96AA9335B-SegmentedRaftLog:OPENED:c-1:lastnull, conf=conf: {index: -1, cur=peers:[]|listeners:[], old=null}
     LEADER (RUNNING): s11@group-BEB040E247F1:t1, leader=s11, voted=s11, raftlog=Memoized:s11@group-BEB040E247F1-SegmentedRaftLog:OPENED:c0:last(t:1, i:0), conf=conf: {index: 0, cur=peers:[s11|0.0.0.0:15011, s13|0.0.0.0:15013, s12|0.0.0.0:15012]|listeners:[], old=null}] size=2
  s13:  RUNNING [
   FOLLOWER (STARTING): s13@group-5CA96AA9335B:t0, leader=null, voted=, raftlog=Memoized:s13@group-5CA96AA9335B-SegmentedRaftLog:OPENED:c-1:lastnull, conf=conf: {index: -1, cur=peers:[]|listeners:[], old=null}
   FOLLOWER (RUNNING): s13@group-BEB040E247F1:t1, leader=s11, voted=s11, raftlog=Memoized:s13@group-BEB040E247F1-SegmentedRaftLog:OPENED:c0:last(t:1, i:0), conf=conf: {index: 0, cur=peers:[s11|0.0.0.0:15011, s13|0.0.0.0:15013, s12|0.0.0.0:15012]|listeners:[], old=null}] size=2
  s12:  RUNNING [
   FOLLOWER (STARTING): s12@group-5CA96AA9335B:t0, leader=null, voted=, raftlog=Memoized:s12@group-5CA96AA9335B-SegmentedRaftLog:OPENED:c-1:lastnull, conf=conf: {index: -1, cur=peers:[]|listeners:[], old=null}
   FOLLOWER (RUNNING): s12@group-BEB040E247F1:t1, leader=s11, voted=s11, raftlog=Memoized:s12@group-BEB040E247F1-SegmentedRaftLog:OPENED:c0:last(t:1, i:0), conf=conf: {index: 0, cur=peers:[s11|0.0.0.0:15011, s13|0.0.0.0:15013, s12|0.0.0.0:15012]|listeners:[], old=null}] size=2
2025-05-22 15:25:17,485 INFO  statemachine.StateMachine (ArithmeticStateMachine.java:applyTransaction(181)) - LEADER:s11-1: a = 23 = 23
2025-05-22 15:25:17,492 INFO  statemachine.StateMachine (ArithmeticStateMachine.java:applyTransaction(181)) - LEADER:s11-3: b = 264 = 264
2025-05-22 15:25:17,499 INFO  statemachine.StateMachine (ArithmeticStateMachine.java:applyTransaction(181)) - LEADER:s11-5: c = √(a^2 + b^2) = 265
2025-05-22 15:25:17,505 INFO  statemachine.StateMachine (ArithmeticStateMachine.java:applyTransaction(181)) - LEADER:s11-7: a = null = null
2025-05-22 15:25:17,512 INFO  statemachine.StateMachine (ArithmeticStateMachine.java:applyTransaction(181)) - LEADER:s11-9: b = null = null
2025-05-22 15:25:17,519 INFO  statemachine.StateMachine (ArithmeticStateMachine.java:applyTransaction(181)) - LEADER:s11-11: c = null = null
2025-05-22 15:25:17,525 INFO  statemachine.StateMachine (ArithmeticStateMachine.java:applyTransaction(181)) - LEADER:s11-13: a = 25 = 25
2025-05-22 15:25:17,531 INFO  statemachine.StateMachine (ArithmeticStateMachine.java:applyTransaction(181)) - LEADER:s11-15: b = 312 = 312
2025-05-22 15:25:17,537 INFO  statemachine.StateMachine (ArithmeticStateMachine.java:applyTransaction(181)) - LEADER:s11-17: c = √(a^2 + b^2) = 313
2025-05-22 15:25:17,543 INFO  statemachine.StateMachine (ArithmeticStateMachine.java:applyTransaction(181)) - LEADER:s11-19: a = null = null
2025-05-22 15:25:17,549 INFO  statemachine.StateMachine (ArithmeticStateMachine.java:applyTransaction(181)) - LEADER:s11-21: b = null = null
2025-05-22 15:25:17,555 INFO  statemachine.StateMachine (ArithmeticStateMachine.java:applyTransaction(181)) - LEADER:s11-23: c = null = null
2025-05-22 15:25:17,560 INFO  statemachine.StateMachine (ArithmeticStateMachine.java:applyTransaction(181)) - LEADER:s11-25: a = 27 = 27
2025-05-22 15:25:17,565 INFO  statemachine.StateMachine (ArithmeticStateMachine.java:applyTransaction(181)) - LEADER:s11-27: b = 364 = 364
2025-05-22 15:25:17,571 INFO  statemachine.StateMachine (ArithmeticStateMachine.java:applyTransaction(181)) - LEADER:s11-29: c = √(a^2 + b^2) = 365
2025-05-22 15:25:17,577 INFO  statemachine.StateMachine (ArithmeticStateMachine.java:applyTransaction(181)) - LEADER:s11-31: a = null = null
2025-05-22 15:25:17,584 INFO  statemachine.StateMachine (ArithmeticStateMachine.java:applyTransaction(181)) - LEADER:s11-33: b = null = null
2025-05-22 15:25:17,591 INFO  statemachine.StateMachine (ArithmeticStateMachine.java:applyTransaction(181)) - LEADER:s11-35: c = null = null
2025-05-22 15:25:17,598 INFO  statemachine.StateMachine (ArithmeticStateMachine.java:applyTransaction(181)) - LEADER:s11-37: a = 29 = 29
2025-05-22 15:25:17,604 INFO  statemachine.StateMachine (ArithmeticStateMachine.java:applyTransaction(181)) - LEADER:s11-39: b = 420 = 420
2025-05-22 15:25:17,611 INFO  statemachine.StateMachine (ArithmeticStateMachine.java:applyTransaction(181)) - LEADER:s11-41: c = √(a^2 + b^2) = 421
2025-05-22 15:25:17,618 INFO  statemachine.StateMachine (ArithmeticStateMachine.java:applyTransaction(181)) - LEADER:s11-43: a = null = null
2025-05-22 15:25:17,624 INFO  statemachine.StateMachine (ArithmeticStateMachine.java:applyTransaction(181)) - LEADER:s11-45: b = null = null
2025-05-22 15:25:17,631 INFO  statemachine.StateMachine (ArithmeticStateMachine.java:applyTransaction(181)) - LEADER:s11-47: c = null = null
2025-05-22 15:25:17,637 INFO  statemachine.StateMachine (ArithmeticStateMachine.java:applyTransaction(181)) - LEADER:s11-49: a = 31 = 31
2025-05-22 15:25:17,643 INFO  statemachine.StateMachine (ArithmeticStateMachine.java:applyTransaction(181)) - LEADER:s11-51: b = 480 = 480
2025-05-22 15:25:17,649 INFO  statemachine.StateMachine (ArithmeticStateMachine.java:applyTransaction(181)) - LEADER:s11-53: c = √(a^2 + b^2) = 481
2025-05-22 15:25:17,655 INFO  statemachine.StateMachine (ArithmeticStateMachine.java:applyTransaction(181)) - LEADER:s11-55: a = null = null
2025-05-22 15:25:17,661 INFO  statemachine.StateMachine (ArithmeticStateMachine.java:applyTransaction(181)) - LEADER:s11-57: b = null = null
2025-05-22 15:25:17,666 INFO  statemachine.StateMachine (ArithmeticStateMachine.java:applyTransaction(181)) - LEADER:s11-59: c = null = null
2025-05-22 15:25:17,672 INFO  statemachine.StateMachine (ArithmeticStateMachine.java:applyTransaction(181)) - LEADER:s11-61: a = 33 = 33
2025-05-22 15:25:17,679 INFO  statemachine.StateMachine (ArithmeticStateMachine.java:applyTransaction(181)) - LEADER:s11-63: b = 544 = 544
2025-05-22 15:25:17,686 INFO  statemachine.StateMachine (ArithmeticStateMachine.java:applyTransaction(181)) - LEADER:s11-65: c = √(a^2 + b^2) = 545
2025-05-22 15:25:17,692 INFO  statemachine.StateMachine (ArithmeticStateMachine.java:applyTransaction(181)) - LEADER:s11-67: a = null = null
2025-05-22 15:25:17,698 INFO  statemachine.StateMachine (ArithmeticStateMachine.java:applyTransaction(181)) - LEADER:s11-69: b = null = null
2025-05-22 15:25:17,704 INFO  statemachine.StateMachine (ArithmeticStateMachine.java:applyTransaction(181)) - LEADER:s11-71: c = null = null
2025-05-22 15:25:17,710 INFO  statemachine.StateMachine (ArithmeticStateMachine.java:applyTransaction(181)) - LEADER:s11-73: a = 35 = 35
2025-05-22 15:25:17,715 INFO  statemachine.StateMachine (ArithmeticStateMachine.java:applyTransaction(181)) - LEADER:s11-75: b = 612 = 612
2025-05-22 15:25:17,719 INFO  statemachine.StateMachine (ArithmeticStateMachine.java:applyTransaction(181)) - LEADER:s11-77: c = √(a^2 + b^2) = 613
2025-05-22 15:25:17,725 INFO  statemachine.StateMachine (ArithmeticStateMachine.java:applyTransaction(181)) - LEADER:s11-79: a = null = null
2025-05-22 15:25:17,731 INFO  statemachine.StateMachine (ArithmeticStateMachine.java:applyTransaction(181)) - LEADER:s11-81: b = null = null
2025-05-22 15:25:17,737 INFO  statemachine.StateMachine (ArithmeticStateMachine.java:applyTransaction(181)) - LEADER:s11-83: c = null = null
2025-05-22 15:25:17,743 INFO  statemachine.StateMachine (ArithmeticStateMachine.java:applyTransaction(181)) - LEADER:s11-85: a = 37 = 37
2025-05-22 15:25:17,748 INFO  statemachine.StateMachine (ArithmeticStateMachine.java:applyTransaction(181)) - LEADER:s11-87: b = 684 = 684
2025-05-22 15:25:17,754 INFO  statemachine.StateMachine (ArithmeticStateMachine.java:applyTransaction(181)) - LEADER:s11-89: c = √(a^2 + b^2) = 685
2025-05-22 15:25:17,761 INFO  statemachine.StateMachine (ArithmeticStateMachine.java:applyTransaction(181)) - LEADER:s11-91: a = null = null
2025-05-22 15:25:17,769 INFO  statemachine.StateMachine (ArithmeticStateMachine.java:applyTransaction(181)) - LEADER:s11-93: b = null = null
2025-05-22 15:25:17,775 INFO  statemachine.StateMachine (ArithmeticStateMachine.java:applyTransaction(181)) - LEADER:s11-95: c = null = null
2025-05-22 15:25:17,782 INFO  statemachine.StateMachine (ArithmeticStateMachine.java:applyTransaction(181)) - LEADER:s11-97: a = 39 = 39
2025-05-22 15:25:17,789 INFO  statemachine.StateMachine (ArithmeticStateMachine.java:applyTransaction(181)) - LEADER:s11-99: b = 760 = 760
2025-05-22 15:25:17,795 INFO  statemachine.StateMachine (ArithmeticStateMachine.java:applyTransaction(181)) - LEADER:s11-101: c = √(a^2 + b^2) = 761
2025-05-22 15:25:17,801 INFO  statemachine.StateMachine (ArithmeticStateMachine.java:applyTransaction(181)) - LEADER:s11-103: a = null = null
2025-05-22 15:25:17,807 INFO  statemachine.StateMachine (ArithmeticStateMachine.java:applyTransaction(181)) - LEADER:s11-105: b = null = null
2025-05-22 15:25:17,813 INFO  statemachine.StateMachine (ArithmeticStateMachine.java:applyTransaction(181)) - LEADER:s11-107: c = null = null
2025-05-22 15:25:17,821 INFO  statemachine.StateMachine (ArithmeticStateMachine.java:applyTransaction(181)) - LEADER:s11-109: a = 41 = 41
2025-05-22 15:25:17,828 INFO  statemachine.StateMachine (ArithmeticStateMachine.java:applyTransaction(181)) - LEADER:s11-111: b = 840 = 840
2025-05-22 15:25:17,833 INFO  statemachine.StateMachine (ArithmeticStateMachine.java:applyTransaction(181)) - LEADER:s11-113: c = √(a^2 + b^2) = 841
2025-05-22 15:25:17,839 INFO  statemachine.StateMachine (ArithmeticStateMachine.java:applyTransaction(181)) - LEADER:s11-115: a = null = null
2025-05-22 15:25:17,848 INFO  statemachine.StateMachine (ArithmeticStateMachine.java:applyTransaction(181)) - LEADER:s11-117: b = null = null
2025-05-22 15:25:17,854 INFO  statemachine.StateMachine (ArithmeticStateMachine.java:applyTransaction(181)) - LEADER:s11-119: c = null = null
2025-05-22 15:25:17,861 INFO  impl.GroupManagementBaseTest (GroupManagementBaseTest.java:runMultiGroupTest(283)) - 2) starting group-171B122E1842:[s3|0.0.0.0:15003, s14|0.0.0.0:15014, s2|0.0.0.0:15002]
2025-05-22 15:25:17,872 INFO  server.RaftServer (RaftServerProxy.java:addNew(106)) - s14: addNew group-171B122E1842:[s3|0.0.0.0:15003, s14|0.0.0.0:15014, s2|0.0.0.0:15002] returns group-171B122E1842:java.util.concurrent.CompletableFuture@28fdc377[Not completed]
2025-05-22 15:25:17,873 INFO  server.RaftServer$Division (RaftServerImpl.java:<init>(271)) - s14: new RaftServerImpl for group-171B122E1842:[s3|0.0.0.0:15003, s14|0.0.0.0:15014, s2|0.0.0.0:15002] with ArithmeticStateMachine:uninitialized
2025-05-22 15:25:17,876 INFO  server.RaftServer$Division (ServerState.java:<init>(114)) - s14@group-171B122E1842: ConfigurationManager, init=conf: {index: -1, cur=peers:[s3|0.0.0.0:15003, s14|0.0.0.0:15014, s2|0.0.0.0:15002]|listeners:[], old=null}, confs=<EMPTY_MAP>
2025-05-22 15:25:17,878 INFO  server.RaftServerConfigKeys (ConfUtils.java:logGet(62)) - raft.server.storage.dir = [/home/runner/work/ratis/ratis/ratis-examples/target/test/data/3b356627/MiniRaftClusterWithGrpcde84ffe6/s14] (custom)
2025-05-22 15:25:17,878 INFO  storage.RaftStorageDirectory (RaftStorageDirectoryImpl.java:analyzeStorage(138)) - The storage directory /home/runner/work/ratis/ratis/ratis-examples/target/test/data/3b356627/MiniRaftClusterWithGrpcde84ffe6/s14/6a4a2c2e-7234-499f-b180-171b122e1842 does not exist. Creating ...
2025-05-22 15:25:17,879 TRACE util.FileUtils (LogUtils.java:runAndLog(49)) - Successfully ran Files.createDirectories /home/runner/work/ratis/ratis/ratis-examples/target/test/data/3b356627/MiniRaftClusterWithGrpcde84ffe6/s14/6a4a2c2e-7234-499f-b180-171b122e1842
2025-05-22 15:25:17,880 INFO  storage.RaftStorageDirectory (RaftStorageDirectoryImpl.java:tryLock(229)) - Lock on /home/runner/work/ratis/ratis/ratis-examples/target/test/data/3b356627/MiniRaftClusterWithGrpcde84ffe6/s14/6a4a2c2e-7234-499f-b180-171b122e1842/in_use.lock acquired by nodename 6133@fv-az1337-961
2025-05-22 15:25:17,880 TRACE util.FileUtils (LogUtils.java:runAndLog(49)) - Successfully ran Files.createDirectories /home/runner/work/ratis/ratis/ratis-examples/target/test/data/3b356627/MiniRaftClusterWithGrpcde84ffe6/s14/6a4a2c2e-7234-499f-b180-171b122e1842/current
2025-05-22 15:25:17,881 TRACE util.FileUtils (LogUtils.java:runAndLog(49)) - Successfully ran Files.createDirectories /home/runner/work/ratis/ratis/ratis-examples/target/test/data/3b356627/MiniRaftClusterWithGrpcde84ffe6/s14/6a4a2c2e-7234-499f-b180-171b122e1842/sm
2025-05-22 15:25:17,882 TRACE util.FileUtils (LogUtils.java:supplyAndLog(69)) - Successfully supplied FileChannel.open /home/runner/work/ratis/ratis/ratis-examples/target/test/data/3b356627/MiniRaftClusterWithGrpcde84ffe6/s14/6a4a2c2e-7234-499f-b180-171b122e1842/current/raft-meta.tmp with options [CREATE, TRUNCATE_EXISTING, WRITE]: sun.nio.ch.FileChannelImpl@3f90f4af
2025-05-22 15:25:17,883 TRACE util.FileUtils (LogUtils.java:runAndLog(49)) - Successfully ran Atomic Files.move /home/runner/work/ratis/ratis/ratis-examples/target/test/data/3b356627/MiniRaftClusterWithGrpcde84ffe6/s14/6a4a2c2e-7234-499f-b180-171b122e1842/current/raft-meta.tmp to /home/runner/work/ratis/ratis/ratis-examples/target/test/data/3b356627/MiniRaftClusterWithGrpcde84ffe6/s14/6a4a2c2e-7234-499f-b180-171b122e1842/current/raft-meta with options [REPLACE_EXISTING]
2025-05-22 15:25:17,883 INFO  storage.RaftStorage (RaftStorageImpl.java:format(98)) - Storage directory /home/runner/work/ratis/ratis/ratis-examples/target/test/data/3b356627/MiniRaftClusterWithGrpcde84ffe6/s14/6a4a2c2e-7234-499f-b180-171b122e1842 has been successfully formatted.
2025-05-22 15:25:17,883 WARN  statemachine.StateMachine (ArithmeticStateMachine.java:loadSnapshot(115)) - The snapshot info is null.
2025-05-22 15:25:17,885 INFO  util.AwaitToRun (AwaitToRun.java:start(81)) - Thread[s14@group-171B122E1842-cacheEviction-AwaitToRun,5,main] started
2025-05-22 15:25:17,885 INFO  segmented.SegmentedRaftLogWorker (SegmentedRaftLogWorker.java:<init>(191)) - new s14@group-171B122E1842-SegmentedRaftLogWorker for RaftStorageImpl:Storage Directory /home/runner/work/ratis/ratis/ratis-examples/target/test/data/3b356627/MiniRaftClusterWithGrpcde84ffe6/s14/6a4a2c2e-7234-499f-b180-171b122e1842
2025-05-22 15:25:17,888 INFO  segmented.SegmentedRaftLogWorker (SegmentedRaftLogWorker.java:lambda$new$0(142)) - s14@group-171B122E1842-SegmentedRaftLogWorker: flushIndex: setUnconditionally 0 -> -1
2025-05-22 15:25:17,888 INFO  segmented.SegmentedRaftLogWorker (SegmentedRaftLogWorker.java:lambda$new$0(142)) - s14@group-171B122E1842-SegmentedRaftLogWorker: safeCacheEvictIndex: setUnconditionally 0 -> -1
2025-05-22 15:25:17,888 INFO  server.RaftServer$Division (RaftServerImpl.java:start(408)) - s14@group-171B122E1842: start as a follower, conf=conf: {index: -1, cur=peers:[s3|0.0.0.0:15003, s14|0.0.0.0:15014, s2|0.0.0.0:15002]|listeners:[], old=null}
2025-05-22 15:25:17,889 INFO  server.RaftServer$Division (RaftServerImpl.java:setRole(395)) - s14@group-171B122E1842: changes role from      null to FOLLOWER at term 0 for startAsFollower
2025-05-22 15:25:17,889 INFO  impl.RoleInfo (RoleInfo.java:updateAndGet(148)) - s14: start s14@group-171B122E1842-FollowerState
2025-05-22 15:25:17,889 INFO  util.JmxRegister (JmxRegister.java:tryRegister(44)) - Successfully registered JMX Bean with object name Ratis:service=RaftServer,group=group-171B122E1842,id=s14
2025-05-22 15:25:17,889 INFO  util.JmxRegister (JmxRegister.java:register(58)) - register mxBean class org.apache.ratis.server.impl.RaftServerJmxAdapter as Ratis:service=RaftServer,group=group-171B122E1842,id=s14
2025-05-22 15:25:17,890 INFO  server.RaftServerConfigKeys (ConfUtils.java:logFallback(69)) - raft.server.rpc.first-election.timeout.min = 300ms (fallback to raft.server.rpc.timeout.min)
2025-05-22 15:25:17,890 INFO  server.RaftServerConfigKeys (ConfUtils.java:logFallback(69)) - raft.server.rpc.first-election.timeout.max = 600ms (fallback to raft.server.rpc.timeout.max)
2025-05-22 15:25:17,890 INFO  server.RaftServer$Division (RaftServerImpl.java:start(422)) - s14@group-171B122E1842: Successfully started.
2025-05-22 15:25:17,901 INFO  server.RaftServer (RaftServerProxy.java:addNew(106)) - s2: addNew group-171B122E1842:[s3|0.0.0.0:15003, s14|0.0.0.0:15014, s2|0.0.0.0:15002] returns group-171B122E1842:java.util.concurrent.CompletableFuture@157a3bb[Not completed]
2025-05-22 15:25:17,902 INFO  server.RaftServer$Division (RaftServerImpl.java:<init>(271)) - s2: new RaftServerImpl for group-171B122E1842:[s3|0.0.0.0:15003, s14|0.0.0.0:15014, s2|0.0.0.0:15002] with ArithmeticStateMachine:uninitialized
2025-05-22 15:25:17,902 INFO  server.RaftServer$Division (ServerState.java:<init>(114)) - s2@group-171B122E1842: ConfigurationManager, init=conf: {index: -1, cur=peers:[s3|0.0.0.0:15003, s14|0.0.0.0:15014, s2|0.0.0.0:15002]|listeners:[], old=null}, confs=<EMPTY_MAP>
2025-05-22 15:25:17,903 INFO  server.RaftServerConfigKeys (ConfUtils.java:logGet(62)) - raft.server.storage.dir = [/home/runner/work/ratis/ratis/ratis-examples/target/test/data/3b356627/MiniRaftClusterWithGrpcde84ffe6/s2] (custom)
2025-05-22 15:25:17,903 INFO  storage.RaftStorageDirectory (RaftStorageDirectoryImpl.java:analyzeStorage(138)) - The storage directory /home/runner/work/ratis/ratis/ratis-examples/target/test/data/3b356627/MiniRaftClusterWithGrpcde84ffe6/s2/6a4a2c2e-7234-499f-b180-171b122e1842 does not exist. Creating ...
2025-05-22 15:25:17,903 TRACE util.FileUtils (LogUtils.java:runAndLog(49)) - Successfully ran Files.createDirectories /home/runner/work/ratis/ratis/ratis-examples/target/test/data/3b356627/MiniRaftClusterWithGrpcde84ffe6/s2/6a4a2c2e-7234-499f-b180-171b122e1842
2025-05-22 15:25:17,904 INFO  storage.RaftStorageDirectory (RaftStorageDirectoryImpl.java:tryLock(229)) - Lock on /home/runner/work/ratis/ratis/ratis-examples/target/test/data/3b356627/MiniRaftClusterWithGrpcde84ffe6/s2/6a4a2c2e-7234-499f-b180-171b122e1842/in_use.lock acquired by nodename 6133@fv-az1337-961
2025-05-22 15:25:17,904 TRACE util.FileUtils (LogUtils.java:runAndLog(49)) - Successfully ran Files.createDirectories /home/runner/work/ratis/ratis/ratis-examples/target/test/data/3b356627/MiniRaftClusterWithGrpcde84ffe6/s2/6a4a2c2e-7234-499f-b180-171b122e1842/current
2025-05-22 15:25:17,905 TRACE util.FileUtils (LogUtils.java:runAndLog(49)) - Successfully ran Files.createDirectories /home/runner/work/ratis/ratis/ratis-examples/target/test/data/3b356627/MiniRaftClusterWithGrpcde84ffe6/s2/6a4a2c2e-7234-499f-b180-171b122e1842/sm
2025-05-22 15:25:17,905 TRACE util.FileUtils (LogUtils.java:supplyAndLog(69)) - Successfully supplied FileChannel.open /home/runner/work/ratis/ratis/ratis-examples/target/test/data/3b356627/MiniRaftClusterWithGrpcde84ffe6/s2/6a4a2c2e-7234-499f-b180-171b122e1842/current/raft-meta.tmp with options [CREATE, TRUNCATE_EXISTING, WRITE]: sun.nio.ch.FileChannelImpl@44eba80a
2025-05-22 15:25:17,906 TRACE util.FileUtils (LogUtils.java:runAndLog(49)) - Successfully ran Atomic Files.move /home/runner/work/ratis/ratis/ratis-examples/target/test/data/3b356627/MiniRaftClusterWithGrpcde84ffe6/s2/6a4a2c2e-7234-499f-b180-171b122e1842/current/raft-meta.tmp to /home/runner/work/ratis/ratis/ratis-examples/target/test/data/3b356627/MiniRaftClusterWithGrpcde84ffe6/s2/6a4a2c2e-7234-499f-b180-171b122e1842/current/raft-meta with options [REPLACE_EXISTING]
2025-05-22 15:25:17,906 INFO  storage.RaftStorage (RaftStorageImpl.java:format(98)) - Storage directory /home/runner/work/ratis/ratis/ratis-examples/target/test/data/3b356627/MiniRaftClusterWithGrpcde84ffe6/s2/6a4a2c2e-7234-499f-b180-171b122e1842 has been successfully formatted.
2025-05-22 15:25:17,906 WARN  statemachine.StateMachine (ArithmeticStateMachine.java:loadSnapshot(115)) - The snapshot info is null.
2025-05-22 15:25:17,908 INFO  util.AwaitToRun (AwaitToRun.java:start(81)) - Thread[s2@group-171B122E1842-cacheEviction-AwaitToRun,5,main] started
2025-05-22 15:25:17,908 INFO  segmented.SegmentedRaftLogWorker (SegmentedRaftLogWorker.java:<init>(191)) - new s2@group-171B122E1842-SegmentedRaftLogWorker for RaftStorageImpl:Storage Directory /home/runner/work/ratis/ratis/ratis-examples/target/test/data/3b356627/MiniRaftClusterWithGrpcde84ffe6/s2/6a4a2c2e-7234-499f-b180-171b122e1842
2025-05-22 15:25:17,909 INFO  segmented.SegmentedRaftLogWorker (SegmentedRaftLogWorker.java:lambda$new$0(142)) - s2@group-171B122E1842-SegmentedRaftLogWorker: flushIndex: setUnconditionally 0 -> -1
2025-05-22 15:25:17,910 INFO  segmented.SegmentedRaftLogWorker (SegmentedRaftLogWorker.java:lambda$new$0(142)) - s2@group-171B122E1842-SegmentedRaftLogWorker: safeCacheEvictIndex: setUnconditionally 0 -> -1
2025-05-22 15:25:17,910 INFO  server.RaftServer$Division (RaftServerImpl.java:start(408)) - s2@group-171B122E1842: start as a follower, conf=conf: {index: -1, cur=peers:[s3|0.0.0.0:15003, s14|0.0.0.0:15014, s2|0.0.0.0:15002]|listeners:[], old=null}
2025-05-22 15:25:17,910 INFO  server.RaftServer$Division (RaftServerImpl.java:setRole(395)) - s2@group-171B122E1842: changes role from      null to FOLLOWER at term 0 for startAsFollower
2025-05-22 15:25:17,910 INFO  impl.RoleInfo (RoleInfo.java:updateAndGet(148)) - s2: start s2@group-171B122E1842-FollowerState
2025-05-22 15:25:17,910 INFO  server.RaftServerConfigKeys (ConfUtils.java:logFallback(69)) - raft.server.rpc.first-election.timeout.min = 300ms (fallback to raft.server.rpc.timeout.min)
2025-05-22 15:25:17,911 INFO  server.RaftServerConfigKeys (ConfUtils.java:logFallback(69)) - raft.server.rpc.first-election.timeout.max = 600ms (fallback to raft.server.rpc.timeout.max)
2025-05-22 15:25:17,911 INFO  util.JmxRegister (JmxRegister.java:tryRegister(44)) - Successfully registered JMX Bean with object name Ratis:service=RaftServer,group=group-171B122E1842,id=s2
2025-05-22 15:25:17,911 INFO  util.JmxRegister (JmxRegister.java:register(58)) - register mxBean class org.apache.ratis.server.impl.RaftServerJmxAdapter as Ratis:service=RaftServer,group=group-171B122E1842,id=s2
2025-05-22 15:25:17,911 INFO  server.RaftServer$Division (RaftServerImpl.java:start(422)) - s2@group-171B122E1842: Successfully started.
2025-05-22 15:25:17,922 INFO  server.RaftServer (RaftServerProxy.java:addNew(106)) - s3: addNew group-171B122E1842:[s3|0.0.0.0:15003, s14|0.0.0.0:15014, s2|0.0.0.0:15002] returns group-171B122E1842:java.util.concurrent.CompletableFuture@64c88426[Not completed]
2025-05-22 15:25:17,922 INFO  server.RaftServer$Division (RaftServerImpl.java:<init>(271)) - s3: new RaftServerImpl for group-171B122E1842:[s3|0.0.0.0:15003, s14|0.0.0.0:15014, s2|0.0.0.0:15002] with ArithmeticStateMachine:uninitialized
2025-05-22 15:25:17,923 INFO  server.RaftServer$Division (ServerState.java:<init>(114)) - s3@group-171B122E1842: ConfigurationManager, init=conf: {index: -1, cur=peers:[s3|0.0.0.0:15003, s14|0.0.0.0:15014, s2|0.0.0.0:15002]|listeners:[], old=null}, confs=<EMPTY_MAP>
2025-05-22 15:25:17,924 INFO  server.RaftServerConfigKeys (ConfUtils.java:logGet(62)) - raft.server.storage.dir = [/home/runner/work/ratis/ratis/ratis-examples/target/test/data/3b356627/MiniRaftClusterWithGrpcde84ffe6/s3] (custom)
2025-05-22 15:25:17,924 INFO  storage.RaftStorageDirectory (RaftStorageDirectoryImpl.java:analyzeStorage(138)) - The storage directory /home/runner/work/ratis/ratis/ratis-examples/target/test/data/3b356627/MiniRaftClusterWithGrpcde84ffe6/s3/6a4a2c2e-7234-499f-b180-171b122e1842 does not exist. Creating ...
2025-05-22 15:25:17,925 TRACE util.FileUtils (LogUtils.java:runAndLog(49)) - Successfully ran Files.createDirectories /home/runner/work/ratis/ratis/ratis-examples/target/test/data/3b356627/MiniRaftClusterWithGrpcde84ffe6/s3/6a4a2c2e-7234-499f-b180-171b122e1842
2025-05-22 15:25:17,926 INFO  storage.RaftStorageDirectory (RaftStorageDirectoryImpl.java:tryLock(229)) - Lock on /home/runner/work/ratis/ratis/ratis-examples/target/test/data/3b356627/MiniRaftClusterWithGrpcde84ffe6/s3/6a4a2c2e-7234-499f-b180-171b122e1842/in_use.lock acquired by nodename 6133@fv-az1337-961
2025-05-22 15:25:17,926 TRACE util.FileUtils (LogUtils.java:runAndLog(49)) - Successfully ran Files.createDirectories /home/runner/work/ratis/ratis/ratis-examples/target/test/data/3b356627/MiniRaftClusterWithGrpcde84ffe6/s3/6a4a2c2e-7234-499f-b180-171b122e1842/current
2025-05-22 15:25:17,926 TRACE util.FileUtils (LogUtils.java:runAndLog(49)) - Successfully ran Files.createDirectories /home/runner/work/ratis/ratis/ratis-examples/target/test/data/3b356627/MiniRaftClusterWithGrpcde84ffe6/s3/6a4a2c2e-7234-499f-b180-171b122e1842/sm
2025-05-22 15:25:17,926 TRACE util.FileUtils (LogUtils.java:supplyAndLog(69)) - Successfully supplied FileChannel.open /home/runner/work/ratis/ratis/ratis-examples/target/test/data/3b356627/MiniRaftClusterWithGrpcde84ffe6/s3/6a4a2c2e-7234-499f-b180-171b122e1842/current/raft-meta.tmp with options [CREATE, TRUNCATE_EXISTING, WRITE]: sun.nio.ch.FileChannelImpl@786227a1
2025-05-22 15:25:17,927 TRACE util.FileUtils (LogUtils.java:runAndLog(49)) - Successfully ran Atomic Files.move /home/runner/work/ratis/ratis/ratis-examples/target/test/data/3b356627/MiniRaftClusterWithGrpcde84ffe6/s3/6a4a2c2e-7234-499f-b180-171b122e1842/current/raft-meta.tmp to /home/runner/work/ratis/ratis/ratis-examples/target/test/data/3b356627/MiniRaftClusterWithGrpcde84ffe6/s3/6a4a2c2e-7234-499f-b180-171b122e1842/current/raft-meta with options [REPLACE_EXISTING]
2025-05-22 15:25:17,928 INFO  storage.RaftStorage (RaftStorageImpl.java:format(98)) - Storage directory /home/runner/work/ratis/ratis/ratis-examples/target/test/data/3b356627/MiniRaftClusterWithGrpcde84ffe6/s3/6a4a2c2e-7234-499f-b180-171b122e1842 has been successfully formatted.
2025-05-22 15:25:17,928 WARN  statemachine.StateMachine (ArithmeticStateMachine.java:loadSnapshot(115)) - The snapshot info is null.
2025-05-22 15:25:17,928 INFO  util.AwaitToRun (AwaitToRun.java:start(81)) - Thread[s3@group-171B122E1842-cacheEviction-AwaitToRun,5,main] started
2025-05-22 15:25:17,929 INFO  segmented.SegmentedRaftLogWorker (SegmentedRaftLogWorker.java:<init>(191)) - new s3@group-171B122E1842-SegmentedRaftLogWorker for RaftStorageImpl:Storage Directory /home/runner/work/ratis/ratis/ratis-examples/target/test/data/3b356627/MiniRaftClusterWithGrpcde84ffe6/s3/6a4a2c2e-7234-499f-b180-171b122e1842
2025-05-22 15:25:17,931 INFO  segmented.SegmentedRaftLogWorker (SegmentedRaftLogWorker.java:lambda$new$0(142)) - s3@group-171B122E1842-SegmentedRaftLogWorker: flushIndex: setUnconditionally 0 -> -1
2025-05-22 15:25:17,931 INFO  segmented.SegmentedRaftLogWorker (SegmentedRaftLogWorker.java:lambda$new$0(142)) - s3@group-171B122E1842-SegmentedRaftLogWorker: safeCacheEvictIndex: setUnconditionally 0 -> -1
2025-05-22 15:25:17,931 INFO  server.RaftServer$Division (RaftServerImpl.java:start(408)) - s3@group-171B122E1842: start as a follower, conf=conf: {index: -1, cur=peers:[s3|0.0.0.0:15003, s14|0.0.0.0:15014, s2|0.0.0.0:15002]|listeners:[], old=null}
2025-05-22 15:25:17,931 INFO  server.RaftServer$Division (RaftServerImpl.java:setRole(395)) - s3@group-171B122E1842: changes role from      null to FOLLOWER at term 0 for startAsFollower
2025-05-22 15:25:17,931 INFO  impl.RoleInfo (RoleInfo.java:updateAndGet(148)) - s3: start s3@group-171B122E1842-FollowerState
2025-05-22 15:25:17,932 INFO  server.RaftServerConfigKeys (ConfUtils.java:logFallback(69)) - raft.server.rpc.first-election.timeout.min = 300ms (fallback to raft.server.rpc.timeout.min)
2025-05-22 15:25:17,932 INFO  server.RaftServerConfigKeys (ConfUtils.java:logFallback(69)) - raft.server.rpc.first-election.timeout.max = 600ms (fallback to raft.server.rpc.timeout.max)
2025-05-22 15:25:17,932 INFO  util.JmxRegister (JmxRegister.java:tryRegister(44)) - Successfully registered JMX Bean with object name Ratis:service=RaftServer,group=group-171B122E1842,id=s3
2025-05-22 15:25:17,932 INFO  util.JmxRegister (JmxRegister.java:register(58)) - register mxBean class org.apache.ratis.server.impl.RaftServerJmxAdapter as Ratis:service=RaftServer,group=group-171B122E1842,id=s3
2025-05-22 15:25:17,932 INFO  server.RaftServer$Division (RaftServerImpl.java:start(422)) - s3@group-171B122E1842: Successfully started.
2025-05-22 15:25:17,937 INFO  ratis.RaftTestUtil (RaftTestUtil.java:waitForLeader(107)) - printing group-171B122E1842
  s3:  RUNNING [
   FOLLOWER (STARTING): s3@group-5CA96AA9335B:t0, leader=null, voted=, raftlog=Memoized:s3@group-5CA96AA9335B-SegmentedRaftLog:OPENED:c-1:lastnull, conf=conf: {index: -1, cur=peers:[]|listeners:[], old=null}
   FOLLOWER (RUNNING): s3@group-171B122E1842:t0, leader=null, voted=, raftlog=Memoized:s3@group-171B122E1842-SegmentedRaftLog:OPENED:c-1:lastnull, conf=conf: {index: -1, cur=peers:[s3|0.0.0.0:15003, s14|0.0.0.0:15014, s2|0.0.0.0:15002]|listeners:[], old=null}] size=2
  s14:  RUNNING [
   FOLLOWER (STARTING): s14@group-5CA96AA9335B:t0, leader=null, voted=, raftlog=Memoized:s14@group-5CA96AA9335B-SegmentedRaftLog:OPENED:c-1:lastnull, conf=conf: {index: -1, cur=peers:[]|listeners:[], old=null}
   FOLLOWER (RUNNING): s14@group-171B122E1842:t0, leader=null, voted=, raftlog=Memoized:s14@group-171B122E1842-SegmentedRaftLog:OPENED:c-1:lastnull, conf=conf: {index: -1, cur=peers:[s3|0.0.0.0:15003, s14|0.0.0.0:15014, s2|0.0.0.0:15002]|listeners:[], old=null}] size=2
  s2:  RUNNING [
   FOLLOWER (STARTING): s2@group-5CA96AA9335B:t0, leader=null, voted=, raftlog=Memoized:s2@group-5CA96AA9335B-SegmentedRaftLog:OPENED:c-1:lastnull, conf=conf: {index: -1, cur=peers:[]|listeners:[], old=null}
   FOLLOWER (RUNNING): s2@group-171B122E1842:t0, leader=null, voted=, raftlog=Memoized:s2@group-171B122E1842-SegmentedRaftLog:OPENED:c-1:lastnull, conf=conf: {index: -1, cur=peers:[s3|0.0.0.0:15003, s14|0.0.0.0:15014, s2|0.0.0.0:15002]|listeners:[], old=null}] size=2
2025-05-22 15:25:17,938 WARN  ratis.RaftTestUtil (RaftTestUtil.java:lambda$waitForLeader$3(126)) - Attempt #1 failed: java.lang.IllegalStateException: No leader yet  for group-171B122E1842: printing group-171B122E1842
  s3:  RUNNING [
   FOLLOWER (STARTING): s3@group-5CA96AA9335B:t0, leader=null, voted=, raftlog=Memoized:s3@group-5CA96AA9335B-SegmentedRaftLog:OPENED:c-1:lastnull, conf=conf: {index: -1, cur=peers:[]|listeners:[], old=null}
   FOLLOWER (RUNNING): s3@group-171B122E1842:t0, leader=null, voted=, raftlog=Memoized:s3@group-171B122E1842-SegmentedRaftLog:OPENED:c-1:lastnull, conf=conf: {index: -1, cur=peers:[s3|0.0.0.0:15003, s14|0.0.0.0:15014, s2|0.0.0.0:15002]|listeners:[], old=null}] size=2
  s14:  RUNNING [
   FOLLOWER (STARTING): s14@group-5CA96AA9335B:t0, leader=null, voted=, raftlog=Memoized:s14@group-5CA96AA9335B-SegmentedRaftLog:OPENED:c-1:lastnull, conf=conf: {index: -1, cur=peers:[]|listeners:[], old=null}
   FOLLOWER (RUNNING): s14@group-171B122E1842:t0, leader=null, voted=, raftlog=Memoized:s14@group-171B122E1842-SegmentedRaftLog:OPENED:c-1:lastnull, conf=conf: {index: -1, cur=peers:[s3|0.0.0.0:15003, s14|0.0.0.0:15014, s2|0.0.0.0:15002]|listeners:[], old=null}] size=2
  s2:  RUNNING [
   FOLLOWER (STARTING): s2@group-5CA96AA9335B:t0, leader=null, voted=, raftlog=Memoized:s2@group-5CA96AA9335B-SegmentedRaftLog:OPENED:c-1:lastnull, conf=conf: {index: -1, cur=peers:[]|listeners:[], old=null}
   FOLLOWER (RUNNING): s2@group-171B122E1842:t0, leader=null, voted=, raftlog=Memoized:s2@group-171B122E1842-SegmentedRaftLog:OPENED:c-1:lastnull, conf=conf: {index: -1, cur=peers:[s3|0.0.0.0:15003, s14|0.0.0.0:15014, s2|0.0.0.0:15002]|listeners:[], old=null}] size=2
2025-05-22 15:25:18,402 INFO  impl.FollowerState (FollowerState.java:runImpl(161)) - s14@group-171B122E1842-FollowerState: change to CANDIDATE, lastRpcElapsedTime:513089868ns, electionTimeout:512ms
2025-05-22 15:25:18,403 INFO  impl.RoleInfo (RoleInfo.java:shutdownFollowerState(121)) - s14: shutdown s14@group-171B122E1842-FollowerState
2025-05-22 15:25:18,403 INFO  server.RaftServer$Division (RaftServerImpl.java:setRole(395)) - s14@group-171B122E1842: changes role from  FOLLOWER to CANDIDATE at term 0 for changeToCandidate
2025-05-22 15:25:18,403 INFO  impl.RoleInfo (RoleInfo.java:updateAndGet(148)) - s14: start s14@group-171B122E1842-LeaderElection17
2025-05-22 15:25:18,403 INFO  impl.LeaderElection (LeaderElection.java:askForVotes(448)) - s14@group-171B122E1842-LeaderElection17 PRE_VOTE round 0: submit vote requests at term 0 for conf: {index: -1, cur=peers:[s3|0.0.0.0:15003, s14|0.0.0.0:15014, s2|0.0.0.0:15002]|listeners:[], old=null}
2025-05-22 15:25:18,404 INFO  server.GrpcServerProtocolClient (GrpcServerProtocolClient.java:<init>(65)) - Build channel for s3|0.0.0.0:15003
2025-05-22 15:25:18,405 INFO  server.RaftServerConfigKeys (ConfUtils.java:logFallback(69)) - raft.server.rpc.first-election.timeout.min = 300ms (fallback to raft.server.rpc.timeout.min)
2025-05-22 15:25:18,405 INFO  server.RaftServerConfigKeys (ConfUtils.java:logFallback(69)) - raft.server.rpc.first-election.timeout.max = 600ms (fallback to raft.server.rpc.timeout.max)
2025-05-22 15:25:18,405 INFO  server.GrpcServerProtocolClient (GrpcServerProtocolClient.java:<init>(65)) - Build channel for s2|0.0.0.0:15002
2025-05-22 15:25:18,413 INFO  server.RaftServer$Division (RaftServerImpl.java:requestVote(1475)) - s2@group-171B122E1842: receive requestVote(PRE_VOTE, s14, group-171B122E1842, 0, <PROTO_DEFAULT>)
2025-05-22 15:25:18,413 INFO  impl.VoteContext (VoteContext.java:log(49)) - s2@group-171B122E1842-FOLLOWER: accept PRE_VOTE from s14: our priority 0 <= candidate's priority 0
2025-05-22 15:25:18,413 INFO  server.RaftServer$Division (RaftServerImpl.java:requestVote(1509)) - s2@group-171B122E1842 replies to PRE_VOTE vote request: s14<-s2#0:OK-t0-last:<INITIAL_VALUE>. Peer's state: s2@group-171B122E1842:t0, leader=null, voted=, raftlog=Memoized:s2@group-171B122E1842-SegmentedRaftLog:OPENED:c-1:lastnull, conf=conf: {index: -1, cur=peers:[s3|0.0.0.0:15003, s14|0.0.0.0:15014, s2|0.0.0.0:15002]|listeners:[], old=null}
2025-05-22 15:25:18,413 INFO  server.RaftServer$Division (RaftServerImpl.java:requestVote(1475)) - s3@group-171B122E1842: receive requestVote(PRE_VOTE, s14, group-171B122E1842, 0, <PROTO_DEFAULT>)
2025-05-22 15:25:18,414 INFO  impl.VoteContext (VoteContext.java:log(49)) - s3@group-171B122E1842-FOLLOWER: accept PRE_VOTE from s14: our priority 0 <= candidate's priority 0
2025-05-22 15:25:18,414 INFO  server.RaftServer$Division (RaftServerImpl.java:requestVote(1509)) - s3@group-171B122E1842 replies to PRE_VOTE vote request: s14<-s3#0:OK-t0-last:<INITIAL_VALUE>. Peer's state: s3@group-171B122E1842:t0, leader=null, voted=, raftlog=Memoized:s3@group-171B122E1842-SegmentedRaftLog:OPENED:c-1:lastnull, conf=conf: {index: -1, cur=peers:[s3|0.0.0.0:15003, s14|0.0.0.0:15014, s2|0.0.0.0:15002]|listeners:[], old=null}
2025-05-22 15:25:18,414 INFO  impl.LeaderElection (LeaderElection.java:logAndReturn(206)) - s14@group-171B122E1842-LeaderElection17: PRE_VOTE PASSED received 1 response(s) and 0 exception(s):
2025-05-22 15:25:18,415 INFO  impl.LeaderElection (LeaderElection.java:logAndReturn(210)) -   Response 0: s14<-s2#0:OK-t0-last:<INITIAL_VALUE>
2025-05-22 15:25:18,415 INFO  impl.LeaderElection (LeaderElection.java:askForVotes(450)) - s14@group-171B122E1842-LeaderElection17 PRE_VOTE round 0: result PASSED
2025-05-22 15:25:18,415 TRACE util.FileUtils (LogUtils.java:supplyAndLog(69)) - Successfully supplied FileChannel.open /home/runner/work/ratis/ratis/ratis-examples/target/test/data/3b356627/MiniRaftClusterWithGrpcde84ffe6/s14/6a4a2c2e-7234-499f-b180-171b122e1842/current/raft-meta.tmp with options [CREATE, TRUNCATE_EXISTING, WRITE]: sun.nio.ch.FileChannelImpl@5d1252d9
2025-05-22 15:25:18,417 TRACE util.FileUtils (LogUtils.java:runAndLog(49)) - Successfully ran Atomic Files.move /home/runner/work/ratis/ratis/ratis-examples/target/test/data/3b356627/MiniRaftClusterWithGrpcde84ffe6/s14/6a4a2c2e-7234-499f-b180-171b122e1842/current/raft-meta.tmp to /home/runner/work/ratis/ratis/ratis-examples/target/test/data/3b356627/MiniRaftClusterWithGrpcde84ffe6/s14/6a4a2c2e-7234-499f-b180-171b122e1842/current/raft-meta with options [REPLACE_EXISTING]
2025-05-22 15:25:18,418 INFO  server.RaftServerConfigKeys (ConfUtils.java:logFallback(69)) - raft.server.rpc.first-election.timeout.min = 300ms (fallback to raft.server.rpc.timeout.min)
2025-05-22 15:25:18,418 INFO  server.RaftServerConfigKeys (ConfUtils.java:logFallback(69)) - raft.server.rpc.first-election.timeout.max = 600ms (fallback to raft.server.rpc.timeout.max)
2025-05-22 15:25:18,418 INFO  impl.LeaderElection (LeaderElection.java:askForVotes(448)) - s14@group-171B122E1842-LeaderElection17 ELECTION round 0: submit vote requests at term 1 for conf: {index: -1, cur=peers:[s3|0.0.0.0:15003, s14|0.0.0.0:15014, s2|0.0.0.0:15002]|listeners:[], old=null}
2025-05-22 15:25:18,421 INFO  server.RaftServer$Division (RaftServerImpl.java:requestVote(1475)) - s3@group-171B122E1842: receive requestVote(ELECTION, s14, group-171B122E1842, 1, <PROTO_DEFAULT>)
2025-05-22 15:25:18,421 INFO  server.RaftServerConfigKeys (ConfUtils.java:logFallback(69)) - raft.server.rpc.first-election.timeout.min = 300ms (fallback to raft.server.rpc.timeout.min)
2025-05-22 15:25:18,421 INFO  server.RaftServerConfigKeys (ConfUtils.java:logFallback(69)) - raft.server.rpc.first-election.timeout.max = 600ms (fallback to raft.server.rpc.timeout.max)
2025-05-22 15:25:18,421 INFO  impl.VoteContext (VoteContext.java:log(49)) - s3@group-171B122E1842-FOLLOWER: accept ELECTION from s14: our priority 0 <= candidate's priority 0
2025-05-22 15:25:18,421 INFO  server.RaftServer$Division (RaftServerImpl.java:setRole(395)) - s3@group-171B122E1842: changes role from  FOLLOWER to FOLLOWER at term 0 for candidate:s14
2025-05-22 15:25:18,421 INFO  impl.RoleInfo (RoleInfo.java:shutdownFollowerState(121)) - s3: shutdown s3@group-171B122E1842-FollowerState
2025-05-22 15:25:18,422 INFO  impl.RoleInfo (RoleInfo.java:updateAndGet(148)) - s3: start s3@group-171B122E1842-FollowerState
2025-05-22 15:25:18,422 INFO  server.RaftServerConfigKeys (ConfUtils.java:logFallback(69)) - raft.server.rpc.first-election.timeout.min = 300ms (fallback to raft.server.rpc.timeout.min)
2025-05-22 15:25:18,422 INFO  server.RaftServerConfigKeys (ConfUtils.java:logFallback(69)) - raft.server.rpc.first-election.timeout.max = 600ms (fallback to raft.server.rpc.timeout.max)
2025-05-22 15:25:18,422 INFO  server.RaftServer$Division (RaftServerImpl.java:setFirstElection(579)) - s3@group-171B122E1842: set firstElectionSinceStartup to false for candidate:s14
2025-05-22 15:25:18,422 TRACE util.FileUtils (LogUtils.java:supplyAndLog(69)) - Successfully supplied FileChannel.open /home/runner/work/ratis/ratis/ratis-examples/target/test/data/3b356627/MiniRaftClusterWithGrpcde84ffe6/s3/6a4a2c2e-7234-499f-b180-171b122e1842/current/raft-meta.tmp with options [CREATE, TRUNCATE_EXISTING, WRITE]: sun.nio.ch.FileChannelImpl@3df5d166
2025-05-22 15:25:18,423 INFO  impl.FollowerState (FollowerState.java:runImpl(170)) - s3@group-171B122E1842-FollowerState was interrupted
2025-05-22 15:25:18,424 INFO  server.RaftServer$Division (RaftServerImpl.java:requestVote(1475)) - s2@group-171B122E1842: receive requestVote(ELECTION, s14, group-171B122E1842, 1, <PROTO_DEFAULT>)
2025-05-22 15:25:18,425 INFO  impl.VoteContext (VoteContext.java:log(49)) - s2@group-171B122E1842-FOLLOWER: accept ELECTION from s14: our priority 0 <= candidate's priority 0
2025-05-22 15:25:18,425 INFO  server.RaftServer$Division (RaftServerImpl.java:setRole(395)) - s2@group-171B122E1842: changes role from  FOLLOWER to FOLLOWER at term 0 for candidate:s14
2025-05-22 15:25:18,425 INFO  impl.RoleInfo (RoleInfo.java:shutdownFollowerState(121)) - s2: shutdown s2@group-171B122E1842-FollowerState
2025-05-22 15:25:18,425 INFO  impl.FollowerState (FollowerState.java:runImpl(170)) - s2@group-171B122E1842-FollowerState was interrupted
2025-05-22 15:25:18,426 INFO  impl.RoleInfo (RoleInfo.java:updateAndGet(148)) - s2: start s2@group-171B122E1842-FollowerState
2025-05-22 15:25:18,426 INFO  server.RaftServer$Division (RaftServerImpl.java:setFirstElection(579)) - s2@group-171B122E1842: set firstElectionSinceStartup to false for candidate:s14
2025-05-22 15:25:18,426 TRACE util.FileUtils (LogUtils.java:supplyAndLog(69)) - Successfully supplied FileChannel.open /home/runner/work/ratis/ratis/ratis-examples/target/test/data/3b356627/MiniRaftClusterWithGrpcde84ffe6/s2/6a4a2c2e-7234-499f-b180-171b122e1842/current/raft-meta.tmp with options [CREATE, TRUNCATE_EXISTING, WRITE]: sun.nio.ch.FileChannelImpl@1f2471b4
2025-05-22 15:25:18,427 TRACE util.FileUtils (LogUtils.java:runAndLog(49)) - Successfully ran Atomic Files.move /home/runner/work/ratis/ratis/ratis-examples/target/test/data/3b356627/MiniRaftClusterWithGrpcde84ffe6/s3/6a4a2c2e-7234-499f-b180-171b122e1842/current/raft-meta.tmp to /home/runner/work/ratis/ratis/ratis-examples/target/test/data/3b356627/MiniRaftClusterWithGrpcde84ffe6/s3/6a4a2c2e-7234-499f-b180-171b122e1842/current/raft-meta with options [REPLACE_EXISTING]
2025-05-22 15:25:18,427 INFO  server.RaftServer$Division (RaftServerImpl.java:requestVote(1509)) - s3@group-171B122E1842 replies to ELECTION vote request: s14<-s3#0:OK-t1-last:<INITIAL_VALUE>. Peer's state: s3@group-171B122E1842:t1, leader=null, voted=s14, raftlog=Memoized:s3@group-171B122E1842-SegmentedRaftLog:OPENED:c-1:lastnull, conf=conf: {index: -1, cur=peers:[s3|0.0.0.0:15003, s14|0.0.0.0:15014, s2|0.0.0.0:15002]|listeners:[], old=null}
2025-05-22 15:25:18,429 INFO  impl.LeaderElection (LeaderElection.java:logAndReturn(206)) - s14@group-171B122E1842-LeaderElection17: ELECTION PASSED received 1 response(s) and 0 exception(s):
2025-05-22 15:25:18,429 INFO  impl.LeaderElection (LeaderElection.java:logAndReturn(210)) -   Response 0: s14<-s3#0:OK-t1-last:<INITIAL_VALUE>
2025-05-22 15:25:18,429 INFO  impl.LeaderElection (LeaderElection.java:askForVotes(450)) - s14@group-171B122E1842-LeaderElection17 ELECTION round 0: result PASSED
2025-05-22 15:25:18,430 INFO  impl.RoleInfo (RoleInfo.java:shutdownLeaderElection(141)) - s14: shutdown s14@group-171B122E1842-LeaderElection17
2025-05-22 15:25:18,430 INFO  server.RaftServer$Division (RaftServerImpl.java:setRole(395)) - s14@group-171B122E1842: changes role from CANDIDATE to LEADER at term 1 for changeToLeader
2025-05-22 15:25:18,430 INFO  server.RaftServerConfigKeys (ConfUtils.java:logFallback(69)) - raft.server.staging.timeout = 1800ms (fallback to raft.server.rpc.timeout.max)
2025-05-22 15:25:18,431 INFO  impl.RoleInfo (RoleInfo.java:updateAndGet(148)) - s14: start s14@group-171B122E1842-LeaderStateImpl
2025-05-22 15:25:18,431 INFO  server.RaftServer$Division (RaftServerImpl.java:setFirstElection(579)) - s14@group-171B122E1842: set firstElectionSinceStartup to false for becomeLeader
2025-05-22 15:25:18,431 INFO  server.RaftServer$Division (ServerState.java:setLeader(272)) - s14@group-171B122E1842: change Leader from null to s14 at term 1 for becomeLeader, leader elected after 554ms
2025-05-22 15:25:18,431 INFO  segmented.SegmentedRaftLogWorker (SegmentedRaftLogWorker.java:startLogSegment(445)) - s14@group-171B122E1842-SegmentedRaftLogWorker: Starting segment from index:0
2025-05-22 15:25:18,431 INFO  server.RaftServer$Division (ServerState.java:setRaftConf(386)) - s14@group-171B122E1842: set configuration conf: {index: 0, cur=peers:[s3|0.0.0.0:15003, s14|0.0.0.0:15014, s2|0.0.0.0:15002]|listeners:[], old=null}
2025-05-22 15:25:18,432 TRACE util.FileUtils (LogUtils.java:runAndLog(49)) - Successfully ran Atomic Files.move /home/runner/work/ratis/ratis/ratis-examples/target/test/data/3b356627/MiniRaftClusterWithGrpcde84ffe6/s2/6a4a2c2e-7234-499f-b180-171b122e1842/current/raft-meta.tmp to /home/runner/work/ratis/ratis/ratis-examples/target/test/data/3b356627/MiniRaftClusterWithGrpcde84ffe6/s2/6a4a2c2e-7234-499f-b180-171b122e1842/current/raft-meta with options [REPLACE_EXISTING]
2025-05-22 15:25:18,433 INFO  segmented.BufferedWriteChannel (BufferedWriteChannel.java:open(61)) - open log_inprogress_0 at position 0
2025-05-22 15:25:18,434 INFO  server.RaftServer$Division (RaftServerImpl.java:requestVote(1509)) - s2@group-171B122E1842 replies to ELECTION vote request: s14<-s2#0:OK-t1-last:<INITIAL_VALUE>. Peer's state: s2@group-171B122E1842:t1, leader=null, voted=s14, raftlog=Memoized:s2@group-171B122E1842-SegmentedRaftLog:OPENED:c-1:lastnull, conf=conf: {index: -1, cur=peers:[s3|0.0.0.0:15003, s14|0.0.0.0:15014, s2|0.0.0.0:15002]|listeners:[], old=null}
2025-05-22 15:25:18,441 INFO  server.RaftServer$Division (ServerState.java:setLeader(272)) - s2@group-171B122E1842: change Leader from null to s14 at term 1 for appendEntries, leader elected after 539ms
2025-05-22 15:25:18,443 INFO  server.RaftServer$Division (ServerState.java:setLeader(272)) - s3@group-171B122E1842: change Leader from null to s14 at term 1 for appendEntries, leader elected after 520ms
2025-05-22 15:25:18,444 INFO  segmented.SegmentedRaftLogWorker (SegmentedRaftLogWorker.java:execute(669)) - s14@group-171B122E1842-SegmentedRaftLogWorker: created new log segment /home/runner/work/ratis/ratis/ratis-examples/target/test/data/3b356627/MiniRaftClusterWithGrpcde84ffe6/s14/6a4a2c2e-7234-499f-b180-171b122e1842/current/log_inprogress_0
2025-05-22 15:25:18,444 INFO  server.RaftServer$Division (ServerState.java:setRaftConf(386)) - s3@group-171B122E1842: set configuration conf: {index: 0, cur=peers:[s3|0.0.0.0:15003, s14|0.0.0.0:15014, s2|0.0.0.0:15002]|listeners:[], old=null}
2025-05-22 15:25:18,444 INFO  segmented.SegmentedRaftLogWorker (SegmentedRaftLogWorker.java:startLogSegment(445)) - s3@group-171B122E1842-SegmentedRaftLogWorker: Starting segment from index:0
2025-05-22 15:25:18,446 INFO  server.RaftServer$Division (ServerState.java:setRaftConf(386)) - s2@group-171B122E1842: set configuration conf: {index: 0, cur=peers:[s3|0.0.0.0:15003, s14|0.0.0.0:15014, s2|0.0.0.0:15002]|listeners:[], old=null}
2025-05-22 15:25:18,446 INFO  segmented.SegmentedRaftLogWorker (SegmentedRaftLogWorker.java:startLogSegment(445)) - s2@group-171B122E1842-SegmentedRaftLogWorker: Starting segment from index:0
2025-05-22 15:25:18,447 INFO  segmented.BufferedWriteChannel (BufferedWriteChannel.java:open(61)) - open log_inprogress_0 at position 0
2025-05-22 15:25:18,450 INFO  segmented.BufferedWriteChannel (BufferedWriteChannel.java:open(61)) - open log_inprogress_0 at position 0
2025-05-22 15:25:18,460 INFO  segmented.SegmentedRaftLogWorker (SegmentedRaftLogWorker.java:execute(669)) - s2@group-171B122E1842-SegmentedRaftLogWorker: created new log segment /home/runner/work/ratis/ratis/ratis-examples/target/test/data/3b356627/MiniRaftClusterWithGrpcde84ffe6/s2/6a4a2c2e-7234-499f-b180-171b122e1842/current/log_inprogress_0
2025-05-22 15:25:18,460 INFO  segmented.SegmentedRaftLogWorker (SegmentedRaftLogWorker.java:execute(669)) - s3@group-171B122E1842-SegmentedRaftLogWorker: created new log segment /home/runner/work/ratis/ratis/ratis-examples/target/test/data/3b356627/MiniRaftClusterWithGrpcde84ffe6/s3/6a4a2c2e-7234-499f-b180-171b122e1842/current/log_inprogress_0
2025-05-22 15:25:18,463 TRACE util.FileUtils (LogUtils.java:supplyAndLog(69)) - Successfully supplied FileChannel.open /home/runner/work/ratis/ratis/ratis-examples/target/test/data/3b356627/MiniRaftClusterWithGrpcde84ffe6/s14/6a4a2c2e-7234-499f-b180-171b122e1842/current/raft-meta.conf.tmp with options [CREATE, TRUNCATE_EXISTING, WRITE]: sun.nio.ch.FileChannelImpl@3f81ee1
2025-05-22 15:25:18,465 TRACE util.FileUtils (LogUtils.java:runAndLog(49)) - Successfully ran Atomic Files.move /home/runner/work/ratis/ratis/ratis-examples/target/test/data/3b356627/MiniRaftClusterWithGrpcde84ffe6/s14/6a4a2c2e-7234-499f-b180-171b122e1842/current/raft-meta.conf.tmp to /home/runner/work/ratis/ratis/ratis-examples/target/test/data/3b356627/MiniRaftClusterWithGrpcde84ffe6/s14/6a4a2c2e-7234-499f-b180-171b122e1842/current/raft-meta.conf with options [REPLACE_EXISTING]
2025-05-22 15:25:18,465 INFO  server.RaftServer$Division (LeaderStateImpl.java:checkStartIndex(310)) - Leader s14@group-171B122E1842-LeaderStateImpl is ready since appliedIndex == startIndex == 0
2025-05-22 15:25:18,614 TRACE util.FileUtils (LogUtils.java:supplyAndLog(69)) - Successfully supplied FileChannel.open /home/runner/work/ratis/ratis/ratis-examples/target/test/data/3b356627/MiniRaftClusterWithGrpcde84ffe6/s3/6a4a2c2e-7234-499f-b180-171b122e1842/current/raft-meta.conf.tmp with options [CREATE, TRUNCATE_EXISTING, WRITE]: sun.nio.ch.FileChannelImpl@565e0362
2025-05-22 15:25:18,615 TRACE util.FileUtils (LogUtils.java:supplyAndLog(69)) - Successfully supplied FileChannel.open /home/runner/work/ratis/ratis/ratis-examples/target/test/data/3b356627/MiniRaftClusterWithGrpcde84ffe6/s2/6a4a2c2e-7234-499f-b180-171b122e1842/current/raft-meta.conf.tmp with options [CREATE, TRUNCATE_EXISTING, WRITE]: sun.nio.ch.FileChannelImpl@1c432311
2025-05-22 15:25:18,615 TRACE util.FileUtils (LogUtils.java:runAndLog(49)) - Successfully ran Atomic Files.move /home/runner/work/ratis/ratis/ratis-examples/target/test/data/3b356627/MiniRaftClusterWithGrpcde84ffe6/s3/6a4a2c2e-7234-499f-b180-171b122e1842/current/raft-meta.conf.tmp to /home/runner/work/ratis/ratis/ratis-examples/target/test/data/3b356627/MiniRaftClusterWithGrpcde84ffe6/s3/6a4a2c2e-7234-499f-b180-171b122e1842/current/raft-meta.conf with options [REPLACE_EXISTING]
2025-05-22 15:25:18,616 TRACE util.FileUtils (LogUtils.java:runAndLog(49)) - Successfully ran Atomic Files.move /home/runner/work/ratis/ratis/ratis-examples/target/test/data/3b356627/MiniRaftClusterWithGrpcde84ffe6/s2/6a4a2c2e-7234-499f-b180-171b122e1842/current/raft-meta.conf.tmp to /home/runner/work/ratis/ratis/ratis-examples/target/test/data/3b356627/MiniRaftClusterWithGrpcde84ffe6/s2/6a4a2c2e-7234-499f-b180-171b122e1842/current/raft-meta.conf with options [REPLACE_EXISTING]
2025-05-22 15:25:18,838 INFO  ratis.RaftTestUtil (RaftTestUtil.java:waitForLeader(131)) - printing group-171B122E1842
  s3:  RUNNING [
   FOLLOWER (STARTING): s3@group-5CA96AA9335B:t0, leader=null, voted=, raftlog=Memoized:s3@group-5CA96AA9335B-SegmentedRaftLog:OPENED:c-1:lastnull, conf=conf: {index: -1, cur=peers:[]|listeners:[], old=null}
   FOLLOWER (RUNNING): s3@group-171B122E1842:t1, leader=s14, voted=s14, raftlog=Memoized:s3@group-171B122E1842-SegmentedRaftLog:OPENED:c0:last(t:1, i:0), conf=conf: {index: 0, cur=peers:[s3|0.0.0.0:15003, s14|0.0.0.0:15014, s2|0.0.0.0:15002]|listeners:[], old=null}] size=2
  s14:  RUNNING [
   FOLLOWER (STARTING): s14@group-5CA96AA9335B:t0, leader=null, voted=, raftlog=Memoized:s14@group-5CA96AA9335B-SegmentedRaftLog:OPENED:c-1:lastnull, conf=conf: {index: -1, cur=peers:[]|listeners:[], old=null}
     LEADER (RUNNING): s14@group-171B122E1842:t1, leader=s14, voted=s14, raftlog=Memoized:s14@group-171B122E1842-SegmentedRaftLog:OPENED:c0:last(t:1, i:0), conf=conf: {index: 0, cur=peers:[s3|0.0.0.0:15003, s14|0.0.0.0:15014, s2|0.0.0.0:15002]|listeners:[], old=null}] size=2
  s2:  RUNNING [
   FOLLOWER (STARTING): s2@group-5CA96AA9335B:t0, leader=null, voted=, raftlog=Memoized:s2@group-5CA96AA9335B-SegmentedRaftLog:OPENED:c-1:lastnull, conf=conf: {index: -1, cur=peers:[]|listeners:[], old=null}
   FOLLOWER (RUNNING): s2@group-171B122E1842:t1, leader=s14, voted=s14, raftlog=Memoized:s2@group-171B122E1842-SegmentedRaftLog:OPENED:c0:last(t:1, i:0), conf=conf: {index: 0, cur=peers:[s3|0.0.0.0:15003, s14|0.0.0.0:15014, s2|0.0.0.0:15002]|listeners:[], old=null}] size=2
2025-05-22 15:25:18,844 INFO  server.GrpcClientProtocolService (GrpcClientProtocolService.java:lambda$processClientRequest$0(330)) - Failed request cid=3670, reply=RaftClientReply:client-E2AFC5098B75->s3@group-171B122E1842, cid=3670, FAILED org.apache.ratis.protocol.exceptions.NotLeaderException: Server s3@group-171B122E1842 is not the leader, suggested leader is: s14|0.0.0.0:15014, logIndex=0, commits[s3:c0, s14:c0, s2:c0]
2025-05-22 15:25:18,953 INFO  statemachine.StateMachine (ArithmeticStateMachine.java:applyTransaction(181)) - LEADER:s14-1: a = 43 = 43
2025-05-22 15:25:18,961 INFO  statemachine.StateMachine (ArithmeticStateMachine.java:applyTransaction(181)) - LEADER:s14-3: b = 924 = 924
2025-05-22 15:25:18,966 INFO  statemachine.StateMachine (ArithmeticStateMachine.java:applyTransaction(181)) - LEADER:s14-5: c = √(a^2 + b^2) = 925
2025-05-22 15:25:18,971 INFO  statemachine.StateMachine (ArithmeticStateMachine.java:applyTransaction(181)) - LEADER:s14-7: a = null = null
2025-05-22 15:25:18,977 INFO  statemachine.StateMachine (ArithmeticStateMachine.java:applyTransaction(181)) - LEADER:s14-9: b = null = null
2025-05-22 15:25:18,982 INFO  statemachine.StateMachine (ArithmeticStateMachine.java:applyTransaction(181)) - LEADER:s14-11: c = null = null
2025-05-22 15:25:18,987 INFO  statemachine.StateMachine (ArithmeticStateMachine.java:applyTransaction(181)) - LEADER:s14-13: a = 45 = 45
2025-05-22 15:25:18,992 INFO  statemachine.StateMachine (ArithmeticStateMachine.java:applyTransaction(181)) - LEADER:s14-15: b = 1012 = 1012
2025-05-22 15:25:19,000 INFO  statemachine.StateMachine (ArithmeticStateMachine.java:applyTransaction(181)) - LEADER:s14-17: c = √(a^2 + b^2) = 1013
2025-05-22 15:25:19,005 INFO  statemachine.StateMachine (ArithmeticStateMachine.java:applyTransaction(181)) - LEADER:s14-19: a = null = null
2025-05-22 15:25:19,010 INFO  statemachine.StateMachine (ArithmeticStateMachine.java:applyTransaction(181)) - LEADER:s14-21: b = null = null
2025-05-22 15:25:19,016 INFO  statemachine.StateMachine (ArithmeticStateMachine.java:applyTransaction(181)) - LEADER:s14-23: c = null = null
2025-05-22 15:25:19,020 INFO  statemachine.StateMachine (ArithmeticStateMachine.java:applyTransaction(181)) - LEADER:s14-25: a = 47 = 47
2025-05-22 15:25:19,038 INFO  statemachine.StateMachine (ArithmeticStateMachine.java:applyTransaction(181)) - LEADER:s14-27: b = 1104 = 1104
2025-05-22 15:25:19,045 INFO  statemachine.StateMachine (ArithmeticStateMachine.java:applyTransaction(181)) - LEADER:s14-29: c = √(a^2 + b^2) = 1105
2025-05-22 15:25:19,051 INFO  statemachine.StateMachine (ArithmeticStateMachine.java:applyTransaction(181)) - LEADER:s14-31: a = null = null
2025-05-22 15:25:19,057 INFO  statemachine.StateMachine (ArithmeticStateMachine.java:applyTransaction(181)) - LEADER:s14-33: b = null = null
2025-05-22 15:25:19,062 INFO  statemachine.StateMachine (ArithmeticStateMachine.java:applyTransaction(181)) - LEADER:s14-35: c = null = null
2025-05-22 15:25:19,069 INFO  statemachine.StateMachine (ArithmeticStateMachine.java:applyTransaction(181)) - LEADER:s14-37: a = 49 = 49
2025-05-22 15:25:19,074 INFO  statemachine.StateMachine (ArithmeticStateMachine.java:applyTransaction(181)) - LEADER:s14-39: b = 1200 = 1200
2025-05-22 15:25:19,081 INFO  statemachine.StateMachine (ArithmeticStateMachine.java:applyTransaction(181)) - LEADER:s14-41: c = √(a^2 + b^2) = 1201
2025-05-22 15:25:19,087 INFO  statemachine.StateMachine (ArithmeticStateMachine.java:applyTransaction(181)) - LEADER:s14-43: a = null = null
2025-05-22 15:25:19,093 INFO  statemachine.StateMachine (ArithmeticStateMachine.java:applyTransaction(181)) - LEADER:s14-45: b = null = null
2025-05-22 15:25:19,099 INFO  statemachine.StateMachine (ArithmeticStateMachine.java:applyTransaction(181)) - LEADER:s14-47: c = null = null
2025-05-22 15:25:19,104 INFO  statemachine.StateMachine (ArithmeticStateMachine.java:applyTransaction(181)) - LEADER:s14-49: a = 51 = 51
2025-05-22 15:25:19,110 INFO  statemachine.StateMachine (ArithmeticStateMachine.java:applyTransaction(181)) - LEADER:s14-51: b = 1300 = 1300
2025-05-22 15:25:19,114 INFO  statemachine.StateMachine (ArithmeticStateMachine.java:applyTransaction(181)) - LEADER:s14-53: c = √(a^2 + b^2) = 1301
2025-05-22 15:25:19,121 INFO  statemachine.StateMachine (ArithmeticStateMachine.java:applyTransaction(181)) - LEADER:s14-55: a = null = null
2025-05-22 15:25:19,127 INFO  statemachine.StateMachine (ArithmeticStateMachine.java:applyTransaction(181)) - LEADER:s14-57: b = null = null
2025-05-22 15:25:19,131 INFO  statemachine.StateMachine (ArithmeticStateMachine.java:applyTransaction(181)) - LEADER:s14-59: c = null = null
2025-05-22 15:25:19,135 INFO  statemachine.StateMachine (ArithmeticStateMachine.java:applyTransaction(181)) - LEADER:s14-61: a = 53 = 53
2025-05-22 15:25:19,141 INFO  statemachine.StateMachine (ArithmeticStateMachine.java:applyTransaction(181)) - LEADER:s14-63: b = 1404 = 1404
2025-05-22 15:25:19,147 INFO  statemachine.StateMachine (ArithmeticStateMachine.java:applyTransaction(181)) - LEADER:s14-65: c = √(a^2 + b^2) = 1405
2025-05-22 15:25:19,152 INFO  statemachine.StateMachine (ArithmeticStateMachine.java:applyTransaction(181)) - LEADER:s14-67: a = null = null
2025-05-22 15:25:19,156 INFO  statemachine.StateMachine (ArithmeticStateMachine.java:applyTransaction(181)) - LEADER:s14-69: b = null = null
2025-05-22 15:25:19,159 INFO  statemachine.StateMachine (ArithmeticStateMachine.java:applyTransaction(181)) - LEADER:s14-71: c = null = null
2025-05-22 15:25:19,165 INFO  statemachine.StateMachine (ArithmeticStateMachine.java:applyTransaction(181)) - LEADER:s14-73: a = 55 = 55
2025-05-22 15:25:19,170 INFO  statemachine.StateMachine (ArithmeticStateMachine.java:applyTransaction(181)) - LEADER:s14-75: b = 1512 = 1512
2025-05-22 15:25:19,175 INFO  statemachine.StateMachine (ArithmeticStateMachine.java:applyTransaction(181)) - LEADER:s14-77: c = √(a^2 + b^2) = 1513
2025-05-22 15:25:19,179 INFO  statemachine.StateMachine (ArithmeticStateMachine.java:applyTransaction(181)) - LEADER:s14-79: a = null = null
2025-05-22 15:25:19,184 INFO  statemachine.StateMachine (ArithmeticStateMachine.java:applyTransaction(181)) - LEADER:s14-81: b = null = null
2025-05-22 15:25:19,190 INFO  statemachine.StateMachine (ArithmeticStateMachine.java:applyTransaction(181)) - LEADER:s14-83: c = null = null
2025-05-22 15:25:19,195 INFO  statemachine.StateMachine (ArithmeticStateMachine.java:applyTransaction(181)) - LEADER:s14-85: a = 57 = 57
2025-05-22 15:25:19,200 INFO  statemachine.StateMachine (ArithmeticStateMachine.java:applyTransaction(181)) - LEADER:s14-87: b = 1624 = 1624
2025-05-22 15:25:19,205 INFO  statemachine.StateMachine (ArithmeticStateMachine.java:applyTransaction(181)) - LEADER:s14-89: c = √(a^2 + b^2) = 1625
2025-05-22 15:25:19,209 INFO  statemachine.StateMachine (ArithmeticStateMachine.java:applyTransaction(181)) - LEADER:s14-91: a = null = null
2025-05-22 15:25:19,214 INFO  statemachine.StateMachine (ArithmeticStateMachine.java:applyTransaction(181)) - LEADER:s14-93: b = null = null
2025-05-22 15:25:19,218 INFO  statemachine.StateMachine (ArithmeticStateMachine.java:applyTransaction(181)) - LEADER:s14-95: c = null = null
2025-05-22 15:25:19,223 INFO  statemachine.StateMachine (ArithmeticStateMachine.java:applyTransaction(181)) - LEADER:s14-97: a = 59 = 59
2025-05-22 15:25:19,228 INFO  statemachine.StateMachine (ArithmeticStateMachine.java:applyTransaction(181)) - LEADER:s14-99: b = 1740 = 1740
2025-05-22 15:25:19,233 INFO  statemachine.StateMachine (ArithmeticStateMachine.java:applyTransaction(181)) - LEADER:s14-101: c = √(a^2 + b^2) = 1741
2025-05-22 15:25:19,238 INFO  statemachine.StateMachine (ArithmeticStateMachine.java:applyTransaction(181)) - LEADER:s14-103: a = null = null
2025-05-22 15:25:19,244 INFO  statemachine.StateMachine (ArithmeticStateMachine.java:applyTransaction(181)) - LEADER:s14-105: b = null = null
2025-05-22 15:25:19,248 INFO  statemachine.StateMachine (ArithmeticStateMachine.java:applyTransaction(181)) - LEADER:s14-107: c = null = null
2025-05-22 15:25:19,253 INFO  statemachine.StateMachine (ArithmeticStateMachine.java:applyTransaction(181)) - LEADER:s14-109: a = 61 = 61
2025-05-22 15:25:19,258 INFO  statemachine.StateMachine (ArithmeticStateMachine.java:applyTransaction(181)) - LEADER:s14-111: b = 1860 = 1860
2025-05-22 15:25:19,265 INFO  statemachine.StateMachine (ArithmeticStateMachine.java:applyTransaction(181)) - LEADER:s14-113: c = √(a^2 + b^2) = 1861
2025-05-22 15:25:19,269 INFO  statemachine.StateMachine (ArithmeticStateMachine.java:applyTransaction(181)) - LEADER:s14-115: a = null = null
2025-05-22 15:25:19,273 INFO  statemachine.StateMachine (ArithmeticStateMachine.java:applyTransaction(181)) - LEADER:s14-117: b = null = null
2025-05-22 15:25:19,277 INFO  statemachine.StateMachine (ArithmeticStateMachine.java:applyTransaction(181)) - LEADER:s14-119: c = null = null
2025-05-22 15:25:19,282 INFO  impl.GroupManagementBaseTest (GroupManagementBaseTest.java:runMultiGroupTest(283)) - 3) starting group-627EA8FBA030:[s4|0.0.0.0:15004, s5|0.0.0.0:15005, s6|0.0.0.0:15006]
2025-05-22 15:25:19,288 INFO  server.RaftServer (RaftServerProxy.java:addNew(106)) - s4: addNew group-627EA8FBA030:[s4|0.0.0.0:15004, s5|0.0.0.0:15005, s6|0.0.0.0:15006] returns group-627EA8FBA030:java.util.concurrent.CompletableFuture@31962baf[Not completed]
2025-05-22 15:25:19,288 INFO  server.RaftServer$Division (RaftServerImpl.java:<init>(271)) - s4: new RaftServerImpl for group-627EA8FBA030:[s4|0.0.0.0:15004, s5|0.0.0.0:15005, s6|0.0.0.0:15006] with ArithmeticStateMachine:uninitialized
2025-05-22 15:25:19,288 INFO  server.RaftServer$Division (ServerState.java:<init>(114)) - s4@group-627EA8FBA030: ConfigurationManager, init=conf: {index: -1, cur=peers:[s4|0.0.0.0:15004, s5|0.0.0.0:15005, s6|0.0.0.0:15006]|listeners:[], old=null}, confs=<EMPTY_MAP>
2025-05-22 15:25:19,290 INFO  server.RaftServerConfigKeys (ConfUtils.java:logGet(62)) - raft.server.storage.dir = [/home/runner/work/ratis/ratis/ratis-examples/target/test/data/3b356627/MiniRaftClusterWithGrpcde84ffe6/s4] (custom)
2025-05-22 15:25:19,290 INFO  storage.RaftStorageDirectory (RaftStorageDirectoryImpl.java:analyzeStorage(138)) - The storage directory /home/runner/work/ratis/ratis/ratis-examples/target/test/data/3b356627/MiniRaftClusterWithGrpcde84ffe6/s4/7e383137-32c0-46e4-a85b-627ea8fba030 does not exist. Creating ...
2025-05-22 15:25:19,290 TRACE util.FileUtils (LogUtils.java:runAndLog(49)) - Successfully ran Files.createDirectories /home/runner/work/ratis/ratis/ratis-examples/target/test/data/3b356627/MiniRaftClusterWithGrpcde84ffe6/s4/7e383137-32c0-46e4-a85b-627ea8fba030
2025-05-22 15:25:19,291 INFO  storage.RaftStorageDirectory (RaftStorageDirectoryImpl.java:tryLock(229)) - Lock on /home/runner/work/ratis/ratis/ratis-examples/target/test/data/3b356627/MiniRaftClusterWithGrpcde84ffe6/s4/7e383137-32c0-46e4-a85b-627ea8fba030/in_use.lock acquired by nodename 6133@fv-az1337-961
2025-05-22 15:25:19,291 TRACE util.FileUtils (LogUtils.java:runAndLog(49)) - Successfully ran Files.createDirectories /home/runner/work/ratis/ratis/ratis-examples/target/test/data/3b356627/MiniRaftClusterWithGrpcde84ffe6/s4/7e383137-32c0-46e4-a85b-627ea8fba030/current
2025-05-22 15:25:19,291 TRACE util.FileUtils (LogUtils.java:runAndLog(49)) - Successfully ran Files.createDirectories /home/runner/work/ratis/ratis/ratis-examples/target/test/data/3b356627/MiniRaftClusterWithGrpcde84ffe6/s4/7e383137-32c0-46e4-a85b-627ea8fba030/sm
2025-05-22 15:25:19,292 TRACE util.FileUtils (LogUtils.java:supplyAndLog(69)) - Successfully supplied FileChannel.open /home/runner/work/ratis/ratis/ratis-examples/target/test/data/3b356627/MiniRaftClusterWithGrpcde84ffe6/s4/7e383137-32c0-46e4-a85b-627ea8fba030/current/raft-meta.tmp with options [CREATE, TRUNCATE_EXISTING, WRITE]: sun.nio.ch.FileChannelImpl@3581b4df
2025-05-22 15:25:19,292 TRACE util.FileUtils (LogUtils.java:runAndLog(49)) - Successfully ran Atomic Files.move /home/runner/work/ratis/ratis/ratis-examples/target/test/data/3b356627/MiniRaftClusterWithGrpcde84ffe6/s4/7e383137-32c0-46e4-a85b-627ea8fba030/current/raft-meta.tmp to /home/runner/work/ratis/ratis/ratis-examples/target/test/data/3b356627/MiniRaftClusterWithGrpcde84ffe6/s4/7e383137-32c0-46e4-a85b-627ea8fba030/current/raft-meta with options [REPLACE_EXISTING]
2025-05-22 15:25:19,293 INFO  storage.RaftStorage (RaftStorageImpl.java:format(98)) - Storage directory /home/runner/work/ratis/ratis/ratis-examples/target/test/data/3b356627/MiniRaftClusterWithGrpcde84ffe6/s4/7e383137-32c0-46e4-a85b-627ea8fba030 has been successfully formatted.
2025-05-22 15:25:19,293 WARN  statemachine.StateMachine (ArithmeticStateMachine.java:loadSnapshot(115)) - The snapshot info is null.
2025-05-22 15:25:19,293 INFO  util.AwaitToRun (AwaitToRun.java:start(81)) - Thread[s4@group-627EA8FBA030-cacheEviction-AwaitToRun,5,main] started
2025-05-22 15:25:19,293 INFO  segmented.SegmentedRaftLogWorker (SegmentedRaftLogWorker.java:<init>(191)) - new s4@group-627EA8FBA030-SegmentedRaftLogWorker for RaftStorageImpl:Storage Directory /home/runner/work/ratis/ratis/ratis-examples/target/test/data/3b356627/MiniRaftClusterWithGrpcde84ffe6/s4/7e383137-32c0-46e4-a85b-627ea8fba030
2025-05-22 15:25:19,295 INFO  segmented.SegmentedRaftLogWorker (SegmentedRaftLogWorker.java:lambda$new$0(142)) - s4@group-627EA8FBA030-SegmentedRaftLogWorker: flushIndex: setUnconditionally 0 -> -1
2025-05-22 15:25:19,296 INFO  segmented.SegmentedRaftLogWorker (SegmentedRaftLogWorker.java:lambda$new$0(142)) - s4@group-627EA8FBA030-SegmentedRaftLogWorker: safeCacheEvictIndex: setUnconditionally 0 -> -1
2025-05-22 15:25:19,296 INFO  server.RaftServer$Division (RaftServerImpl.java:start(408)) - s4@group-627EA8FBA030: start as a follower, conf=conf: {index: -1, cur=peers:[s4|0.0.0.0:15004, s5|0.0.0.0:15005, s6|0.0.0.0:15006]|listeners:[], old=null}
2025-05-22 15:25:19,296 INFO  server.RaftServer$Division (RaftServerImpl.java:setRole(395)) - s4@group-627EA8FBA030: changes role from      null to FOLLOWER at term 0 for startAsFollower
2025-05-22 15:25:19,296 INFO  impl.RoleInfo (RoleInfo.java:updateAndGet(148)) - s4: start s4@group-627EA8FBA030-FollowerState
2025-05-22 15:25:19,296 INFO  server.RaftServerConfigKeys (ConfUtils.java:logFallback(69)) - raft.server.rpc.first-election.timeout.min = 300ms (fallback to raft.server.rpc.timeout.min)
2025-05-22 15:25:19,296 INFO  server.RaftServerConfigKeys (ConfUtils.java:logFallback(69)) - raft.server.rpc.first-election.timeout.max = 600ms (fallback to raft.server.rpc.timeout.max)
2025-05-22 15:25:19,297 INFO  util.JmxRegister (JmxRegister.java:tryRegister(44)) - Successfully registered JMX Bean with object name Ratis:service=RaftServer,group=group-627EA8FBA030,id=s4
2025-05-22 15:25:19,297 INFO  util.JmxRegister (JmxRegister.java:register(58)) - register mxBean class org.apache.ratis.server.impl.RaftServerJmxAdapter as Ratis:service=RaftServer,group=group-627EA8FBA030,id=s4
2025-05-22 15:25:19,297 INFO  server.RaftServer$Division (RaftServerImpl.java:start(422)) - s4@group-627EA8FBA030: Successfully started.
2025-05-22 15:25:19,307 INFO  server.RaftServer (RaftServerProxy.java:addNew(106)) - s5: addNew group-627EA8FBA030:[s4|0.0.0.0:15004, s5|0.0.0.0:15005, s6|0.0.0.0:15006] returns group-627EA8FBA030:java.util.concurrent.CompletableFuture@78d80c7c[Not completed]
2025-05-22 15:25:19,308 INFO  server.RaftServer$Division (RaftServerImpl.java:<init>(271)) - s5: new RaftServerImpl for group-627EA8FBA030:[s4|0.0.0.0:15004, s5|0.0.0.0:15005, s6|0.0.0.0:15006] with ArithmeticStateMachine:uninitialized
2025-05-22 15:25:19,308 INFO  server.RaftServer$Division (ServerState.java:<init>(114)) - s5@group-627EA8FBA030: ConfigurationManager, init=conf: {index: -1, cur=peers:[s4|0.0.0.0:15004, s5|0.0.0.0:15005, s6|0.0.0.0:15006]|listeners:[], old=null}, confs=<EMPTY_MAP>
2025-05-22 15:25:19,310 INFO  server.RaftServerConfigKeys (ConfUtils.java:logGet(62)) - raft.server.storage.dir = [/home/runner/work/ratis/ratis/ratis-examples/target/test/data/3b356627/MiniRaftClusterWithGrpcde84ffe6/s5] (custom)
2025-05-22 15:25:19,311 INFO  storage.RaftStorageDirectory (RaftStorageDirectoryImpl.java:analyzeStorage(138)) - The storage directory /home/runner/work/ratis/ratis/ratis-examples/target/test/data/3b356627/MiniRaftClusterWithGrpcde84ffe6/s5/7e383137-32c0-46e4-a85b-627ea8fba030 does not exist. Creating ...
2025-05-22 15:25:19,311 TRACE util.FileUtils (LogUtils.java:runAndLog(49)) - Successfully ran Files.createDirectories /home/runner/work/ratis/ratis/ratis-examples/target/test/data/3b356627/MiniRaftClusterWithGrpcde84ffe6/s5/7e383137-32c0-46e4-a85b-627ea8fba030
2025-05-22 15:25:19,312 INFO  storage.RaftStorageDirectory (RaftStorageDirectoryImpl.java:tryLock(229)) - Lock on /home/runner/work/ratis/ratis/ratis-examples/target/test/data/3b356627/MiniRaftClusterWithGrpcde84ffe6/s5/7e383137-32c0-46e4-a85b-627ea8fba030/in_use.lock acquired by nodename 6133@fv-az1337-961
2025-05-22 15:25:19,313 TRACE util.FileUtils (LogUtils.java:runAndLog(49)) - Successfully ran Files.createDirectories /home/runner/work/ratis/ratis/ratis-examples/target/test/data/3b356627/MiniRaftClusterWithGrpcde84ffe6/s5/7e383137-32c0-46e4-a85b-627ea8fba030/current
2025-05-22 15:25:19,313 TRACE util.FileUtils (LogUtils.java:runAndLog(49)) - Successfully ran Files.createDirectories /home/runner/work/ratis/ratis/ratis-examples/target/test/data/3b356627/MiniRaftClusterWithGrpcde84ffe6/s5/7e383137-32c0-46e4-a85b-627ea8fba030/sm
2025-05-22 15:25:19,313 TRACE util.FileUtils (LogUtils.java:supplyAndLog(69)) - Successfully supplied FileChannel.open /home/runner/work/ratis/ratis/ratis-examples/target/test/data/3b356627/MiniRaftClusterWithGrpcde84ffe6/s5/7e383137-32c0-46e4-a85b-627ea8fba030/current/raft-meta.tmp with options [CREATE, TRUNCATE_EXISTING, WRITE]: sun.nio.ch.FileChannelImpl@7b2cfea5
2025-05-22 15:25:19,314 TRACE util.FileUtils (LogUtils.java:runAndLog(49)) - Successfully ran Atomic Files.move /home/runner/work/ratis/ratis/ratis-examples/target/test/data/3b356627/MiniRaftClusterWithGrpcde84ffe6/s5/7e383137-32c0-46e4-a85b-627ea8fba030/current/raft-meta.tmp to /home/runner/work/ratis/ratis/ratis-examples/target/test/data/3b356627/MiniRaftClusterWithGrpcde84ffe6/s5/7e383137-32c0-46e4-a85b-627ea8fba030/current/raft-meta with options [REPLACE_EXISTING]
2025-05-22 15:25:19,315 INFO  storage.RaftStorage (RaftStorageImpl.java:format(98)) - Storage directory /home/runner/work/ratis/ratis/ratis-examples/target/test/data/3b356627/MiniRaftClusterWithGrpcde84ffe6/s5/7e383137-32c0-46e4-a85b-627ea8fba030 has been successfully formatted.
2025-05-22 15:25:19,315 WARN  statemachine.StateMachine (ArithmeticStateMachine.java:loadSnapshot(115)) - The snapshot info is null.
2025-05-22 15:25:19,316 INFO  util.AwaitToRun (AwaitToRun.java:start(81)) - Thread[s5@group-627EA8FBA030-cacheEviction-AwaitToRun,5,main] started
2025-05-22 15:25:19,316 INFO  segmented.SegmentedRaftLogWorker (SegmentedRaftLogWorker.java:<init>(191)) - new s5@group-627EA8FBA030-SegmentedRaftLogWorker for RaftStorageImpl:Storage Directory /home/runner/work/ratis/ratis/ratis-examples/target/test/data/3b356627/MiniRaftClusterWithGrpcde84ffe6/s5/7e383137-32c0-46e4-a85b-627ea8fba030
2025-05-22 15:25:19,318 INFO  segmented.SegmentedRaftLogWorker (SegmentedRaftLogWorker.java:lambda$new$0(142)) - s5@group-627EA8FBA030-SegmentedRaftLogWorker: flushIndex: setUnconditionally 0 -> -1
2025-05-22 15:25:19,318 INFO  segmented.SegmentedRaftLogWorker (SegmentedRaftLogWorker.java:lambda$new$0(142)) - s5@group-627EA8FBA030-SegmentedRaftLogWorker: safeCacheEvictIndex: setUnconditionally 0 -> -1
2025-05-22 15:25:19,318 INFO  server.RaftServer$Division (RaftServerImpl.java:start(408)) - s5@group-627EA8FBA030: start as a follower, conf=conf: {index: -1, cur=peers:[s4|0.0.0.0:15004, s5|0.0.0.0:15005, s6|0.0.0.0:15006]|listeners:[], old=null}
2025-05-22 15:25:19,318 INFO  server.RaftServer$Division (RaftServerImpl.java:setRole(395)) - s5@group-627EA8FBA030: changes role from      null to FOLLOWER at term 0 for startAsFollower
2025-05-22 15:25:19,318 INFO  impl.RoleInfo (RoleInfo.java:updateAndGet(148)) - s5: start s5@group-627EA8FBA030-FollowerState
2025-05-22 15:25:19,319 INFO  server.RaftServerConfigKeys (ConfUtils.java:logFallback(69)) - raft.server.rpc.first-election.timeout.min = 300ms (fallback to raft.server.rpc.timeout.min)
2025-05-22 15:25:19,319 INFO  server.RaftServerConfigKeys (ConfUtils.java:logFallback(69)) - raft.server.rpc.first-election.timeout.max = 600ms (fallback to raft.server.rpc.timeout.max)
2025-05-22 15:25:19,320 INFO  util.JmxRegister (JmxRegister.java:tryRegister(44)) - Successfully registered JMX Bean with object name Ratis:service=RaftServer,group=group-627EA8FBA030,id=s5
2025-05-22 15:25:19,320 INFO  util.JmxRegister (JmxRegister.java:register(58)) - register mxBean class org.apache.ratis.server.impl.RaftServerJmxAdapter as Ratis:service=RaftServer,group=group-627EA8FBA030,id=s5
2025-05-22 15:25:19,321 INFO  server.RaftServer$Division (RaftServerImpl.java:start(422)) - s5@group-627EA8FBA030: Successfully started.
2025-05-22 15:25:19,330 INFO  server.RaftServer (RaftServerProxy.java:addNew(106)) - s6: addNew group-627EA8FBA030:[s4|0.0.0.0:15004, s5|0.0.0.0:15005, s6|0.0.0.0:15006] returns group-627EA8FBA030:java.util.concurrent.CompletableFuture@59a138d6[Not completed]
2025-05-22 15:25:19,331 INFO  server.RaftServer$Division (RaftServerImpl.java:<init>(271)) - s6: new RaftServerImpl for group-627EA8FBA030:[s4|0.0.0.0:15004, s5|0.0.0.0:15005, s6|0.0.0.0:15006] with ArithmeticStateMachine:uninitialized
2025-05-22 15:25:19,331 INFO  server.RaftServer$Division (ServerState.java:<init>(114)) - s6@group-627EA8FBA030: ConfigurationManager, init=conf: {index: -1, cur=peers:[s4|0.0.0.0:15004, s5|0.0.0.0:15005, s6|0.0.0.0:15006]|listeners:[], old=null}, confs=<EMPTY_MAP>
2025-05-22 15:25:19,332 INFO  server.RaftServerConfigKeys (ConfUtils.java:logGet(62)) - raft.server.storage.dir = [/home/runner/work/ratis/ratis/ratis-examples/target/test/data/3b356627/MiniRaftClusterWithGrpcde84ffe6/s6] (custom)
2025-05-22 15:25:19,332 INFO  storage.RaftStorageDirectory (RaftStorageDirectoryImpl.java:analyzeStorage(138)) - The storage directory /home/runner/work/ratis/ratis/ratis-examples/target/test/data/3b356627/MiniRaftClusterWithGrpcde84ffe6/s6/7e383137-32c0-46e4-a85b-627ea8fba030 does not exist. Creating ...
2025-05-22 15:25:19,332 TRACE util.FileUtils (LogUtils.java:runAndLog(49)) - Successfully ran Files.createDirectories /home/runner/work/ratis/ratis/ratis-examples/target/test/data/3b356627/MiniRaftClusterWithGrpcde84ffe6/s6/7e383137-32c0-46e4-a85b-627ea8fba030
2025-05-22 15:25:19,333 INFO  storage.RaftStorageDirectory (RaftStorageDirectoryImpl.java:tryLock(229)) - Lock on /home/runner/work/ratis/ratis/ratis-examples/target/test/data/3b356627/MiniRaftClusterWithGrpcde84ffe6/s6/7e383137-32c0-46e4-a85b-627ea8fba030/in_use.lock acquired by nodename 6133@fv-az1337-961
2025-05-22 15:25:19,333 TRACE util.FileUtils (LogUtils.java:runAndLog(49)) - Successfully ran Files.createDirectories /home/runner/work/ratis/ratis/ratis-examples/target/test/data/3b356627/MiniRaftClusterWithGrpcde84ffe6/s6/7e383137-32c0-46e4-a85b-627ea8fba030/current
2025-05-22 15:25:19,334 TRACE util.FileUtils (LogUtils.java:runAndLog(49)) - Successfully ran Files.createDirectories /home/runner/work/ratis/ratis/ratis-examples/target/test/data/3b356627/MiniRaftClusterWithGrpcde84ffe6/s6/7e383137-32c0-46e4-a85b-627ea8fba030/sm
2025-05-22 15:25:19,334 TRACE util.FileUtils (LogUtils.java:supplyAndLog(69)) - Successfully supplied FileChannel.open /home/runner/work/ratis/ratis/ratis-examples/target/test/data/3b356627/MiniRaftClusterWithGrpcde84ffe6/s6/7e383137-32c0-46e4-a85b-627ea8fba030/current/raft-meta.tmp with options [CREATE, TRUNCATE_EXISTING, WRITE]: sun.nio.ch.FileChannelImpl@1dd0eeaa
2025-05-22 15:25:19,335 TRACE util.FileUtils (LogUtils.java:runAndLog(49)) - Successfully ran Atomic Files.move /home/runner/work/ratis/ratis/ratis-examples/target/test/data/3b356627/MiniRaftClusterWithGrpcde84ffe6/s6/7e383137-32c0-46e4-a85b-627ea8fba030/current/raft-meta.tmp to /home/runner/work/ratis/ratis/ratis-examples/target/test/data/3b356627/MiniRaftClusterWithGrpcde84ffe6/s6/7e383137-32c0-46e4-a85b-627ea8fba030/current/raft-meta with options [REPLACE_EXISTING]
2025-05-22 15:25:19,335 INFO  storage.RaftStorage (RaftStorageImpl.java:format(98)) - Storage directory /home/runner/work/ratis/ratis/ratis-examples/target/test/data/3b356627/MiniRaftClusterWithGrpcde84ffe6/s6/7e383137-32c0-46e4-a85b-627ea8fba030 has been successfully formatted.
2025-05-22 15:25:19,336 WARN  statemachine.StateMachine (ArithmeticStateMachine.java:loadSnapshot(115)) - The snapshot info is null.
2025-05-22 15:25:19,336 INFO  util.AwaitToRun (AwaitToRun.java:start(81)) - Thread[s6@group-627EA8FBA030-cacheEviction-AwaitToRun,5,main] started
2025-05-22 15:25:19,337 INFO  segmented.SegmentedRaftLogWorker (SegmentedRaftLogWorker.java:<init>(191)) - new s6@group-627EA8FBA030-SegmentedRaftLogWorker for RaftStorageImpl:Storage Directory /home/runner/work/ratis/ratis/ratis-examples/target/test/data/3b356627/MiniRaftClusterWithGrpcde84ffe6/s6/7e383137-32c0-46e4-a85b-627ea8fba030
2025-05-22 15:25:19,339 INFO  segmented.SegmentedRaftLogWorker (SegmentedRaftLogWorker.java:lambda$new$0(142)) - s6@group-627EA8FBA030-SegmentedRaftLogWorker: flushIndex: setUnconditionally 0 -> -1
2025-05-22 15:25:19,339 INFO  segmented.SegmentedRaftLogWorker (SegmentedRaftLogWorker.java:lambda$new$0(142)) - s6@group-627EA8FBA030-SegmentedRaftLogWorker: safeCacheEvictIndex: setUnconditionally 0 -> -1
2025-05-22 15:25:19,340 INFO  server.RaftServer$Division (RaftServerImpl.java:start(408)) - s6@group-627EA8FBA030: start as a follower, conf=conf: {index: -1, cur=peers:[s4|0.0.0.0:15004, s5|0.0.0.0:15005, s6|0.0.0.0:15006]|listeners:[], old=null}
2025-05-22 15:25:19,340 INFO  server.RaftServer$Division (RaftServerImpl.java:setRole(395)) - s6@group-627EA8FBA030: changes role from      null to FOLLOWER at term 0 for startAsFollower
2025-05-22 15:25:19,340 INFO  impl.RoleInfo (RoleInfo.java:updateAndGet(148)) - s6: start s6@group-627EA8FBA030-FollowerState
2025-05-22 15:25:19,340 INFO  server.RaftServerConfigKeys (ConfUtils.java:logFallback(69)) - raft.server.rpc.first-election.timeout.min = 300ms (fallback to raft.server.rpc.timeout.min)
2025-05-22 15:25:19,340 INFO  server.RaftServerConfigKeys (ConfUtils.java:logFallback(69)) - raft.server.rpc.first-election.timeout.max = 600ms (fallback to raft.server.rpc.timeout.max)
2025-05-22 15:25:19,340 INFO  util.JmxRegister (JmxRegister.java:tryRegister(44)) - Successfully registered JMX Bean with object name Ratis:service=RaftServer,group=group-627EA8FBA030,id=s6
2025-05-22 15:25:19,341 INFO  util.JmxRegister (JmxRegister.java:register(58)) - register mxBean class org.apache.ratis.server.impl.RaftServerJmxAdapter as Ratis:service=RaftServer,group=group-627EA8FBA030,id=s6
2025-05-22 15:25:19,341 INFO  server.RaftServer$Division (RaftServerImpl.java:start(422)) - s6@group-627EA8FBA030: Successfully started.
2025-05-22 15:25:19,346 INFO  ratis.RaftTestUtil (RaftTestUtil.java:waitForLeader(107)) - printing group-627EA8FBA030
  s4:  RUNNING [
   FOLLOWER (RUNNING): s4@group-627EA8FBA030:t0, leader=null, voted=, raftlog=Memoized:s4@group-627EA8FBA030-SegmentedRaftLog:OPENED:c-1:lastnull, conf=conf: {index: -1, cur=peers:[s4|0.0.0.0:15004, s5|0.0.0.0:15005, s6|0.0.0.0:15006]|listeners:[], old=null}
   FOLLOWER (STARTING): s4@group-5CA96AA9335B:t0, leader=null, voted=, raftlog=Memoized:s4@group-5CA96AA9335B-SegmentedRaftLog:OPENED:c-1:lastnull, conf=conf: {index: -1, cur=peers:[]|listeners:[], old=null}] size=2
  s5:  RUNNING [
   FOLLOWER (RUNNING): s5@group-627EA8FBA030:t0, leader=null, voted=, raftlog=Memoized:s5@group-627EA8FBA030-SegmentedRaftLog:OPENED:c-1:lastnull, conf=conf: {index: -1, cur=peers:[s4|0.0.0.0:15004, s5|0.0.0.0:15005, s6|0.0.0.0:15006]|listeners:[], old=null}
   FOLLOWER (STARTING): s5@group-5CA96AA9335B:t0, leader=null, voted=, raftlog=Memoized:s5@group-5CA96AA9335B-SegmentedRaftLog:OPENED:c-1:lastnull, conf=conf: {index: -1, cur=peers:[]|listeners:[], old=null}] size=2
  s6:  RUNNING [
   FOLLOWER (RUNNING): s6@group-627EA8FBA030:t0, leader=null, voted=, raftlog=Memoized:s6@group-627EA8FBA030-SegmentedRaftLog:OPENED:c-1:lastnull, conf=conf: {index: -1, cur=peers:[s4|0.0.0.0:15004, s5|0.0.0.0:15005, s6|0.0.0.0:15006]|listeners:[], old=null}
   FOLLOWER (STARTING): s6@group-5CA96AA9335B:t0, leader=null, voted=, raftlog=Memoized:s6@group-5CA96AA9335B-SegmentedRaftLog:OPENED:c-1:lastnull, conf=conf: {index: -1, cur=peers:[]|listeners:[], old=null}] size=2
2025-05-22 15:25:19,346 WARN  ratis.RaftTestUtil (RaftTestUtil.java:lambda$waitForLeader$3(126)) - Attempt #1 failed: java.lang.IllegalStateException: No leader yet  for group-627EA8FBA030: printing group-627EA8FBA030
  s4:  RUNNING [
   FOLLOWER (RUNNING): s4@group-627EA8FBA030:t0, leader=null, voted=, raftlog=Memoized:s4@group-627EA8FBA030-SegmentedRaftLog:OPENED:c-1:lastnull, conf=conf: {index: -1, cur=peers:[s4|0.0.0.0:15004, s5|0.0.0.0:15005, s6|0.0.0.0:15006]|listeners:[], old=null}
   FOLLOWER (STARTING): s4@group-5CA96AA9335B:t0, leader=null, voted=, raftlog=Memoized:s4@group-5CA96AA9335B-SegmentedRaftLog:OPENED:c-1:lastnull, conf=conf: {index: -1, cur=peers:[]|listeners:[], old=null}] size=2
  s5:  RUNNING [
   FOLLOWER (RUNNING): s5@group-627EA8FBA030:t0, leader=null, voted=, raftlog=Memoized:s5@group-627EA8FBA030-SegmentedRaftLog:OPENED:c-1:lastnull, conf=conf: {index: -1, cur=peers:[s4|0.0.0.0:15004, s5|0.0.0.0:15005, s6|0.0.0.0:15006]|listeners:[], old=null}
   FOLLOWER (STARTING): s5@group-5CA96AA9335B:t0, leader=null, voted=, raftlog=Memoized:s5@group-5CA96AA9335B-SegmentedRaftLog:OPENED:c-1:lastnull, conf=conf: {index: -1, cur=peers:[]|listeners:[], old=null}] size=2
  s6:  RUNNING [
   FOLLOWER (RUNNING): s6@group-627EA8FBA030:t0, leader=null, voted=, raftlog=Memoized:s6@group-627EA8FBA030-SegmentedRaftLog:OPENED:c-1:lastnull, conf=conf: {index: -1, cur=peers:[s4|0.0.0.0:15004, s5|0.0.0.0:15005, s6|0.0.0.0:15006]|listeners:[], old=null}
   FOLLOWER (STARTING): s6@group-5CA96AA9335B:t0, leader=null, voted=, raftlog=Memoized:s6@group-5CA96AA9335B-SegmentedRaftLog:OPENED:c-1:lastnull, conf=conf: {index: -1, cur=peers:[]|listeners:[], old=null}] size=2
2025-05-22 15:25:19,811 INFO  impl.FollowerState (FollowerState.java:runImpl(161)) - s6@group-627EA8FBA030-FollowerState: change to CANDIDATE, lastRpcElapsedTime:471687924ns, electionTimeout:471ms
2025-05-22 15:25:19,812 INFO  impl.RoleInfo (RoleInfo.java:shutdownFollowerState(121)) - s6: shutdown s6@group-627EA8FBA030-FollowerState
2025-05-22 15:25:19,812 INFO  server.RaftServer$Division (RaftServerImpl.java:setRole(395)) - s6@group-627EA8FBA030: changes role from  FOLLOWER to CANDIDATE at term 0 for changeToCandidate
2025-05-22 15:25:19,813 INFO  impl.RoleInfo (RoleInfo.java:updateAndGet(148)) - s6: start s6@group-627EA8FBA030-LeaderElection18
2025-05-22 15:25:19,813 INFO  impl.LeaderElection (LeaderElection.java:askForVotes(448)) - s6@group-627EA8FBA030-LeaderElection18 PRE_VOTE round 0: submit vote requests at term 0 for conf: {index: -1, cur=peers:[s4|0.0.0.0:15004, s5|0.0.0.0:15005, s6|0.0.0.0:15006]|listeners:[], old=null}
2025-05-22 15:25:19,813 INFO  server.GrpcServerProtocolClient (GrpcServerProtocolClient.java:<init>(65)) - Build channel for s4|0.0.0.0:15004
2025-05-22 15:25:19,814 INFO  server.GrpcServerProtocolClient (GrpcServerProtocolClient.java:<init>(65)) - Build channel for s5|0.0.0.0:15005
2025-05-22 15:25:19,814 INFO  server.RaftServerConfigKeys (ConfUtils.java:logFallback(69)) - raft.server.rpc.first-election.timeout.min = 300ms (fallback to raft.server.rpc.timeout.min)
2025-05-22 15:25:19,814 INFO  server.RaftServerConfigKeys (ConfUtils.java:logFallback(69)) - raft.server.rpc.first-election.timeout.max = 600ms (fallback to raft.server.rpc.timeout.max)
2025-05-22 15:25:19,820 INFO  server.RaftServer$Division (RaftServerImpl.java:requestVote(1475)) - s4@group-627EA8FBA030: receive requestVote(PRE_VOTE, s6, group-627EA8FBA030, 0, <PROTO_DEFAULT>)
2025-05-22 15:25:19,820 INFO  impl.VoteContext (VoteContext.java:log(49)) - s4@group-627EA8FBA030-FOLLOWER: accept PRE_VOTE from s6: our priority 0 <= candidate's priority 0
2025-05-22 15:25:19,820 INFO  server.RaftServer$Division (RaftServerImpl.java:requestVote(1509)) - s4@group-627EA8FBA030 replies to PRE_VOTE vote request: s6<-s4#0:OK-t0-last:<INITIAL_VALUE>. Peer's state: s4@group-627EA8FBA030:t0, leader=null, voted=, raftlog=Memoized:s4@group-627EA8FBA030-SegmentedRaftLog:OPENED:c-1:lastnull, conf=conf: {index: -1, cur=peers:[s4|0.0.0.0:15004, s5|0.0.0.0:15005, s6|0.0.0.0:15006]|listeners:[], old=null}
2025-05-22 15:25:19,820 INFO  server.RaftServer$Division (RaftServerImpl.java:requestVote(1475)) - s5@group-627EA8FBA030: receive requestVote(PRE_VOTE, s6, group-627EA8FBA030, 0, <PROTO_DEFAULT>)
2025-05-22 15:25:19,820 INFO  impl.VoteContext (VoteContext.java:log(49)) - s5@group-627EA8FBA030-FOLLOWER: accept PRE_VOTE from s6: our priority 0 <= candidate's priority 0
2025-05-22 15:25:19,820 INFO  server.RaftServer$Division (RaftServerImpl.java:requestVote(1509)) - s5@group-627EA8FBA030 replies to PRE_VOTE vote request: s6<-s5#0:OK-t0-last:<INITIAL_VALUE>. Peer's state: s5@group-627EA8FBA030:t0, leader=null, voted=, raftlog=Memoized:s5@group-627EA8FBA030-SegmentedRaftLog:OPENED:c-1:lastnull, conf=conf: {index: -1, cur=peers:[s4|0.0.0.0:15004, s5|0.0.0.0:15005, s6|0.0.0.0:15006]|listeners:[], old=null}
2025-05-22 15:25:19,822 INFO  impl.LeaderElection (LeaderElection.java:logAndReturn(206)) - s6@group-627EA8FBA030-LeaderElection18: PRE_VOTE PASSED received 1 response(s) and 0 exception(s):
2025-05-22 15:25:19,822 INFO  impl.LeaderElection (LeaderElection.java:logAndReturn(210)) -   Response 0: s6<-s4#0:OK-t0-last:<INITIAL_VALUE>
2025-05-22 15:25:19,822 INFO  impl.LeaderElection (LeaderElection.java:askForVotes(450)) - s6@group-627EA8FBA030-LeaderElection18 PRE_VOTE round 0: result PASSED
2025-05-22 15:25:19,822 TRACE util.FileUtils (LogUtils.java:supplyAndLog(69)) - Successfully supplied FileChannel.open /home/runner/work/ratis/ratis/ratis-examples/target/test/data/3b356627/MiniRaftClusterWithGrpcde84ffe6/s6/7e383137-32c0-46e4-a85b-627ea8fba030/current/raft-meta.tmp with options [CREATE, TRUNCATE_EXISTING, WRITE]: sun.nio.ch.FileChannelImpl@51f1a1e4
2025-05-22 15:25:19,823 TRACE util.FileUtils (LogUtils.java:runAndLog(49)) - Successfully ran Atomic Files.move /home/runner/work/ratis/ratis/ratis-examples/target/test/data/3b356627/MiniRaftClusterWithGrpcde84ffe6/s6/7e383137-32c0-46e4-a85b-627ea8fba030/current/raft-meta.tmp to /home/runner/work/ratis/ratis/ratis-examples/target/test/data/3b356627/MiniRaftClusterWithGrpcde84ffe6/s6/7e383137-32c0-46e4-a85b-627ea8fba030/current/raft-meta with options [REPLACE_EXISTING]
2025-05-22 15:25:19,824 INFO  impl.LeaderElection (LeaderElection.java:askForVotes(448)) - s6@group-627EA8FBA030-LeaderElection18 ELECTION round 0: submit vote requests at term 1 for conf: {index: -1, cur=peers:[s4|0.0.0.0:15004, s5|0.0.0.0:15005, s6|0.0.0.0:15006]|listeners:[], old=null}
2025-05-22 15:25:19,825 INFO  server.RaftServer$Division (RaftServerImpl.java:requestVote(1475)) - s4@group-627EA8FBA030: receive requestVote(ELECTION, s6, group-627EA8FBA030, 1, <PROTO_DEFAULT>)
2025-05-22 15:25:19,825 INFO  impl.VoteContext (VoteContext.java:log(49)) - s4@group-627EA8FBA030-FOLLOWER: accept ELECTION from s6: our priority 0 <= candidate's priority 0
2025-05-22 15:25:19,825 INFO  server.RaftServer$Division (RaftServerImpl.java:setRole(395)) - s4@group-627EA8FBA030: changes role from  FOLLOWER to FOLLOWER at term 0 for candidate:s6
2025-05-22 15:25:19,825 INFO  impl.RoleInfo (RoleInfo.java:shutdownFollowerState(121)) - s4: shutdown s4@group-627EA8FBA030-FollowerState
2025-05-22 15:25:19,826 INFO  server.RaftServerConfigKeys (ConfUtils.java:logFallback(69)) - raft.server.rpc.first-election.timeout.min = 300ms (fallback to raft.server.rpc.timeout.min)
2025-05-22 15:25:19,826 INFO  server.RaftServerConfigKeys (ConfUtils.java:logFallback(69)) - raft.server.rpc.first-election.timeout.max = 600ms (fallback to raft.server.rpc.timeout.max)
2025-05-22 15:25:19,826 INFO  impl.FollowerState (FollowerState.java:runImpl(170)) - s4@group-627EA8FBA030-FollowerState was interrupted
2025-05-22 15:25:19,826 INFO  impl.RoleInfo (RoleInfo.java:updateAndGet(148)) - s4: start s4@group-627EA8FBA030-FollowerState
2025-05-22 15:25:19,827 INFO  server.RaftServerConfigKeys (ConfUtils.java:logFallback(69)) - raft.server.rpc.first-election.timeout.min = 300ms (fallback to raft.server.rpc.timeout.min)
2025-05-22 15:25:19,827 INFO  server.RaftServerConfigKeys (ConfUtils.java:logFallback(69)) - raft.server.rpc.first-election.timeout.max = 600ms (fallback to raft.server.rpc.timeout.max)
2025-05-22 15:25:19,827 INFO  server.RaftServer$Division (RaftServerImpl.java:setFirstElection(579)) - s4@group-627EA8FBA030: set firstElectionSinceStartup to false for candidate:s6
2025-05-22 15:25:19,827 TRACE util.FileUtils (LogUtils.java:supplyAndLog(69)) - Successfully supplied FileChannel.open /home/runner/work/ratis/ratis/ratis-examples/target/test/data/3b356627/MiniRaftClusterWithGrpcde84ffe6/s4/7e383137-32c0-46e4-a85b-627ea8fba030/current/raft-meta.tmp with options [CREATE, TRUNCATE_EXISTING, WRITE]: sun.nio.ch.FileChannelImpl@6c571d02
2025-05-22 15:25:19,828 INFO  server.RaftServer$Division (RaftServerImpl.java:requestVote(1475)) - s5@group-627EA8FBA030: receive requestVote(ELECTION, s6, group-627EA8FBA030, 1, <PROTO_DEFAULT>)
2025-05-22 15:25:19,828 INFO  impl.VoteContext (VoteContext.java:log(49)) - s5@group-627EA8FBA030-FOLLOWER: accept ELECTION from s6: our priority 0 <= candidate's priority 0
2025-05-22 15:25:19,828 INFO  server.RaftServer$Division (RaftServerImpl.java:setRole(395)) - s5@group-627EA8FBA030: changes role from  FOLLOWER to FOLLOWER at term 0 for candidate:s6
2025-05-22 15:25:19,828 INFO  impl.RoleInfo (RoleInfo.java:shutdownFollowerState(121)) - s5: shutdown s5@group-627EA8FBA030-FollowerState
2025-05-22 15:25:19,828 INFO  impl.FollowerState (FollowerState.java:runImpl(170)) - s5@group-627EA8FBA030-FollowerState was interrupted
2025-05-22 15:25:19,829 TRACE util.FileUtils (LogUtils.java:runAndLog(49)) - Successfully ran Atomic Files.move /home/runner/work/ratis/ratis/ratis-examples/target/test/data/3b356627/MiniRaftClusterWithGrpcde84ffe6/s4/7e383137-32c0-46e4-a85b-627ea8fba030/current/raft-meta.tmp to /home/runner/work/ratis/ratis/ratis-examples/target/test/data/3b356627/MiniRaftClusterWithGrpcde84ffe6/s4/7e383137-32c0-46e4-a85b-627ea8fba030/current/raft-meta with options [REPLACE_EXISTING]
2025-05-22 15:25:19,828 INFO  impl.RoleInfo (RoleInfo.java:updateAndGet(148)) - s5: start s5@group-627EA8FBA030-FollowerState
2025-05-22 15:25:19,829 INFO  server.RaftServer$Division (RaftServerImpl.java:setFirstElection(579)) - s5@group-627EA8FBA030: set firstElectionSinceStartup to false for candidate:s6
2025-05-22 15:25:19,829 TRACE util.FileUtils (LogUtils.java:supplyAndLog(69)) - Successfully supplied FileChannel.open /home/runner/work/ratis/ratis/ratis-examples/target/test/data/3b356627/MiniRaftClusterWithGrpcde84ffe6/s5/7e383137-32c0-46e4-a85b-627ea8fba030/current/raft-meta.tmp with options [CREATE, TRUNCATE_EXISTING, WRITE]: sun.nio.ch.FileChannelImpl@55db9e9b
2025-05-22 15:25:19,830 INFO  server.RaftServer$Division (RaftServerImpl.java:requestVote(1509)) - s4@group-627EA8FBA030 replies to ELECTION vote request: s6<-s4#0:OK-t1-last:<INITIAL_VALUE>. Peer's state: s4@group-627EA8FBA030:t1, leader=null, voted=s6, raftlog=Memoized:s4@group-627EA8FBA030-SegmentedRaftLog:OPENED:c-1:lastnull, conf=conf: {index: -1, cur=peers:[s4|0.0.0.0:15004, s5|0.0.0.0:15005, s6|0.0.0.0:15006]|listeners:[], old=null}
2025-05-22 15:25:19,830 INFO  impl.LeaderElection (LeaderElection.java:logAndReturn(206)) - s6@group-627EA8FBA030-LeaderElection18: ELECTION PASSED received 1 response(s) and 0 exception(s):
2025-05-22 15:25:19,831 INFO  impl.LeaderElection (LeaderElection.java:logAndReturn(210)) -   Response 0: s6<-s4#0:OK-t1-last:<INITIAL_VALUE>
2025-05-22 15:25:19,831 TRACE util.FileUtils (LogUtils.java:runAndLog(49)) - Successfully ran Atomic Files.move /home/runner/work/ratis/ratis/ratis-examples/target/test/data/3b356627/MiniRaftClusterWithGrpcde84ffe6/s5/7e383137-32c0-46e4-a85b-627ea8fba030/current/raft-meta.tmp to /home/runner/work/ratis/ratis/ratis-examples/target/test/data/3b356627/MiniRaftClusterWithGrpcde84ffe6/s5/7e383137-32c0-46e4-a85b-627ea8fba030/current/raft-meta with options [REPLACE_EXISTING]
2025-05-22 15:25:19,831 INFO  server.RaftServer$Division (RaftServerImpl.java:requestVote(1509)) - s5@group-627EA8FBA030 replies to ELECTION vote request: s6<-s5#0:OK-t1-last:<INITIAL_VALUE>. Peer's state: s5@group-627EA8FBA030:t1, leader=null, voted=s6, raftlog=Memoized:s5@group-627EA8FBA030-SegmentedRaftLog:OPENED:c-1:lastnull, conf=conf: {index: -1, cur=peers:[s4|0.0.0.0:15004, s5|0.0.0.0:15005, s6|0.0.0.0:15006]|listeners:[], old=null}
2025-05-22 15:25:19,831 INFO  impl.LeaderElection (LeaderElection.java:askForVotes(450)) - s6@group-627EA8FBA030-LeaderElection18 ELECTION round 0: result PASSED
2025-05-22 15:25:19,832 INFO  impl.RoleInfo (RoleInfo.java:shutdownLeaderElection(141)) - s6: shutdown s6@group-627EA8FBA030-LeaderElection18
2025-05-22 15:25:19,832 INFO  server.RaftServer$Division (RaftServerImpl.java:setRole(395)) - s6@group-627EA8FBA030: changes role from CANDIDATE to LEADER at term 1 for changeToLeader
2025-05-22 15:25:19,832 INFO  server.RaftServerConfigKeys (ConfUtils.java:logFallback(69)) - raft.server.staging.timeout = 1800ms (fallback to raft.server.rpc.timeout.max)
2025-05-22 15:25:19,833 INFO  impl.RoleInfo (RoleInfo.java:updateAndGet(148)) - s6: start s6@group-627EA8FBA030-LeaderStateImpl
2025-05-22 15:25:19,833 INFO  server.RaftServer$Division (RaftServerImpl.java:setFirstElection(579)) - s6@group-627EA8FBA030: set firstElectionSinceStartup to false for becomeLeader
2025-05-22 15:25:19,833 INFO  server.RaftServer$Division (ServerState.java:setLeader(272)) - s6@group-627EA8FBA030: change Leader from null to s6 at term 1 for becomeLeader, leader elected after 502ms
2025-05-22 15:25:19,833 INFO  segmented.SegmentedRaftLogWorker (SegmentedRaftLogWorker.java:startLogSegment(445)) - s6@group-627EA8FBA030-SegmentedRaftLogWorker: Starting segment from index:0
2025-05-22 15:25:19,834 INFO  server.RaftServer$Division (ServerState.java:setRaftConf(386)) - s6@group-627EA8FBA030: set configuration conf: {index: 0, cur=peers:[s4|0.0.0.0:15004, s5|0.0.0.0:15005, s6|0.0.0.0:15006]|listeners:[], old=null}
2025-05-22 15:25:19,834 INFO  segmented.BufferedWriteChannel (BufferedWriteChannel.java:open(61)) - open log_inprogress_0 at position 0
2025-05-22 15:25:19,847 INFO  segmented.SegmentedRaftLogWorker (SegmentedRaftLogWorker.java:execute(669)) - s6@group-627EA8FBA030-SegmentedRaftLogWorker: created new log segment /home/runner/work/ratis/ratis/ratis-examples/target/test/data/3b356627/MiniRaftClusterWithGrpcde84ffe6/s6/7e383137-32c0-46e4-a85b-627ea8fba030/current/log_inprogress_0
2025-05-22 15:25:19,849 INFO  server.RaftServer$Division (ServerState.java:setLeader(272)) - s5@group-627EA8FBA030: change Leader from null to s6 at term 1 for appendEntries, leader elected after 540ms
2025-05-22 15:25:19,851 INFO  server.RaftServer$Division (ServerState.java:setLeader(272)) - s4@group-627EA8FBA030: change Leader from null to s6 at term 1 for appendEntries, leader elected after 562ms
2025-05-22 15:25:19,851 INFO  server.RaftServer$Division (ServerState.java:setRaftConf(386)) - s5@group-627EA8FBA030: set configuration conf: {index: 0, cur=peers:[s4|0.0.0.0:15004, s5|0.0.0.0:15005, s6|0.0.0.0:15006]|listeners:[], old=null}
2025-05-22 15:25:19,851 INFO  segmented.SegmentedRaftLogWorker (SegmentedRaftLogWorker.java:startLogSegment(445)) - s5@group-627EA8FBA030-SegmentedRaftLogWorker: Starting segment from index:0
2025-05-22 15:25:19,852 INFO  server.RaftServer$Division (ServerState.java:setRaftConf(386)) - s4@group-627EA8FBA030: set configuration conf: {index: 0, cur=peers:[s4|0.0.0.0:15004, s5|0.0.0.0:15005, s6|0.0.0.0:15006]|listeners:[], old=null}
2025-05-22 15:25:19,852 INFO  segmented.SegmentedRaftLogWorker (SegmentedRaftLogWorker.java:startLogSegment(445)) - s4@group-627EA8FBA030-SegmentedRaftLogWorker: Starting segment from index:0
2025-05-22 15:25:19,853 INFO  segmented.BufferedWriteChannel (BufferedWriteChannel.java:open(61)) - open log_inprogress_0 at position 0
2025-05-22 15:25:19,855 INFO  segmented.BufferedWriteChannel (BufferedWriteChannel.java:open(61)) - open log_inprogress_0 at position 0
2025-05-22 15:25:19,865 INFO  segmented.SegmentedRaftLogWorker (SegmentedRaftLogWorker.java:execute(669)) - s4@group-627EA8FBA030-SegmentedRaftLogWorker: created new log segment /home/runner/work/ratis/ratis/ratis-examples/target/test/data/3b356627/MiniRaftClusterWithGrpcde84ffe6/s4/7e383137-32c0-46e4-a85b-627ea8fba030/current/log_inprogress_0
2025-05-22 15:25:19,867 INFO  segmented.SegmentedRaftLogWorker (SegmentedRaftLogWorker.java:execute(669)) - s5@group-627EA8FBA030-SegmentedRaftLogWorker: created new log segment /home/runner/work/ratis/ratis/ratis-examples/target/test/data/3b356627/MiniRaftClusterWithGrpcde84ffe6/s5/7e383137-32c0-46e4-a85b-627ea8fba030/current/log_inprogress_0
2025-05-22 15:25:19,868 TRACE util.FileUtils (LogUtils.java:supplyAndLog(69)) - Successfully supplied FileChannel.open /home/runner/work/ratis/ratis/ratis-examples/target/test/data/3b356627/MiniRaftClusterWithGrpcde84ffe6/s6/7e383137-32c0-46e4-a85b-627ea8fba030/current/raft-meta.conf.tmp with options [CREATE, TRUNCATE_EXISTING, WRITE]: sun.nio.ch.FileChannelImpl@3324a57f
2025-05-22 15:25:19,869 TRACE util.FileUtils (LogUtils.java:runAndLog(49)) - Successfully ran Atomic Files.move /home/runner/work/ratis/ratis/ratis-examples/target/test/data/3b356627/MiniRaftClusterWithGrpcde84ffe6/s6/7e383137-32c0-46e4-a85b-627ea8fba030/current/raft-meta.conf.tmp to /home/runner/work/ratis/ratis/ratis-examples/target/test/data/3b356627/MiniRaftClusterWithGrpcde84ffe6/s6/7e383137-32c0-46e4-a85b-627ea8fba030/current/raft-meta.conf with options [REPLACE_EXISTING]
2025-05-22 15:25:19,869 INFO  server.RaftServer$Division (LeaderStateImpl.java:checkStartIndex(310)) - Leader s6@group-627EA8FBA030-LeaderStateImpl is ready since appliedIndex == startIndex == 0
2025-05-22 15:25:20,019 TRACE util.FileUtils (LogUtils.java:supplyAndLog(69)) - Successfully supplied FileChannel.open /home/runner/work/ratis/ratis/ratis-examples/target/test/data/3b356627/MiniRaftClusterWithGrpcde84ffe6/s4/7e383137-32c0-46e4-a85b-627ea8fba030/current/raft-meta.conf.tmp with options [CREATE, TRUNCATE_EXISTING, WRITE]: sun.nio.ch.FileChannelImpl@e6dc091
2025-05-22 15:25:20,020 TRACE util.FileUtils (LogUtils.java:runAndLog(49)) - Successfully ran Atomic Files.move /home/runner/work/ratis/ratis/ratis-examples/target/test/data/3b356627/MiniRaftClusterWithGrpcde84ffe6/s4/7e383137-32c0-46e4-a85b-627ea8fba030/current/raft-meta.conf.tmp to /home/runner/work/ratis/ratis/ratis-examples/target/test/data/3b356627/MiniRaftClusterWithGrpcde84ffe6/s4/7e383137-32c0-46e4-a85b-627ea8fba030/current/raft-meta.conf with options [REPLACE_EXISTING]
2025-05-22 15:25:20,020 TRACE util.FileUtils (LogUtils.java:supplyAndLog(69)) - Successfully supplied FileChannel.open /home/runner/work/ratis/ratis/ratis-examples/target/test/data/3b356627/MiniRaftClusterWithGrpcde84ffe6/s5/7e383137-32c0-46e4-a85b-627ea8fba030/current/raft-meta.conf.tmp with options [CREATE, TRUNCATE_EXISTING, WRITE]: sun.nio.ch.FileChannelImpl@7f55bf43
2025-05-22 15:25:20,022 TRACE util.FileUtils (LogUtils.java:runAndLog(49)) - Successfully ran Atomic Files.move /home/runner/work/ratis/ratis/ratis-examples/target/test/data/3b356627/MiniRaftClusterWithGrpcde84ffe6/s5/7e383137-32c0-46e4-a85b-627ea8fba030/current/raft-meta.conf.tmp to /home/runner/work/ratis/ratis/ratis-examples/target/test/data/3b356627/MiniRaftClusterWithGrpcde84ffe6/s5/7e383137-32c0-46e4-a85b-627ea8fba030/current/raft-meta.conf with options [REPLACE_EXISTING]
2025-05-22 15:25:20,247 INFO  ratis.RaftTestUtil (RaftTestUtil.java:waitForLeader(131)) - printing group-627EA8FBA030
  s4:  RUNNING [
   FOLLOWER (RUNNING): s4@group-627EA8FBA030:t1, leader=s6, voted=s6, raftlog=Memoized:s4@group-627EA8FBA030-SegmentedRaftLog:OPENED:c0:last(t:1, i:0), conf=conf: {index: 0, cur=peers:[s4|0.0.0.0:15004, s5|0.0.0.0:15005, s6|0.0.0.0:15006]|listeners:[], old=null}
   FOLLOWER (STARTING): s4@group-5CA96AA9335B:t0, leader=null, voted=, raftlog=Memoized:s4@group-5CA96AA9335B-SegmentedRaftLog:OPENED:c-1:lastnull, conf=conf: {index: -1, cur=peers:[]|listeners:[], old=null}] size=2
  s5:  RUNNING [
   FOLLOWER (RUNNING): s5@group-627EA8FBA030:t1, leader=s6, voted=s6, raftlog=Memoized:s5@group-627EA8FBA030-SegmentedRaftLog:OPENED:c0:last(t:1, i:0), conf=conf: {index: 0, cur=peers:[s4|0.0.0.0:15004, s5|0.0.0.0:15005, s6|0.0.0.0:15006]|listeners:[], old=null}
   FOLLOWER (STARTING): s5@group-5CA96AA9335B:t0, leader=null, voted=, raftlog=Memoized:s5@group-5CA96AA9335B-SegmentedRaftLog:OPENED:c-1:lastnull, conf=conf: {index: -1, cur=peers:[]|listeners:[], old=null}] size=2
  s6:  RUNNING [
     LEADER (RUNNING): s6@group-627EA8FBA030:t1, leader=s6, voted=s6, raftlog=Memoized:s6@group-627EA8FBA030-SegmentedRaftLog:OPENED:c0:last(t:1, i:0), conf=conf: {index: 0, cur=peers:[s4|0.0.0.0:15004, s5|0.0.0.0:15005, s6|0.0.0.0:15006]|listeners:[], old=null}
   FOLLOWER (STARTING): s6@group-5CA96AA9335B:t0, leader=null, voted=, raftlog=Memoized:s6@group-5CA96AA9335B-SegmentedRaftLog:OPENED:c-1:lastnull, conf=conf: {index: -1, cur=peers:[]|listeners:[], old=null}] size=2
2025-05-22 15:25:20,253 INFO  server.GrpcClientProtocolService (GrpcClientProtocolService.java:lambda$processClientRequest$0(330)) - Failed request cid=3733, reply=RaftClientReply:client-19533B7FF9E7->s4@group-627EA8FBA030, cid=3733, FAILED org.apache.ratis.protocol.exceptions.NotLeaderException: Server s4@group-627EA8FBA030 is not the leader, suggested leader is: s6|0.0.0.0:15006, logIndex=0, commits[s4:c0, s5:c0, s6:c0]
2025-05-22 15:25:20,361 INFO  statemachine.StateMachine (ArithmeticStateMachine.java:applyTransaction(181)) - LEADER:s6-1: a = 63 = 63
2025-05-22 15:25:20,369 INFO  statemachine.StateMachine (ArithmeticStateMachine.java:applyTransaction(181)) - LEADER:s6-3: b = 1984 = 1984
2025-05-22 15:25:20,373 INFO  statemachine.StateMachine (ArithmeticStateMachine.java:applyTransaction(181)) - LEADER:s6-5: c = √(a^2 + b^2) = 1985
2025-05-22 15:25:20,377 INFO  statemachine.StateMachine (ArithmeticStateMachine.java:applyTransaction(181)) - LEADER:s6-7: a = null = null
2025-05-22 15:25:20,381 INFO  statemachine.StateMachine (ArithmeticStateMachine.java:applyTransaction(181)) - LEADER:s6-9: b = null = null
2025-05-22 15:25:20,385 INFO  statemachine.StateMachine (ArithmeticStateMachine.java:applyTransaction(181)) - LEADER:s6-11: c = null = null
2025-05-22 15:25:20,390 INFO  statemachine.StateMachine (ArithmeticStateMachine.java:applyTransaction(181)) - LEADER:s6-13: a = 65 = 65
2025-05-22 15:25:20,394 INFO  statemachine.StateMachine (ArithmeticStateMachine.java:applyTransaction(181)) - LEADER:s6-15: b = 2112 = 2112
2025-05-22 15:25:20,398 INFO  statemachine.StateMachine (ArithmeticStateMachine.java:applyTransaction(181)) - LEADER:s6-17: c = √(a^2 + b^2) = 2113
2025-05-22 15:25:20,403 INFO  statemachine.StateMachine (ArithmeticStateMachine.java:applyTransaction(181)) - LEADER:s6-19: a = null = null
2025-05-22 15:25:20,408 INFO  statemachine.StateMachine (ArithmeticStateMachine.java:applyTransaction(181)) - LEADER:s6-21: b = null = null
2025-05-22 15:25:20,414 INFO  statemachine.StateMachine (ArithmeticStateMachine.java:applyTransaction(181)) - LEADER:s6-23: c = null = null
2025-05-22 15:25:20,418 INFO  statemachine.StateMachine (ArithmeticStateMachine.java:applyTransaction(181)) - LEADER:s6-25: a = 67 = 67
2025-05-22 15:25:20,424 INFO  statemachine.StateMachine (ArithmeticStateMachine.java:applyTransaction(181)) - LEADER:s6-27: b = 2244 = 2244
2025-05-22 15:25:20,428 INFO  statemachine.StateMachine (ArithmeticStateMachine.java:applyTransaction(181)) - LEADER:s6-29: c = √(a^2 + b^2) = 2245
2025-05-22 15:25:20,432 INFO  statemachine.StateMachine (ArithmeticStateMachine.java:applyTransaction(181)) - LEADER:s6-31: a = null = null
2025-05-22 15:25:20,436 INFO  statemachine.StateMachine (ArithmeticStateMachine.java:applyTransaction(181)) - LEADER:s6-33: b = null = null
2025-05-22 15:25:20,440 INFO  statemachine.StateMachine (ArithmeticStateMachine.java:applyTransaction(181)) - LEADER:s6-35: c = null = null
2025-05-22 15:25:20,444 INFO  statemachine.StateMachine (ArithmeticStateMachine.java:applyTransaction(181)) - LEADER:s6-37: a = 69 = 69
2025-05-22 15:25:20,448 INFO  statemachine.StateMachine (ArithmeticStateMachine.java:applyTransaction(181)) - LEADER:s6-39: b = 2380 = 2380
2025-05-22 15:25:20,453 INFO  statemachine.StateMachine (ArithmeticStateMachine.java:applyTransaction(181)) - LEADER:s6-41: c = √(a^2 + b^2) = 2381
2025-05-22 15:25:20,457 INFO  statemachine.StateMachine (ArithmeticStateMachine.java:applyTransaction(181)) - LEADER:s6-43: a = null = null
2025-05-22 15:25:20,461 INFO  statemachine.StateMachine (ArithmeticStateMachine.java:applyTransaction(181)) - LEADER:s6-45: b = null = null
2025-05-22 15:25:20,465 INFO  statemachine.StateMachine (ArithmeticStateMachine.java:applyTransaction(181)) - LEADER:s6-47: c = null = null
2025-05-22 15:25:20,469 INFO  statemachine.StateMachine (ArithmeticStateMachine.java:applyTransaction(181)) - LEADER:s6-49: a = 71 = 71
2025-05-22 15:25:20,473 INFO  statemachine.StateMachine (ArithmeticStateMachine.java:applyTransaction(181)) - LEADER:s6-51: b = 2520 = 2520
2025-05-22 15:25:20,478 INFO  statemachine.StateMachine (ArithmeticStateMachine.java:applyTransaction(181)) - LEADER:s6-53: c = √(a^2 + b^2) = 2521
2025-05-22 15:25:20,482 INFO  statemachine.StateMachine (ArithmeticStateMachine.java:applyTransaction(181)) - LEADER:s6-55: a = null = null
2025-05-22 15:25:20,488 INFO  statemachine.StateMachine (ArithmeticStateMachine.java:applyTransaction(181)) - LEADER:s6-57: b = null = null
2025-05-22 15:25:20,494 INFO  statemachine.StateMachine (ArithmeticStateMachine.java:applyTransaction(181)) - LEADER:s6-59: c = null = null
2025-05-22 15:25:20,499 INFO  statemachine.StateMachine (ArithmeticStateMachine.java:applyTransaction(181)) - LEADER:s6-61: a = 73 = 73
2025-05-22 15:25:20,503 INFO  statemachine.StateMachine (ArithmeticStateMachine.java:applyTransaction(181)) - LEADER:s6-63: b = 2664 = 2664
2025-05-22 15:25:20,508 INFO  statemachine.StateMachine (ArithmeticStateMachine.java:applyTransaction(181)) - LEADER:s6-65: c = √(a^2 + b^2) = 2665
2025-05-22 15:25:20,512 INFO  statemachine.StateMachine (ArithmeticStateMachine.java:applyTransaction(181)) - LEADER:s6-67: a = null = null
2025-05-22 15:25:20,516 INFO  statemachine.StateMachine (ArithmeticStateMachine.java:applyTransaction(181)) - LEADER:s6-69: b = null = null
2025-05-22 15:25:20,521 INFO  statemachine.StateMachine (ArithmeticStateMachine.java:applyTransaction(181)) - LEADER:s6-71: c = null = null
2025-05-22 15:25:20,527 INFO  statemachine.StateMachine (ArithmeticStateMachine.java:applyTransaction(181)) - LEADER:s6-73: a = 75 = 75
2025-05-22 15:25:20,532 INFO  statemachine.StateMachine (ArithmeticStateMachine.java:applyTransaction(181)) - LEADER:s6-75: b = 2812 = 2812
2025-05-22 15:25:20,537 INFO  statemachine.StateMachine (ArithmeticStateMachine.java:applyTransaction(181)) - LEADER:s6-77: c = √(a^2 + b^2) = 2813
2025-05-22 15:25:20,541 INFO  statemachine.StateMachine (ArithmeticStateMachine.java:applyTransaction(181)) - LEADER:s6-79: a = null = null
2025-05-22 15:25:20,545 INFO  statemachine.StateMachine (ArithmeticStateMachine.java:applyTransaction(181)) - LEADER:s6-81: b = null = null
2025-05-22 15:25:20,549 INFO  statemachine.StateMachine (ArithmeticStateMachine.java:applyTransaction(181)) - LEADER:s6-83: c = null = null
2025-05-22 15:25:20,554 INFO  statemachine.StateMachine (ArithmeticStateMachine.java:applyTransaction(181)) - LEADER:s6-85: a = 77 = 77
2025-05-22 15:25:20,558 INFO  statemachine.StateMachine (ArithmeticStateMachine.java:applyTransaction(181)) - LEADER:s6-87: b = 2964 = 2964
2025-05-22 15:25:20,563 INFO  statemachine.StateMachine (ArithmeticStateMachine.java:applyTransaction(181)) - LEADER:s6-89: c = √(a^2 + b^2) = 2965
2025-05-22 15:25:20,568 INFO  statemachine.StateMachine (ArithmeticStateMachine.java:applyTransaction(181)) - LEADER:s6-91: a = null = null
2025-05-22 15:25:20,572 INFO  statemachine.StateMachine (ArithmeticStateMachine.java:applyTransaction(181)) - LEADER:s6-93: b = null = null
2025-05-22 15:25:20,578 INFO  statemachine.StateMachine (ArithmeticStateMachine.java:applyTransaction(181)) - LEADER:s6-95: c = null = null
2025-05-22 15:25:20,582 INFO  statemachine.StateMachine (ArithmeticStateMachine.java:applyTransaction(181)) - LEADER:s6-97: a = 79 = 79
2025-05-22 15:25:20,586 INFO  statemachine.StateMachine (ArithmeticStateMachine.java:applyTransaction(181)) - LEADER:s6-99: b = 3120 = 3120
2025-05-22 15:25:20,590 INFO  statemachine.StateMachine (ArithmeticStateMachine.java:applyTransaction(181)) - LEADER:s6-101: c = √(a^2 + b^2) = 3121
2025-05-22 15:25:20,594 INFO  statemachine.StateMachine (ArithmeticStateMachine.java:applyTransaction(181)) - LEADER:s6-103: a = null = null
2025-05-22 15:25:20,599 INFO  statemachine.StateMachine (ArithmeticStateMachine.java:applyTransaction(181)) - LEADER:s6-105: b = null = null
2025-05-22 15:25:20,603 INFO  statemachine.StateMachine (ArithmeticStateMachine.java:applyTransaction(181)) - LEADER:s6-107: c = null = null
2025-05-22 15:25:20,607 INFO  statemachine.StateMachine (ArithmeticStateMachine.java:applyTransaction(181)) - LEADER:s6-109: a = 81 = 81
2025-05-22 15:25:20,611 INFO  statemachine.StateMachine (ArithmeticStateMachine.java:applyTransaction(181)) - LEADER:s6-111: b = 3280 = 3280
2025-05-22 15:25:20,615 INFO  statemachine.StateMachine (ArithmeticStateMachine.java:applyTransaction(181)) - LEADER:s6-113: c = √(a^2 + b^2) = 3281
2025-05-22 15:25:20,619 INFO  statemachine.StateMachine (ArithmeticStateMachine.java:applyTransaction(181)) - LEADER:s6-115: a = null = null
2025-05-22 15:25:20,624 INFO  statemachine.StateMachine (ArithmeticStateMachine.java:applyTransaction(181)) - LEADER:s6-117: b = null = null
2025-05-22 15:25:20,629 INFO  statemachine.StateMachine (ArithmeticStateMachine.java:applyTransaction(181)) - LEADER:s6-119: c = null = null
2025-05-22 15:25:20,634 INFO  impl.GroupManagementBaseTest (GroupManagementBaseTest.java:runMultiGroupTest(283)) - 4) starting group-F5200629CA74:[s7|0.0.0.0:15007, s8|0.0.0.0:15008, s9|0.0.0.0:15009]
2025-05-22 15:25:20,641 INFO  server.RaftServer (RaftServerProxy.java:addNew(106)) - s7: addNew group-F5200629CA74:[s7|0.0.0.0:15007, s8|0.0.0.0:15008, s9|0.0.0.0:15009] returns group-F5200629CA74:java.util.concurrent.CompletableFuture@602cfcc4[Not completed]
2025-05-22 15:25:20,641 INFO  server.RaftServer$Division (RaftServerImpl.java:<init>(271)) - s7: new RaftServerImpl for group-F5200629CA74:[s7|0.0.0.0:15007, s8|0.0.0.0:15008, s9|0.0.0.0:15009] with ArithmeticStateMachine:uninitialized
2025-05-22 15:25:20,641 INFO  server.RaftServer$Division (ServerState.java:<init>(114)) - s7@group-F5200629CA74: ConfigurationManager, init=conf: {index: -1, cur=peers:[s7|0.0.0.0:15007, s8|0.0.0.0:15008, s9|0.0.0.0:15009]|listeners:[], old=null}, confs=<EMPTY_MAP>
2025-05-22 15:25:20,642 INFO  server.RaftServerConfigKeys (ConfUtils.java:logGet(62)) - raft.server.storage.dir = [/home/runner/work/ratis/ratis/ratis-examples/target/test/data/3b356627/MiniRaftClusterWithGrpcde84ffe6/s7] (custom)
2025-05-22 15:25:20,643 INFO  storage.RaftStorageDirectory (RaftStorageDirectoryImpl.java:analyzeStorage(138)) - The storage directory /home/runner/work/ratis/ratis/ratis-examples/target/test/data/3b356627/MiniRaftClusterWithGrpcde84ffe6/s7/d9c6b7b0-1337-468d-9f50-f5200629ca74 does not exist. Creating ...
2025-05-22 15:25:20,643 TRACE util.FileUtils (LogUtils.java:runAndLog(49)) - Successfully ran Files.createDirectories /home/runner/work/ratis/ratis/ratis-examples/target/test/data/3b356627/MiniRaftClusterWithGrpcde84ffe6/s7/d9c6b7b0-1337-468d-9f50-f5200629ca74
2025-05-22 15:25:20,644 INFO  storage.RaftStorageDirectory (RaftStorageDirectoryImpl.java:tryLock(229)) - Lock on /home/runner/work/ratis/ratis/ratis-examples/target/test/data/3b356627/MiniRaftClusterWithGrpcde84ffe6/s7/d9c6b7b0-1337-468d-9f50-f5200629ca74/in_use.lock acquired by nodename 6133@fv-az1337-961
2025-05-22 15:25:20,644 TRACE util.FileUtils (LogUtils.java:runAndLog(49)) - Successfully ran Files.createDirectories /home/runner/work/ratis/ratis/ratis-examples/target/test/data/3b356627/MiniRaftClusterWithGrpcde84ffe6/s7/d9c6b7b0-1337-468d-9f50-f5200629ca74/current
2025-05-22 15:25:20,645 TRACE util.FileUtils (LogUtils.java:runAndLog(49)) - Successfully ran Files.createDirectories /home/runner/work/ratis/ratis/ratis-examples/target/test/data/3b356627/MiniRaftClusterWithGrpcde84ffe6/s7/d9c6b7b0-1337-468d-9f50-f5200629ca74/sm
2025-05-22 15:25:20,645 TRACE util.FileUtils (LogUtils.java:supplyAndLog(69)) - Successfully supplied FileChannel.open /home/runner/work/ratis/ratis/ratis-examples/target/test/data/3b356627/MiniRaftClusterWithGrpcde84ffe6/s7/d9c6b7b0-1337-468d-9f50-f5200629ca74/current/raft-meta.tmp with options [CREATE, TRUNCATE_EXISTING, WRITE]: sun.nio.ch.FileChannelImpl@2d7eb3f4
2025-05-22 15:25:20,646 TRACE util.FileUtils (LogUtils.java:runAndLog(49)) - Successfully ran Atomic Files.move /home/runner/work/ratis/ratis/ratis-examples/target/test/data/3b356627/MiniRaftClusterWithGrpcde84ffe6/s7/d9c6b7b0-1337-468d-9f50-f5200629ca74/current/raft-meta.tmp to /home/runner/work/ratis/ratis/ratis-examples/target/test/data/3b356627/MiniRaftClusterWithGrpcde84ffe6/s7/d9c6b7b0-1337-468d-9f50-f5200629ca74/current/raft-meta with options [REPLACE_EXISTING]
2025-05-22 15:25:20,646 INFO  storage.RaftStorage (RaftStorageImpl.java:format(98)) - Storage directory /home/runner/work/ratis/ratis/ratis-examples/target/test/data/3b356627/MiniRaftClusterWithGrpcde84ffe6/s7/d9c6b7b0-1337-468d-9f50-f5200629ca74 has been successfully formatted.
2025-05-22 15:25:20,646 WARN  statemachine.StateMachine (ArithmeticStateMachine.java:loadSnapshot(115)) - The snapshot info is null.
2025-05-22 15:25:20,647 INFO  util.AwaitToRun (AwaitToRun.java:start(81)) - Thread[s7@group-F5200629CA74-cacheEviction-AwaitToRun,5,main] started
2025-05-22 15:25:20,647 INFO  segmented.SegmentedRaftLogWorker (SegmentedRaftLogWorker.java:<init>(191)) - new s7@group-F5200629CA74-SegmentedRaftLogWorker for RaftStorageImpl:Storage Directory /home/runner/work/ratis/ratis/ratis-examples/target/test/data/3b356627/MiniRaftClusterWithGrpcde84ffe6/s7/d9c6b7b0-1337-468d-9f50-f5200629ca74
2025-05-22 15:25:20,649 INFO  segmented.SegmentedRaftLogWorker (SegmentedRaftLogWorker.java:lambda$new$0(142)) - s7@group-F5200629CA74-SegmentedRaftLogWorker: flushIndex: setUnconditionally 0 -> -1
2025-05-22 15:25:20,649 INFO  segmented.SegmentedRaftLogWorker (SegmentedRaftLogWorker.java:lambda$new$0(142)) - s7@group-F5200629CA74-SegmentedRaftLogWorker: safeCacheEvictIndex: setUnconditionally 0 -> -1
2025-05-22 15:25:20,649 INFO  server.RaftServer$Division (RaftServerImpl.java:start(408)) - s7@group-F5200629CA74: start as a follower, conf=conf: {index: -1, cur=peers:[s7|0.0.0.0:15007, s8|0.0.0.0:15008, s9|0.0.0.0:15009]|listeners:[], old=null}
2025-05-22 15:25:20,649 INFO  server.RaftServer$Division (RaftServerImpl.java:setRole(395)) - s7@group-F5200629CA74: changes role from      null to FOLLOWER at term 0 for startAsFollower
2025-05-22 15:25:20,649 INFO  impl.RoleInfo (RoleInfo.java:updateAndGet(148)) - s7: start s7@group-F5200629CA74-FollowerState
2025-05-22 15:25:20,650 INFO  util.JmxRegister (JmxRegister.java:tryRegister(44)) - Successfully registered JMX Bean with object name Ratis:service=RaftServer,group=group-F5200629CA74,id=s7
2025-05-22 15:25:20,650 INFO  server.RaftServerConfigKeys (ConfUtils.java:logFallback(69)) - raft.server.rpc.first-election.timeout.min = 300ms (fallback to raft.server.rpc.timeout.min)
2025-05-22 15:25:20,650 INFO  util.JmxRegister (JmxRegister.java:register(58)) - register mxBean class org.apache.ratis.server.impl.RaftServerJmxAdapter as Ratis:service=RaftServer,group=group-F5200629CA74,id=s7
2025-05-22 15:25:20,650 INFO  server.RaftServerConfigKeys (ConfUtils.java:logFallback(69)) - raft.server.rpc.first-election.timeout.max = 600ms (fallback to raft.server.rpc.timeout.max)
2025-05-22 15:25:20,650 INFO  server.RaftServer$Division (RaftServerImpl.java:start(422)) - s7@group-F5200629CA74: Successfully started.
2025-05-22 15:25:20,664 INFO  server.RaftServer (RaftServerProxy.java:addNew(106)) - s8: addNew group-F5200629CA74:[s7|0.0.0.0:15007, s8|0.0.0.0:15008, s9|0.0.0.0:15009] returns group-F5200629CA74:java.util.concurrent.CompletableFuture@2f5ee0ab[Not completed]
2025-05-22 15:25:20,664 INFO  server.RaftServer$Division (RaftServerImpl.java:<init>(271)) - s8: new RaftServerImpl for group-F5200629CA74:[s7|0.0.0.0:15007, s8|0.0.0.0:15008, s9|0.0.0.0:15009] with ArithmeticStateMachine:uninitialized
2025-05-22 15:25:20,664 INFO  server.RaftServer$Division (ServerState.java:<init>(114)) - s8@group-F5200629CA74: ConfigurationManager, init=conf: {index: -1, cur=peers:[s7|0.0.0.0:15007, s8|0.0.0.0:15008, s9|0.0.0.0:15009]|listeners:[], old=null}, confs=<EMPTY_MAP>
2025-05-22 15:25:20,665 INFO  server.RaftServerConfigKeys (ConfUtils.java:logGet(62)) - raft.server.storage.dir = [/home/runner/work/ratis/ratis/ratis-examples/target/test/data/3b356627/MiniRaftClusterWithGrpcde84ffe6/s8] (custom)
2025-05-22 15:25:20,666 INFO  storage.RaftStorageDirectory (RaftStorageDirectoryImpl.java:analyzeStorage(138)) - The storage directory /home/runner/work/ratis/ratis/ratis-examples/target/test/data/3b356627/MiniRaftClusterWithGrpcde84ffe6/s8/d9c6b7b0-1337-468d-9f50-f5200629ca74 does not exist. Creating ...
2025-05-22 15:25:20,666 TRACE util.FileUtils (LogUtils.java:runAndLog(49)) - Successfully ran Files.createDirectories /home/runner/work/ratis/ratis/ratis-examples/target/test/data/3b356627/MiniRaftClusterWithGrpcde84ffe6/s8/d9c6b7b0-1337-468d-9f50-f5200629ca74
2025-05-22 15:25:20,667 INFO  storage.RaftStorageDirectory (RaftStorageDirectoryImpl.java:tryLock(229)) - Lock on /home/runner/work/ratis/ratis/ratis-examples/target/test/data/3b356627/MiniRaftClusterWithGrpcde84ffe6/s8/d9c6b7b0-1337-468d-9f50-f5200629ca74/in_use.lock acquired by nodename 6133@fv-az1337-961
2025-05-22 15:25:20,667 TRACE util.FileUtils (LogUtils.java:runAndLog(49)) - Successfully ran Files.createDirectories /home/runner/work/ratis/ratis/ratis-examples/target/test/data/3b356627/MiniRaftClusterWithGrpcde84ffe6/s8/d9c6b7b0-1337-468d-9f50-f5200629ca74/current
2025-05-22 15:25:20,668 TRACE util.FileUtils (LogUtils.java:runAndLog(49)) - Successfully ran Files.createDirectories /home/runner/work/ratis/ratis/ratis-examples/target/test/data/3b356627/MiniRaftClusterWithGrpcde84ffe6/s8/d9c6b7b0-1337-468d-9f50-f5200629ca74/sm
2025-05-22 15:25:20,668 TRACE util.FileUtils (LogUtils.java:supplyAndLog(69)) - Successfully supplied FileChannel.open /home/runner/work/ratis/ratis/ratis-examples/target/test/data/3b356627/MiniRaftClusterWithGrpcde84ffe6/s8/d9c6b7b0-1337-468d-9f50-f5200629ca74/current/raft-meta.tmp with options [CREATE, TRUNCATE_EXISTING, WRITE]: sun.nio.ch.FileChannelImpl@7fbb5e58
2025-05-22 15:25:20,670 TRACE util.FileUtils (LogUtils.java:runAndLog(49)) - Successfully ran Atomic Files.move /home/runner/work/ratis/ratis/ratis-examples/target/test/data/3b356627/MiniRaftClusterWithGrpcde84ffe6/s8/d9c6b7b0-1337-468d-9f50-f5200629ca74/current/raft-meta.tmp to /home/runner/work/ratis/ratis/ratis-examples/target/test/data/3b356627/MiniRaftClusterWithGrpcde84ffe6/s8/d9c6b7b0-1337-468d-9f50-f5200629ca74/current/raft-meta with options [REPLACE_EXISTING]
2025-05-22 15:25:20,670 INFO  storage.RaftStorage (RaftStorageImpl.java:format(98)) - Storage directory /home/runner/work/ratis/ratis/ratis-examples/target/test/data/3b356627/MiniRaftClusterWithGrpcde84ffe6/s8/d9c6b7b0-1337-468d-9f50-f5200629ca74 has been successfully formatted.
2025-05-22 15:25:20,670 WARN  statemachine.StateMachine (ArithmeticStateMachine.java:loadSnapshot(115)) - The snapshot info is null.
2025-05-22 15:25:20,671 INFO  util.AwaitToRun (AwaitToRun.java:start(81)) - Thread[s8@group-F5200629CA74-cacheEviction-AwaitToRun,5,main] started
2025-05-22 15:25:20,672 INFO  segmented.SegmentedRaftLogWorker (SegmentedRaftLogWorker.java:<init>(191)) - new s8@group-F5200629CA74-SegmentedRaftLogWorker for RaftStorageImpl:Storage Directory /home/runner/work/ratis/ratis/ratis-examples/target/test/data/3b356627/MiniRaftClusterWithGrpcde84ffe6/s8/d9c6b7b0-1337-468d-9f50-f5200629ca74
2025-05-22 15:25:20,674 INFO  segmented.SegmentedRaftLogWorker (SegmentedRaftLogWorker.java:lambda$new$0(142)) - s8@group-F5200629CA74-SegmentedRaftLogWorker: flushIndex: setUnconditionally 0 -> -1
2025-05-22 15:25:20,675 INFO  segmented.SegmentedRaftLogWorker (SegmentedRaftLogWorker.java:lambda$new$0(142)) - s8@group-F5200629CA74-SegmentedRaftLogWorker: safeCacheEvictIndex: setUnconditionally 0 -> -1
2025-05-22 15:25:20,676 INFO  server.RaftServer$Division (RaftServerImpl.java:start(408)) - s8@group-F5200629CA74: start as a follower, conf=conf: {index: -1, cur=peers:[s7|0.0.0.0:15007, s8|0.0.0.0:15008, s9|0.0.0.0:15009]|listeners:[], old=null}
2025-05-22 15:25:20,676 INFO  server.RaftServer$Division (RaftServerImpl.java:setRole(395)) - s8@group-F5200629CA74: changes role from      null to FOLLOWER at term 0 for startAsFollower
2025-05-22 15:25:20,676 INFO  impl.RoleInfo (RoleInfo.java:updateAndGet(148)) - s8: start s8@group-F5200629CA74-FollowerState
2025-05-22 15:25:20,677 INFO  util.JmxRegister (JmxRegister.java:tryRegister(44)) - Successfully registered JMX Bean with object name Ratis:service=RaftServer,group=group-F5200629CA74,id=s8
2025-05-22 15:25:20,677 INFO  util.JmxRegister (JmxRegister.java:register(58)) - register mxBean class org.apache.ratis.server.impl.RaftServerJmxAdapter as Ratis:service=RaftServer,group=group-F5200629CA74,id=s8
2025-05-22 15:25:20,677 INFO  server.RaftServerConfigKeys (ConfUtils.java:logFallback(69)) - raft.server.rpc.first-election.timeout.min = 300ms (fallback to raft.server.rpc.timeout.min)
2025-05-22 15:25:20,677 INFO  server.RaftServerConfigKeys (ConfUtils.java:logFallback(69)) - raft.server.rpc.first-election.timeout.max = 600ms (fallback to raft.server.rpc.timeout.max)
2025-05-22 15:25:20,677 INFO  server.RaftServer$Division (RaftServerImpl.java:start(422)) - s8@group-F5200629CA74: Successfully started.
2025-05-22 15:25:20,686 INFO  server.RaftServer (RaftServerProxy.java:addNew(106)) - s9: addNew group-F5200629CA74:[s7|0.0.0.0:15007, s8|0.0.0.0:15008, s9|0.0.0.0:15009] returns group-F5200629CA74:java.util.concurrent.CompletableFuture@3bbf7ded[Not completed]
2025-05-22 15:25:20,687 INFO  server.RaftServer$Division (RaftServerImpl.java:<init>(271)) - s9: new RaftServerImpl for group-F5200629CA74:[s7|0.0.0.0:15007, s8|0.0.0.0:15008, s9|0.0.0.0:15009] with ArithmeticStateMachine:uninitialized
2025-05-22 15:25:20,687 INFO  server.RaftServer$Division (ServerState.java:<init>(114)) - s9@group-F5200629CA74: ConfigurationManager, init=conf: {index: -1, cur=peers:[s7|0.0.0.0:15007, s8|0.0.0.0:15008, s9|0.0.0.0:15009]|listeners:[], old=null}, confs=<EMPTY_MAP>
2025-05-22 15:25:20,688 INFO  server.RaftServerConfigKeys (ConfUtils.java:logGet(62)) - raft.server.storage.dir = [/home/runner/work/ratis/ratis/ratis-examples/target/test/data/3b356627/MiniRaftClusterWithGrpcde84ffe6/s9] (custom)
2025-05-22 15:25:20,688 INFO  storage.RaftStorageDirectory (RaftStorageDirectoryImpl.java:analyzeStorage(138)) - The storage directory /home/runner/work/ratis/ratis/ratis-examples/target/test/data/3b356627/MiniRaftClusterWithGrpcde84ffe6/s9/d9c6b7b0-1337-468d-9f50-f5200629ca74 does not exist. Creating ...
2025-05-22 15:25:20,688 TRACE util.FileUtils (LogUtils.java:runAndLog(49)) - Successfully ran Files.createDirectories /home/runner/work/ratis/ratis/ratis-examples/target/test/data/3b356627/MiniRaftClusterWithGrpcde84ffe6/s9/d9c6b7b0-1337-468d-9f50-f5200629ca74
2025-05-22 15:25:20,689 INFO  storage.RaftStorageDirectory (RaftStorageDirectoryImpl.java:tryLock(229)) - Lock on /home/runner/work/ratis/ratis/ratis-examples/target/test/data/3b356627/MiniRaftClusterWithGrpcde84ffe6/s9/d9c6b7b0-1337-468d-9f50-f5200629ca74/in_use.lock acquired by nodename 6133@fv-az1337-961
2025-05-22 15:25:20,689 TRACE util.FileUtils (LogUtils.java:runAndLog(49)) - Successfully ran Files.createDirectories /home/runner/work/ratis/ratis/ratis-examples/target/test/data/3b356627/MiniRaftClusterWithGrpcde84ffe6/s9/d9c6b7b0-1337-468d-9f50-f5200629ca74/current
2025-05-22 15:25:20,689 TRACE util.FileUtils (LogUtils.java:runAndLog(49)) - Successfully ran Files.createDirectories /home/runner/work/ratis/ratis/ratis-examples/target/test/data/3b356627/MiniRaftClusterWithGrpcde84ffe6/s9/d9c6b7b0-1337-468d-9f50-f5200629ca74/sm
2025-05-22 15:25:20,690 TRACE util.FileUtils (LogUtils.java:supplyAndLog(69)) - Successfully supplied FileChannel.open /home/runner/work/ratis/ratis/ratis-examples/target/test/data/3b356627/MiniRaftClusterWithGrpcde84ffe6/s9/d9c6b7b0-1337-468d-9f50-f5200629ca74/current/raft-meta.tmp with options [CREATE, TRUNCATE_EXISTING, WRITE]: sun.nio.ch.FileChannelImpl@11eea8cb
2025-05-22 15:25:20,691 TRACE util.FileUtils (LogUtils.java:runAndLog(49)) - Successfully ran Atomic Files.move /home/runner/work/ratis/ratis/ratis-examples/target/test/data/3b356627/MiniRaftClusterWithGrpcde84ffe6/s9/d9c6b7b0-1337-468d-9f50-f5200629ca74/current/raft-meta.tmp to /home/runner/work/ratis/ratis/ratis-examples/target/test/data/3b356627/MiniRaftClusterWithGrpcde84ffe6/s9/d9c6b7b0-1337-468d-9f50-f5200629ca74/current/raft-meta with options [REPLACE_EXISTING]
2025-05-22 15:25:20,691 INFO  storage.RaftStorage (RaftStorageImpl.java:format(98)) - Storage directory /home/runner/work/ratis/ratis/ratis-examples/target/test/data/3b356627/MiniRaftClusterWithGrpcde84ffe6/s9/d9c6b7b0-1337-468d-9f50-f5200629ca74 has been successfully formatted.
2025-05-22 15:25:20,691 WARN  statemachine.StateMachine (ArithmeticStateMachine.java:loadSnapshot(115)) - The snapshot info is null.
2025-05-22 15:25:20,691 INFO  util.AwaitToRun (AwaitToRun.java:start(81)) - Thread[s9@group-F5200629CA74-cacheEviction-AwaitToRun,5,main] started
2025-05-22 15:25:20,692 INFO  segmented.SegmentedRaftLogWorker (SegmentedRaftLogWorker.java:<init>(191)) - new s9@group-F5200629CA74-SegmentedRaftLogWorker for RaftStorageImpl:Storage Directory /home/runner/work/ratis/ratis/ratis-examples/target/test/data/3b356627/MiniRaftClusterWithGrpcde84ffe6/s9/d9c6b7b0-1337-468d-9f50-f5200629ca74
2025-05-22 15:25:20,692 INFO  segmented.SegmentedRaftLogWorker (SegmentedRaftLogWorker.java:lambda$new$0(142)) - s9@group-F5200629CA74-SegmentedRaftLogWorker: flushIndex: setUnconditionally 0 -> -1
2025-05-22 15:25:20,692 INFO  segmented.SegmentedRaftLogWorker (SegmentedRaftLogWorker.java:lambda$new$0(142)) - s9@group-F5200629CA74-SegmentedRaftLogWorker: safeCacheEvictIndex: setUnconditionally 0 -> -1
2025-05-22 15:25:20,693 INFO  server.RaftServer$Division (RaftServerImpl.java:start(408)) - s9@group-F5200629CA74: start as a follower, conf=conf: {index: -1, cur=peers:[s7|0.0.0.0:15007, s8|0.0.0.0:15008, s9|0.0.0.0:15009]|listeners:[], old=null}
2025-05-22 15:25:20,693 INFO  server.RaftServer$Division (RaftServerImpl.java:setRole(395)) - s9@group-F5200629CA74: changes role from      null to FOLLOWER at term 0 for startAsFollower
2025-05-22 15:25:20,693 INFO  impl.RoleInfo (RoleInfo.java:updateAndGet(148)) - s9: start s9@group-F5200629CA74-FollowerState
2025-05-22 15:25:20,693 INFO  server.RaftServerConfigKeys (ConfUtils.java:logFallback(69)) - raft.server.rpc.first-election.timeout.min = 300ms (fallback to raft.server.rpc.timeout.min)
2025-05-22 15:25:20,693 INFO  server.RaftServerConfigKeys (ConfUtils.java:logFallback(69)) - raft.server.rpc.first-election.timeout.max = 600ms (fallback to raft.server.rpc.timeout.max)
2025-05-22 15:25:20,693 INFO  util.JmxRegister (JmxRegister.java:tryRegister(44)) - Successfully registered JMX Bean with object name Ratis:service=RaftServer,group=group-F5200629CA74,id=s9
2025-05-22 15:25:20,694 INFO  util.JmxRegister (JmxRegister.java:register(58)) - register mxBean class org.apache.ratis.server.impl.RaftServerJmxAdapter as Ratis:service=RaftServer,group=group-F5200629CA74,id=s9
2025-05-22 15:25:20,694 INFO  server.RaftServer$Division (RaftServerImpl.java:start(422)) - s9@group-F5200629CA74: Successfully started.
2025-05-22 15:25:20,697 INFO  ratis.RaftTestUtil (RaftTestUtil.java:waitForLeader(107)) - printing group-F5200629CA74
  s7:  RUNNING [
   FOLLOWER (RUNNING): s7@group-F5200629CA74:t0, leader=null, voted=, raftlog=Memoized:s7@group-F5200629CA74-SegmentedRaftLog:OPENED:c-1:lastnull, conf=conf: {index: -1, cur=peers:[s7|0.0.0.0:15007, s8|0.0.0.0:15008, s9|0.0.0.0:15009]|listeners:[], old=null}
   FOLLOWER (STARTING): s7@group-5CA96AA9335B:t0, leader=null, voted=, raftlog=Memoized:s7@group-5CA96AA9335B-SegmentedRaftLog:OPENED:c-1:lastnull, conf=conf: {index: -1, cur=peers:[]|listeners:[], old=null}] size=2
  s8:  RUNNING [
   FOLLOWER (RUNNING): s8@group-F5200629CA74:t0, leader=null, voted=, raftlog=Memoized:s8@group-F5200629CA74-SegmentedRaftLog:OPENED:c-1:lastnull, conf=conf: {index: -1, cur=peers:[s7|0.0.0.0:15007, s8|0.0.0.0:15008, s9|0.0.0.0:15009]|listeners:[], old=null}
   FOLLOWER (STARTING): s8@group-5CA96AA9335B:t0, leader=null, voted=, raftlog=Memoized:s8@group-5CA96AA9335B-SegmentedRaftLog:OPENED:c-1:lastnull, conf=conf: {index: -1, cur=peers:[]|listeners:[], old=null}] size=2
  s9:  RUNNING [
   FOLLOWER (RUNNING): s9@group-F5200629CA74:t0, leader=null, voted=, raftlog=Memoized:s9@group-F5200629CA74-SegmentedRaftLog:OPENED:c-1:lastnull, conf=conf: {index: -1, cur=peers:[s7|0.0.0.0:15007, s8|0.0.0.0:15008, s9|0.0.0.0:15009]|listeners:[], old=null}
   FOLLOWER (STARTING): s9@group-5CA96AA9335B:t0, leader=null, voted=, raftlog=Memoized:s9@group-5CA96AA9335B-SegmentedRaftLog:OPENED:c-1:lastnull, conf=conf: {index: -1, cur=peers:[]|listeners:[], old=null}] size=2
2025-05-22 15:25:20,698 WARN  ratis.RaftTestUtil (RaftTestUtil.java:lambda$waitForLeader$3(126)) - Attempt #1 failed: java.lang.IllegalStateException: No leader yet  for group-F5200629CA74: printing group-F5200629CA74
  s7:  RUNNING [
   FOLLOWER (RUNNING): s7@group-F5200629CA74:t0, leader=null, voted=, raftlog=Memoized:s7@group-F5200629CA74-SegmentedRaftLog:OPENED:c-1:lastnull, conf=conf: {index: -1, cur=peers:[s7|0.0.0.0:15007, s8|0.0.0.0:15008, s9|0.0.0.0:15009]|listeners:[], old=null}
   FOLLOWER (STARTING): s7@group-5CA96AA9335B:t0, leader=null, voted=, raftlog=Memoized:s7@group-5CA96AA9335B-SegmentedRaftLog:OPENED:c-1:lastnull, conf=conf: {index: -1, cur=peers:[]|listeners:[], old=null}] size=2
  s8:  RUNNING [
   FOLLOWER (RUNNING): s8@group-F5200629CA74:t0, leader=null, voted=, raftlog=Memoized:s8@group-F5200629CA74-SegmentedRaftLog:OPENED:c-1:lastnull, conf=conf: {index: -1, cur=peers:[s7|0.0.0.0:15007, s8|0.0.0.0:15008, s9|0.0.0.0:15009]|listeners:[], old=null}
   FOLLOWER (STARTING): s8@group-5CA96AA9335B:t0, leader=null, voted=, raftlog=Memoized:s8@group-5CA96AA9335B-SegmentedRaftLog:OPENED:c-1:lastnull, conf=conf: {index: -1, cur=peers:[]|listeners:[], old=null}] size=2
  s9:  RUNNING [
   FOLLOWER (RUNNING): s9@group-F5200629CA74:t0, leader=null, voted=, raftlog=Memoized:s9@group-F5200629CA74-SegmentedRaftLog:OPENED:c-1:lastnull, conf=conf: {index: -1, cur=peers:[s7|0.0.0.0:15007, s8|0.0.0.0:15008, s9|0.0.0.0:15009]|listeners:[], old=null}
   FOLLOWER (STARTING): s9@group-5CA96AA9335B:t0, leader=null, voted=, raftlog=Memoized:s9@group-5CA96AA9335B-SegmentedRaftLog:OPENED:c-1:lastnull, conf=conf: {index: -1, cur=peers:[]|listeners:[], old=null}] size=2
2025-05-22 15:25:20,972 INFO  impl.FollowerState (FollowerState.java:runImpl(161)) - s7@group-F5200629CA74-FollowerState: change to CANDIDATE, lastRpcElapsedTime:323348467ns, electionTimeout:322ms
2025-05-22 15:25:20,972 INFO  impl.RoleInfo (RoleInfo.java:shutdownFollowerState(121)) - s7: shutdown s7@group-F5200629CA74-FollowerState
2025-05-22 15:25:20,973 INFO  server.RaftServer$Division (RaftServerImpl.java:setRole(395)) - s7@group-F5200629CA74: changes role from  FOLLOWER to CANDIDATE at term 0 for changeToCandidate
2025-05-22 15:25:20,973 INFO  impl.RoleInfo (RoleInfo.java:updateAndGet(148)) - s7: start s7@group-F5200629CA74-LeaderElection19
2025-05-22 15:25:20,973 INFO  impl.LeaderElection (LeaderElection.java:askForVotes(448)) - s7@group-F5200629CA74-LeaderElection19 PRE_VOTE round 0: submit vote requests at term 0 for conf: {index: -1, cur=peers:[s7|0.0.0.0:15007, s8|0.0.0.0:15008, s9|0.0.0.0:15009]|listeners:[], old=null}
2025-05-22 15:25:20,974 INFO  server.GrpcServerProtocolClient (GrpcServerProtocolClient.java:<init>(65)) - Build channel for s8|0.0.0.0:15008
2025-05-22 15:25:20,975 INFO  server.RaftServerConfigKeys (ConfUtils.java:logFallback(69)) - raft.server.rpc.first-election.timeout.min = 300ms (fallback to raft.server.rpc.timeout.min)
2025-05-22 15:25:20,975 INFO  server.RaftServerConfigKeys (ConfUtils.java:logFallback(69)) - raft.server.rpc.first-election.timeout.max = 600ms (fallback to raft.server.rpc.timeout.max)
2025-05-22 15:25:20,975 INFO  server.GrpcServerProtocolClient (GrpcServerProtocolClient.java:<init>(65)) - Build channel for s9|0.0.0.0:15009
2025-05-22 15:25:20,979 INFO  server.RaftServer$Division (RaftServerImpl.java:requestVote(1475)) - s9@group-F5200629CA74: receive requestVote(PRE_VOTE, s7, group-F5200629CA74, 0, <PROTO_DEFAULT>)
2025-05-22 15:25:20,979 INFO  impl.VoteContext (VoteContext.java:log(49)) - s9@group-F5200629CA74-FOLLOWER: accept PRE_VOTE from s7: our priority 0 <= candidate's priority 0
2025-05-22 15:25:20,980 INFO  server.RaftServer$Division (RaftServerImpl.java:requestVote(1509)) - s9@group-F5200629CA74 replies to PRE_VOTE vote request: s7<-s9#0:OK-t0-last:<INITIAL_VALUE>. Peer's state: s9@group-F5200629CA74:t0, leader=null, voted=, raftlog=Memoized:s9@group-F5200629CA74-SegmentedRaftLog:OPENED:c-1:lastnull, conf=conf: {index: -1, cur=peers:[s7|0.0.0.0:15007, s8|0.0.0.0:15008, s9|0.0.0.0:15009]|listeners:[], old=null}
2025-05-22 15:25:20,982 INFO  server.RaftServer$Division (RaftServerImpl.java:requestVote(1475)) - s8@group-F5200629CA74: receive requestVote(PRE_VOTE, s7, group-F5200629CA74, 0, <PROTO_DEFAULT>)
2025-05-22 15:25:20,982 INFO  impl.VoteContext (VoteContext.java:log(49)) - s8@group-F5200629CA74-FOLLOWER: accept PRE_VOTE from s7: our priority 0 <= candidate's priority 0
2025-05-22 15:25:20,982 INFO  server.RaftServer$Division (RaftServerImpl.java:requestVote(1509)) - s8@group-F5200629CA74 replies to PRE_VOTE vote request: s7<-s8#0:OK-t0-last:<INITIAL_VALUE>. Peer's state: s8@group-F5200629CA74:t0, leader=null, voted=, raftlog=Memoized:s8@group-F5200629CA74-SegmentedRaftLog:OPENED:c-1:lastnull, conf=conf: {index: -1, cur=peers:[s7|0.0.0.0:15007, s8|0.0.0.0:15008, s9|0.0.0.0:15009]|listeners:[], old=null}
2025-05-22 15:25:20,984 INFO  impl.LeaderElection (LeaderElection.java:logAndReturn(206)) - s7@group-F5200629CA74-LeaderElection19: PRE_VOTE PASSED received 1 response(s) and 0 exception(s):
2025-05-22 15:25:20,984 INFO  impl.LeaderElection (LeaderElection.java:logAndReturn(210)) -   Response 0: s7<-s8#0:OK-t0-last:<INITIAL_VALUE>
2025-05-22 15:25:20,984 INFO  impl.LeaderElection (LeaderElection.java:askForVotes(450)) - s7@group-F5200629CA74-LeaderElection19 PRE_VOTE round 0: result PASSED
2025-05-22 15:25:20,985 TRACE util.FileUtils (LogUtils.java:supplyAndLog(69)) - Successfully supplied FileChannel.open /home/runner/work/ratis/ratis/ratis-examples/target/test/data/3b356627/MiniRaftClusterWithGrpcde84ffe6/s7/d9c6b7b0-1337-468d-9f50-f5200629ca74/current/raft-meta.tmp with options [CREATE, TRUNCATE_EXISTING, WRITE]: sun.nio.ch.FileChannelImpl@26c4bd1f
2025-05-22 15:25:20,986 TRACE util.FileUtils (LogUtils.java:runAndLog(49)) - Successfully ran Atomic Files.move /home/runner/work/ratis/ratis/ratis-examples/target/test/data/3b356627/MiniRaftClusterWithGrpcde84ffe6/s7/d9c6b7b0-1337-468d-9f50-f5200629ca74/current/raft-meta.tmp to /home/runner/work/ratis/ratis/ratis-examples/target/test/data/3b356627/MiniRaftClusterWithGrpcde84ffe6/s7/d9c6b7b0-1337-468d-9f50-f5200629ca74/current/raft-meta with options [REPLACE_EXISTING]
2025-05-22 15:25:20,986 INFO  impl.LeaderElection (LeaderElection.java:askForVotes(448)) - s7@group-F5200629CA74-LeaderElection19 ELECTION round 0: submit vote requests at term 1 for conf: {index: -1, cur=peers:[s7|0.0.0.0:15007, s8|0.0.0.0:15008, s9|0.0.0.0:15009]|listeners:[], old=null}
2025-05-22 15:25:20,987 INFO  server.RaftServerConfigKeys (ConfUtils.java:logFallback(69)) - raft.server.rpc.first-election.timeout.min = 300ms (fallback to raft.server.rpc.timeout.min)
2025-05-22 15:25:20,987 INFO  server.RaftServerConfigKeys (ConfUtils.java:logFallback(69)) - raft.server.rpc.first-election.timeout.max = 600ms (fallback to raft.server.rpc.timeout.max)
2025-05-22 15:25:20,988 INFO  server.RaftServer$Division (RaftServerImpl.java:requestVote(1475)) - s9@group-F5200629CA74: receive requestVote(ELECTION, s7, group-F5200629CA74, 1, <PROTO_DEFAULT>)
2025-05-22 15:25:20,988 INFO  impl.VoteContext (VoteContext.java:log(49)) - s9@group-F5200629CA74-FOLLOWER: accept ELECTION from s7: our priority 0 <= candidate's priority 0
2025-05-22 15:25:20,988 INFO  server.RaftServer$Division (RaftServerImpl.java:setRole(395)) - s9@group-F5200629CA74: changes role from  FOLLOWER to FOLLOWER at term 0 for candidate:s7
2025-05-22 15:25:20,988 INFO  impl.RoleInfo (RoleInfo.java:shutdownFollowerState(121)) - s9: shutdown s9@group-F5200629CA74-FollowerState
2025-05-22 15:25:20,989 INFO  impl.RoleInfo (RoleInfo.java:updateAndGet(148)) - s9: start s9@group-F5200629CA74-FollowerState
2025-05-22 15:25:20,989 INFO  server.RaftServer$Division (RaftServerImpl.java:requestVote(1475)) - s8@group-F5200629CA74: receive requestVote(ELECTION, s7, group-F5200629CA74, 1, <PROTO_DEFAULT>)
2025-05-22 15:25:20,989 INFO  impl.FollowerState (FollowerState.java:runImpl(170)) - s9@group-F5200629CA74-FollowerState was interrupted
2025-05-22 15:25:20,990 INFO  server.RaftServer$Division (RaftServerImpl.java:setFirstElection(579)) - s9@group-F5200629CA74: set firstElectionSinceStartup to false for candidate:s7
2025-05-22 15:25:20,991 INFO  impl.VoteContext (VoteContext.java:log(49)) - s8@group-F5200629CA74-FOLLOWER: accept ELECTION from s7: our priority 0 <= candidate's priority 0
2025-05-22 15:25:20,991 INFO  server.RaftServer$Division (RaftServerImpl.java:setRole(395)) - s8@group-F5200629CA74: changes role from  FOLLOWER to FOLLOWER at term 0 for candidate:s7
2025-05-22 15:25:20,991 INFO  impl.RoleInfo (RoleInfo.java:shutdownFollowerState(121)) - s8: shutdown s8@group-F5200629CA74-FollowerState
2025-05-22 15:25:20,991 TRACE util.FileUtils (LogUtils.java:supplyAndLog(69)) - Successfully supplied FileChannel.open /home/runner/work/ratis/ratis/ratis-examples/target/test/data/3b356627/MiniRaftClusterWithGrpcde84ffe6/s9/d9c6b7b0-1337-468d-9f50-f5200629ca74/current/raft-meta.tmp with options [CREATE, TRUNCATE_EXISTING, WRITE]: sun.nio.ch.FileChannelImpl@3bc1e1b1
2025-05-22 15:25:20,993 INFO  impl.RoleInfo (RoleInfo.java:updateAndGet(148)) - s8: start s8@group-F5200629CA74-FollowerState
2025-05-22 15:25:20,993 TRACE util.FileUtils (LogUtils.java:runAndLog(49)) - Successfully ran Atomic Files.move /home/runner/work/ratis/ratis/ratis-examples/target/test/data/3b356627/MiniRaftClusterWithGrpcde84ffe6/s9/d9c6b7b0-1337-468d-9f50-f5200629ca74/current/raft-meta.tmp to /home/runner/work/ratis/ratis/ratis-examples/target/test/data/3b356627/MiniRaftClusterWithGrpcde84ffe6/s9/d9c6b7b0-1337-468d-9f50-f5200629ca74/current/raft-meta with options [REPLACE_EXISTING]
2025-05-22 15:25:20,993 INFO  server.RaftServer$Division (RaftServerImpl.java:setFirstElection(579)) - s8@group-F5200629CA74: set firstElectionSinceStartup to false for candidate:s7
2025-05-22 15:25:20,993 INFO  server.RaftServer$Division (RaftServerImpl.java:requestVote(1509)) - s9@group-F5200629CA74 replies to ELECTION vote request: s7<-s9#0:OK-t1-last:<INITIAL_VALUE>. Peer's state: s9@group-F5200629CA74:t1, leader=null, voted=s7, raftlog=Memoized:s9@group-F5200629CA74-SegmentedRaftLog:OPENED:c-1:lastnull, conf=conf: {index: -1, cur=peers:[s7|0.0.0.0:15007, s8|0.0.0.0:15008, s9|0.0.0.0:15009]|listeners:[], old=null}
2025-05-22 15:25:20,993 TRACE util.FileUtils (LogUtils.java:supplyAndLog(69)) - Successfully supplied FileChannel.open /home/runner/work/ratis/ratis/ratis-examples/target/test/data/3b356627/MiniRaftClusterWithGrpcde84ffe6/s8/d9c6b7b0-1337-468d-9f50-f5200629ca74/current/raft-meta.tmp with options [CREATE, TRUNCATE_EXISTING, WRITE]: sun.nio.ch.FileChannelImpl@5b75084d
2025-05-22 15:25:20,993 INFO  impl.FollowerState (FollowerState.java:runImpl(170)) - s8@group-F5200629CA74-FollowerState was interrupted
2025-05-22 15:25:20,994 INFO  impl.LeaderElection (LeaderElection.java:logAndReturn(206)) - s7@group-F5200629CA74-LeaderElection19: ELECTION PASSED received 1 response(s) and 0 exception(s):
2025-05-22 15:25:20,994 INFO  impl.LeaderElection (LeaderElection.java:logAndReturn(210)) -   Response 0: s7<-s9#0:OK-t1-last:<INITIAL_VALUE>
2025-05-22 15:25:20,994 INFO  impl.LeaderElection (LeaderElection.java:askForVotes(450)) - s7@group-F5200629CA74-LeaderElection19 ELECTION round 0: result PASSED
2025-05-22 15:25:20,995 TRACE util.FileUtils (LogUtils.java:runAndLog(49)) - Successfully ran Atomic Files.move /home/runner/work/ratis/ratis/ratis-examples/target/test/data/3b356627/MiniRaftClusterWithGrpcde84ffe6/s8/d9c6b7b0-1337-468d-9f50-f5200629ca74/current/raft-meta.tmp to /home/runner/work/ratis/ratis/ratis-examples/target/test/data/3b356627/MiniRaftClusterWithGrpcde84ffe6/s8/d9c6b7b0-1337-468d-9f50-f5200629ca74/current/raft-meta with options [REPLACE_EXISTING]
2025-05-22 15:25:20,995 INFO  server.RaftServer$Division (RaftServerImpl.java:requestVote(1509)) - s8@group-F5200629CA74 replies to ELECTION vote request: s7<-s8#0:OK-t1-last:<INITIAL_VALUE>. Peer's state: s8@group-F5200629CA74:t1, leader=null, voted=s7, raftlog=Memoized:s8@group-F5200629CA74-SegmentedRaftLog:OPENED:c-1:lastnull, conf=conf: {index: -1, cur=peers:[s7|0.0.0.0:15007, s8|0.0.0.0:15008, s9|0.0.0.0:15009]|listeners:[], old=null}
2025-05-22 15:25:20,996 INFO  impl.RoleInfo (RoleInfo.java:shutdownLeaderElection(141)) - s7: shutdown s7@group-F5200629CA74-LeaderElection19
2025-05-22 15:25:20,996 INFO  server.RaftServer$Division (RaftServerImpl.java:setRole(395)) - s7@group-F5200629CA74: changes role from CANDIDATE to LEADER at term 1 for changeToLeader
2025-05-22 15:25:20,996 INFO  server.RaftServerConfigKeys (ConfUtils.java:logFallback(69)) - raft.server.staging.timeout = 1800ms (fallback to raft.server.rpc.timeout.max)
2025-05-22 15:25:20,997 INFO  impl.RoleInfo (RoleInfo.java:updateAndGet(148)) - s7: start s7@group-F5200629CA74-LeaderStateImpl
2025-05-22 15:25:20,997 INFO  server.RaftServer$Division (RaftServerImpl.java:setFirstElection(579)) - s7@group-F5200629CA74: set firstElectionSinceStartup to false for becomeLeader
2025-05-22 15:25:20,997 INFO  server.RaftServer$Division (ServerState.java:setLeader(272)) - s7@group-F5200629CA74: change Leader from null to s7 at term 1 for becomeLeader, leader elected after 355ms
2025-05-22 15:25:20,998 INFO  segmented.SegmentedRaftLogWorker (SegmentedRaftLogWorker.java:startLogSegment(445)) - s7@group-F5200629CA74-SegmentedRaftLogWorker: Starting segment from index:0
2025-05-22 15:25:20,998 INFO  segmented.BufferedWriteChannel (BufferedWriteChannel.java:open(61)) - open log_inprogress_0 at position 0
2025-05-22 15:25:20,999 INFO  server.RaftServer$Division (ServerState.java:setRaftConf(386)) - s7@group-F5200629CA74: set configuration conf: {index: 0, cur=peers:[s7|0.0.0.0:15007, s8|0.0.0.0:15008, s9|0.0.0.0:15009]|listeners:[], old=null}
2025-05-22 15:25:21,006 INFO  server.RaftServer$Division (ServerState.java:setLeader(272)) - s9@group-F5200629CA74: change Leader from null to s7 at term 1 for appendEntries, leader elected after 318ms
2025-05-22 15:25:21,007 INFO  segmented.SegmentedRaftLogWorker (SegmentedRaftLogWorker.java:execute(669)) - s7@group-F5200629CA74-SegmentedRaftLogWorker: created new log segment /home/runner/work/ratis/ratis/ratis-examples/target/test/data/3b356627/MiniRaftClusterWithGrpcde84ffe6/s7/d9c6b7b0-1337-468d-9f50-f5200629ca74/current/log_inprogress_0
2025-05-22 15:25:21,008 INFO  server.RaftServer$Division (ServerState.java:setLeader(272)) - s8@group-F5200629CA74: change Leader from null to s7 at term 1 for appendEntries, leader elected after 343ms
2025-05-22 15:25:21,011 INFO  server.RaftServer$Division (ServerState.java:setRaftConf(386)) - s9@group-F5200629CA74: set configuration conf: {index: 0, cur=peers:[s7|0.0.0.0:15007, s8|0.0.0.0:15008, s9|0.0.0.0:15009]|listeners:[], old=null}
2025-05-22 15:25:21,012 INFO  segmented.SegmentedRaftLogWorker (SegmentedRaftLogWorker.java:startLogSegment(445)) - s9@group-F5200629CA74-SegmentedRaftLogWorker: Starting segment from index:0
2025-05-22 15:25:21,012 INFO  segmented.BufferedWriteChannel (BufferedWriteChannel.java:open(61)) - open log_inprogress_0 at position 0
2025-05-22 15:25:21,014 INFO  server.RaftServer$Division (ServerState.java:setRaftConf(386)) - s8@group-F5200629CA74: set configuration conf: {index: 0, cur=peers:[s7|0.0.0.0:15007, s8|0.0.0.0:15008, s9|0.0.0.0:15009]|listeners:[], old=null}
2025-05-22 15:25:21,014 INFO  segmented.SegmentedRaftLogWorker (SegmentedRaftLogWorker.java:startLogSegment(445)) - s8@group-F5200629CA74-SegmentedRaftLogWorker: Starting segment from index:0
2025-05-22 15:25:21,015 INFO  segmented.BufferedWriteChannel (BufferedWriteChannel.java:open(61)) - open log_inprogress_0 at position 0
2025-05-22 15:25:21,024 INFO  segmented.SegmentedRaftLogWorker (SegmentedRaftLogWorker.java:execute(669)) - s9@group-F5200629CA74-SegmentedRaftLogWorker: created new log segment /home/runner/work/ratis/ratis/ratis-examples/target/test/data/3b356627/MiniRaftClusterWithGrpcde84ffe6/s9/d9c6b7b0-1337-468d-9f50-f5200629ca74/current/log_inprogress_0
2025-05-22 15:25:21,025 INFO  segmented.SegmentedRaftLogWorker (SegmentedRaftLogWorker.java:execute(669)) - s8@group-F5200629CA74-SegmentedRaftLogWorker: created new log segment /home/runner/work/ratis/ratis/ratis-examples/target/test/data/3b356627/MiniRaftClusterWithGrpcde84ffe6/s8/d9c6b7b0-1337-468d-9f50-f5200629ca74/current/log_inprogress_0
2025-05-22 15:25:21,027 TRACE util.FileUtils (LogUtils.java:supplyAndLog(69)) - Successfully supplied FileChannel.open /home/runner/work/ratis/ratis/ratis-examples/target/test/data/3b356627/MiniRaftClusterWithGrpcde84ffe6/s7/d9c6b7b0-1337-468d-9f50-f5200629ca74/current/raft-meta.conf.tmp with options [CREATE, TRUNCATE_EXISTING, WRITE]: sun.nio.ch.FileChannelImpl@5fc2aef2
2025-05-22 15:25:21,029 TRACE util.FileUtils (LogUtils.java:runAndLog(49)) - Successfully ran Atomic Files.move /home/runner/work/ratis/ratis/ratis-examples/target/test/data/3b356627/MiniRaftClusterWithGrpcde84ffe6/s7/d9c6b7b0-1337-468d-9f50-f5200629ca74/current/raft-meta.conf.tmp to /home/runner/work/ratis/ratis/ratis-examples/target/test/data/3b356627/MiniRaftClusterWithGrpcde84ffe6/s7/d9c6b7b0-1337-468d-9f50-f5200629ca74/current/raft-meta.conf with options [REPLACE_EXISTING]
2025-05-22 15:25:21,029 INFO  server.RaftServer$Division (LeaderStateImpl.java:checkStartIndex(310)) - Leader s7@group-F5200629CA74-LeaderStateImpl is ready since appliedIndex == startIndex == 0
2025-05-22 15:25:21,177 TRACE util.FileUtils (LogUtils.java:supplyAndLog(69)) - Successfully supplied FileChannel.open /home/runner/work/ratis/ratis/ratis-examples/target/test/data/3b356627/MiniRaftClusterWithGrpcde84ffe6/s9/d9c6b7b0-1337-468d-9f50-f5200629ca74/current/raft-meta.conf.tmp with options [CREATE, TRUNCATE_EXISTING, WRITE]: sun.nio.ch.FileChannelImpl@18946b79
2025-05-22 15:25:21,178 TRACE util.FileUtils (LogUtils.java:supplyAndLog(69)) - Successfully supplied FileChannel.open /home/runner/work/ratis/ratis/ratis-examples/target/test/data/3b356627/MiniRaftClusterWithGrpcde84ffe6/s8/d9c6b7b0-1337-468d-9f50-f5200629ca74/current/raft-meta.conf.tmp with options [CREATE, TRUNCATE_EXISTING, WRITE]: sun.nio.ch.FileChannelImpl@5725403c
2025-05-22 15:25:21,179 TRACE util.FileUtils (LogUtils.java:runAndLog(49)) - Successfully ran Atomic Files.move /home/runner/work/ratis/ratis/ratis-examples/target/test/data/3b356627/MiniRaftClusterWithGrpcde84ffe6/s9/d9c6b7b0-1337-468d-9f50-f5200629ca74/current/raft-meta.conf.tmp to /home/runner/work/ratis/ratis/ratis-examples/target/test/data/3b356627/MiniRaftClusterWithGrpcde84ffe6/s9/d9c6b7b0-1337-468d-9f50-f5200629ca74/current/raft-meta.conf with options [REPLACE_EXISTING]
2025-05-22 15:25:21,180 TRACE util.FileUtils (LogUtils.java:runAndLog(49)) - Successfully ran Atomic Files.move /home/runner/work/ratis/ratis/ratis-examples/target/test/data/3b356627/MiniRaftClusterWithGrpcde84ffe6/s8/d9c6b7b0-1337-468d-9f50-f5200629ca74/current/raft-meta.conf.tmp to /home/runner/work/ratis/ratis/ratis-examples/target/test/data/3b356627/MiniRaftClusterWithGrpcde84ffe6/s8/d9c6b7b0-1337-468d-9f50-f5200629ca74/current/raft-meta.conf with options [REPLACE_EXISTING]
2025-05-22 15:25:21,598 INFO  ratis.RaftTestUtil (RaftTestUtil.java:waitForLeader(131)) - printing group-F5200629CA74
  s7:  RUNNING [
     LEADER (RUNNING): s7@group-F5200629CA74:t1, leader=s7, voted=s7, raftlog=Memoized:s7@group-F5200629CA74-SegmentedRaftLog:OPENED:c0:last(t:1, i:0), conf=conf: {index: 0, cur=peers:[s7|0.0.0.0:15007, s8|0.0.0.0:15008, s9|0.0.0.0:15009]|listeners:[], old=null}
   FOLLOWER (STARTING): s7@group-5CA96AA9335B:t0, leader=null, voted=, raftlog=Memoized:s7@group-5CA96AA9335B-SegmentedRaftLog:OPENED:c-1:lastnull, conf=conf: {index: -1, cur=peers:[]|listeners:[], old=null}] size=2
  s8:  RUNNING [
   FOLLOWER (RUNNING): s8@group-F5200629CA74:t1, leader=s7, voted=s7, raftlog=Memoized:s8@group-F5200629CA74-SegmentedRaftLog:OPENED:c0:last(t:1, i:0), conf=conf: {index: 0, cur=peers:[s7|0.0.0.0:15007, s8|0.0.0.0:15008, s9|0.0.0.0:15009]|listeners:[], old=null}
   FOLLOWER (STARTING): s8@group-5CA96AA9335B:t0, leader=null, voted=, raftlog=Memoized:s8@group-5CA96AA9335B-SegmentedRaftLog:OPENED:c-1:lastnull, conf=conf: {index: -1, cur=peers:[]|listeners:[], old=null}] size=2
  s9:  RUNNING [
   FOLLOWER (RUNNING): s9@group-F5200629CA74:t1, leader=s7, voted=s7, raftlog=Memoized:s9@group-F5200629CA74-SegmentedRaftLog:OPENED:c0:last(t:1, i:0), conf=conf: {index: 0, cur=peers:[s7|0.0.0.0:15007, s8|0.0.0.0:15008, s9|0.0.0.0:15009]|listeners:[], old=null}
   FOLLOWER (STARTING): s9@group-5CA96AA9335B:t0, leader=null, voted=, raftlog=Memoized:s9@group-5CA96AA9335B-SegmentedRaftLog:OPENED:c-1:lastnull, conf=conf: {index: -1, cur=peers:[]|listeners:[], old=null}] size=2
2025-05-22 15:25:21,606 INFO  statemachine.StateMachine (ArithmeticStateMachine.java:applyTransaction(181)) - LEADER:s7-1: a = 83 = 83
2025-05-22 15:25:21,610 INFO  statemachine.StateMachine (ArithmeticStateMachine.java:applyTransaction(181)) - LEADER:s7-3: b = 3444 = 3444
2025-05-22 15:25:21,614 INFO  statemachine.StateMachine (ArithmeticStateMachine.java:applyTransaction(181)) - LEADER:s7-5: c = √(a^2 + b^2) = 3445
2025-05-22 15:25:21,618 INFO  statemachine.StateMachine (ArithmeticStateMachine.java:applyTransaction(181)) - LEADER:s7-7: a = null = null
2025-05-22 15:25:21,621 INFO  statemachine.StateMachine (ArithmeticStateMachine.java:applyTransaction(181)) - LEADER:s7-9: b = null = null
2025-05-22 15:25:21,624 INFO  statemachine.StateMachine (ArithmeticStateMachine.java:applyTransaction(181)) - LEADER:s7-11: c = null = null
2025-05-22 15:25:21,628 INFO  statemachine.StateMachine (ArithmeticStateMachine.java:applyTransaction(181)) - LEADER:s7-13: a = 85 = 85
2025-05-22 15:25:21,631 INFO  statemachine.StateMachine (ArithmeticStateMachine.java:applyTransaction(181)) - LEADER:s7-15: b = 3612 = 3612
2025-05-22 15:25:21,636 INFO  statemachine.StateMachine (ArithmeticStateMachine.java:applyTransaction(181)) - LEADER:s7-17: c = √(a^2 + b^2) = 3613
2025-05-22 15:25:21,639 INFO  statemachine.StateMachine (ArithmeticStateMachine.java:applyTransaction(181)) - LEADER:s7-19: a = null = null
2025-05-22 15:25:21,643 INFO  statemachine.StateMachine (ArithmeticStateMachine.java:applyTransaction(181)) - LEADER:s7-21: b = null = null
2025-05-22 15:25:21,646 INFO  statemachine.StateMachine (ArithmeticStateMachine.java:applyTransaction(181)) - LEADER:s7-23: c = null = null
2025-05-22 15:25:21,650 INFO  statemachine.StateMachine (ArithmeticStateMachine.java:applyTransaction(181)) - LEADER:s7-25: a = 87 = 87
2025-05-22 15:25:21,655 INFO  statemachine.StateMachine (ArithmeticStateMachine.java:applyTransaction(181)) - LEADER:s7-27: b = 3784 = 3784
2025-05-22 15:25:21,659 INFO  statemachine.StateMachine (ArithmeticStateMachine.java:applyTransaction(181)) - LEADER:s7-29: c = √(a^2 + b^2) = 3785
2025-05-22 15:25:21,663 INFO  statemachine.StateMachine (ArithmeticStateMachine.java:applyTransaction(181)) - LEADER:s7-31: a = null = null
2025-05-22 15:25:21,669 INFO  statemachine.StateMachine (ArithmeticStateMachine.java:applyTransaction(181)) - LEADER:s7-33: b = null = null
2025-05-22 15:25:21,672 INFO  statemachine.StateMachine (ArithmeticStateMachine.java:applyTransaction(181)) - LEADER:s7-35: c = null = null
2025-05-22 15:25:21,676 INFO  statemachine.StateMachine (ArithmeticStateMachine.java:applyTransaction(181)) - LEADER:s7-37: a = 89 = 89
2025-05-22 15:25:21,680 INFO  statemachine.StateMachine (ArithmeticStateMachine.java:applyTransaction(181)) - LEADER:s7-39: b = 3960 = 3960
2025-05-22 15:25:21,684 INFO  statemachine.StateMachine (ArithmeticStateMachine.java:applyTransaction(181)) - LEADER:s7-41: c = √(a^2 + b^2) = 3961
2025-05-22 15:25:21,690 INFO  statemachine.StateMachine (ArithmeticStateMachine.java:applyTransaction(181)) - LEADER:s7-43: a = null = null
2025-05-22 15:25:21,694 INFO  statemachine.StateMachine (ArithmeticStateMachine.java:applyTransaction(181)) - LEADER:s7-45: b = null = null
2025-05-22 15:25:21,698 INFO  statemachine.StateMachine (ArithmeticStateMachine.java:applyTransaction(181)) - LEADER:s7-47: c = null = null
2025-05-22 15:25:21,702 INFO  statemachine.StateMachine (ArithmeticStateMachine.java:applyTransaction(181)) - LEADER:s7-49: a = 91 = 91
2025-05-22 15:25:21,706 INFO  statemachine.StateMachine (ArithmeticStateMachine.java:applyTransaction(181)) - LEADER:s7-51: b = 4140 = 4140
2025-05-22 15:25:21,710 INFO  statemachine.StateMachine (ArithmeticStateMachine.java:applyTransaction(181)) - LEADER:s7-53: c = √(a^2 + b^2) = 4141
2025-05-22 15:25:21,713 INFO  statemachine.StateMachine (ArithmeticStateMachine.java:applyTransaction(181)) - LEADER:s7-55: a = null = null
2025-05-22 15:25:21,717 INFO  statemachine.StateMachine (ArithmeticStateMachine.java:applyTransaction(181)) - LEADER:s7-57: b = null = null
2025-05-22 15:25:21,722 INFO  statemachine.StateMachine (ArithmeticStateMachine.java:applyTransaction(181)) - LEADER:s7-59: c = null = null
2025-05-22 15:25:21,726 INFO  statemachine.StateMachine (ArithmeticStateMachine.java:applyTransaction(181)) - LEADER:s7-61: a = 93 = 93
2025-05-22 15:25:21,729 INFO  statemachine.StateMachine (ArithmeticStateMachine.java:applyTransaction(181)) - LEADER:s7-63: b = 4324 = 4324
2025-05-22 15:25:21,734 INFO  statemachine.StateMachine (ArithmeticStateMachine.java:applyTransaction(181)) - LEADER:s7-65: c = √(a^2 + b^2) = 4325
2025-05-22 15:25:21,738 INFO  statemachine.StateMachine (ArithmeticStateMachine.java:applyTransaction(181)) - LEADER:s7-67: a = null = null
2025-05-22 15:25:21,742 INFO  statemachine.StateMachine (ArithmeticStateMachine.java:applyTransaction(181)) - LEADER:s7-69: b = null = null
2025-05-22 15:25:21,746 INFO  statemachine.StateMachine (ArithmeticStateMachine.java:applyTransaction(181)) - LEADER:s7-71: c = null = null
2025-05-22 15:25:21,750 INFO  statemachine.StateMachine (ArithmeticStateMachine.java:applyTransaction(181)) - LEADER:s7-73: a = 95 = 95
2025-05-22 15:25:21,756 INFO  statemachine.StateMachine (ArithmeticStateMachine.java:applyTransaction(181)) - LEADER:s7-75: b = 4512 = 4512
2025-05-22 15:25:21,760 INFO  statemachine.StateMachine (ArithmeticStateMachine.java:applyTransaction(181)) - LEADER:s7-77: c = √(a^2 + b^2) = 4513
2025-05-22 15:25:21,764 INFO  statemachine.StateMachine (ArithmeticStateMachine.java:applyTransaction(181)) - LEADER:s7-79: a = null = null
2025-05-22 15:25:21,769 INFO  statemachine.StateMachine (ArithmeticStateMachine.java:applyTransaction(181)) - LEADER:s7-81: b = null = null
2025-05-22 15:25:21,774 INFO  statemachine.StateMachine (ArithmeticStateMachine.java:applyTransaction(181)) - LEADER:s7-83: c = null = null
2025-05-22 15:25:21,777 INFO  statemachine.StateMachine (ArithmeticStateMachine.java:applyTransaction(181)) - LEADER:s7-85: a = 97 = 97
2025-05-22 15:25:21,781 INFO  statemachine.StateMachine (ArithmeticStateMachine.java:applyTransaction(181)) - LEADER:s7-87: b = 4704 = 4704
2025-05-22 15:25:21,785 INFO  statemachine.StateMachine (ArithmeticStateMachine.java:applyTransaction(181)) - LEADER:s7-89: c = √(a^2 + b^2) = 4705
2025-05-22 15:25:21,790 INFO  statemachine.StateMachine (ArithmeticStateMachine.java:applyTransaction(181)) - LEADER:s7-91: a = null = null
2025-05-22 15:25:21,793 INFO  statemachine.StateMachine (ArithmeticStateMachine.java:applyTransaction(181)) - LEADER:s7-93: b = null = null
2025-05-22 15:25:21,797 INFO  statemachine.StateMachine (ArithmeticStateMachine.java:applyTransaction(181)) - LEADER:s7-95: c = null = null
2025-05-22 15:25:21,801 INFO  statemachine.StateMachine (ArithmeticStateMachine.java:applyTransaction(181)) - LEADER:s7-97: a = 99 = 99
2025-05-22 15:25:21,804 INFO  statemachine.StateMachine (ArithmeticStateMachine.java:applyTransaction(181)) - LEADER:s7-99: b = 4900 = 4900
2025-05-22 15:25:21,808 INFO  statemachine.StateMachine (ArithmeticStateMachine.java:applyTransaction(181)) - LEADER:s7-101: c = √(a^2 + b^2) = 4901
2025-05-22 15:25:21,812 INFO  statemachine.StateMachine (ArithmeticStateMachine.java:applyTransaction(181)) - LEADER:s7-103: a = null = null
2025-05-22 15:25:21,816 INFO  statemachine.StateMachine (ArithmeticStateMachine.java:applyTransaction(181)) - LEADER:s7-105: b = null = null
2025-05-22 15:25:21,819 INFO  statemachine.StateMachine (ArithmeticStateMachine.java:applyTransaction(181)) - LEADER:s7-107: c = null = null
2025-05-22 15:25:21,823 INFO  statemachine.StateMachine (ArithmeticStateMachine.java:applyTransaction(181)) - LEADER:s7-109: a = 101 = 101
2025-05-22 15:25:21,827 INFO  statemachine.StateMachine (ArithmeticStateMachine.java:applyTransaction(181)) - LEADER:s7-111: b = 5100 = 5100
2025-05-22 15:25:21,830 INFO  statemachine.StateMachine (ArithmeticStateMachine.java:applyTransaction(181)) - LEADER:s7-113: c = √(a^2 + b^2) = 5101
2025-05-22 15:25:21,833 INFO  statemachine.StateMachine (ArithmeticStateMachine.java:applyTransaction(181)) - LEADER:s7-115: a = null = null
2025-05-22 15:25:21,836 INFO  statemachine.StateMachine (ArithmeticStateMachine.java:applyTransaction(181)) - LEADER:s7-117: b = null = null
2025-05-22 15:25:21,839 INFO  statemachine.StateMachine (ArithmeticStateMachine.java:applyTransaction(181)) - LEADER:s7-119: c = null = null
| MiniRaftClusterWithGrpc[3, 6, 9, 12, 15]chosen=2 | start groups | 222 |
2025-05-22 15:25:21,845 INFO  impl.GroupManagementBaseTest (GroupManagementBaseTest.java:runMultiGroupTest(293)) - start groups: printing ALL groups
  s3:  RUNNING [
   FOLLOWER (STARTING): s3@group-5CA96AA9335B:t0, leader=null, voted=, raftlog=Memoized:s3@group-5CA96AA9335B-SegmentedRaftLog:OPENED:c-1:lastnull, conf=conf: {index: -1, cur=peers:[]|listeners:[], old=null}
   FOLLOWER (RUNNING): s3@group-171B122E1842:t1, leader=s14, voted=s14, raftlog=Memoized:s3@group-171B122E1842-SegmentedRaftLog:OPENED:c120:last(t:1, i:120), conf=conf: {index: 0, cur=peers:[s3|0.0.0.0:15003, s14|0.0.0.0:15014, s2|0.0.0.0:15002]|listeners:[], old=null}] size=2
  s4:  RUNNING [
   FOLLOWER (RUNNING): s4@group-627EA8FBA030:t1, leader=s6, voted=s6, raftlog=Memoized:s4@group-627EA8FBA030-SegmentedRaftLog:OPENED:c120:last(t:1, i:120), conf=conf: {index: 0, cur=peers:[s4|0.0.0.0:15004, s5|0.0.0.0:15005, s6|0.0.0.0:15006]|listeners:[], old=null}
   FOLLOWER (STARTING): s4@group-5CA96AA9335B:t0, leader=null, voted=, raftlog=Memoized:s4@group-5CA96AA9335B-SegmentedRaftLog:OPENED:c-1:lastnull, conf=conf: {index: -1, cur=peers:[]|listeners:[], old=null}] size=2
  s5:  RUNNING [
   FOLLOWER (RUNNING): s5@group-627EA8FBA030:t1, leader=s6, voted=s6, raftlog=Memoized:s5@group-627EA8FBA030-SegmentedRaftLog:OPENED:c120:last(t:1, i:120), conf=conf: {index: 0, cur=peers:[s4|0.0.0.0:15004, s5|0.0.0.0:15005, s6|0.0.0.0:15006]|listeners:[], old=null}
   FOLLOWER (STARTING): s5@group-5CA96AA9335B:t0, leader=null, voted=, raftlog=Memoized:s5@group-5CA96AA9335B-SegmentedRaftLog:OPENED:c-1:lastnull, conf=conf: {index: -1, cur=peers:[]|listeners:[], old=null}] size=2
  s6:  RUNNING [
     LEADER (RUNNING): s6@group-627EA8FBA030:t1, leader=s6, voted=s6, raftlog=Memoized:s6@group-627EA8FBA030-SegmentedRaftLog:OPENED:c120:last(t:1, i:120), conf=conf: {index: 0, cur=peers:[s4|0.0.0.0:15004, s5|0.0.0.0:15005, s6|0.0.0.0:15006]|listeners:[], old=null}
   FOLLOWER (STARTING): s6@group-5CA96AA9335B:t0, leader=null, voted=, raftlog=Memoized:s6@group-5CA96AA9335B-SegmentedRaftLog:OPENED:c-1:lastnull, conf=conf: {index: -1, cur=peers:[]|listeners:[], old=null}] size=2
  s7:  RUNNING [
     LEADER (RUNNING): s7@group-F5200629CA74:t1, leader=s7, voted=s7, raftlog=Memoized:s7@group-F5200629CA74-SegmentedRaftLog:OPENED:c120:last(t:1, i:120), conf=conf: {index: 0, cur=peers:[s7|0.0.0.0:15007, s8|0.0.0.0:15008, s9|0.0.0.0:15009]|listeners:[], old=null}
   FOLLOWER (STARTING): s7@group-5CA96AA9335B:t0, leader=null, voted=, raftlog=Memoized:s7@group-5CA96AA9335B-SegmentedRaftLog:OPENED:c-1:lastnull, conf=conf: {index: -1, cur=peers:[]|listeners:[], old=null}] size=2
  s8:  RUNNING [
   FOLLOWER (RUNNING): s8@group-F5200629CA74:t1, leader=s7, voted=s7, raftlog=Memoized:s8@group-F5200629CA74-SegmentedRaftLog:OPENED:c119:last(t:1, i:120), conf=conf: {index: 0, cur=peers:[s7|0.0.0.0:15007, s8|0.0.0.0:15008, s9|0.0.0.0:15009]|listeners:[], old=null}
   FOLLOWER (STARTING): s8@group-5CA96AA9335B:t0, leader=null, voted=, raftlog=Memoized:s8@group-5CA96AA9335B-SegmentedRaftLog:OPENED:c-1:lastnull, conf=conf: {index: -1, cur=peers:[]|listeners:[], old=null}] size=2
  s9:  RUNNING [
   FOLLOWER (RUNNING): s9@group-F5200629CA74:t1, leader=s7, voted=s7, raftlog=Memoized:s9@group-F5200629CA74-SegmentedRaftLog:OPENED:c119:last(t:1, i:120), conf=conf: {index: 0, cur=peers:[s7|0.0.0.0:15007, s8|0.0.0.0:15008, s9|0.0.0.0:15009]|listeners:[], old=null}
   FOLLOWER (STARTING): s9@group-5CA96AA9335B:t0, leader=null, voted=, raftlog=Memoized:s9@group-5CA96AA9335B-SegmentedRaftLog:OPENED:c-1:lastnull, conf=conf: {index: -1, cur=peers:[]|listeners:[], old=null}] size=2
  s11:  RUNNING [
   FOLLOWER (STARTING): s11@group-5CA96AA9335B:t0, leader=null, voted=, raftlog=Memoized:s11@group-5CA96AA9335B-SegmentedRaftLog:OPENED:c-1:lastnull, conf=conf: {index: -1, cur=peers:[]|listeners:[], old=null}
     LEADER (RUNNING): s11@group-BEB040E247F1:t1, leader=s11, voted=s11, raftlog=Memoized:s11@group-BEB040E247F1-SegmentedRaftLog:OPENED:c120:last(t:1, i:120), conf=conf: {index: 0, cur=peers:[s11|0.0.0.0:15011, s13|0.0.0.0:15013, s12|0.0.0.0:15012]|listeners:[], old=null}] size=2
  s10:  RUNNING [
   FOLLOWER (STARTING): s10@group-5CA96AA9335B:t0, leader=null, voted=, raftlog=Memoized:s10@group-5CA96AA9335B-SegmentedRaftLog:OPENED:c-1:lastnull, conf=conf: {index: -1, cur=peers:[]|listeners:[], old=null}
   FOLLOWER (RUNNING): s10@group-B21D4752B5F9:t1, leader=s0, voted=s0, raftlog=Memoized:s10@group-B21D4752B5F9-SegmentedRaftLog:OPENED:c120:last(t:1, i:120), conf=conf: {index: 0, cur=peers:[s10|0.0.0.0:15010, s0|0.0.0.0:15000, s1|0.0.0.0:15001]|listeners:[], old=null}] size=2
  s13:  RUNNING [
   FOLLOWER (STARTING): s13@group-5CA96AA9335B:t0, leader=null, voted=, raftlog=Memoized:s13@group-5CA96AA9335B-SegmentedRaftLog:OPENED:c-1:lastnull, conf=conf: {index: -1, cur=peers:[]|listeners:[], old=null}
   FOLLOWER (RUNNING): s13@group-BEB040E247F1:t1, leader=s11, voted=s11, raftlog=Memoized:s13@group-BEB040E247F1-SegmentedRaftLog:OPENED:c120:last(t:1, i:120), conf=conf: {index: 0, cur=peers:[s11|0.0.0.0:15011, s13|0.0.0.0:15013, s12|0.0.0.0:15012]|listeners:[], old=null}] size=2
  s12:  RUNNING [
   FOLLOWER (STARTING): s12@group-5CA96AA9335B:t0, leader=null, voted=, raftlog=Memoized:s12@group-5CA96AA9335B-SegmentedRaftLog:OPENED:c-1:lastnull, conf=conf: {index: -1, cur=peers:[]|listeners:[], old=null}
   FOLLOWER (RUNNING): s12@group-BEB040E247F1:t1, leader=s11, voted=s11, raftlog=Memoized:s12@group-BEB040E247F1-SegmentedRaftLog:OPENED:c120:last(t:1, i:120), conf=conf: {index: 0, cur=peers:[s11|0.0.0.0:15011, s13|0.0.0.0:15013, s12|0.0.0.0:15012]|listeners:[], old=null}] size=2
  s14:  RUNNING [
   FOLLOWER (STARTING): s14@group-5CA96AA9335B:t0, leader=null, voted=, raftlog=Memoized:s14@group-5CA96AA9335B-SegmentedRaftLog:OPENED:c-1:lastnull, conf=conf: {index: -1, cur=peers:[]|listeners:[], old=null}
     LEADER (RUNNING): s14@group-171B122E1842:t1, leader=s14, voted=s14, raftlog=Memoized:s14@group-171B122E1842-SegmentedRaftLog:OPENED:c120:last(t:1, i:120), conf=conf: {index: 0, cur=peers:[s3|0.0.0.0:15003, s14|0.0.0.0:15014, s2|0.0.0.0:15002]|listeners:[], old=null}] size=2
  s0:  RUNNING [
   FOLLOWER (STARTING): s0@group-5CA96AA9335B:t0, leader=null, voted=, raftlog=Memoized:s0@group-5CA96AA9335B-SegmentedRaftLog:OPENED:c-1:lastnull, conf=conf: {index: -1, cur=peers:[]|listeners:[], old=null}
     LEADER (RUNNING): s0@group-B21D4752B5F9:t1, leader=s0, voted=s0, raftlog=Memoized:s0@group-B21D4752B5F9-SegmentedRaftLog:OPENED:c120:last(t:1, i:120), conf=conf: {index: 0, cur=peers:[s10|0.0.0.0:15010, s0|0.0.0.0:15000, s1|0.0.0.0:15001]|listeners:[], old=null}] size=2
  s1:  RUNNING [
   FOLLOWER (STARTING): s1@group-5CA96AA9335B:t0, leader=null, voted=, raftlog=Memoized:s1@group-5CA96AA9335B-SegmentedRaftLog:OPENED:c-1:lastnull, conf=conf: {index: -1, cur=peers:[]|listeners:[], old=null}
   FOLLOWER (RUNNING): s1@group-B21D4752B5F9:t1, leader=s0, voted=s0, raftlog=Memoized:s1@group-B21D4752B5F9-SegmentedRaftLog:OPENED:c120:last(t:1, i:120), conf=conf: {index: 0, cur=peers:[s10|0.0.0.0:15010, s0|0.0.0.0:15000, s1|0.0.0.0:15001]|listeners:[], old=null}] size=2
  s2:  RUNNING [
   FOLLOWER (STARTING): s2@group-5CA96AA9335B:t0, leader=null, voted=, raftlog=Memoized:s2@group-5CA96AA9335B-SegmentedRaftLog:OPENED:c-1:lastnull, conf=conf: {index: -1, cur=peers:[]|listeners:[], old=null}
   FOLLOWER (RUNNING): s2@group-171B122E1842:t1, leader=s14, voted=s14, raftlog=Memoized:s2@group-171B122E1842-SegmentedRaftLog:OPENED:c120:last(t:1, i:120), conf=conf: {index: 0, cur=peers:[s3|0.0.0.0:15003, s14|0.0.0.0:15014, s2|0.0.0.0:15002]|listeners:[], old=null}] size=2
2025-05-22 15:25:21,845 INFO  impl.GroupManagementBaseTest (GroupManagementBaseTest.java:runMultiGroupTest(296)) - chosen = 2, group-171B122E1842:[s3|0.0.0.0:15003, s14|0.0.0.0:15014, s2|0.0.0.0:15002]
2025-05-22 15:25:21,845 INFO  impl.GroupManagementBaseTest (GroupManagementBaseTest.java:runMultiGroupTest(301)) - 0) close printing group-B21D4752B5F9
  s10:  RUNNING [
   FOLLOWER (STARTING): s10@group-5CA96AA9335B:t0, leader=null, voted=, raftlog=Memoized:s10@group-5CA96AA9335B-SegmentedRaftLog:OPENED:c-1:lastnull, conf=conf: {index: -1, cur=peers:[]|listeners:[], old=null}
   FOLLOWER (RUNNING): s10@group-B21D4752B5F9:t1, leader=s0, voted=s0, raftlog=Memoized:s10@group-B21D4752B5F9-SegmentedRaftLog:OPENED:c120:last(t:1, i:120), conf=conf: {index: 0, cur=peers:[s10|0.0.0.0:15010, s0|0.0.0.0:15000, s1|0.0.0.0:15001]|listeners:[], old=null}] size=2
  s0:  RUNNING [
   FOLLOWER (STARTING): s0@group-5CA96AA9335B:t0, leader=null, voted=, raftlog=Memoized:s0@group-5CA96AA9335B-SegmentedRaftLog:OPENED:c-1:lastnull, conf=conf: {index: -1, cur=peers:[]|listeners:[], old=null}
     LEADER (RUNNING): s0@group-B21D4752B5F9:t1, leader=s0, voted=s0, raftlog=Memoized:s0@group-B21D4752B5F9-SegmentedRaftLog:OPENED:c120:last(t:1, i:120), conf=conf: {index: 0, cur=peers:[s10|0.0.0.0:15010, s0|0.0.0.0:15000, s1|0.0.0.0:15001]|listeners:[], old=null}] size=2
  s1:  RUNNING [
   FOLLOWER (STARTING): s1@group-5CA96AA9335B:t0, leader=null, voted=, raftlog=Memoized:s1@group-5CA96AA9335B-SegmentedRaftLog:OPENED:c-1:lastnull, conf=conf: {index: -1, cur=peers:[]|listeners:[], old=null}
   FOLLOWER (RUNNING): s1@group-B21D4752B5F9:t1, leader=s0, voted=s0, raftlog=Memoized:s1@group-B21D4752B5F9-SegmentedRaftLog:OPENED:c120:last(t:1, i:120), conf=conf: {index: 0, cur=peers:[s10|0.0.0.0:15010, s0|0.0.0.0:15000, s1|0.0.0.0:15001]|listeners:[], old=null}] size=2
2025-05-22 15:25:21,852 INFO  server.RaftServer (RaftServerProxy.java:remove(117)) - s10: remove  FOLLOWER (RUNNING): s10@group-B21D4752B5F9:t1, leader=s0, voted=s0, raftlog=Memoized:s10@group-B21D4752B5F9-SegmentedRaftLog:OPENED:c120:last(t:1, i:120), conf=conf: {index: 0, cur=peers:[s10|0.0.0.0:15010, s0|0.0.0.0:15000, s1|0.0.0.0:15001]|listeners:[], old=null}
2025-05-22 15:25:21,852 INFO  server.RaftServer$Division (RaftServerImpl.java:lambda$close$1(530)) - s10@group-B21D4752B5F9: shutdown
2025-05-22 15:25:21,852 INFO  util.JmxRegister (JmxRegister.java:unregister(74)) - Successfully un-registered JMX Bean with object name Ratis:service=RaftServer,group=group-B21D4752B5F9,id=s10
2025-05-22 15:25:21,853 INFO  impl.RoleInfo (RoleInfo.java:shutdownFollowerState(121)) - s10: shutdown s10@group-B21D4752B5F9-FollowerState
2025-05-22 15:25:21,853 INFO  impl.StateMachineUpdater (StateMachineUpdater.java:stopAndJoin(163)) - s10@group-B21D4752B5F9-StateMachineUpdater: set stopIndex = 120
2025-05-22 15:25:21,853 INFO  impl.FollowerState (FollowerState.java:runImpl(170)) - s10@group-B21D4752B5F9-FollowerState was interrupted
2025-05-22 15:25:21,853 INFO  impl.StateMachineUpdater (StateMachineUpdater.java:stop(140)) - s10@group-B21D4752B5F9-StateMachineUpdater: closing ArithmeticStateMachine, lastApplied=(t:1, i:120)
2025-05-22 15:25:21,854 INFO  raftlog.RaftLog (SegmentedRaftLog.java:close(569)) - Start closing s10@group-B21D4752B5F9-SegmentedRaftLog:OPENED:c120:last(t:1, i:120)
2025-05-22 15:25:21,854 INFO  util.AwaitToRun (AwaitToRun.java:run(49)) - s10@group-B21D4752B5F9-cacheEviction-AwaitToRun-AwaitForSignal is interrupted
2025-05-22 15:25:21,855 INFO  segmented.LogSegment (LogSegment.java:close(354)) - Successfully closed EntryCache-log_inprogress_0
2025-05-22 15:25:22,521 INFO  segmented.SegmentedRaftLogWorker (SegmentedRaftLogWorker.java:close(256)) - s10@group-B21D4752B5F9-SegmentedRaftLogWorker close()
2025-05-22 15:25:22,522 INFO  raftlog.RaftLog (SegmentedRaftLog.java:close(577)) - Successfully closed s10@group-B21D4752B5F9-SegmentedRaftLog:CLOSED:c120
2025-05-22 15:25:22,522 TRACE util.FileUtils (FileUtils.java:deleteFully(351)) - deleteFully /home/runner/work/ratis/ratis/ratis-examples/target/test/data/3b356627/MiniRaftClusterWithGrpcde84ffe6/s10/4fcb8f03-4e21-4ddc-a6fd-b21d4752b5f9
2025-05-22 15:25:22,523 TRACE util.FileUtils (LogUtils.java:runAndLog(49)) - Successfully ran Files.delete /home/runner/work/ratis/ratis/ratis-examples/target/test/data/3b356627/MiniRaftClusterWithGrpcde84ffe6/s10/4fcb8f03-4e21-4ddc-a6fd-b21d4752b5f9/current/log_inprogress_0
2025-05-22 15:25:22,523 TRACE util.FileUtils (LogUtils.java:runAndLog(49)) - Successfully ran Files.delete /home/runner/work/ratis/ratis/ratis-examples/target/test/data/3b356627/MiniRaftClusterWithGrpcde84ffe6/s10/4fcb8f03-4e21-4ddc-a6fd-b21d4752b5f9/current/raft-meta.conf
2025-05-22 15:25:22,523 TRACE util.FileUtils (LogUtils.java:runAndLog(49)) - Successfully ran Files.delete /home/runner/work/ratis/ratis/ratis-examples/target/test/data/3b356627/MiniRaftClusterWithGrpcde84ffe6/s10/4fcb8f03-4e21-4ddc-a6fd-b21d4752b5f9/current/raft-meta
2025-05-22 15:25:22,523 TRACE util.FileUtils (LogUtils.java:runAndLog(49)) - Successfully ran Files.delete /home/runner/work/ratis/ratis/ratis-examples/target/test/data/3b356627/MiniRaftClusterWithGrpcde84ffe6/s10/4fcb8f03-4e21-4ddc-a6fd-b21d4752b5f9/current
2025-05-22 15:25:22,523 TRACE util.FileUtils (LogUtils.java:runAndLog(49)) - Successfully ran Files.delete /home/runner/work/ratis/ratis/ratis-examples/target/test/data/3b356627/MiniRaftClusterWithGrpcde84ffe6/s10/4fcb8f03-4e21-4ddc-a6fd-b21d4752b5f9/sm
2025-05-22 15:25:22,523 TRACE util.FileUtils (LogUtils.java:runAndLog(49)) - Successfully ran Files.delete /home/runner/work/ratis/ratis/ratis-examples/target/test/data/3b356627/MiniRaftClusterWithGrpcde84ffe6/s10/4fcb8f03-4e21-4ddc-a6fd-b21d4752b5f9/in_use.lock
2025-05-22 15:25:22,523 TRACE util.FileUtils (LogUtils.java:runAndLog(49)) - Successfully ran Files.delete /home/runner/work/ratis/ratis/ratis-examples/target/test/data/3b356627/MiniRaftClusterWithGrpcde84ffe6/s10/4fcb8f03-4e21-4ddc-a6fd-b21d4752b5f9
2025-05-22 15:25:22,524 INFO  server.RaftServer$Division (RaftServerImpl.java:groupRemove(500)) - s10@group-B21D4752B5F9: Succeed to remove RaftStorageDirectory Storage Directory /home/runner/work/ratis/ratis/ratis-examples/target/test/data/3b356627/MiniRaftClusterWithGrpcde84ffe6/s10/4fcb8f03-4e21-4ddc-a6fd-b21d4752b5f9
2025-05-22 15:25:22,529 INFO  server.RaftServer (RaftServerProxy.java:remove(117)) - s0: remove    LEADER (RUNNING): s0@group-B21D4752B5F9:t1, leader=s0, voted=s0, raftlog=Memoized:s0@group-B21D4752B5F9-SegmentedRaftLog:OPENED:c120:last(t:1, i:120), conf=conf: {index: 0, cur=peers:[s10|0.0.0.0:15010, s0|0.0.0.0:15000, s1|0.0.0.0:15001]|listeners:[], old=null}
2025-05-22 15:25:22,529 INFO  server.RaftServer$Division (RaftServerImpl.java:lambda$close$1(530)) - s0@group-B21D4752B5F9: shutdown
2025-05-22 15:25:22,529 INFO  util.JmxRegister (JmxRegister.java:unregister(74)) - Successfully un-registered JMX Bean with object name Ratis:service=RaftServer,group=group-B21D4752B5F9,id=s0
2025-05-22 15:25:22,529 INFO  impl.RoleInfo (RoleInfo.java:shutdownLeaderState(103)) - s0: shutdown s0@group-B21D4752B5F9-LeaderStateImpl
2025-05-22 15:25:22,530 INFO  impl.PendingRequests (PendingRequests.java:sendNotLeaderResponses(287)) - s0@group-B21D4752B5F9-PendingRequests: sendNotLeaderResponses
2025-05-22 15:25:22,530 WARN  server.GrpcLogAppender (GrpcLogAppender.java:mayWait(300)) - s0@group-B21D4752B5F9->s10-GrpcLogAppender: Wait interrupted by java.lang.InterruptedException
2025-05-22 15:25:22,530 WARN  server.GrpcLogAppender (GrpcLogAppender.java:mayWait(300)) - s0@group-B21D4752B5F9->s1-GrpcLogAppender: Wait interrupted by java.lang.InterruptedException
2025-05-22 15:25:22,531 INFO  impl.StateMachineUpdater (StateMachineUpdater.java:stopAndJoin(163)) - s0@group-B21D4752B5F9-StateMachineUpdater: set stopIndex = 120
2025-05-22 15:25:22,531 INFO  impl.StateMachineUpdater (StateMachineUpdater.java:stop(140)) - s0@group-B21D4752B5F9-StateMachineUpdater: closing ArithmeticStateMachine, lastApplied=(t:1, i:120)
2025-05-22 15:25:22,531 INFO  raftlog.RaftLog (SegmentedRaftLog.java:close(569)) - Start closing s0@group-B21D4752B5F9-SegmentedRaftLog:OPENED:c120:last(t:1, i:120)
2025-05-22 15:25:22,532 INFO  util.AwaitToRun (AwaitToRun.java:run(49)) - s0@group-B21D4752B5F9-cacheEviction-AwaitToRun-AwaitForSignal is interrupted
2025-05-22 15:25:22,532 INFO  segmented.LogSegment (LogSegment.java:close(354)) - Successfully closed EntryCache-log_inprogress_0
2025-05-22 15:25:23,161 INFO  impl.FollowerState (FollowerState.java:runImpl(161)) - s1@group-B21D4752B5F9-FollowerState: change to CANDIDATE, lastRpcElapsedTime:708553908ns, electionTimeout:464ms
2025-05-22 15:25:23,161 INFO  impl.RoleInfo (RoleInfo.java:shutdownFollowerState(121)) - s1: shutdown s1@group-B21D4752B5F9-FollowerState
2025-05-22 15:25:23,161 INFO  server.RaftServer$Division (RaftServerImpl.java:setRole(395)) - s1@group-B21D4752B5F9: changes role from  FOLLOWER to CANDIDATE at term 1 for changeToCandidate
2025-05-22 15:25:23,162 INFO  impl.RoleInfo (RoleInfo.java:updateAndGet(148)) - s1: start s1@group-B21D4752B5F9-LeaderElection20
2025-05-22 15:25:23,162 INFO  server.RaftServer$Division (ServerState.java:setLeader(272)) - s1@group-B21D4752B5F9: change Leader from s0 to null at term 1 for PRE_VOTE
2025-05-22 15:25:23,162 INFO  impl.LeaderElection (LeaderElection.java:askForVotes(448)) - s1@group-B21D4752B5F9-LeaderElection20 PRE_VOTE round 0: submit vote requests at term 1 for conf: {index: 0, cur=peers:[s10|0.0.0.0:15010, s0|0.0.0.0:15000, s1|0.0.0.0:15001]|listeners:[], old=null}
2025-05-22 15:25:23,162 INFO  server.GrpcServerProtocolClient (GrpcServerProtocolClient.java:<init>(65)) - Build channel for s10|0.0.0.0:15010
2025-05-22 15:25:23,162 INFO  server.GrpcServerProtocolClient (GrpcServerProtocolClient.java:<init>(65)) - Build channel for s0|0.0.0.0:15000
2025-05-22 15:25:23,167 WARN  server.GrpcServerProtocolService (LogUtils.java:warn(129)) - s10: Failed requestVote s1->s10#0
org.apache.ratis.protocol.exceptions.GroupMismatchException: s10: group-B21D4752B5F9 not found.
	at org.apache.ratis.server.impl.RaftServerProxy$ImplMap.get(RaftServerProxy.java:161)
	at org.apache.ratis.server.impl.RaftServerProxy.getImplFuture(RaftServerProxy.java:371)
	at org.apache.ratis.server.impl.RaftServerProxy.getImpl(RaftServerProxy.java:380)
	at org.apache.ratis.server.impl.RaftServerProxy.getImpl(RaftServerProxy.java:375)
	at org.apache.ratis.server.impl.RaftServerProxy.requestVote(RaftServerProxy.java:646)
	at org.apache.ratis.grpc.server.GrpcServerProtocolService.requestVote(GrpcServerProtocolService.java:285)
	at org.apache.ratis.proto.grpc.RaftServerProtocolServiceGrpc$MethodHandlers.invoke(RaftServerProtocolServiceGrpc.java:499)
	at org.apache.ratis.thirdparty.io.grpc.stub.ServerCalls$UnaryServerCallHandler$UnaryServerCallListener.onHalfClose(ServerCalls.java:182)
	at org.apache.ratis.thirdparty.io.grpc.internal.ServerCallImpl$ServerStreamListenerImpl.halfClosed(ServerCallImpl.java:356)
	at org.apache.ratis.thirdparty.io.grpc.internal.ServerImpl$JumpToApplicationThreadServerStreamListener$1HalfClosed.runInContext(ServerImpl.java:861)
	at org.apache.ratis.thirdparty.io.grpc.internal.ContextRunnable.run(ContextRunnable.java:37)
	at org.apache.ratis.thirdparty.io.grpc.internal.SerializingExecutor.run(SerializingExecutor.java:133)
	at java.util.concurrent.ThreadPoolExecutor.runWorker(ThreadPoolExecutor.java:1149)
	at java.util.concurrent.ThreadPoolExecutor$Worker.run(ThreadPoolExecutor.java:624)
	at java.lang.Thread.run(Thread.java:750)
2025-05-22 15:25:23,167 WARN  server.GrpcServerProtocolService (LogUtils.java:warn(129)) - s0: Failed requestVote s1->s0#0
org.apache.ratis.protocol.exceptions.GroupMismatchException: s0: group-B21D4752B5F9 not found.
	at org.apache.ratis.server.impl.RaftServerProxy$ImplMap.get(RaftServerProxy.java:161)
	at org.apache.ratis.server.impl.RaftServerProxy.getImplFuture(RaftServerProxy.java:371)
	at org.apache.ratis.server.impl.RaftServerProxy.getImpl(RaftServerProxy.java:380)
	at org.apache.ratis.server.impl.RaftServerProxy.getImpl(RaftServerProxy.java:375)
	at org.apache.ratis.server.impl.RaftServerProxy.requestVote(RaftServerProxy.java:646)
	at org.apache.ratis.grpc.server.GrpcServerProtocolService.requestVote(GrpcServerProtocolService.java:285)
	at org.apache.ratis.proto.grpc.RaftServerProtocolServiceGrpc$MethodHandlers.invoke(RaftServerProtocolServiceGrpc.java:499)
	at org.apache.ratis.thirdparty.io.grpc.stub.ServerCalls$UnaryServerCallHandler$UnaryServerCallListener.onHalfClose(ServerCalls.java:182)
	at org.apache.ratis.thirdparty.io.grpc.internal.ServerCallImpl$ServerStreamListenerImpl.halfClosed(ServerCallImpl.java:356)
	at org.apache.ratis.thirdparty.io.grpc.internal.ServerImpl$JumpToApplicationThreadServerStreamListener$1HalfClosed.runInContext(ServerImpl.java:861)
	at org.apache.ratis.thirdparty.io.grpc.internal.ContextRunnable.run(ContextRunnable.java:37)
	at org.apache.ratis.thirdparty.io.grpc.internal.SerializingExecutor.run(SerializingExecutor.java:133)
	at java.util.concurrent.ThreadPoolExecutor.runWorker(ThreadPoolExecutor.java:1149)
	at java.util.concurrent.ThreadPoolExecutor$Worker.run(ThreadPoolExecutor.java:624)
	at java.lang.Thread.run(Thread.java:750)
2025-05-22 15:25:23,181 INFO  impl.LeaderElection (LogUtils.java:infoOrTrace(142)) - s1@group-B21D4752B5F9-LeaderElection20 got exception when requesting votes: java.util.concurrent.ExecutionException: org.apache.ratis.thirdparty.io.grpc.StatusRuntimeException: INTERNAL: s0: group-B21D4752B5F9 not found.
2025-05-22 15:25:23,182 INFO  impl.LeaderElection (LogUtils.java:infoOrTrace(142)) - s1@group-B21D4752B5F9-LeaderElection20 got exception when requesting votes: java.util.concurrent.ExecutionException: org.apache.ratis.thirdparty.io.grpc.StatusRuntimeException: INTERNAL: s10: group-B21D4752B5F9 not found.
2025-05-22 15:25:23,182 INFO  impl.LeaderElection (LeaderElection.java:logAndReturn(206)) - s1@group-B21D4752B5F9-LeaderElection20: PRE_VOTE REJECTED received 0 response(s) and 2 exception(s):
2025-05-22 15:25:23,182 INFO  impl.LeaderElection (LogUtils.java:infoOrTrace(142)) -   Exception 0: java.util.concurrent.ExecutionException: org.apache.ratis.thirdparty.io.grpc.StatusRuntimeException: INTERNAL: s0: group-B21D4752B5F9 not found.
2025-05-22 15:25:23,182 INFO  impl.LeaderElection (LogUtils.java:infoOrTrace(142)) -   Exception 1: java.util.concurrent.ExecutionException: org.apache.ratis.thirdparty.io.grpc.StatusRuntimeException: INTERNAL: s10: group-B21D4752B5F9 not found.
2025-05-22 15:25:23,182 INFO  impl.LeaderElection (LeaderElection.java:askForVotes(450)) - s1@group-B21D4752B5F9-LeaderElection20 PRE_VOTE round 0: result REJECTED
2025-05-22 15:25:23,182 INFO  server.RaftServer$Division (RaftServerImpl.java:setRole(395)) - s1@group-B21D4752B5F9: changes role from CANDIDATE to FOLLOWER at term 1 for REJECTED
2025-05-22 15:25:23,182 INFO  impl.RoleInfo (RoleInfo.java:shutdownLeaderElection(141)) - s1: shutdown s1@group-B21D4752B5F9-LeaderElection20
2025-05-22 15:25:23,182 INFO  impl.RoleInfo (RoleInfo.java:updateAndGet(148)) - s1: start s1@group-B21D4752B5F9-FollowerState
2025-05-22 15:25:23,353 INFO  impl.MiniRaftCluster (MiniRaftCluster.java:lambda$null$7(362)) - TIMED-PRINT: printing ALL groups
  s3:  RUNNING [
   FOLLOWER (STARTING): s3@group-5CA96AA9335B:t0, leader=null, voted=, raftlog=Memoized:s3@group-5CA96AA9335B-SegmentedRaftLog:OPENED:c-1:lastnull, conf=conf: {index: -1, cur=peers:[]|listeners:[], old=null}
   FOLLOWER (RUNNING): s3@group-171B122E1842:t1, leader=s14, voted=s14, raftlog=Memoized:s3@group-171B122E1842-SegmentedRaftLog:OPENED:c120:last(t:1, i:120), conf=conf: {index: 0, cur=peers:[s3|0.0.0.0:15003, s14|0.0.0.0:15014, s2|0.0.0.0:15002]|listeners:[], old=null}] size=2
  s4:  RUNNING [
   FOLLOWER (RUNNING): s4@group-627EA8FBA030:t1, leader=s6, voted=s6, raftlog=Memoized:s4@group-627EA8FBA030-SegmentedRaftLog:OPENED:c120:last(t:1, i:120), conf=conf: {index: 0, cur=peers:[s4|0.0.0.0:15004, s5|0.0.0.0:15005, s6|0.0.0.0:15006]|listeners:[], old=null}
   FOLLOWER (STARTING): s4@group-5CA96AA9335B:t0, leader=null, voted=, raftlog=Memoized:s4@group-5CA96AA9335B-SegmentedRaftLog:OPENED:c-1:lastnull, conf=conf: {index: -1, cur=peers:[]|listeners:[], old=null}] size=2
  s5:  RUNNING [
   FOLLOWER (RUNNING): s5@group-627EA8FBA030:t1, leader=s6, voted=s6, raftlog=Memoized:s5@group-627EA8FBA030-SegmentedRaftLog:OPENED:c120:last(t:1, i:120), conf=conf: {index: 0, cur=peers:[s4|0.0.0.0:15004, s5|0.0.0.0:15005, s6|0.0.0.0:15006]|listeners:[], old=null}
   FOLLOWER (STARTING): s5@group-5CA96AA9335B:t0, leader=null, voted=, raftlog=Memoized:s5@group-5CA96AA9335B-SegmentedRaftLog:OPENED:c-1:lastnull, conf=conf: {index: -1, cur=peers:[]|listeners:[], old=null}] size=2
  s6:  RUNNING [
     LEADER (RUNNING): s6@group-627EA8FBA030:t1, leader=s6, voted=s6, raftlog=Memoized:s6@group-627EA8FBA030-SegmentedRaftLog:OPENED:c120:last(t:1, i:120), conf=conf: {index: 0, cur=peers:[s4|0.0.0.0:15004, s5|0.0.0.0:15005, s6|0.0.0.0:15006]|listeners:[], old=null}
   FOLLOWER (STARTING): s6@group-5CA96AA9335B:t0, leader=null, voted=, raftlog=Memoized:s6@group-5CA96AA9335B-SegmentedRaftLog:OPENED:c-1:lastnull, conf=conf: {index: -1, cur=peers:[]|listeners:[], old=null}] size=2
  s7:  RUNNING [
     LEADER (RUNNING): s7@group-F5200629CA74:t1, leader=s7, voted=s7, raftlog=Memoized:s7@group-F5200629CA74-SegmentedRaftLog:OPENED:c120:last(t:1, i:120), conf=conf: {index: 0, cur=peers:[s7|0.0.0.0:15007, s8|0.0.0.0:15008, s9|0.0.0.0:15009]|listeners:[], old=null}
   FOLLOWER (STARTING): s7@group-5CA96AA9335B:t0, leader=null, voted=, raftlog=Memoized:s7@group-5CA96AA9335B-SegmentedRaftLog:OPENED:c-1:lastnull, conf=conf: {index: -1, cur=peers:[]|listeners:[], old=null}] size=2
  s8:  RUNNING [
   FOLLOWER (RUNNING): s8@group-F5200629CA74:t1, leader=s7, voted=s7, raftlog=Memoized:s8@group-F5200629CA74-SegmentedRaftLog:OPENED:c120:last(t:1, i:120), conf=conf: {index: 0, cur=peers:[s7|0.0.0.0:15007, s8|0.0.0.0:15008, s9|0.0.0.0:15009]|listeners:[], old=null}
   FOLLOWER (STARTING): s8@group-5CA96AA9335B:t0, leader=null, voted=, raftlog=Memoized:s8@group-5CA96AA9335B-SegmentedRaftLog:OPENED:c-1:lastnull, conf=conf: {index: -1, cur=peers:[]|listeners:[], old=null}] size=2
  s9:  RUNNING [
   FOLLOWER (RUNNING): s9@group-F5200629CA74:t1, leader=s7, voted=s7, raftlog=Memoized:s9@group-F5200629CA74-SegmentedRaftLog:OPENED:c120:last(t:1, i:120), conf=conf: {index: 0, cur=peers:[s7|0.0.0.0:15007, s8|0.0.0.0:15008, s9|0.0.0.0:15009]|listeners:[], old=null}
   FOLLOWER (STARTING): s9@group-5CA96AA9335B:t0, leader=null, voted=, raftlog=Memoized:s9@group-5CA96AA9335B-SegmentedRaftLog:OPENED:c-1:lastnull, conf=conf: {index: -1, cur=peers:[]|listeners:[], old=null}] size=2
  s11:  RUNNING [
   FOLLOWER (STARTING): s11@group-5CA96AA9335B:t0, leader=null, voted=, raftlog=Memoized:s11@group-5CA96AA9335B-SegmentedRaftLog:OPENED:c-1:lastnull, conf=conf: {index: -1, cur=peers:[]|listeners:[], old=null}
     LEADER (RUNNING): s11@group-BEB040E247F1:t1, leader=s11, voted=s11, raftlog=Memoized:s11@group-BEB040E247F1-SegmentedRaftLog:OPENED:c120:last(t:1, i:120), conf=conf: {index: 0, cur=peers:[s11|0.0.0.0:15011, s13|0.0.0.0:15013, s12|0.0.0.0:15012]|listeners:[], old=null}] size=2
  s10:  RUNNING  FOLLOWER (STARTING): s10@group-5CA96AA9335B:t0, leader=null, voted=, raftlog=Memoized:s10@group-5CA96AA9335B-SegmentedRaftLog:OPENED:c-1:lastnull, conf=conf: {index: -1, cur=peers:[]|listeners:[], old=null}
  s13:  RUNNING [
   FOLLOWER (STARTING): s13@group-5CA96AA9335B:t0, leader=null, voted=, raftlog=Memoized:s13@group-5CA96AA9335B-SegmentedRaftLog:OPENED:c-1:lastnull, conf=conf: {index: -1, cur=peers:[]|listeners:[], old=null}
   FOLLOWER (RUNNING): s13@group-BEB040E247F1:t1, leader=s11, voted=s11, raftlog=Memoized:s13@group-BEB040E247F1-SegmentedRaftLog:OPENED:c120:last(t:1, i:120), conf=conf: {index: 0, cur=peers:[s11|0.0.0.0:15011, s13|0.0.0.0:15013, s12|0.0.0.0:15012]|listeners:[], old=null}] size=2
  s12:  RUNNING [
   FOLLOWER (STARTING): s12@group-5CA96AA9335B:t0, leader=null, voted=, raftlog=Memoized:s12@group-5CA96AA9335B-SegmentedRaftLog:OPENED:c-1:lastnull, conf=conf: {index: -1, cur=peers:[]|listeners:[], old=null}
   FOLLOWER (RUNNING): s12@group-BEB040E247F1:t1, leader=s11, voted=s11, raftlog=Memoized:s12@group-BEB040E247F1-SegmentedRaftLog:OPENED:c120:last(t:1, i:120), conf=conf: {index: 0, cur=peers:[s11|0.0.0.0:15011, s13|0.0.0.0:15013, s12|0.0.0.0:15012]|listeners:[], old=null}] size=2
  s14:  RUNNING [
   FOLLOWER (STARTING): s14@group-5CA96AA9335B:t0, leader=null, voted=, raftlog=Memoized:s14@group-5CA96AA9335B-SegmentedRaftLog:OPENED:c-1:lastnull, conf=conf: {index: -1, cur=peers:[]|listeners:[], old=null}
     LEADER (RUNNING): s14@group-171B122E1842:t1, leader=s14, voted=s14, raftlog=Memoized:s14@group-171B122E1842-SegmentedRaftLog:OPENED:c120:last(t:1, i:120), conf=conf: {index: 0, cur=peers:[s3|0.0.0.0:15003, s14|0.0.0.0:15014, s2|0.0.0.0:15002]|listeners:[], old=null}] size=2
  s0:  RUNNING  FOLLOWER (STARTING): s0@group-5CA96AA9335B:t0, leader=null, voted=, raftlog=Memoized:s0@group-5CA96AA9335B-SegmentedRaftLog:OPENED:c-1:lastnull, conf=conf: {index: -1, cur=peers:[]|listeners:[], old=null}
  s1:  RUNNING [
   FOLLOWER (STARTING): s1@group-5CA96AA9335B:t0, leader=null, voted=, raftlog=Memoized:s1@group-5CA96AA9335B-SegmentedRaftLog:OPENED:c-1:lastnull, conf=conf: {index: -1, cur=peers:[]|listeners:[], old=null}
   FOLLOWER (RUNNING): s1@group-B21D4752B5F9:t1, leader=null, voted=s0, raftlog=Memoized:s1@group-B21D4752B5F9-SegmentedRaftLog:OPENED:c120:last(t:1, i:120), conf=conf: {index: 0, cur=peers:[s10|0.0.0.0:15010, s0|0.0.0.0:15000, s1|0.0.0.0:15001]|listeners:[], old=null}] size=2
  s2:  RUNNING [
   FOLLOWER (STARTING): s2@group-5CA96AA9335B:t0, leader=null, voted=, raftlog=Memoized:s2@group-5CA96AA9335B-SegmentedRaftLog:OPENED:c-1:lastnull, conf=conf: {index: -1, cur=peers:[]|listeners:[], old=null}
   FOLLOWER (RUNNING): s2@group-171B122E1842:t1, leader=s14, voted=s14, raftlog=Memoized:s2@group-171B122E1842-SegmentedRaftLog:OPENED:c120:last(t:1, i:120), conf=conf: {index: 0, cur=peers:[s3|0.0.0.0:15003, s14|0.0.0.0:15014, s2|0.0.0.0:15002]|listeners:[], old=null}] size=2.
2025-05-22 15:25:23,519 INFO  segmented.SegmentedRaftLogWorker (SegmentedRaftLogWorker.java:close(256)) - s0@group-B21D4752B5F9-SegmentedRaftLogWorker close()
2025-05-22 15:25:23,519 INFO  raftlog.RaftLog (SegmentedRaftLog.java:close(577)) - Successfully closed s0@group-B21D4752B5F9-SegmentedRaftLog:CLOSED:c120
2025-05-22 15:25:23,519 TRACE util.FileUtils (FileUtils.java:deleteFully(351)) - deleteFully /home/runner/work/ratis/ratis/ratis-examples/target/test/data/3b356627/MiniRaftClusterWithGrpcde84ffe6/s0/4fcb8f03-4e21-4ddc-a6fd-b21d4752b5f9
2025-05-22 15:25:23,520 TRACE util.FileUtils (LogUtils.java:runAndLog(49)) - Successfully ran Files.delete /home/runner/work/ratis/ratis/ratis-examples/target/test/data/3b356627/MiniRaftClusterWithGrpcde84ffe6/s0/4fcb8f03-4e21-4ddc-a6fd-b21d4752b5f9/current/log_inprogress_0
2025-05-22 15:25:23,520 TRACE util.FileUtils (LogUtils.java:runAndLog(49)) - Successfully ran Files.delete /home/runner/work/ratis/ratis/ratis-examples/target/test/data/3b356627/MiniRaftClusterWithGrpcde84ffe6/s0/4fcb8f03-4e21-4ddc-a6fd-b21d4752b5f9/current/raft-meta.conf
2025-05-22 15:25:23,520 TRACE util.FileUtils (LogUtils.java:runAndLog(49)) - Successfully ran Files.delete /home/runner/work/ratis/ratis/ratis-examples/target/test/data/3b356627/MiniRaftClusterWithGrpcde84ffe6/s0/4fcb8f03-4e21-4ddc-a6fd-b21d4752b5f9/current/raft-meta
2025-05-22 15:25:23,520 TRACE util.FileUtils (LogUtils.java:runAndLog(49)) - Successfully ran Files.delete /home/runner/work/ratis/ratis/ratis-examples/target/test/data/3b356627/MiniRaftClusterWithGrpcde84ffe6/s0/4fcb8f03-4e21-4ddc-a6fd-b21d4752b5f9/current
2025-05-22 15:25:23,520 TRACE util.FileUtils (LogUtils.java:runAndLog(49)) - Successfully ran Files.delete /home/runner/work/ratis/ratis/ratis-examples/target/test/data/3b356627/MiniRaftClusterWithGrpcde84ffe6/s0/4fcb8f03-4e21-4ddc-a6fd-b21d4752b5f9/sm
2025-05-22 15:25:23,521 TRACE util.FileUtils (LogUtils.java:runAndLog(49)) - Successfully ran Files.delete /home/runner/work/ratis/ratis/ratis-examples/target/test/data/3b356627/MiniRaftClusterWithGrpcde84ffe6/s0/4fcb8f03-4e21-4ddc-a6fd-b21d4752b5f9/in_use.lock
2025-05-22 15:25:23,521 TRACE util.FileUtils (LogUtils.java:runAndLog(49)) - Successfully ran Files.delete /home/runner/work/ratis/ratis/ratis-examples/target/test/data/3b356627/MiniRaftClusterWithGrpcde84ffe6/s0/4fcb8f03-4e21-4ddc-a6fd-b21d4752b5f9
2025-05-22 15:25:23,521 INFO  server.RaftServer$Division (RaftServerImpl.java:groupRemove(500)) - s0@group-B21D4752B5F9: Succeed to remove RaftStorageDirectory Storage Directory /home/runner/work/ratis/ratis/ratis-examples/target/test/data/3b356627/MiniRaftClusterWithGrpcde84ffe6/s0/4fcb8f03-4e21-4ddc-a6fd-b21d4752b5f9
2025-05-22 15:25:23,527 INFO  server.RaftServer (RaftServerProxy.java:remove(117)) - s1: remove  FOLLOWER (RUNNING): s1@group-B21D4752B5F9:t1, leader=null, voted=s0, raftlog=Memoized:s1@group-B21D4752B5F9-SegmentedRaftLog:OPENED:c120:last(t:1, i:120), conf=conf: {index: 0, cur=peers:[s10|0.0.0.0:15010, s0|0.0.0.0:15000, s1|0.0.0.0:15001]|listeners:[], old=null}
2025-05-22 15:25:23,527 INFO  server.RaftServer$Division (RaftServerImpl.java:lambda$close$1(530)) - s1@group-B21D4752B5F9: shutdown
2025-05-22 15:25:23,527 INFO  util.JmxRegister (JmxRegister.java:unregister(74)) - Successfully un-registered JMX Bean with object name Ratis:service=RaftServer,group=group-B21D4752B5F9,id=s1
2025-05-22 15:25:23,528 INFO  impl.RoleInfo (RoleInfo.java:shutdownFollowerState(121)) - s1: shutdown s1@group-B21D4752B5F9-FollowerState
2025-05-22 15:25:23,528 INFO  impl.FollowerState (FollowerState.java:runImpl(170)) - s1@group-B21D4752B5F9-FollowerState was interrupted
2025-05-22 15:25:23,528 INFO  impl.StateMachineUpdater (StateMachineUpdater.java:stopAndJoin(163)) - s1@group-B21D4752B5F9-StateMachineUpdater: set stopIndex = 120
2025-05-22 15:25:23,528 INFO  impl.StateMachineUpdater (StateMachineUpdater.java:stop(140)) - s1@group-B21D4752B5F9-StateMachineUpdater: closing ArithmeticStateMachine, lastApplied=(t:1, i:120)
2025-05-22 15:25:23,528 INFO  raftlog.RaftLog (SegmentedRaftLog.java:close(569)) - Start closing s1@group-B21D4752B5F9-SegmentedRaftLog:OPENED:c120:last(t:1, i:120)
2025-05-22 15:25:23,529 INFO  util.AwaitToRun (AwaitToRun.java:run(49)) - s1@group-B21D4752B5F9-cacheEviction-AwaitToRun-AwaitForSignal is interrupted
2025-05-22 15:25:23,529 INFO  segmented.LogSegment (LogSegment.java:close(354)) - Successfully closed EntryCache-log_inprogress_0
2025-05-22 15:25:24,521 INFO  segmented.SegmentedRaftLogWorker (SegmentedRaftLogWorker.java:close(256)) - s1@group-B21D4752B5F9-SegmentedRaftLogWorker close()
2025-05-22 15:25:24,522 INFO  raftlog.RaftLog (SegmentedRaftLog.java:close(577)) - Successfully closed s1@group-B21D4752B5F9-SegmentedRaftLog:CLOSED:c120
2025-05-22 15:25:24,522 TRACE util.FileUtils (FileUtils.java:deleteFully(351)) - deleteFully /home/runner/work/ratis/ratis/ratis-examples/target/test/data/3b356627/MiniRaftClusterWithGrpcde84ffe6/s1/4fcb8f03-4e21-4ddc-a6fd-b21d4752b5f9
2025-05-22 15:25:24,522 TRACE util.FileUtils (LogUtils.java:runAndLog(49)) - Successfully ran Files.delete /home/runner/work/ratis/ratis/ratis-examples/target/test/data/3b356627/MiniRaftClusterWithGrpcde84ffe6/s1/4fcb8f03-4e21-4ddc-a6fd-b21d4752b5f9/current/log_inprogress_0
2025-05-22 15:25:24,523 TRACE util.FileUtils (LogUtils.java:runAndLog(49)) - Successfully ran Files.delete /home/runner/work/ratis/ratis/ratis-examples/target/test/data/3b356627/MiniRaftClusterWithGrpcde84ffe6/s1/4fcb8f03-4e21-4ddc-a6fd-b21d4752b5f9/current/raft-meta.conf
2025-05-22 15:25:24,523 TRACE util.FileUtils (LogUtils.java:runAndLog(49)) - Successfully ran Files.delete /home/runner/work/ratis/ratis/ratis-examples/target/test/data/3b356627/MiniRaftClusterWithGrpcde84ffe6/s1/4fcb8f03-4e21-4ddc-a6fd-b21d4752b5f9/current/raft-meta
2025-05-22 15:25:24,523 TRACE util.FileUtils (LogUtils.java:runAndLog(49)) - Successfully ran Files.delete /home/runner/work/ratis/ratis/ratis-examples/target/test/data/3b356627/MiniRaftClusterWithGrpcde84ffe6/s1/4fcb8f03-4e21-4ddc-a6fd-b21d4752b5f9/current
2025-05-22 15:25:24,523 TRACE util.FileUtils (LogUtils.java:runAndLog(49)) - Successfully ran Files.delete /home/runner/work/ratis/ratis/ratis-examples/target/test/data/3b356627/MiniRaftClusterWithGrpcde84ffe6/s1/4fcb8f03-4e21-4ddc-a6fd-b21d4752b5f9/sm
2025-05-22 15:25:24,523 TRACE util.FileUtils (LogUtils.java:runAndLog(49)) - Successfully ran Files.delete /home/runner/work/ratis/ratis/ratis-examples/target/test/data/3b356627/MiniRaftClusterWithGrpcde84ffe6/s1/4fcb8f03-4e21-4ddc-a6fd-b21d4752b5f9/in_use.lock
2025-05-22 15:25:24,523 TRACE util.FileUtils (LogUtils.java:runAndLog(49)) - Successfully ran Files.delete /home/runner/work/ratis/ratis/ratis-examples/target/test/data/3b356627/MiniRaftClusterWithGrpcde84ffe6/s1/4fcb8f03-4e21-4ddc-a6fd-b21d4752b5f9
2025-05-22 15:25:24,523 INFO  server.RaftServer$Division (RaftServerImpl.java:groupRemove(500)) - s1@group-B21D4752B5F9: Succeed to remove RaftStorageDirectory Storage Directory /home/runner/work/ratis/ratis/ratis-examples/target/test/data/3b356627/MiniRaftClusterWithGrpcde84ffe6/s1/4fcb8f03-4e21-4ddc-a6fd-b21d4752b5f9
2025-05-22 15:25:24,526 INFO  impl.GroupManagementBaseTest (GroupManagementBaseTest.java:runMultiGroupTest(301)) - 1) close printing group-BEB040E247F1
  s11:  RUNNING [
   FOLLOWER (STARTING): s11@group-5CA96AA9335B:t0, leader=null, voted=, raftlog=Memoized:s11@group-5CA96AA9335B-SegmentedRaftLog:OPENED:c-1:lastnull, conf=conf: {index: -1, cur=peers:[]|listeners:[], old=null}
     LEADER (RUNNING): s11@group-BEB040E247F1:t1, leader=s11, voted=s11, raftlog=Memoized:s11@group-BEB040E247F1-SegmentedRaftLog:OPENED:c120:last(t:1, i:120), conf=conf: {index: 0, cur=peers:[s11|0.0.0.0:15011, s13|0.0.0.0:15013, s12|0.0.0.0:15012]|listeners:[], old=null}] size=2
  s13:  RUNNING [
   FOLLOWER (STARTING): s13@group-5CA96AA9335B:t0, leader=null, voted=, raftlog=Memoized:s13@group-5CA96AA9335B-SegmentedRaftLog:OPENED:c-1:lastnull, conf=conf: {index: -1, cur=peers:[]|listeners:[], old=null}
   FOLLOWER (RUNNING): s13@group-BEB040E247F1:t1, leader=s11, voted=s11, raftlog=Memoized:s13@group-BEB040E247F1-SegmentedRaftLog:OPENED:c120:last(t:1, i:120), conf=conf: {index: 0, cur=peers:[s11|0.0.0.0:15011, s13|0.0.0.0:15013, s12|0.0.0.0:15012]|listeners:[], old=null}] size=2
  s12:  RUNNING [
   FOLLOWER (STARTING): s12@group-5CA96AA9335B:t0, leader=null, voted=, raftlog=Memoized:s12@group-5CA96AA9335B-SegmentedRaftLog:OPENED:c-1:lastnull, conf=conf: {index: -1, cur=peers:[]|listeners:[], old=null}
   FOLLOWER (RUNNING): s12@group-BEB040E247F1:t1, leader=s11, voted=s11, raftlog=Memoized:s12@group-BEB040E247F1-SegmentedRaftLog:OPENED:c120:last(t:1, i:120), conf=conf: {index: 0, cur=peers:[s11|0.0.0.0:15011, s13|0.0.0.0:15013, s12|0.0.0.0:15012]|listeners:[], old=null}] size=2
2025-05-22 15:25:24,530 INFO  server.RaftServer (RaftServerProxy.java:remove(117)) - s11: remove    LEADER (RUNNING): s11@group-BEB040E247F1:t1, leader=s11, voted=s11, raftlog=Memoized:s11@group-BEB040E247F1-SegmentedRaftLog:OPENED:c120:last(t:1, i:120), conf=conf: {index: 0, cur=peers:[s11|0.0.0.0:15011, s13|0.0.0.0:15013, s12|0.0.0.0:15012]|listeners:[], old=null}
2025-05-22 15:25:24,531 INFO  server.RaftServer$Division (RaftServerImpl.java:lambda$close$1(530)) - s11@group-BEB040E247F1: shutdown
2025-05-22 15:25:24,531 INFO  util.JmxRegister (JmxRegister.java:unregister(74)) - Successfully un-registered JMX Bean with object name Ratis:service=RaftServer,group=group-BEB040E247F1,id=s11
2025-05-22 15:25:24,531 INFO  impl.RoleInfo (RoleInfo.java:shutdownLeaderState(103)) - s11: shutdown s11@group-BEB040E247F1-LeaderStateImpl
2025-05-22 15:25:24,531 INFO  impl.PendingRequests (PendingRequests.java:sendNotLeaderResponses(287)) - s11@group-BEB040E247F1-PendingRequests: sendNotLeaderResponses
2025-05-22 15:25:24,531 WARN  server.GrpcLogAppender (GrpcLogAppender.java:mayWait(300)) - s11@group-BEB040E247F1->s12-GrpcLogAppender: Wait interrupted by java.lang.InterruptedException
2025-05-22 15:25:24,531 WARN  server.GrpcLogAppender (GrpcLogAppender.java:mayWait(300)) - s11@group-BEB040E247F1->s13-GrpcLogAppender: Wait interrupted by java.lang.InterruptedException
2025-05-22 15:25:24,533 INFO  impl.StateMachineUpdater (StateMachineUpdater.java:stopAndJoin(163)) - s11@group-BEB040E247F1-StateMachineUpdater: set stopIndex = 120
2025-05-22 15:25:24,533 INFO  impl.StateMachineUpdater (StateMachineUpdater.java:stop(140)) - s11@group-BEB040E247F1-StateMachineUpdater: closing ArithmeticStateMachine, lastApplied=(t:1, i:120)
2025-05-22 15:25:24,533 INFO  raftlog.RaftLog (SegmentedRaftLog.java:close(569)) - Start closing s11@group-BEB040E247F1-SegmentedRaftLog:OPENED:c120:last(t:1, i:120)
2025-05-22 15:25:24,533 INFO  util.AwaitToRun (AwaitToRun.java:run(49)) - s11@group-BEB040E247F1-cacheEviction-AwaitToRun-AwaitForSignal is interrupted
2025-05-22 15:25:24,534 INFO  segmented.LogSegment (LogSegment.java:close(354)) - Successfully closed EntryCache-log_inprogress_0
2025-05-22 15:25:24,845 INFO  impl.FollowerState (FollowerState.java:runImpl(161)) - s12@group-BEB040E247F1-FollowerState: change to CANDIDATE, lastRpcElapsedTime:457289499ns, electionTimeout:450ms
2025-05-22 15:25:24,845 INFO  impl.RoleInfo (RoleInfo.java:shutdownFollowerState(121)) - s12: shutdown s12@group-BEB040E247F1-FollowerState
2025-05-22 15:25:24,845 INFO  server.RaftServer$Division (RaftServerImpl.java:setRole(395)) - s12@group-BEB040E247F1: changes role from  FOLLOWER to CANDIDATE at term 1 for changeToCandidate
2025-05-22 15:25:24,845 INFO  impl.RoleInfo (RoleInfo.java:updateAndGet(148)) - s12: start s12@group-BEB040E247F1-LeaderElection21
2025-05-22 15:25:24,845 INFO  server.RaftServer$Division (ServerState.java:setLeader(272)) - s12@group-BEB040E247F1: change Leader from s11 to null at term 1 for PRE_VOTE
2025-05-22 15:25:24,845 INFO  impl.LeaderElection (LeaderElection.java:askForVotes(448)) - s12@group-BEB040E247F1-LeaderElection21 PRE_VOTE round 0: submit vote requests at term 1 for conf: {index: 0, cur=peers:[s11|0.0.0.0:15011, s13|0.0.0.0:15013, s12|0.0.0.0:15012]|listeners:[], old=null}
2025-05-22 15:25:24,846 INFO  server.GrpcServerProtocolClient (GrpcServerProtocolClient.java:<init>(65)) - Build channel for s11|0.0.0.0:15011
2025-05-22 15:25:24,846 INFO  server.GrpcServerProtocolClient (GrpcServerProtocolClient.java:<init>(65)) - Build channel for s13|0.0.0.0:15013
2025-05-22 15:25:24,849 INFO  server.RaftServer$Division (RaftServerImpl.java:requestVote(1475)) - s13@group-BEB040E247F1: receive requestVote(PRE_VOTE, s12, group-BEB040E247F1, 1, (t:1, i:120))
2025-05-22 15:25:24,849 WARN  server.GrpcServerProtocolService (LogUtils.java:warn(129)) - s11: Failed requestVote s12->s11#0
org.apache.ratis.protocol.exceptions.GroupMismatchException: s11: group-BEB040E247F1 not found.
	at org.apache.ratis.server.impl.RaftServerProxy$ImplMap.get(RaftServerProxy.java:161)
	at org.apache.ratis.server.impl.RaftServerProxy.getImplFuture(RaftServerProxy.java:371)
	at org.apache.ratis.server.impl.RaftServerProxy.getImpl(RaftServerProxy.java:380)
	at org.apache.ratis.server.impl.RaftServerProxy.getImpl(RaftServerProxy.java:375)
	at org.apache.ratis.server.impl.RaftServerProxy.requestVote(RaftServerProxy.java:646)
	at org.apache.ratis.grpc.server.GrpcServerProtocolService.requestVote(GrpcServerProtocolService.java:285)
	at org.apache.ratis.proto.grpc.RaftServerProtocolServiceGrpc$MethodHandlers.invoke(RaftServerProtocolServiceGrpc.java:499)
	at org.apache.ratis.thirdparty.io.grpc.stub.ServerCalls$UnaryServerCallHandler$UnaryServerCallListener.onHalfClose(ServerCalls.java:182)
	at org.apache.ratis.thirdparty.io.grpc.internal.ServerCallImpl$ServerStreamListenerImpl.halfClosed(ServerCallImpl.java:356)
	at org.apache.ratis.thirdparty.io.grpc.internal.ServerImpl$JumpToApplicationThreadServerStreamListener$1HalfClosed.runInContext(ServerImpl.java:861)
	at org.apache.ratis.thirdparty.io.grpc.internal.ContextRunnable.run(ContextRunnable.java:37)
	at org.apache.ratis.thirdparty.io.grpc.internal.SerializingExecutor.run(SerializingExecutor.java:133)
	at java.util.concurrent.ThreadPoolExecutor.runWorker(ThreadPoolExecutor.java:1149)
	at java.util.concurrent.ThreadPoolExecutor$Worker.run(ThreadPoolExecutor.java:624)
	at java.lang.Thread.run(Thread.java:750)
2025-05-22 15:25:24,850 INFO  impl.VoteContext (VoteContext.java:log(49)) - s13@group-BEB040E247F1-FOLLOWER: accept PRE_VOTE from s12: our priority 0 <= candidate's priority 0
2025-05-22 15:25:24,850 INFO  server.RaftServer$Division (RaftServerImpl.java:requestVote(1509)) - s13@group-BEB040E247F1 replies to PRE_VOTE vote request: s12<-s13#0:OK-t1-last:(t:1, i:120). Peer's state: s13@group-BEB040E247F1:t1, leader=s11, voted=s11, raftlog=Memoized:s13@group-BEB040E247F1-SegmentedRaftLog:OPENED:c120:last(t:1, i:120), conf=conf: {index: 0, cur=peers:[s11|0.0.0.0:15011, s13|0.0.0.0:15013, s12|0.0.0.0:15012]|listeners:[], old=null}
2025-05-22 15:25:24,851 INFO  impl.LeaderElection (LeaderElection.java:logAndReturn(206)) - s12@group-BEB040E247F1-LeaderElection21: PRE_VOTE PASSED received 1 response(s) and 0 exception(s):
2025-05-22 15:25:24,851 INFO  impl.LeaderElection (LeaderElection.java:logAndReturn(210)) -   Response 0: s12<-s13#0:OK-t1-last:(t:1, i:120)
2025-05-22 15:25:24,851 INFO  impl.LeaderElection (LeaderElection.java:askForVotes(450)) - s12@group-BEB040E247F1-LeaderElection21 PRE_VOTE round 0: result PASSED
2025-05-22 15:25:24,851 TRACE util.FileUtils (LogUtils.java:supplyAndLog(69)) - Successfully supplied FileChannel.open /home/runner/work/ratis/ratis/ratis-examples/target/test/data/3b356627/MiniRaftClusterWithGrpcde84ffe6/s12/dabd5879-b550-4400-929d-beb040e247f1/current/raft-meta.tmp with options [CREATE, TRUNCATE_EXISTING, WRITE]: sun.nio.ch.FileChannelImpl@7c0eaea
2025-05-22 15:25:24,853 TRACE util.FileUtils (LogUtils.java:runAndLog(49)) - Successfully ran Atomic Files.move /home/runner/work/ratis/ratis/ratis-examples/target/test/data/3b356627/MiniRaftClusterWithGrpcde84ffe6/s12/dabd5879-b550-4400-929d-beb040e247f1/current/raft-meta.tmp to /home/runner/work/ratis/ratis/ratis-examples/target/test/data/3b356627/MiniRaftClusterWithGrpcde84ffe6/s12/dabd5879-b550-4400-929d-beb040e247f1/current/raft-meta with options [REPLACE_EXISTING]
2025-05-22 15:25:24,853 INFO  impl.LeaderElection (LeaderElection.java:askForVotes(448)) - s12@group-BEB040E247F1-LeaderElection21 ELECTION round 0: submit vote requests at term 2 for conf: {index: 0, cur=peers:[s11|0.0.0.0:15011, s13|0.0.0.0:15013, s12|0.0.0.0:15012]|listeners:[], old=null}
2025-05-22 15:25:24,854 WARN  server.GrpcServerProtocolService (LogUtils.java:warn(129)) - s11: Failed requestVote s12->s11#0
org.apache.ratis.protocol.exceptions.GroupMismatchException: s11: group-BEB040E247F1 not found.
	at org.apache.ratis.server.impl.RaftServerProxy$ImplMap.get(RaftServerProxy.java:161)
	at org.apache.ratis.server.impl.RaftServerProxy.getImplFuture(RaftServerProxy.java:371)
	at org.apache.ratis.server.impl.RaftServerProxy.getImpl(RaftServerProxy.java:380)
	at org.apache.ratis.server.impl.RaftServerProxy.getImpl(RaftServerProxy.java:375)
	at org.apache.ratis.server.impl.RaftServerProxy.requestVote(RaftServerProxy.java:646)
	at org.apache.ratis.grpc.server.GrpcServerProtocolService.requestVote(GrpcServerProtocolService.java:285)
	at org.apache.ratis.proto.grpc.RaftServerProtocolServiceGrpc$MethodHandlers.invoke(RaftServerProtocolServiceGrpc.java:499)
	at org.apache.ratis.thirdparty.io.grpc.stub.ServerCalls$UnaryServerCallHandler$UnaryServerCallListener.onHalfClose(ServerCalls.java:182)
	at org.apache.ratis.thirdparty.io.grpc.internal.ServerCallImpl$ServerStreamListenerImpl.halfClosed(ServerCallImpl.java:356)
	at org.apache.ratis.thirdparty.io.grpc.internal.ServerImpl$JumpToApplicationThreadServerStreamListener$1HalfClosed.runInContext(ServerImpl.java:861)
	at org.apache.ratis.thirdparty.io.grpc.internal.ContextRunnable.run(ContextRunnable.java:37)
	at org.apache.ratis.thirdparty.io.grpc.internal.SerializingExecutor.run(SerializingExecutor.java:133)
	at java.util.concurrent.ThreadPoolExecutor.runWorker(ThreadPoolExecutor.java:1149)
	at java.util.concurrent.ThreadPoolExecutor$Worker.run(ThreadPoolExecutor.java:624)
	at java.lang.Thread.run(Thread.java:750)
2025-05-22 15:25:24,855 INFO  server.RaftServer$Division (RaftServerImpl.java:requestVote(1475)) - s13@group-BEB040E247F1: receive requestVote(ELECTION, s12, group-BEB040E247F1, 2, (t:1, i:120))
2025-05-22 15:25:24,855 INFO  impl.VoteContext (VoteContext.java:log(49)) - s13@group-BEB040E247F1-FOLLOWER: accept ELECTION from s12: our priority 0 <= candidate's priority 0
2025-05-22 15:25:24,855 INFO  server.RaftServer$Division (RaftServerImpl.java:setRole(395)) - s13@group-BEB040E247F1: changes role from  FOLLOWER to FOLLOWER at term 1 for candidate:s12
2025-05-22 15:25:24,855 INFO  impl.RoleInfo (RoleInfo.java:shutdownFollowerState(121)) - s13: shutdown s13@group-BEB040E247F1-FollowerState
2025-05-22 15:25:24,855 INFO  server.RaftServer$Division (ServerState.java:setLeader(272)) - s13@group-BEB040E247F1: change Leader from s11 to null at term 2 for updateCurrentTerm
2025-05-22 15:25:24,855 INFO  impl.RoleInfo (RoleInfo.java:updateAndGet(148)) - s13: start s13@group-BEB040E247F1-FollowerState
2025-05-22 15:25:24,856 INFO  impl.FollowerState (FollowerState.java:runImpl(170)) - s13@group-BEB040E247F1-FollowerState was interrupted
2025-05-22 15:25:24,857 TRACE util.FileUtils (LogUtils.java:supplyAndLog(69)) - Successfully supplied FileChannel.open /home/runner/work/ratis/ratis/ratis-examples/target/test/data/3b356627/MiniRaftClusterWithGrpcde84ffe6/s13/dabd5879-b550-4400-929d-beb040e247f1/current/raft-meta.tmp with options [CREATE, TRUNCATE_EXISTING, WRITE]: sun.nio.ch.FileChannelImpl@7b46d569
2025-05-22 15:25:24,858 INFO  impl.LeaderElection (LogUtils.java:infoOrTrace(142)) - s12@group-BEB040E247F1-LeaderElection21 got exception when requesting votes: java.util.concurrent.ExecutionException: org.apache.ratis.thirdparty.io.grpc.StatusRuntimeException: INTERNAL: s11: group-BEB040E247F1 not found.
2025-05-22 15:25:24,859 INFO  segmented.SegmentedRaftLogWorker (SegmentedRaftLogWorker.java:close(256)) - s11@group-BEB040E247F1-SegmentedRaftLogWorker close()
2025-05-22 15:25:24,859 TRACE util.FileUtils (LogUtils.java:runAndLog(49)) - Successfully ran Atomic Files.move /home/runner/work/ratis/ratis/ratis-examples/target/test/data/3b356627/MiniRaftClusterWithGrpcde84ffe6/s13/dabd5879-b550-4400-929d-beb040e247f1/current/raft-meta.tmp to /home/runner/work/ratis/ratis/ratis-examples/target/test/data/3b356627/MiniRaftClusterWithGrpcde84ffe6/s13/dabd5879-b550-4400-929d-beb040e247f1/current/raft-meta with options [REPLACE_EXISTING]
2025-05-22 15:25:24,859 INFO  server.RaftServer$Division (RaftServerImpl.java:requestVote(1509)) - s13@group-BEB040E247F1 replies to ELECTION vote request: s12<-s13#0:OK-t2-last:(t:1, i:120). Peer's state: s13@group-BEB040E247F1:t2, leader=null, voted=s12, raftlog=Memoized:s13@group-BEB040E247F1-SegmentedRaftLog:OPENED:c120:last(t:1, i:120), conf=conf: {index: 0, cur=peers:[s11|0.0.0.0:15011, s13|0.0.0.0:15013, s12|0.0.0.0:15012]|listeners:[], old=null}
2025-05-22 15:25:24,860 INFO  raftlog.RaftLog (SegmentedRaftLog.java:close(577)) - Successfully closed s11@group-BEB040E247F1-SegmentedRaftLog:CLOSED:c120
2025-05-22 15:25:24,861 INFO  impl.LeaderElection (LeaderElection.java:logAndReturn(206)) - s12@group-BEB040E247F1-LeaderElection21: ELECTION PASSED received 1 response(s) and 1 exception(s):
2025-05-22 15:25:24,861 INFO  impl.LeaderElection (LeaderElection.java:logAndReturn(210)) -   Response 0: s12<-s13#0:OK-t2-last:(t:1, i:120)
2025-05-22 15:25:24,861 INFO  impl.LeaderElection (LogUtils.java:infoOrTrace(142)) -   Exception 1: java.util.concurrent.ExecutionException: org.apache.ratis.thirdparty.io.grpc.StatusRuntimeException: INTERNAL: s11: group-BEB040E247F1 not found.
2025-05-22 15:25:24,861 INFO  impl.LeaderElection (LeaderElection.java:askForVotes(450)) - s12@group-BEB040E247F1-LeaderElection21 ELECTION round 0: result PASSED
2025-05-22 15:25:24,861 INFO  impl.RoleInfo (RoleInfo.java:shutdownLeaderElection(141)) - s12: shutdown s12@group-BEB040E247F1-LeaderElection21
2025-05-22 15:25:24,861 INFO  server.RaftServer$Division (RaftServerImpl.java:setRole(395)) - s12@group-BEB040E247F1: changes role from CANDIDATE to LEADER at term 2 for changeToLeader
2025-05-22 15:25:24,861 INFO  server.RaftServerConfigKeys (ConfUtils.java:logFallback(69)) - raft.server.staging.timeout = 1800ms (fallback to raft.server.rpc.timeout.max)
2025-05-22 15:25:24,861 TRACE util.FileUtils (FileUtils.java:deleteFully(351)) - deleteFully /home/runner/work/ratis/ratis/ratis-examples/target/test/data/3b356627/MiniRaftClusterWithGrpcde84ffe6/s11/dabd5879-b550-4400-929d-beb040e247f1
2025-05-22 15:25:24,862 TRACE util.FileUtils (LogUtils.java:runAndLog(49)) - Successfully ran Files.delete /home/runner/work/ratis/ratis/ratis-examples/target/test/data/3b356627/MiniRaftClusterWithGrpcde84ffe6/s11/dabd5879-b550-4400-929d-beb040e247f1/current/log_inprogress_0
2025-05-22 15:25:24,862 TRACE util.FileUtils (LogUtils.java:runAndLog(49)) - Successfully ran Files.delete /home/runner/work/ratis/ratis/ratis-examples/target/test/data/3b356627/MiniRaftClusterWithGrpcde84ffe6/s11/dabd5879-b550-4400-929d-beb040e247f1/current/raft-meta.conf
2025-05-22 15:25:24,862 TRACE util.FileUtils (LogUtils.java:runAndLog(49)) - Successfully ran Files.delete /home/runner/work/ratis/ratis/ratis-examples/target/test/data/3b356627/MiniRaftClusterWithGrpcde84ffe6/s11/dabd5879-b550-4400-929d-beb040e247f1/current/raft-meta
2025-05-22 15:25:24,862 INFO  impl.RoleInfo (RoleInfo.java:updateAndGet(148)) - s12: start s12@group-BEB040E247F1-LeaderStateImpl
2025-05-22 15:25:24,862 INFO  server.RaftServer$Division (ServerState.java:setLeader(272)) - s12@group-BEB040E247F1: change Leader from null to s12 at term 2 for becomeLeader, leader elected after 16ms
2025-05-22 15:25:24,862 TRACE util.FileUtils (LogUtils.java:runAndLog(49)) - Successfully ran Files.delete /home/runner/work/ratis/ratis/ratis-examples/target/test/data/3b356627/MiniRaftClusterWithGrpcde84ffe6/s11/dabd5879-b550-4400-929d-beb040e247f1/current
2025-05-22 15:25:24,862 TRACE util.FileUtils (LogUtils.java:runAndLog(49)) - Successfully ran Files.delete /home/runner/work/ratis/ratis/ratis-examples/target/test/data/3b356627/MiniRaftClusterWithGrpcde84ffe6/s11/dabd5879-b550-4400-929d-beb040e247f1/sm
2025-05-22 15:25:24,862 TRACE util.FileUtils (LogUtils.java:runAndLog(49)) - Successfully ran Files.delete /home/runner/work/ratis/ratis/ratis-examples/target/test/data/3b356627/MiniRaftClusterWithGrpcde84ffe6/s11/dabd5879-b550-4400-929d-beb040e247f1/in_use.lock
2025-05-22 15:25:24,863 TRACE util.FileUtils (LogUtils.java:runAndLog(49)) - Successfully ran Files.delete /home/runner/work/ratis/ratis/ratis-examples/target/test/data/3b356627/MiniRaftClusterWithGrpcde84ffe6/s11/dabd5879-b550-4400-929d-beb040e247f1
2025-05-22 15:25:24,863 INFO  server.RaftServer$Division (RaftServerImpl.java:groupRemove(500)) - s11@group-BEB040E247F1: Succeed to remove RaftStorageDirectory Storage Directory /home/runner/work/ratis/ratis/ratis-examples/target/test/data/3b356627/MiniRaftClusterWithGrpcde84ffe6/s11/dabd5879-b550-4400-929d-beb040e247f1
2025-05-22 15:25:24,863 INFO  segmented.SegmentedRaftLogWorker (SegmentedRaftLogWorker.java:rollLogSegment(450)) - s12@group-BEB040E247F1-SegmentedRaftLogWorker: Rolling segment log-0_120 to index:120
2025-05-22 15:25:24,864 INFO  server.RaftServer$Division (ServerState.java:setRaftConf(386)) - s12@group-BEB040E247F1: set configuration conf: {index: 121, cur=peers:[s11|0.0.0.0:15011, s13|0.0.0.0:15013, s12|0.0.0.0:15012]|listeners:[], old=null}
2025-05-22 15:25:24,870 TRACE util.FileUtils (LogUtils.java:runAndLog(49)) - Successfully ran Atomic Files.move /home/runner/work/ratis/ratis/ratis-examples/target/test/data/3b356627/MiniRaftClusterWithGrpcde84ffe6/s12/dabd5879-b550-4400-929d-beb040e247f1/current/log_inprogress_0 to /home/runner/work/ratis/ratis/ratis-examples/target/test/data/3b356627/MiniRaftClusterWithGrpcde84ffe6/s12/dabd5879-b550-4400-929d-beb040e247f1/current/log_0-120
2025-05-22 15:25:24,871 INFO  segmented.SegmentedRaftLogWorker (SegmentedRaftLogWorker.java:execute(626)) - s12@group-BEB040E247F1-SegmentedRaftLogWorker: Rolled log segment from /home/runner/work/ratis/ratis/ratis-examples/target/test/data/3b356627/MiniRaftClusterWithGrpcde84ffe6/s12/dabd5879-b550-4400-929d-beb040e247f1/current/log_inprogress_0 to /home/runner/work/ratis/ratis/ratis-examples/target/test/data/3b356627/MiniRaftClusterWithGrpcde84ffe6/s12/dabd5879-b550-4400-929d-beb040e247f1/current/log_0-120
2025-05-22 15:25:24,871 INFO  segmented.BufferedWriteChannel (BufferedWriteChannel.java:open(61)) - open log_inprogress_121 at position 0
2025-05-22 15:25:24,874 INFO  server.RaftServer$Division (ServerState.java:setLeader(272)) - s13@group-BEB040E247F1: change Leader from null to s12 at term 2 for appendEntries, leader elected after 19ms
2025-05-22 15:25:24,875 INFO  server.RaftServer$Division (ServerState.java:setRaftConf(386)) - s13@group-BEB040E247F1: set configuration conf: {index: 121, cur=peers:[s11|0.0.0.0:15011, s13|0.0.0.0:15013, s12|0.0.0.0:15012]|listeners:[], old=null}
2025-05-22 15:25:24,875 INFO  segmented.SegmentedRaftLogWorker (SegmentedRaftLogWorker.java:rollLogSegment(450)) - s13@group-BEB040E247F1-SegmentedRaftLogWorker: Rolling segment log-0_120 to index:120
2025-05-22 15:25:24,876 WARN  server.GrpcServerProtocolService (LogUtils.java:warn(129)) - s11: Failed APPEND_ENTRIES request cid=1, isHeartbeat? false
java.util.concurrent.CompletionException: org.apache.ratis.protocol.exceptions.GroupMismatchException: s11: group-BEB040E247F1 not found.
	at java.util.concurrent.CompletableFuture.encodeThrowable(CompletableFuture.java:292)
	at java.util.concurrent.CompletableFuture.uniComposeStage(CompletableFuture.java:989)
	at java.util.concurrent.CompletableFuture.thenCompose(CompletableFuture.java:2137)
	at org.apache.ratis.server.impl.RaftServerProxy.appendEntriesAsync(RaftServerProxy.java:661)
	at org.apache.ratis.grpc.server.GrpcServerProtocolService$1.process(GrpcServerProtocolService.java:323)
	at org.apache.ratis.grpc.server.GrpcServerProtocolService$ServerRequestStreamObserver.onNext(GrpcServerProtocolService.java:187)
	at org.apache.ratis.thirdparty.io.grpc.stub.ServerCalls$StreamingServerCallHandler$StreamingServerCallListener.onMessage(ServerCalls.java:262)
	at org.apache.ratis.thirdparty.io.grpc.internal.ServerCallImpl$ServerStreamListenerImpl.messagesAvailableInternal(ServerCallImpl.java:334)
	at org.apache.ratis.thirdparty.io.grpc.internal.ServerCallImpl$ServerStreamListenerImpl.messagesAvailable(ServerCallImpl.java:319)
	at org.apache.ratis.thirdparty.io.grpc.internal.ServerImpl$JumpToApplicationThreadServerStreamListener$1MessagesAvailable.runInContext(ServerImpl.java:834)
	at org.apache.ratis.thirdparty.io.grpc.internal.ContextRunnable.run(ContextRunnable.java:37)
	at org.apache.ratis.thirdparty.io.grpc.internal.SerializingExecutor.run(SerializingExecutor.java:133)
	at java.util.concurrent.ThreadPoolExecutor.runWorker(ThreadPoolExecutor.java:1149)
	at java.util.concurrent.ThreadPoolExecutor$Worker.run(ThreadPoolExecutor.java:624)
	at java.lang.Thread.run(Thread.java:750)
Caused by: org.apache.ratis.protocol.exceptions.GroupMismatchException: s11: group-BEB040E247F1 not found.
	at org.apache.ratis.server.impl.RaftServerProxy$ImplMap.get(RaftServerProxy.java:161)
	at org.apache.ratis.server.impl.RaftServerProxy.getImplFuture(RaftServerProxy.java:371)
	at org.apache.ratis.server.impl.RaftServerProxy.appendEntriesAsync(RaftServerProxy.java:660)
	... 11 more
2025-05-22 15:25:24,877 TRACE util.FileUtils (LogUtils.java:runAndLog(49)) - Successfully ran Atomic Files.move /home/runner/work/ratis/ratis/ratis-examples/target/test/data/3b356627/MiniRaftClusterWithGrpcde84ffe6/s13/dabd5879-b550-4400-929d-beb040e247f1/current/log_inprogress_0 to /home/runner/work/ratis/ratis/ratis-examples/target/test/data/3b356627/MiniRaftClusterWithGrpcde84ffe6/s13/dabd5879-b550-4400-929d-beb040e247f1/current/log_0-120
2025-05-22 15:25:24,878 INFO  segmented.SegmentedRaftLogWorker (SegmentedRaftLogWorker.java:execute(626)) - s13@group-BEB040E247F1-SegmentedRaftLogWorker: Rolled log segment from /home/runner/work/ratis/ratis/ratis-examples/target/test/data/3b356627/MiniRaftClusterWithGrpcde84ffe6/s13/dabd5879-b550-4400-929d-beb040e247f1/current/log_inprogress_0 to /home/runner/work/ratis/ratis/ratis-examples/target/test/data/3b356627/MiniRaftClusterWithGrpcde84ffe6/s13/dabd5879-b550-4400-929d-beb040e247f1/current/log_0-120
2025-05-22 15:25:24,879 INFO  segmented.BufferedWriteChannel (BufferedWriteChannel.java:open(61)) - open log_inprogress_121 at position 0
2025-05-22 15:25:24,880 INFO  segmented.SegmentedRaftLogWorker (SegmentedRaftLogWorker.java:execute(669)) - s12@group-BEB040E247F1-SegmentedRaftLogWorker: created new log segment /home/runner/work/ratis/ratis/ratis-examples/target/test/data/3b356627/MiniRaftClusterWithGrpcde84ffe6/s12/dabd5879-b550-4400-929d-beb040e247f1/current/log_inprogress_121
2025-05-22 15:25:24,881 INFO  server.RaftServer (RaftServerProxy.java:remove(117)) - s13: remove  FOLLOWER (RUNNING): s13@group-BEB040E247F1:t2, leader=s12, voted=s12, raftlog=Memoized:s13@group-BEB040E247F1-SegmentedRaftLog:OPENED:c120:last(t:2, i:121), conf=conf: {index: 121, cur=peers:[s11|0.0.0.0:15011, s13|0.0.0.0:15013, s12|0.0.0.0:15012]|listeners:[], old=null}
2025-05-22 15:25:24,885 INFO  server.RaftServer$Division (RaftServerImpl.java:lambda$close$1(530)) - s13@group-BEB040E247F1: shutdown
2025-05-22 15:25:24,885 INFO  util.JmxRegister (JmxRegister.java:unregister(74)) - Successfully un-registered JMX Bean with object name Ratis:service=RaftServer,group=group-BEB040E247F1,id=s13
2025-05-22 15:25:24,885 INFO  impl.RoleInfo (RoleInfo.java:shutdownFollowerState(121)) - s13: shutdown s13@group-BEB040E247F1-FollowerState
2025-05-22 15:25:24,886 INFO  impl.StateMachineUpdater (StateMachineUpdater.java:stopAndJoin(163)) - s13@group-BEB040E247F1-StateMachineUpdater: set stopIndex = 120
2025-05-22 15:25:24,886 INFO  impl.FollowerState (FollowerState.java:runImpl(170)) - s13@group-BEB040E247F1-FollowerState was interrupted
2025-05-22 15:25:24,886 INFO  impl.StateMachineUpdater (StateMachineUpdater.java:stop(140)) - s13@group-BEB040E247F1-StateMachineUpdater: closing ArithmeticStateMachine, lastApplied=(t:1, i:120)
2025-05-22 15:25:24,886 INFO  raftlog.RaftLog (SegmentedRaftLog.java:close(569)) - Start closing s13@group-BEB040E247F1-SegmentedRaftLog:OPENED:c120:last(t:2, i:121)
2025-05-22 15:25:24,886 INFO  util.AwaitToRun (AwaitToRun.java:run(49)) - s13@group-BEB040E247F1-cacheEviction-AwaitToRun-AwaitForSignal is interrupted
2025-05-22 15:25:24,887 INFO  segmented.LogSegment (LogSegment.java:close(354)) - Successfully closed EntryCache-log_inprogress_121
2025-05-22 15:25:24,888 INFO  segmented.LogSegment (LogSegment.java:close(354)) - Successfully closed EntryCache-log-0_120
2025-05-22 15:25:24,889 WARN  server.GrpcLogAppender (LogUtils.java:warn(129)) - s12@group-BEB040E247F1->s11-AppendLogResponseHandler: Failed appendEntries
org.apache.ratis.protocol.exceptions.GroupMismatchException: s11: group-BEB040E247F1 not found.
	at org.apache.ratis.server.impl.RaftServerProxy$ImplMap.get(RaftServerProxy.java:161)
	at org.apache.ratis.server.impl.RaftServerProxy.getImplFuture(RaftServerProxy.java:371)
	at org.apache.ratis.server.impl.RaftServerProxy.appendEntriesAsync(RaftServerProxy.java:660)
	at org.apache.ratis.grpc.server.GrpcServerProtocolService$1.process(GrpcServerProtocolService.java:323)
	at org.apache.ratis.grpc.server.GrpcServerProtocolService$ServerRequestStreamObserver.onNext(GrpcServerProtocolService.java:187)
	at org.apache.ratis.thirdparty.io.grpc.stub.ServerCalls$StreamingServerCallHandler$StreamingServerCallListener.onMessage(ServerCalls.java:262)
	at org.apache.ratis.thirdparty.io.grpc.internal.ServerCallImpl$ServerStreamListenerImpl.messagesAvailableInternal(ServerCallImpl.java:334)
	at org.apache.ratis.thirdparty.io.grpc.internal.ServerCallImpl$ServerStreamListenerImpl.messagesAvailable(ServerCallImpl.java:319)
	at org.apache.ratis.thirdparty.io.grpc.internal.ServerImpl$JumpToApplicationThreadServerStreamListener$1MessagesAvailable.runInContext(ServerImpl.java:834)
	at org.apache.ratis.thirdparty.io.grpc.internal.ContextRunnable.run(ContextRunnable.java:37)
	at org.apache.ratis.thirdparty.io.grpc.internal.SerializingExecutor.run(SerializingExecutor.java:133)
	at java.util.concurrent.ThreadPoolExecutor.runWorker(ThreadPoolExecutor.java:1149)
	at java.util.concurrent.ThreadPoolExecutor$Worker.run(ThreadPoolExecutor.java:624)
	at java.lang.Thread.run(Thread.java:750)
2025-05-22 15:25:24,891 INFO  segmented.SegmentedRaftLogWorker (SegmentedRaftLogWorker.java:execute(669)) - s13@group-BEB040E247F1-SegmentedRaftLogWorker: created new log segment /home/runner/work/ratis/ratis/ratis-examples/target/test/data/3b356627/MiniRaftClusterWithGrpcde84ffe6/s13/dabd5879-b550-4400-929d-beb040e247f1/current/log_inprogress_121
2025-05-22 15:25:24,892 INFO  leader.LogAppender (LogAppenderBase.java:lambda$getNextIndexForError$0(293)) - s12@group-BEB040E247F1->s11-GrpcLogAppender: Decrease nextIndex to 121
2025-05-22 15:25:24,892 INFO  leader.LogAppender (LogAppenderBase.java:lambda$getNextIndexForError$0(293)) - s12@group-BEB040E247F1->s11-GrpcLogAppender: Decrease nextIndex to 121
2025-05-22 15:25:24,892 INFO  segmented.SegmentedRaftLogWorker (SegmentedRaftLogWorker.java:close(256)) - s13@group-BEB040E247F1-SegmentedRaftLogWorker close()
2025-05-22 15:25:24,892 INFO  leader.FollowerInfo (FollowerInfoImpl.java:info(70)) - s12@group-BEB040E247F1->s11: computeNextIndex nextIndex: updateUnconditionally 122 -> 121
2025-05-22 15:25:24,893 INFO  raftlog.RaftLog (SegmentedRaftLog.java:close(577)) - Successfully closed s13@group-BEB040E247F1-SegmentedRaftLog:CLOSED:c120
2025-05-22 15:25:24,893 TRACE util.FileUtils (FileUtils.java:deleteFully(351)) - deleteFully /home/runner/work/ratis/ratis/ratis-examples/target/test/data/3b356627/MiniRaftClusterWithGrpcde84ffe6/s13/dabd5879-b550-4400-929d-beb040e247f1
2025-05-22 15:25:24,893 TRACE util.FileUtils (LogUtils.java:runAndLog(49)) - Successfully ran Files.delete /home/runner/work/ratis/ratis/ratis-examples/target/test/data/3b356627/MiniRaftClusterWithGrpcde84ffe6/s13/dabd5879-b550-4400-929d-beb040e247f1/current/log_0-120
2025-05-22 15:25:24,894 TRACE util.FileUtils (LogUtils.java:runAndLog(49)) - Successfully ran Files.delete /home/runner/work/ratis/ratis/ratis-examples/target/test/data/3b356627/MiniRaftClusterWithGrpcde84ffe6/s13/dabd5879-b550-4400-929d-beb040e247f1/current/raft-meta.conf
2025-05-22 15:25:24,894 TRACE util.FileUtils (LogUtils.java:runAndLog(49)) - Successfully ran Files.delete /home/runner/work/ratis/ratis/ratis-examples/target/test/data/3b356627/MiniRaftClusterWithGrpcde84ffe6/s13/dabd5879-b550-4400-929d-beb040e247f1/current/raft-meta
2025-05-22 15:25:24,894 TRACE util.FileUtils (LogUtils.java:runAndLog(49)) - Successfully ran Files.delete /home/runner/work/ratis/ratis/ratis-examples/target/test/data/3b356627/MiniRaftClusterWithGrpcde84ffe6/s13/dabd5879-b550-4400-929d-beb040e247f1/current/log_inprogress_121
2025-05-22 15:25:24,894 TRACE util.FileUtils (LogUtils.java:runAndLog(49)) - Successfully ran Files.delete /home/runner/work/ratis/ratis/ratis-examples/target/test/data/3b356627/MiniRaftClusterWithGrpcde84ffe6/s13/dabd5879-b550-4400-929d-beb040e247f1/current
2025-05-22 15:25:24,894 TRACE util.FileUtils (LogUtils.java:runAndLog(49)) - Successfully ran Files.delete /home/runner/work/ratis/ratis/ratis-examples/target/test/data/3b356627/MiniRaftClusterWithGrpcde84ffe6/s13/dabd5879-b550-4400-929d-beb040e247f1/sm
2025-05-22 15:25:24,894 TRACE util.FileUtils (LogUtils.java:runAndLog(49)) - Successfully ran Files.delete /home/runner/work/ratis/ratis/ratis-examples/target/test/data/3b356627/MiniRaftClusterWithGrpcde84ffe6/s13/dabd5879-b550-4400-929d-beb040e247f1/in_use.lock
2025-05-22 15:25:24,894 TRACE util.FileUtils (LogUtils.java:runAndLog(49)) - Successfully ran Files.delete /home/runner/work/ratis/ratis/ratis-examples/target/test/data/3b356627/MiniRaftClusterWithGrpcde84ffe6/s13/dabd5879-b550-4400-929d-beb040e247f1
2025-05-22 15:25:24,895 INFO  server.RaftServer$Division (RaftServerImpl.java:groupRemove(500)) - s13@group-BEB040E247F1: Succeed to remove RaftStorageDirectory Storage Directory /home/runner/work/ratis/ratis/ratis-examples/target/test/data/3b356627/MiniRaftClusterWithGrpcde84ffe6/s13/dabd5879-b550-4400-929d-beb040e247f1
2025-05-22 15:25:24,901 INFO  server.RaftServer (RaftServerProxy.java:remove(117)) - s12: remove    LEADER (RUNNING): s12@group-BEB040E247F1:t2, leader=s12, voted=s12, raftlog=Memoized:s12@group-BEB040E247F1-SegmentedRaftLog:OPENED:c120:last(t:2, i:121), conf=conf: {index: 121, cur=peers:[s11|0.0.0.0:15011, s13|0.0.0.0:15013, s12|0.0.0.0:15012]|listeners:[], old=null}
2025-05-22 15:25:24,902 INFO  server.RaftServer$Division (RaftServerImpl.java:lambda$close$1(530)) - s12@group-BEB040E247F1: shutdown
2025-05-22 15:25:24,902 INFO  util.JmxRegister (JmxRegister.java:unregister(74)) - Successfully un-registered JMX Bean with object name Ratis:service=RaftServer,group=group-BEB040E247F1,id=s12
2025-05-22 15:25:24,903 INFO  impl.RoleInfo (RoleInfo.java:shutdownLeaderState(103)) - s12: shutdown s12@group-BEB040E247F1-LeaderStateImpl
2025-05-22 15:25:24,903 WARN  server.GrpcLogAppender (GrpcLogAppender.java:mayWait(300)) - s12@group-BEB040E247F1->s11-GrpcLogAppender: Wait interrupted by java.lang.InterruptedException
2025-05-22 15:25:24,903 INFO  impl.PendingRequests (PendingRequests.java:sendNotLeaderResponses(287)) - s12@group-BEB040E247F1-PendingRequests: sendNotLeaderResponses
2025-05-22 15:25:24,903 WARN  server.GrpcLogAppender (GrpcLogAppender.java:mayWait(300)) - s12@group-BEB040E247F1->s13-GrpcLogAppender: Wait interrupted by java.lang.InterruptedException
2025-05-22 15:25:24,905 INFO  impl.StateMachineUpdater (StateMachineUpdater.java:stopAndJoin(163)) - s12@group-BEB040E247F1-StateMachineUpdater: set stopIndex = 120
2025-05-22 15:25:24,905 INFO  impl.StateMachineUpdater (StateMachineUpdater.java:stop(140)) - s12@group-BEB040E247F1-StateMachineUpdater: closing ArithmeticStateMachine, lastApplied=(t:1, i:120)
2025-05-22 15:25:24,905 INFO  raftlog.RaftLog (SegmentedRaftLog.java:close(569)) - Start closing s12@group-BEB040E247F1-SegmentedRaftLog:OPENED:c120:last(t:2, i:121)
2025-05-22 15:25:24,906 INFO  util.AwaitToRun (AwaitToRun.java:run(49)) - s12@group-BEB040E247F1-cacheEviction-AwaitToRun-AwaitForSignal is interrupted
2025-05-22 15:25:24,907 INFO  segmented.LogSegment (LogSegment.java:close(354)) - Successfully closed EntryCache-log_inprogress_121
2025-05-22 15:25:24,907 INFO  segmented.LogSegment (LogSegment.java:close(354)) - Successfully closed EntryCache-log-0_120
2025-05-22 15:25:24,996 WARN  server.GrpcLogAppender (GrpcLogAppender.java:timeoutAppendRequest(466)) - s0@group-B21D4752B5F9->s10-GrpcLogAppender: Timed out HEARTBEAT appendEntries, errorCount=1, request=AppendEntriesRequest:cid=322,entriesCount=0
2025-05-22 15:25:25,072 WARN  server.GrpcLogAppender (GrpcLogAppender.java:timeoutAppendRequest(466)) - s0@group-B21D4752B5F9->s10-GrpcLogAppender: Timed out HEARTBEAT appendEntries, errorCount=2, request=AppendEntriesRequest:cid=323,entriesCount=0
2025-05-22 15:25:25,148 WARN  server.GrpcLogAppender (GrpcLogAppender.java:timeoutAppendRequest(466)) - s0@group-B21D4752B5F9->s10-GrpcLogAppender: Timed out HEARTBEAT appendEntries, errorCount=3, request=AppendEntriesRequest:cid=324,entriesCount=0
2025-05-22 15:25:25,224 WARN  server.GrpcLogAppender (GrpcLogAppender.java:timeoutAppendRequest(466)) - s0@group-B21D4752B5F9->s10-GrpcLogAppender: Timed out HEARTBEAT appendEntries, errorCount=4, request=AppendEntriesRequest:cid=325,entriesCount=0
2025-05-22 15:25:25,302 WARN  server.GrpcLogAppender (GrpcLogAppender.java:timeoutAppendRequest(466)) - s0@group-B21D4752B5F9->s10-GrpcLogAppender: Timed out HEARTBEAT appendEntries, errorCount=5, request=AppendEntriesRequest:cid=326,entriesCount=0
2025-05-22 15:25:25,377 WARN  server.GrpcLogAppender (GrpcLogAppender.java:timeoutAppendRequest(466)) - s0@group-B21D4752B5F9->s10-GrpcLogAppender: Timed out HEARTBEAT appendEntries, errorCount=6, request=AppendEntriesRequest:cid=327,entriesCount=0
2025-05-22 15:25:25,453 WARN  server.GrpcLogAppender (GrpcLogAppender.java:timeoutAppendRequest(466)) - s0@group-B21D4752B5F9->s10-GrpcLogAppender: Timed out HEARTBEAT appendEntries, errorCount=7, request=AppendEntriesRequest:cid=328,entriesCount=0
2025-05-22 15:25:25,529 WARN  server.GrpcLogAppender (GrpcLogAppender.java:timeoutAppendRequest(466)) - s0@group-B21D4752B5F9->s10-GrpcLogAppender: Timed out HEARTBEAT appendEntries, errorCount=8, request=AppendEntriesRequest:cid=329,entriesCount=0
2025-05-22 15:25:25,886 INFO  segmented.SegmentedRaftLogWorker (SegmentedRaftLogWorker.java:close(256)) - s12@group-BEB040E247F1-SegmentedRaftLogWorker close()
2025-05-22 15:25:25,887 INFO  raftlog.RaftLog (SegmentedRaftLog.java:close(577)) - Successfully closed s12@group-BEB040E247F1-SegmentedRaftLog:CLOSED:c120
2025-05-22 15:25:25,887 TRACE util.FileUtils (FileUtils.java:deleteFully(351)) - deleteFully /home/runner/work/ratis/ratis/ratis-examples/target/test/data/3b356627/MiniRaftClusterWithGrpcde84ffe6/s12/dabd5879-b550-4400-929d-beb040e247f1
2025-05-22 15:25:25,888 TRACE util.FileUtils (LogUtils.java:runAndLog(49)) - Successfully ran Files.delete /home/runner/work/ratis/ratis/ratis-examples/target/test/data/3b356627/MiniRaftClusterWithGrpcde84ffe6/s12/dabd5879-b550-4400-929d-beb040e247f1/current/log_0-120
2025-05-22 15:25:25,888 TRACE util.FileUtils (LogUtils.java:runAndLog(49)) - Successfully ran Files.delete /home/runner/work/ratis/ratis/ratis-examples/target/test/data/3b356627/MiniRaftClusterWithGrpcde84ffe6/s12/dabd5879-b550-4400-929d-beb040e247f1/current/raft-meta.conf
2025-05-22 15:25:25,888 TRACE util.FileUtils (LogUtils.java:runAndLog(49)) - Successfully ran Files.delete /home/runner/work/ratis/ratis/ratis-examples/target/test/data/3b356627/MiniRaftClusterWithGrpcde84ffe6/s12/dabd5879-b550-4400-929d-beb040e247f1/current/raft-meta
2025-05-22 15:25:25,888 TRACE util.FileUtils (LogUtils.java:runAndLog(49)) - Successfully ran Files.delete /home/runner/work/ratis/ratis/ratis-examples/target/test/data/3b356627/MiniRaftClusterWithGrpcde84ffe6/s12/dabd5879-b550-4400-929d-beb040e247f1/current/log_inprogress_121
2025-05-22 15:25:25,888 TRACE util.FileUtils (LogUtils.java:runAndLog(49)) - Successfully ran Files.delete /home/runner/work/ratis/ratis/ratis-examples/target/test/data/3b356627/MiniRaftClusterWithGrpcde84ffe6/s12/dabd5879-b550-4400-929d-beb040e247f1/current
2025-05-22 15:25:25,888 TRACE util.FileUtils (LogUtils.java:runAndLog(49)) - Successfully ran Files.delete /home/runner/work/ratis/ratis/ratis-examples/target/test/data/3b356627/MiniRaftClusterWithGrpcde84ffe6/s12/dabd5879-b550-4400-929d-beb040e247f1/sm
2025-05-22 15:25:25,889 TRACE util.FileUtils (LogUtils.java:runAndLog(49)) - Successfully ran Files.delete /home/runner/work/ratis/ratis/ratis-examples/target/test/data/3b356627/MiniRaftClusterWithGrpcde84ffe6/s12/dabd5879-b550-4400-929d-beb040e247f1/in_use.lock
2025-05-22 15:25:25,889 TRACE util.FileUtils (LogUtils.java:runAndLog(49)) - Successfully ran Files.delete /home/runner/work/ratis/ratis/ratis-examples/target/test/data/3b356627/MiniRaftClusterWithGrpcde84ffe6/s12/dabd5879-b550-4400-929d-beb040e247f1
2025-05-22 15:25:25,889 INFO  server.RaftServer$Division (RaftServerImpl.java:groupRemove(500)) - s12@group-BEB040E247F1: Succeed to remove RaftStorageDirectory Storage Directory /home/runner/work/ratis/ratis/ratis-examples/target/test/data/3b356627/MiniRaftClusterWithGrpcde84ffe6/s12/dabd5879-b550-4400-929d-beb040e247f1
2025-05-22 15:25:25,892 INFO  impl.GroupManagementBaseTest (GroupManagementBaseTest.java:runMultiGroupTest(301)) - 3) close printing group-627EA8FBA030
  s4:  RUNNING [
   FOLLOWER (RUNNING): s4@group-627EA8FBA030:t1, leader=s6, voted=s6, raftlog=Memoized:s4@group-627EA8FBA030-SegmentedRaftLog:OPENED:c120:last(t:1, i:120), conf=conf: {index: 0, cur=peers:[s4|0.0.0.0:15004, s5|0.0.0.0:15005, s6|0.0.0.0:15006]|listeners:[], old=null}
   FOLLOWER (STARTING): s4@group-5CA96AA9335B:t0, leader=null, voted=, raftlog=Memoized:s4@group-5CA96AA9335B-SegmentedRaftLog:OPENED:c-1:lastnull, conf=conf: {index: -1, cur=peers:[]|listeners:[], old=null}] size=2
  s5:  RUNNING [
   FOLLOWER (RUNNING): s5@group-627EA8FBA030:t1, leader=s6, voted=s6, raftlog=Memoized:s5@group-627EA8FBA030-SegmentedRaftLog:OPENED:c120:last(t:1, i:120), conf=conf: {index: 0, cur=peers:[s4|0.0.0.0:15004, s5|0.0.0.0:15005, s6|0.0.0.0:15006]|listeners:[], old=null}
   FOLLOWER (STARTING): s5@group-5CA96AA9335B:t0, leader=null, voted=, raftlog=Memoized:s5@group-5CA96AA9335B-SegmentedRaftLog:OPENED:c-1:lastnull, conf=conf: {index: -1, cur=peers:[]|listeners:[], old=null}] size=2
  s6:  RUNNING [
     LEADER (RUNNING): s6@group-627EA8FBA030:t1, leader=s6, voted=s6, raftlog=Memoized:s6@group-627EA8FBA030-SegmentedRaftLog:OPENED:c120:last(t:1, i:120), conf=conf: {index: 0, cur=peers:[s4|0.0.0.0:15004, s5|0.0.0.0:15005, s6|0.0.0.0:15006]|listeners:[], old=null}
   FOLLOWER (STARTING): s6@group-5CA96AA9335B:t0, leader=null, voted=, raftlog=Memoized:s6@group-5CA96AA9335B-SegmentedRaftLog:OPENED:c-1:lastnull, conf=conf: {index: -1, cur=peers:[]|listeners:[], old=null}] size=2
2025-05-22 15:25:25,897 INFO  server.RaftServer (RaftServerProxy.java:remove(117)) - s4: remove  FOLLOWER (RUNNING): s4@group-627EA8FBA030:t1, leader=s6, voted=s6, raftlog=Memoized:s4@group-627EA8FBA030-SegmentedRaftLog:OPENED:c120:last(t:1, i:120), conf=conf: {index: 0, cur=peers:[s4|0.0.0.0:15004, s5|0.0.0.0:15005, s6|0.0.0.0:15006]|listeners:[], old=null}
2025-05-22 15:25:25,897 INFO  server.RaftServer$Division (RaftServerImpl.java:lambda$close$1(530)) - s4@group-627EA8FBA030: shutdown
2025-05-22 15:25:25,897 INFO  util.JmxRegister (JmxRegister.java:unregister(74)) - Successfully un-registered JMX Bean with object name Ratis:service=RaftServer,group=group-627EA8FBA030,id=s4
2025-05-22 15:25:25,897 INFO  impl.RoleInfo (RoleInfo.java:shutdownFollowerState(121)) - s4: shutdown s4@group-627EA8FBA030-FollowerState
2025-05-22 15:25:25,897 INFO  impl.StateMachineUpdater (StateMachineUpdater.java:stopAndJoin(163)) - s4@group-627EA8FBA030-StateMachineUpdater: set stopIndex = 120
2025-05-22 15:25:25,897 INFO  impl.StateMachineUpdater (StateMachineUpdater.java:stop(140)) - s4@group-627EA8FBA030-StateMachineUpdater: closing ArithmeticStateMachine, lastApplied=(t:1, i:120)
2025-05-22 15:25:25,898 INFO  raftlog.RaftLog (SegmentedRaftLog.java:close(569)) - Start closing s4@group-627EA8FBA030-SegmentedRaftLog:OPENED:c120:last(t:1, i:120)
2025-05-22 15:25:25,899 INFO  util.AwaitToRun (AwaitToRun.java:run(49)) - s4@group-627EA8FBA030-cacheEviction-AwaitToRun-AwaitForSignal is interrupted
2025-05-22 15:25:25,899 INFO  segmented.LogSegment (LogSegment.java:close(354)) - Successfully closed EntryCache-log_inprogress_0
2025-05-22 15:25:25,900 INFO  impl.FollowerState (FollowerState.java:runImpl(170)) - s4@group-627EA8FBA030-FollowerState was interrupted
2025-05-22 15:25:26,633 INFO  segmented.SegmentedRaftLogWorker (SegmentedRaftLogWorker.java:close(256)) - s4@group-627EA8FBA030-SegmentedRaftLogWorker close()
2025-05-22 15:25:26,634 INFO  raftlog.RaftLog (SegmentedRaftLog.java:close(577)) - Successfully closed s4@group-627EA8FBA030-SegmentedRaftLog:CLOSED:c120
2025-05-22 15:25:26,634 TRACE util.FileUtils (FileUtils.java:deleteFully(351)) - deleteFully /home/runner/work/ratis/ratis/ratis-examples/target/test/data/3b356627/MiniRaftClusterWithGrpcde84ffe6/s4/7e383137-32c0-46e4-a85b-627ea8fba030
2025-05-22 15:25:26,634 TRACE util.FileUtils (LogUtils.java:runAndLog(49)) - Successfully ran Files.delete /home/runner/work/ratis/ratis/ratis-examples/target/test/data/3b356627/MiniRaftClusterWithGrpcde84ffe6/s4/7e383137-32c0-46e4-a85b-627ea8fba030/current/log_inprogress_0
2025-05-22 15:25:26,634 TRACE util.FileUtils (LogUtils.java:runAndLog(49)) - Successfully ran Files.delete /home/runner/work/ratis/ratis/ratis-examples/target/test/data/3b356627/MiniRaftClusterWithGrpcde84ffe6/s4/7e383137-32c0-46e4-a85b-627ea8fba030/current/raft-meta.conf
2025-05-22 15:25:26,635 TRACE util.FileUtils (LogUtils.java:runAndLog(49)) - Successfully ran Files.delete /home/runner/work/ratis/ratis/ratis-examples/target/test/data/3b356627/MiniRaftClusterWithGrpcde84ffe6/s4/7e383137-32c0-46e4-a85b-627ea8fba030/current/raft-meta
2025-05-22 15:25:26,635 TRACE util.FileUtils (LogUtils.java:runAndLog(49)) - Successfully ran Files.delete /home/runner/work/ratis/ratis/ratis-examples/target/test/data/3b356627/MiniRaftClusterWithGrpcde84ffe6/s4/7e383137-32c0-46e4-a85b-627ea8fba030/current
2025-05-22 15:25:26,635 TRACE util.FileUtils (LogUtils.java:runAndLog(49)) - Successfully ran Files.delete /home/runner/work/ratis/ratis/ratis-examples/target/test/data/3b356627/MiniRaftClusterWithGrpcde84ffe6/s4/7e383137-32c0-46e4-a85b-627ea8fba030/sm
2025-05-22 15:25:26,635 TRACE util.FileUtils (LogUtils.java:runAndLog(49)) - Successfully ran Files.delete /home/runner/work/ratis/ratis/ratis-examples/target/test/data/3b356627/MiniRaftClusterWithGrpcde84ffe6/s4/7e383137-32c0-46e4-a85b-627ea8fba030/in_use.lock
2025-05-22 15:25:26,635 TRACE util.FileUtils (LogUtils.java:runAndLog(49)) - Successfully ran Files.delete /home/runner/work/ratis/ratis/ratis-examples/target/test/data/3b356627/MiniRaftClusterWithGrpcde84ffe6/s4/7e383137-32c0-46e4-a85b-627ea8fba030
2025-05-22 15:25:26,635 INFO  server.RaftServer$Division (RaftServerImpl.java:groupRemove(500)) - s4@group-627EA8FBA030: Succeed to remove RaftStorageDirectory Storage Directory /home/runner/work/ratis/ratis/ratis-examples/target/test/data/3b356627/MiniRaftClusterWithGrpcde84ffe6/s4/7e383137-32c0-46e4-a85b-627ea8fba030
2025-05-22 15:25:26,641 INFO  server.RaftServer (RaftServerProxy.java:remove(117)) - s5: remove  FOLLOWER (RUNNING): s5@group-627EA8FBA030:t1, leader=s6, voted=s6, raftlog=Memoized:s5@group-627EA8FBA030-SegmentedRaftLog:OPENED:c120:last(t:1, i:120), conf=conf: {index: 0, cur=peers:[s4|0.0.0.0:15004, s5|0.0.0.0:15005, s6|0.0.0.0:15006]|listeners:[], old=null}
2025-05-22 15:25:26,642 INFO  server.RaftServer$Division (RaftServerImpl.java:lambda$close$1(530)) - s5@group-627EA8FBA030: shutdown
2025-05-22 15:25:26,642 INFO  util.JmxRegister (JmxRegister.java:unregister(74)) - Successfully un-registered JMX Bean with object name Ratis:service=RaftServer,group=group-627EA8FBA030,id=s5
2025-05-22 15:25:26,642 INFO  impl.RoleInfo (RoleInfo.java:shutdownFollowerState(121)) - s5: shutdown s5@group-627EA8FBA030-FollowerState
2025-05-22 15:25:26,642 INFO  impl.StateMachineUpdater (StateMachineUpdater.java:stopAndJoin(163)) - s5@group-627EA8FBA030-StateMachineUpdater: set stopIndex = 120
2025-05-22 15:25:26,642 INFO  impl.FollowerState (FollowerState.java:runImpl(170)) - s5@group-627EA8FBA030-FollowerState was interrupted
2025-05-22 15:25:26,642 INFO  impl.StateMachineUpdater (StateMachineUpdater.java:stop(140)) - s5@group-627EA8FBA030-StateMachineUpdater: closing ArithmeticStateMachine, lastApplied=(t:1, i:120)
2025-05-22 15:25:26,643 INFO  raftlog.RaftLog (SegmentedRaftLog.java:close(569)) - Start closing s5@group-627EA8FBA030-SegmentedRaftLog:OPENED:c120:last(t:1, i:120)
2025-05-22 15:25:26,643 INFO  util.AwaitToRun (AwaitToRun.java:run(49)) - s5@group-627EA8FBA030-cacheEviction-AwaitToRun-AwaitForSignal is interrupted
2025-05-22 15:25:26,644 INFO  segmented.LogSegment (LogSegment.java:close(354)) - Successfully closed EntryCache-log_inprogress_0
2025-05-22 15:25:27,234 WARN  server.RaftServer$Division (LeaderStateImpl.java:checkLeadership(1123)) - s6@group-627EA8FBA030-LeaderStateImpl: Lost leadership on term: 1. Election timeout: 600ms. In charge for: 7401ms. Conf: conf: {index: 0, cur=peers:[s4|0.0.0.0:15004, s5|0.0.0.0:15005, s6|0.0.0.0:15006]|listeners:[], old=null}
2025-05-22 15:25:27,234 WARN  server.RaftServer$Division (LeaderStateImpl.java:lambda$checkLeadership$19(1127)) - Follower s6@group-627EA8FBA030->s4(c120,m120,n121, caughtUp=true, lastRpcSendTime=13, lastRpcResponseTime=1451)
2025-05-22 15:25:27,234 WARN  server.RaftServer$Division (LeaderStateImpl.java:lambda$checkLeadership$19(1127)) - Follower s6@group-627EA8FBA030->s5(c120,m120,n121, caughtUp=true, lastRpcSendTime=13, lastRpcResponseTime=696)
2025-05-22 15:25:27,234 INFO  server.RaftServer$Division (RaftServerImpl.java:setRole(395)) - s6@group-627EA8FBA030: changes role from    LEADER to FOLLOWER at term 1 for StepDownReason:LOST_MAJORITY_HEARTBEATS
2025-05-22 15:25:27,235 INFO  impl.RoleInfo (RoleInfo.java:shutdownLeaderState(103)) - s6: shutdown s6@group-627EA8FBA030-LeaderStateImpl
2025-05-22 15:25:27,235 WARN  server.GrpcLogAppender (GrpcLogAppender.java:mayWait(300)) - s6@group-627EA8FBA030->s4-GrpcLogAppender: Wait interrupted by java.lang.InterruptedException
2025-05-22 15:25:27,235 INFO  impl.PendingRequests (PendingRequests.java:sendNotLeaderResponses(287)) - s6@group-627EA8FBA030-PendingRequests: sendNotLeaderResponses
2025-05-22 15:25:27,235 WARN  server.GrpcLogAppender (GrpcLogAppender.java:mayWait(300)) - s6@group-627EA8FBA030->s5-GrpcLogAppender: Wait interrupted by java.lang.InterruptedException
2025-05-22 15:25:27,236 INFO  server.RaftServer$Division (ServerState.java:setLeader(272)) - s6@group-627EA8FBA030: change Leader from s6 to null at term 1 for StepDownReason:LOST_MAJORITY_HEARTBEATS
2025-05-22 15:25:27,236 INFO  impl.RoleInfo (RoleInfo.java:updateAndGet(148)) - s6: start s6@group-627EA8FBA030-FollowerState
2025-05-22 15:25:27,633 INFO  segmented.SegmentedRaftLogWorker (SegmentedRaftLogWorker.java:close(256)) - s5@group-627EA8FBA030-SegmentedRaftLogWorker close()
2025-05-22 15:25:27,634 INFO  raftlog.RaftLog (SegmentedRaftLog.java:close(577)) - Successfully closed s5@group-627EA8FBA030-SegmentedRaftLog:CLOSED:c120
2025-05-22 15:25:27,634 TRACE util.FileUtils (FileUtils.java:deleteFully(351)) - deleteFully /home/runner/work/ratis/ratis/ratis-examples/target/test/data/3b356627/MiniRaftClusterWithGrpcde84ffe6/s5/7e383137-32c0-46e4-a85b-627ea8fba030
2025-05-22 15:25:27,635 TRACE util.FileUtils (LogUtils.java:runAndLog(49)) - Successfully ran Files.delete /home/runner/work/ratis/ratis/ratis-examples/target/test/data/3b356627/MiniRaftClusterWithGrpcde84ffe6/s5/7e383137-32c0-46e4-a85b-627ea8fba030/current/log_inprogress_0
2025-05-22 15:25:27,636 TRACE util.FileUtils (LogUtils.java:runAndLog(49)) - Successfully ran Files.delete /home/runner/work/ratis/ratis/ratis-examples/target/test/data/3b356627/MiniRaftClusterWithGrpcde84ffe6/s5/7e383137-32c0-46e4-a85b-627ea8fba030/current/raft-meta.conf
2025-05-22 15:25:27,636 TRACE util.FileUtils (LogUtils.java:runAndLog(49)) - Successfully ran Files.delete /home/runner/work/ratis/ratis/ratis-examples/target/test/data/3b356627/MiniRaftClusterWithGrpcde84ffe6/s5/7e383137-32c0-46e4-a85b-627ea8fba030/current/raft-meta
2025-05-22 15:25:27,636 TRACE util.FileUtils (LogUtils.java:runAndLog(49)) - Successfully ran Files.delete /home/runner/work/ratis/ratis/ratis-examples/target/test/data/3b356627/MiniRaftClusterWithGrpcde84ffe6/s5/7e383137-32c0-46e4-a85b-627ea8fba030/current
2025-05-22 15:25:27,636 TRACE util.FileUtils (LogUtils.java:runAndLog(49)) - Successfully ran Files.delete /home/runner/work/ratis/ratis/ratis-examples/target/test/data/3b356627/MiniRaftClusterWithGrpcde84ffe6/s5/7e383137-32c0-46e4-a85b-627ea8fba030/sm
2025-05-22 15:25:27,636 TRACE util.FileUtils (LogUtils.java:runAndLog(49)) - Successfully ran Files.delete /home/runner/work/ratis/ratis/ratis-examples/target/test/data/3b356627/MiniRaftClusterWithGrpcde84ffe6/s5/7e383137-32c0-46e4-a85b-627ea8fba030/in_use.lock
2025-05-22 15:25:27,636 TRACE util.FileUtils (LogUtils.java:runAndLog(49)) - Successfully ran Files.delete /home/runner/work/ratis/ratis/ratis-examples/target/test/data/3b356627/MiniRaftClusterWithGrpcde84ffe6/s5/7e383137-32c0-46e4-a85b-627ea8fba030
2025-05-22 15:25:27,636 INFO  server.RaftServer$Division (RaftServerImpl.java:groupRemove(500)) - s5@group-627EA8FBA030: Succeed to remove RaftStorageDirectory Storage Directory /home/runner/work/ratis/ratis/ratis-examples/target/test/data/3b356627/MiniRaftClusterWithGrpcde84ffe6/s5/7e383137-32c0-46e4-a85b-627ea8fba030
2025-05-22 15:25:27,645 INFO  server.RaftServer (RaftServerProxy.java:remove(117)) - s6: remove  FOLLOWER (RUNNING): s6@group-627EA8FBA030:t1, leader=null, voted=s6, raftlog=Memoized:s6@group-627EA8FBA030-SegmentedRaftLog:OPENED:c120:last(t:1, i:120), conf=conf: {index: 0, cur=peers:[s4|0.0.0.0:15004, s5|0.0.0.0:15005, s6|0.0.0.0:15006]|listeners:[], old=null}
2025-05-22 15:25:27,645 INFO  server.RaftServer$Division (RaftServerImpl.java:lambda$close$1(530)) - s6@group-627EA8FBA030: shutdown
2025-05-22 15:25:27,645 INFO  util.JmxRegister (JmxRegister.java:unregister(74)) - Successfully un-registered JMX Bean with object name Ratis:service=RaftServer,group=group-627EA8FBA030,id=s6
2025-05-22 15:25:27,645 INFO  impl.RoleInfo (RoleInfo.java:shutdownFollowerState(121)) - s6: shutdown s6@group-627EA8FBA030-FollowerState
2025-05-22 15:25:27,645 INFO  impl.StateMachineUpdater (StateMachineUpdater.java:stopAndJoin(163)) - s6@group-627EA8FBA030-StateMachineUpdater: set stopIndex = 120
2025-05-22 15:25:27,646 INFO  impl.StateMachineUpdater (StateMachineUpdater.java:stop(140)) - s6@group-627EA8FBA030-StateMachineUpdater: closing ArithmeticStateMachine, lastApplied=(t:1, i:120)
2025-05-22 15:25:27,646 INFO  impl.FollowerState (FollowerState.java:runImpl(170)) - s6@group-627EA8FBA030-FollowerState was interrupted
2025-05-22 15:25:27,646 INFO  raftlog.RaftLog (SegmentedRaftLog.java:close(569)) - Start closing s6@group-627EA8FBA030-SegmentedRaftLog:OPENED:c120:last(t:1, i:120)
2025-05-22 15:25:27,646 INFO  util.AwaitToRun (AwaitToRun.java:run(49)) - s6@group-627EA8FBA030-cacheEviction-AwaitToRun-AwaitForSignal is interrupted
2025-05-22 15:25:27,647 INFO  segmented.LogSegment (LogSegment.java:close(354)) - Successfully closed EntryCache-log_inprogress_0
2025-05-22 15:25:27,874 WARN  server.GrpcLogAppender (GrpcLogAppender.java:timeoutAppendRequest(466)) - s12@group-BEB040E247F1->s13-GrpcLogAppender: Timed out appendEntries, errorCount=1, request=AppendEntriesRequest:cid=1,entriesCount=1,entry=(t:2, i:121)
2025-05-22 15:25:28,633 INFO  segmented.SegmentedRaftLogWorker (SegmentedRaftLogWorker.java:close(256)) - s6@group-627EA8FBA030-SegmentedRaftLogWorker close()
2025-05-22 15:25:28,633 INFO  raftlog.RaftLog (SegmentedRaftLog.java:close(577)) - Successfully closed s6@group-627EA8FBA030-SegmentedRaftLog:CLOSED:c120
2025-05-22 15:25:28,633 TRACE util.FileUtils (FileUtils.java:deleteFully(351)) - deleteFully /home/runner/work/ratis/ratis/ratis-examples/target/test/data/3b356627/MiniRaftClusterWithGrpcde84ffe6/s6/7e383137-32c0-46e4-a85b-627ea8fba030
2025-05-22 15:25:28,634 TRACE util.FileUtils (LogUtils.java:runAndLog(49)) - Successfully ran Files.delete /home/runner/work/ratis/ratis/ratis-examples/target/test/data/3b356627/MiniRaftClusterWithGrpcde84ffe6/s6/7e383137-32c0-46e4-a85b-627ea8fba030/current/log_inprogress_0
2025-05-22 15:25:28,634 TRACE util.FileUtils (LogUtils.java:runAndLog(49)) - Successfully ran Files.delete /home/runner/work/ratis/ratis/ratis-examples/target/test/data/3b356627/MiniRaftClusterWithGrpcde84ffe6/s6/7e383137-32c0-46e4-a85b-627ea8fba030/current/raft-meta.conf
2025-05-22 15:25:28,634 TRACE util.FileUtils (LogUtils.java:runAndLog(49)) - Successfully ran Files.delete /home/runner/work/ratis/ratis/ratis-examples/target/test/data/3b356627/MiniRaftClusterWithGrpcde84ffe6/s6/7e383137-32c0-46e4-a85b-627ea8fba030/current/raft-meta
2025-05-22 15:25:28,634 TRACE util.FileUtils (LogUtils.java:runAndLog(49)) - Successfully ran Files.delete /home/runner/work/ratis/ratis/ratis-examples/target/test/data/3b356627/MiniRaftClusterWithGrpcde84ffe6/s6/7e383137-32c0-46e4-a85b-627ea8fba030/current
2025-05-22 15:25:28,634 TRACE util.FileUtils (LogUtils.java:runAndLog(49)) - Successfully ran Files.delete /home/runner/work/ratis/ratis/ratis-examples/target/test/data/3b356627/MiniRaftClusterWithGrpcde84ffe6/s6/7e383137-32c0-46e4-a85b-627ea8fba030/sm
2025-05-22 15:25:28,634 TRACE util.FileUtils (LogUtils.java:runAndLog(49)) - Successfully ran Files.delete /home/runner/work/ratis/ratis/ratis-examples/target/test/data/3b356627/MiniRaftClusterWithGrpcde84ffe6/s6/7e383137-32c0-46e4-a85b-627ea8fba030/in_use.lock
2025-05-22 15:25:28,635 TRACE util.FileUtils (LogUtils.java:runAndLog(49)) - Successfully ran Files.delete /home/runner/work/ratis/ratis/ratis-examples/target/test/data/3b356627/MiniRaftClusterWithGrpcde84ffe6/s6/7e383137-32c0-46e4-a85b-627ea8fba030
2025-05-22 15:25:28,635 INFO  server.RaftServer$Division (RaftServerImpl.java:groupRemove(500)) - s6@group-627EA8FBA030: Succeed to remove RaftStorageDirectory Storage Directory /home/runner/work/ratis/ratis/ratis-examples/target/test/data/3b356627/MiniRaftClusterWithGrpcde84ffe6/s6/7e383137-32c0-46e4-a85b-627ea8fba030
2025-05-22 15:25:28,638 INFO  impl.GroupManagementBaseTest (GroupManagementBaseTest.java:runMultiGroupTest(301)) - 4) close printing group-F5200629CA74
  s7:  RUNNING [
     LEADER (RUNNING): s7@group-F5200629CA74:t1, leader=s7, voted=s7, raftlog=Memoized:s7@group-F5200629CA74-SegmentedRaftLog:OPENED:c120:last(t:1, i:120), conf=conf: {index: 0, cur=peers:[s7|0.0.0.0:15007, s8|0.0.0.0:15008, s9|0.0.0.0:15009]|listeners:[], old=null}
   FOLLOWER (STARTING): s7@group-5CA96AA9335B:t0, leader=null, voted=, raftlog=Memoized:s7@group-5CA96AA9335B-SegmentedRaftLog:OPENED:c-1:lastnull, conf=conf: {index: -1, cur=peers:[]|listeners:[], old=null}] size=2
  s8:  RUNNING [
   FOLLOWER (RUNNING): s8@group-F5200629CA74:t1, leader=s7, voted=s7, raftlog=Memoized:s8@group-F5200629CA74-SegmentedRaftLog:OPENED:c120:last(t:1, i:120), conf=conf: {index: 0, cur=peers:[s7|0.0.0.0:15007, s8|0.0.0.0:15008, s9|0.0.0.0:15009]|listeners:[], old=null}
   FOLLOWER (STARTING): s8@group-5CA96AA9335B:t0, leader=null, voted=, raftlog=Memoized:s8@group-5CA96AA9335B-SegmentedRaftLog:OPENED:c-1:lastnull, conf=conf: {index: -1, cur=peers:[]|listeners:[], old=null}] size=2
  s9:  RUNNING [
   FOLLOWER (RUNNING): s9@group-F5200629CA74:t1, leader=s7, voted=s7, raftlog=Memoized:s9@group-F5200629CA74-SegmentedRaftLog:OPENED:c120:last(t:1, i:120), conf=conf: {index: 0, cur=peers:[s7|0.0.0.0:15007, s8|0.0.0.0:15008, s9|0.0.0.0:15009]|listeners:[], old=null}
   FOLLOWER (STARTING): s9@group-5CA96AA9335B:t0, leader=null, voted=, raftlog=Memoized:s9@group-5CA96AA9335B-SegmentedRaftLog:OPENED:c-1:lastnull, conf=conf: {index: -1, cur=peers:[]|listeners:[], old=null}] size=2
2025-05-22 15:25:28,642 INFO  server.RaftServer (RaftServerProxy.java:remove(117)) - s7: remove    LEADER (RUNNING): s7@group-F5200629CA74:t1, leader=s7, voted=s7, raftlog=Memoized:s7@group-F5200629CA74-SegmentedRaftLog:OPENED:c120:last(t:1, i:120), conf=conf: {index: 0, cur=peers:[s7|0.0.0.0:15007, s8|0.0.0.0:15008, s9|0.0.0.0:15009]|listeners:[], old=null}
2025-05-22 15:25:28,642 INFO  server.RaftServer$Division (RaftServerImpl.java:lambda$close$1(530)) - s7@group-F5200629CA74: shutdown
2025-05-22 15:25:28,642 INFO  util.JmxRegister (JmxRegister.java:unregister(74)) - Successfully un-registered JMX Bean with object name Ratis:service=RaftServer,group=group-F5200629CA74,id=s7
2025-05-22 15:25:28,642 INFO  impl.RoleInfo (RoleInfo.java:shutdownLeaderState(103)) - s7: shutdown s7@group-F5200629CA74-LeaderStateImpl
2025-05-22 15:25:28,642 INFO  impl.PendingRequests (PendingRequests.java:sendNotLeaderResponses(287)) - s7@group-F5200629CA74-PendingRequests: sendNotLeaderResponses
2025-05-22 15:25:28,642 WARN  server.GrpcLogAppender (GrpcLogAppender.java:mayWait(300)) - s7@group-F5200629CA74->s9-GrpcLogAppender: Wait interrupted by java.lang.InterruptedException
2025-05-22 15:25:28,643 WARN  server.GrpcLogAppender (GrpcLogAppender.java:mayWait(300)) - s7@group-F5200629CA74->s8-GrpcLogAppender: Wait interrupted by java.lang.InterruptedException
2025-05-22 15:25:28,643 INFO  impl.StateMachineUpdater (StateMachineUpdater.java:stopAndJoin(163)) - s7@group-F5200629CA74-StateMachineUpdater: set stopIndex = 120
2025-05-22 15:25:28,644 INFO  impl.StateMachineUpdater (StateMachineUpdater.java:stop(140)) - s7@group-F5200629CA74-StateMachineUpdater: closing ArithmeticStateMachine, lastApplied=(t:1, i:120)
2025-05-22 15:25:28,644 INFO  raftlog.RaftLog (SegmentedRaftLog.java:close(569)) - Start closing s7@group-F5200629CA74-SegmentedRaftLog:OPENED:c120:last(t:1, i:120)
2025-05-22 15:25:28,644 INFO  util.AwaitToRun (AwaitToRun.java:run(49)) - s7@group-F5200629CA74-cacheEviction-AwaitToRun-AwaitForSignal is interrupted
2025-05-22 15:25:28,645 INFO  segmented.LogSegment (LogSegment.java:close(354)) - Successfully closed EntryCache-log_inprogress_0
2025-05-22 15:25:28,842 INFO  segmented.SegmentedRaftLogWorker (SegmentedRaftLogWorker.java:close(256)) - s7@group-F5200629CA74-SegmentedRaftLogWorker close()
2025-05-22 15:25:28,843 INFO  raftlog.RaftLog (SegmentedRaftLog.java:close(577)) - Successfully closed s7@group-F5200629CA74-SegmentedRaftLog:CLOSED:c120
2025-05-22 15:25:28,843 TRACE util.FileUtils (FileUtils.java:deleteFully(351)) - deleteFully /home/runner/work/ratis/ratis/ratis-examples/target/test/data/3b356627/MiniRaftClusterWithGrpcde84ffe6/s7/d9c6b7b0-1337-468d-9f50-f5200629ca74
2025-05-22 15:25:28,843 TRACE util.FileUtils (LogUtils.java:runAndLog(49)) - Successfully ran Files.delete /home/runner/work/ratis/ratis/ratis-examples/target/test/data/3b356627/MiniRaftClusterWithGrpcde84ffe6/s7/d9c6b7b0-1337-468d-9f50-f5200629ca74/current/log_inprogress_0
2025-05-22 15:25:28,843 TRACE util.FileUtils (LogUtils.java:runAndLog(49)) - Successfully ran Files.delete /home/runner/work/ratis/ratis/ratis-examples/target/test/data/3b356627/MiniRaftClusterWithGrpcde84ffe6/s7/d9c6b7b0-1337-468d-9f50-f5200629ca74/current/raft-meta.conf
2025-05-22 15:25:28,844 TRACE util.FileUtils (LogUtils.java:runAndLog(49)) - Successfully ran Files.delete /home/runner/work/ratis/ratis/ratis-examples/target/test/data/3b356627/MiniRaftClusterWithGrpcde84ffe6/s7/d9c6b7b0-1337-468d-9f50-f5200629ca74/current/raft-meta
2025-05-22 15:25:28,844 TRACE util.FileUtils (LogUtils.java:runAndLog(49)) - Successfully ran Files.delete /home/runner/work/ratis/ratis/ratis-examples/target/test/data/3b356627/MiniRaftClusterWithGrpcde84ffe6/s7/d9c6b7b0-1337-468d-9f50-f5200629ca74/current
2025-05-22 15:25:28,844 TRACE util.FileUtils (LogUtils.java:runAndLog(49)) - Successfully ran Files.delete /home/runner/work/ratis/ratis/ratis-examples/target/test/data/3b356627/MiniRaftClusterWithGrpcde84ffe6/s7/d9c6b7b0-1337-468d-9f50-f5200629ca74/sm
2025-05-22 15:25:28,844 TRACE util.FileUtils (LogUtils.java:runAndLog(49)) - Successfully ran Files.delete /home/runner/work/ratis/ratis/ratis-examples/target/test/data/3b356627/MiniRaftClusterWithGrpcde84ffe6/s7/d9c6b7b0-1337-468d-9f50-f5200629ca74/in_use.lock
2025-05-22 15:25:28,844 TRACE util.FileUtils (LogUtils.java:runAndLog(49)) - Successfully ran Files.delete /home/runner/work/ratis/ratis/ratis-examples/target/test/data/3b356627/MiniRaftClusterWithGrpcde84ffe6/s7/d9c6b7b0-1337-468d-9f50-f5200629ca74
2025-05-22 15:25:28,844 INFO  server.RaftServer$Division (RaftServerImpl.java:groupRemove(500)) - s7@group-F5200629CA74: Succeed to remove RaftStorageDirectory Storage Directory /home/runner/work/ratis/ratis/ratis-examples/target/test/data/3b356627/MiniRaftClusterWithGrpcde84ffe6/s7/d9c6b7b0-1337-468d-9f50-f5200629ca74
2025-05-22 15:25:28,849 INFO  server.RaftServer (RaftServerProxy.java:remove(117)) - s8: remove  FOLLOWER (RUNNING): s8@group-F5200629CA74:t1, leader=s7, voted=s7, raftlog=Memoized:s8@group-F5200629CA74-SegmentedRaftLog:OPENED:c120:last(t:1, i:120), conf=conf: {index: 0, cur=peers:[s7|0.0.0.0:15007, s8|0.0.0.0:15008, s9|0.0.0.0:15009]|listeners:[], old=null}
2025-05-22 15:25:28,849 INFO  server.RaftServer$Division (RaftServerImpl.java:lambda$close$1(530)) - s8@group-F5200629CA74: shutdown
2025-05-22 15:25:28,849 INFO  util.JmxRegister (JmxRegister.java:unregister(74)) - Successfully un-registered JMX Bean with object name Ratis:service=RaftServer,group=group-F5200629CA74,id=s8
2025-05-22 15:25:28,850 INFO  impl.RoleInfo (RoleInfo.java:shutdownFollowerState(121)) - s8: shutdown s8@group-F5200629CA74-FollowerState
2025-05-22 15:25:28,850 INFO  impl.StateMachineUpdater (StateMachineUpdater.java:stopAndJoin(163)) - s8@group-F5200629CA74-StateMachineUpdater: set stopIndex = 120
2025-05-22 15:25:28,850 INFO  impl.StateMachineUpdater (StateMachineUpdater.java:stop(140)) - s8@group-F5200629CA74-StateMachineUpdater: closing ArithmeticStateMachine, lastApplied=(t:1, i:120)
2025-05-22 15:25:28,850 INFO  impl.FollowerState (FollowerState.java:runImpl(170)) - s8@group-F5200629CA74-FollowerState was interrupted
2025-05-22 15:25:28,851 INFO  raftlog.RaftLog (SegmentedRaftLog.java:close(569)) - Start closing s8@group-F5200629CA74-SegmentedRaftLog:OPENED:c120:last(t:1, i:120)
2025-05-22 15:25:28,851 INFO  util.AwaitToRun (AwaitToRun.java:run(49)) - s8@group-F5200629CA74-cacheEviction-AwaitToRun-AwaitForSignal is interrupted
2025-05-22 15:25:28,851 INFO  segmented.LogSegment (LogSegment.java:close(354)) - Successfully closed EntryCache-log_inprogress_0
2025-05-22 15:25:28,933 WARN  server.GrpcLogAppender (GrpcLogAppender.java:timeoutAppendRequest(466)) - s6@group-627EA8FBA030->s4-GrpcLogAppender: Timed out HEARTBEAT appendEntries, errorCount=1, request=AppendEntriesRequest:cid=307,entriesCount=0
2025-05-22 15:25:29,008 WARN  server.GrpcLogAppender (GrpcLogAppender.java:timeoutAppendRequest(466)) - s6@group-627EA8FBA030->s4-GrpcLogAppender: Timed out HEARTBEAT appendEntries, errorCount=2, request=AppendEntriesRequest:cid=308,entriesCount=0
2025-05-22 15:25:29,084 WARN  server.GrpcLogAppender (GrpcLogAppender.java:timeoutAppendRequest(466)) - s6@group-627EA8FBA030->s4-GrpcLogAppender: Timed out HEARTBEAT appendEntries, errorCount=3, request=AppendEntriesRequest:cid=309,entriesCount=0
2025-05-22 15:25:29,161 WARN  server.GrpcLogAppender (GrpcLogAppender.java:timeoutAppendRequest(466)) - s6@group-627EA8FBA030->s4-GrpcLogAppender: Timed out HEARTBEAT appendEntries, errorCount=4, request=AppendEntriesRequest:cid=310,entriesCount=0
2025-05-22 15:25:29,236 WARN  server.GrpcLogAppender (GrpcLogAppender.java:timeoutAppendRequest(466)) - s6@group-627EA8FBA030->s4-GrpcLogAppender: Timed out HEARTBEAT appendEntries, errorCount=5, request=AppendEntriesRequest:cid=311,entriesCount=0
2025-05-22 15:25:29,311 WARN  server.GrpcLogAppender (GrpcLogAppender.java:timeoutAppendRequest(466)) - s6@group-627EA8FBA030->s4-GrpcLogAppender: Timed out HEARTBEAT appendEntries, errorCount=6, request=AppendEntriesRequest:cid=312,entriesCount=0
2025-05-22 15:25:29,386 WARN  server.GrpcLogAppender (GrpcLogAppender.java:timeoutAppendRequest(466)) - s6@group-627EA8FBA030->s4-GrpcLogAppender: Timed out HEARTBEAT appendEntries, errorCount=7, request=AppendEntriesRequest:cid=313,entriesCount=0
2025-05-22 15:25:29,403 INFO  impl.FollowerState (FollowerState.java:runImpl(161)) - s9@group-F5200629CA74-FollowerState: change to CANDIDATE, lastRpcElapsedTime:898897093ns, electionTimeout:536ms
2025-05-22 15:25:29,403 INFO  impl.RoleInfo (RoleInfo.java:shutdownFollowerState(121)) - s9: shutdown s9@group-F5200629CA74-FollowerState
2025-05-22 15:25:29,403 INFO  server.RaftServer$Division (RaftServerImpl.java:setRole(395)) - s9@group-F5200629CA74: changes role from  FOLLOWER to CANDIDATE at term 1 for changeToCandidate
2025-05-22 15:25:29,403 INFO  impl.RoleInfo (RoleInfo.java:updateAndGet(148)) - s9: start s9@group-F5200629CA74-LeaderElection22
2025-05-22 15:25:29,404 INFO  server.RaftServer$Division (ServerState.java:setLeader(272)) - s9@group-F5200629CA74: change Leader from s7 to null at term 1 for PRE_VOTE
2025-05-22 15:25:29,404 INFO  impl.LeaderElection (LeaderElection.java:askForVotes(448)) - s9@group-F5200629CA74-LeaderElection22 PRE_VOTE round 0: submit vote requests at term 1 for conf: {index: 0, cur=peers:[s7|0.0.0.0:15007, s8|0.0.0.0:15008, s9|0.0.0.0:15009]|listeners:[], old=null}
2025-05-22 15:25:29,404 INFO  server.GrpcServerProtocolClient (GrpcServerProtocolClient.java:<init>(65)) - Build channel for s7|0.0.0.0:15007
2025-05-22 15:25:29,406 INFO  server.GrpcServerProtocolClient (GrpcServerProtocolClient.java:<init>(65)) - Build channel for s8|0.0.0.0:15008
2025-05-22 15:25:29,410 WARN  server.GrpcServerProtocolService (LogUtils.java:warn(129)) - s8: Failed requestVote s9->s8#0
org.apache.ratis.protocol.exceptions.GroupMismatchException: s8: group-F5200629CA74 not found.
	at org.apache.ratis.server.impl.RaftServerProxy$ImplMap.get(RaftServerProxy.java:161)
	at org.apache.ratis.server.impl.RaftServerProxy.getImplFuture(RaftServerProxy.java:371)
	at org.apache.ratis.server.impl.RaftServerProxy.getImpl(RaftServerProxy.java:380)
	at org.apache.ratis.server.impl.RaftServerProxy.getImpl(RaftServerProxy.java:375)
	at org.apache.ratis.server.impl.RaftServerProxy.requestVote(RaftServerProxy.java:646)
	at org.apache.ratis.grpc.server.GrpcServerProtocolService.requestVote(GrpcServerProtocolService.java:285)
	at org.apache.ratis.proto.grpc.RaftServerProtocolServiceGrpc$MethodHandlers.invoke(RaftServerProtocolServiceGrpc.java:499)
	at org.apache.ratis.thirdparty.io.grpc.stub.ServerCalls$UnaryServerCallHandler$UnaryServerCallListener.onHalfClose(ServerCalls.java:182)
	at org.apache.ratis.thirdparty.io.grpc.internal.ServerCallImpl$ServerStreamListenerImpl.halfClosed(ServerCallImpl.java:356)
	at org.apache.ratis.thirdparty.io.grpc.internal.ServerImpl$JumpToApplicationThreadServerStreamListener$1HalfClosed.runInContext(ServerImpl.java:861)
	at org.apache.ratis.thirdparty.io.grpc.internal.ContextRunnable.run(ContextRunnable.java:37)
	at org.apache.ratis.thirdparty.io.grpc.internal.SerializingExecutor.run(SerializingExecutor.java:133)
	at java.util.concurrent.ThreadPoolExecutor.runWorker(ThreadPoolExecutor.java:1149)
	at java.util.concurrent.ThreadPoolExecutor$Worker.run(ThreadPoolExecutor.java:624)
	at java.lang.Thread.run(Thread.java:750)
2025-05-22 15:25:29,410 WARN  server.GrpcServerProtocolService (LogUtils.java:warn(129)) - s7: Failed requestVote s9->s7#0
org.apache.ratis.protocol.exceptions.GroupMismatchException: s7: group-F5200629CA74 not found.
	at org.apache.ratis.server.impl.RaftServerProxy$ImplMap.get(RaftServerProxy.java:161)
	at org.apache.ratis.server.impl.RaftServerProxy.getImplFuture(RaftServerProxy.java:371)
	at org.apache.ratis.server.impl.RaftServerProxy.getImpl(RaftServerProxy.java:380)
	at org.apache.ratis.server.impl.RaftServerProxy.getImpl(RaftServerProxy.java:375)
	at org.apache.ratis.server.impl.RaftServerProxy.requestVote(RaftServerProxy.java:646)
	at org.apache.ratis.grpc.server.GrpcServerProtocolService.requestVote(GrpcServerProtocolService.java:285)
	at org.apache.ratis.proto.grpc.RaftServerProtocolServiceGrpc$MethodHandlers.invoke(RaftServerProtocolServiceGrpc.java:499)
	at org.apache.ratis.thirdparty.io.grpc.stub.ServerCalls$UnaryServerCallHandler$UnaryServerCallListener.onHalfClose(ServerCalls.java:182)
	at org.apache.ratis.thirdparty.io.grpc.internal.ServerCallImpl$ServerStreamListenerImpl.halfClosed(ServerCallImpl.java:356)
	at org.apache.ratis.thirdparty.io.grpc.internal.ServerImpl$JumpToApplicationThreadServerStreamListener$1HalfClosed.runInContext(ServerImpl.java:861)
	at org.apache.ratis.thirdparty.io.grpc.internal.ContextRunnable.run(ContextRunnable.java:37)
	at org.apache.ratis.thirdparty.io.grpc.internal.SerializingExecutor.run(SerializingExecutor.java:133)
	at java.util.concurrent.ThreadPoolExecutor.runWorker(ThreadPoolExecutor.java:1149)
	at java.util.concurrent.ThreadPoolExecutor$Worker.run(ThreadPoolExecutor.java:624)
	at java.lang.Thread.run(Thread.java:750)
2025-05-22 15:25:29,413 INFO  impl.LeaderElection (LogUtils.java:infoOrTrace(142)) - s9@group-F5200629CA74-LeaderElection22 got exception when requesting votes: java.util.concurrent.ExecutionException: org.apache.ratis.thirdparty.io.grpc.StatusRuntimeException: INTERNAL: s8: group-F5200629CA74 not found.
2025-05-22 15:25:29,414 INFO  impl.LeaderElection (LogUtils.java:infoOrTrace(142)) - s9@group-F5200629CA74-LeaderElection22 got exception when requesting votes: java.util.concurrent.ExecutionException: org.apache.ratis.thirdparty.io.grpc.StatusRuntimeException: INTERNAL: s7: group-F5200629CA74 not found.
2025-05-22 15:25:29,414 INFO  impl.LeaderElection (LeaderElection.java:logAndReturn(206)) - s9@group-F5200629CA74-LeaderElection22: PRE_VOTE REJECTED received 0 response(s) and 2 exception(s):
2025-05-22 15:25:29,414 INFO  impl.LeaderElection (LogUtils.java:infoOrTrace(142)) -   Exception 0: java.util.concurrent.ExecutionException: org.apache.ratis.thirdparty.io.grpc.StatusRuntimeException: INTERNAL: s8: group-F5200629CA74 not found.
2025-05-22 15:25:29,414 INFO  impl.LeaderElection (LogUtils.java:infoOrTrace(142)) -   Exception 1: java.util.concurrent.ExecutionException: org.apache.ratis.thirdparty.io.grpc.StatusRuntimeException: INTERNAL: s7: group-F5200629CA74 not found.
2025-05-22 15:25:29,414 INFO  impl.LeaderElection (LeaderElection.java:askForVotes(450)) - s9@group-F5200629CA74-LeaderElection22 PRE_VOTE round 0: result REJECTED
2025-05-22 15:25:29,414 INFO  server.RaftServer$Division (RaftServerImpl.java:setRole(395)) - s9@group-F5200629CA74: changes role from CANDIDATE to FOLLOWER at term 1 for REJECTED
2025-05-22 15:25:29,414 INFO  impl.RoleInfo (RoleInfo.java:shutdownLeaderElection(141)) - s9: shutdown s9@group-F5200629CA74-LeaderElection22
2025-05-22 15:25:29,415 INFO  impl.RoleInfo (RoleInfo.java:updateAndGet(148)) - s9: start s9@group-F5200629CA74-FollowerState
2025-05-22 15:25:29,461 WARN  server.GrpcLogAppender (GrpcLogAppender.java:timeoutAppendRequest(466)) - s6@group-627EA8FBA030->s4-GrpcLogAppender: Timed out HEARTBEAT appendEntries, errorCount=8, request=AppendEntriesRequest:cid=314,entriesCount=0
2025-05-22 15:25:29,537 WARN  server.GrpcLogAppender (GrpcLogAppender.java:timeoutAppendRequest(466)) - s6@group-627EA8FBA030->s4-GrpcLogAppender: Timed out HEARTBEAT appendEntries, errorCount=9, request=AppendEntriesRequest:cid=315,entriesCount=0
2025-05-22 15:25:29,613 WARN  server.GrpcLogAppender (GrpcLogAppender.java:timeoutAppendRequest(466)) - s6@group-627EA8FBA030->s4-GrpcLogAppender: Timed out HEARTBEAT appendEntries, errorCount=10, request=AppendEntriesRequest:cid=316,entriesCount=0
2025-05-22 15:25:29,689 WARN  server.GrpcLogAppender (GrpcLogAppender.java:timeoutAppendRequest(466)) - s6@group-627EA8FBA030->s4-GrpcLogAppender: Timed out HEARTBEAT appendEntries, errorCount=11, request=AppendEntriesRequest:cid=317,entriesCount=0
2025-05-22 15:25:29,689 WARN  server.GrpcLogAppender (GrpcLogAppender.java:timeoutAppendRequest(466)) - s6@group-627EA8FBA030->s5-GrpcLogAppender: Timed out HEARTBEAT appendEntries, errorCount=1, request=AppendEntriesRequest:cid=311,entriesCount=0
2025-05-22 15:25:29,764 WARN  server.GrpcLogAppender (GrpcLogAppender.java:timeoutAppendRequest(466)) - s6@group-627EA8FBA030->s4-GrpcLogAppender: Timed out HEARTBEAT appendEntries, errorCount=12, request=AppendEntriesRequest:cid=318,entriesCount=0
2025-05-22 15:25:29,767 WARN  server.GrpcLogAppender (GrpcLogAppender.java:timeoutAppendRequest(466)) - s6@group-627EA8FBA030->s5-GrpcLogAppender: Timed out HEARTBEAT appendEntries, errorCount=2, request=AppendEntriesRequest:cid=312,entriesCount=0
2025-05-22 15:25:29,840 WARN  server.GrpcLogAppender (GrpcLogAppender.java:timeoutAppendRequest(466)) - s6@group-627EA8FBA030->s4-GrpcLogAppender: Timed out HEARTBEAT appendEntries, errorCount=13, request=AppendEntriesRequest:cid=319,entriesCount=0
2025-05-22 15:25:29,842 WARN  server.GrpcLogAppender (GrpcLogAppender.java:timeoutAppendRequest(466)) - s6@group-627EA8FBA030->s5-GrpcLogAppender: Timed out HEARTBEAT appendEntries, errorCount=3, request=AppendEntriesRequest:cid=313,entriesCount=0
2025-05-22 15:25:29,844 INFO  segmented.SegmentedRaftLogWorker (SegmentedRaftLogWorker.java:close(256)) - s8@group-F5200629CA74-SegmentedRaftLogWorker close()
2025-05-22 15:25:29,845 INFO  raftlog.RaftLog (SegmentedRaftLog.java:close(577)) - Successfully closed s8@group-F5200629CA74-SegmentedRaftLog:CLOSED:c120
2025-05-22 15:25:29,845 TRACE util.FileUtils (FileUtils.java:deleteFully(351)) - deleteFully /home/runner/work/ratis/ratis/ratis-examples/target/test/data/3b356627/MiniRaftClusterWithGrpcde84ffe6/s8/d9c6b7b0-1337-468d-9f50-f5200629ca74
2025-05-22 15:25:29,845 TRACE util.FileUtils (LogUtils.java:runAndLog(49)) - Successfully ran Files.delete /home/runner/work/ratis/ratis/ratis-examples/target/test/data/3b356627/MiniRaftClusterWithGrpcde84ffe6/s8/d9c6b7b0-1337-468d-9f50-f5200629ca74/current/log_inprogress_0
2025-05-22 15:25:29,845 TRACE util.FileUtils (LogUtils.java:runAndLog(49)) - Successfully ran Files.delete /home/runner/work/ratis/ratis/ratis-examples/target/test/data/3b356627/MiniRaftClusterWithGrpcde84ffe6/s8/d9c6b7b0-1337-468d-9f50-f5200629ca74/current/raft-meta.conf
2025-05-22 15:25:29,846 TRACE util.FileUtils (LogUtils.java:runAndLog(49)) - Successfully ran Files.delete /home/runner/work/ratis/ratis/ratis-examples/target/test/data/3b356627/MiniRaftClusterWithGrpcde84ffe6/s8/d9c6b7b0-1337-468d-9f50-f5200629ca74/current/raft-meta
2025-05-22 15:25:29,846 TRACE util.FileUtils (LogUtils.java:runAndLog(49)) - Successfully ran Files.delete /home/runner/work/ratis/ratis/ratis-examples/target/test/data/3b356627/MiniRaftClusterWithGrpcde84ffe6/s8/d9c6b7b0-1337-468d-9f50-f5200629ca74/current
2025-05-22 15:25:29,846 TRACE util.FileUtils (LogUtils.java:runAndLog(49)) - Successfully ran Files.delete /home/runner/work/ratis/ratis/ratis-examples/target/test/data/3b356627/MiniRaftClusterWithGrpcde84ffe6/s8/d9c6b7b0-1337-468d-9f50-f5200629ca74/sm
2025-05-22 15:25:29,846 TRACE util.FileUtils (LogUtils.java:runAndLog(49)) - Successfully ran Files.delete /home/runner/work/ratis/ratis/ratis-examples/target/test/data/3b356627/MiniRaftClusterWithGrpcde84ffe6/s8/d9c6b7b0-1337-468d-9f50-f5200629ca74/in_use.lock
2025-05-22 15:25:29,846 TRACE util.FileUtils (LogUtils.java:runAndLog(49)) - Successfully ran Files.delete /home/runner/work/ratis/ratis/ratis-examples/target/test/data/3b356627/MiniRaftClusterWithGrpcde84ffe6/s8/d9c6b7b0-1337-468d-9f50-f5200629ca74
2025-05-22 15:25:29,846 INFO  server.RaftServer$Division (RaftServerImpl.java:groupRemove(500)) - s8@group-F5200629CA74: Succeed to remove RaftStorageDirectory Storage Directory /home/runner/work/ratis/ratis/ratis-examples/target/test/data/3b356627/MiniRaftClusterWithGrpcde84ffe6/s8/d9c6b7b0-1337-468d-9f50-f5200629ca74
2025-05-22 15:25:29,851 INFO  server.RaftServer (RaftServerProxy.java:remove(117)) - s9: remove  FOLLOWER (RUNNING): s9@group-F5200629CA74:t1, leader=null, voted=s7, raftlog=Memoized:s9@group-F5200629CA74-SegmentedRaftLog:OPENED:c120:last(t:1, i:120), conf=conf: {index: 0, cur=peers:[s7|0.0.0.0:15007, s8|0.0.0.0:15008, s9|0.0.0.0:15009]|listeners:[], old=null}
2025-05-22 15:25:29,851 INFO  server.RaftServer$Division (RaftServerImpl.java:lambda$close$1(530)) - s9@group-F5200629CA74: shutdown
2025-05-22 15:25:29,851 INFO  util.JmxRegister (JmxRegister.java:unregister(74)) - Successfully un-registered JMX Bean with object name Ratis:service=RaftServer,group=group-F5200629CA74,id=s9
2025-05-22 15:25:29,852 INFO  impl.RoleInfo (RoleInfo.java:shutdownFollowerState(121)) - s9: shutdown s9@group-F5200629CA74-FollowerState
2025-05-22 15:25:29,852 INFO  impl.StateMachineUpdater (StateMachineUpdater.java:stopAndJoin(163)) - s9@group-F5200629CA74-StateMachineUpdater: set stopIndex = 120
2025-05-22 15:25:29,852 INFO  impl.FollowerState (FollowerState.java:runImpl(170)) - s9@group-F5200629CA74-FollowerState was interrupted
2025-05-22 15:25:29,852 INFO  impl.StateMachineUpdater (StateMachineUpdater.java:stop(140)) - s9@group-F5200629CA74-StateMachineUpdater: closing ArithmeticStateMachine, lastApplied=(t:1, i:120)
2025-05-22 15:25:29,852 INFO  raftlog.RaftLog (SegmentedRaftLog.java:close(569)) - Start closing s9@group-F5200629CA74-SegmentedRaftLog:OPENED:c120:last(t:1, i:120)
2025-05-22 15:25:29,852 INFO  util.AwaitToRun (AwaitToRun.java:run(49)) - s9@group-F5200629CA74-cacheEviction-AwaitToRun-AwaitForSignal is interrupted
2025-05-22 15:25:29,853 INFO  segmented.LogSegment (LogSegment.java:close(354)) - Successfully closed EntryCache-log_inprogress_0
2025-05-22 15:25:29,916 WARN  server.GrpcLogAppender (GrpcLogAppender.java:timeoutAppendRequest(466)) - s6@group-627EA8FBA030->s4-GrpcLogAppender: Timed out HEARTBEAT appendEntries, errorCount=14, request=AppendEntriesRequest:cid=320,entriesCount=0
2025-05-22 15:25:29,918 WARN  server.GrpcLogAppender (GrpcLogAppender.java:timeoutAppendRequest(466)) - s6@group-627EA8FBA030->s5-GrpcLogAppender: Timed out HEARTBEAT appendEntries, errorCount=4, request=AppendEntriesRequest:cid=314,entriesCount=0
2025-05-22 15:25:29,992 WARN  server.GrpcLogAppender (GrpcLogAppender.java:timeoutAppendRequest(466)) - s6@group-627EA8FBA030->s4-GrpcLogAppender: Timed out HEARTBEAT appendEntries, errorCount=15, request=AppendEntriesRequest:cid=321,entriesCount=0
2025-05-22 15:25:29,994 WARN  server.GrpcLogAppender (GrpcLogAppender.java:timeoutAppendRequest(466)) - s6@group-627EA8FBA030->s5-GrpcLogAppender: Timed out HEARTBEAT appendEntries, errorCount=5, request=AppendEntriesRequest:cid=315,entriesCount=0
2025-05-22 15:25:30,068 WARN  server.GrpcLogAppender (GrpcLogAppender.java:timeoutAppendRequest(466)) - s6@group-627EA8FBA030->s4-GrpcLogAppender: Timed out HEARTBEAT appendEntries, errorCount=16, request=AppendEntriesRequest:cid=322,entriesCount=0
2025-05-22 15:25:30,069 WARN  server.GrpcLogAppender (GrpcLogAppender.java:timeoutAppendRequest(466)) - s6@group-627EA8FBA030->s5-GrpcLogAppender: Timed out HEARTBEAT appendEntries, errorCount=6, request=AppendEntriesRequest:cid=316,entriesCount=0
2025-05-22 15:25:30,144 WARN  server.GrpcLogAppender (GrpcLogAppender.java:timeoutAppendRequest(466)) - s6@group-627EA8FBA030->s4-GrpcLogAppender: Timed out HEARTBEAT appendEntries, errorCount=17, request=AppendEntriesRequest:cid=323,entriesCount=0
2025-05-22 15:25:30,145 WARN  server.GrpcLogAppender (GrpcLogAppender.java:timeoutAppendRequest(466)) - s6@group-627EA8FBA030->s5-GrpcLogAppender: Timed out HEARTBEAT appendEntries, errorCount=7, request=AppendEntriesRequest:cid=317,entriesCount=0
2025-05-22 15:25:30,221 WARN  server.GrpcLogAppender (GrpcLogAppender.java:timeoutAppendRequest(466)) - s6@group-627EA8FBA030->s4-GrpcLogAppender: Timed out HEARTBEAT appendEntries, errorCount=18, request=AppendEntriesRequest:cid=324,entriesCount=0
2025-05-22 15:25:30,221 WARN  server.GrpcLogAppender (GrpcLogAppender.java:timeoutAppendRequest(466)) - s6@group-627EA8FBA030->s5-GrpcLogAppender: Timed out HEARTBEAT appendEntries, errorCount=8, request=AppendEntriesRequest:cid=318,entriesCount=0
2025-05-22 15:25:30,844 INFO  segmented.SegmentedRaftLogWorker (SegmentedRaftLogWorker.java:close(256)) - s9@group-F5200629CA74-SegmentedRaftLogWorker close()
2025-05-22 15:25:30,845 INFO  raftlog.RaftLog (SegmentedRaftLog.java:close(577)) - Successfully closed s9@group-F5200629CA74-SegmentedRaftLog:CLOSED:c120
2025-05-22 15:25:30,845 TRACE util.FileUtils (FileUtils.java:deleteFully(351)) - deleteFully /home/runner/work/ratis/ratis/ratis-examples/target/test/data/3b356627/MiniRaftClusterWithGrpcde84ffe6/s9/d9c6b7b0-1337-468d-9f50-f5200629ca74
2025-05-22 15:25:30,845 TRACE util.FileUtils (LogUtils.java:runAndLog(49)) - Successfully ran Files.delete /home/runner/work/ratis/ratis/ratis-examples/target/test/data/3b356627/MiniRaftClusterWithGrpcde84ffe6/s9/d9c6b7b0-1337-468d-9f50-f5200629ca74/current/log_inprogress_0
2025-05-22 15:25:30,846 TRACE util.FileUtils (LogUtils.java:runAndLog(49)) - Successfully ran Files.delete /home/runner/work/ratis/ratis/ratis-examples/target/test/data/3b356627/MiniRaftClusterWithGrpcde84ffe6/s9/d9c6b7b0-1337-468d-9f50-f5200629ca74/current/raft-meta.conf
2025-05-22 15:25:30,846 TRACE util.FileUtils (LogUtils.java:runAndLog(49)) - Successfully ran Files.delete /home/runner/work/ratis/ratis/ratis-examples/target/test/data/3b356627/MiniRaftClusterWithGrpcde84ffe6/s9/d9c6b7b0-1337-468d-9f50-f5200629ca74/current/raft-meta
2025-05-22 15:25:30,846 TRACE util.FileUtils (LogUtils.java:runAndLog(49)) - Successfully ran Files.delete /home/runner/work/ratis/ratis/ratis-examples/target/test/data/3b356627/MiniRaftClusterWithGrpcde84ffe6/s9/d9c6b7b0-1337-468d-9f50-f5200629ca74/current
2025-05-22 15:25:30,846 TRACE util.FileUtils (LogUtils.java:runAndLog(49)) - Successfully ran Files.delete /home/runner/work/ratis/ratis/ratis-examples/target/test/data/3b356627/MiniRaftClusterWithGrpcde84ffe6/s9/d9c6b7b0-1337-468d-9f50-f5200629ca74/sm
2025-05-22 15:25:30,846 TRACE util.FileUtils (LogUtils.java:runAndLog(49)) - Successfully ran Files.delete /home/runner/work/ratis/ratis/ratis-examples/target/test/data/3b356627/MiniRaftClusterWithGrpcde84ffe6/s9/d9c6b7b0-1337-468d-9f50-f5200629ca74/in_use.lock
2025-05-22 15:25:30,846 TRACE util.FileUtils (LogUtils.java:runAndLog(49)) - Successfully ran Files.delete /home/runner/work/ratis/ratis/ratis-examples/target/test/data/3b356627/MiniRaftClusterWithGrpcde84ffe6/s9/d9c6b7b0-1337-468d-9f50-f5200629ca74
2025-05-22 15:25:30,846 INFO  server.RaftServer$Division (RaftServerImpl.java:groupRemove(500)) - s9@group-F5200629CA74: Succeed to remove RaftStorageDirectory Storage Directory /home/runner/work/ratis/ratis/ratis-examples/target/test/data/3b356627/MiniRaftClusterWithGrpcde84ffe6/s9/d9c6b7b0-1337-468d-9f50-f5200629ca74
| MiniRaftClusterWithGrpc[3, 6, 9, 12, 15]chosen=2 | close groups | 146 |
2025-05-22 15:25:30,849 INFO  impl.GroupManagementBaseTest (GroupManagementBaseTest.java:runMultiGroupTest(318)) - close groups: printing ALL groups
  s3:  RUNNING [
   FOLLOWER (STARTING): s3@group-5CA96AA9335B:t0, leader=null, voted=, raftlog=Memoized:s3@group-5CA96AA9335B-SegmentedRaftLog:OPENED:c-1:lastnull, conf=conf: {index: -1, cur=peers:[]|listeners:[], old=null}
   FOLLOWER (RUNNING): s3@group-171B122E1842:t1, leader=s14, voted=s14, raftlog=Memoized:s3@group-171B122E1842-SegmentedRaftLog:OPENED:c120:last(t:1, i:120), conf=conf: {index: 0, cur=peers:[s3|0.0.0.0:15003, s14|0.0.0.0:15014, s2|0.0.0.0:15002]|listeners:[], old=null}] size=2
  s4:  RUNNING  FOLLOWER (STARTING): s4@group-5CA96AA9335B:t0, leader=null, voted=, raftlog=Memoized:s4@group-5CA96AA9335B-SegmentedRaftLog:OPENED:c-1:lastnull, conf=conf: {index: -1, cur=peers:[]|listeners:[], old=null}
  s5:  RUNNING  FOLLOWER (STARTING): s5@group-5CA96AA9335B:t0, leader=null, voted=, raftlog=Memoized:s5@group-5CA96AA9335B-SegmentedRaftLog:OPENED:c-1:lastnull, conf=conf: {index: -1, cur=peers:[]|listeners:[], old=null}
  s6:  RUNNING  FOLLOWER (STARTING): s6@group-5CA96AA9335B:t0, leader=null, voted=, raftlog=Memoized:s6@group-5CA96AA9335B-SegmentedRaftLog:OPENED:c-1:lastnull, conf=conf: {index: -1, cur=peers:[]|listeners:[], old=null}
  s7:  RUNNING  FOLLOWER (STARTING): s7@group-5CA96AA9335B:t0, leader=null, voted=, raftlog=Memoized:s7@group-5CA96AA9335B-SegmentedRaftLog:OPENED:c-1:lastnull, conf=conf: {index: -1, cur=peers:[]|listeners:[], old=null}
  s8:  RUNNING  FOLLOWER (STARTING): s8@group-5CA96AA9335B:t0, leader=null, voted=, raftlog=Memoized:s8@group-5CA96AA9335B-SegmentedRaftLog:OPENED:c-1:lastnull, conf=conf: {index: -1, cur=peers:[]|listeners:[], old=null}
  s9:  RUNNING  FOLLOWER (STARTING): s9@group-5CA96AA9335B:t0, leader=null, voted=, raftlog=Memoized:s9@group-5CA96AA9335B-SegmentedRaftLog:OPENED:c-1:lastnull, conf=conf: {index: -1, cur=peers:[]|listeners:[], old=null}
  s11:  RUNNING  FOLLOWER (STARTING): s11@group-5CA96AA9335B:t0, leader=null, voted=, raftlog=Memoized:s11@group-5CA96AA9335B-SegmentedRaftLog:OPENED:c-1:lastnull, conf=conf: {index: -1, cur=peers:[]|listeners:[], old=null}
  s10:  RUNNING  FOLLOWER (STARTING): s10@group-5CA96AA9335B:t0, leader=null, voted=, raftlog=Memoized:s10@group-5CA96AA9335B-SegmentedRaftLog:OPENED:c-1:lastnull, conf=conf: {index: -1, cur=peers:[]|listeners:[], old=null}
  s13:  RUNNING  FOLLOWER (STARTING): s13@group-5CA96AA9335B:t0, leader=null, voted=, raftlog=Memoized:s13@group-5CA96AA9335B-SegmentedRaftLog:OPENED:c-1:lastnull, conf=conf: {index: -1, cur=peers:[]|listeners:[], old=null}
  s12:  RUNNING  FOLLOWER (STARTING): s12@group-5CA96AA9335B:t0, leader=null, voted=, raftlog=Memoized:s12@group-5CA96AA9335B-SegmentedRaftLog:OPENED:c-1:lastnull, conf=conf: {index: -1, cur=peers:[]|listeners:[], old=null}
  s14:  RUNNING [
   FOLLOWER (STARTING): s14@group-5CA96AA9335B:t0, leader=null, voted=, raftlog=Memoized:s14@group-5CA96AA9335B-SegmentedRaftLog:OPENED:c-1:lastnull, conf=conf: {index: -1, cur=peers:[]|listeners:[], old=null}
     LEADER (RUNNING): s14@group-171B122E1842:t1, leader=s14, voted=s14, raftlog=Memoized:s14@group-171B122E1842-SegmentedRaftLog:OPENED:c120:last(t:1, i:120), conf=conf: {index: 0, cur=peers:[s3|0.0.0.0:15003, s14|0.0.0.0:15014, s2|0.0.0.0:15002]|listeners:[], old=null}] size=2
  s0:  RUNNING  FOLLOWER (STARTING): s0@group-5CA96AA9335B:t0, leader=null, voted=, raftlog=Memoized:s0@group-5CA96AA9335B-SegmentedRaftLog:OPENED:c-1:lastnull, conf=conf: {index: -1, cur=peers:[]|listeners:[], old=null}
  s1:  RUNNING  FOLLOWER (STARTING): s1@group-5CA96AA9335B:t0, leader=null, voted=, raftlog=Memoized:s1@group-5CA96AA9335B-SegmentedRaftLog:OPENED:c-1:lastnull, conf=conf: {index: -1, cur=peers:[]|listeners:[], old=null}
  s2:  RUNNING [
   FOLLOWER (STARTING): s2@group-5CA96AA9335B:t0, leader=null, voted=, raftlog=Memoized:s2@group-5CA96AA9335B-SegmentedRaftLog:OPENED:c-1:lastnull, conf=conf: {index: -1, cur=peers:[]|listeners:[], old=null}
   FOLLOWER (RUNNING): s2@group-171B122E1842:t1, leader=s14, voted=s14, raftlog=Memoized:s2@group-171B122E1842-SegmentedRaftLog:OPENED:c120:last(t:1, i:120), conf=conf: {index: 0, cur=peers:[s3|0.0.0.0:15003, s14|0.0.0.0:15014, s2|0.0.0.0:15002]|listeners:[], old=null}] size=2
2025-05-22 15:25:30,849 INFO  impl.GroupManagementBaseTest (GroupManagementBaseTest.java:runMultiGroupTest(324)) - 0) groupAdd: printing group-B21D4752B5F9
2025-05-22 15:25:30,853 INFO  server.RaftServer (RaftServerProxy.java:addNew(106)) - s10: addNew group-171B122E1842:[] returns group-171B122E1842:java.util.concurrent.CompletableFuture@1c3e680e[Not completed]
2025-05-22 15:25:30,854 INFO  server.RaftServer$Division (RaftServerImpl.java:<init>(271)) - s10: new RaftServerImpl for group-171B122E1842:[] with ArithmeticStateMachine:uninitialized
2025-05-22 15:25:30,854 INFO  server.RaftServer$Division (ServerState.java:<init>(114)) - s10@group-171B122E1842: ConfigurationManager, init=conf: {index: -1, cur=peers:[]|listeners:[], old=null}, confs=<EMPTY_MAP>
2025-05-22 15:25:30,855 INFO  server.RaftServerConfigKeys (ConfUtils.java:logGet(62)) - raft.server.storage.dir = [/home/runner/work/ratis/ratis/ratis-examples/target/test/data/3b356627/MiniRaftClusterWithGrpcde84ffe6/s10] (custom)
2025-05-22 15:25:30,855 INFO  storage.RaftStorageDirectory (RaftStorageDirectoryImpl.java:analyzeStorage(138)) - The storage directory /home/runner/work/ratis/ratis/ratis-examples/target/test/data/3b356627/MiniRaftClusterWithGrpcde84ffe6/s10/6a4a2c2e-7234-499f-b180-171b122e1842 does not exist. Creating ...
2025-05-22 15:25:30,855 TRACE util.FileUtils (LogUtils.java:runAndLog(49)) - Successfully ran Files.createDirectories /home/runner/work/ratis/ratis/ratis-examples/target/test/data/3b356627/MiniRaftClusterWithGrpcde84ffe6/s10/6a4a2c2e-7234-499f-b180-171b122e1842
2025-05-22 15:25:30,856 INFO  storage.RaftStorageDirectory (RaftStorageDirectoryImpl.java:tryLock(229)) - Lock on /home/runner/work/ratis/ratis/ratis-examples/target/test/data/3b356627/MiniRaftClusterWithGrpcde84ffe6/s10/6a4a2c2e-7234-499f-b180-171b122e1842/in_use.lock acquired by nodename 6133@fv-az1337-961
2025-05-22 15:25:30,857 TRACE util.FileUtils (LogUtils.java:runAndLog(49)) - Successfully ran Files.createDirectories /home/runner/work/ratis/ratis/ratis-examples/target/test/data/3b356627/MiniRaftClusterWithGrpcde84ffe6/s10/6a4a2c2e-7234-499f-b180-171b122e1842/current
2025-05-22 15:25:30,857 TRACE util.FileUtils (LogUtils.java:runAndLog(49)) - Successfully ran Files.createDirectories /home/runner/work/ratis/ratis/ratis-examples/target/test/data/3b356627/MiniRaftClusterWithGrpcde84ffe6/s10/6a4a2c2e-7234-499f-b180-171b122e1842/sm
2025-05-22 15:25:30,857 TRACE util.FileUtils (LogUtils.java:supplyAndLog(69)) - Successfully supplied FileChannel.open /home/runner/work/ratis/ratis/ratis-examples/target/test/data/3b356627/MiniRaftClusterWithGrpcde84ffe6/s10/6a4a2c2e-7234-499f-b180-171b122e1842/current/raft-meta.tmp with options [CREATE, TRUNCATE_EXISTING, WRITE]: sun.nio.ch.FileChannelImpl@25f2e8a5
2025-05-22 15:25:30,858 TRACE util.FileUtils (LogUtils.java:runAndLog(49)) - Successfully ran Atomic Files.move /home/runner/work/ratis/ratis/ratis-examples/target/test/data/3b356627/MiniRaftClusterWithGrpcde84ffe6/s10/6a4a2c2e-7234-499f-b180-171b122e1842/current/raft-meta.tmp to /home/runner/work/ratis/ratis/ratis-examples/target/test/data/3b356627/MiniRaftClusterWithGrpcde84ffe6/s10/6a4a2c2e-7234-499f-b180-171b122e1842/current/raft-meta with options [REPLACE_EXISTING]
2025-05-22 15:25:30,858 INFO  storage.RaftStorage (RaftStorageImpl.java:format(98)) - Storage directory /home/runner/work/ratis/ratis/ratis-examples/target/test/data/3b356627/MiniRaftClusterWithGrpcde84ffe6/s10/6a4a2c2e-7234-499f-b180-171b122e1842 has been successfully formatted.
2025-05-22 15:25:30,858 WARN  statemachine.StateMachine (ArithmeticStateMachine.java:loadSnapshot(115)) - The snapshot info is null.
2025-05-22 15:25:30,858 INFO  util.AwaitToRun (AwaitToRun.java:start(81)) - Thread[s10@group-171B122E1842-cacheEviction-AwaitToRun,5,main] started
2025-05-22 15:25:30,858 INFO  segmented.SegmentedRaftLogWorker (SegmentedRaftLogWorker.java:<init>(191)) - new s10@group-171B122E1842-SegmentedRaftLogWorker for RaftStorageImpl:Storage Directory /home/runner/work/ratis/ratis/ratis-examples/target/test/data/3b356627/MiniRaftClusterWithGrpcde84ffe6/s10/6a4a2c2e-7234-499f-b180-171b122e1842
2025-05-22 15:25:30,859 INFO  segmented.SegmentedRaftLogWorker (SegmentedRaftLogWorker.java:lambda$new$0(142)) - s10@group-171B122E1842-SegmentedRaftLogWorker: flushIndex: setUnconditionally 0 -> -1
2025-05-22 15:25:30,859 INFO  segmented.SegmentedRaftLogWorker (SegmentedRaftLogWorker.java:lambda$new$0(142)) - s10@group-171B122E1842-SegmentedRaftLogWorker: safeCacheEvictIndex: setUnconditionally 0 -> -1
2025-05-22 15:25:30,859 INFO  server.RaftServer$Division (RaftServerImpl.java:start(414)) - s10@group-171B122E1842: start with initializing state, conf=conf: {index: -1, cur=peers:[]|listeners:[], old=null}
2025-05-22 15:25:30,860 INFO  server.RaftServer$Division (RaftServerImpl.java:setRole(395)) - s10@group-171B122E1842: changes role from      null to FOLLOWER at term 0 for start
2025-05-22 15:25:30,860 INFO  util.JmxRegister (JmxRegister.java:tryRegister(44)) - Successfully registered JMX Bean with object name Ratis:service=RaftServer,group=group-171B122E1842,id=s10
2025-05-22 15:25:30,860 INFO  util.JmxRegister (JmxRegister.java:register(58)) - register mxBean class org.apache.ratis.server.impl.RaftServerJmxAdapter as Ratis:service=RaftServer,group=group-171B122E1842,id=s10
2025-05-22 15:25:30,860 INFO  server.RaftServer$Division (RaftServerImpl.java:start(422)) - s10@group-171B122E1842: Successfully started.
2025-05-22 15:25:30,867 INFO  server.RaftServer (RaftServerProxy.java:addNew(106)) - s0: addNew group-171B122E1842:[] returns group-171B122E1842:java.util.concurrent.CompletableFuture@6db84f2c[Not completed]
2025-05-22 15:25:30,867 INFO  server.RaftServer$Division (RaftServerImpl.java:<init>(271)) - s0: new RaftServerImpl for group-171B122E1842:[] with ArithmeticStateMachine:uninitialized
2025-05-22 15:25:30,868 INFO  server.RaftServer$Division (ServerState.java:<init>(114)) - s0@group-171B122E1842: ConfigurationManager, init=conf: {index: -1, cur=peers:[]|listeners:[], old=null}, confs=<EMPTY_MAP>
2025-05-22 15:25:30,868 INFO  server.RaftServerConfigKeys (ConfUtils.java:logGet(62)) - raft.server.storage.dir = [/home/runner/work/ratis/ratis/ratis-examples/target/test/data/3b356627/MiniRaftClusterWithGrpcde84ffe6/s0] (custom)
2025-05-22 15:25:30,869 INFO  storage.RaftStorageDirectory (RaftStorageDirectoryImpl.java:analyzeStorage(138)) - The storage directory /home/runner/work/ratis/ratis/ratis-examples/target/test/data/3b356627/MiniRaftClusterWithGrpcde84ffe6/s0/6a4a2c2e-7234-499f-b180-171b122e1842 does not exist. Creating ...
2025-05-22 15:25:30,869 TRACE util.FileUtils (LogUtils.java:runAndLog(49)) - Successfully ran Files.createDirectories /home/runner/work/ratis/ratis/ratis-examples/target/test/data/3b356627/MiniRaftClusterWithGrpcde84ffe6/s0/6a4a2c2e-7234-499f-b180-171b122e1842
2025-05-22 15:25:30,870 INFO  storage.RaftStorageDirectory (RaftStorageDirectoryImpl.java:tryLock(229)) - Lock on /home/runner/work/ratis/ratis/ratis-examples/target/test/data/3b356627/MiniRaftClusterWithGrpcde84ffe6/s0/6a4a2c2e-7234-499f-b180-171b122e1842/in_use.lock acquired by nodename 6133@fv-az1337-961
2025-05-22 15:25:30,871 TRACE util.FileUtils (LogUtils.java:runAndLog(49)) - Successfully ran Files.createDirectories /home/runner/work/ratis/ratis/ratis-examples/target/test/data/3b356627/MiniRaftClusterWithGrpcde84ffe6/s0/6a4a2c2e-7234-499f-b180-171b122e1842/current
2025-05-22 15:25:30,871 TRACE util.FileUtils (LogUtils.java:runAndLog(49)) - Successfully ran Files.createDirectories /home/runner/work/ratis/ratis/ratis-examples/target/test/data/3b356627/MiniRaftClusterWithGrpcde84ffe6/s0/6a4a2c2e-7234-499f-b180-171b122e1842/sm
2025-05-22 15:25:30,871 TRACE util.FileUtils (LogUtils.java:supplyAndLog(69)) - Successfully supplied FileChannel.open /home/runner/work/ratis/ratis/ratis-examples/target/test/data/3b356627/MiniRaftClusterWithGrpcde84ffe6/s0/6a4a2c2e-7234-499f-b180-171b122e1842/current/raft-meta.tmp with options [CREATE, TRUNCATE_EXISTING, WRITE]: sun.nio.ch.FileChannelImpl@46b3dc0
2025-05-22 15:25:30,872 TRACE util.FileUtils (LogUtils.java:runAndLog(49)) - Successfully ran Atomic Files.move /home/runner/work/ratis/ratis/ratis-examples/target/test/data/3b356627/MiniRaftClusterWithGrpcde84ffe6/s0/6a4a2c2e-7234-499f-b180-171b122e1842/current/raft-meta.tmp to /home/runner/work/ratis/ratis/ratis-examples/target/test/data/3b356627/MiniRaftClusterWithGrpcde84ffe6/s0/6a4a2c2e-7234-499f-b180-171b122e1842/current/raft-meta with options [REPLACE_EXISTING]
2025-05-22 15:25:30,872 INFO  storage.RaftStorage (RaftStorageImpl.java:format(98)) - Storage directory /home/runner/work/ratis/ratis/ratis-examples/target/test/data/3b356627/MiniRaftClusterWithGrpcde84ffe6/s0/6a4a2c2e-7234-499f-b180-171b122e1842 has been successfully formatted.
2025-05-22 15:25:30,872 WARN  statemachine.StateMachine (ArithmeticStateMachine.java:loadSnapshot(115)) - The snapshot info is null.
2025-05-22 15:25:30,872 INFO  util.AwaitToRun (AwaitToRun.java:start(81)) - Thread[s0@group-171B122E1842-cacheEviction-AwaitToRun,5,main] started
2025-05-22 15:25:30,873 INFO  segmented.SegmentedRaftLogWorker (SegmentedRaftLogWorker.java:<init>(191)) - new s0@group-171B122E1842-SegmentedRaftLogWorker for RaftStorageImpl:Storage Directory /home/runner/work/ratis/ratis/ratis-examples/target/test/data/3b356627/MiniRaftClusterWithGrpcde84ffe6/s0/6a4a2c2e-7234-499f-b180-171b122e1842
2025-05-22 15:25:30,873 INFO  segmented.SegmentedRaftLogWorker (SegmentedRaftLogWorker.java:lambda$new$0(142)) - s0@group-171B122E1842-SegmentedRaftLogWorker: flushIndex: setUnconditionally 0 -> -1
2025-05-22 15:25:30,873 INFO  segmented.SegmentedRaftLogWorker (SegmentedRaftLogWorker.java:lambda$new$0(142)) - s0@group-171B122E1842-SegmentedRaftLogWorker: safeCacheEvictIndex: setUnconditionally 0 -> -1
2025-05-22 15:25:30,874 INFO  server.RaftServer$Division (RaftServerImpl.java:start(414)) - s0@group-171B122E1842: start with initializing state, conf=conf: {index: -1, cur=peers:[]|listeners:[], old=null}
2025-05-22 15:25:30,874 INFO  server.RaftServer$Division (RaftServerImpl.java:setRole(395)) - s0@group-171B122E1842: changes role from      null to FOLLOWER at term 0 for start
2025-05-22 15:25:30,874 INFO  util.JmxRegister (JmxRegister.java:tryRegister(44)) - Successfully registered JMX Bean with object name Ratis:service=RaftServer,group=group-171B122E1842,id=s0
2025-05-22 15:25:30,874 INFO  util.JmxRegister (JmxRegister.java:register(58)) - register mxBean class org.apache.ratis.server.impl.RaftServerJmxAdapter as Ratis:service=RaftServer,group=group-171B122E1842,id=s0
2025-05-22 15:25:30,874 INFO  server.RaftServer$Division (RaftServerImpl.java:start(422)) - s0@group-171B122E1842: Successfully started.
2025-05-22 15:25:30,885 INFO  server.RaftServer (RaftServerProxy.java:addNew(106)) - s1: addNew group-171B122E1842:[] returns group-171B122E1842:java.util.concurrent.CompletableFuture@422ff512[Not completed]
2025-05-22 15:25:30,885 INFO  server.RaftServer$Division (RaftServerImpl.java:<init>(271)) - s1: new RaftServerImpl for group-171B122E1842:[] with ArithmeticStateMachine:uninitialized
2025-05-22 15:25:30,886 INFO  server.RaftServer$Division (ServerState.java:<init>(114)) - s1@group-171B122E1842: ConfigurationManager, init=conf: {index: -1, cur=peers:[]|listeners:[], old=null}, confs=<EMPTY_MAP>
2025-05-22 15:25:30,887 INFO  server.RaftServerConfigKeys (ConfUtils.java:logGet(62)) - raft.server.storage.dir = [/home/runner/work/ratis/ratis/ratis-examples/target/test/data/3b356627/MiniRaftClusterWithGrpcde84ffe6/s1] (custom)
2025-05-22 15:25:30,887 INFO  storage.RaftStorageDirectory (RaftStorageDirectoryImpl.java:analyzeStorage(138)) - The storage directory /home/runner/work/ratis/ratis/ratis-examples/target/test/data/3b356627/MiniRaftClusterWithGrpcde84ffe6/s1/6a4a2c2e-7234-499f-b180-171b122e1842 does not exist. Creating ...
2025-05-22 15:25:30,887 TRACE util.FileUtils (LogUtils.java:runAndLog(49)) - Successfully ran Files.createDirectories /home/runner/work/ratis/ratis/ratis-examples/target/test/data/3b356627/MiniRaftClusterWithGrpcde84ffe6/s1/6a4a2c2e-7234-499f-b180-171b122e1842
2025-05-22 15:25:30,888 INFO  storage.RaftStorageDirectory (RaftStorageDirectoryImpl.java:tryLock(229)) - Lock on /home/runner/work/ratis/ratis/ratis-examples/target/test/data/3b356627/MiniRaftClusterWithGrpcde84ffe6/s1/6a4a2c2e-7234-499f-b180-171b122e1842/in_use.lock acquired by nodename 6133@fv-az1337-961
2025-05-22 15:25:30,888 TRACE util.FileUtils (LogUtils.java:runAndLog(49)) - Successfully ran Files.createDirectories /home/runner/work/ratis/ratis/ratis-examples/target/test/data/3b356627/MiniRaftClusterWithGrpcde84ffe6/s1/6a4a2c2e-7234-499f-b180-171b122e1842/current
2025-05-22 15:25:30,889 TRACE util.FileUtils (LogUtils.java:runAndLog(49)) - Successfully ran Files.createDirectories /home/runner/work/ratis/ratis/ratis-examples/target/test/data/3b356627/MiniRaftClusterWithGrpcde84ffe6/s1/6a4a2c2e-7234-499f-b180-171b122e1842/sm
2025-05-22 15:25:30,889 TRACE util.FileUtils (LogUtils.java:supplyAndLog(69)) - Successfully supplied FileChannel.open /home/runner/work/ratis/ratis/ratis-examples/target/test/data/3b356627/MiniRaftClusterWithGrpcde84ffe6/s1/6a4a2c2e-7234-499f-b180-171b122e1842/current/raft-meta.tmp with options [CREATE, TRUNCATE_EXISTING, WRITE]: sun.nio.ch.FileChannelImpl@6fb9a3c5
2025-05-22 15:25:30,889 TRACE util.FileUtils (LogUtils.java:runAndLog(49)) - Successfully ran Atomic Files.move /home/runner/work/ratis/ratis/ratis-examples/target/test/data/3b356627/MiniRaftClusterWithGrpcde84ffe6/s1/6a4a2c2e-7234-499f-b180-171b122e1842/current/raft-meta.tmp to /home/runner/work/ratis/ratis/ratis-examples/target/test/data/3b356627/MiniRaftClusterWithGrpcde84ffe6/s1/6a4a2c2e-7234-499f-b180-171b122e1842/current/raft-meta with options [REPLACE_EXISTING]
2025-05-22 15:25:30,890 INFO  storage.RaftStorage (RaftStorageImpl.java:format(98)) - Storage directory /home/runner/work/ratis/ratis/ratis-examples/target/test/data/3b356627/MiniRaftClusterWithGrpcde84ffe6/s1/6a4a2c2e-7234-499f-b180-171b122e1842 has been successfully formatted.
2025-05-22 15:25:30,890 WARN  statemachine.StateMachine (ArithmeticStateMachine.java:loadSnapshot(115)) - The snapshot info is null.
2025-05-22 15:25:30,891 INFO  util.AwaitToRun (AwaitToRun.java:start(81)) - Thread[s1@group-171B122E1842-cacheEviction-AwaitToRun,5,main] started
2025-05-22 15:25:30,891 INFO  segmented.SegmentedRaftLogWorker (SegmentedRaftLogWorker.java:<init>(191)) - new s1@group-171B122E1842-SegmentedRaftLogWorker for RaftStorageImpl:Storage Directory /home/runner/work/ratis/ratis/ratis-examples/target/test/data/3b356627/MiniRaftClusterWithGrpcde84ffe6/s1/6a4a2c2e-7234-499f-b180-171b122e1842
2025-05-22 15:25:30,892 INFO  segmented.SegmentedRaftLogWorker (SegmentedRaftLogWorker.java:lambda$new$0(142)) - s1@group-171B122E1842-SegmentedRaftLogWorker: flushIndex: setUnconditionally 0 -> -1
2025-05-22 15:25:30,892 INFO  segmented.SegmentedRaftLogWorker (SegmentedRaftLogWorker.java:lambda$new$0(142)) - s1@group-171B122E1842-SegmentedRaftLogWorker: safeCacheEvictIndex: setUnconditionally 0 -> -1
2025-05-22 15:25:30,892 INFO  server.RaftServer$Division (RaftServerImpl.java:start(414)) - s1@group-171B122E1842: start with initializing state, conf=conf: {index: -1, cur=peers:[]|listeners:[], old=null}
2025-05-22 15:25:30,892 INFO  server.RaftServer$Division (RaftServerImpl.java:setRole(395)) - s1@group-171B122E1842: changes role from      null to FOLLOWER at term 0 for start
2025-05-22 15:25:30,892 INFO  util.JmxRegister (JmxRegister.java:tryRegister(44)) - Successfully registered JMX Bean with object name Ratis:service=RaftServer,group=group-171B122E1842,id=s1
2025-05-22 15:25:30,892 INFO  util.JmxRegister (JmxRegister.java:register(58)) - register mxBean class org.apache.ratis.server.impl.RaftServerJmxAdapter as Ratis:service=RaftServer,group=group-171B122E1842,id=s1
2025-05-22 15:25:30,893 INFO  server.RaftServer$Division (RaftServerImpl.java:start(422)) - s1@group-171B122E1842: Successfully started.
2025-05-22 15:25:30,895 INFO  impl.GroupManagementBaseTest (GroupManagementBaseTest.java:runMultiGroupTest(324)) - 1) groupAdd: printing group-BEB040E247F1
2025-05-22 15:25:30,900 INFO  server.RaftServer (RaftServerProxy.java:addNew(106)) - s11: addNew group-171B122E1842:[] returns group-171B122E1842:java.util.concurrent.CompletableFuture@17da90b[Not completed]
2025-05-22 15:25:30,900 INFO  server.RaftServer$Division (RaftServerImpl.java:<init>(271)) - s11: new RaftServerImpl for group-171B122E1842:[] with ArithmeticStateMachine:uninitialized
2025-05-22 15:25:30,901 INFO  server.RaftServer$Division (ServerState.java:<init>(114)) - s11@group-171B122E1842: ConfigurationManager, init=conf: {index: -1, cur=peers:[]|listeners:[], old=null}, confs=<EMPTY_MAP>
2025-05-22 15:25:30,901 INFO  server.RaftServerConfigKeys (ConfUtils.java:logGet(62)) - raft.server.storage.dir = [/home/runner/work/ratis/ratis/ratis-examples/target/test/data/3b356627/MiniRaftClusterWithGrpcde84ffe6/s11] (custom)
2025-05-22 15:25:30,902 INFO  storage.RaftStorageDirectory (RaftStorageDirectoryImpl.java:analyzeStorage(138)) - The storage directory /home/runner/work/ratis/ratis/ratis-examples/target/test/data/3b356627/MiniRaftClusterWithGrpcde84ffe6/s11/6a4a2c2e-7234-499f-b180-171b122e1842 does not exist. Creating ...
2025-05-22 15:25:30,902 TRACE util.FileUtils (LogUtils.java:runAndLog(49)) - Successfully ran Files.createDirectories /home/runner/work/ratis/ratis/ratis-examples/target/test/data/3b356627/MiniRaftClusterWithGrpcde84ffe6/s11/6a4a2c2e-7234-499f-b180-171b122e1842
2025-05-22 15:25:30,902 INFO  storage.RaftStorageDirectory (RaftStorageDirectoryImpl.java:tryLock(229)) - Lock on /home/runner/work/ratis/ratis/ratis-examples/target/test/data/3b356627/MiniRaftClusterWithGrpcde84ffe6/s11/6a4a2c2e-7234-499f-b180-171b122e1842/in_use.lock acquired by nodename 6133@fv-az1337-961
2025-05-22 15:25:30,903 TRACE util.FileUtils (LogUtils.java:runAndLog(49)) - Successfully ran Files.createDirectories /home/runner/work/ratis/ratis/ratis-examples/target/test/data/3b356627/MiniRaftClusterWithGrpcde84ffe6/s11/6a4a2c2e-7234-499f-b180-171b122e1842/current
2025-05-22 15:25:30,903 TRACE util.FileUtils (LogUtils.java:runAndLog(49)) - Successfully ran Files.createDirectories /home/runner/work/ratis/ratis/ratis-examples/target/test/data/3b356627/MiniRaftClusterWithGrpcde84ffe6/s11/6a4a2c2e-7234-499f-b180-171b122e1842/sm
2025-05-22 15:25:30,903 TRACE util.FileUtils (LogUtils.java:supplyAndLog(69)) - Successfully supplied FileChannel.open /home/runner/work/ratis/ratis/ratis-examples/target/test/data/3b356627/MiniRaftClusterWithGrpcde84ffe6/s11/6a4a2c2e-7234-499f-b180-171b122e1842/current/raft-meta.tmp with options [CREATE, TRUNCATE_EXISTING, WRITE]: sun.nio.ch.FileChannelImpl@47de865d
2025-05-22 15:25:30,904 TRACE util.FileUtils (LogUtils.java:runAndLog(49)) - Successfully ran Atomic Files.move /home/runner/work/ratis/ratis/ratis-examples/target/test/data/3b356627/MiniRaftClusterWithGrpcde84ffe6/s11/6a4a2c2e-7234-499f-b180-171b122e1842/current/raft-meta.tmp to /home/runner/work/ratis/ratis/ratis-examples/target/test/data/3b356627/MiniRaftClusterWithGrpcde84ffe6/s11/6a4a2c2e-7234-499f-b180-171b122e1842/current/raft-meta with options [REPLACE_EXISTING]
2025-05-22 15:25:30,904 INFO  storage.RaftStorage (RaftStorageImpl.java:format(98)) - Storage directory /home/runner/work/ratis/ratis/ratis-examples/target/test/data/3b356627/MiniRaftClusterWithGrpcde84ffe6/s11/6a4a2c2e-7234-499f-b180-171b122e1842 has been successfully formatted.
2025-05-22 15:25:30,904 WARN  statemachine.StateMachine (ArithmeticStateMachine.java:loadSnapshot(115)) - The snapshot info is null.
2025-05-22 15:25:30,904 INFO  util.AwaitToRun (AwaitToRun.java:start(81)) - Thread[s11@group-171B122E1842-cacheEviction-AwaitToRun,5,main] started
2025-05-22 15:25:30,905 INFO  segmented.SegmentedRaftLogWorker (SegmentedRaftLogWorker.java:<init>(191)) - new s11@group-171B122E1842-SegmentedRaftLogWorker for RaftStorageImpl:Storage Directory /home/runner/work/ratis/ratis/ratis-examples/target/test/data/3b356627/MiniRaftClusterWithGrpcde84ffe6/s11/6a4a2c2e-7234-499f-b180-171b122e1842
2025-05-22 15:25:30,905 INFO  segmented.SegmentedRaftLogWorker (SegmentedRaftLogWorker.java:lambda$new$0(142)) - s11@group-171B122E1842-SegmentedRaftLogWorker: flushIndex: setUnconditionally 0 -> -1
2025-05-22 15:25:30,905 INFO  segmented.SegmentedRaftLogWorker (SegmentedRaftLogWorker.java:lambda$new$0(142)) - s11@group-171B122E1842-SegmentedRaftLogWorker: safeCacheEvictIndex: setUnconditionally 0 -> -1
2025-05-22 15:25:30,906 INFO  server.RaftServer$Division (RaftServerImpl.java:start(414)) - s11@group-171B122E1842: start with initializing state, conf=conf: {index: -1, cur=peers:[]|listeners:[], old=null}
2025-05-22 15:25:30,906 INFO  server.RaftServer$Division (RaftServerImpl.java:setRole(395)) - s11@group-171B122E1842: changes role from      null to FOLLOWER at term 0 for start
2025-05-22 15:25:30,906 INFO  util.JmxRegister (JmxRegister.java:tryRegister(44)) - Successfully registered JMX Bean with object name Ratis:service=RaftServer,group=group-171B122E1842,id=s11
2025-05-22 15:25:30,906 INFO  util.JmxRegister (JmxRegister.java:register(58)) - register mxBean class org.apache.ratis.server.impl.RaftServerJmxAdapter as Ratis:service=RaftServer,group=group-171B122E1842,id=s11
2025-05-22 15:25:30,906 INFO  server.RaftServer$Division (RaftServerImpl.java:start(422)) - s11@group-171B122E1842: Successfully started.
2025-05-22 15:25:30,912 INFO  server.RaftServer (RaftServerProxy.java:addNew(106)) - s13: addNew group-171B122E1842:[] returns group-171B122E1842:java.util.concurrent.CompletableFuture@531ce94[Not completed]
2025-05-22 15:25:30,912 INFO  server.RaftServer$Division (RaftServerImpl.java:<init>(271)) - s13: new RaftServerImpl for group-171B122E1842:[] with ArithmeticStateMachine:uninitialized
2025-05-22 15:25:30,913 INFO  server.RaftServer$Division (ServerState.java:<init>(114)) - s13@group-171B122E1842: ConfigurationManager, init=conf: {index: -1, cur=peers:[]|listeners:[], old=null}, confs=<EMPTY_MAP>
2025-05-22 15:25:30,913 INFO  server.RaftServerConfigKeys (ConfUtils.java:logGet(62)) - raft.server.storage.dir = [/home/runner/work/ratis/ratis/ratis-examples/target/test/data/3b356627/MiniRaftClusterWithGrpcde84ffe6/s13] (custom)
2025-05-22 15:25:30,914 INFO  storage.RaftStorageDirectory (RaftStorageDirectoryImpl.java:analyzeStorage(138)) - The storage directory /home/runner/work/ratis/ratis/ratis-examples/target/test/data/3b356627/MiniRaftClusterWithGrpcde84ffe6/s13/6a4a2c2e-7234-499f-b180-171b122e1842 does not exist. Creating ...
2025-05-22 15:25:30,914 TRACE util.FileUtils (LogUtils.java:runAndLog(49)) - Successfully ran Files.createDirectories /home/runner/work/ratis/ratis/ratis-examples/target/test/data/3b356627/MiniRaftClusterWithGrpcde84ffe6/s13/6a4a2c2e-7234-499f-b180-171b122e1842
2025-05-22 15:25:30,915 INFO  storage.RaftStorageDirectory (RaftStorageDirectoryImpl.java:tryLock(229)) - Lock on /home/runner/work/ratis/ratis/ratis-examples/target/test/data/3b356627/MiniRaftClusterWithGrpcde84ffe6/s13/6a4a2c2e-7234-499f-b180-171b122e1842/in_use.lock acquired by nodename 6133@fv-az1337-961
2025-05-22 15:25:30,915 TRACE util.FileUtils (LogUtils.java:runAndLog(49)) - Successfully ran Files.createDirectories /home/runner/work/ratis/ratis/ratis-examples/target/test/data/3b356627/MiniRaftClusterWithGrpcde84ffe6/s13/6a4a2c2e-7234-499f-b180-171b122e1842/current
2025-05-22 15:25:30,916 TRACE util.FileUtils (LogUtils.java:runAndLog(49)) - Successfully ran Files.createDirectories /home/runner/work/ratis/ratis/ratis-examples/target/test/data/3b356627/MiniRaftClusterWithGrpcde84ffe6/s13/6a4a2c2e-7234-499f-b180-171b122e1842/sm
2025-05-22 15:25:30,916 TRACE util.FileUtils (LogUtils.java:supplyAndLog(69)) - Successfully supplied FileChannel.open /home/runner/work/ratis/ratis/ratis-examples/target/test/data/3b356627/MiniRaftClusterWithGrpcde84ffe6/s13/6a4a2c2e-7234-499f-b180-171b122e1842/current/raft-meta.tmp with options [CREATE, TRUNCATE_EXISTING, WRITE]: sun.nio.ch.FileChannelImpl@3d1c578e
2025-05-22 15:25:30,917 TRACE util.FileUtils (LogUtils.java:runAndLog(49)) - Successfully ran Atomic Files.move /home/runner/work/ratis/ratis/ratis-examples/target/test/data/3b356627/MiniRaftClusterWithGrpcde84ffe6/s13/6a4a2c2e-7234-499f-b180-171b122e1842/current/raft-meta.tmp to /home/runner/work/ratis/ratis/ratis-examples/target/test/data/3b356627/MiniRaftClusterWithGrpcde84ffe6/s13/6a4a2c2e-7234-499f-b180-171b122e1842/current/raft-meta with options [REPLACE_EXISTING]
2025-05-22 15:25:30,917 INFO  storage.RaftStorage (RaftStorageImpl.java:format(98)) - Storage directory /home/runner/work/ratis/ratis/ratis-examples/target/test/data/3b356627/MiniRaftClusterWithGrpcde84ffe6/s13/6a4a2c2e-7234-499f-b180-171b122e1842 has been successfully formatted.
2025-05-22 15:25:30,917 WARN  statemachine.StateMachine (ArithmeticStateMachine.java:loadSnapshot(115)) - The snapshot info is null.
2025-05-22 15:25:30,918 INFO  util.AwaitToRun (AwaitToRun.java:start(81)) - Thread[s13@group-171B122E1842-cacheEviction-AwaitToRun,5,main] started
2025-05-22 15:25:30,918 INFO  segmented.SegmentedRaftLogWorker (SegmentedRaftLogWorker.java:<init>(191)) - new s13@group-171B122E1842-SegmentedRaftLogWorker for RaftStorageImpl:Storage Directory /home/runner/work/ratis/ratis/ratis-examples/target/test/data/3b356627/MiniRaftClusterWithGrpcde84ffe6/s13/6a4a2c2e-7234-499f-b180-171b122e1842
2025-05-22 15:25:30,919 INFO  segmented.SegmentedRaftLogWorker (SegmentedRaftLogWorker.java:lambda$new$0(142)) - s13@group-171B122E1842-SegmentedRaftLogWorker: flushIndex: setUnconditionally 0 -> -1
2025-05-22 15:25:30,919 INFO  segmented.SegmentedRaftLogWorker (SegmentedRaftLogWorker.java:lambda$new$0(142)) - s13@group-171B122E1842-SegmentedRaftLogWorker: safeCacheEvictIndex: setUnconditionally 0 -> -1
2025-05-22 15:25:30,919 INFO  server.RaftServer$Division (RaftServerImpl.java:start(414)) - s13@group-171B122E1842: start with initializing state, conf=conf: {index: -1, cur=peers:[]|listeners:[], old=null}
2025-05-22 15:25:30,919 INFO  server.RaftServer$Division (RaftServerImpl.java:setRole(395)) - s13@group-171B122E1842: changes role from      null to FOLLOWER at term 0 for start
2025-05-22 15:25:30,919 INFO  util.JmxRegister (JmxRegister.java:tryRegister(44)) - Successfully registered JMX Bean with object name Ratis:service=RaftServer,group=group-171B122E1842,id=s13
2025-05-22 15:25:30,919 INFO  util.JmxRegister (JmxRegister.java:register(58)) - register mxBean class org.apache.ratis.server.impl.RaftServerJmxAdapter as Ratis:service=RaftServer,group=group-171B122E1842,id=s13
2025-05-22 15:25:30,919 INFO  server.RaftServer$Division (RaftServerImpl.java:start(422)) - s13@group-171B122E1842: Successfully started.
2025-05-22 15:25:30,924 INFO  server.RaftServer (RaftServerProxy.java:addNew(106)) - s12: addNew group-171B122E1842:[] returns group-171B122E1842:java.util.concurrent.CompletableFuture@20238a10[Not completed]
2025-05-22 15:25:30,924 INFO  server.RaftServer$Division (RaftServerImpl.java:<init>(271)) - s12: new RaftServerImpl for group-171B122E1842:[] with ArithmeticStateMachine:uninitialized
2025-05-22 15:25:30,925 INFO  server.RaftServer$Division (ServerState.java:<init>(114)) - s12@group-171B122E1842: ConfigurationManager, init=conf: {index: -1, cur=peers:[]|listeners:[], old=null}, confs=<EMPTY_MAP>
2025-05-22 15:25:30,926 INFO  server.RaftServerConfigKeys (ConfUtils.java:logGet(62)) - raft.server.storage.dir = [/home/runner/work/ratis/ratis/ratis-examples/target/test/data/3b356627/MiniRaftClusterWithGrpcde84ffe6/s12] (custom)
2025-05-22 15:25:30,926 INFO  storage.RaftStorageDirectory (RaftStorageDirectoryImpl.java:analyzeStorage(138)) - The storage directory /home/runner/work/ratis/ratis/ratis-examples/target/test/data/3b356627/MiniRaftClusterWithGrpcde84ffe6/s12/6a4a2c2e-7234-499f-b180-171b122e1842 does not exist. Creating ...
2025-05-22 15:25:30,926 TRACE util.FileUtils (LogUtils.java:runAndLog(49)) - Successfully ran Files.createDirectories /home/runner/work/ratis/ratis/ratis-examples/target/test/data/3b356627/MiniRaftClusterWithGrpcde84ffe6/s12/6a4a2c2e-7234-499f-b180-171b122e1842
2025-05-22 15:25:30,927 INFO  storage.RaftStorageDirectory (RaftStorageDirectoryImpl.java:tryLock(229)) - Lock on /home/runner/work/ratis/ratis/ratis-examples/target/test/data/3b356627/MiniRaftClusterWithGrpcde84ffe6/s12/6a4a2c2e-7234-499f-b180-171b122e1842/in_use.lock acquired by nodename 6133@fv-az1337-961
2025-05-22 15:25:30,927 TRACE util.FileUtils (LogUtils.java:runAndLog(49)) - Successfully ran Files.createDirectories /home/runner/work/ratis/ratis/ratis-examples/target/test/data/3b356627/MiniRaftClusterWithGrpcde84ffe6/s12/6a4a2c2e-7234-499f-b180-171b122e1842/current
2025-05-22 15:25:30,928 TRACE util.FileUtils (LogUtils.java:runAndLog(49)) - Successfully ran Files.createDirectories /home/runner/work/ratis/ratis/ratis-examples/target/test/data/3b356627/MiniRaftClusterWithGrpcde84ffe6/s12/6a4a2c2e-7234-499f-b180-171b122e1842/sm
2025-05-22 15:25:30,928 TRACE util.FileUtils (LogUtils.java:supplyAndLog(69)) - Successfully supplied FileChannel.open /home/runner/work/ratis/ratis/ratis-examples/target/test/data/3b356627/MiniRaftClusterWithGrpcde84ffe6/s12/6a4a2c2e-7234-499f-b180-171b122e1842/current/raft-meta.tmp with options [CREATE, TRUNCATE_EXISTING, WRITE]: sun.nio.ch.FileChannelImpl@731bd1fe
2025-05-22 15:25:30,929 TRACE util.FileUtils (LogUtils.java:runAndLog(49)) - Successfully ran Atomic Files.move /home/runner/work/ratis/ratis/ratis-examples/target/test/data/3b356627/MiniRaftClusterWithGrpcde84ffe6/s12/6a4a2c2e-7234-499f-b180-171b122e1842/current/raft-meta.tmp to /home/runner/work/ratis/ratis/ratis-examples/target/test/data/3b356627/MiniRaftClusterWithGrpcde84ffe6/s12/6a4a2c2e-7234-499f-b180-171b122e1842/current/raft-meta with options [REPLACE_EXISTING]
2025-05-22 15:25:30,929 INFO  storage.RaftStorage (RaftStorageImpl.java:format(98)) - Storage directory /home/runner/work/ratis/ratis/ratis-examples/target/test/data/3b356627/MiniRaftClusterWithGrpcde84ffe6/s12/6a4a2c2e-7234-499f-b180-171b122e1842 has been successfully formatted.
2025-05-22 15:25:30,929 WARN  statemachine.StateMachine (ArithmeticStateMachine.java:loadSnapshot(115)) - The snapshot info is null.
2025-05-22 15:25:30,930 INFO  util.AwaitToRun (AwaitToRun.java:start(81)) - Thread[s12@group-171B122E1842-cacheEviction-AwaitToRun,5,main] started
2025-05-22 15:25:30,930 INFO  segmented.SegmentedRaftLogWorker (SegmentedRaftLogWorker.java:<init>(191)) - new s12@group-171B122E1842-SegmentedRaftLogWorker for RaftStorageImpl:Storage Directory /home/runner/work/ratis/ratis/ratis-examples/target/test/data/3b356627/MiniRaftClusterWithGrpcde84ffe6/s12/6a4a2c2e-7234-499f-b180-171b122e1842
2025-05-22 15:25:30,931 INFO  segmented.SegmentedRaftLogWorker (SegmentedRaftLogWorker.java:lambda$new$0(142)) - s12@group-171B122E1842-SegmentedRaftLogWorker: flushIndex: setUnconditionally 0 -> -1
2025-05-22 15:25:30,931 INFO  segmented.SegmentedRaftLogWorker (SegmentedRaftLogWorker.java:lambda$new$0(142)) - s12@group-171B122E1842-SegmentedRaftLogWorker: safeCacheEvictIndex: setUnconditionally 0 -> -1
2025-05-22 15:25:30,931 INFO  server.RaftServer$Division (RaftServerImpl.java:start(414)) - s12@group-171B122E1842: start with initializing state, conf=conf: {index: -1, cur=peers:[]|listeners:[], old=null}
2025-05-22 15:25:30,931 INFO  server.RaftServer$Division (RaftServerImpl.java:setRole(395)) - s12@group-171B122E1842: changes role from      null to FOLLOWER at term 0 for start
2025-05-22 15:25:30,931 INFO  util.JmxRegister (JmxRegister.java:tryRegister(44)) - Successfully registered JMX Bean with object name Ratis:service=RaftServer,group=group-171B122E1842,id=s12
2025-05-22 15:25:30,931 INFO  util.JmxRegister (JmxRegister.java:register(58)) - register mxBean class org.apache.ratis.server.impl.RaftServerJmxAdapter as Ratis:service=RaftServer,group=group-171B122E1842,id=s12
2025-05-22 15:25:30,932 INFO  server.RaftServer$Division (RaftServerImpl.java:start(422)) - s12@group-171B122E1842: Successfully started.
2025-05-22 15:25:30,933 INFO  impl.GroupManagementBaseTest (GroupManagementBaseTest.java:runMultiGroupTest(324)) - 3) groupAdd: printing group-627EA8FBA030
2025-05-22 15:25:30,937 INFO  server.RaftServer (RaftServerProxy.java:addNew(106)) - s4: addNew group-171B122E1842:[] returns group-171B122E1842:java.util.concurrent.CompletableFuture@46339844[Not completed]
2025-05-22 15:25:30,937 INFO  server.RaftServer$Division (RaftServerImpl.java:<init>(271)) - s4: new RaftServerImpl for group-171B122E1842:[] with ArithmeticStateMachine:uninitialized
2025-05-22 15:25:30,937 INFO  server.RaftServer$Division (ServerState.java:<init>(114)) - s4@group-171B122E1842: ConfigurationManager, init=conf: {index: -1, cur=peers:[]|listeners:[], old=null}, confs=<EMPTY_MAP>
2025-05-22 15:25:30,938 INFO  server.RaftServerConfigKeys (ConfUtils.java:logGet(62)) - raft.server.storage.dir = [/home/runner/work/ratis/ratis/ratis-examples/target/test/data/3b356627/MiniRaftClusterWithGrpcde84ffe6/s4] (custom)
2025-05-22 15:25:30,939 INFO  storage.RaftStorageDirectory (RaftStorageDirectoryImpl.java:analyzeStorage(138)) - The storage directory /home/runner/work/ratis/ratis/ratis-examples/target/test/data/3b356627/MiniRaftClusterWithGrpcde84ffe6/s4/6a4a2c2e-7234-499f-b180-171b122e1842 does not exist. Creating ...
2025-05-22 15:25:30,939 TRACE util.FileUtils (LogUtils.java:runAndLog(49)) - Successfully ran Files.createDirectories /home/runner/work/ratis/ratis/ratis-examples/target/test/data/3b356627/MiniRaftClusterWithGrpcde84ffe6/s4/6a4a2c2e-7234-499f-b180-171b122e1842
2025-05-22 15:25:30,940 INFO  storage.RaftStorageDirectory (RaftStorageDirectoryImpl.java:tryLock(229)) - Lock on /home/runner/work/ratis/ratis/ratis-examples/target/test/data/3b356627/MiniRaftClusterWithGrpcde84ffe6/s4/6a4a2c2e-7234-499f-b180-171b122e1842/in_use.lock acquired by nodename 6133@fv-az1337-961
2025-05-22 15:25:30,940 TRACE util.FileUtils (LogUtils.java:runAndLog(49)) - Successfully ran Files.createDirectories /home/runner/work/ratis/ratis/ratis-examples/target/test/data/3b356627/MiniRaftClusterWithGrpcde84ffe6/s4/6a4a2c2e-7234-499f-b180-171b122e1842/current
2025-05-22 15:25:30,940 TRACE util.FileUtils (LogUtils.java:runAndLog(49)) - Successfully ran Files.createDirectories /home/runner/work/ratis/ratis/ratis-examples/target/test/data/3b356627/MiniRaftClusterWithGrpcde84ffe6/s4/6a4a2c2e-7234-499f-b180-171b122e1842/sm
2025-05-22 15:25:30,940 TRACE util.FileUtils (LogUtils.java:supplyAndLog(69)) - Successfully supplied FileChannel.open /home/runner/work/ratis/ratis/ratis-examples/target/test/data/3b356627/MiniRaftClusterWithGrpcde84ffe6/s4/6a4a2c2e-7234-499f-b180-171b122e1842/current/raft-meta.tmp with options [CREATE, TRUNCATE_EXISTING, WRITE]: sun.nio.ch.FileChannelImpl@7a7b4624
2025-05-22 15:25:30,941 TRACE util.FileUtils (LogUtils.java:runAndLog(49)) - Successfully ran Atomic Files.move /home/runner/work/ratis/ratis/ratis-examples/target/test/data/3b356627/MiniRaftClusterWithGrpcde84ffe6/s4/6a4a2c2e-7234-499f-b180-171b122e1842/current/raft-meta.tmp to /home/runner/work/ratis/ratis/ratis-examples/target/test/data/3b356627/MiniRaftClusterWithGrpcde84ffe6/s4/6a4a2c2e-7234-499f-b180-171b122e1842/current/raft-meta with options [REPLACE_EXISTING]
2025-05-22 15:25:30,941 INFO  storage.RaftStorage (RaftStorageImpl.java:format(98)) - Storage directory /home/runner/work/ratis/ratis/ratis-examples/target/test/data/3b356627/MiniRaftClusterWithGrpcde84ffe6/s4/6a4a2c2e-7234-499f-b180-171b122e1842 has been successfully formatted.
2025-05-22 15:25:30,941 WARN  statemachine.StateMachine (ArithmeticStateMachine.java:loadSnapshot(115)) - The snapshot info is null.
2025-05-22 15:25:30,942 INFO  util.AwaitToRun (AwaitToRun.java:start(81)) - Thread[s4@group-171B122E1842-cacheEviction-AwaitToRun,5,main] started
2025-05-22 15:25:30,942 INFO  segmented.SegmentedRaftLogWorker (SegmentedRaftLogWorker.java:<init>(191)) - new s4@group-171B122E1842-SegmentedRaftLogWorker for RaftStorageImpl:Storage Directory /home/runner/work/ratis/ratis/ratis-examples/target/test/data/3b356627/MiniRaftClusterWithGrpcde84ffe6/s4/6a4a2c2e-7234-499f-b180-171b122e1842
2025-05-22 15:25:30,943 INFO  segmented.SegmentedRaftLogWorker (SegmentedRaftLogWorker.java:lambda$new$0(142)) - s4@group-171B122E1842-SegmentedRaftLogWorker: flushIndex: setUnconditionally 0 -> -1
2025-05-22 15:25:30,943 INFO  segmented.SegmentedRaftLogWorker (SegmentedRaftLogWorker.java:lambda$new$0(142)) - s4@group-171B122E1842-SegmentedRaftLogWorker: safeCacheEvictIndex: setUnconditionally 0 -> -1
2025-05-22 15:25:30,943 INFO  server.RaftServer$Division (RaftServerImpl.java:start(414)) - s4@group-171B122E1842: start with initializing state, conf=conf: {index: -1, cur=peers:[]|listeners:[], old=null}
2025-05-22 15:25:30,943 INFO  server.RaftServer$Division (RaftServerImpl.java:setRole(395)) - s4@group-171B122E1842: changes role from      null to FOLLOWER at term 0 for start
2025-05-22 15:25:30,943 INFO  util.JmxRegister (JmxRegister.java:tryRegister(44)) - Successfully registered JMX Bean with object name Ratis:service=RaftServer,group=group-171B122E1842,id=s4
2025-05-22 15:25:30,943 INFO  util.JmxRegister (JmxRegister.java:register(58)) - register mxBean class org.apache.ratis.server.impl.RaftServerJmxAdapter as Ratis:service=RaftServer,group=group-171B122E1842,id=s4
2025-05-22 15:25:30,944 INFO  server.RaftServer$Division (RaftServerImpl.java:start(422)) - s4@group-171B122E1842: Successfully started.
2025-05-22 15:25:30,950 INFO  server.RaftServer (RaftServerProxy.java:addNew(106)) - s5: addNew group-171B122E1842:[] returns group-171B122E1842:java.util.concurrent.CompletableFuture@1c234c14[Not completed]
2025-05-22 15:25:30,950 INFO  server.RaftServer$Division (RaftServerImpl.java:<init>(271)) - s5: new RaftServerImpl for group-171B122E1842:[] with ArithmeticStateMachine:uninitialized
2025-05-22 15:25:30,950 INFO  server.RaftServer$Division (ServerState.java:<init>(114)) - s5@group-171B122E1842: ConfigurationManager, init=conf: {index: -1, cur=peers:[]|listeners:[], old=null}, confs=<EMPTY_MAP>
2025-05-22 15:25:30,951 INFO  server.RaftServerConfigKeys (ConfUtils.java:logGet(62)) - raft.server.storage.dir = [/home/runner/work/ratis/ratis/ratis-examples/target/test/data/3b356627/MiniRaftClusterWithGrpcde84ffe6/s5] (custom)
2025-05-22 15:25:30,951 INFO  storage.RaftStorageDirectory (RaftStorageDirectoryImpl.java:analyzeStorage(138)) - The storage directory /home/runner/work/ratis/ratis/ratis-examples/target/test/data/3b356627/MiniRaftClusterWithGrpcde84ffe6/s5/6a4a2c2e-7234-499f-b180-171b122e1842 does not exist. Creating ...
2025-05-22 15:25:30,951 TRACE util.FileUtils (LogUtils.java:runAndLog(49)) - Successfully ran Files.createDirectories /home/runner/work/ratis/ratis/ratis-examples/target/test/data/3b356627/MiniRaftClusterWithGrpcde84ffe6/s5/6a4a2c2e-7234-499f-b180-171b122e1842
2025-05-22 15:25:30,952 INFO  storage.RaftStorageDirectory (RaftStorageDirectoryImpl.java:tryLock(229)) - Lock on /home/runner/work/ratis/ratis/ratis-examples/target/test/data/3b356627/MiniRaftClusterWithGrpcde84ffe6/s5/6a4a2c2e-7234-499f-b180-171b122e1842/in_use.lock acquired by nodename 6133@fv-az1337-961
2025-05-22 15:25:30,952 TRACE util.FileUtils (LogUtils.java:runAndLog(49)) - Successfully ran Files.createDirectories /home/runner/work/ratis/ratis/ratis-examples/target/test/data/3b356627/MiniRaftClusterWithGrpcde84ffe6/s5/6a4a2c2e-7234-499f-b180-171b122e1842/current
2025-05-22 15:25:30,952 TRACE util.FileUtils (LogUtils.java:runAndLog(49)) - Successfully ran Files.createDirectories /home/runner/work/ratis/ratis/ratis-examples/target/test/data/3b356627/MiniRaftClusterWithGrpcde84ffe6/s5/6a4a2c2e-7234-499f-b180-171b122e1842/sm
2025-05-22 15:25:30,952 TRACE util.FileUtils (LogUtils.java:supplyAndLog(69)) - Successfully supplied FileChannel.open /home/runner/work/ratis/ratis/ratis-examples/target/test/data/3b356627/MiniRaftClusterWithGrpcde84ffe6/s5/6a4a2c2e-7234-499f-b180-171b122e1842/current/raft-meta.tmp with options [CREATE, TRUNCATE_EXISTING, WRITE]: sun.nio.ch.FileChannelImpl@34d6058b
2025-05-22 15:25:30,954 TRACE util.FileUtils (LogUtils.java:runAndLog(49)) - Successfully ran Atomic Files.move /home/runner/work/ratis/ratis/ratis-examples/target/test/data/3b356627/MiniRaftClusterWithGrpcde84ffe6/s5/6a4a2c2e-7234-499f-b180-171b122e1842/current/raft-meta.tmp to /home/runner/work/ratis/ratis/ratis-examples/target/test/data/3b356627/MiniRaftClusterWithGrpcde84ffe6/s5/6a4a2c2e-7234-499f-b180-171b122e1842/current/raft-meta with options [REPLACE_EXISTING]
2025-05-22 15:25:30,954 INFO  storage.RaftStorage (RaftStorageImpl.java:format(98)) - Storage directory /home/runner/work/ratis/ratis/ratis-examples/target/test/data/3b356627/MiniRaftClusterWithGrpcde84ffe6/s5/6a4a2c2e-7234-499f-b180-171b122e1842 has been successfully formatted.
2025-05-22 15:25:30,954 WARN  statemachine.StateMachine (ArithmeticStateMachine.java:loadSnapshot(115)) - The snapshot info is null.
2025-05-22 15:25:30,954 INFO  util.AwaitToRun (AwaitToRun.java:start(81)) - Thread[s5@group-171B122E1842-cacheEviction-AwaitToRun,5,main] started
2025-05-22 15:25:30,955 INFO  segmented.SegmentedRaftLogWorker (SegmentedRaftLogWorker.java:<init>(191)) - new s5@group-171B122E1842-SegmentedRaftLogWorker for RaftStorageImpl:Storage Directory /home/runner/work/ratis/ratis/ratis-examples/target/test/data/3b356627/MiniRaftClusterWithGrpcde84ffe6/s5/6a4a2c2e-7234-499f-b180-171b122e1842
2025-05-22 15:25:30,955 INFO  segmented.SegmentedRaftLogWorker (SegmentedRaftLogWorker.java:lambda$new$0(142)) - s5@group-171B122E1842-SegmentedRaftLogWorker: flushIndex: setUnconditionally 0 -> -1
2025-05-22 15:25:30,955 INFO  segmented.SegmentedRaftLogWorker (SegmentedRaftLogWorker.java:lambda$new$0(142)) - s5@group-171B122E1842-SegmentedRaftLogWorker: safeCacheEvictIndex: setUnconditionally 0 -> -1
2025-05-22 15:25:30,956 INFO  server.RaftServer$Division (RaftServerImpl.java:start(414)) - s5@group-171B122E1842: start with initializing state, conf=conf: {index: -1, cur=peers:[]|listeners:[], old=null}
2025-05-22 15:25:30,956 INFO  server.RaftServer$Division (RaftServerImpl.java:setRole(395)) - s5@group-171B122E1842: changes role from      null to FOLLOWER at term 0 for start
2025-05-22 15:25:30,956 INFO  util.JmxRegister (JmxRegister.java:tryRegister(44)) - Successfully registered JMX Bean with object name Ratis:service=RaftServer,group=group-171B122E1842,id=s5
2025-05-22 15:25:30,956 INFO  util.JmxRegister (JmxRegister.java:register(58)) - register mxBean class org.apache.ratis.server.impl.RaftServerJmxAdapter as Ratis:service=RaftServer,group=group-171B122E1842,id=s5
2025-05-22 15:25:30,956 INFO  server.RaftServer$Division (RaftServerImpl.java:start(422)) - s5@group-171B122E1842: Successfully started.
2025-05-22 15:25:30,961 INFO  server.RaftServer (RaftServerProxy.java:addNew(106)) - s6: addNew group-171B122E1842:[] returns group-171B122E1842:java.util.concurrent.CompletableFuture@44e71a31[Not completed]
2025-05-22 15:25:30,961 INFO  server.RaftServer$Division (RaftServerImpl.java:<init>(271)) - s6: new RaftServerImpl for group-171B122E1842:[] with ArithmeticStateMachine:uninitialized
2025-05-22 15:25:30,961 INFO  server.RaftServer$Division (ServerState.java:<init>(114)) - s6@group-171B122E1842: ConfigurationManager, init=conf: {index: -1, cur=peers:[]|listeners:[], old=null}, confs=<EMPTY_MAP>
2025-05-22 15:25:30,962 INFO  server.RaftServerConfigKeys (ConfUtils.java:logGet(62)) - raft.server.storage.dir = [/home/runner/work/ratis/ratis/ratis-examples/target/test/data/3b356627/MiniRaftClusterWithGrpcde84ffe6/s6] (custom)
2025-05-22 15:25:30,962 INFO  storage.RaftStorageDirectory (RaftStorageDirectoryImpl.java:analyzeStorage(138)) - The storage directory /home/runner/work/ratis/ratis/ratis-examples/target/test/data/3b356627/MiniRaftClusterWithGrpcde84ffe6/s6/6a4a2c2e-7234-499f-b180-171b122e1842 does not exist. Creating ...
2025-05-22 15:25:30,962 TRACE util.FileUtils (LogUtils.java:runAndLog(49)) - Successfully ran Files.createDirectories /home/runner/work/ratis/ratis/ratis-examples/target/test/data/3b356627/MiniRaftClusterWithGrpcde84ffe6/s6/6a4a2c2e-7234-499f-b180-171b122e1842
2025-05-22 15:25:30,963 INFO  storage.RaftStorageDirectory (RaftStorageDirectoryImpl.java:tryLock(229)) - Lock on /home/runner/work/ratis/ratis/ratis-examples/target/test/data/3b356627/MiniRaftClusterWithGrpcde84ffe6/s6/6a4a2c2e-7234-499f-b180-171b122e1842/in_use.lock acquired by nodename 6133@fv-az1337-961
2025-05-22 15:25:30,963 TRACE util.FileUtils (LogUtils.java:runAndLog(49)) - Successfully ran Files.createDirectories /home/runner/work/ratis/ratis/ratis-examples/target/test/data/3b356627/MiniRaftClusterWithGrpcde84ffe6/s6/6a4a2c2e-7234-499f-b180-171b122e1842/current
2025-05-22 15:25:30,963 TRACE util.FileUtils (LogUtils.java:runAndLog(49)) - Successfully ran Files.createDirectories /home/runner/work/ratis/ratis/ratis-examples/target/test/data/3b356627/MiniRaftClusterWithGrpcde84ffe6/s6/6a4a2c2e-7234-499f-b180-171b122e1842/sm
2025-05-22 15:25:30,964 TRACE util.FileUtils (LogUtils.java:supplyAndLog(69)) - Successfully supplied FileChannel.open /home/runner/work/ratis/ratis/ratis-examples/target/test/data/3b356627/MiniRaftClusterWithGrpcde84ffe6/s6/6a4a2c2e-7234-499f-b180-171b122e1842/current/raft-meta.tmp with options [CREATE, TRUNCATE_EXISTING, WRITE]: sun.nio.ch.FileChannelImpl@522a195b
2025-05-22 15:25:30,965 TRACE util.FileUtils (LogUtils.java:runAndLog(49)) - Successfully ran Atomic Files.move /home/runner/work/ratis/ratis/ratis-examples/target/test/data/3b356627/MiniRaftClusterWithGrpcde84ffe6/s6/6a4a2c2e-7234-499f-b180-171b122e1842/current/raft-meta.tmp to /home/runner/work/ratis/ratis/ratis-examples/target/test/data/3b356627/MiniRaftClusterWithGrpcde84ffe6/s6/6a4a2c2e-7234-499f-b180-171b122e1842/current/raft-meta with options [REPLACE_EXISTING]
2025-05-22 15:25:30,965 INFO  storage.RaftStorage (RaftStorageImpl.java:format(98)) - Storage directory /home/runner/work/ratis/ratis/ratis-examples/target/test/data/3b356627/MiniRaftClusterWithGrpcde84ffe6/s6/6a4a2c2e-7234-499f-b180-171b122e1842 has been successfully formatted.
2025-05-22 15:25:30,965 WARN  statemachine.StateMachine (ArithmeticStateMachine.java:loadSnapshot(115)) - The snapshot info is null.
2025-05-22 15:25:30,966 INFO  util.AwaitToRun (AwaitToRun.java:start(81)) - Thread[s6@group-171B122E1842-cacheEviction-AwaitToRun,5,main] started
2025-05-22 15:25:30,966 INFO  segmented.SegmentedRaftLogWorker (SegmentedRaftLogWorker.java:<init>(191)) - new s6@group-171B122E1842-SegmentedRaftLogWorker for RaftStorageImpl:Storage Directory /home/runner/work/ratis/ratis/ratis-examples/target/test/data/3b356627/MiniRaftClusterWithGrpcde84ffe6/s6/6a4a2c2e-7234-499f-b180-171b122e1842
2025-05-22 15:25:30,966 INFO  segmented.SegmentedRaftLogWorker (SegmentedRaftLogWorker.java:lambda$new$0(142)) - s6@group-171B122E1842-SegmentedRaftLogWorker: flushIndex: setUnconditionally 0 -> -1
2025-05-22 15:25:30,967 INFO  segmented.SegmentedRaftLogWorker (SegmentedRaftLogWorker.java:lambda$new$0(142)) - s6@group-171B122E1842-SegmentedRaftLogWorker: safeCacheEvictIndex: setUnconditionally 0 -> -1
2025-05-22 15:25:30,967 INFO  server.RaftServer$Division (RaftServerImpl.java:start(414)) - s6@group-171B122E1842: start with initializing state, conf=conf: {index: -1, cur=peers:[]|listeners:[], old=null}
2025-05-22 15:25:30,967 INFO  server.RaftServer$Division (RaftServerImpl.java:setRole(395)) - s6@group-171B122E1842: changes role from      null to FOLLOWER at term 0 for start
2025-05-22 15:25:30,967 INFO  util.JmxRegister (JmxRegister.java:tryRegister(44)) - Successfully registered JMX Bean with object name Ratis:service=RaftServer,group=group-171B122E1842,id=s6
2025-05-22 15:25:30,967 INFO  util.JmxRegister (JmxRegister.java:register(58)) - register mxBean class org.apache.ratis.server.impl.RaftServerJmxAdapter as Ratis:service=RaftServer,group=group-171B122E1842,id=s6
2025-05-22 15:25:30,968 INFO  server.RaftServer$Division (RaftServerImpl.java:start(422)) - s6@group-171B122E1842: Successfully started.
2025-05-22 15:25:30,969 INFO  impl.GroupManagementBaseTest (GroupManagementBaseTest.java:runMultiGroupTest(324)) - 4) groupAdd: printing group-F5200629CA74
2025-05-22 15:25:30,973 INFO  server.RaftServer (RaftServerProxy.java:addNew(106)) - s7: addNew group-171B122E1842:[] returns group-171B122E1842:java.util.concurrent.CompletableFuture@7fd2889e[Not completed]
2025-05-22 15:25:30,973 INFO  server.RaftServer$Division (RaftServerImpl.java:<init>(271)) - s7: new RaftServerImpl for group-171B122E1842:[] with ArithmeticStateMachine:uninitialized
2025-05-22 15:25:30,973 INFO  server.RaftServer$Division (ServerState.java:<init>(114)) - s7@group-171B122E1842: ConfigurationManager, init=conf: {index: -1, cur=peers:[]|listeners:[], old=null}, confs=<EMPTY_MAP>
2025-05-22 15:25:30,974 INFO  server.RaftServerConfigKeys (ConfUtils.java:logGet(62)) - raft.server.storage.dir = [/home/runner/work/ratis/ratis/ratis-examples/target/test/data/3b356627/MiniRaftClusterWithGrpcde84ffe6/s7] (custom)
2025-05-22 15:25:30,974 INFO  storage.RaftStorageDirectory (RaftStorageDirectoryImpl.java:analyzeStorage(138)) - The storage directory /home/runner/work/ratis/ratis/ratis-examples/target/test/data/3b356627/MiniRaftClusterWithGrpcde84ffe6/s7/6a4a2c2e-7234-499f-b180-171b122e1842 does not exist. Creating ...
2025-05-22 15:25:30,974 TRACE util.FileUtils (LogUtils.java:runAndLog(49)) - Successfully ran Files.createDirectories /home/runner/work/ratis/ratis/ratis-examples/target/test/data/3b356627/MiniRaftClusterWithGrpcde84ffe6/s7/6a4a2c2e-7234-499f-b180-171b122e1842
2025-05-22 15:25:30,976 INFO  storage.RaftStorageDirectory (RaftStorageDirectoryImpl.java:tryLock(229)) - Lock on /home/runner/work/ratis/ratis/ratis-examples/target/test/data/3b356627/MiniRaftClusterWithGrpcde84ffe6/s7/6a4a2c2e-7234-499f-b180-171b122e1842/in_use.lock acquired by nodename 6133@fv-az1337-961
2025-05-22 15:25:30,976 TRACE util.FileUtils (LogUtils.java:runAndLog(49)) - Successfully ran Files.createDirectories /home/runner/work/ratis/ratis/ratis-examples/target/test/data/3b356627/MiniRaftClusterWithGrpcde84ffe6/s7/6a4a2c2e-7234-499f-b180-171b122e1842/current
2025-05-22 15:25:30,976 TRACE util.FileUtils (LogUtils.java:runAndLog(49)) - Successfully ran Files.createDirectories /home/runner/work/ratis/ratis/ratis-examples/target/test/data/3b356627/MiniRaftClusterWithGrpcde84ffe6/s7/6a4a2c2e-7234-499f-b180-171b122e1842/sm
2025-05-22 15:25:30,976 TRACE util.FileUtils (LogUtils.java:supplyAndLog(69)) - Successfully supplied FileChannel.open /home/runner/work/ratis/ratis/ratis-examples/target/test/data/3b356627/MiniRaftClusterWithGrpcde84ffe6/s7/6a4a2c2e-7234-499f-b180-171b122e1842/current/raft-meta.tmp with options [CREATE, TRUNCATE_EXISTING, WRITE]: sun.nio.ch.FileChannelImpl@62844210
2025-05-22 15:25:30,977 TRACE util.FileUtils (LogUtils.java:runAndLog(49)) - Successfully ran Atomic Files.move /home/runner/work/ratis/ratis/ratis-examples/target/test/data/3b356627/MiniRaftClusterWithGrpcde84ffe6/s7/6a4a2c2e-7234-499f-b180-171b122e1842/current/raft-meta.tmp to /home/runner/work/ratis/ratis/ratis-examples/target/test/data/3b356627/MiniRaftClusterWithGrpcde84ffe6/s7/6a4a2c2e-7234-499f-b180-171b122e1842/current/raft-meta with options [REPLACE_EXISTING]
2025-05-22 15:25:30,978 INFO  storage.RaftStorage (RaftStorageImpl.java:format(98)) - Storage directory /home/runner/work/ratis/ratis/ratis-examples/target/test/data/3b356627/MiniRaftClusterWithGrpcde84ffe6/s7/6a4a2c2e-7234-499f-b180-171b122e1842 has been successfully formatted.
2025-05-22 15:25:30,978 WARN  statemachine.StateMachine (ArithmeticStateMachine.java:loadSnapshot(115)) - The snapshot info is null.
2025-05-22 15:25:30,978 INFO  util.AwaitToRun (AwaitToRun.java:start(81)) - Thread[s7@group-171B122E1842-cacheEviction-AwaitToRun,5,main] started
2025-05-22 15:25:30,978 INFO  segmented.SegmentedRaftLogWorker (SegmentedRaftLogWorker.java:<init>(191)) - new s7@group-171B122E1842-SegmentedRaftLogWorker for RaftStorageImpl:Storage Directory /home/runner/work/ratis/ratis/ratis-examples/target/test/data/3b356627/MiniRaftClusterWithGrpcde84ffe6/s7/6a4a2c2e-7234-499f-b180-171b122e1842
2025-05-22 15:25:30,979 INFO  segmented.SegmentedRaftLogWorker (SegmentedRaftLogWorker.java:lambda$new$0(142)) - s7@group-171B122E1842-SegmentedRaftLogWorker: flushIndex: setUnconditionally 0 -> -1
2025-05-22 15:25:30,979 INFO  segmented.SegmentedRaftLogWorker (SegmentedRaftLogWorker.java:lambda$new$0(142)) - s7@group-171B122E1842-SegmentedRaftLogWorker: safeCacheEvictIndex: setUnconditionally 0 -> -1
2025-05-22 15:25:30,980 INFO  server.RaftServer$Division (RaftServerImpl.java:start(414)) - s7@group-171B122E1842: start with initializing state, conf=conf: {index: -1, cur=peers:[]|listeners:[], old=null}
2025-05-22 15:25:30,981 INFO  server.RaftServer$Division (RaftServerImpl.java:setRole(395)) - s7@group-171B122E1842: changes role from      null to FOLLOWER at term 0 for start
2025-05-22 15:25:30,981 INFO  util.JmxRegister (JmxRegister.java:tryRegister(44)) - Successfully registered JMX Bean with object name Ratis:service=RaftServer,group=group-171B122E1842,id=s7
2025-05-22 15:25:30,981 INFO  util.JmxRegister (JmxRegister.java:register(58)) - register mxBean class org.apache.ratis.server.impl.RaftServerJmxAdapter as Ratis:service=RaftServer,group=group-171B122E1842,id=s7
2025-05-22 15:25:30,981 INFO  server.RaftServer$Division (RaftServerImpl.java:start(422)) - s7@group-171B122E1842: Successfully started.
2025-05-22 15:25:30,988 INFO  server.RaftServer (RaftServerProxy.java:addNew(106)) - s8: addNew group-171B122E1842:[] returns group-171B122E1842:java.util.concurrent.CompletableFuture@56ac2c4f[Not completed]
2025-05-22 15:25:30,988 INFO  server.RaftServer$Division (RaftServerImpl.java:<init>(271)) - s8: new RaftServerImpl for group-171B122E1842:[] with ArithmeticStateMachine:uninitialized
2025-05-22 15:25:30,988 INFO  server.RaftServer$Division (ServerState.java:<init>(114)) - s8@group-171B122E1842: ConfigurationManager, init=conf: {index: -1, cur=peers:[]|listeners:[], old=null}, confs=<EMPTY_MAP>
2025-05-22 15:25:30,989 INFO  server.RaftServerConfigKeys (ConfUtils.java:logGet(62)) - raft.server.storage.dir = [/home/runner/work/ratis/ratis/ratis-examples/target/test/data/3b356627/MiniRaftClusterWithGrpcde84ffe6/s8] (custom)
2025-05-22 15:25:30,989 INFO  storage.RaftStorageDirectory (RaftStorageDirectoryImpl.java:analyzeStorage(138)) - The storage directory /home/runner/work/ratis/ratis/ratis-examples/target/test/data/3b356627/MiniRaftClusterWithGrpcde84ffe6/s8/6a4a2c2e-7234-499f-b180-171b122e1842 does not exist. Creating ...
2025-05-22 15:25:30,989 TRACE util.FileUtils (LogUtils.java:runAndLog(49)) - Successfully ran Files.createDirectories /home/runner/work/ratis/ratis/ratis-examples/target/test/data/3b356627/MiniRaftClusterWithGrpcde84ffe6/s8/6a4a2c2e-7234-499f-b180-171b122e1842
2025-05-22 15:25:30,990 INFO  storage.RaftStorageDirectory (RaftStorageDirectoryImpl.java:tryLock(229)) - Lock on /home/runner/work/ratis/ratis/ratis-examples/target/test/data/3b356627/MiniRaftClusterWithGrpcde84ffe6/s8/6a4a2c2e-7234-499f-b180-171b122e1842/in_use.lock acquired by nodename 6133@fv-az1337-961
2025-05-22 15:25:30,990 TRACE util.FileUtils (LogUtils.java:runAndLog(49)) - Successfully ran Files.createDirectories /home/runner/work/ratis/ratis/ratis-examples/target/test/data/3b356627/MiniRaftClusterWithGrpcde84ffe6/s8/6a4a2c2e-7234-499f-b180-171b122e1842/current
2025-05-22 15:25:30,990 TRACE util.FileUtils (LogUtils.java:runAndLog(49)) - Successfully ran Files.createDirectories /home/runner/work/ratis/ratis/ratis-examples/target/test/data/3b356627/MiniRaftClusterWithGrpcde84ffe6/s8/6a4a2c2e-7234-499f-b180-171b122e1842/sm
2025-05-22 15:25:30,990 TRACE util.FileUtils (LogUtils.java:supplyAndLog(69)) - Successfully supplied FileChannel.open /home/runner/work/ratis/ratis/ratis-examples/target/test/data/3b356627/MiniRaftClusterWithGrpcde84ffe6/s8/6a4a2c2e-7234-499f-b180-171b122e1842/current/raft-meta.tmp with options [CREATE, TRUNCATE_EXISTING, WRITE]: sun.nio.ch.FileChannelImpl@3041a5e4
2025-05-22 15:25:30,991 TRACE util.FileUtils (LogUtils.java:runAndLog(49)) - Successfully ran Atomic Files.move /home/runner/work/ratis/ratis/ratis-examples/target/test/data/3b356627/MiniRaftClusterWithGrpcde84ffe6/s8/6a4a2c2e-7234-499f-b180-171b122e1842/current/raft-meta.tmp to /home/runner/work/ratis/ratis/ratis-examples/target/test/data/3b356627/MiniRaftClusterWithGrpcde84ffe6/s8/6a4a2c2e-7234-499f-b180-171b122e1842/current/raft-meta with options [REPLACE_EXISTING]
2025-05-22 15:25:30,991 INFO  storage.RaftStorage (RaftStorageImpl.java:format(98)) - Storage directory /home/runner/work/ratis/ratis/ratis-examples/target/test/data/3b356627/MiniRaftClusterWithGrpcde84ffe6/s8/6a4a2c2e-7234-499f-b180-171b122e1842 has been successfully formatted.
2025-05-22 15:25:30,992 WARN  statemachine.StateMachine (ArithmeticStateMachine.java:loadSnapshot(115)) - The snapshot info is null.
2025-05-22 15:25:30,992 INFO  util.AwaitToRun (AwaitToRun.java:start(81)) - Thread[s8@group-171B122E1842-cacheEviction-AwaitToRun,5,main] started
2025-05-22 15:25:30,992 INFO  segmented.SegmentedRaftLogWorker (SegmentedRaftLogWorker.java:<init>(191)) - new s8@group-171B122E1842-SegmentedRaftLogWorker for RaftStorageImpl:Storage Directory /home/runner/work/ratis/ratis/ratis-examples/target/test/data/3b356627/MiniRaftClusterWithGrpcde84ffe6/s8/6a4a2c2e-7234-499f-b180-171b122e1842
2025-05-22 15:25:30,993 INFO  segmented.SegmentedRaftLogWorker (SegmentedRaftLogWorker.java:lambda$new$0(142)) - s8@group-171B122E1842-SegmentedRaftLogWorker: flushIndex: setUnconditionally 0 -> -1
2025-05-22 15:25:30,993 INFO  segmented.SegmentedRaftLogWorker (SegmentedRaftLogWorker.java:lambda$new$0(142)) - s8@group-171B122E1842-SegmentedRaftLogWorker: safeCacheEvictIndex: setUnconditionally 0 -> -1
2025-05-22 15:25:30,993 INFO  server.RaftServer$Division (RaftServerImpl.java:start(414)) - s8@group-171B122E1842: start with initializing state, conf=conf: {index: -1, cur=peers:[]|listeners:[], old=null}
2025-05-22 15:25:30,993 INFO  server.RaftServer$Division (RaftServerImpl.java:setRole(395)) - s8@group-171B122E1842: changes role from      null to FOLLOWER at term 0 for start
2025-05-22 15:25:30,994 INFO  util.JmxRegister (JmxRegister.java:tryRegister(44)) - Successfully registered JMX Bean with object name Ratis:service=RaftServer,group=group-171B122E1842,id=s8
2025-05-22 15:25:30,994 INFO  util.JmxRegister (JmxRegister.java:register(58)) - register mxBean class org.apache.ratis.server.impl.RaftServerJmxAdapter as Ratis:service=RaftServer,group=group-171B122E1842,id=s8
2025-05-22 15:25:30,994 INFO  server.RaftServer$Division (RaftServerImpl.java:start(422)) - s8@group-171B122E1842: Successfully started.
2025-05-22 15:25:31,002 INFO  server.RaftServer (RaftServerProxy.java:addNew(106)) - s9: addNew group-171B122E1842:[] returns group-171B122E1842:java.util.concurrent.CompletableFuture@6d2315a1[Not completed]
2025-05-22 15:25:31,002 INFO  server.RaftServer$Division (RaftServerImpl.java:<init>(271)) - s9: new RaftServerImpl for group-171B122E1842:[] with ArithmeticStateMachine:uninitialized
2025-05-22 15:25:31,002 INFO  server.RaftServer$Division (ServerState.java:<init>(114)) - s9@group-171B122E1842: ConfigurationManager, init=conf: {index: -1, cur=peers:[]|listeners:[], old=null}, confs=<EMPTY_MAP>
2025-05-22 15:25:31,003 INFO  server.RaftServerConfigKeys (ConfUtils.java:logGet(62)) - raft.server.storage.dir = [/home/runner/work/ratis/ratis/ratis-examples/target/test/data/3b356627/MiniRaftClusterWithGrpcde84ffe6/s9] (custom)
2025-05-22 15:25:31,003 INFO  storage.RaftStorageDirectory (RaftStorageDirectoryImpl.java:analyzeStorage(138)) - The storage directory /home/runner/work/ratis/ratis/ratis-examples/target/test/data/3b356627/MiniRaftClusterWithGrpcde84ffe6/s9/6a4a2c2e-7234-499f-b180-171b122e1842 does not exist. Creating ...
2025-05-22 15:25:31,004 TRACE util.FileUtils (LogUtils.java:runAndLog(49)) - Successfully ran Files.createDirectories /home/runner/work/ratis/ratis/ratis-examples/target/test/data/3b356627/MiniRaftClusterWithGrpcde84ffe6/s9/6a4a2c2e-7234-499f-b180-171b122e1842
2025-05-22 15:25:31,004 INFO  storage.RaftStorageDirectory (RaftStorageDirectoryImpl.java:tryLock(229)) - Lock on /home/runner/work/ratis/ratis/ratis-examples/target/test/data/3b356627/MiniRaftClusterWithGrpcde84ffe6/s9/6a4a2c2e-7234-499f-b180-171b122e1842/in_use.lock acquired by nodename 6133@fv-az1337-961
2025-05-22 15:25:31,005 TRACE util.FileUtils (LogUtils.java:runAndLog(49)) - Successfully ran Files.createDirectories /home/runner/work/ratis/ratis/ratis-examples/target/test/data/3b356627/MiniRaftClusterWithGrpcde84ffe6/s9/6a4a2c2e-7234-499f-b180-171b122e1842/current
2025-05-22 15:25:31,005 TRACE util.FileUtils (LogUtils.java:runAndLog(49)) - Successfully ran Files.createDirectories /home/runner/work/ratis/ratis/ratis-examples/target/test/data/3b356627/MiniRaftClusterWithGrpcde84ffe6/s9/6a4a2c2e-7234-499f-b180-171b122e1842/sm
2025-05-22 15:25:31,005 TRACE util.FileUtils (LogUtils.java:supplyAndLog(69)) - Successfully supplied FileChannel.open /home/runner/work/ratis/ratis/ratis-examples/target/test/data/3b356627/MiniRaftClusterWithGrpcde84ffe6/s9/6a4a2c2e-7234-499f-b180-171b122e1842/current/raft-meta.tmp with options [CREATE, TRUNCATE_EXISTING, WRITE]: sun.nio.ch.FileChannelImpl@5e144ebd
2025-05-22 15:25:31,006 TRACE util.FileUtils (LogUtils.java:runAndLog(49)) - Successfully ran Atomic Files.move /home/runner/work/ratis/ratis/ratis-examples/target/test/data/3b356627/MiniRaftClusterWithGrpcde84ffe6/s9/6a4a2c2e-7234-499f-b180-171b122e1842/current/raft-meta.tmp to /home/runner/work/ratis/ratis/ratis-examples/target/test/data/3b356627/MiniRaftClusterWithGrpcde84ffe6/s9/6a4a2c2e-7234-499f-b180-171b122e1842/current/raft-meta with options [REPLACE_EXISTING]
2025-05-22 15:25:31,006 INFO  storage.RaftStorage (RaftStorageImpl.java:format(98)) - Storage directory /home/runner/work/ratis/ratis/ratis-examples/target/test/data/3b356627/MiniRaftClusterWithGrpcde84ffe6/s9/6a4a2c2e-7234-499f-b180-171b122e1842 has been successfully formatted.
2025-05-22 15:25:31,006 WARN  statemachine.StateMachine (ArithmeticStateMachine.java:loadSnapshot(115)) - The snapshot info is null.
2025-05-22 15:25:31,007 INFO  util.AwaitToRun (AwaitToRun.java:start(81)) - Thread[s9@group-171B122E1842-cacheEviction-AwaitToRun,5,main] started
2025-05-22 15:25:31,007 INFO  segmented.SegmentedRaftLogWorker (SegmentedRaftLogWorker.java:<init>(191)) - new s9@group-171B122E1842-SegmentedRaftLogWorker for RaftStorageImpl:Storage Directory /home/runner/work/ratis/ratis/ratis-examples/target/test/data/3b356627/MiniRaftClusterWithGrpcde84ffe6/s9/6a4a2c2e-7234-499f-b180-171b122e1842
2025-05-22 15:25:31,008 INFO  segmented.SegmentedRaftLogWorker (SegmentedRaftLogWorker.java:lambda$new$0(142)) - s9@group-171B122E1842-SegmentedRaftLogWorker: flushIndex: setUnconditionally 0 -> -1
2025-05-22 15:25:31,008 INFO  segmented.SegmentedRaftLogWorker (SegmentedRaftLogWorker.java:lambda$new$0(142)) - s9@group-171B122E1842-SegmentedRaftLogWorker: safeCacheEvictIndex: setUnconditionally 0 -> -1
2025-05-22 15:25:31,008 INFO  server.RaftServer$Division (RaftServerImpl.java:start(414)) - s9@group-171B122E1842: start with initializing state, conf=conf: {index: -1, cur=peers:[]|listeners:[], old=null}
2025-05-22 15:25:31,008 INFO  server.RaftServer$Division (RaftServerImpl.java:setRole(395)) - s9@group-171B122E1842: changes role from      null to FOLLOWER at term 0 for start
2025-05-22 15:25:31,008 INFO  util.JmxRegister (JmxRegister.java:tryRegister(44)) - Successfully registered JMX Bean with object name Ratis:service=RaftServer,group=group-171B122E1842,id=s9
2025-05-22 15:25:31,008 INFO  util.JmxRegister (JmxRegister.java:register(58)) - register mxBean class org.apache.ratis.server.impl.RaftServerJmxAdapter as Ratis:service=RaftServer,group=group-171B122E1842,id=s9
2025-05-22 15:25:31,008 INFO  server.RaftServer$Division (RaftServerImpl.java:start(422)) - s9@group-171B122E1842: Successfully started.
2025-05-22 15:25:31,011 INFO  impl.GroupManagementBaseTest (GroupManagementBaseTest.java:runMultiGroupTest(332)) - 2) setConfiguration: printing group-171B122E1842
  s3:  RUNNING [
   FOLLOWER (STARTING): s3@group-5CA96AA9335B:t0, leader=null, voted=, raftlog=Memoized:s3@group-5CA96AA9335B-SegmentedRaftLog:OPENED:c-1:lastnull, conf=conf: {index: -1, cur=peers:[]|listeners:[], old=null}
   FOLLOWER (RUNNING): s3@group-171B122E1842:t1, leader=s14, voted=s14, raftlog=Memoized:s3@group-171B122E1842-SegmentedRaftLog:OPENED:c120:last(t:1, i:120), conf=conf: {index: 0, cur=peers:[s3|0.0.0.0:15003, s14|0.0.0.0:15014, s2|0.0.0.0:15002]|listeners:[], old=null}] size=2
  s4:  RUNNING [
   FOLLOWER (STARTING): s4@group-5CA96AA9335B:t0, leader=null, voted=, raftlog=Memoized:s4@group-5CA96AA9335B-SegmentedRaftLog:OPENED:c-1:lastnull, conf=conf: {index: -1, cur=peers:[]|listeners:[], old=null}
   FOLLOWER (STARTING): s4@group-171B122E1842:t0, leader=null, voted=, raftlog=Memoized:s4@group-171B122E1842-SegmentedRaftLog:OPENED:c-1:lastnull, conf=conf: {index: -1, cur=peers:[]|listeners:[], old=null}] size=2
  s5:  RUNNING [
   FOLLOWER (STARTING): s5@group-5CA96AA9335B:t0, leader=null, voted=, raftlog=Memoized:s5@group-5CA96AA9335B-SegmentedRaftLog:OPENED:c-1:lastnull, conf=conf: {index: -1, cur=peers:[]|listeners:[], old=null}
   FOLLOWER (STARTING): s5@group-171B122E1842:t0, leader=null, voted=, raftlog=Memoized:s5@group-171B122E1842-SegmentedRaftLog:OPENED:c-1:lastnull, conf=conf: {index: -1, cur=peers:[]|listeners:[], old=null}] size=2
  s6:  RUNNING [
   FOLLOWER (STARTING): s6@group-5CA96AA9335B:t0, leader=null, voted=, raftlog=Memoized:s6@group-5CA96AA9335B-SegmentedRaftLog:OPENED:c-1:lastnull, conf=conf: {index: -1, cur=peers:[]|listeners:[], old=null}
   FOLLOWER (STARTING): s6@group-171B122E1842:t0, leader=null, voted=, raftlog=Memoized:s6@group-171B122E1842-SegmentedRaftLog:OPENED:c-1:lastnull, conf=conf: {index: -1, cur=peers:[]|listeners:[], old=null}] size=2
  s7:  RUNNING [
   FOLLOWER (STARTING): s7@group-5CA96AA9335B:t0, leader=null, voted=, raftlog=Memoized:s7@group-5CA96AA9335B-SegmentedRaftLog:OPENED:c-1:lastnull, conf=conf: {index: -1, cur=peers:[]|listeners:[], old=null}
   FOLLOWER (STARTING): s7@group-171B122E1842:t0, leader=null, voted=, raftlog=Memoized:s7@group-171B122E1842-SegmentedRaftLog:OPENED:c-1:lastnull, conf=conf: {index: -1, cur=peers:[]|listeners:[], old=null}] size=2
  s8:  RUNNING [
   FOLLOWER (STARTING): s8@group-5CA96AA9335B:t0, leader=null, voted=, raftlog=Memoized:s8@group-5CA96AA9335B-SegmentedRaftLog:OPENED:c-1:lastnull, conf=conf: {index: -1, cur=peers:[]|listeners:[], old=null}
   FOLLOWER (STARTING): s8@group-171B122E1842:t0, leader=null, voted=, raftlog=Memoized:s8@group-171B122E1842-SegmentedRaftLog:OPENED:c-1:lastnull, conf=conf: {index: -1, cur=peers:[]|listeners:[], old=null}] size=2
  s9:  RUNNING [
   FOLLOWER (STARTING): s9@group-5CA96AA9335B:t0, leader=null, voted=, raftlog=Memoized:s9@group-5CA96AA9335B-SegmentedRaftLog:OPENED:c-1:lastnull, conf=conf: {index: -1, cur=peers:[]|listeners:[], old=null}
   FOLLOWER (STARTING): s9@group-171B122E1842:t0, leader=null, voted=, raftlog=Memoized:s9@group-171B122E1842-SegmentedRaftLog:OPENED:c-1:lastnull, conf=conf: {index: -1, cur=peers:[]|listeners:[], old=null}] size=2
  s11:  RUNNING [
   FOLLOWER (STARTING): s11@group-5CA96AA9335B:t0, leader=null, voted=, raftlog=Memoized:s11@group-5CA96AA9335B-SegmentedRaftLog:OPENED:c-1:lastnull, conf=conf: {index: -1, cur=peers:[]|listeners:[], old=null}
   FOLLOWER (STARTING): s11@group-171B122E1842:t0, leader=null, voted=, raftlog=Memoized:s11@group-171B122E1842-SegmentedRaftLog:OPENED:c-1:lastnull, conf=conf: {index: -1, cur=peers:[]|listeners:[], old=null}] size=2
  s10:  RUNNING [
   FOLLOWER (STARTING): s10@group-5CA96AA9335B:t0, leader=null, voted=, raftlog=Memoized:s10@group-5CA96AA9335B-SegmentedRaftLog:OPENED:c-1:lastnull, conf=conf: {index: -1, cur=peers:[]|listeners:[], old=null}
   FOLLOWER (STARTING): s10@group-171B122E1842:t0, leader=null, voted=, raftlog=Memoized:s10@group-171B122E1842-SegmentedRaftLog:OPENED:c-1:lastnull, conf=conf: {index: -1, cur=peers:[]|listeners:[], old=null}] size=2
  s13:  RUNNING [
   FOLLOWER (STARTING): s13@group-5CA96AA9335B:t0, leader=null, voted=, raftlog=Memoized:s13@group-5CA96AA9335B-SegmentedRaftLog:OPENED:c-1:lastnull, conf=conf: {index: -1, cur=peers:[]|listeners:[], old=null}
   FOLLOWER (STARTING): s13@group-171B122E1842:t0, leader=null, voted=, raftlog=Memoized:s13@group-171B122E1842-SegmentedRaftLog:OPENED:c-1:lastnull, conf=conf: {index: -1, cur=peers:[]|listeners:[], old=null}] size=2
  s12:  RUNNING [
   FOLLOWER (STARTING): s12@group-5CA96AA9335B:t0, leader=null, voted=, raftlog=Memoized:s12@group-5CA96AA9335B-SegmentedRaftLog:OPENED:c-1:lastnull, conf=conf: {index: -1, cur=peers:[]|listeners:[], old=null}
   FOLLOWER (STARTING): s12@group-171B122E1842:t0, leader=null, voted=, raftlog=Memoized:s12@group-171B122E1842-SegmentedRaftLog:OPENED:c-1:lastnull, conf=conf: {index: -1, cur=peers:[]|listeners:[], old=null}] size=2
  s14:  RUNNING [
   FOLLOWER (STARTING): s14@group-5CA96AA9335B:t0, leader=null, voted=, raftlog=Memoized:s14@group-5CA96AA9335B-SegmentedRaftLog:OPENED:c-1:lastnull, conf=conf: {index: -1, cur=peers:[]|listeners:[], old=null}
     LEADER (RUNNING): s14@group-171B122E1842:t1, leader=s14, voted=s14, raftlog=Memoized:s14@group-171B122E1842-SegmentedRaftLog:OPENED:c120:last(t:1, i:120), conf=conf: {index: 0, cur=peers:[s3|0.0.0.0:15003, s14|0.0.0.0:15014, s2|0.0.0.0:15002]|listeners:[], old=null}] size=2
  s0:  RUNNING [
   FOLLOWER (STARTING): s0@group-5CA96AA9335B:t0, leader=null, voted=, raftlog=Memoized:s0@group-5CA96AA9335B-SegmentedRaftLog:OPENED:c-1:lastnull, conf=conf: {index: -1, cur=peers:[]|listeners:[], old=null}
   FOLLOWER (STARTING): s0@group-171B122E1842:t0, leader=null, voted=, raftlog=Memoized:s0@group-171B122E1842-SegmentedRaftLog:OPENED:c-1:lastnull, conf=conf: {index: -1, cur=peers:[]|listeners:[], old=null}] size=2
  s1:  RUNNING [
   FOLLOWER (STARTING): s1@group-5CA96AA9335B:t0, leader=null, voted=, raftlog=Memoized:s1@group-5CA96AA9335B-SegmentedRaftLog:OPENED:c-1:lastnull, conf=conf: {index: -1, cur=peers:[]|listeners:[], old=null}
   FOLLOWER (STARTING): s1@group-171B122E1842:t0, leader=null, voted=, raftlog=Memoized:s1@group-171B122E1842-SegmentedRaftLog:OPENED:c-1:lastnull, conf=conf: {index: -1, cur=peers:[]|listeners:[], old=null}] size=2
  s2:  RUNNING [
   FOLLOWER (STARTING): s2@group-5CA96AA9335B:t0, leader=null, voted=, raftlog=Memoized:s2@group-5CA96AA9335B-SegmentedRaftLog:OPENED:c-1:lastnull, conf=conf: {index: -1, cur=peers:[]|listeners:[], old=null}
   FOLLOWER (RUNNING): s2@group-171B122E1842:t1, leader=s14, voted=s14, raftlog=Memoized:s2@group-171B122E1842-SegmentedRaftLog:OPENED:c120:last(t:1, i:120), conf=conf: {index: 0, cur=peers:[s3|0.0.0.0:15003, s14|0.0.0.0:15014, s2|0.0.0.0:15002]|listeners:[], old=null}] size=2
2025-05-22 15:25:31,022 INFO  server.RaftServer$Division (RaftServerImpl.java:setConfigurationAsync(1364)) - s14@group-171B122E1842: receive setConfiguration SetConfigurationRequest:client-D6A0DB5763B7->s14@group-171B122E1842, cid=3880, seq=null, RW, null, SET_UNCONDITIONALLY, servers:[s3|0.0.0.0:15003, s14|0.0.0.0:15014, s0|0.0.0.0:15000, s1|0.0.0.0:15001, s2|0.0.0.0:15002], listeners:[]
2025-05-22 15:25:31,022 INFO  server.RaftServer$Division (LeaderStateImpl.java:startSetConfiguration(484)) - s14@group-171B122E1842-LeaderStateImpl: startSetConfiguration SetConfigurationRequest:client-D6A0DB5763B7->s14@group-171B122E1842, cid=3880, seq=null, RW, null, SET_UNCONDITIONALLY, servers:[s3|0.0.0.0:15003, s14|0.0.0.0:15014, s0|0.0.0.0:15000, s1|0.0.0.0:15001, s2|0.0.0.0:15002], listeners:[]
2025-05-22 15:25:31,023 INFO  leader.FollowerInfo (FollowerInfoImpl.java:setAttemptedToInstallSnapshot(154)) - Follower s14@group-171B122E1842->s0 acknowledged installing snapshot
2025-05-22 15:25:31,024 INFO  server.GrpcServerProtocolClient (GrpcServerProtocolClient.java:<init>(65)) - Build channel for s0|0.0.0.0:15000
2025-05-22 15:25:31,023 INFO  leader.FollowerInfo (FollowerInfoImpl.java:setAttemptedToInstallSnapshot(154)) - Follower s14@group-171B122E1842->s1 acknowledged installing snapshot
2025-05-22 15:25:31,024 INFO  server.GrpcServerProtocolClient (GrpcServerProtocolClient.java:<init>(65)) - Build channel for s1|0.0.0.0:15001
2025-05-22 15:25:31,033 TRACE util.FileUtils (LogUtils.java:supplyAndLog(69)) - Successfully supplied FileChannel.open /home/runner/work/ratis/ratis/ratis-examples/target/test/data/3b356627/MiniRaftClusterWithGrpcde84ffe6/s1/6a4a2c2e-7234-499f-b180-171b122e1842/current/raft-meta.tmp with options [CREATE, TRUNCATE_EXISTING, WRITE]: sun.nio.ch.FileChannelImpl@71a8e294
2025-05-22 15:25:31,034 TRACE util.FileUtils (LogUtils.java:runAndLog(49)) - Successfully ran Atomic Files.move /home/runner/work/ratis/ratis/ratis-examples/target/test/data/3b356627/MiniRaftClusterWithGrpcde84ffe6/s1/6a4a2c2e-7234-499f-b180-171b122e1842/current/raft-meta.tmp to /home/runner/work/ratis/ratis/ratis-examples/target/test/data/3b356627/MiniRaftClusterWithGrpcde84ffe6/s1/6a4a2c2e-7234-499f-b180-171b122e1842/current/raft-meta with options [REPLACE_EXISTING]
2025-05-22 15:25:31,034 INFO  server.RaftServer$Division (RaftServerImpl.java:setFirstElection(579)) - s1@group-171B122E1842: set firstElectionSinceStartup to false for appendEntries
2025-05-22 15:25:31,035 INFO  server.RaftServer$Division (ServerState.java:setLeader(272)) - s1@group-171B122E1842: change Leader from null to s14 at term 1 for appendEntries, leader elected after 148ms
2025-05-22 15:25:31,035 TRACE util.FileUtils (LogUtils.java:supplyAndLog(69)) - Successfully supplied FileChannel.open /home/runner/work/ratis/ratis/ratis-examples/target/test/data/3b356627/MiniRaftClusterWithGrpcde84ffe6/s0/6a4a2c2e-7234-499f-b180-171b122e1842/current/raft-meta.tmp with options [CREATE, TRUNCATE_EXISTING, WRITE]: sun.nio.ch.FileChannelImpl@26999eb5
2025-05-22 15:25:31,035 INFO  server.RaftServer$Division (ServerState.java:setRaftConf(386)) - s1@group-171B122E1842: set configuration conf: {index: 0, cur=peers:[s3|0.0.0.0:15003, s14|0.0.0.0:15014, s2|0.0.0.0:15002]|listeners:[], old=null}
2025-05-22 15:25:31,036 INFO  segmented.SegmentedRaftLogWorker (SegmentedRaftLogWorker.java:startLogSegment(445)) - s1@group-171B122E1842-SegmentedRaftLogWorker: Starting segment from index:0
2025-05-22 15:25:31,037 TRACE util.FileUtils (LogUtils.java:runAndLog(49)) - Successfully ran Atomic Files.move /home/runner/work/ratis/ratis/ratis-examples/target/test/data/3b356627/MiniRaftClusterWithGrpcde84ffe6/s0/6a4a2c2e-7234-499f-b180-171b122e1842/current/raft-meta.tmp to /home/runner/work/ratis/ratis/ratis-examples/target/test/data/3b356627/MiniRaftClusterWithGrpcde84ffe6/s0/6a4a2c2e-7234-499f-b180-171b122e1842/current/raft-meta with options [REPLACE_EXISTING]
2025-05-22 15:25:31,037 INFO  server.RaftServer$Division (RaftServerImpl.java:setFirstElection(579)) - s0@group-171B122E1842: set firstElectionSinceStartup to false for appendEntries
2025-05-22 15:25:31,037 INFO  server.RaftServer$Division (ServerState.java:setLeader(272)) - s0@group-171B122E1842: change Leader from null to s14 at term 1 for appendEntries, leader elected after 169ms
2025-05-22 15:25:31,038 INFO  segmented.BufferedWriteChannel (BufferedWriteChannel.java:open(61)) - open log_inprogress_0 at position 0
2025-05-22 15:25:31,039 INFO  server.RaftServer$Division (ServerState.java:setRaftConf(386)) - s0@group-171B122E1842: set configuration conf: {index: 0, cur=peers:[s3|0.0.0.0:15003, s14|0.0.0.0:15014, s2|0.0.0.0:15002]|listeners:[], old=null}
2025-05-22 15:25:31,040 INFO  segmented.SegmentedRaftLogWorker (SegmentedRaftLogWorker.java:startLogSegment(445)) - s0@group-171B122E1842-SegmentedRaftLogWorker: Starting segment from index:0
2025-05-22 15:25:31,043 INFO  segmented.BufferedWriteChannel (BufferedWriteChannel.java:open(61)) - open log_inprogress_0 at position 0
2025-05-22 15:25:31,049 INFO  segmented.SegmentedRaftLogWorker (SegmentedRaftLogWorker.java:execute(669)) - s1@group-171B122E1842-SegmentedRaftLogWorker: created new log segment /home/runner/work/ratis/ratis/ratis-examples/target/test/data/3b356627/MiniRaftClusterWithGrpcde84ffe6/s1/6a4a2c2e-7234-499f-b180-171b122e1842/current/log_inprogress_0
2025-05-22 15:25:31,051 INFO  segmented.SegmentedRaftLogWorker (SegmentedRaftLogWorker.java:execute(669)) - s0@group-171B122E1842-SegmentedRaftLogWorker: created new log segment /home/runner/work/ratis/ratis/ratis-examples/target/test/data/3b356627/MiniRaftClusterWithGrpcde84ffe6/s0/6a4a2c2e-7234-499f-b180-171b122e1842/current/log_inprogress_0
2025-05-22 15:25:31,051 TRACE util.FileUtils (LogUtils.java:supplyAndLog(69)) - Successfully supplied FileChannel.open /home/runner/work/ratis/ratis/ratis-examples/target/test/data/3b356627/MiniRaftClusterWithGrpcde84ffe6/s1/6a4a2c2e-7234-499f-b180-171b122e1842/current/raft-meta.conf.tmp with options [CREATE, TRUNCATE_EXISTING, WRITE]: sun.nio.ch.FileChannelImpl@3a36cf7a
2025-05-22 15:25:31,054 TRACE util.FileUtils (LogUtils.java:supplyAndLog(69)) - Successfully supplied FileChannel.open /home/runner/work/ratis/ratis/ratis-examples/target/test/data/3b356627/MiniRaftClusterWithGrpcde84ffe6/s0/6a4a2c2e-7234-499f-b180-171b122e1842/current/raft-meta.conf.tmp with options [CREATE, TRUNCATE_EXISTING, WRITE]: sun.nio.ch.FileChannelImpl@5566b5e3
2025-05-22 15:25:31,055 INFO  server.RaftServer$Division (ServerState.java:setRaftConf(386)) - s14@group-171B122E1842: set configuration conf: {index: 121, cur=peers:[s3|0.0.0.0:15003, s14|0.0.0.0:15014, s0|0.0.0.0:15000, s1|0.0.0.0:15001, s2|0.0.0.0:15002]|listeners:[], old=peers:[s3|0.0.0.0:15003, s14|0.0.0.0:15014, s2|0.0.0.0:15002]|listeners:[]}
2025-05-22 15:25:31,056 INFO  server.RaftServer$Division (ServerState.java:setRaftConf(386)) - s2@group-171B122E1842: set configuration conf: {index: 121, cur=peers:[s3|0.0.0.0:15003, s14|0.0.0.0:15014, s0|0.0.0.0:15000, s1|0.0.0.0:15001, s2|0.0.0.0:15002]|listeners:[], old=peers:[s3|0.0.0.0:15003, s14|0.0.0.0:15014, s2|0.0.0.0:15002]|listeners:[]}
2025-05-22 15:25:31,057 TRACE util.FileUtils (LogUtils.java:runAndLog(49)) - Successfully ran Atomic Files.move /home/runner/work/ratis/ratis/ratis-examples/target/test/data/3b356627/MiniRaftClusterWithGrpcde84ffe6/s1/6a4a2c2e-7234-499f-b180-171b122e1842/current/raft-meta.conf.tmp to /home/runner/work/ratis/ratis/ratis-examples/target/test/data/3b356627/MiniRaftClusterWithGrpcde84ffe6/s1/6a4a2c2e-7234-499f-b180-171b122e1842/current/raft-meta.conf with options [REPLACE_EXISTING]
2025-05-22 15:25:31,058 TRACE util.FileUtils (LogUtils.java:runAndLog(49)) - Successfully ran Atomic Files.move /home/runner/work/ratis/ratis/ratis-examples/target/test/data/3b356627/MiniRaftClusterWithGrpcde84ffe6/s0/6a4a2c2e-7234-499f-b180-171b122e1842/current/raft-meta.conf.tmp to /home/runner/work/ratis/ratis/ratis-examples/target/test/data/3b356627/MiniRaftClusterWithGrpcde84ffe6/s0/6a4a2c2e-7234-499f-b180-171b122e1842/current/raft-meta.conf with options [REPLACE_EXISTING]
2025-05-22 15:25:31,058 INFO  impl.RoleInfo (RoleInfo.java:updateAndGet(148)) - s1: start s1@group-171B122E1842-FollowerState
2025-05-22 15:25:31,059 INFO  server.RaftServer$Division (ServerState.java:setRaftConf(386)) - s1@group-171B122E1842: set configuration conf: {index: 121, cur=peers:[s3|0.0.0.0:15003, s14|0.0.0.0:15014, s0|0.0.0.0:15000, s1|0.0.0.0:15001, s2|0.0.0.0:15002]|listeners:[], old=peers:[s3|0.0.0.0:15003, s14|0.0.0.0:15014, s2|0.0.0.0:15002]|listeners:[]}
2025-05-22 15:25:31,060 INFO  impl.RoleInfo (RoleInfo.java:updateAndGet(148)) - s0: start s0@group-171B122E1842-FollowerState
2025-05-22 15:25:31,060 INFO  server.RaftServer$Division (ServerState.java:setRaftConf(386)) - s0@group-171B122E1842: set configuration conf: {index: 121, cur=peers:[s3|0.0.0.0:15003, s14|0.0.0.0:15014, s0|0.0.0.0:15000, s1|0.0.0.0:15001, s2|0.0.0.0:15002]|listeners:[], old=peers:[s3|0.0.0.0:15003, s14|0.0.0.0:15014, s2|0.0.0.0:15002]|listeners:[]}
2025-05-22 15:25:31,062 TRACE util.FileUtils (LogUtils.java:supplyAndLog(69)) - Successfully supplied FileChannel.open /home/runner/work/ratis/ratis/ratis-examples/target/test/data/3b356627/MiniRaftClusterWithGrpcde84ffe6/s14/6a4a2c2e-7234-499f-b180-171b122e1842/current/raft-meta.conf.tmp with options [CREATE, TRUNCATE_EXISTING, WRITE]: sun.nio.ch.FileChannelImpl@9007591
2025-05-22 15:25:31,062 INFO  server.RaftServer$Division (ServerState.java:setRaftConf(386)) - s14@group-171B122E1842: set configuration conf: {index: 123, cur=peers:[s3|0.0.0.0:15003, s14|0.0.0.0:15014, s0|0.0.0.0:15000, s1|0.0.0.0:15001, s2|0.0.0.0:15002]|listeners:[], old=null}
2025-05-22 15:25:31,064 TRACE util.FileUtils (LogUtils.java:supplyAndLog(69)) - Successfully supplied FileChannel.open /home/runner/work/ratis/ratis/ratis-examples/target/test/data/3b356627/MiniRaftClusterWithGrpcde84ffe6/s0/6a4a2c2e-7234-499f-b180-171b122e1842/current/raft-meta.conf.tmp with options [CREATE, TRUNCATE_EXISTING, WRITE]: sun.nio.ch.FileChannelImpl@5ba1513f
2025-05-22 15:25:31,064 INFO  server.RaftServer$Division (ServerState.java:setRaftConf(386)) - s3@group-171B122E1842: set configuration conf: {index: 121, cur=peers:[s3|0.0.0.0:15003, s14|0.0.0.0:15014, s0|0.0.0.0:15000, s1|0.0.0.0:15001, s2|0.0.0.0:15002]|listeners:[], old=peers:[s3|0.0.0.0:15003, s14|0.0.0.0:15014, s2|0.0.0.0:15002]|listeners:[]}
2025-05-22 15:25:31,065 INFO  server.RaftServer$Division (ServerState.java:setRaftConf(386)) - s2@group-171B122E1842: set configuration conf: {index: 123, cur=peers:[s3|0.0.0.0:15003, s14|0.0.0.0:15014, s0|0.0.0.0:15000, s1|0.0.0.0:15001, s2|0.0.0.0:15002]|listeners:[], old=null}
2025-05-22 15:25:31,065 TRACE util.FileUtils (LogUtils.java:supplyAndLog(69)) - Successfully supplied FileChannel.open /home/runner/work/ratis/ratis/ratis-examples/target/test/data/3b356627/MiniRaftClusterWithGrpcde84ffe6/s2/6a4a2c2e-7234-499f-b180-171b122e1842/current/raft-meta.conf.tmp with options [CREATE, TRUNCATE_EXISTING, WRITE]: sun.nio.ch.FileChannelImpl@1284dee9
2025-05-22 15:25:31,066 TRACE util.FileUtils (LogUtils.java:runAndLog(49)) - Successfully ran Atomic Files.move /home/runner/work/ratis/ratis/ratis-examples/target/test/data/3b356627/MiniRaftClusterWithGrpcde84ffe6/s14/6a4a2c2e-7234-499f-b180-171b122e1842/current/raft-meta.conf.tmp to /home/runner/work/ratis/ratis/ratis-examples/target/test/data/3b356627/MiniRaftClusterWithGrpcde84ffe6/s14/6a4a2c2e-7234-499f-b180-171b122e1842/current/raft-meta.conf with options [REPLACE_EXISTING]
2025-05-22 15:25:31,066 INFO  server.RaftServer$Division (ServerState.java:setRaftConf(386)) - s1@group-171B122E1842: set configuration conf: {index: 123, cur=peers:[s3|0.0.0.0:15003, s14|0.0.0.0:15014, s0|0.0.0.0:15000, s1|0.0.0.0:15001, s2|0.0.0.0:15002]|listeners:[], old=null}
2025-05-22 15:25:31,067 INFO  server.RaftServer$Division (ServerState.java:setRaftConf(386)) - s3@group-171B122E1842: set configuration conf: {index: 123, cur=peers:[s3|0.0.0.0:15003, s14|0.0.0.0:15014, s0|0.0.0.0:15000, s1|0.0.0.0:15001, s2|0.0.0.0:15002]|listeners:[], old=null}
2025-05-22 15:25:31,066 TRACE util.FileUtils (LogUtils.java:runAndLog(49)) - Successfully ran Atomic Files.move /home/runner/work/ratis/ratis/ratis-examples/target/test/data/3b356627/MiniRaftClusterWithGrpcde84ffe6/s0/6a4a2c2e-7234-499f-b180-171b122e1842/current/raft-meta.conf.tmp to /home/runner/work/ratis/ratis/ratis-examples/target/test/data/3b356627/MiniRaftClusterWithGrpcde84ffe6/s0/6a4a2c2e-7234-499f-b180-171b122e1842/current/raft-meta.conf with options [REPLACE_EXISTING]
2025-05-22 15:25:31,068 INFO  server.RaftServer$Division (ServerState.java:setRaftConf(386)) - s0@group-171B122E1842: set configuration conf: {index: 123, cur=peers:[s3|0.0.0.0:15003, s14|0.0.0.0:15014, s0|0.0.0.0:15000, s1|0.0.0.0:15001, s2|0.0.0.0:15002]|listeners:[], old=null}
2025-05-22 15:25:31,068 TRACE util.FileUtils (LogUtils.java:runAndLog(49)) - Successfully ran Atomic Files.move /home/runner/work/ratis/ratis/ratis-examples/target/test/data/3b356627/MiniRaftClusterWithGrpcde84ffe6/s2/6a4a2c2e-7234-499f-b180-171b122e1842/current/raft-meta.conf.tmp to /home/runner/work/ratis/ratis/ratis-examples/target/test/data/3b356627/MiniRaftClusterWithGrpcde84ffe6/s2/6a4a2c2e-7234-499f-b180-171b122e1842/current/raft-meta.conf with options [REPLACE_EXISTING]
2025-05-22 15:25:31,069 TRACE util.FileUtils (LogUtils.java:supplyAndLog(69)) - Successfully supplied FileChannel.open /home/runner/work/ratis/ratis/ratis-examples/target/test/data/3b356627/MiniRaftClusterWithGrpcde84ffe6/s1/6a4a2c2e-7234-499f-b180-171b122e1842/current/raft-meta.conf.tmp with options [CREATE, TRUNCATE_EXISTING, WRITE]: sun.nio.ch.FileChannelImpl@34f1364c
2025-05-22 15:25:31,069 TRACE util.FileUtils (LogUtils.java:supplyAndLog(69)) - Successfully supplied FileChannel.open /home/runner/work/ratis/ratis/ratis-examples/target/test/data/3b356627/MiniRaftClusterWithGrpcde84ffe6/s3/6a4a2c2e-7234-499f-b180-171b122e1842/current/raft-meta.conf.tmp with options [CREATE, TRUNCATE_EXISTING, WRITE]: sun.nio.ch.FileChannelImpl@5899f7d9
2025-05-22 15:25:31,074 TRACE util.FileUtils (LogUtils.java:runAndLog(49)) - Successfully ran Atomic Files.move /home/runner/work/ratis/ratis/ratis-examples/target/test/data/3b356627/MiniRaftClusterWithGrpcde84ffe6/s3/6a4a2c2e-7234-499f-b180-171b122e1842/current/raft-meta.conf.tmp to /home/runner/work/ratis/ratis/ratis-examples/target/test/data/3b356627/MiniRaftClusterWithGrpcde84ffe6/s3/6a4a2c2e-7234-499f-b180-171b122e1842/current/raft-meta.conf with options [REPLACE_EXISTING]
2025-05-22 15:25:31,074 TRACE util.FileUtils (LogUtils.java:runAndLog(49)) - Successfully ran Atomic Files.move /home/runner/work/ratis/ratis/ratis-examples/target/test/data/3b356627/MiniRaftClusterWithGrpcde84ffe6/s1/6a4a2c2e-7234-499f-b180-171b122e1842/current/raft-meta.conf.tmp to /home/runner/work/ratis/ratis/ratis-examples/target/test/data/3b356627/MiniRaftClusterWithGrpcde84ffe6/s1/6a4a2c2e-7234-499f-b180-171b122e1842/current/raft-meta.conf with options [REPLACE_EXISTING]
2025-05-22 15:25:31,074 TRACE util.FileUtils (LogUtils.java:supplyAndLog(69)) - Successfully supplied FileChannel.open /home/runner/work/ratis/ratis/ratis-examples/target/test/data/3b356627/MiniRaftClusterWithGrpcde84ffe6/s3/6a4a2c2e-7234-499f-b180-171b122e1842/current/raft-meta.conf.tmp with options [CREATE, TRUNCATE_EXISTING, WRITE]: sun.nio.ch.FileChannelImpl@5ca66812
2025-05-22 15:25:31,074 TRACE util.FileUtils (LogUtils.java:supplyAndLog(69)) - Successfully supplied FileChannel.open /home/runner/work/ratis/ratis/ratis-examples/target/test/data/3b356627/MiniRaftClusterWithGrpcde84ffe6/s14/6a4a2c2e-7234-499f-b180-171b122e1842/current/raft-meta.conf.tmp with options [CREATE, TRUNCATE_EXISTING, WRITE]: sun.nio.ch.FileChannelImpl@4c02ead5
2025-05-22 15:25:31,075 TRACE util.FileUtils (LogUtils.java:supplyAndLog(69)) - Successfully supplied FileChannel.open /home/runner/work/ratis/ratis/ratis-examples/target/test/data/3b356627/MiniRaftClusterWithGrpcde84ffe6/s1/6a4a2c2e-7234-499f-b180-171b122e1842/current/raft-meta.conf.tmp with options [CREATE, TRUNCATE_EXISTING, WRITE]: sun.nio.ch.FileChannelImpl@30cea40a
2025-05-22 15:25:31,075 TRACE util.FileUtils (LogUtils.java:supplyAndLog(69)) - Successfully supplied FileChannel.open /home/runner/work/ratis/ratis/ratis-examples/target/test/data/3b356627/MiniRaftClusterWithGrpcde84ffe6/s2/6a4a2c2e-7234-499f-b180-171b122e1842/current/raft-meta.conf.tmp with options [CREATE, TRUNCATE_EXISTING, WRITE]: sun.nio.ch.FileChannelImpl@16bb4861
2025-05-22 15:25:31,077 TRACE util.FileUtils (LogUtils.java:runAndLog(49)) - Successfully ran Atomic Files.move /home/runner/work/ratis/ratis/ratis-examples/target/test/data/3b356627/MiniRaftClusterWithGrpcde84ffe6/s1/6a4a2c2e-7234-499f-b180-171b122e1842/current/raft-meta.conf.tmp to /home/runner/work/ratis/ratis/ratis-examples/target/test/data/3b356627/MiniRaftClusterWithGrpcde84ffe6/s1/6a4a2c2e-7234-499f-b180-171b122e1842/current/raft-meta.conf with options [REPLACE_EXISTING]
2025-05-22 15:25:31,077 TRACE util.FileUtils (LogUtils.java:runAndLog(49)) - Successfully ran Atomic Files.move /home/runner/work/ratis/ratis/ratis-examples/target/test/data/3b356627/MiniRaftClusterWithGrpcde84ffe6/s14/6a4a2c2e-7234-499f-b180-171b122e1842/current/raft-meta.conf.tmp to /home/runner/work/ratis/ratis/ratis-examples/target/test/data/3b356627/MiniRaftClusterWithGrpcde84ffe6/s14/6a4a2c2e-7234-499f-b180-171b122e1842/current/raft-meta.conf with options [REPLACE_EXISTING]
2025-05-22 15:25:31,078 TRACE util.FileUtils (LogUtils.java:supplyAndLog(69)) - Successfully supplied FileChannel.open /home/runner/work/ratis/ratis/ratis-examples/target/test/data/3b356627/MiniRaftClusterWithGrpcde84ffe6/s0/6a4a2c2e-7234-499f-b180-171b122e1842/current/raft-meta.conf.tmp with options [CREATE, TRUNCATE_EXISTING, WRITE]: sun.nio.ch.FileChannelImpl@5f9ede93
2025-05-22 15:25:31,078 TRACE util.FileUtils (LogUtils.java:runAndLog(49)) - Successfully ran Atomic Files.move /home/runner/work/ratis/ratis/ratis-examples/target/test/data/3b356627/MiniRaftClusterWithGrpcde84ffe6/s3/6a4a2c2e-7234-499f-b180-171b122e1842/current/raft-meta.conf.tmp to /home/runner/work/ratis/ratis/ratis-examples/target/test/data/3b356627/MiniRaftClusterWithGrpcde84ffe6/s3/6a4a2c2e-7234-499f-b180-171b122e1842/current/raft-meta.conf with options [REPLACE_EXISTING]
2025-05-22 15:25:31,080 TRACE util.FileUtils (LogUtils.java:runAndLog(49)) - Successfully ran Atomic Files.move /home/runner/work/ratis/ratis/ratis-examples/target/test/data/3b356627/MiniRaftClusterWithGrpcde84ffe6/s2/6a4a2c2e-7234-499f-b180-171b122e1842/current/raft-meta.conf.tmp to /home/runner/work/ratis/ratis/ratis-examples/target/test/data/3b356627/MiniRaftClusterWithGrpcde84ffe6/s2/6a4a2c2e-7234-499f-b180-171b122e1842/current/raft-meta.conf with options [REPLACE_EXISTING]
2025-05-22 15:25:31,080 INFO  server.RaftServer$Division (RaftServerImpl.java:setConfigurationAsync(1364)) - s14@group-171B122E1842: receive setConfiguration SetConfigurationRequest:client-D6A0DB5763B7->s14@group-171B122E1842, cid=3881, seq=null, RW, null, SET_UNCONDITIONALLY, servers:[s3|0.0.0.0:15003, s11|0.0.0.0:15011, s10|0.0.0.0:15010, s13|0.0.0.0:15013, s12|0.0.0.0:15012, s14|0.0.0.0:15014, s0|0.0.0.0:15000, s1|0.0.0.0:15001, s2|0.0.0.0:15002], listeners:[]
2025-05-22 15:25:31,080 INFO  server.RaftServer$Division (LeaderStateImpl.java:startSetConfiguration(484)) - s14@group-171B122E1842-LeaderStateImpl: startSetConfiguration SetConfigurationRequest:client-D6A0DB5763B7->s14@group-171B122E1842, cid=3881, seq=null, RW, null, SET_UNCONDITIONALLY, servers:[s3|0.0.0.0:15003, s11|0.0.0.0:15011, s10|0.0.0.0:15010, s13|0.0.0.0:15013, s12|0.0.0.0:15012, s14|0.0.0.0:15014, s0|0.0.0.0:15000, s1|0.0.0.0:15001, s2|0.0.0.0:15002], listeners:[]
2025-05-22 15:25:31,081 TRACE util.FileUtils (LogUtils.java:runAndLog(49)) - Successfully ran Atomic Files.move /home/runner/work/ratis/ratis/ratis-examples/target/test/data/3b356627/MiniRaftClusterWithGrpcde84ffe6/s0/6a4a2c2e-7234-499f-b180-171b122e1842/current/raft-meta.conf.tmp to /home/runner/work/ratis/ratis/ratis-examples/target/test/data/3b356627/MiniRaftClusterWithGrpcde84ffe6/s0/6a4a2c2e-7234-499f-b180-171b122e1842/current/raft-meta.conf with options [REPLACE_EXISTING]
2025-05-22 15:25:31,082 INFO  leader.FollowerInfo (FollowerInfoImpl.java:setAttemptedToInstallSnapshot(154)) - Follower s14@group-171B122E1842->s11 acknowledged installing snapshot
2025-05-22 15:25:31,082 INFO  leader.FollowerInfo (FollowerInfoImpl.java:setAttemptedToInstallSnapshot(154)) - Follower s14@group-171B122E1842->s10 acknowledged installing snapshot
2025-05-22 15:25:31,082 INFO  server.GrpcServerProtocolClient (GrpcServerProtocolClient.java:<init>(65)) - Build channel for s11|0.0.0.0:15011
2025-05-22 15:25:31,082 INFO  server.GrpcServerProtocolClient (GrpcServerProtocolClient.java:<init>(65)) - Build channel for s10|0.0.0.0:15010
2025-05-22 15:25:31,084 INFO  leader.FollowerInfo (FollowerInfoImpl.java:setAttemptedToInstallSnapshot(154)) - Follower s14@group-171B122E1842->s13 acknowledged installing snapshot
2025-05-22 15:25:31,084 INFO  server.GrpcServerProtocolClient (GrpcServerProtocolClient.java:<init>(65)) - Build channel for s13|0.0.0.0:15013
2025-05-22 15:25:31,085 INFO  leader.FollowerInfo (FollowerInfoImpl.java:setAttemptedToInstallSnapshot(154)) - Follower s14@group-171B122E1842->s12 acknowledged installing snapshot
2025-05-22 15:25:31,085 INFO  server.GrpcServerProtocolClient (GrpcServerProtocolClient.java:<init>(65)) - Build channel for s12|0.0.0.0:15012
2025-05-22 15:25:31,092 TRACE util.FileUtils (LogUtils.java:supplyAndLog(69)) - Successfully supplied FileChannel.open /home/runner/work/ratis/ratis/ratis-examples/target/test/data/3b356627/MiniRaftClusterWithGrpcde84ffe6/s12/6a4a2c2e-7234-499f-b180-171b122e1842/current/raft-meta.tmp with options [CREATE, TRUNCATE_EXISTING, WRITE]: sun.nio.ch.FileChannelImpl@59ef323d
2025-05-22 15:25:31,092 TRACE util.FileUtils (LogUtils.java:supplyAndLog(69)) - Successfully supplied FileChannel.open /home/runner/work/ratis/ratis/ratis-examples/target/test/data/3b356627/MiniRaftClusterWithGrpcde84ffe6/s10/6a4a2c2e-7234-499f-b180-171b122e1842/current/raft-meta.tmp with options [CREATE, TRUNCATE_EXISTING, WRITE]: sun.nio.ch.FileChannelImpl@3c8603d8
2025-05-22 15:25:31,095 TRACE util.FileUtils (LogUtils.java:runAndLog(49)) - Successfully ran Atomic Files.move /home/runner/work/ratis/ratis/ratis-examples/target/test/data/3b356627/MiniRaftClusterWithGrpcde84ffe6/s12/6a4a2c2e-7234-499f-b180-171b122e1842/current/raft-meta.tmp to /home/runner/work/ratis/ratis/ratis-examples/target/test/data/3b356627/MiniRaftClusterWithGrpcde84ffe6/s12/6a4a2c2e-7234-499f-b180-171b122e1842/current/raft-meta with options [REPLACE_EXISTING]
2025-05-22 15:25:31,096 INFO  server.RaftServer$Division (RaftServerImpl.java:setFirstElection(579)) - s12@group-171B122E1842: set firstElectionSinceStartup to false for appendEntries
2025-05-22 15:25:31,096 INFO  server.RaftServer$Division (ServerState.java:setLeader(272)) - s12@group-171B122E1842: change Leader from null to s14 at term 1 for appendEntries, leader elected after 171ms
2025-05-22 15:25:31,095 TRACE util.FileUtils (LogUtils.java:supplyAndLog(69)) - Successfully supplied FileChannel.open /home/runner/work/ratis/ratis/ratis-examples/target/test/data/3b356627/MiniRaftClusterWithGrpcde84ffe6/s13/6a4a2c2e-7234-499f-b180-171b122e1842/current/raft-meta.tmp with options [CREATE, TRUNCATE_EXISTING, WRITE]: sun.nio.ch.FileChannelImpl@47053cdb
2025-05-22 15:25:31,097 TRACE util.FileUtils (LogUtils.java:supplyAndLog(69)) - Successfully supplied FileChannel.open /home/runner/work/ratis/ratis/ratis-examples/target/test/data/3b356627/MiniRaftClusterWithGrpcde84ffe6/s11/6a4a2c2e-7234-499f-b180-171b122e1842/current/raft-meta.tmp with options [CREATE, TRUNCATE_EXISTING, WRITE]: sun.nio.ch.FileChannelImpl@1aa1dbd9
2025-05-22 15:25:31,098 TRACE util.FileUtils (LogUtils.java:runAndLog(49)) - Successfully ran Atomic Files.move /home/runner/work/ratis/ratis/ratis-examples/target/test/data/3b356627/MiniRaftClusterWithGrpcde84ffe6/s10/6a4a2c2e-7234-499f-b180-171b122e1842/current/raft-meta.tmp to /home/runner/work/ratis/ratis/ratis-examples/target/test/data/3b356627/MiniRaftClusterWithGrpcde84ffe6/s10/6a4a2c2e-7234-499f-b180-171b122e1842/current/raft-meta with options [REPLACE_EXISTING]
2025-05-22 15:25:31,098 INFO  server.RaftServer$Division (RaftServerImpl.java:setFirstElection(579)) - s10@group-171B122E1842: set firstElectionSinceStartup to false for appendEntries
2025-05-22 15:25:31,098 INFO  server.RaftServer$Division (ServerState.java:setLeader(272)) - s10@group-171B122E1842: change Leader from null to s14 at term 1 for appendEntries, leader elected after 244ms
2025-05-22 15:25:31,098 TRACE util.FileUtils (LogUtils.java:runAndLog(49)) - Successfully ran Atomic Files.move /home/runner/work/ratis/ratis/ratis-examples/target/test/data/3b356627/MiniRaftClusterWithGrpcde84ffe6/s13/6a4a2c2e-7234-499f-b180-171b122e1842/current/raft-meta.tmp to /home/runner/work/ratis/ratis/ratis-examples/target/test/data/3b356627/MiniRaftClusterWithGrpcde84ffe6/s13/6a4a2c2e-7234-499f-b180-171b122e1842/current/raft-meta with options [REPLACE_EXISTING]
2025-05-22 15:25:31,099 INFO  server.RaftServer$Division (RaftServerImpl.java:setFirstElection(579)) - s13@group-171B122E1842: set firstElectionSinceStartup to false for appendEntries
2025-05-22 15:25:31,099 INFO  server.RaftServer$Division (ServerState.java:setLeader(272)) - s13@group-171B122E1842: change Leader from null to s14 at term 1 for appendEntries, leader elected after 185ms
2025-05-22 15:25:31,099 INFO  server.RaftServer$Division (ServerState.java:setRaftConf(386)) - s13@group-171B122E1842: set configuration conf: {index: 0, cur=peers:[s3|0.0.0.0:15003, s14|0.0.0.0:15014, s2|0.0.0.0:15002]|listeners:[], old=null}
2025-05-22 15:25:31,100 INFO  server.RaftServer$Division (ServerState.java:setRaftConf(386)) - s13@group-171B122E1842: set configuration conf: {index: 121, cur=peers:[s3|0.0.0.0:15003, s14|0.0.0.0:15014, s0|0.0.0.0:15000, s1|0.0.0.0:15001, s2|0.0.0.0:15002]|listeners:[], old=peers:[s3|0.0.0.0:15003, s14|0.0.0.0:15014, s2|0.0.0.0:15002]|listeners:[]}
2025-05-22 15:25:31,100 INFO  server.RaftServer$Division (ServerState.java:setRaftConf(386)) - s13@group-171B122E1842: set configuration conf: {index: 123, cur=peers:[s3|0.0.0.0:15003, s14|0.0.0.0:15014, s0|0.0.0.0:15000, s1|0.0.0.0:15001, s2|0.0.0.0:15002]|listeners:[], old=null}
2025-05-22 15:25:31,100 INFO  segmented.SegmentedRaftLogWorker (SegmentedRaftLogWorker.java:startLogSegment(445)) - s13@group-171B122E1842-SegmentedRaftLogWorker: Starting segment from index:0
2025-05-22 15:25:31,100 INFO  server.RaftServer$Division (ServerState.java:setRaftConf(386)) - s10@group-171B122E1842: set configuration conf: {index: 0, cur=peers:[s3|0.0.0.0:15003, s14|0.0.0.0:15014, s2|0.0.0.0:15002]|listeners:[], old=null}
2025-05-22 15:25:31,101 INFO  server.RaftServer$Division (ServerState.java:setRaftConf(386)) - s10@group-171B122E1842: set configuration conf: {index: 121, cur=peers:[s3|0.0.0.0:15003, s14|0.0.0.0:15014, s0|0.0.0.0:15000, s1|0.0.0.0:15001, s2|0.0.0.0:15002]|listeners:[], old=peers:[s3|0.0.0.0:15003, s14|0.0.0.0:15014, s2|0.0.0.0:15002]|listeners:[]}
2025-05-22 15:25:31,101 INFO  server.RaftServer$Division (ServerState.java:setRaftConf(386)) - s10@group-171B122E1842: set configuration conf: {index: 123, cur=peers:[s3|0.0.0.0:15003, s14|0.0.0.0:15014, s0|0.0.0.0:15000, s1|0.0.0.0:15001, s2|0.0.0.0:15002]|listeners:[], old=null}
2025-05-22 15:25:31,102 INFO  segmented.SegmentedRaftLogWorker (SegmentedRaftLogWorker.java:startLogSegment(445)) - s10@group-171B122E1842-SegmentedRaftLogWorker: Starting segment from index:0
2025-05-22 15:25:31,102 INFO  segmented.BufferedWriteChannel (BufferedWriteChannel.java:open(61)) - open log_inprogress_0 at position 0
2025-05-22 15:25:31,103 INFO  server.RaftServer$Division (ServerState.java:setRaftConf(386)) - s12@group-171B122E1842: set configuration conf: {index: 0, cur=peers:[s3|0.0.0.0:15003, s14|0.0.0.0:15014, s2|0.0.0.0:15002]|listeners:[], old=null}
2025-05-22 15:25:31,103 INFO  server.RaftServer$Division (ServerState.java:setRaftConf(386)) - s12@group-171B122E1842: set configuration conf: {index: 121, cur=peers:[s3|0.0.0.0:15003, s14|0.0.0.0:15014, s0|0.0.0.0:15000, s1|0.0.0.0:15001, s2|0.0.0.0:15002]|listeners:[], old=peers:[s3|0.0.0.0:15003, s14|0.0.0.0:15014, s2|0.0.0.0:15002]|listeners:[]}
2025-05-22 15:25:31,103 INFO  server.RaftServer$Division (ServerState.java:setRaftConf(386)) - s12@group-171B122E1842: set configuration conf: {index: 123, cur=peers:[s3|0.0.0.0:15003, s14|0.0.0.0:15014, s0|0.0.0.0:15000, s1|0.0.0.0:15001, s2|0.0.0.0:15002]|listeners:[], old=null}
2025-05-22 15:25:31,103 INFO  segmented.SegmentedRaftLogWorker (SegmentedRaftLogWorker.java:startLogSegment(445)) - s12@group-171B122E1842-SegmentedRaftLogWorker: Starting segment from index:0
2025-05-22 15:25:31,105 INFO  segmented.BufferedWriteChannel (BufferedWriteChannel.java:open(61)) - open log_inprogress_0 at position 0
2025-05-22 15:25:31,105 INFO  segmented.BufferedWriteChannel (BufferedWriteChannel.java:open(61)) - open log_inprogress_0 at position 0
2025-05-22 15:25:31,101 TRACE util.FileUtils (LogUtils.java:runAndLog(49)) - Successfully ran Atomic Files.move /home/runner/work/ratis/ratis/ratis-examples/target/test/data/3b356627/MiniRaftClusterWithGrpcde84ffe6/s11/6a4a2c2e-7234-499f-b180-171b122e1842/current/raft-meta.tmp to /home/runner/work/ratis/ratis/ratis-examples/target/test/data/3b356627/MiniRaftClusterWithGrpcde84ffe6/s11/6a4a2c2e-7234-499f-b180-171b122e1842/current/raft-meta with options [REPLACE_EXISTING]
2025-05-22 15:25:31,107 INFO  server.RaftServer$Division (RaftServerImpl.java:setFirstElection(579)) - s11@group-171B122E1842: set firstElectionSinceStartup to false for appendEntries
2025-05-22 15:25:31,107 INFO  server.RaftServer$Division (ServerState.java:setLeader(272)) - s11@group-171B122E1842: change Leader from null to s14 at term 1 for appendEntries, leader elected after 206ms
2025-05-22 15:25:31,107 INFO  server.RaftServer$Division (ServerState.java:setRaftConf(386)) - s11@group-171B122E1842: set configuration conf: {index: 0, cur=peers:[s3|0.0.0.0:15003, s14|0.0.0.0:15014, s2|0.0.0.0:15002]|listeners:[], old=null}
2025-05-22 15:25:31,107 INFO  server.RaftServer$Division (ServerState.java:setRaftConf(386)) - s11@group-171B122E1842: set configuration conf: {index: 121, cur=peers:[s3|0.0.0.0:15003, s14|0.0.0.0:15014, s0|0.0.0.0:15000, s1|0.0.0.0:15001, s2|0.0.0.0:15002]|listeners:[], old=peers:[s3|0.0.0.0:15003, s14|0.0.0.0:15014, s2|0.0.0.0:15002]|listeners:[]}
2025-05-22 15:25:31,107 INFO  server.RaftServer$Division (ServerState.java:setRaftConf(386)) - s11@group-171B122E1842: set configuration conf: {index: 123, cur=peers:[s3|0.0.0.0:15003, s14|0.0.0.0:15014, s0|0.0.0.0:15000, s1|0.0.0.0:15001, s2|0.0.0.0:15002]|listeners:[], old=null}
2025-05-22 15:25:31,107 INFO  segmented.SegmentedRaftLogWorker (SegmentedRaftLogWorker.java:startLogSegment(445)) - s11@group-171B122E1842-SegmentedRaftLogWorker: Starting segment from index:0
2025-05-22 15:25:31,109 INFO  segmented.BufferedWriteChannel (BufferedWriteChannel.java:open(61)) - open log_inprogress_0 at position 0
2025-05-22 15:25:31,125 INFO  segmented.SegmentedRaftLogWorker (SegmentedRaftLogWorker.java:execute(669)) - s10@group-171B122E1842-SegmentedRaftLogWorker: created new log segment /home/runner/work/ratis/ratis/ratis-examples/target/test/data/3b356627/MiniRaftClusterWithGrpcde84ffe6/s10/6a4a2c2e-7234-499f-b180-171b122e1842/current/log_inprogress_0
2025-05-22 15:25:31,126 INFO  segmented.SegmentedRaftLogWorker (SegmentedRaftLogWorker.java:execute(669)) - s13@group-171B122E1842-SegmentedRaftLogWorker: created new log segment /home/runner/work/ratis/ratis/ratis-examples/target/test/data/3b356627/MiniRaftClusterWithGrpcde84ffe6/s13/6a4a2c2e-7234-499f-b180-171b122e1842/current/log_inprogress_0
2025-05-22 15:25:31,126 INFO  segmented.SegmentedRaftLogWorker (SegmentedRaftLogWorker.java:execute(669)) - s11@group-171B122E1842-SegmentedRaftLogWorker: created new log segment /home/runner/work/ratis/ratis/ratis-examples/target/test/data/3b356627/MiniRaftClusterWithGrpcde84ffe6/s11/6a4a2c2e-7234-499f-b180-171b122e1842/current/log_inprogress_0
2025-05-22 15:25:31,127 INFO  segmented.SegmentedRaftLogWorker (SegmentedRaftLogWorker.java:execute(669)) - s12@group-171B122E1842-SegmentedRaftLogWorker: created new log segment /home/runner/work/ratis/ratis/ratis-examples/target/test/data/3b356627/MiniRaftClusterWithGrpcde84ffe6/s12/6a4a2c2e-7234-499f-b180-171b122e1842/current/log_inprogress_0
2025-05-22 15:25:31,129 TRACE util.FileUtils (LogUtils.java:supplyAndLog(69)) - Successfully supplied FileChannel.open /home/runner/work/ratis/ratis/ratis-examples/target/test/data/3b356627/MiniRaftClusterWithGrpcde84ffe6/s10/6a4a2c2e-7234-499f-b180-171b122e1842/current/raft-meta.conf.tmp with options [CREATE, TRUNCATE_EXISTING, WRITE]: sun.nio.ch.FileChannelImpl@b70f1e
2025-05-22 15:25:31,130 TRACE util.FileUtils (LogUtils.java:supplyAndLog(69)) - Successfully supplied FileChannel.open /home/runner/work/ratis/ratis/ratis-examples/target/test/data/3b356627/MiniRaftClusterWithGrpcde84ffe6/s12/6a4a2c2e-7234-499f-b180-171b122e1842/current/raft-meta.conf.tmp with options [CREATE, TRUNCATE_EXISTING, WRITE]: sun.nio.ch.FileChannelImpl@3da56773
2025-05-22 15:25:31,131 TRACE util.FileUtils (LogUtils.java:supplyAndLog(69)) - Successfully supplied FileChannel.open /home/runner/work/ratis/ratis/ratis-examples/target/test/data/3b356627/MiniRaftClusterWithGrpcde84ffe6/s11/6a4a2c2e-7234-499f-b180-171b122e1842/current/raft-meta.conf.tmp with options [CREATE, TRUNCATE_EXISTING, WRITE]: sun.nio.ch.FileChannelImpl@4a1422d4
2025-05-22 15:25:31,131 TRACE util.FileUtils (LogUtils.java:supplyAndLog(69)) - Successfully supplied FileChannel.open /home/runner/work/ratis/ratis/ratis-examples/target/test/data/3b356627/MiniRaftClusterWithGrpcde84ffe6/s13/6a4a2c2e-7234-499f-b180-171b122e1842/current/raft-meta.conf.tmp with options [CREATE, TRUNCATE_EXISTING, WRITE]: sun.nio.ch.FileChannelImpl@71aead1
2025-05-22 15:25:31,132 TRACE util.FileUtils (LogUtils.java:runAndLog(49)) - Successfully ran Atomic Files.move /home/runner/work/ratis/ratis/ratis-examples/target/test/data/3b356627/MiniRaftClusterWithGrpcde84ffe6/s10/6a4a2c2e-7234-499f-b180-171b122e1842/current/raft-meta.conf.tmp to /home/runner/work/ratis/ratis/ratis-examples/target/test/data/3b356627/MiniRaftClusterWithGrpcde84ffe6/s10/6a4a2c2e-7234-499f-b180-171b122e1842/current/raft-meta.conf with options [REPLACE_EXISTING]
2025-05-22 15:25:31,133 TRACE util.FileUtils (LogUtils.java:runAndLog(49)) - Successfully ran Atomic Files.move /home/runner/work/ratis/ratis/ratis-examples/target/test/data/3b356627/MiniRaftClusterWithGrpcde84ffe6/s12/6a4a2c2e-7234-499f-b180-171b122e1842/current/raft-meta.conf.tmp to /home/runner/work/ratis/ratis/ratis-examples/target/test/data/3b356627/MiniRaftClusterWithGrpcde84ffe6/s12/6a4a2c2e-7234-499f-b180-171b122e1842/current/raft-meta.conf with options [REPLACE_EXISTING]
2025-05-22 15:25:31,136 TRACE util.FileUtils (LogUtils.java:supplyAndLog(69)) - Successfully supplied FileChannel.open /home/runner/work/ratis/ratis/ratis-examples/target/test/data/3b356627/MiniRaftClusterWithGrpcde84ffe6/s12/6a4a2c2e-7234-499f-b180-171b122e1842/current/raft-meta.conf.tmp with options [CREATE, TRUNCATE_EXISTING, WRITE]: sun.nio.ch.FileChannelImpl@33628eb7
2025-05-22 15:25:31,137 TRACE util.FileUtils (LogUtils.java:supplyAndLog(69)) - Successfully supplied FileChannel.open /home/runner/work/ratis/ratis/ratis-examples/target/test/data/3b356627/MiniRaftClusterWithGrpcde84ffe6/s10/6a4a2c2e-7234-499f-b180-171b122e1842/current/raft-meta.conf.tmp with options [CREATE, TRUNCATE_EXISTING, WRITE]: sun.nio.ch.FileChannelImpl@e70f178
2025-05-22 15:25:31,138 INFO  server.RaftServer$Division (ServerState.java:setRaftConf(386)) - s14@group-171B122E1842: set configuration conf: {index: 125, cur=peers:[s3|0.0.0.0:15003, s11|0.0.0.0:15011, s10|0.0.0.0:15010, s13|0.0.0.0:15013, s12|0.0.0.0:15012, s14|0.0.0.0:15014, s0|0.0.0.0:15000, s1|0.0.0.0:15001, s2|0.0.0.0:15002]|listeners:[], old=peers:[s3|0.0.0.0:15003, s14|0.0.0.0:15014, s0|0.0.0.0:15000, s1|0.0.0.0:15001, s2|0.0.0.0:15002]|listeners:[]}
2025-05-22 15:25:31,140 INFO  server.RaftServer$Division (ServerState.java:setRaftConf(386)) - s11@group-171B122E1842: set configuration conf: {index: 125, cur=peers:[s3|0.0.0.0:15003, s11|0.0.0.0:15011, s10|0.0.0.0:15010, s13|0.0.0.0:15013, s12|0.0.0.0:15012, s14|0.0.0.0:15014, s0|0.0.0.0:15000, s1|0.0.0.0:15001, s2|0.0.0.0:15002]|listeners:[], old=peers:[s3|0.0.0.0:15003, s14|0.0.0.0:15014, s0|0.0.0.0:15000, s1|0.0.0.0:15001, s2|0.0.0.0:15002]|listeners:[]}
2025-05-22 15:25:31,140 TRACE util.FileUtils (LogUtils.java:runAndLog(49)) - Successfully ran Atomic Files.move /home/runner/work/ratis/ratis/ratis-examples/target/test/data/3b356627/MiniRaftClusterWithGrpcde84ffe6/s12/6a4a2c2e-7234-499f-b180-171b122e1842/current/raft-meta.conf.tmp to /home/runner/work/ratis/ratis/ratis-examples/target/test/data/3b356627/MiniRaftClusterWithGrpcde84ffe6/s12/6a4a2c2e-7234-499f-b180-171b122e1842/current/raft-meta.conf with options [REPLACE_EXISTING]
2025-05-22 15:25:31,140 TRACE util.FileUtils (LogUtils.java:supplyAndLog(69)) - Successfully supplied FileChannel.open /home/runner/work/ratis/ratis/ratis-examples/target/test/data/3b356627/MiniRaftClusterWithGrpcde84ffe6/s12/6a4a2c2e-7234-499f-b180-171b122e1842/current/raft-meta.conf.tmp with options [CREATE, TRUNCATE_EXISTING, WRITE]: sun.nio.ch.FileChannelImpl@375d0c03
2025-05-22 15:25:31,140 TRACE util.FileUtils (LogUtils.java:runAndLog(49)) - Successfully ran Atomic Files.move /home/runner/work/ratis/ratis/ratis-examples/target/test/data/3b356627/MiniRaftClusterWithGrpcde84ffe6/s13/6a4a2c2e-7234-499f-b180-171b122e1842/current/raft-meta.conf.tmp to /home/runner/work/ratis/ratis/ratis-examples/target/test/data/3b356627/MiniRaftClusterWithGrpcde84ffe6/s13/6a4a2c2e-7234-499f-b180-171b122e1842/current/raft-meta.conf with options [REPLACE_EXISTING]
2025-05-22 15:25:31,142 TRACE util.FileUtils (LogUtils.java:supplyAndLog(69)) - Successfully supplied FileChannel.open /home/runner/work/ratis/ratis/ratis-examples/target/test/data/3b356627/MiniRaftClusterWithGrpcde84ffe6/s13/6a4a2c2e-7234-499f-b180-171b122e1842/current/raft-meta.conf.tmp with options [CREATE, TRUNCATE_EXISTING, WRITE]: sun.nio.ch.FileChannelImpl@9dd0442
2025-05-22 15:25:31,143 INFO  server.RaftServer$Division (ServerState.java:setRaftConf(386)) - s3@group-171B122E1842: set configuration conf: {index: 125, cur=peers:[s3|0.0.0.0:15003, s11|0.0.0.0:15011, s10|0.0.0.0:15010, s13|0.0.0.0:15013, s12|0.0.0.0:15012, s14|0.0.0.0:15014, s0|0.0.0.0:15000, s1|0.0.0.0:15001, s2|0.0.0.0:15002]|listeners:[], old=peers:[s3|0.0.0.0:15003, s14|0.0.0.0:15014, s0|0.0.0.0:15000, s1|0.0.0.0:15001, s2|0.0.0.0:15002]|listeners:[]}
2025-05-22 15:25:31,144 TRACE util.FileUtils (LogUtils.java:runAndLog(49)) - Successfully ran Atomic Files.move /home/runner/work/ratis/ratis/ratis-examples/target/test/data/3b356627/MiniRaftClusterWithGrpcde84ffe6/s11/6a4a2c2e-7234-499f-b180-171b122e1842/current/raft-meta.conf.tmp to /home/runner/work/ratis/ratis/ratis-examples/target/test/data/3b356627/MiniRaftClusterWithGrpcde84ffe6/s11/6a4a2c2e-7234-499f-b180-171b122e1842/current/raft-meta.conf with options [REPLACE_EXISTING]
2025-05-22 15:25:31,146 TRACE util.FileUtils (LogUtils.java:supplyAndLog(69)) - Successfully supplied FileChannel.open /home/runner/work/ratis/ratis/ratis-examples/target/test/data/3b356627/MiniRaftClusterWithGrpcde84ffe6/s11/6a4a2c2e-7234-499f-b180-171b122e1842/current/raft-meta.conf.tmp with options [CREATE, TRUNCATE_EXISTING, WRITE]: sun.nio.ch.FileChannelImpl@44d3d5e6
2025-05-22 15:25:31,147 INFO  server.RaftServer$Division (ServerState.java:setRaftConf(386)) - s13@group-171B122E1842: set configuration conf: {index: 125, cur=peers:[s3|0.0.0.0:15003, s11|0.0.0.0:15011, s10|0.0.0.0:15010, s13|0.0.0.0:15013, s12|0.0.0.0:15012, s14|0.0.0.0:15014, s0|0.0.0.0:15000, s1|0.0.0.0:15001, s2|0.0.0.0:15002]|listeners:[], old=peers:[s3|0.0.0.0:15003, s14|0.0.0.0:15014, s0|0.0.0.0:15000, s1|0.0.0.0:15001, s2|0.0.0.0:15002]|listeners:[]}
2025-05-22 15:25:31,147 TRACE util.FileUtils (LogUtils.java:runAndLog(49)) - Successfully ran Atomic Files.move /home/runner/work/ratis/ratis/ratis-examples/target/test/data/3b356627/MiniRaftClusterWithGrpcde84ffe6/s10/6a4a2c2e-7234-499f-b180-171b122e1842/current/raft-meta.conf.tmp to /home/runner/work/ratis/ratis/ratis-examples/target/test/data/3b356627/MiniRaftClusterWithGrpcde84ffe6/s10/6a4a2c2e-7234-499f-b180-171b122e1842/current/raft-meta.conf with options [REPLACE_EXISTING]
2025-05-22 15:25:31,147 TRACE util.FileUtils (LogUtils.java:supplyAndLog(69)) - Successfully supplied FileChannel.open /home/runner/work/ratis/ratis/ratis-examples/target/test/data/3b356627/MiniRaftClusterWithGrpcde84ffe6/s10/6a4a2c2e-7234-499f-b180-171b122e1842/current/raft-meta.conf.tmp with options [CREATE, TRUNCATE_EXISTING, WRITE]: sun.nio.ch.FileChannelImpl@a4f646e
2025-05-22 15:25:31,144 TRACE util.FileUtils (LogUtils.java:runAndLog(49)) - Successfully ran Atomic Files.move /home/runner/work/ratis/ratis/ratis-examples/target/test/data/3b356627/MiniRaftClusterWithGrpcde84ffe6/s12/6a4a2c2e-7234-499f-b180-171b122e1842/current/raft-meta.conf.tmp to /home/runner/work/ratis/ratis/ratis-examples/target/test/data/3b356627/MiniRaftClusterWithGrpcde84ffe6/s12/6a4a2c2e-7234-499f-b180-171b122e1842/current/raft-meta.conf with options [REPLACE_EXISTING]
2025-05-22 15:25:31,149 INFO  server.RaftServer$Division (ServerState.java:setRaftConf(386)) - s12@group-171B122E1842: set configuration conf: {index: 125, cur=peers:[s3|0.0.0.0:15003, s11|0.0.0.0:15011, s10|0.0.0.0:15010, s13|0.0.0.0:15013, s12|0.0.0.0:15012, s14|0.0.0.0:15014, s0|0.0.0.0:15000, s1|0.0.0.0:15001, s2|0.0.0.0:15002]|listeners:[], old=peers:[s3|0.0.0.0:15003, s14|0.0.0.0:15014, s0|0.0.0.0:15000, s1|0.0.0.0:15001, s2|0.0.0.0:15002]|listeners:[]}
2025-05-22 15:25:31,148 INFO  server.RaftServer$Division (ServerState.java:setRaftConf(386)) - s2@group-171B122E1842: set configuration conf: {index: 125, cur=peers:[s3|0.0.0.0:15003, s11|0.0.0.0:15011, s10|0.0.0.0:15010, s13|0.0.0.0:15013, s12|0.0.0.0:15012, s14|0.0.0.0:15014, s0|0.0.0.0:15000, s1|0.0.0.0:15001, s2|0.0.0.0:15002]|listeners:[], old=peers:[s3|0.0.0.0:15003, s14|0.0.0.0:15014, s0|0.0.0.0:15000, s1|0.0.0.0:15001, s2|0.0.0.0:15002]|listeners:[]}
2025-05-22 15:25:31,150 INFO  server.RaftServer$Division (ServerState.java:setRaftConf(386)) - s0@group-171B122E1842: set configuration conf: {index: 125, cur=peers:[s3|0.0.0.0:15003, s11|0.0.0.0:15011, s10|0.0.0.0:15010, s13|0.0.0.0:15013, s12|0.0.0.0:15012, s14|0.0.0.0:15014, s0|0.0.0.0:15000, s1|0.0.0.0:15001, s2|0.0.0.0:15002]|listeners:[], old=peers:[s3|0.0.0.0:15003, s14|0.0.0.0:15014, s0|0.0.0.0:15000, s1|0.0.0.0:15001, s2|0.0.0.0:15002]|listeners:[]}
2025-05-22 15:25:31,150 TRACE util.FileUtils (LogUtils.java:runAndLog(49)) - Successfully ran Atomic Files.move /home/runner/work/ratis/ratis/ratis-examples/target/test/data/3b356627/MiniRaftClusterWithGrpcde84ffe6/s10/6a4a2c2e-7234-499f-b180-171b122e1842/current/raft-meta.conf.tmp to /home/runner/work/ratis/ratis/ratis-examples/target/test/data/3b356627/MiniRaftClusterWithGrpcde84ffe6/s10/6a4a2c2e-7234-499f-b180-171b122e1842/current/raft-meta.conf with options [REPLACE_EXISTING]
2025-05-22 15:25:31,149 INFO  server.RaftServer$Division (ServerState.java:setRaftConf(386)) - s1@group-171B122E1842: set configuration conf: {index: 125, cur=peers:[s3|0.0.0.0:15003, s11|0.0.0.0:15011, s10|0.0.0.0:15010, s13|0.0.0.0:15013, s12|0.0.0.0:15012, s14|0.0.0.0:15014, s0|0.0.0.0:15000, s1|0.0.0.0:15001, s2|0.0.0.0:15002]|listeners:[], old=peers:[s3|0.0.0.0:15003, s14|0.0.0.0:15014, s0|0.0.0.0:15000, s1|0.0.0.0:15001, s2|0.0.0.0:15002]|listeners:[]}
2025-05-22 15:25:31,150 INFO  server.RaftServer$Division (ServerState.java:setRaftConf(386)) - s10@group-171B122E1842: set configuration conf: {index: 125, cur=peers:[s3|0.0.0.0:15003, s11|0.0.0.0:15011, s10|0.0.0.0:15010, s13|0.0.0.0:15013, s12|0.0.0.0:15012, s14|0.0.0.0:15014, s0|0.0.0.0:15000, s1|0.0.0.0:15001, s2|0.0.0.0:15002]|listeners:[], old=peers:[s3|0.0.0.0:15003, s14|0.0.0.0:15014, s0|0.0.0.0:15000, s1|0.0.0.0:15001, s2|0.0.0.0:15002]|listeners:[]}
2025-05-22 15:25:31,151 INFO  server.RaftServer$Division (ServerState.java:setRaftConf(386)) - s14@group-171B122E1842: set configuration conf: {index: 127, cur=peers:[s3|0.0.0.0:15003, s11|0.0.0.0:15011, s10|0.0.0.0:15010, s13|0.0.0.0:15013, s12|0.0.0.0:15012, s14|0.0.0.0:15014, s0|0.0.0.0:15000, s1|0.0.0.0:15001, s2|0.0.0.0:15002]|listeners:[], old=null}
2025-05-22 15:25:31,152 TRACE util.FileUtils (LogUtils.java:supplyAndLog(69)) - Successfully supplied FileChannel.open /home/runner/work/ratis/ratis/ratis-examples/target/test/data/3b356627/MiniRaftClusterWithGrpcde84ffe6/s14/6a4a2c2e-7234-499f-b180-171b122e1842/current/raft-meta.conf.tmp with options [CREATE, TRUNCATE_EXISTING, WRITE]: sun.nio.ch.FileChannelImpl@fceeaa2
2025-05-22 15:25:31,153 INFO  impl.RoleInfo (RoleInfo.java:updateAndGet(148)) - s10: start s10@group-171B122E1842-FollowerState
2025-05-22 15:25:31,153 INFO  impl.RoleInfo (RoleInfo.java:updateAndGet(148)) - s11: start s11@group-171B122E1842-FollowerState
2025-05-22 15:25:31,154 TRACE util.FileUtils (LogUtils.java:supplyAndLog(69)) - Successfully supplied FileChannel.open /home/runner/work/ratis/ratis/ratis-examples/target/test/data/3b356627/MiniRaftClusterWithGrpcde84ffe6/s1/6a4a2c2e-7234-499f-b180-171b122e1842/current/raft-meta.conf.tmp with options [CREATE, TRUNCATE_EXISTING, WRITE]: sun.nio.ch.FileChannelImpl@75cc3c77
2025-05-22 15:25:31,154 INFO  server.RaftServer$Division (ServerState.java:setRaftConf(386)) - s3@group-171B122E1842: set configuration conf: {index: 127, cur=peers:[s3|0.0.0.0:15003, s11|0.0.0.0:15011, s10|0.0.0.0:15010, s13|0.0.0.0:15013, s12|0.0.0.0:15012, s14|0.0.0.0:15014, s0|0.0.0.0:15000, s1|0.0.0.0:15001, s2|0.0.0.0:15002]|listeners:[], old=null}
2025-05-22 15:25:31,155 TRACE util.FileUtils (LogUtils.java:supplyAndLog(69)) - Successfully supplied FileChannel.open /home/runner/work/ratis/ratis/ratis-examples/target/test/data/3b356627/MiniRaftClusterWithGrpcde84ffe6/s3/6a4a2c2e-7234-499f-b180-171b122e1842/current/raft-meta.conf.tmp with options [CREATE, TRUNCATE_EXISTING, WRITE]: sun.nio.ch.FileChannelImpl@19a4fde2
2025-05-22 15:25:31,155 INFO  server.RaftServer$Division (ServerState.java:setRaftConf(386)) - s0@group-171B122E1842: set configuration conf: {index: 127, cur=peers:[s3|0.0.0.0:15003, s11|0.0.0.0:15011, s10|0.0.0.0:15010, s13|0.0.0.0:15013, s12|0.0.0.0:15012, s14|0.0.0.0:15014, s0|0.0.0.0:15000, s1|0.0.0.0:15001, s2|0.0.0.0:15002]|listeners:[], old=null}
2025-05-22 15:25:31,154 INFO  server.RaftServer$Division (ServerState.java:setRaftConf(386)) - s2@group-171B122E1842: set configuration conf: {index: 127, cur=peers:[s3|0.0.0.0:15003, s11|0.0.0.0:15011, s10|0.0.0.0:15010, s13|0.0.0.0:15013, s12|0.0.0.0:15012, s14|0.0.0.0:15014, s0|0.0.0.0:15000, s1|0.0.0.0:15001, s2|0.0.0.0:15002]|listeners:[], old=null}
2025-05-22 15:25:31,157 INFO  server.RaftServer$Division (ServerState.java:setRaftConf(386)) - s10@group-171B122E1842: set configuration conf: {index: 127, cur=peers:[s3|0.0.0.0:15003, s11|0.0.0.0:15011, s10|0.0.0.0:15010, s13|0.0.0.0:15013, s12|0.0.0.0:15012, s14|0.0.0.0:15014, s0|0.0.0.0:15000, s1|0.0.0.0:15001, s2|0.0.0.0:15002]|listeners:[], old=null}
2025-05-22 15:25:31,157 TRACE util.FileUtils (LogUtils.java:runAndLog(49)) - Successfully ran Atomic Files.move /home/runner/work/ratis/ratis/ratis-examples/target/test/data/3b356627/MiniRaftClusterWithGrpcde84ffe6/s11/6a4a2c2e-7234-499f-b180-171b122e1842/current/raft-meta.conf.tmp to /home/runner/work/ratis/ratis/ratis-examples/target/test/data/3b356627/MiniRaftClusterWithGrpcde84ffe6/s11/6a4a2c2e-7234-499f-b180-171b122e1842/current/raft-meta.conf with options [REPLACE_EXISTING]
2025-05-22 15:25:31,158 INFO  impl.RoleInfo (RoleInfo.java:updateAndGet(148)) - s13: start s13@group-171B122E1842-FollowerState
2025-05-22 15:25:31,158 TRACE util.FileUtils (LogUtils.java:supplyAndLog(69)) - Successfully supplied FileChannel.open /home/runner/work/ratis/ratis/ratis-examples/target/test/data/3b356627/MiniRaftClusterWithGrpcde84ffe6/s2/6a4a2c2e-7234-499f-b180-171b122e1842/current/raft-meta.conf.tmp with options [CREATE, TRUNCATE_EXISTING, WRITE]: sun.nio.ch.FileChannelImpl@53b9d4d2
2025-05-22 15:25:31,158 INFO  impl.RoleInfo (RoleInfo.java:updateAndGet(148)) - s12: start s12@group-171B122E1842-FollowerState
2025-05-22 15:25:31,158 TRACE util.FileUtils (LogUtils.java:supplyAndLog(69)) - Successfully supplied FileChannel.open /home/runner/work/ratis/ratis/ratis-examples/target/test/data/3b356627/MiniRaftClusterWithGrpcde84ffe6/s11/6a4a2c2e-7234-499f-b180-171b122e1842/current/raft-meta.conf.tmp with options [CREATE, TRUNCATE_EXISTING, WRITE]: sun.nio.ch.FileChannelImpl@40ec49a4
2025-05-22 15:25:31,158 TRACE util.FileUtils (LogUtils.java:supplyAndLog(69)) - Successfully supplied FileChannel.open /home/runner/work/ratis/ratis/ratis-examples/target/test/data/3b356627/MiniRaftClusterWithGrpcde84ffe6/s0/6a4a2c2e-7234-499f-b180-171b122e1842/current/raft-meta.conf.tmp with options [CREATE, TRUNCATE_EXISTING, WRITE]: sun.nio.ch.FileChannelImpl@1a9c5b04
2025-05-22 15:25:31,158 TRACE util.FileUtils (LogUtils.java:runAndLog(49)) - Successfully ran Atomic Files.move /home/runner/work/ratis/ratis/ratis-examples/target/test/data/3b356627/MiniRaftClusterWithGrpcde84ffe6/s1/6a4a2c2e-7234-499f-b180-171b122e1842/current/raft-meta.conf.tmp to /home/runner/work/ratis/ratis/ratis-examples/target/test/data/3b356627/MiniRaftClusterWithGrpcde84ffe6/s1/6a4a2c2e-7234-499f-b180-171b122e1842/current/raft-meta.conf with options [REPLACE_EXISTING]
2025-05-22 15:25:31,159 INFO  server.RaftServer$Division (ServerState.java:setRaftConf(386)) - s13@group-171B122E1842: set configuration conf: {index: 127, cur=peers:[s3|0.0.0.0:15003, s11|0.0.0.0:15011, s10|0.0.0.0:15010, s13|0.0.0.0:15013, s12|0.0.0.0:15012, s14|0.0.0.0:15014, s0|0.0.0.0:15000, s1|0.0.0.0:15001, s2|0.0.0.0:15002]|listeners:[], old=null}
2025-05-22 15:25:31,159 TRACE util.FileUtils (LogUtils.java:runAndLog(49)) - Successfully ran Atomic Files.move /home/runner/work/ratis/ratis/ratis-examples/target/test/data/3b356627/MiniRaftClusterWithGrpcde84ffe6/s3/6a4a2c2e-7234-499f-b180-171b122e1842/current/raft-meta.conf.tmp to /home/runner/work/ratis/ratis/ratis-examples/target/test/data/3b356627/MiniRaftClusterWithGrpcde84ffe6/s3/6a4a2c2e-7234-499f-b180-171b122e1842/current/raft-meta.conf with options [REPLACE_EXISTING]
2025-05-22 15:25:31,160 TRACE util.FileUtils (LogUtils.java:runAndLog(49)) - Successfully ran Atomic Files.move /home/runner/work/ratis/ratis/ratis-examples/target/test/data/3b356627/MiniRaftClusterWithGrpcde84ffe6/s14/6a4a2c2e-7234-499f-b180-171b122e1842/current/raft-meta.conf.tmp to /home/runner/work/ratis/ratis/ratis-examples/target/test/data/3b356627/MiniRaftClusterWithGrpcde84ffe6/s14/6a4a2c2e-7234-499f-b180-171b122e1842/current/raft-meta.conf with options [REPLACE_EXISTING]
2025-05-22 15:25:31,158 TRACE util.FileUtils (LogUtils.java:runAndLog(49)) - Successfully ran Atomic Files.move /home/runner/work/ratis/ratis/ratis-examples/target/test/data/3b356627/MiniRaftClusterWithGrpcde84ffe6/s13/6a4a2c2e-7234-499f-b180-171b122e1842/current/raft-meta.conf.tmp to /home/runner/work/ratis/ratis/ratis-examples/target/test/data/3b356627/MiniRaftClusterWithGrpcde84ffe6/s13/6a4a2c2e-7234-499f-b180-171b122e1842/current/raft-meta.conf with options [REPLACE_EXISTING]
2025-05-22 15:25:31,160 TRACE util.FileUtils (LogUtils.java:supplyAndLog(69)) - Successfully supplied FileChannel.open /home/runner/work/ratis/ratis/ratis-examples/target/test/data/3b356627/MiniRaftClusterWithGrpcde84ffe6/s13/6a4a2c2e-7234-499f-b180-171b122e1842/current/raft-meta.conf.tmp with options [CREATE, TRUNCATE_EXISTING, WRITE]: sun.nio.ch.FileChannelImpl@de281a1
2025-05-22 15:25:31,160 TRACE util.FileUtils (LogUtils.java:supplyAndLog(69)) - Successfully supplied FileChannel.open /home/runner/work/ratis/ratis/ratis-examples/target/test/data/3b356627/MiniRaftClusterWithGrpcde84ffe6/s10/6a4a2c2e-7234-499f-b180-171b122e1842/current/raft-meta.conf.tmp with options [CREATE, TRUNCATE_EXISTING, WRITE]: sun.nio.ch.FileChannelImpl@4f4dfb43
2025-05-22 15:25:31,161 INFO  server.RaftServer$Division (ServerState.java:setRaftConf(386)) - s1@group-171B122E1842: set configuration conf: {index: 127, cur=peers:[s3|0.0.0.0:15003, s11|0.0.0.0:15011, s10|0.0.0.0:15010, s13|0.0.0.0:15013, s12|0.0.0.0:15012, s14|0.0.0.0:15014, s0|0.0.0.0:15000, s1|0.0.0.0:15001, s2|0.0.0.0:15002]|listeners:[], old=null}
2025-05-22 15:25:31,163 TRACE util.FileUtils (LogUtils.java:supplyAndLog(69)) - Successfully supplied FileChannel.open /home/runner/work/ratis/ratis/ratis-examples/target/test/data/3b356627/MiniRaftClusterWithGrpcde84ffe6/s14/6a4a2c2e-7234-499f-b180-171b122e1842/current/raft-meta.conf.tmp with options [CREATE, TRUNCATE_EXISTING, WRITE]: sun.nio.ch.FileChannelImpl@7d844325
2025-05-22 15:25:31,164 TRACE util.FileUtils (LogUtils.java:runAndLog(49)) - Successfully ran Atomic Files.move /home/runner/work/ratis/ratis/ratis-examples/target/test/data/3b356627/MiniRaftClusterWithGrpcde84ffe6/s0/6a4a2c2e-7234-499f-b180-171b122e1842/current/raft-meta.conf.tmp to /home/runner/work/ratis/ratis/ratis-examples/target/test/data/3b356627/MiniRaftClusterWithGrpcde84ffe6/s0/6a4a2c2e-7234-499f-b180-171b122e1842/current/raft-meta.conf with options [REPLACE_EXISTING]
2025-05-22 15:25:31,164 TRACE util.FileUtils (LogUtils.java:supplyAndLog(69)) - Successfully supplied FileChannel.open /home/runner/work/ratis/ratis/ratis-examples/target/test/data/3b356627/MiniRaftClusterWithGrpcde84ffe6/s3/6a4a2c2e-7234-499f-b180-171b122e1842/current/raft-meta.conf.tmp with options [CREATE, TRUNCATE_EXISTING, WRITE]: sun.nio.ch.FileChannelImpl@3f47b8a7
2025-05-22 15:25:31,164 TRACE util.FileUtils (LogUtils.java:runAndLog(49)) - Successfully ran Atomic Files.move /home/runner/work/ratis/ratis/ratis-examples/target/test/data/3b356627/MiniRaftClusterWithGrpcde84ffe6/s13/6a4a2c2e-7234-499f-b180-171b122e1842/current/raft-meta.conf.tmp to /home/runner/work/ratis/ratis/ratis-examples/target/test/data/3b356627/MiniRaftClusterWithGrpcde84ffe6/s13/6a4a2c2e-7234-499f-b180-171b122e1842/current/raft-meta.conf with options [REPLACE_EXISTING]
2025-05-22 15:25:31,165 TRACE util.FileUtils (LogUtils.java:runAndLog(49)) - Successfully ran Atomic Files.move /home/runner/work/ratis/ratis/ratis-examples/target/test/data/3b356627/MiniRaftClusterWithGrpcde84ffe6/s11/6a4a2c2e-7234-499f-b180-171b122e1842/current/raft-meta.conf.tmp to /home/runner/work/ratis/ratis/ratis-examples/target/test/data/3b356627/MiniRaftClusterWithGrpcde84ffe6/s11/6a4a2c2e-7234-499f-b180-171b122e1842/current/raft-meta.conf with options [REPLACE_EXISTING]
2025-05-22 15:25:31,165 INFO  server.RaftServer$Division (ServerState.java:setRaftConf(386)) - s12@group-171B122E1842: set configuration conf: {index: 127, cur=peers:[s3|0.0.0.0:15003, s11|0.0.0.0:15011, s10|0.0.0.0:15010, s13|0.0.0.0:15013, s12|0.0.0.0:15012, s14|0.0.0.0:15014, s0|0.0.0.0:15000, s1|0.0.0.0:15001, s2|0.0.0.0:15002]|listeners:[], old=null}
2025-05-22 15:25:31,165 TRACE util.FileUtils (LogUtils.java:runAndLog(49)) - Successfully ran Atomic Files.move /home/runner/work/ratis/ratis/ratis-examples/target/test/data/3b356627/MiniRaftClusterWithGrpcde84ffe6/s10/6a4a2c2e-7234-499f-b180-171b122e1842/current/raft-meta.conf.tmp to /home/runner/work/ratis/ratis/ratis-examples/target/test/data/3b356627/MiniRaftClusterWithGrpcde84ffe6/s10/6a4a2c2e-7234-499f-b180-171b122e1842/current/raft-meta.conf with options [REPLACE_EXISTING]
2025-05-22 15:25:31,165 TRACE util.FileUtils (LogUtils.java:supplyAndLog(69)) - Successfully supplied FileChannel.open /home/runner/work/ratis/ratis/ratis-examples/target/test/data/3b356627/MiniRaftClusterWithGrpcde84ffe6/s10/6a4a2c2e-7234-499f-b180-171b122e1842/current/raft-meta.conf.tmp with options [CREATE, TRUNCATE_EXISTING, WRITE]: sun.nio.ch.FileChannelImpl@773ad24b
2025-05-22 15:25:31,166 TRACE util.FileUtils (LogUtils.java:supplyAndLog(69)) - Successfully supplied FileChannel.open /home/runner/work/ratis/ratis/ratis-examples/target/test/data/3b356627/MiniRaftClusterWithGrpcde84ffe6/s0/6a4a2c2e-7234-499f-b180-171b122e1842/current/raft-meta.conf.tmp with options [CREATE, TRUNCATE_EXISTING, WRITE]: sun.nio.ch.FileChannelImpl@7ab53c19
2025-05-22 15:25:31,166 INFO  server.RaftServer$Division (ServerState.java:setRaftConf(386)) - s11@group-171B122E1842: set configuration conf: {index: 127, cur=peers:[s3|0.0.0.0:15003, s11|0.0.0.0:15011, s10|0.0.0.0:15010, s13|0.0.0.0:15013, s12|0.0.0.0:15012, s14|0.0.0.0:15014, s0|0.0.0.0:15000, s1|0.0.0.0:15001, s2|0.0.0.0:15002]|listeners:[], old=null}
2025-05-22 15:25:31,168 TRACE util.FileUtils (LogUtils.java:supplyAndLog(69)) - Successfully supplied FileChannel.open /home/runner/work/ratis/ratis/ratis-examples/target/test/data/3b356627/MiniRaftClusterWithGrpcde84ffe6/s13/6a4a2c2e-7234-499f-b180-171b122e1842/current/raft-meta.conf.tmp with options [CREATE, TRUNCATE_EXISTING, WRITE]: sun.nio.ch.FileChannelImpl@48e00e79
2025-05-22 15:25:31,168 TRACE util.FileUtils (LogUtils.java:runAndLog(49)) - Successfully ran Atomic Files.move /home/runner/work/ratis/ratis/ratis-examples/target/test/data/3b356627/MiniRaftClusterWithGrpcde84ffe6/s2/6a4a2c2e-7234-499f-b180-171b122e1842/current/raft-meta.conf.tmp to /home/runner/work/ratis/ratis/ratis-examples/target/test/data/3b356627/MiniRaftClusterWithGrpcde84ffe6/s2/6a4a2c2e-7234-499f-b180-171b122e1842/current/raft-meta.conf with options [REPLACE_EXISTING]
2025-05-22 15:25:31,169 INFO  server.RaftServer$Division (RaftServerImpl.java:setConfigurationAsync(1364)) - s14@group-171B122E1842: receive setConfiguration SetConfigurationRequest:client-D6A0DB5763B7->s14@group-171B122E1842, cid=3882, seq=null, RW, null, SET_UNCONDITIONALLY, servers:[s3|0.0.0.0:15003, s4|0.0.0.0:15004, s5|0.0.0.0:15005, s6|0.0.0.0:15006, s7|0.0.0.0:15007, s8|0.0.0.0:15008, s9|0.0.0.0:15009, s11|0.0.0.0:15011, s10|0.0.0.0:15010, s13|0.0.0.0:15013, s12|0.0.0.0:15012, s14|0.0.0.0:15014, s0|0.0.0.0:15000, s1|0.0.0.0:15001, s2|0.0.0.0:15002], listeners:[]
2025-05-22 15:25:31,169 INFO  server.RaftServer$Division (LeaderStateImpl.java:startSetConfiguration(484)) - s14@group-171B122E1842-LeaderStateImpl: startSetConfiguration SetConfigurationRequest:client-D6A0DB5763B7->s14@group-171B122E1842, cid=3882, seq=null, RW, null, SET_UNCONDITIONALLY, servers:[s3|0.0.0.0:15003, s4|0.0.0.0:15004, s5|0.0.0.0:15005, s6|0.0.0.0:15006, s7|0.0.0.0:15007, s8|0.0.0.0:15008, s9|0.0.0.0:15009, s11|0.0.0.0:15011, s10|0.0.0.0:15010, s13|0.0.0.0:15013, s12|0.0.0.0:15012, s14|0.0.0.0:15014, s0|0.0.0.0:15000, s1|0.0.0.0:15001, s2|0.0.0.0:15002], listeners:[]
2025-05-22 15:25:31,171 INFO  leader.FollowerInfo (FollowerInfoImpl.java:setAttemptedToInstallSnapshot(154)) - Follower s14@group-171B122E1842->s4 acknowledged installing snapshot
2025-05-22 15:25:31,171 INFO  leader.FollowerInfo (FollowerInfoImpl.java:setAttemptedToInstallSnapshot(154)) - Follower s14@group-171B122E1842->s5 acknowledged installing snapshot
2025-05-22 15:25:31,171 INFO  server.GrpcServerProtocolClient (GrpcServerProtocolClient.java:<init>(65)) - Build channel for s4|0.0.0.0:15004
2025-05-22 15:25:31,172 INFO  server.GrpcServerProtocolClient (GrpcServerProtocolClient.java:<init>(65)) - Build channel for s5|0.0.0.0:15005
2025-05-22 15:25:31,173 INFO  leader.FollowerInfo (FollowerInfoImpl.java:setAttemptedToInstallSnapshot(154)) - Follower s14@group-171B122E1842->s9 acknowledged installing snapshot
2025-05-22 15:25:31,174 INFO  server.GrpcServerProtocolClient (GrpcServerProtocolClient.java:<init>(65)) - Build channel for s9|0.0.0.0:15009
2025-05-22 15:25:31,173 INFO  leader.FollowerInfo (FollowerInfoImpl.java:setAttemptedToInstallSnapshot(154)) - Follower s14@group-171B122E1842->s6 acknowledged installing snapshot
2025-05-22 15:25:31,175 INFO  server.GrpcServerProtocolClient (GrpcServerProtocolClient.java:<init>(65)) - Build channel for s6|0.0.0.0:15006
2025-05-22 15:25:31,173 INFO  leader.FollowerInfo (FollowerInfoImpl.java:setAttemptedToInstallSnapshot(154)) - Follower s14@group-171B122E1842->s8 acknowledged installing snapshot
2025-05-22 15:25:31,177 INFO  server.GrpcServerProtocolClient (GrpcServerProtocolClient.java:<init>(65)) - Build channel for s8|0.0.0.0:15008
2025-05-22 15:25:31,178 TRACE util.FileUtils (LogUtils.java:runAndLog(49)) - Successfully ran Atomic Files.move /home/runner/work/ratis/ratis/ratis-examples/target/test/data/3b356627/MiniRaftClusterWithGrpcde84ffe6/s3/6a4a2c2e-7234-499f-b180-171b122e1842/current/raft-meta.conf.tmp to /home/runner/work/ratis/ratis/ratis-examples/target/test/data/3b356627/MiniRaftClusterWithGrpcde84ffe6/s3/6a4a2c2e-7234-499f-b180-171b122e1842/current/raft-meta.conf with options [REPLACE_EXISTING]
2025-05-22 15:25:31,178 TRACE util.FileUtils (LogUtils.java:supplyAndLog(69)) - Successfully supplied FileChannel.open /home/runner/work/ratis/ratis/ratis-examples/target/test/data/3b356627/MiniRaftClusterWithGrpcde84ffe6/s12/6a4a2c2e-7234-499f-b180-171b122e1842/current/raft-meta.conf.tmp with options [CREATE, TRUNCATE_EXISTING, WRITE]: sun.nio.ch.FileChannelImpl@725f848c
2025-05-22 15:25:31,178 TRACE util.FileUtils (LogUtils.java:runAndLog(49)) - Successfully ran Atomic Files.move /home/runner/work/ratis/ratis/ratis-examples/target/test/data/3b356627/MiniRaftClusterWithGrpcde84ffe6/s14/6a4a2c2e-7234-499f-b180-171b122e1842/current/raft-meta.conf.tmp to /home/runner/work/ratis/ratis/ratis-examples/target/test/data/3b356627/MiniRaftClusterWithGrpcde84ffe6/s14/6a4a2c2e-7234-499f-b180-171b122e1842/current/raft-meta.conf with options [REPLACE_EXISTING]
2025-05-22 15:25:31,173 INFO  leader.FollowerInfo (FollowerInfoImpl.java:setAttemptedToInstallSnapshot(154)) - Follower s14@group-171B122E1842->s7 acknowledged installing snapshot
2025-05-22 15:25:31,179 INFO  server.GrpcServerProtocolClient (GrpcServerProtocolClient.java:<init>(65)) - Build channel for s7|0.0.0.0:15007
2025-05-22 15:25:31,179 TRACE util.FileUtils (LogUtils.java:supplyAndLog(69)) - Successfully supplied FileChannel.open /home/runner/work/ratis/ratis/ratis-examples/target/test/data/3b356627/MiniRaftClusterWithGrpcde84ffe6/s1/6a4a2c2e-7234-499f-b180-171b122e1842/current/raft-meta.conf.tmp with options [CREATE, TRUNCATE_EXISTING, WRITE]: sun.nio.ch.FileChannelImpl@790d70ab
2025-05-22 15:25:31,181 TRACE util.FileUtils (LogUtils.java:runAndLog(49)) - Successfully ran Atomic Files.move /home/runner/work/ratis/ratis/ratis-examples/target/test/data/3b356627/MiniRaftClusterWithGrpcde84ffe6/s0/6a4a2c2e-7234-499f-b180-171b122e1842/current/raft-meta.conf.tmp to /home/runner/work/ratis/ratis/ratis-examples/target/test/data/3b356627/MiniRaftClusterWithGrpcde84ffe6/s0/6a4a2c2e-7234-499f-b180-171b122e1842/current/raft-meta.conf with options [REPLACE_EXISTING]
2025-05-22 15:25:31,181 TRACE util.FileUtils (LogUtils.java:runAndLog(49)) - Successfully ran Atomic Files.move /home/runner/work/ratis/ratis/ratis-examples/target/test/data/3b356627/MiniRaftClusterWithGrpcde84ffe6/s13/6a4a2c2e-7234-499f-b180-171b122e1842/current/raft-meta.conf.tmp to /home/runner/work/ratis/ratis/ratis-examples/target/test/data/3b356627/MiniRaftClusterWithGrpcde84ffe6/s13/6a4a2c2e-7234-499f-b180-171b122e1842/current/raft-meta.conf with options [REPLACE_EXISTING]
2025-05-22 15:25:31,182 TRACE util.FileUtils (LogUtils.java:supplyAndLog(69)) - Successfully supplied FileChannel.open /home/runner/work/ratis/ratis/ratis-examples/target/test/data/3b356627/MiniRaftClusterWithGrpcde84ffe6/s13/6a4a2c2e-7234-499f-b180-171b122e1842/current/raft-meta.conf.tmp with options [CREATE, TRUNCATE_EXISTING, WRITE]: sun.nio.ch.FileChannelImpl@18fc29d6
2025-05-22 15:25:31,182 TRACE util.FileUtils (LogUtils.java:supplyAndLog(69)) - Successfully supplied FileChannel.open /home/runner/work/ratis/ratis/ratis-examples/target/test/data/3b356627/MiniRaftClusterWithGrpcde84ffe6/s2/6a4a2c2e-7234-499f-b180-171b122e1842/current/raft-meta.conf.tmp with options [CREATE, TRUNCATE_EXISTING, WRITE]: sun.nio.ch.FileChannelImpl@56e73e1f
2025-05-22 15:25:31,183 TRACE util.FileUtils (LogUtils.java:runAndLog(49)) - Successfully ran Atomic Files.move /home/runner/work/ratis/ratis/ratis-examples/target/test/data/3b356627/MiniRaftClusterWithGrpcde84ffe6/s10/6a4a2c2e-7234-499f-b180-171b122e1842/current/raft-meta.conf.tmp to /home/runner/work/ratis/ratis/ratis-examples/target/test/data/3b356627/MiniRaftClusterWithGrpcde84ffe6/s10/6a4a2c2e-7234-499f-b180-171b122e1842/current/raft-meta.conf with options [REPLACE_EXISTING]
2025-05-22 15:25:31,178 TRACE util.FileUtils (LogUtils.java:supplyAndLog(69)) - Successfully supplied FileChannel.open /home/runner/work/ratis/ratis/ratis-examples/target/test/data/3b356627/MiniRaftClusterWithGrpcde84ffe6/s11/6a4a2c2e-7234-499f-b180-171b122e1842/current/raft-meta.conf.tmp with options [CREATE, TRUNCATE_EXISTING, WRITE]: sun.nio.ch.FileChannelImpl@5eedfdd
2025-05-22 15:25:31,184 TRACE util.FileUtils (LogUtils.java:runAndLog(49)) - Successfully ran Atomic Files.move /home/runner/work/ratis/ratis/ratis-examples/target/test/data/3b356627/MiniRaftClusterWithGrpcde84ffe6/s12/6a4a2c2e-7234-499f-b180-171b122e1842/current/raft-meta.conf.tmp to /home/runner/work/ratis/ratis/ratis-examples/target/test/data/3b356627/MiniRaftClusterWithGrpcde84ffe6/s12/6a4a2c2e-7234-499f-b180-171b122e1842/current/raft-meta.conf with options [REPLACE_EXISTING]
2025-05-22 15:25:31,184 TRACE util.FileUtils (LogUtils.java:supplyAndLog(69)) - Successfully supplied FileChannel.open /home/runner/work/ratis/ratis/ratis-examples/target/test/data/3b356627/MiniRaftClusterWithGrpcde84ffe6/s12/6a4a2c2e-7234-499f-b180-171b122e1842/current/raft-meta.conf.tmp with options [CREATE, TRUNCATE_EXISTING, WRITE]: sun.nio.ch.FileChannelImpl@6457eb4b
2025-05-22 15:25:31,185 TRACE util.FileUtils (LogUtils.java:runAndLog(49)) - Successfully ran Atomic Files.move /home/runner/work/ratis/ratis/ratis-examples/target/test/data/3b356627/MiniRaftClusterWithGrpcde84ffe6/s1/6a4a2c2e-7234-499f-b180-171b122e1842/current/raft-meta.conf.tmp to /home/runner/work/ratis/ratis/ratis-examples/target/test/data/3b356627/MiniRaftClusterWithGrpcde84ffe6/s1/6a4a2c2e-7234-499f-b180-171b122e1842/current/raft-meta.conf with options [REPLACE_EXISTING]
2025-05-22 15:25:31,188 TRACE util.FileUtils (LogUtils.java:runAndLog(49)) - Successfully ran Atomic Files.move /home/runner/work/ratis/ratis/ratis-examples/target/test/data/3b356627/MiniRaftClusterWithGrpcde84ffe6/s12/6a4a2c2e-7234-499f-b180-171b122e1842/current/raft-meta.conf.tmp to /home/runner/work/ratis/ratis/ratis-examples/target/test/data/3b356627/MiniRaftClusterWithGrpcde84ffe6/s12/6a4a2c2e-7234-499f-b180-171b122e1842/current/raft-meta.conf with options [REPLACE_EXISTING]
2025-05-22 15:25:31,188 TRACE util.FileUtils (LogUtils.java:runAndLog(49)) - Successfully ran Atomic Files.move /home/runner/work/ratis/ratis/ratis-examples/target/test/data/3b356627/MiniRaftClusterWithGrpcde84ffe6/s13/6a4a2c2e-7234-499f-b180-171b122e1842/current/raft-meta.conf.tmp to /home/runner/work/ratis/ratis/ratis-examples/target/test/data/3b356627/MiniRaftClusterWithGrpcde84ffe6/s13/6a4a2c2e-7234-499f-b180-171b122e1842/current/raft-meta.conf with options [REPLACE_EXISTING]
2025-05-22 15:25:31,188 TRACE util.FileUtils (LogUtils.java:runAndLog(49)) - Successfully ran Atomic Files.move /home/runner/work/ratis/ratis/ratis-examples/target/test/data/3b356627/MiniRaftClusterWithGrpcde84ffe6/s2/6a4a2c2e-7234-499f-b180-171b122e1842/current/raft-meta.conf.tmp to /home/runner/work/ratis/ratis/ratis-examples/target/test/data/3b356627/MiniRaftClusterWithGrpcde84ffe6/s2/6a4a2c2e-7234-499f-b180-171b122e1842/current/raft-meta.conf with options [REPLACE_EXISTING]
2025-05-22 15:25:31,189 TRACE util.FileUtils (LogUtils.java:runAndLog(49)) - Successfully ran Atomic Files.move /home/runner/work/ratis/ratis/ratis-examples/target/test/data/3b356627/MiniRaftClusterWithGrpcde84ffe6/s11/6a4a2c2e-7234-499f-b180-171b122e1842/current/raft-meta.conf.tmp to /home/runner/work/ratis/ratis/ratis-examples/target/test/data/3b356627/MiniRaftClusterWithGrpcde84ffe6/s11/6a4a2c2e-7234-499f-b180-171b122e1842/current/raft-meta.conf with options [REPLACE_EXISTING]
2025-05-22 15:25:31,189 TRACE util.FileUtils (LogUtils.java:supplyAndLog(69)) - Successfully supplied FileChannel.open /home/runner/work/ratis/ratis/ratis-examples/target/test/data/3b356627/MiniRaftClusterWithGrpcde84ffe6/s11/6a4a2c2e-7234-499f-b180-171b122e1842/current/raft-meta.conf.tmp with options [CREATE, TRUNCATE_EXISTING, WRITE]: sun.nio.ch.FileChannelImpl@6e074f36
2025-05-22 15:25:31,192 TRACE util.FileUtils (LogUtils.java:runAndLog(49)) - Successfully ran Atomic Files.move /home/runner/work/ratis/ratis/ratis-examples/target/test/data/3b356627/MiniRaftClusterWithGrpcde84ffe6/s11/6a4a2c2e-7234-499f-b180-171b122e1842/current/raft-meta.conf.tmp to /home/runner/work/ratis/ratis/ratis-examples/target/test/data/3b356627/MiniRaftClusterWithGrpcde84ffe6/s11/6a4a2c2e-7234-499f-b180-171b122e1842/current/raft-meta.conf with options [REPLACE_EXISTING]
2025-05-22 15:25:31,195 TRACE util.FileUtils (LogUtils.java:supplyAndLog(69)) - Successfully supplied FileChannel.open /home/runner/work/ratis/ratis/ratis-examples/target/test/data/3b356627/MiniRaftClusterWithGrpcde84ffe6/s4/6a4a2c2e-7234-499f-b180-171b122e1842/current/raft-meta.tmp with options [CREATE, TRUNCATE_EXISTING, WRITE]: sun.nio.ch.FileChannelImpl@40557306
2025-05-22 15:25:31,197 TRACE util.FileUtils (LogUtils.java:supplyAndLog(69)) - Successfully supplied FileChannel.open /home/runner/work/ratis/ratis/ratis-examples/target/test/data/3b356627/MiniRaftClusterWithGrpcde84ffe6/s5/6a4a2c2e-7234-499f-b180-171b122e1842/current/raft-meta.tmp with options [CREATE, TRUNCATE_EXISTING, WRITE]: sun.nio.ch.FileChannelImpl@1720f5cb
2025-05-22 15:25:31,200 TRACE util.FileUtils (LogUtils.java:supplyAndLog(69)) - Successfully supplied FileChannel.open /home/runner/work/ratis/ratis/ratis-examples/target/test/data/3b356627/MiniRaftClusterWithGrpcde84ffe6/s9/6a4a2c2e-7234-499f-b180-171b122e1842/current/raft-meta.tmp with options [CREATE, TRUNCATE_EXISTING, WRITE]: sun.nio.ch.FileChannelImpl@61dc7d03
2025-05-22 15:25:31,200 TRACE util.FileUtils (LogUtils.java:runAndLog(49)) - Successfully ran Atomic Files.move /home/runner/work/ratis/ratis/ratis-examples/target/test/data/3b356627/MiniRaftClusterWithGrpcde84ffe6/s4/6a4a2c2e-7234-499f-b180-171b122e1842/current/raft-meta.tmp to /home/runner/work/ratis/ratis/ratis-examples/target/test/data/3b356627/MiniRaftClusterWithGrpcde84ffe6/s4/6a4a2c2e-7234-499f-b180-171b122e1842/current/raft-meta with options [REPLACE_EXISTING]
2025-05-22 15:25:31,200 INFO  server.RaftServer$Division (RaftServerImpl.java:setFirstElection(579)) - s4@group-171B122E1842: set firstElectionSinceStartup to false for appendEntries
2025-05-22 15:25:31,200 INFO  server.RaftServer$Division (ServerState.java:setLeader(272)) - s4@group-171B122E1842: change Leader from null to s14 at term 1 for appendEntries, leader elected after 262ms
2025-05-22 15:25:31,205 TRACE util.FileUtils (LogUtils.java:runAndLog(49)) - Successfully ran Atomic Files.move /home/runner/work/ratis/ratis/ratis-examples/target/test/data/3b356627/MiniRaftClusterWithGrpcde84ffe6/s5/6a4a2c2e-7234-499f-b180-171b122e1842/current/raft-meta.tmp to /home/runner/work/ratis/ratis/ratis-examples/target/test/data/3b356627/MiniRaftClusterWithGrpcde84ffe6/s5/6a4a2c2e-7234-499f-b180-171b122e1842/current/raft-meta with options [REPLACE_EXISTING]
2025-05-22 15:25:31,205 INFO  server.RaftServer$Division (RaftServerImpl.java:setFirstElection(579)) - s5@group-171B122E1842: set firstElectionSinceStartup to false for appendEntries
2025-05-22 15:25:31,205 INFO  server.RaftServer$Division (ServerState.java:setLeader(272)) - s5@group-171B122E1842: change Leader from null to s14 at term 1 for appendEntries, leader elected after 255ms
2025-05-22 15:25:31,205 TRACE util.FileUtils (LogUtils.java:runAndLog(49)) - Successfully ran Atomic Files.move /home/runner/work/ratis/ratis/ratis-examples/target/test/data/3b356627/MiniRaftClusterWithGrpcde84ffe6/s9/6a4a2c2e-7234-499f-b180-171b122e1842/current/raft-meta.tmp to /home/runner/work/ratis/ratis/ratis-examples/target/test/data/3b356627/MiniRaftClusterWithGrpcde84ffe6/s9/6a4a2c2e-7234-499f-b180-171b122e1842/current/raft-meta with options [REPLACE_EXISTING]
2025-05-22 15:25:31,205 INFO  server.RaftServer$Division (RaftServerImpl.java:setFirstElection(579)) - s9@group-171B122E1842: set firstElectionSinceStartup to false for appendEntries
2025-05-22 15:25:31,206 INFO  server.RaftServer$Division (ServerState.java:setLeader(272)) - s9@group-171B122E1842: change Leader from null to s14 at term 1 for appendEntries, leader elected after 203ms
2025-05-22 15:25:31,206 TRACE util.FileUtils (LogUtils.java:supplyAndLog(69)) - Successfully supplied FileChannel.open /home/runner/work/ratis/ratis/ratis-examples/target/test/data/3b356627/MiniRaftClusterWithGrpcde84ffe6/s6/6a4a2c2e-7234-499f-b180-171b122e1842/current/raft-meta.tmp with options [CREATE, TRUNCATE_EXISTING, WRITE]: sun.nio.ch.FileChannelImpl@3e5eede0
2025-05-22 15:25:31,206 TRACE util.FileUtils (LogUtils.java:supplyAndLog(69)) - Successfully supplied FileChannel.open /home/runner/work/ratis/ratis/ratis-examples/target/test/data/3b356627/MiniRaftClusterWithGrpcde84ffe6/s7/6a4a2c2e-7234-499f-b180-171b122e1842/current/raft-meta.tmp with options [CREATE, TRUNCATE_EXISTING, WRITE]: sun.nio.ch.FileChannelImpl@41724916
2025-05-22 15:25:31,206 TRACE util.FileUtils (LogUtils.java:supplyAndLog(69)) - Successfully supplied FileChannel.open /home/runner/work/ratis/ratis/ratis-examples/target/test/data/3b356627/MiniRaftClusterWithGrpcde84ffe6/s8/6a4a2c2e-7234-499f-b180-171b122e1842/current/raft-meta.tmp with options [CREATE, TRUNCATE_EXISTING, WRITE]: sun.nio.ch.FileChannelImpl@6423d204
2025-05-22 15:25:31,207 INFO  server.RaftServer$Division (ServerState.java:setRaftConf(386)) - s4@group-171B122E1842: set configuration conf: {index: 0, cur=peers:[s3|0.0.0.0:15003, s14|0.0.0.0:15014, s2|0.0.0.0:15002]|listeners:[], old=null}
2025-05-22 15:25:31,207 INFO  server.RaftServer$Division (ServerState.java:setRaftConf(386)) - s4@group-171B122E1842: set configuration conf: {index: 121, cur=peers:[s3|0.0.0.0:15003, s14|0.0.0.0:15014, s0|0.0.0.0:15000, s1|0.0.0.0:15001, s2|0.0.0.0:15002]|listeners:[], old=peers:[s3|0.0.0.0:15003, s14|0.0.0.0:15014, s2|0.0.0.0:15002]|listeners:[]}
2025-05-22 15:25:31,207 INFO  server.RaftServer$Division (ServerState.java:setRaftConf(386)) - s4@group-171B122E1842: set configuration conf: {index: 123, cur=peers:[s3|0.0.0.0:15003, s14|0.0.0.0:15014, s0|0.0.0.0:15000, s1|0.0.0.0:15001, s2|0.0.0.0:15002]|listeners:[], old=null}
2025-05-22 15:25:31,207 INFO  server.RaftServer$Division (ServerState.java:setRaftConf(386)) - s4@group-171B122E1842: set configuration conf: {index: 125, cur=peers:[s3|0.0.0.0:15003, s11|0.0.0.0:15011, s10|0.0.0.0:15010, s13|0.0.0.0:15013, s12|0.0.0.0:15012, s14|0.0.0.0:15014, s0|0.0.0.0:15000, s1|0.0.0.0:15001, s2|0.0.0.0:15002]|listeners:[], old=peers:[s3|0.0.0.0:15003, s14|0.0.0.0:15014, s0|0.0.0.0:15000, s1|0.0.0.0:15001, s2|0.0.0.0:15002]|listeners:[]}
2025-05-22 15:25:31,207 INFO  server.RaftServer$Division (ServerState.java:setRaftConf(386)) - s4@group-171B122E1842: set configuration conf: {index: 127, cur=peers:[s3|0.0.0.0:15003, s11|0.0.0.0:15011, s10|0.0.0.0:15010, s13|0.0.0.0:15013, s12|0.0.0.0:15012, s14|0.0.0.0:15014, s0|0.0.0.0:15000, s1|0.0.0.0:15001, s2|0.0.0.0:15002]|listeners:[], old=null}
2025-05-22 15:25:31,208 INFO  segmented.SegmentedRaftLogWorker (SegmentedRaftLogWorker.java:startLogSegment(445)) - s4@group-171B122E1842-SegmentedRaftLogWorker: Starting segment from index:0
2025-05-22 15:25:31,207 INFO  server.RaftServer$Division (ServerState.java:setRaftConf(386)) - s5@group-171B122E1842: set configuration conf: {index: 0, cur=peers:[s3|0.0.0.0:15003, s14|0.0.0.0:15014, s2|0.0.0.0:15002]|listeners:[], old=null}
2025-05-22 15:25:31,208 INFO  server.RaftServer$Division (ServerState.java:setRaftConf(386)) - s5@group-171B122E1842: set configuration conf: {index: 121, cur=peers:[s3|0.0.0.0:15003, s14|0.0.0.0:15014, s0|0.0.0.0:15000, s1|0.0.0.0:15001, s2|0.0.0.0:15002]|listeners:[], old=peers:[s3|0.0.0.0:15003, s14|0.0.0.0:15014, s2|0.0.0.0:15002]|listeners:[]}
2025-05-22 15:25:31,208 INFO  server.RaftServer$Division (ServerState.java:setRaftConf(386)) - s5@group-171B122E1842: set configuration conf: {index: 123, cur=peers:[s3|0.0.0.0:15003, s14|0.0.0.0:15014, s0|0.0.0.0:15000, s1|0.0.0.0:15001, s2|0.0.0.0:15002]|listeners:[], old=null}
2025-05-22 15:25:31,208 INFO  server.RaftServer$Division (ServerState.java:setRaftConf(386)) - s5@group-171B122E1842: set configuration conf: {index: 125, cur=peers:[s3|0.0.0.0:15003, s11|0.0.0.0:15011, s10|0.0.0.0:15010, s13|0.0.0.0:15013, s12|0.0.0.0:15012, s14|0.0.0.0:15014, s0|0.0.0.0:15000, s1|0.0.0.0:15001, s2|0.0.0.0:15002]|listeners:[], old=peers:[s3|0.0.0.0:15003, s14|0.0.0.0:15014, s0|0.0.0.0:15000, s1|0.0.0.0:15001, s2|0.0.0.0:15002]|listeners:[]}
2025-05-22 15:25:31,208 INFO  server.RaftServer$Division (ServerState.java:setRaftConf(386)) - s5@group-171B122E1842: set configuration conf: {index: 127, cur=peers:[s3|0.0.0.0:15003, s11|0.0.0.0:15011, s10|0.0.0.0:15010, s13|0.0.0.0:15013, s12|0.0.0.0:15012, s14|0.0.0.0:15014, s0|0.0.0.0:15000, s1|0.0.0.0:15001, s2|0.0.0.0:15002]|listeners:[], old=null}
2025-05-22 15:25:31,208 INFO  segmented.SegmentedRaftLogWorker (SegmentedRaftLogWorker.java:startLogSegment(445)) - s5@group-171B122E1842-SegmentedRaftLogWorker: Starting segment from index:0
2025-05-22 15:25:31,209 TRACE util.FileUtils (LogUtils.java:runAndLog(49)) - Successfully ran Atomic Files.move /home/runner/work/ratis/ratis/ratis-examples/target/test/data/3b356627/MiniRaftClusterWithGrpcde84ffe6/s8/6a4a2c2e-7234-499f-b180-171b122e1842/current/raft-meta.tmp to /home/runner/work/ratis/ratis/ratis-examples/target/test/data/3b356627/MiniRaftClusterWithGrpcde84ffe6/s8/6a4a2c2e-7234-499f-b180-171b122e1842/current/raft-meta with options [REPLACE_EXISTING]
2025-05-22 15:25:31,209 INFO  server.RaftServer$Division (RaftServerImpl.java:setFirstElection(579)) - s8@group-171B122E1842: set firstElectionSinceStartup to false for appendEntries
2025-05-22 15:25:31,209 INFO  server.RaftServer$Division (ServerState.java:setLeader(272)) - s8@group-171B122E1842: change Leader from null to s14 at term 1 for appendEntries, leader elected after 220ms
2025-05-22 15:25:31,208 TRACE util.FileUtils (LogUtils.java:runAndLog(49)) - Successfully ran Atomic Files.move /home/runner/work/ratis/ratis/ratis-examples/target/test/data/3b356627/MiniRaftClusterWithGrpcde84ffe6/s6/6a4a2c2e-7234-499f-b180-171b122e1842/current/raft-meta.tmp to /home/runner/work/ratis/ratis/ratis-examples/target/test/data/3b356627/MiniRaftClusterWithGrpcde84ffe6/s6/6a4a2c2e-7234-499f-b180-171b122e1842/current/raft-meta with options [REPLACE_EXISTING]
2025-05-22 15:25:31,209 INFO  server.RaftServer$Division (RaftServerImpl.java:setFirstElection(579)) - s6@group-171B122E1842: set firstElectionSinceStartup to false for appendEntries
2025-05-22 15:25:31,209 INFO  server.RaftServer$Division (ServerState.java:setLeader(272)) - s6@group-171B122E1842: change Leader from null to s14 at term 1 for appendEntries, leader elected after 248ms
2025-05-22 15:25:31,209 INFO  server.RaftServer$Division (ServerState.java:setRaftConf(386)) - s8@group-171B122E1842: set configuration conf: {index: 0, cur=peers:[s3|0.0.0.0:15003, s14|0.0.0.0:15014, s2|0.0.0.0:15002]|listeners:[], old=null}
2025-05-22 15:25:31,209 INFO  server.RaftServer$Division (ServerState.java:setRaftConf(386)) - s8@group-171B122E1842: set configuration conf: {index: 121, cur=peers:[s3|0.0.0.0:15003, s14|0.0.0.0:15014, s0|0.0.0.0:15000, s1|0.0.0.0:15001, s2|0.0.0.0:15002]|listeners:[], old=peers:[s3|0.0.0.0:15003, s14|0.0.0.0:15014, s2|0.0.0.0:15002]|listeners:[]}
2025-05-22 15:25:31,210 INFO  server.RaftServer$Division (ServerState.java:setRaftConf(386)) - s8@group-171B122E1842: set configuration conf: {index: 123, cur=peers:[s3|0.0.0.0:15003, s14|0.0.0.0:15014, s0|0.0.0.0:15000, s1|0.0.0.0:15001, s2|0.0.0.0:15002]|listeners:[], old=null}
2025-05-22 15:25:31,210 INFO  server.RaftServer$Division (ServerState.java:setRaftConf(386)) - s8@group-171B122E1842: set configuration conf: {index: 125, cur=peers:[s3|0.0.0.0:15003, s11|0.0.0.0:15011, s10|0.0.0.0:15010, s13|0.0.0.0:15013, s12|0.0.0.0:15012, s14|0.0.0.0:15014, s0|0.0.0.0:15000, s1|0.0.0.0:15001, s2|0.0.0.0:15002]|listeners:[], old=peers:[s3|0.0.0.0:15003, s14|0.0.0.0:15014, s0|0.0.0.0:15000, s1|0.0.0.0:15001, s2|0.0.0.0:15002]|listeners:[]}
2025-05-22 15:25:31,210 INFO  server.RaftServer$Division (ServerState.java:setRaftConf(386)) - s8@group-171B122E1842: set configuration conf: {index: 127, cur=peers:[s3|0.0.0.0:15003, s11|0.0.0.0:15011, s10|0.0.0.0:15010, s13|0.0.0.0:15013, s12|0.0.0.0:15012, s14|0.0.0.0:15014, s0|0.0.0.0:15000, s1|0.0.0.0:15001, s2|0.0.0.0:15002]|listeners:[], old=null}
2025-05-22 15:25:31,210 INFO  segmented.SegmentedRaftLogWorker (SegmentedRaftLogWorker.java:startLogSegment(445)) - s8@group-171B122E1842-SegmentedRaftLogWorker: Starting segment from index:0
2025-05-22 15:25:31,210 TRACE util.FileUtils (LogUtils.java:runAndLog(49)) - Successfully ran Atomic Files.move /home/runner/work/ratis/ratis/ratis-examples/target/test/data/3b356627/MiniRaftClusterWithGrpcde84ffe6/s7/6a4a2c2e-7234-499f-b180-171b122e1842/current/raft-meta.tmp to /home/runner/work/ratis/ratis/ratis-examples/target/test/data/3b356627/MiniRaftClusterWithGrpcde84ffe6/s7/6a4a2c2e-7234-499f-b180-171b122e1842/current/raft-meta with options [REPLACE_EXISTING]
2025-05-22 15:25:31,210 INFO  server.RaftServer$Division (RaftServerImpl.java:setFirstElection(579)) - s7@group-171B122E1842: set firstElectionSinceStartup to false for appendEntries
2025-05-22 15:25:31,211 INFO  server.RaftServer$Division (ServerState.java:setLeader(272)) - s7@group-171B122E1842: change Leader from null to s14 at term 1 for appendEntries, leader elected after 237ms
2025-05-22 15:25:31,211 INFO  server.RaftServer$Division (ServerState.java:setRaftConf(386)) - s7@group-171B122E1842: set configuration conf: {index: 0, cur=peers:[s3|0.0.0.0:15003, s14|0.0.0.0:15014, s2|0.0.0.0:15002]|listeners:[], old=null}
2025-05-22 15:25:31,211 INFO  server.RaftServer$Division (ServerState.java:setRaftConf(386)) - s7@group-171B122E1842: set configuration conf: {index: 121, cur=peers:[s3|0.0.0.0:15003, s14|0.0.0.0:15014, s0|0.0.0.0:15000, s1|0.0.0.0:15001, s2|0.0.0.0:15002]|listeners:[], old=peers:[s3|0.0.0.0:15003, s14|0.0.0.0:15014, s2|0.0.0.0:15002]|listeners:[]}
2025-05-22 15:25:31,211 INFO  server.RaftServer$Division (ServerState.java:setRaftConf(386)) - s7@group-171B122E1842: set configuration conf: {index: 123, cur=peers:[s3|0.0.0.0:15003, s14|0.0.0.0:15014, s0|0.0.0.0:15000, s1|0.0.0.0:15001, s2|0.0.0.0:15002]|listeners:[], old=null}
2025-05-22 15:25:31,211 INFO  server.RaftServer$Division (ServerState.java:setRaftConf(386)) - s7@group-171B122E1842: set configuration conf: {index: 125, cur=peers:[s3|0.0.0.0:15003, s11|0.0.0.0:15011, s10|0.0.0.0:15010, s13|0.0.0.0:15013, s12|0.0.0.0:15012, s14|0.0.0.0:15014, s0|0.0.0.0:15000, s1|0.0.0.0:15001, s2|0.0.0.0:15002]|listeners:[], old=peers:[s3|0.0.0.0:15003, s14|0.0.0.0:15014, s0|0.0.0.0:15000, s1|0.0.0.0:15001, s2|0.0.0.0:15002]|listeners:[]}
2025-05-22 15:25:31,212 INFO  server.RaftServer$Division (ServerState.java:setRaftConf(386)) - s7@group-171B122E1842: set configuration conf: {index: 127, cur=peers:[s3|0.0.0.0:15003, s11|0.0.0.0:15011, s10|0.0.0.0:15010, s13|0.0.0.0:15013, s12|0.0.0.0:15012, s14|0.0.0.0:15014, s0|0.0.0.0:15000, s1|0.0.0.0:15001, s2|0.0.0.0:15002]|listeners:[], old=null}
2025-05-22 15:25:31,211 INFO  server.RaftServer$Division (ServerState.java:setRaftConf(386)) - s9@group-171B122E1842: set configuration conf: {index: 0, cur=peers:[s3|0.0.0.0:15003, s14|0.0.0.0:15014, s2|0.0.0.0:15002]|listeners:[], old=null}
2025-05-22 15:25:31,212 INFO  server.RaftServer$Division (ServerState.java:setRaftConf(386)) - s9@group-171B122E1842: set configuration conf: {index: 121, cur=peers:[s3|0.0.0.0:15003, s14|0.0.0.0:15014, s0|0.0.0.0:15000, s1|0.0.0.0:15001, s2|0.0.0.0:15002]|listeners:[], old=peers:[s3|0.0.0.0:15003, s14|0.0.0.0:15014, s2|0.0.0.0:15002]|listeners:[]}
2025-05-22 15:25:31,212 INFO  segmented.SegmentedRaftLogWorker (SegmentedRaftLogWorker.java:startLogSegment(445)) - s7@group-171B122E1842-SegmentedRaftLogWorker: Starting segment from index:0
2025-05-22 15:25:31,212 INFO  server.RaftServer$Division (ServerState.java:setRaftConf(386)) - s9@group-171B122E1842: set configuration conf: {index: 123, cur=peers:[s3|0.0.0.0:15003, s14|0.0.0.0:15014, s0|0.0.0.0:15000, s1|0.0.0.0:15001, s2|0.0.0.0:15002]|listeners:[], old=null}
2025-05-22 15:25:31,213 INFO  server.RaftServer$Division (ServerState.java:setRaftConf(386)) - s9@group-171B122E1842: set configuration conf: {index: 125, cur=peers:[s3|0.0.0.0:15003, s11|0.0.0.0:15011, s10|0.0.0.0:15010, s13|0.0.0.0:15013, s12|0.0.0.0:15012, s14|0.0.0.0:15014, s0|0.0.0.0:15000, s1|0.0.0.0:15001, s2|0.0.0.0:15002]|listeners:[], old=peers:[s3|0.0.0.0:15003, s14|0.0.0.0:15014, s0|0.0.0.0:15000, s1|0.0.0.0:15001, s2|0.0.0.0:15002]|listeners:[]}
2025-05-22 15:25:31,213 INFO  server.RaftServer$Division (ServerState.java:setRaftConf(386)) - s9@group-171B122E1842: set configuration conf: {index: 127, cur=peers:[s3|0.0.0.0:15003, s11|0.0.0.0:15011, s10|0.0.0.0:15010, s13|0.0.0.0:15013, s12|0.0.0.0:15012, s14|0.0.0.0:15014, s0|0.0.0.0:15000, s1|0.0.0.0:15001, s2|0.0.0.0:15002]|listeners:[], old=null}
2025-05-22 15:25:31,213 INFO  segmented.SegmentedRaftLogWorker (SegmentedRaftLogWorker.java:startLogSegment(445)) - s9@group-171B122E1842-SegmentedRaftLogWorker: Starting segment from index:0
2025-05-22 15:25:31,214 INFO  segmented.BufferedWriteChannel (BufferedWriteChannel.java:open(61)) - open log_inprogress_0 at position 0
2025-05-22 15:25:31,215 INFO  segmented.BufferedWriteChannel (BufferedWriteChannel.java:open(61)) - open log_inprogress_0 at position 0
2025-05-22 15:25:31,218 INFO  segmented.BufferedWriteChannel (BufferedWriteChannel.java:open(61)) - open log_inprogress_0 at position 0
2025-05-22 15:25:31,219 INFO  server.RaftServer$Division (ServerState.java:setRaftConf(386)) - s6@group-171B122E1842: set configuration conf: {index: 0, cur=peers:[s3|0.0.0.0:15003, s14|0.0.0.0:15014, s2|0.0.0.0:15002]|listeners:[], old=null}
2025-05-22 15:25:31,219 INFO  server.RaftServer$Division (ServerState.java:setRaftConf(386)) - s6@group-171B122E1842: set configuration conf: {index: 121, cur=peers:[s3|0.0.0.0:15003, s14|0.0.0.0:15014, s0|0.0.0.0:15000, s1|0.0.0.0:15001, s2|0.0.0.0:15002]|listeners:[], old=peers:[s3|0.0.0.0:15003, s14|0.0.0.0:15014, s2|0.0.0.0:15002]|listeners:[]}
2025-05-22 15:25:31,220 INFO  server.RaftServer$Division (ServerState.java:setRaftConf(386)) - s6@group-171B122E1842: set configuration conf: {index: 123, cur=peers:[s3|0.0.0.0:15003, s14|0.0.0.0:15014, s0|0.0.0.0:15000, s1|0.0.0.0:15001, s2|0.0.0.0:15002]|listeners:[], old=null}
2025-05-22 15:25:31,220 INFO  server.RaftServer$Division (ServerState.java:setRaftConf(386)) - s6@group-171B122E1842: set configuration conf: {index: 125, cur=peers:[s3|0.0.0.0:15003, s11|0.0.0.0:15011, s10|0.0.0.0:15010, s13|0.0.0.0:15013, s12|0.0.0.0:15012, s14|0.0.0.0:15014, s0|0.0.0.0:15000, s1|0.0.0.0:15001, s2|0.0.0.0:15002]|listeners:[], old=peers:[s3|0.0.0.0:15003, s14|0.0.0.0:15014, s0|0.0.0.0:15000, s1|0.0.0.0:15001, s2|0.0.0.0:15002]|listeners:[]}
2025-05-22 15:25:31,220 INFO  server.RaftServer$Division (ServerState.java:setRaftConf(386)) - s6@group-171B122E1842: set configuration conf: {index: 127, cur=peers:[s3|0.0.0.0:15003, s11|0.0.0.0:15011, s10|0.0.0.0:15010, s13|0.0.0.0:15013, s12|0.0.0.0:15012, s14|0.0.0.0:15014, s0|0.0.0.0:15000, s1|0.0.0.0:15001, s2|0.0.0.0:15002]|listeners:[], old=null}
2025-05-22 15:25:31,221 INFO  segmented.SegmentedRaftLogWorker (SegmentedRaftLogWorker.java:startLogSegment(445)) - s6@group-171B122E1842-SegmentedRaftLogWorker: Starting segment from index:0
2025-05-22 15:25:31,222 INFO  segmented.BufferedWriteChannel (BufferedWriteChannel.java:open(61)) - open log_inprogress_0 at position 0
2025-05-22 15:25:31,227 INFO  segmented.BufferedWriteChannel (BufferedWriteChannel.java:open(61)) - open log_inprogress_0 at position 0
2025-05-22 15:25:31,229 INFO  segmented.BufferedWriteChannel (BufferedWriteChannel.java:open(61)) - open log_inprogress_0 at position 0
2025-05-22 15:25:31,237 INFO  segmented.SegmentedRaftLogWorker (SegmentedRaftLogWorker.java:execute(669)) - s4@group-171B122E1842-SegmentedRaftLogWorker: created new log segment /home/runner/work/ratis/ratis/ratis-examples/target/test/data/3b356627/MiniRaftClusterWithGrpcde84ffe6/s4/6a4a2c2e-7234-499f-b180-171b122e1842/current/log_inprogress_0
2025-05-22 15:25:31,237 INFO  segmented.SegmentedRaftLogWorker (SegmentedRaftLogWorker.java:execute(669)) - s5@group-171B122E1842-SegmentedRaftLogWorker: created new log segment /home/runner/work/ratis/ratis/ratis-examples/target/test/data/3b356627/MiniRaftClusterWithGrpcde84ffe6/s5/6a4a2c2e-7234-499f-b180-171b122e1842/current/log_inprogress_0
2025-05-22 15:25:31,241 INFO  segmented.SegmentedRaftLogWorker (SegmentedRaftLogWorker.java:execute(669)) - s6@group-171B122E1842-SegmentedRaftLogWorker: created new log segment /home/runner/work/ratis/ratis/ratis-examples/target/test/data/3b356627/MiniRaftClusterWithGrpcde84ffe6/s6/6a4a2c2e-7234-499f-b180-171b122e1842/current/log_inprogress_0
2025-05-22 15:25:31,242 INFO  segmented.SegmentedRaftLogWorker (SegmentedRaftLogWorker.java:execute(669)) - s8@group-171B122E1842-SegmentedRaftLogWorker: created new log segment /home/runner/work/ratis/ratis/ratis-examples/target/test/data/3b356627/MiniRaftClusterWithGrpcde84ffe6/s8/6a4a2c2e-7234-499f-b180-171b122e1842/current/log_inprogress_0
2025-05-22 15:25:31,243 TRACE util.FileUtils (LogUtils.java:supplyAndLog(69)) - Successfully supplied FileChannel.open /home/runner/work/ratis/ratis/ratis-examples/target/test/data/3b356627/MiniRaftClusterWithGrpcde84ffe6/s5/6a4a2c2e-7234-499f-b180-171b122e1842/current/raft-meta.conf.tmp with options [CREATE, TRUNCATE_EXISTING, WRITE]: sun.nio.ch.FileChannelImpl@76826cd8
2025-05-22 15:25:31,245 INFO  segmented.SegmentedRaftLogWorker (SegmentedRaftLogWorker.java:execute(669)) - s7@group-171B122E1842-SegmentedRaftLogWorker: created new log segment /home/runner/work/ratis/ratis/ratis-examples/target/test/data/3b356627/MiniRaftClusterWithGrpcde84ffe6/s7/6a4a2c2e-7234-499f-b180-171b122e1842/current/log_inprogress_0
2025-05-22 15:25:31,246 TRACE util.FileUtils (LogUtils.java:runAndLog(49)) - Successfully ran Atomic Files.move /home/runner/work/ratis/ratis/ratis-examples/target/test/data/3b356627/MiniRaftClusterWithGrpcde84ffe6/s5/6a4a2c2e-7234-499f-b180-171b122e1842/current/raft-meta.conf.tmp to /home/runner/work/ratis/ratis/ratis-examples/target/test/data/3b356627/MiniRaftClusterWithGrpcde84ffe6/s5/6a4a2c2e-7234-499f-b180-171b122e1842/current/raft-meta.conf with options [REPLACE_EXISTING]
2025-05-22 15:25:31,247 INFO  segmented.SegmentedRaftLogWorker (SegmentedRaftLogWorker.java:execute(669)) - s9@group-171B122E1842-SegmentedRaftLogWorker: created new log segment /home/runner/work/ratis/ratis/ratis-examples/target/test/data/3b356627/MiniRaftClusterWithGrpcde84ffe6/s9/6a4a2c2e-7234-499f-b180-171b122e1842/current/log_inprogress_0
2025-05-22 15:25:31,247 TRACE util.FileUtils (LogUtils.java:supplyAndLog(69)) - Successfully supplied FileChannel.open /home/runner/work/ratis/ratis/ratis-examples/target/test/data/3b356627/MiniRaftClusterWithGrpcde84ffe6/s6/6a4a2c2e-7234-499f-b180-171b122e1842/current/raft-meta.conf.tmp with options [CREATE, TRUNCATE_EXISTING, WRITE]: sun.nio.ch.FileChannelImpl@6b4ba7b0
2025-05-22 15:25:31,249 TRACE util.FileUtils (LogUtils.java:supplyAndLog(69)) - Successfully supplied FileChannel.open /home/runner/work/ratis/ratis/ratis-examples/target/test/data/3b356627/MiniRaftClusterWithGrpcde84ffe6/s4/6a4a2c2e-7234-499f-b180-171b122e1842/current/raft-meta.conf.tmp with options [CREATE, TRUNCATE_EXISTING, WRITE]: sun.nio.ch.FileChannelImpl@795bea44
2025-05-22 15:25:31,250 TRACE util.FileUtils (LogUtils.java:runAndLog(49)) - Successfully ran Atomic Files.move /home/runner/work/ratis/ratis/ratis-examples/target/test/data/3b356627/MiniRaftClusterWithGrpcde84ffe6/s6/6a4a2c2e-7234-499f-b180-171b122e1842/current/raft-meta.conf.tmp to /home/runner/work/ratis/ratis/ratis-examples/target/test/data/3b356627/MiniRaftClusterWithGrpcde84ffe6/s6/6a4a2c2e-7234-499f-b180-171b122e1842/current/raft-meta.conf with options [REPLACE_EXISTING]
2025-05-22 15:25:31,250 TRACE util.FileUtils (LogUtils.java:supplyAndLog(69)) - Successfully supplied FileChannel.open /home/runner/work/ratis/ratis/ratis-examples/target/test/data/3b356627/MiniRaftClusterWithGrpcde84ffe6/s8/6a4a2c2e-7234-499f-b180-171b122e1842/current/raft-meta.conf.tmp with options [CREATE, TRUNCATE_EXISTING, WRITE]: sun.nio.ch.FileChannelImpl@295dd86a
2025-05-22 15:25:31,252 TRACE util.FileUtils (LogUtils.java:supplyAndLog(69)) - Successfully supplied FileChannel.open /home/runner/work/ratis/ratis/ratis-examples/target/test/data/3b356627/MiniRaftClusterWithGrpcde84ffe6/s6/6a4a2c2e-7234-499f-b180-171b122e1842/current/raft-meta.conf.tmp with options [CREATE, TRUNCATE_EXISTING, WRITE]: sun.nio.ch.FileChannelImpl@658c54a9
2025-05-22 15:25:31,253 TRACE util.FileUtils (LogUtils.java:runAndLog(49)) - Successfully ran Atomic Files.move /home/runner/work/ratis/ratis/ratis-examples/target/test/data/3b356627/MiniRaftClusterWithGrpcde84ffe6/s8/6a4a2c2e-7234-499f-b180-171b122e1842/current/raft-meta.conf.tmp to /home/runner/work/ratis/ratis/ratis-examples/target/test/data/3b356627/MiniRaftClusterWithGrpcde84ffe6/s8/6a4a2c2e-7234-499f-b180-171b122e1842/current/raft-meta.conf with options [REPLACE_EXISTING]
2025-05-22 15:25:31,253 TRACE util.FileUtils (LogUtils.java:supplyAndLog(69)) - Successfully supplied FileChannel.open /home/runner/work/ratis/ratis/ratis-examples/target/test/data/3b356627/MiniRaftClusterWithGrpcde84ffe6/s7/6a4a2c2e-7234-499f-b180-171b122e1842/current/raft-meta.conf.tmp with options [CREATE, TRUNCATE_EXISTING, WRITE]: sun.nio.ch.FileChannelImpl@2be55921
2025-05-22 15:25:31,254 TRACE util.FileUtils (LogUtils.java:supplyAndLog(69)) - Successfully supplied FileChannel.open /home/runner/work/ratis/ratis/ratis-examples/target/test/data/3b356627/MiniRaftClusterWithGrpcde84ffe6/s8/6a4a2c2e-7234-499f-b180-171b122e1842/current/raft-meta.conf.tmp with options [CREATE, TRUNCATE_EXISTING, WRITE]: sun.nio.ch.FileChannelImpl@279a2331
2025-05-22 15:25:31,252 TRACE util.FileUtils (LogUtils.java:supplyAndLog(69)) - Successfully supplied FileChannel.open /home/runner/work/ratis/ratis/ratis-examples/target/test/data/3b356627/MiniRaftClusterWithGrpcde84ffe6/s5/6a4a2c2e-7234-499f-b180-171b122e1842/current/raft-meta.conf.tmp with options [CREATE, TRUNCATE_EXISTING, WRITE]: sun.nio.ch.FileChannelImpl@78459c78
2025-05-22 15:25:31,255 TRACE util.FileUtils (LogUtils.java:runAndLog(49)) - Successfully ran Atomic Files.move /home/runner/work/ratis/ratis/ratis-examples/target/test/data/3b356627/MiniRaftClusterWithGrpcde84ffe6/s7/6a4a2c2e-7234-499f-b180-171b122e1842/current/raft-meta.conf.tmp to /home/runner/work/ratis/ratis/ratis-examples/target/test/data/3b356627/MiniRaftClusterWithGrpcde84ffe6/s7/6a4a2c2e-7234-499f-b180-171b122e1842/current/raft-meta.conf with options [REPLACE_EXISTING]
2025-05-22 15:25:31,256 TRACE util.FileUtils (LogUtils.java:runAndLog(49)) - Successfully ran Atomic Files.move /home/runner/work/ratis/ratis/ratis-examples/target/test/data/3b356627/MiniRaftClusterWithGrpcde84ffe6/s6/6a4a2c2e-7234-499f-b180-171b122e1842/current/raft-meta.conf.tmp to /home/runner/work/ratis/ratis/ratis-examples/target/test/data/3b356627/MiniRaftClusterWithGrpcde84ffe6/s6/6a4a2c2e-7234-499f-b180-171b122e1842/current/raft-meta.conf with options [REPLACE_EXISTING]
2025-05-22 15:25:31,256 INFO  server.RaftServer$Division (ServerState.java:setRaftConf(386)) - s14@group-171B122E1842: set configuration conf: {index: 129, cur=peers:[s3|0.0.0.0:15003, s4|0.0.0.0:15004, s5|0.0.0.0:15005, s6|0.0.0.0:15006, s7|0.0.0.0:15007, s8|0.0.0.0:15008, s9|0.0.0.0:15009, s11|0.0.0.0:15011, s10|0.0.0.0:15010, s13|0.0.0.0:15013, s12|0.0.0.0:15012, s14|0.0.0.0:15014, s0|0.0.0.0:15000, s1|0.0.0.0:15001, s2|0.0.0.0:15002]|listeners:[], old=peers:[s3|0.0.0.0:15003, s11|0.0.0.0:15011, s10|0.0.0.0:15010, s13|0.0.0.0:15013, s12|0.0.0.0:15012, s14|0.0.0.0:15014, s0|0.0.0.0:15000, s1|0.0.0.0:15001, s2|0.0.0.0:15002]|listeners:[]}
2025-05-22 15:25:31,255 TRACE util.FileUtils (LogUtils.java:runAndLog(49)) - Successfully ran Atomic Files.move /home/runner/work/ratis/ratis/ratis-examples/target/test/data/3b356627/MiniRaftClusterWithGrpcde84ffe6/s4/6a4a2c2e-7234-499f-b180-171b122e1842/current/raft-meta.conf.tmp to /home/runner/work/ratis/ratis/ratis-examples/target/test/data/3b356627/MiniRaftClusterWithGrpcde84ffe6/s4/6a4a2c2e-7234-499f-b180-171b122e1842/current/raft-meta.conf with options [REPLACE_EXISTING]
2025-05-22 15:25:31,258 TRACE util.FileUtils (LogUtils.java:supplyAndLog(69)) - Successfully supplied FileChannel.open /home/runner/work/ratis/ratis/ratis-examples/target/test/data/3b356627/MiniRaftClusterWithGrpcde84ffe6/s4/6a4a2c2e-7234-499f-b180-171b122e1842/current/raft-meta.conf.tmp with options [CREATE, TRUNCATE_EXISTING, WRITE]: sun.nio.ch.FileChannelImpl@779c0b1f
2025-05-22 15:25:31,259 INFO  impl.RoleInfo (RoleInfo.java:updateAndGet(148)) - s9: start s9@group-171B122E1842-FollowerState
2025-05-22 15:25:31,260 INFO  server.RaftServer$Division (ServerState.java:setRaftConf(386)) - s3@group-171B122E1842: set configuration conf: {index: 129, cur=peers:[s3|0.0.0.0:15003, s4|0.0.0.0:15004, s5|0.0.0.0:15005, s6|0.0.0.0:15006, s7|0.0.0.0:15007, s8|0.0.0.0:15008, s9|0.0.0.0:15009, s11|0.0.0.0:15011, s10|0.0.0.0:15010, s13|0.0.0.0:15013, s12|0.0.0.0:15012, s14|0.0.0.0:15014, s0|0.0.0.0:15000, s1|0.0.0.0:15001, s2|0.0.0.0:15002]|listeners:[], old=peers:[s3|0.0.0.0:15003, s11|0.0.0.0:15011, s10|0.0.0.0:15010, s13|0.0.0.0:15013, s12|0.0.0.0:15012, s14|0.0.0.0:15014, s0|0.0.0.0:15000, s1|0.0.0.0:15001, s2|0.0.0.0:15002]|listeners:[]}
2025-05-22 15:25:31,260 INFO  impl.RoleInfo (RoleInfo.java:updateAndGet(148)) - s5: start s5@group-171B122E1842-FollowerState
2025-05-22 15:25:31,261 TRACE util.FileUtils (LogUtils.java:runAndLog(49)) - Successfully ran Atomic Files.move /home/runner/work/ratis/ratis/ratis-examples/target/test/data/3b356627/MiniRaftClusterWithGrpcde84ffe6/s8/6a4a2c2e-7234-499f-b180-171b122e1842/current/raft-meta.conf.tmp to /home/runner/work/ratis/ratis/ratis-examples/target/test/data/3b356627/MiniRaftClusterWithGrpcde84ffe6/s8/6a4a2c2e-7234-499f-b180-171b122e1842/current/raft-meta.conf with options [REPLACE_EXISTING]
2025-05-22 15:25:31,261 TRACE util.FileUtils (LogUtils.java:supplyAndLog(69)) - Successfully supplied FileChannel.open /home/runner/work/ratis/ratis/ratis-examples/target/test/data/3b356627/MiniRaftClusterWithGrpcde84ffe6/s8/6a4a2c2e-7234-499f-b180-171b122e1842/current/raft-meta.conf.tmp with options [CREATE, TRUNCATE_EXISTING, WRITE]: sun.nio.ch.FileChannelImpl@23a5b31a
2025-05-22 15:25:31,261 TRACE util.FileUtils (LogUtils.java:supplyAndLog(69)) - Successfully supplied FileChannel.open /home/runner/work/ratis/ratis/ratis-examples/target/test/data/3b356627/MiniRaftClusterWithGrpcde84ffe6/s7/6a4a2c2e-7234-499f-b180-171b122e1842/current/raft-meta.conf.tmp with options [CREATE, TRUNCATE_EXISTING, WRITE]: sun.nio.ch.FileChannelImpl@2522a22d
2025-05-22 15:25:31,262 TRACE util.FileUtils (LogUtils.java:runAndLog(49)) - Successfully ran Atomic Files.move /home/runner/work/ratis/ratis/ratis-examples/target/test/data/3b356627/MiniRaftClusterWithGrpcde84ffe6/s5/6a4a2c2e-7234-499f-b180-171b122e1842/current/raft-meta.conf.tmp to /home/runner/work/ratis/ratis/ratis-examples/target/test/data/3b356627/MiniRaftClusterWithGrpcde84ffe6/s5/6a4a2c2e-7234-499f-b180-171b122e1842/current/raft-meta.conf with options [REPLACE_EXISTING]
2025-05-22 15:25:31,262 TRACE util.FileUtils (LogUtils.java:supplyAndLog(69)) - Successfully supplied FileChannel.open /home/runner/work/ratis/ratis/ratis-examples/target/test/data/3b356627/MiniRaftClusterWithGrpcde84ffe6/s5/6a4a2c2e-7234-499f-b180-171b122e1842/current/raft-meta.conf.tmp with options [CREATE, TRUNCATE_EXISTING, WRITE]: sun.nio.ch.FileChannelImpl@7c7a07a8
2025-05-22 15:25:31,255 TRACE util.FileUtils (LogUtils.java:supplyAndLog(69)) - Successfully supplied FileChannel.open /home/runner/work/ratis/ratis/ratis-examples/target/test/data/3b356627/MiniRaftClusterWithGrpcde84ffe6/s9/6a4a2c2e-7234-499f-b180-171b122e1842/current/raft-meta.conf.tmp with options [CREATE, TRUNCATE_EXISTING, WRITE]: sun.nio.ch.FileChannelImpl@161b12ca
2025-05-22 15:25:31,264 INFO  impl.RoleInfo (RoleInfo.java:updateAndGet(148)) - s6: start s6@group-171B122E1842-FollowerState
2025-05-22 15:25:31,256 TRACE util.FileUtils (LogUtils.java:supplyAndLog(69)) - Successfully supplied FileChannel.open /home/runner/work/ratis/ratis/ratis-examples/target/test/data/3b356627/MiniRaftClusterWithGrpcde84ffe6/s6/6a4a2c2e-7234-499f-b180-171b122e1842/current/raft-meta.conf.tmp with options [CREATE, TRUNCATE_EXISTING, WRITE]: sun.nio.ch.FileChannelImpl@61b3ccc0
2025-05-22 15:25:31,267 TRACE util.FileUtils (LogUtils.java:runAndLog(49)) - Successfully ran Atomic Files.move /home/runner/work/ratis/ratis/ratis-examples/target/test/data/3b356627/MiniRaftClusterWithGrpcde84ffe6/s8/6a4a2c2e-7234-499f-b180-171b122e1842/current/raft-meta.conf.tmp to /home/runner/work/ratis/ratis/ratis-examples/target/test/data/3b356627/MiniRaftClusterWithGrpcde84ffe6/s8/6a4a2c2e-7234-499f-b180-171b122e1842/current/raft-meta.conf with options [REPLACE_EXISTING]
2025-05-22 15:25:31,267 TRACE util.FileUtils (LogUtils.java:supplyAndLog(69)) - Successfully supplied FileChannel.open /home/runner/work/ratis/ratis/ratis-examples/target/test/data/3b356627/MiniRaftClusterWithGrpcde84ffe6/s8/6a4a2c2e-7234-499f-b180-171b122e1842/current/raft-meta.conf.tmp with options [CREATE, TRUNCATE_EXISTING, WRITE]: sun.nio.ch.FileChannelImpl@66a7290a
2025-05-22 15:25:31,267 INFO  server.RaftServer$Division (ServerState.java:setRaftConf(386)) - s6@group-171B122E1842: set configuration conf: {index: 129, cur=peers:[s3|0.0.0.0:15003, s4|0.0.0.0:15004, s5|0.0.0.0:15005, s6|0.0.0.0:15006, s7|0.0.0.0:15007, s8|0.0.0.0:15008, s9|0.0.0.0:15009, s11|0.0.0.0:15011, s10|0.0.0.0:15010, s13|0.0.0.0:15013, s12|0.0.0.0:15012, s14|0.0.0.0:15014, s0|0.0.0.0:15000, s1|0.0.0.0:15001, s2|0.0.0.0:15002]|listeners:[], old=peers:[s3|0.0.0.0:15003, s11|0.0.0.0:15011, s10|0.0.0.0:15010, s13|0.0.0.0:15013, s12|0.0.0.0:15012, s14|0.0.0.0:15014, s0|0.0.0.0:15000, s1|0.0.0.0:15001, s2|0.0.0.0:15002]|listeners:[]}
2025-05-22 15:25:31,267 INFO  impl.RoleInfo (RoleInfo.java:updateAndGet(148)) - s4: start s4@group-171B122E1842-FollowerState
2025-05-22 15:25:31,267 INFO  server.RaftServer$Division (ServerState.java:setRaftConf(386)) - s10@group-171B122E1842: set configuration conf: {index: 129, cur=peers:[s3|0.0.0.0:15003, s4|0.0.0.0:15004, s5|0.0.0.0:15005, s6|0.0.0.0:15006, s7|0.0.0.0:15007, s8|0.0.0.0:15008, s9|0.0.0.0:15009, s11|0.0.0.0:15011, s10|0.0.0.0:15010, s13|0.0.0.0:15013, s12|0.0.0.0:15012, s14|0.0.0.0:15014, s0|0.0.0.0:15000, s1|0.0.0.0:15001, s2|0.0.0.0:15002]|listeners:[], old=peers:[s3|0.0.0.0:15003, s11|0.0.0.0:15011, s10|0.0.0.0:15010, s13|0.0.0.0:15013, s12|0.0.0.0:15012, s14|0.0.0.0:15014, s0|0.0.0.0:15000, s1|0.0.0.0:15001, s2|0.0.0.0:15002]|listeners:[]}
2025-05-22 15:25:31,266 INFO  server.RaftServer$Division (ServerState.java:setRaftConf(386)) - s2@group-171B122E1842: set configuration conf: {index: 129, cur=peers:[s3|0.0.0.0:15003, s4|0.0.0.0:15004, s5|0.0.0.0:15005, s6|0.0.0.0:15006, s7|0.0.0.0:15007, s8|0.0.0.0:15008, s9|0.0.0.0:15009, s11|0.0.0.0:15011, s10|0.0.0.0:15010, s13|0.0.0.0:15013, s12|0.0.0.0:15012, s14|0.0.0.0:15014, s0|0.0.0.0:15000, s1|0.0.0.0:15001, s2|0.0.0.0:15002]|listeners:[], old=peers:[s3|0.0.0.0:15003, s11|0.0.0.0:15011, s10|0.0.0.0:15010, s13|0.0.0.0:15013, s12|0.0.0.0:15012, s14|0.0.0.0:15014, s0|0.0.0.0:15000, s1|0.0.0.0:15001, s2|0.0.0.0:15002]|listeners:[]}
2025-05-22 15:25:31,265 INFO  server.RaftServer$Division (ServerState.java:setRaftConf(386)) - s13@group-171B122E1842: set configuration conf: {index: 129, cur=peers:[s3|0.0.0.0:15003, s4|0.0.0.0:15004, s5|0.0.0.0:15005, s6|0.0.0.0:15006, s7|0.0.0.0:15007, s8|0.0.0.0:15008, s9|0.0.0.0:15009, s11|0.0.0.0:15011, s10|0.0.0.0:15010, s13|0.0.0.0:15013, s12|0.0.0.0:15012, s14|0.0.0.0:15014, s0|0.0.0.0:15000, s1|0.0.0.0:15001, s2|0.0.0.0:15002]|listeners:[], old=peers:[s3|0.0.0.0:15003, s11|0.0.0.0:15011, s10|0.0.0.0:15010, s13|0.0.0.0:15013, s12|0.0.0.0:15012, s14|0.0.0.0:15014, s0|0.0.0.0:15000, s1|0.0.0.0:15001, s2|0.0.0.0:15002]|listeners:[]}
2025-05-22 15:25:31,266 INFO  server.RaftServer$Division (ServerState.java:setRaftConf(386)) - s0@group-171B122E1842: set configuration conf: {index: 129, cur=peers:[s3|0.0.0.0:15003, s4|0.0.0.0:15004, s5|0.0.0.0:15005, s6|0.0.0.0:15006, s7|0.0.0.0:15007, s8|0.0.0.0:15008, s9|0.0.0.0:15009, s11|0.0.0.0:15011, s10|0.0.0.0:15010, s13|0.0.0.0:15013, s12|0.0.0.0:15012, s14|0.0.0.0:15014, s0|0.0.0.0:15000, s1|0.0.0.0:15001, s2|0.0.0.0:15002]|listeners:[], old=peers:[s3|0.0.0.0:15003, s11|0.0.0.0:15011, s10|0.0.0.0:15010, s13|0.0.0.0:15013, s12|0.0.0.0:15012, s14|0.0.0.0:15014, s0|0.0.0.0:15000, s1|0.0.0.0:15001, s2|0.0.0.0:15002]|listeners:[]}
2025-05-22 15:25:31,265 INFO  server.RaftServer$Division (ServerState.java:setRaftConf(386)) - s12@group-171B122E1842: set configuration conf: {index: 129, cur=peers:[s3|0.0.0.0:15003, s4|0.0.0.0:15004, s5|0.0.0.0:15005, s6|0.0.0.0:15006, s7|0.0.0.0:15007, s8|0.0.0.0:15008, s9|0.0.0.0:15009, s11|0.0.0.0:15011, s10|0.0.0.0:15010, s13|0.0.0.0:15013, s12|0.0.0.0:15012, s14|0.0.0.0:15014, s0|0.0.0.0:15000, s1|0.0.0.0:15001, s2|0.0.0.0:15002]|listeners:[], old=peers:[s3|0.0.0.0:15003, s11|0.0.0.0:15011, s10|0.0.0.0:15010, s13|0.0.0.0:15013, s12|0.0.0.0:15012, s14|0.0.0.0:15014, s0|0.0.0.0:15000, s1|0.0.0.0:15001, s2|0.0.0.0:15002]|listeners:[]}
2025-05-22 15:25:31,265 INFO  impl.RoleInfo (RoleInfo.java:updateAndGet(148)) - s8: start s8@group-171B122E1842-FollowerState
2025-05-22 15:25:31,265 INFO  server.RaftServer$Division (ServerState.java:setRaftConf(386)) - s11@group-171B122E1842: set configuration conf: {index: 129, cur=peers:[s3|0.0.0.0:15003, s4|0.0.0.0:15004, s5|0.0.0.0:15005, s6|0.0.0.0:15006, s7|0.0.0.0:15007, s8|0.0.0.0:15008, s9|0.0.0.0:15009, s11|0.0.0.0:15011, s10|0.0.0.0:15010, s13|0.0.0.0:15013, s12|0.0.0.0:15012, s14|0.0.0.0:15014, s0|0.0.0.0:15000, s1|0.0.0.0:15001, s2|0.0.0.0:15002]|listeners:[], old=peers:[s3|0.0.0.0:15003, s11|0.0.0.0:15011, s10|0.0.0.0:15010, s13|0.0.0.0:15013, s12|0.0.0.0:15012, s14|0.0.0.0:15014, s0|0.0.0.0:15000, s1|0.0.0.0:15001, s2|0.0.0.0:15002]|listeners:[]}
2025-05-22 15:25:31,270 INFO  server.RaftServer$Division (ServerState.java:setRaftConf(386)) - s8@group-171B122E1842: set configuration conf: {index: 129, cur=peers:[s3|0.0.0.0:15003, s4|0.0.0.0:15004, s5|0.0.0.0:15005, s6|0.0.0.0:15006, s7|0.0.0.0:15007, s8|0.0.0.0:15008, s9|0.0.0.0:15009, s11|0.0.0.0:15011, s10|0.0.0.0:15010, s13|0.0.0.0:15013, s12|0.0.0.0:15012, s14|0.0.0.0:15014, s0|0.0.0.0:15000, s1|0.0.0.0:15001, s2|0.0.0.0:15002]|listeners:[], old=peers:[s3|0.0.0.0:15003, s11|0.0.0.0:15011, s10|0.0.0.0:15010, s13|0.0.0.0:15013, s12|0.0.0.0:15012, s14|0.0.0.0:15014, s0|0.0.0.0:15000, s1|0.0.0.0:15001, s2|0.0.0.0:15002]|listeners:[]}
2025-05-22 15:25:31,265 TRACE util.FileUtils (LogUtils.java:runAndLog(49)) - Successfully ran Atomic Files.move /home/runner/work/ratis/ratis/ratis-examples/target/test/data/3b356627/MiniRaftClusterWithGrpcde84ffe6/s4/6a4a2c2e-7234-499f-b180-171b122e1842/current/raft-meta.conf.tmp to /home/runner/work/ratis/ratis/ratis-examples/target/test/data/3b356627/MiniRaftClusterWithGrpcde84ffe6/s4/6a4a2c2e-7234-499f-b180-171b122e1842/current/raft-meta.conf with options [REPLACE_EXISTING]
2025-05-22 15:25:31,271 TRACE util.FileUtils (LogUtils.java:supplyAndLog(69)) - Successfully supplied FileChannel.open /home/runner/work/ratis/ratis/ratis-examples/target/test/data/3b356627/MiniRaftClusterWithGrpcde84ffe6/s4/6a4a2c2e-7234-499f-b180-171b122e1842/current/raft-meta.conf.tmp with options [CREATE, TRUNCATE_EXISTING, WRITE]: sun.nio.ch.FileChannelImpl@73a38134
2025-05-22 15:25:31,265 INFO  server.RaftServer$Division (ServerState.java:setRaftConf(386)) - s1@group-171B122E1842: set configuration conf: {index: 129, cur=peers:[s3|0.0.0.0:15003, s4|0.0.0.0:15004, s5|0.0.0.0:15005, s6|0.0.0.0:15006, s7|0.0.0.0:15007, s8|0.0.0.0:15008, s9|0.0.0.0:15009, s11|0.0.0.0:15011, s10|0.0.0.0:15010, s13|0.0.0.0:15013, s12|0.0.0.0:15012, s14|0.0.0.0:15014, s0|0.0.0.0:15000, s1|0.0.0.0:15001, s2|0.0.0.0:15002]|listeners:[], old=peers:[s3|0.0.0.0:15003, s11|0.0.0.0:15011, s10|0.0.0.0:15010, s13|0.0.0.0:15013, s12|0.0.0.0:15012, s14|0.0.0.0:15014, s0|0.0.0.0:15000, s1|0.0.0.0:15001, s2|0.0.0.0:15002]|listeners:[]}
2025-05-22 15:25:31,264 INFO  server.RaftServer$Division (ServerState.java:setRaftConf(386)) - s9@group-171B122E1842: set configuration conf: {index: 129, cur=peers:[s3|0.0.0.0:15003, s4|0.0.0.0:15004, s5|0.0.0.0:15005, s6|0.0.0.0:15006, s7|0.0.0.0:15007, s8|0.0.0.0:15008, s9|0.0.0.0:15009, s11|0.0.0.0:15011, s10|0.0.0.0:15010, s13|0.0.0.0:15013, s12|0.0.0.0:15012, s14|0.0.0.0:15014, s0|0.0.0.0:15000, s1|0.0.0.0:15001, s2|0.0.0.0:15002]|listeners:[], old=peers:[s3|0.0.0.0:15003, s11|0.0.0.0:15011, s10|0.0.0.0:15010, s13|0.0.0.0:15013, s12|0.0.0.0:15012, s14|0.0.0.0:15014, s0|0.0.0.0:15000, s1|0.0.0.0:15001, s2|0.0.0.0:15002]|listeners:[]}
2025-05-22 15:25:31,272 INFO  server.RaftServer$Division (ServerState.java:setRaftConf(386)) - s14@group-171B122E1842: set configuration conf: {index: 131, cur=peers:[s3|0.0.0.0:15003, s4|0.0.0.0:15004, s5|0.0.0.0:15005, s6|0.0.0.0:15006, s7|0.0.0.0:15007, s8|0.0.0.0:15008, s9|0.0.0.0:15009, s11|0.0.0.0:15011, s10|0.0.0.0:15010, s13|0.0.0.0:15013, s12|0.0.0.0:15012, s14|0.0.0.0:15014, s0|0.0.0.0:15000, s1|0.0.0.0:15001, s2|0.0.0.0:15002]|listeners:[], old=null}
2025-05-22 15:25:31,264 INFO  impl.RoleInfo (RoleInfo.java:updateAndGet(148)) - s7: start s7@group-171B122E1842-FollowerState
2025-05-22 15:25:31,264 INFO  server.RaftServer$Division (ServerState.java:setRaftConf(386)) - s5@group-171B122E1842: set configuration conf: {index: 129, cur=peers:[s3|0.0.0.0:15003, s4|0.0.0.0:15004, s5|0.0.0.0:15005, s6|0.0.0.0:15006, s7|0.0.0.0:15007, s8|0.0.0.0:15008, s9|0.0.0.0:15009, s11|0.0.0.0:15011, s10|0.0.0.0:15010, s13|0.0.0.0:15013, s12|0.0.0.0:15012, s14|0.0.0.0:15014, s0|0.0.0.0:15000, s1|0.0.0.0:15001, s2|0.0.0.0:15002]|listeners:[], old=peers:[s3|0.0.0.0:15003, s11|0.0.0.0:15011, s10|0.0.0.0:15010, s13|0.0.0.0:15013, s12|0.0.0.0:15012, s14|0.0.0.0:15014, s0|0.0.0.0:15000, s1|0.0.0.0:15001, s2|0.0.0.0:15002]|listeners:[]}
2025-05-22 15:25:31,270 TRACE util.FileUtils (LogUtils.java:runAndLog(49)) - Successfully ran Atomic Files.move /home/runner/work/ratis/ratis/ratis-examples/target/test/data/3b356627/MiniRaftClusterWithGrpcde84ffe6/s9/6a4a2c2e-7234-499f-b180-171b122e1842/current/raft-meta.conf.tmp to /home/runner/work/ratis/ratis/ratis-examples/target/test/data/3b356627/MiniRaftClusterWithGrpcde84ffe6/s9/6a4a2c2e-7234-499f-b180-171b122e1842/current/raft-meta.conf with options [REPLACE_EXISTING]
2025-05-22 15:25:31,273 TRACE util.FileUtils (LogUtils.java:supplyAndLog(69)) - Successfully supplied FileChannel.open /home/runner/work/ratis/ratis/ratis-examples/target/test/data/3b356627/MiniRaftClusterWithGrpcde84ffe6/s14/6a4a2c2e-7234-499f-b180-171b122e1842/current/raft-meta.conf.tmp with options [CREATE, TRUNCATE_EXISTING, WRITE]: sun.nio.ch.FileChannelImpl@77a21df9
2025-05-22 15:25:31,274 TRACE util.FileUtils (LogUtils.java:runAndLog(49)) - Successfully ran Atomic Files.move /home/runner/work/ratis/ratis/ratis-examples/target/test/data/3b356627/MiniRaftClusterWithGrpcde84ffe6/s8/6a4a2c2e-7234-499f-b180-171b122e1842/current/raft-meta.conf.tmp to /home/runner/work/ratis/ratis/ratis-examples/target/test/data/3b356627/MiniRaftClusterWithGrpcde84ffe6/s8/6a4a2c2e-7234-499f-b180-171b122e1842/current/raft-meta.conf with options [REPLACE_EXISTING]
2025-05-22 15:25:31,274 TRACE util.FileUtils (LogUtils.java:supplyAndLog(69)) - Successfully supplied FileChannel.open /home/runner/work/ratis/ratis/ratis-examples/target/test/data/3b356627/MiniRaftClusterWithGrpcde84ffe6/s8/6a4a2c2e-7234-499f-b180-171b122e1842/current/raft-meta.conf.tmp with options [CREATE, TRUNCATE_EXISTING, WRITE]: sun.nio.ch.FileChannelImpl@21fe233c
2025-05-22 15:25:31,275 INFO  server.RaftServer$Division (ServerState.java:setRaftConf(386)) - s10@group-171B122E1842: set configuration conf: {index: 131, cur=peers:[s3|0.0.0.0:15003, s4|0.0.0.0:15004, s5|0.0.0.0:15005, s6|0.0.0.0:15006, s7|0.0.0.0:15007, s8|0.0.0.0:15008, s9|0.0.0.0:15009, s11|0.0.0.0:15011, s10|0.0.0.0:15010, s13|0.0.0.0:15013, s12|0.0.0.0:15012, s14|0.0.0.0:15014, s0|0.0.0.0:15000, s1|0.0.0.0:15001, s2|0.0.0.0:15002]|listeners:[], old=null}
2025-05-22 15:25:31,270 TRACE util.FileUtils (LogUtils.java:runAndLog(49)) - Successfully ran Atomic Files.move /home/runner/work/ratis/ratis/ratis-examples/target/test/data/3b356627/MiniRaftClusterWithGrpcde84ffe6/s6/6a4a2c2e-7234-499f-b180-171b122e1842/current/raft-meta.conf.tmp to /home/runner/work/ratis/ratis/ratis-examples/target/test/data/3b356627/MiniRaftClusterWithGrpcde84ffe6/s6/6a4a2c2e-7234-499f-b180-171b122e1842/current/raft-meta.conf with options [REPLACE_EXISTING]
2025-05-22 15:25:31,275 TRACE util.FileUtils (LogUtils.java:supplyAndLog(69)) - Successfully supplied FileChannel.open /home/runner/work/ratis/ratis/ratis-examples/target/test/data/3b356627/MiniRaftClusterWithGrpcde84ffe6/s6/6a4a2c2e-7234-499f-b180-171b122e1842/current/raft-meta.conf.tmp with options [CREATE, TRUNCATE_EXISTING, WRITE]: sun.nio.ch.FileChannelImpl@24b15e92
2025-05-22 15:25:31,277 INFO  server.RaftServer$Division (ServerState.java:setRaftConf(386)) - s11@group-171B122E1842: set configuration conf: {index: 131, cur=peers:[s3|0.0.0.0:15003, s4|0.0.0.0:15004, s5|0.0.0.0:15005, s6|0.0.0.0:15006, s7|0.0.0.0:15007, s8|0.0.0.0:15008, s9|0.0.0.0:15009, s11|0.0.0.0:15011, s10|0.0.0.0:15010, s13|0.0.0.0:15013, s12|0.0.0.0:15012, s14|0.0.0.0:15014, s0|0.0.0.0:15000, s1|0.0.0.0:15001, s2|0.0.0.0:15002]|listeners:[], old=null}
2025-05-22 15:25:31,268 TRACE util.FileUtils (LogUtils.java:runAndLog(49)) - Successfully ran Atomic Files.move /home/runner/work/ratis/ratis/ratis-examples/target/test/data/3b356627/MiniRaftClusterWithGrpcde84ffe6/s7/6a4a2c2e-7234-499f-b180-171b122e1842/current/raft-meta.conf.tmp to /home/runner/work/ratis/ratis/ratis-examples/target/test/data/3b356627/MiniRaftClusterWithGrpcde84ffe6/s7/6a4a2c2e-7234-499f-b180-171b122e1842/current/raft-meta.conf with options [REPLACE_EXISTING]
2025-05-22 15:25:31,278 INFO  server.RaftServer$Division (ServerState.java:setRaftConf(386)) - s9@group-171B122E1842: set configuration conf: {index: 131, cur=peers:[s3|0.0.0.0:15003, s4|0.0.0.0:15004, s5|0.0.0.0:15005, s6|0.0.0.0:15006, s7|0.0.0.0:15007, s8|0.0.0.0:15008, s9|0.0.0.0:15009, s11|0.0.0.0:15011, s10|0.0.0.0:15010, s13|0.0.0.0:15013, s12|0.0.0.0:15012, s14|0.0.0.0:15014, s0|0.0.0.0:15000, s1|0.0.0.0:15001, s2|0.0.0.0:15002]|listeners:[], old=null}
2025-05-22 15:25:31,278 INFO  server.RaftServer$Division (ServerState.java:setRaftConf(386)) - s2@group-171B122E1842: set configuration conf: {index: 131, cur=peers:[s3|0.0.0.0:15003, s4|0.0.0.0:15004, s5|0.0.0.0:15005, s6|0.0.0.0:15006, s7|0.0.0.0:15007, s8|0.0.0.0:15008, s9|0.0.0.0:15009, s11|0.0.0.0:15011, s10|0.0.0.0:15010, s13|0.0.0.0:15013, s12|0.0.0.0:15012, s14|0.0.0.0:15014, s0|0.0.0.0:15000, s1|0.0.0.0:15001, s2|0.0.0.0:15002]|listeners:[], old=null}
2025-05-22 15:25:31,278 TRACE util.FileUtils (LogUtils.java:supplyAndLog(69)) - Successfully supplied FileChannel.open /home/runner/work/ratis/ratis/ratis-examples/target/test/data/3b356627/MiniRaftClusterWithGrpcde84ffe6/s7/6a4a2c2e-7234-499f-b180-171b122e1842/current/raft-meta.conf.tmp with options [CREATE, TRUNCATE_EXISTING, WRITE]: sun.nio.ch.FileChannelImpl@211d3251
2025-05-22 15:25:31,279 INFO  server.RaftServer$Division (ServerState.java:setRaftConf(386)) - s0@group-171B122E1842: set configuration conf: {index: 131, cur=peers:[s3|0.0.0.0:15003, s4|0.0.0.0:15004, s5|0.0.0.0:15005, s6|0.0.0.0:15006, s7|0.0.0.0:15007, s8|0.0.0.0:15008, s9|0.0.0.0:15009, s11|0.0.0.0:15011, s10|0.0.0.0:15010, s13|0.0.0.0:15013, s12|0.0.0.0:15012, s14|0.0.0.0:15014, s0|0.0.0.0:15000, s1|0.0.0.0:15001, s2|0.0.0.0:15002]|listeners:[], old=null}
2025-05-22 15:25:31,268 TRACE util.FileUtils (LogUtils.java:runAndLog(49)) - Successfully ran Atomic Files.move /home/runner/work/ratis/ratis/ratis-examples/target/test/data/3b356627/MiniRaftClusterWithGrpcde84ffe6/s5/6a4a2c2e-7234-499f-b180-171b122e1842/current/raft-meta.conf.tmp to /home/runner/work/ratis/ratis/ratis-examples/target/test/data/3b356627/MiniRaftClusterWithGrpcde84ffe6/s5/6a4a2c2e-7234-499f-b180-171b122e1842/current/raft-meta.conf with options [REPLACE_EXISTING]
2025-05-22 15:25:31,279 TRACE util.FileUtils (LogUtils.java:supplyAndLog(69)) - Successfully supplied FileChannel.open /home/runner/work/ratis/ratis/ratis-examples/target/test/data/3b356627/MiniRaftClusterWithGrpcde84ffe6/s5/6a4a2c2e-7234-499f-b180-171b122e1842/current/raft-meta.conf.tmp with options [CREATE, TRUNCATE_EXISTING, WRITE]: sun.nio.ch.FileChannelImpl@39789643
2025-05-22 15:25:31,280 TRACE util.FileUtils (LogUtils.java:supplyAndLog(69)) - Successfully supplied FileChannel.open /home/runner/work/ratis/ratis/ratis-examples/target/test/data/3b356627/MiniRaftClusterWithGrpcde84ffe6/s3/6a4a2c2e-7234-499f-b180-171b122e1842/current/raft-meta.conf.tmp with options [CREATE, TRUNCATE_EXISTING, WRITE]: sun.nio.ch.FileChannelImpl@2877a7a9
2025-05-22 15:25:31,280 INFO  server.RaftServer$Division (ServerState.java:setRaftConf(386)) - s8@group-171B122E1842: set configuration conf: {index: 131, cur=peers:[s3|0.0.0.0:15003, s4|0.0.0.0:15004, s5|0.0.0.0:15005, s6|0.0.0.0:15006, s7|0.0.0.0:15007, s8|0.0.0.0:15008, s9|0.0.0.0:15009, s11|0.0.0.0:15011, s10|0.0.0.0:15010, s13|0.0.0.0:15013, s12|0.0.0.0:15012, s14|0.0.0.0:15014, s0|0.0.0.0:15000, s1|0.0.0.0:15001, s2|0.0.0.0:15002]|listeners:[], old=null}
2025-05-22 15:25:31,280 TRACE util.FileUtils (LogUtils.java:runAndLog(49)) - Successfully ran Atomic Files.move /home/runner/work/ratis/ratis/ratis-examples/target/test/data/3b356627/MiniRaftClusterWithGrpcde84ffe6/s4/6a4a2c2e-7234-499f-b180-171b122e1842/current/raft-meta.conf.tmp to /home/runner/work/ratis/ratis/ratis-examples/target/test/data/3b356627/MiniRaftClusterWithGrpcde84ffe6/s4/6a4a2c2e-7234-499f-b180-171b122e1842/current/raft-meta.conf with options [REPLACE_EXISTING]
2025-05-22 15:25:31,280 TRACE util.FileUtils (LogUtils.java:supplyAndLog(69)) - Successfully supplied FileChannel.open /home/runner/work/ratis/ratis/ratis-examples/target/test/data/3b356627/MiniRaftClusterWithGrpcde84ffe6/s4/6a4a2c2e-7234-499f-b180-171b122e1842/current/raft-meta.conf.tmp with options [CREATE, TRUNCATE_EXISTING, WRITE]: sun.nio.ch.FileChannelImpl@36a10124
2025-05-22 15:25:31,281 INFO  server.RaftServer$Division (ServerState.java:setRaftConf(386)) - s1@group-171B122E1842: set configuration conf: {index: 131, cur=peers:[s3|0.0.0.0:15003, s4|0.0.0.0:15004, s5|0.0.0.0:15005, s6|0.0.0.0:15006, s7|0.0.0.0:15007, s8|0.0.0.0:15008, s9|0.0.0.0:15009, s11|0.0.0.0:15011, s10|0.0.0.0:15010, s13|0.0.0.0:15013, s12|0.0.0.0:15012, s14|0.0.0.0:15014, s0|0.0.0.0:15000, s1|0.0.0.0:15001, s2|0.0.0.0:15002]|listeners:[], old=null}
2025-05-22 15:25:31,282 INFO  server.RaftServer$Division (ServerState.java:setRaftConf(386)) - s12@group-171B122E1842: set configuration conf: {index: 131, cur=peers:[s3|0.0.0.0:15003, s4|0.0.0.0:15004, s5|0.0.0.0:15005, s6|0.0.0.0:15006, s7|0.0.0.0:15007, s8|0.0.0.0:15008, s9|0.0.0.0:15009, s11|0.0.0.0:15011, s10|0.0.0.0:15010, s13|0.0.0.0:15013, s12|0.0.0.0:15012, s14|0.0.0.0:15014, s0|0.0.0.0:15000, s1|0.0.0.0:15001, s2|0.0.0.0:15002]|listeners:[], old=null}
2025-05-22 15:25:31,282 TRACE util.FileUtils (LogUtils.java:runAndLog(49)) - Successfully ran Atomic Files.move /home/runner/work/ratis/ratis/ratis-examples/target/test/data/3b356627/MiniRaftClusterWithGrpcde84ffe6/s6/6a4a2c2e-7234-499f-b180-171b122e1842/current/raft-meta.conf.tmp to /home/runner/work/ratis/ratis/ratis-examples/target/test/data/3b356627/MiniRaftClusterWithGrpcde84ffe6/s6/6a4a2c2e-7234-499f-b180-171b122e1842/current/raft-meta.conf with options [REPLACE_EXISTING]
2025-05-22 15:25:31,283 TRACE util.FileUtils (LogUtils.java:supplyAndLog(69)) - Successfully supplied FileChannel.open /home/runner/work/ratis/ratis/ratis-examples/target/test/data/3b356627/MiniRaftClusterWithGrpcde84ffe6/s6/6a4a2c2e-7234-499f-b180-171b122e1842/current/raft-meta.conf.tmp with options [CREATE, TRUNCATE_EXISTING, WRITE]: sun.nio.ch.FileChannelImpl@12f11b93
2025-05-22 15:25:31,283 INFO  server.RaftServer$Division (ServerState.java:setRaftConf(386)) - s5@group-171B122E1842: set configuration conf: {index: 131, cur=peers:[s3|0.0.0.0:15003, s4|0.0.0.0:15004, s5|0.0.0.0:15005, s6|0.0.0.0:15006, s7|0.0.0.0:15007, s8|0.0.0.0:15008, s9|0.0.0.0:15009, s11|0.0.0.0:15011, s10|0.0.0.0:15010, s13|0.0.0.0:15013, s12|0.0.0.0:15012, s14|0.0.0.0:15014, s0|0.0.0.0:15000, s1|0.0.0.0:15001, s2|0.0.0.0:15002]|listeners:[], old=null}
2025-05-22 15:25:31,268 INFO  server.RaftServer$Division (ServerState.java:setRaftConf(386)) - s4@group-171B122E1842: set configuration conf: {index: 129, cur=peers:[s3|0.0.0.0:15003, s4|0.0.0.0:15004, s5|0.0.0.0:15005, s6|0.0.0.0:15006, s7|0.0.0.0:15007, s8|0.0.0.0:15008, s9|0.0.0.0:15009, s11|0.0.0.0:15011, s10|0.0.0.0:15010, s13|0.0.0.0:15013, s12|0.0.0.0:15012, s14|0.0.0.0:15014, s0|0.0.0.0:15000, s1|0.0.0.0:15001, s2|0.0.0.0:15002]|listeners:[], old=peers:[s3|0.0.0.0:15003, s11|0.0.0.0:15011, s10|0.0.0.0:15010, s13|0.0.0.0:15013, s12|0.0.0.0:15012, s14|0.0.0.0:15014, s0|0.0.0.0:15000, s1|0.0.0.0:15001, s2|0.0.0.0:15002]|listeners:[]}
2025-05-22 15:25:31,283 TRACE util.FileUtils (LogUtils.java:supplyAndLog(69)) - Successfully supplied FileChannel.open /home/runner/work/ratis/ratis/ratis-examples/target/test/data/3b356627/MiniRaftClusterWithGrpcde84ffe6/s10/6a4a2c2e-7234-499f-b180-171b122e1842/current/raft-meta.conf.tmp with options [CREATE, TRUNCATE_EXISTING, WRITE]: sun.nio.ch.FileChannelImpl@7ec816e5
2025-05-22 15:25:31,284 TRACE util.FileUtils (LogUtils.java:supplyAndLog(69)) - Successfully supplied FileChannel.open /home/runner/work/ratis/ratis/ratis-examples/target/test/data/3b356627/MiniRaftClusterWithGrpcde84ffe6/s9/6a4a2c2e-7234-499f-b180-171b122e1842/current/raft-meta.conf.tmp with options [CREATE, TRUNCATE_EXISTING, WRITE]: sun.nio.ch.FileChannelImpl@18dcee79
2025-05-22 15:25:31,283 TRACE util.FileUtils (LogUtils.java:runAndLog(49)) - Successfully ran Atomic Files.move /home/runner/work/ratis/ratis/ratis-examples/target/test/data/3b356627/MiniRaftClusterWithGrpcde84ffe6/s7/6a4a2c2e-7234-499f-b180-171b122e1842/current/raft-meta.conf.tmp to /home/runner/work/ratis/ratis/ratis-examples/target/test/data/3b356627/MiniRaftClusterWithGrpcde84ffe6/s7/6a4a2c2e-7234-499f-b180-171b122e1842/current/raft-meta.conf with options [REPLACE_EXISTING]
2025-05-22 15:25:31,285 TRACE util.FileUtils (LogUtils.java:supplyAndLog(69)) - Successfully supplied FileChannel.open /home/runner/work/ratis/ratis/ratis-examples/target/test/data/3b356627/MiniRaftClusterWithGrpcde84ffe6/s7/6a4a2c2e-7234-499f-b180-171b122e1842/current/raft-meta.conf.tmp with options [CREATE, TRUNCATE_EXISTING, WRITE]: sun.nio.ch.FileChannelImpl@641fa816
2025-05-22 15:25:31,282 TRACE util.FileUtils (LogUtils.java:supplyAndLog(69)) - Successfully supplied FileChannel.open /home/runner/work/ratis/ratis/ratis-examples/target/test/data/3b356627/MiniRaftClusterWithGrpcde84ffe6/s2/6a4a2c2e-7234-499f-b180-171b122e1842/current/raft-meta.conf.tmp with options [CREATE, TRUNCATE_EXISTING, WRITE]: sun.nio.ch.FileChannelImpl@6220c1bc
2025-05-22 15:25:31,282 TRACE util.FileUtils (LogUtils.java:runAndLog(49)) - Successfully ran Atomic Files.move /home/runner/work/ratis/ratis/ratis-examples/target/test/data/3b356627/MiniRaftClusterWithGrpcde84ffe6/s8/6a4a2c2e-7234-499f-b180-171b122e1842/current/raft-meta.conf.tmp to /home/runner/work/ratis/ratis/ratis-examples/target/test/data/3b356627/MiniRaftClusterWithGrpcde84ffe6/s8/6a4a2c2e-7234-499f-b180-171b122e1842/current/raft-meta.conf with options [REPLACE_EXISTING]
2025-05-22 15:25:31,282 TRACE util.FileUtils (LogUtils.java:supplyAndLog(69)) - Successfully supplied FileChannel.open /home/runner/work/ratis/ratis/ratis-examples/target/test/data/3b356627/MiniRaftClusterWithGrpcde84ffe6/s11/6a4a2c2e-7234-499f-b180-171b122e1842/current/raft-meta.conf.tmp with options [CREATE, TRUNCATE_EXISTING, WRITE]: sun.nio.ch.FileChannelImpl@3421dbf5
2025-05-22 15:25:31,290 TRACE util.FileUtils (LogUtils.java:supplyAndLog(69)) - Successfully supplied FileChannel.open /home/runner/work/ratis/ratis/ratis-examples/target/test/data/3b356627/MiniRaftClusterWithGrpcde84ffe6/s8/6a4a2c2e-7234-499f-b180-171b122e1842/current/raft-meta.conf.tmp with options [CREATE, TRUNCATE_EXISTING, WRITE]: sun.nio.ch.FileChannelImpl@570b0f99
2025-05-22 15:25:31,280 INFO  server.RaftServer$Division (ServerState.java:setRaftConf(386)) - s3@group-171B122E1842: set configuration conf: {index: 131, cur=peers:[s3|0.0.0.0:15003, s4|0.0.0.0:15004, s5|0.0.0.0:15005, s6|0.0.0.0:15006, s7|0.0.0.0:15007, s8|0.0.0.0:15008, s9|0.0.0.0:15009, s11|0.0.0.0:15011, s10|0.0.0.0:15010, s13|0.0.0.0:15013, s12|0.0.0.0:15012, s14|0.0.0.0:15014, s0|0.0.0.0:15000, s1|0.0.0.0:15001, s2|0.0.0.0:15002]|listeners:[], old=null}
2025-05-22 15:25:31,292 TRACE util.FileUtils (LogUtils.java:runAndLog(49)) - Successfully ran Atomic Files.move /home/runner/work/ratis/ratis/ratis-examples/target/test/data/3b356627/MiniRaftClusterWithGrpcde84ffe6/s5/6a4a2c2e-7234-499f-b180-171b122e1842/current/raft-meta.conf.tmp to /home/runner/work/ratis/ratis/ratis-examples/target/test/data/3b356627/MiniRaftClusterWithGrpcde84ffe6/s5/6a4a2c2e-7234-499f-b180-171b122e1842/current/raft-meta.conf with options [REPLACE_EXISTING]
2025-05-22 15:25:31,274 INFO  server.RaftServer$Division (ServerState.java:setRaftConf(386)) - s7@group-171B122E1842: set configuration conf: {index: 129, cur=peers:[s3|0.0.0.0:15003, s4|0.0.0.0:15004, s5|0.0.0.0:15005, s6|0.0.0.0:15006, s7|0.0.0.0:15007, s8|0.0.0.0:15008, s9|0.0.0.0:15009, s11|0.0.0.0:15011, s10|0.0.0.0:15010, s13|0.0.0.0:15013, s12|0.0.0.0:15012, s14|0.0.0.0:15014, s0|0.0.0.0:15000, s1|0.0.0.0:15001, s2|0.0.0.0:15002]|listeners:[], old=peers:[s3|0.0.0.0:15003, s11|0.0.0.0:15011, s10|0.0.0.0:15010, s13|0.0.0.0:15013, s12|0.0.0.0:15012, s14|0.0.0.0:15014, s0|0.0.0.0:15000, s1|0.0.0.0:15001, s2|0.0.0.0:15002]|listeners:[]}
2025-05-22 15:25:31,292 TRACE util.FileUtils (LogUtils.java:supplyAndLog(69)) - Successfully supplied FileChannel.open /home/runner/work/ratis/ratis/ratis-examples/target/test/data/3b356627/MiniRaftClusterWithGrpcde84ffe6/s5/6a4a2c2e-7234-499f-b180-171b122e1842/current/raft-meta.conf.tmp with options [CREATE, TRUNCATE_EXISTING, WRITE]: sun.nio.ch.FileChannelImpl@5cf9c918
2025-05-22 15:25:31,291 TRACE util.FileUtils (LogUtils.java:runAndLog(49)) - Successfully ran Atomic Files.move /home/runner/work/ratis/ratis/ratis-examples/target/test/data/3b356627/MiniRaftClusterWithGrpcde84ffe6/s3/6a4a2c2e-7234-499f-b180-171b122e1842/current/raft-meta.conf.tmp to /home/runner/work/ratis/ratis/ratis-examples/target/test/data/3b356627/MiniRaftClusterWithGrpcde84ffe6/s3/6a4a2c2e-7234-499f-b180-171b122e1842/current/raft-meta.conf with options [REPLACE_EXISTING]
2025-05-22 15:25:31,290 TRACE util.FileUtils (LogUtils.java:supplyAndLog(69)) - Successfully supplied FileChannel.open /home/runner/work/ratis/ratis/ratis-examples/target/test/data/3b356627/MiniRaftClusterWithGrpcde84ffe6/s1/6a4a2c2e-7234-499f-b180-171b122e1842/current/raft-meta.conf.tmp with options [CREATE, TRUNCATE_EXISTING, WRITE]: sun.nio.ch.FileChannelImpl@44736a90
2025-05-22 15:25:31,293 TRACE util.FileUtils (LogUtils.java:runAndLog(49)) - Successfully ran Atomic Files.move /home/runner/work/ratis/ratis/ratis-examples/target/test/data/3b356627/MiniRaftClusterWithGrpcde84ffe6/s4/6a4a2c2e-7234-499f-b180-171b122e1842/current/raft-meta.conf.tmp to /home/runner/work/ratis/ratis/ratis-examples/target/test/data/3b356627/MiniRaftClusterWithGrpcde84ffe6/s4/6a4a2c2e-7234-499f-b180-171b122e1842/current/raft-meta.conf with options [REPLACE_EXISTING]
2025-05-22 15:25:31,293 TRACE util.FileUtils (LogUtils.java:supplyAndLog(69)) - Successfully supplied FileChannel.open /home/runner/work/ratis/ratis/ratis-examples/target/test/data/3b356627/MiniRaftClusterWithGrpcde84ffe6/s4/6a4a2c2e-7234-499f-b180-171b122e1842/current/raft-meta.conf.tmp with options [CREATE, TRUNCATE_EXISTING, WRITE]: sun.nio.ch.FileChannelImpl@108ec47e
2025-05-22 15:25:31,294 TRACE util.FileUtils (LogUtils.java:runAndLog(49)) - Successfully ran Atomic Files.move /home/runner/work/ratis/ratis/ratis-examples/target/test/data/3b356627/MiniRaftClusterWithGrpcde84ffe6/s10/6a4a2c2e-7234-499f-b180-171b122e1842/current/raft-meta.conf.tmp to /home/runner/work/ratis/ratis/ratis-examples/target/test/data/3b356627/MiniRaftClusterWithGrpcde84ffe6/s10/6a4a2c2e-7234-499f-b180-171b122e1842/current/raft-meta.conf with options [REPLACE_EXISTING]
2025-05-22 15:25:31,294 TRACE util.FileUtils (LogUtils.java:supplyAndLog(69)) - Successfully supplied FileChannel.open /home/runner/work/ratis/ratis/ratis-examples/target/test/data/3b356627/MiniRaftClusterWithGrpcde84ffe6/s10/6a4a2c2e-7234-499f-b180-171b122e1842/current/raft-meta.conf.tmp with options [CREATE, TRUNCATE_EXISTING, WRITE]: sun.nio.ch.FileChannelImpl@f556146
2025-05-22 15:25:31,295 INFO  server.RaftServer$Division (ServerState.java:setRaftConf(386)) - s4@group-171B122E1842: set configuration conf: {index: 131, cur=peers:[s3|0.0.0.0:15003, s4|0.0.0.0:15004, s5|0.0.0.0:15005, s6|0.0.0.0:15006, s7|0.0.0.0:15007, s8|0.0.0.0:15008, s9|0.0.0.0:15009, s11|0.0.0.0:15011, s10|0.0.0.0:15010, s13|0.0.0.0:15013, s12|0.0.0.0:15012, s14|0.0.0.0:15014, s0|0.0.0.0:15000, s1|0.0.0.0:15001, s2|0.0.0.0:15002]|listeners:[], old=null}
2025-05-22 15:25:31,297 INFO  server.RaftServer$Division (ServerState.java:setRaftConf(386)) - s7@group-171B122E1842: set configuration conf: {index: 131, cur=peers:[s3|0.0.0.0:15003, s4|0.0.0.0:15004, s5|0.0.0.0:15005, s6|0.0.0.0:15006, s7|0.0.0.0:15007, s8|0.0.0.0:15008, s9|0.0.0.0:15009, s11|0.0.0.0:15011, s10|0.0.0.0:15010, s13|0.0.0.0:15013, s12|0.0.0.0:15012, s14|0.0.0.0:15014, s0|0.0.0.0:15000, s1|0.0.0.0:15001, s2|0.0.0.0:15002]|listeners:[], old=null}
2025-05-22 15:25:31,297 TRACE util.FileUtils (LogUtils.java:supplyAndLog(69)) - Successfully supplied FileChannel.open /home/runner/work/ratis/ratis/ratis-examples/target/test/data/3b356627/MiniRaftClusterWithGrpcde84ffe6/s3/6a4a2c2e-7234-499f-b180-171b122e1842/current/raft-meta.conf.tmp with options [CREATE, TRUNCATE_EXISTING, WRITE]: sun.nio.ch.FileChannelImpl@477ebc4d
2025-05-22 15:25:31,289 INFO  server.RaftServer$Division (ServerState.java:setRaftConf(386)) - s6@group-171B122E1842: set configuration conf: {index: 131, cur=peers:[s3|0.0.0.0:15003, s4|0.0.0.0:15004, s5|0.0.0.0:15005, s6|0.0.0.0:15006, s7|0.0.0.0:15007, s8|0.0.0.0:15008, s9|0.0.0.0:15009, s11|0.0.0.0:15011, s10|0.0.0.0:15010, s13|0.0.0.0:15013, s12|0.0.0.0:15012, s14|0.0.0.0:15014, s0|0.0.0.0:15000, s1|0.0.0.0:15001, s2|0.0.0.0:15002]|listeners:[], old=null}
2025-05-22 15:25:31,288 TRACE util.FileUtils (LogUtils.java:supplyAndLog(69)) - Successfully supplied FileChannel.open /home/runner/work/ratis/ratis/ratis-examples/target/test/data/3b356627/MiniRaftClusterWithGrpcde84ffe6/s12/6a4a2c2e-7234-499f-b180-171b122e1842/current/raft-meta.conf.tmp with options [CREATE, TRUNCATE_EXISTING, WRITE]: sun.nio.ch.FileChannelImpl@4367d640
2025-05-22 15:25:31,288 TRACE util.FileUtils (LogUtils.java:runAndLog(49)) - Successfully ran Atomic Files.move /home/runner/work/ratis/ratis/ratis-examples/target/test/data/3b356627/MiniRaftClusterWithGrpcde84ffe6/s14/6a4a2c2e-7234-499f-b180-171b122e1842/current/raft-meta.conf.tmp to /home/runner/work/ratis/ratis/ratis-examples/target/test/data/3b356627/MiniRaftClusterWithGrpcde84ffe6/s14/6a4a2c2e-7234-499f-b180-171b122e1842/current/raft-meta.conf with options [REPLACE_EXISTING]
2025-05-22 15:25:31,300 TRACE util.FileUtils (LogUtils.java:supplyAndLog(69)) - Successfully supplied FileChannel.open /home/runner/work/ratis/ratis/ratis-examples/target/test/data/3b356627/MiniRaftClusterWithGrpcde84ffe6/s14/6a4a2c2e-7234-499f-b180-171b122e1842/current/raft-meta.conf.tmp with options [CREATE, TRUNCATE_EXISTING, WRITE]: sun.nio.ch.FileChannelImpl@2c2d159a
2025-05-22 15:25:31,300 TRACE util.FileUtils (LogUtils.java:runAndLog(49)) - Successfully ran Atomic Files.move /home/runner/work/ratis/ratis/ratis-examples/target/test/data/3b356627/MiniRaftClusterWithGrpcde84ffe6/s4/6a4a2c2e-7234-499f-b180-171b122e1842/current/raft-meta.conf.tmp to /home/runner/work/ratis/ratis/ratis-examples/target/test/data/3b356627/MiniRaftClusterWithGrpcde84ffe6/s4/6a4a2c2e-7234-499f-b180-171b122e1842/current/raft-meta.conf with options [REPLACE_EXISTING]
2025-05-22 15:25:31,301 TRACE util.FileUtils (LogUtils.java:runAndLog(49)) - Successfully ran Atomic Files.move /home/runner/work/ratis/ratis/ratis-examples/target/test/data/3b356627/MiniRaftClusterWithGrpcde84ffe6/s5/6a4a2c2e-7234-499f-b180-171b122e1842/current/raft-meta.conf.tmp to /home/runner/work/ratis/ratis/ratis-examples/target/test/data/3b356627/MiniRaftClusterWithGrpcde84ffe6/s5/6a4a2c2e-7234-499f-b180-171b122e1842/current/raft-meta.conf with options [REPLACE_EXISTING]
2025-05-22 15:25:31,302 TRACE util.FileUtils (LogUtils.java:supplyAndLog(69)) - Successfully supplied FileChannel.open /home/runner/work/ratis/ratis/ratis-examples/target/test/data/3b356627/MiniRaftClusterWithGrpcde84ffe6/s5/6a4a2c2e-7234-499f-b180-171b122e1842/current/raft-meta.conf.tmp with options [CREATE, TRUNCATE_EXISTING, WRITE]: sun.nio.ch.FileChannelImpl@88b28a3
2025-05-22 15:25:31,303 TRACE util.FileUtils (LogUtils.java:supplyAndLog(69)) - Successfully supplied FileChannel.open /home/runner/work/ratis/ratis/ratis-examples/target/test/data/3b356627/MiniRaftClusterWithGrpcde84ffe6/s4/6a4a2c2e-7234-499f-b180-171b122e1842/current/raft-meta.conf.tmp with options [CREATE, TRUNCATE_EXISTING, WRITE]: sun.nio.ch.FileChannelImpl@7ddf183
2025-05-22 15:25:31,288 TRACE util.FileUtils (LogUtils.java:runAndLog(49)) - Successfully ran Atomic Files.move /home/runner/work/ratis/ratis/ratis-examples/target/test/data/3b356627/MiniRaftClusterWithGrpcde84ffe6/s9/6a4a2c2e-7234-499f-b180-171b122e1842/current/raft-meta.conf.tmp to /home/runner/work/ratis/ratis/ratis-examples/target/test/data/3b356627/MiniRaftClusterWithGrpcde84ffe6/s9/6a4a2c2e-7234-499f-b180-171b122e1842/current/raft-meta.conf with options [REPLACE_EXISTING]
2025-05-22 15:25:31,304 TRACE util.FileUtils (LogUtils.java:supplyAndLog(69)) - Successfully supplied FileChannel.open /home/runner/work/ratis/ratis/ratis-examples/target/test/data/3b356627/MiniRaftClusterWithGrpcde84ffe6/s9/6a4a2c2e-7234-499f-b180-171b122e1842/current/raft-meta.conf.tmp with options [CREATE, TRUNCATE_EXISTING, WRITE]: sun.nio.ch.FileChannelImpl@1ce379ba
2025-05-22 15:25:31,305 TRACE util.FileUtils (LogUtils.java:runAndLog(49)) - Successfully ran Atomic Files.move /home/runner/work/ratis/ratis/ratis-examples/target/test/data/3b356627/MiniRaftClusterWithGrpcde84ffe6/s10/6a4a2c2e-7234-499f-b180-171b122e1842/current/raft-meta.conf.tmp to /home/runner/work/ratis/ratis/ratis-examples/target/test/data/3b356627/MiniRaftClusterWithGrpcde84ffe6/s10/6a4a2c2e-7234-499f-b180-171b122e1842/current/raft-meta.conf with options [REPLACE_EXISTING]
2025-05-22 15:25:31,305 TRACE util.FileUtils (LogUtils.java:runAndLog(49)) - Successfully ran Atomic Files.move /home/runner/work/ratis/ratis/ratis-examples/target/test/data/3b356627/MiniRaftClusterWithGrpcde84ffe6/s2/6a4a2c2e-7234-499f-b180-171b122e1842/current/raft-meta.conf.tmp to /home/runner/work/ratis/ratis/ratis-examples/target/test/data/3b356627/MiniRaftClusterWithGrpcde84ffe6/s2/6a4a2c2e-7234-499f-b180-171b122e1842/current/raft-meta.conf with options [REPLACE_EXISTING]
2025-05-22 15:25:31,305 TRACE util.FileUtils (LogUtils.java:supplyAndLog(69)) - Successfully supplied FileChannel.open /home/runner/work/ratis/ratis/ratis-examples/target/test/data/3b356627/MiniRaftClusterWithGrpcde84ffe6/s2/6a4a2c2e-7234-499f-b180-171b122e1842/current/raft-meta.conf.tmp with options [CREATE, TRUNCATE_EXISTING, WRITE]: sun.nio.ch.FileChannelImpl@2e9475d9
2025-05-22 15:25:31,287 TRACE util.FileUtils (LogUtils.java:runAndLog(49)) - Successfully ran Atomic Files.move /home/runner/work/ratis/ratis/ratis-examples/target/test/data/3b356627/MiniRaftClusterWithGrpcde84ffe6/s6/6a4a2c2e-7234-499f-b180-171b122e1842/current/raft-meta.conf.tmp to /home/runner/work/ratis/ratis/ratis-examples/target/test/data/3b356627/MiniRaftClusterWithGrpcde84ffe6/s6/6a4a2c2e-7234-499f-b180-171b122e1842/current/raft-meta.conf with options [REPLACE_EXISTING]
2025-05-22 15:25:31,306 TRACE util.FileUtils (LogUtils.java:runAndLog(49)) - Successfully ran Atomic Files.move /home/runner/work/ratis/ratis/ratis-examples/target/test/data/3b356627/MiniRaftClusterWithGrpcde84ffe6/s3/6a4a2c2e-7234-499f-b180-171b122e1842/current/raft-meta.conf.tmp to /home/runner/work/ratis/ratis/ratis-examples/target/test/data/3b356627/MiniRaftClusterWithGrpcde84ffe6/s3/6a4a2c2e-7234-499f-b180-171b122e1842/current/raft-meta.conf with options [REPLACE_EXISTING]
2025-05-22 15:25:31,307 TRACE util.FileUtils (LogUtils.java:runAndLog(49)) - Successfully ran Atomic Files.move /home/runner/work/ratis/ratis/ratis-examples/target/test/data/3b356627/MiniRaftClusterWithGrpcde84ffe6/s7/6a4a2c2e-7234-499f-b180-171b122e1842/current/raft-meta.conf.tmp to /home/runner/work/ratis/ratis/ratis-examples/target/test/data/3b356627/MiniRaftClusterWithGrpcde84ffe6/s7/6a4a2c2e-7234-499f-b180-171b122e1842/current/raft-meta.conf with options [REPLACE_EXISTING]
2025-05-22 15:25:31,307 TRACE util.FileUtils (LogUtils.java:supplyAndLog(69)) - Successfully supplied FileChannel.open /home/runner/work/ratis/ratis/ratis-examples/target/test/data/3b356627/MiniRaftClusterWithGrpcde84ffe6/s7/6a4a2c2e-7234-499f-b180-171b122e1842/current/raft-meta.conf.tmp with options [CREATE, TRUNCATE_EXISTING, WRITE]: sun.nio.ch.FileChannelImpl@6532c9e5
2025-05-22 15:25:31,307 TRACE util.FileUtils (LogUtils.java:runAndLog(49)) - Successfully ran Atomic Files.move /home/runner/work/ratis/ratis/ratis-examples/target/test/data/3b356627/MiniRaftClusterWithGrpcde84ffe6/s12/6a4a2c2e-7234-499f-b180-171b122e1842/current/raft-meta.conf.tmp to /home/runner/work/ratis/ratis/ratis-examples/target/test/data/3b356627/MiniRaftClusterWithGrpcde84ffe6/s12/6a4a2c2e-7234-499f-b180-171b122e1842/current/raft-meta.conf with options [REPLACE_EXISTING]
2025-05-22 15:25:31,308 TRACE util.FileUtils (LogUtils.java:supplyAndLog(69)) - Successfully supplied FileChannel.open /home/runner/work/ratis/ratis/ratis-examples/target/test/data/3b356627/MiniRaftClusterWithGrpcde84ffe6/s12/6a4a2c2e-7234-499f-b180-171b122e1842/current/raft-meta.conf.tmp with options [CREATE, TRUNCATE_EXISTING, WRITE]: sun.nio.ch.FileChannelImpl@1c85e73b
2025-05-22 15:25:31,285 INFO  server.RaftServer$Division (ServerState.java:setRaftConf(386)) - s13@group-171B122E1842: set configuration conf: {index: 131, cur=peers:[s3|0.0.0.0:15003, s4|0.0.0.0:15004, s5|0.0.0.0:15005, s6|0.0.0.0:15006, s7|0.0.0.0:15007, s8|0.0.0.0:15008, s9|0.0.0.0:15009, s11|0.0.0.0:15011, s10|0.0.0.0:15010, s13|0.0.0.0:15013, s12|0.0.0.0:15012, s14|0.0.0.0:15014, s0|0.0.0.0:15000, s1|0.0.0.0:15001, s2|0.0.0.0:15002]|listeners:[], old=null}
2025-05-22 15:25:31,284 TRACE util.FileUtils (LogUtils.java:supplyAndLog(69)) - Successfully supplied FileChannel.open /home/runner/work/ratis/ratis/ratis-examples/target/test/data/3b356627/MiniRaftClusterWithGrpcde84ffe6/s0/6a4a2c2e-7234-499f-b180-171b122e1842/current/raft-meta.conf.tmp with options [CREATE, TRUNCATE_EXISTING, WRITE]: sun.nio.ch.FileChannelImpl@2bcca2d9
2025-05-22 15:25:31,309 TRACE util.FileUtils (LogUtils.java:runAndLog(49)) - Successfully ran Atomic Files.move /home/runner/work/ratis/ratis/ratis-examples/target/test/data/3b356627/MiniRaftClusterWithGrpcde84ffe6/s4/6a4a2c2e-7234-499f-b180-171b122e1842/current/raft-meta.conf.tmp to /home/runner/work/ratis/ratis/ratis-examples/target/test/data/3b356627/MiniRaftClusterWithGrpcde84ffe6/s4/6a4a2c2e-7234-499f-b180-171b122e1842/current/raft-meta.conf with options [REPLACE_EXISTING]
2025-05-22 15:25:31,309 TRACE util.FileUtils (LogUtils.java:runAndLog(49)) - Successfully ran Atomic Files.move /home/runner/work/ratis/ratis/ratis-examples/target/test/data/3b356627/MiniRaftClusterWithGrpcde84ffe6/s2/6a4a2c2e-7234-499f-b180-171b122e1842/current/raft-meta.conf.tmp to /home/runner/work/ratis/ratis/ratis-examples/target/test/data/3b356627/MiniRaftClusterWithGrpcde84ffe6/s2/6a4a2c2e-7234-499f-b180-171b122e1842/current/raft-meta.conf with options [REPLACE_EXISTING]
2025-05-22 15:25:31,309 TRACE util.FileUtils (LogUtils.java:supplyAndLog(69)) - Successfully supplied FileChannel.open /home/runner/work/ratis/ratis/ratis-examples/target/test/data/3b356627/MiniRaftClusterWithGrpcde84ffe6/s4/6a4a2c2e-7234-499f-b180-171b122e1842/current/raft-meta.conf.tmp with options [CREATE, TRUNCATE_EXISTING, WRITE]: sun.nio.ch.FileChannelImpl@68186a6d
2025-05-22 15:25:31,309 TRACE util.FileUtils (LogUtils.java:runAndLog(49)) - Successfully ran Atomic Files.move /home/runner/work/ratis/ratis/ratis-examples/target/test/data/3b356627/MiniRaftClusterWithGrpcde84ffe6/s1/6a4a2c2e-7234-499f-b180-171b122e1842/current/raft-meta.conf.tmp to /home/runner/work/ratis/ratis/ratis-examples/target/test/data/3b356627/MiniRaftClusterWithGrpcde84ffe6/s1/6a4a2c2e-7234-499f-b180-171b122e1842/current/raft-meta.conf with options [REPLACE_EXISTING]
2025-05-22 15:25:31,309 TRACE util.FileUtils (LogUtils.java:supplyAndLog(69)) - Successfully supplied FileChannel.open /home/runner/work/ratis/ratis/ratis-examples/target/test/data/3b356627/MiniRaftClusterWithGrpcde84ffe6/s1/6a4a2c2e-7234-499f-b180-171b122e1842/current/raft-meta.conf.tmp with options [CREATE, TRUNCATE_EXISTING, WRITE]: sun.nio.ch.FileChannelImpl@15878e0
2025-05-22 15:25:31,312 TRACE util.FileUtils (LogUtils.java:runAndLog(49)) - Successfully ran Atomic Files.move /home/runner/work/ratis/ratis/ratis-examples/target/test/data/3b356627/MiniRaftClusterWithGrpcde84ffe6/s14/6a4a2c2e-7234-499f-b180-171b122e1842/current/raft-meta.conf.tmp to /home/runner/work/ratis/ratis/ratis-examples/target/test/data/3b356627/MiniRaftClusterWithGrpcde84ffe6/s14/6a4a2c2e-7234-499f-b180-171b122e1842/current/raft-meta.conf with options [REPLACE_EXISTING]
2025-05-22 15:25:31,308 TRACE util.FileUtils (LogUtils.java:runAndLog(49)) - Successfully ran Atomic Files.move /home/runner/work/ratis/ratis/ratis-examples/target/test/data/3b356627/MiniRaftClusterWithGrpcde84ffe6/s5/6a4a2c2e-7234-499f-b180-171b122e1842/current/raft-meta.conf.tmp to /home/runner/work/ratis/ratis/ratis-examples/target/test/data/3b356627/MiniRaftClusterWithGrpcde84ffe6/s5/6a4a2c2e-7234-499f-b180-171b122e1842/current/raft-meta.conf with options [REPLACE_EXISTING]
2025-05-22 15:25:31,307 TRACE util.FileUtils (LogUtils.java:runAndLog(49)) - Successfully ran Atomic Files.move /home/runner/work/ratis/ratis/ratis-examples/target/test/data/3b356627/MiniRaftClusterWithGrpcde84ffe6/s9/6a4a2c2e-7234-499f-b180-171b122e1842/current/raft-meta.conf.tmp to /home/runner/work/ratis/ratis/ratis-examples/target/test/data/3b356627/MiniRaftClusterWithGrpcde84ffe6/s9/6a4a2c2e-7234-499f-b180-171b122e1842/current/raft-meta.conf with options [REPLACE_EXISTING]
2025-05-22 15:25:31,307 TRACE util.FileUtils (LogUtils.java:runAndLog(49)) - Successfully ran Atomic Files.move /home/runner/work/ratis/ratis/ratis-examples/target/test/data/3b356627/MiniRaftClusterWithGrpcde84ffe6/s11/6a4a2c2e-7234-499f-b180-171b122e1842/current/raft-meta.conf.tmp to /home/runner/work/ratis/ratis/ratis-examples/target/test/data/3b356627/MiniRaftClusterWithGrpcde84ffe6/s11/6a4a2c2e-7234-499f-b180-171b122e1842/current/raft-meta.conf with options [REPLACE_EXISTING]
2025-05-22 15:25:31,307 TRACE util.FileUtils (LogUtils.java:runAndLog(49)) - Successfully ran Atomic Files.move /home/runner/work/ratis/ratis/ratis-examples/target/test/data/3b356627/MiniRaftClusterWithGrpcde84ffe6/s8/6a4a2c2e-7234-499f-b180-171b122e1842/current/raft-meta.conf.tmp to /home/runner/work/ratis/ratis/ratis-examples/target/test/data/3b356627/MiniRaftClusterWithGrpcde84ffe6/s8/6a4a2c2e-7234-499f-b180-171b122e1842/current/raft-meta.conf with options [REPLACE_EXISTING]
2025-05-22 15:25:31,314 TRACE util.FileUtils (LogUtils.java:supplyAndLog(69)) - Successfully supplied FileChannel.open /home/runner/work/ratis/ratis/ratis-examples/target/test/data/3b356627/MiniRaftClusterWithGrpcde84ffe6/s9/6a4a2c2e-7234-499f-b180-171b122e1842/current/raft-meta.conf.tmp with options [CREATE, TRUNCATE_EXISTING, WRITE]: sun.nio.ch.FileChannelImpl@59e1e442
2025-05-22 15:25:31,314 TRACE util.FileUtils (LogUtils.java:supplyAndLog(69)) - Successfully supplied FileChannel.open /home/runner/work/ratis/ratis/ratis-examples/target/test/data/3b356627/MiniRaftClusterWithGrpcde84ffe6/s8/6a4a2c2e-7234-499f-b180-171b122e1842/current/raft-meta.conf.tmp with options [CREATE, TRUNCATE_EXISTING, WRITE]: sun.nio.ch.FileChannelImpl@59b85b01
2025-05-22 15:25:31,306 TRACE util.FileUtils (LogUtils.java:supplyAndLog(69)) - Successfully supplied FileChannel.open /home/runner/work/ratis/ratis/ratis-examples/target/test/data/3b356627/MiniRaftClusterWithGrpcde84ffe6/s6/6a4a2c2e-7234-499f-b180-171b122e1842/current/raft-meta.conf.tmp with options [CREATE, TRUNCATE_EXISTING, WRITE]: sun.nio.ch.FileChannelImpl@155f3c78
2025-05-22 15:25:31,315 TRACE util.FileUtils (LogUtils.java:supplyAndLog(69)) - Successfully supplied FileChannel.open /home/runner/work/ratis/ratis/ratis-examples/target/test/data/3b356627/MiniRaftClusterWithGrpcde84ffe6/s13/6a4a2c2e-7234-499f-b180-171b122e1842/current/raft-meta.conf.tmp with options [CREATE, TRUNCATE_EXISTING, WRITE]: sun.nio.ch.FileChannelImpl@79e2c19f
2025-05-22 15:25:31,316 TRACE util.FileUtils (LogUtils.java:runAndLog(49)) - Successfully ran Atomic Files.move /home/runner/work/ratis/ratis/ratis-examples/target/test/data/3b356627/MiniRaftClusterWithGrpcde84ffe6/s7/6a4a2c2e-7234-499f-b180-171b122e1842/current/raft-meta.conf.tmp to /home/runner/work/ratis/ratis/ratis-examples/target/test/data/3b356627/MiniRaftClusterWithGrpcde84ffe6/s7/6a4a2c2e-7234-499f-b180-171b122e1842/current/raft-meta.conf with options [REPLACE_EXISTING]
2025-05-22 15:25:31,316 TRACE util.FileUtils (LogUtils.java:supplyAndLog(69)) - Successfully supplied FileChannel.open /home/runner/work/ratis/ratis/ratis-examples/target/test/data/3b356627/MiniRaftClusterWithGrpcde84ffe6/s7/6a4a2c2e-7234-499f-b180-171b122e1842/current/raft-meta.conf.tmp with options [CREATE, TRUNCATE_EXISTING, WRITE]: sun.nio.ch.FileChannelImpl@55b12ca4
2025-05-22 15:25:31,317 TRACE util.FileUtils (LogUtils.java:supplyAndLog(69)) - Successfully supplied FileChannel.open /home/runner/work/ratis/ratis/ratis-examples/target/test/data/3b356627/MiniRaftClusterWithGrpcde84ffe6/s5/6a4a2c2e-7234-499f-b180-171b122e1842/current/raft-meta.conf.tmp with options [CREATE, TRUNCATE_EXISTING, WRITE]: sun.nio.ch.FileChannelImpl@24e0295d
2025-05-22 15:25:31,318 TRACE util.FileUtils (LogUtils.java:runAndLog(49)) - Successfully ran Atomic Files.move /home/runner/work/ratis/ratis/ratis-examples/target/test/data/3b356627/MiniRaftClusterWithGrpcde84ffe6/s12/6a4a2c2e-7234-499f-b180-171b122e1842/current/raft-meta.conf.tmp to /home/runner/work/ratis/ratis/ratis-examples/target/test/data/3b356627/MiniRaftClusterWithGrpcde84ffe6/s12/6a4a2c2e-7234-499f-b180-171b122e1842/current/raft-meta.conf with options [REPLACE_EXISTING]
2025-05-22 15:25:31,319 TRACE util.FileUtils (LogUtils.java:runAndLog(49)) - Successfully ran Atomic Files.move /home/runner/work/ratis/ratis/ratis-examples/target/test/data/3b356627/MiniRaftClusterWithGrpcde84ffe6/s1/6a4a2c2e-7234-499f-b180-171b122e1842/current/raft-meta.conf.tmp to /home/runner/work/ratis/ratis/ratis-examples/target/test/data/3b356627/MiniRaftClusterWithGrpcde84ffe6/s1/6a4a2c2e-7234-499f-b180-171b122e1842/current/raft-meta.conf with options [REPLACE_EXISTING]
2025-05-22 15:25:31,319 TRACE util.FileUtils (LogUtils.java:supplyAndLog(69)) - Successfully supplied FileChannel.open /home/runner/work/ratis/ratis/ratis-examples/target/test/data/3b356627/MiniRaftClusterWithGrpcde84ffe6/s11/6a4a2c2e-7234-499f-b180-171b122e1842/current/raft-meta.conf.tmp with options [CREATE, TRUNCATE_EXISTING, WRITE]: sun.nio.ch.FileChannelImpl@162215bc
2025-05-22 15:25:31,321 INFO  ratis.RaftTestUtil (RaftTestUtil.java:waitForLeader(107)) - printing ALL groups
  s3:  RUNNING [
   FOLLOWER (STARTING): s3@group-5CA96AA9335B:t0, leader=null, voted=, raftlog=Memoized:s3@group-5CA96AA9335B-SegmentedRaftLog:OPENED:c-1:lastnull, conf=conf: {index: -1, cur=peers:[]|listeners:[], old=null}
   FOLLOWER (RUNNING): s3@group-171B122E1842:t1, leader=s14, voted=s14, raftlog=Memoized:s3@group-171B122E1842-SegmentedRaftLog:OPENED:c131:last(t:1, i:132), conf=conf: {index: 131, cur=peers:[s3|0.0.0.0:15003, s4|0.0.0.0:15004, s5|0.0.0.0:15005, s6|0.0.0.0:15006, s7|0.0.0.0:15007, s8|0.0.0.0:15008, s9|0.0.0.0:15009, s11|0.0.0.0:15011, s10|0.0.0.0:15010, s13|0.0.0.0:15013, s12|0.0.0.0:15012, s14|0.0.0.0:15014, s0|0.0.0.0:15000, s1|0.0.0.0:15001, s2|0.0.0.0:15002]|listeners:[], old=null}] size=2
  s4:  RUNNING [
   FOLLOWER (STARTING): s4@group-5CA96AA9335B:t0, leader=null, voted=, raftlog=Memoized:s4@group-5CA96AA9335B-SegmentedRaftLog:OPENED:c-1:lastnull, conf=conf: {index: -1, cur=peers:[]|listeners:[], old=null}
   FOLLOWER (RUNNING): s4@group-171B122E1842:t1, leader=s14, voted=null, raftlog=Memoized:s4@group-171B122E1842-SegmentedRaftLog:OPENED:c131:last(t:1, i:132), conf=conf: {index: 131, cur=peers:[s3|0.0.0.0:15003, s4|0.0.0.0:15004, s5|0.0.0.0:15005, s6|0.0.0.0:15006, s7|0.0.0.0:15007, s8|0.0.0.0:15008, s9|0.0.0.0:15009, s11|0.0.0.0:15011, s10|0.0.0.0:15010, s13|0.0.0.0:15013, s12|0.0.0.0:15012, s14|0.0.0.0:15014, s0|0.0.0.0:15000, s1|0.0.0.0:15001, s2|0.0.0.0:15002]|listeners:[], old=null}] size=2
  s5:  RUNNING [
   FOLLOWER (STARTING): s5@group-5CA96AA9335B:t0, leader=null, voted=, raftlog=Memoized:s5@group-5CA96AA9335B-SegmentedRaftLog:OPENED:c-1:lastnull, conf=conf: {index: -1, cur=peers:[]|listeners:[], old=null}
   FOLLOWER (RUNNING): s5@group-171B122E1842:t1, leader=s14, voted=null, raftlog=Memoized:s5@group-171B122E1842-SegmentedRaftLog:OPENED:c131:last(t:1, i:132), conf=conf: {index: 131, cur=peers:[s3|0.0.0.0:15003, s4|0.0.0.0:15004, s5|0.0.0.0:15005, s6|0.0.0.0:15006, s7|0.0.0.0:15007, s8|0.0.0.0:15008, s9|0.0.0.0:15009, s11|0.0.0.0:15011, s10|0.0.0.0:15010, s13|0.0.0.0:15013, s12|0.0.0.0:15012, s14|0.0.0.0:15014, s0|0.0.0.0:15000, s1|0.0.0.0:15001, s2|0.0.0.0:15002]|listeners:[], old=null}] size=2
  s6:  RUNNING [
   FOLLOWER (STARTING): s6@group-5CA96AA9335B:t0, leader=null, voted=, raftlog=Memoized:s6@group-5CA96AA9335B-SegmentedRaftLog:OPENED:c-1:lastnull, conf=conf: {index: -1, cur=peers:[]|listeners:[], old=null}
   FOLLOWER (RUNNING): s6@group-171B122E1842:t1, leader=s14, voted=null, raftlog=Memoized:s6@group-171B122E1842-SegmentedRaftLog:OPENED:c131:last(t:1, i:132), conf=conf: {index: 131, cur=peers:[s3|0.0.0.0:15003, s4|0.0.0.0:15004, s5|0.0.0.0:15005, s6|0.0.0.0:15006, s7|0.0.0.0:15007, s8|0.0.0.0:15008, s9|0.0.0.0:15009, s11|0.0.0.0:15011, s10|0.0.0.0:15010, s13|0.0.0.0:15013, s12|0.0.0.0:15012, s14|0.0.0.0:15014, s0|0.0.0.0:15000, s1|0.0.0.0:15001, s2|0.0.0.0:15002]|listeners:[], old=null}] size=2
  s7:  RUNNING [
   FOLLOWER (STARTING): s7@group-5CA96AA9335B:t0, leader=null, voted=, raftlog=Memoized:s7@group-5CA96AA9335B-SegmentedRaftLog:OPENED:c-1:lastnull, conf=conf: {index: -1, cur=peers:[]|listeners:[], old=null}
   FOLLOWER (RUNNING): s7@group-171B122E1842:t1, leader=s14, voted=null, raftlog=Memoized:s7@group-171B122E1842-SegmentedRaftLog:OPENED:c131:last(t:1, i:132), conf=conf: {index: 131, cur=peers:[s3|0.0.0.0:15003, s4|0.0.0.0:15004, s5|0.0.0.0:15005, s6|0.0.0.0:15006, s7|0.0.0.0:15007, s8|0.0.0.0:15008, s9|0.0.0.0:15009, s11|0.0.0.0:15011, s10|0.0.0.0:15010, s13|0.0.0.0:15013, s12|0.0.0.0:15012, s14|0.0.0.0:15014, s0|0.0.0.0:15000, s1|0.0.0.0:15001, s2|0.0.0.0:15002]|listeners:[], old=null}] size=2
  s8:  RUNNING [
   FOLLOWER (STARTING): s8@group-5CA96AA9335B:t0, leader=null, voted=, raftlog=Memoized:s8@group-5CA96AA9335B-SegmentedRaftLog:OPENED:c-1:lastnull, conf=conf: {index: -1, cur=peers:[]|listeners:[], old=null}
   FOLLOWER (RUNNING): s8@group-171B122E1842:t1, leader=s14, voted=null, raftlog=Memoized:s8@group-171B122E1842-SegmentedRaftLog:OPENED:c131:last(t:1, i:132), conf=conf: {index: 131, cur=peers:[s3|0.0.0.0:15003, s4|0.0.0.0:15004, s5|0.0.0.0:15005, s6|0.0.0.0:15006, s7|0.0.0.0:15007, s8|0.0.0.0:15008, s9|0.0.0.0:15009, s11|0.0.0.0:15011, s10|0.0.0.0:15010, s13|0.0.0.0:15013, s12|0.0.0.0:15012, s14|0.0.0.0:15014, s0|0.0.0.0:15000, s1|0.0.0.0:15001, s2|0.0.0.0:15002]|listeners:[], old=null}] size=2
  s9:  RUNNING [
   FOLLOWER (STARTING): s9@group-5CA96AA9335B:t0, leader=null, voted=, raftlog=Memoized:s9@group-5CA96AA9335B-SegmentedRaftLog:OPENED:c-1:lastnull, conf=conf: {index: -1, cur=peers:[]|listeners:[], old=null}
   FOLLOWER (RUNNING): s9@group-171B122E1842:t1, leader=s14, voted=null, raftlog=Memoized:s9@group-171B122E1842-SegmentedRaftLog:OPENED:c129:last(t:1, i:132), conf=conf: {index: 131, cur=peers:[s3|0.0.0.0:15003, s4|0.0.0.0:15004, s5|0.0.0.0:15005, s6|0.0.0.0:15006, s7|0.0.0.0:15007, s8|0.0.0.0:15008, s9|0.0.0.0:15009, s11|0.0.0.0:15011, s10|0.0.0.0:15010, s13|0.0.0.0:15013, s12|0.0.0.0:15012, s14|0.0.0.0:15014, s0|0.0.0.0:15000, s1|0.0.0.0:15001, s2|0.0.0.0:15002]|listeners:[], old=null}] size=2
  s11:  RUNNING [
   FOLLOWER (STARTING): s11@group-5CA96AA9335B:t0, leader=null, voted=, raftlog=Memoized:s11@group-5CA96AA9335B-SegmentedRaftLog:OPENED:c-1:lastnull, conf=conf: {index: -1, cur=peers:[]|listeners:[], old=null}
   FOLLOWER (RUNNING): s11@group-171B122E1842:t1, leader=s14, voted=null, raftlog=Memoized:s11@group-171B122E1842-SegmentedRaftLog:OPENED:c131:last(t:1, i:132), conf=conf: {index: 131, cur=peers:[s3|0.0.0.0:15003, s4|0.0.0.0:15004, s5|0.0.0.0:15005, s6|0.0.0.0:15006, s7|0.0.0.0:15007, s8|0.0.0.0:15008, s9|0.0.0.0:15009, s11|0.0.0.0:15011, s10|0.0.0.0:15010, s13|0.0.0.0:15013, s12|0.0.0.0:15012, s14|0.0.0.0:15014, s0|0.0.0.0:15000, s1|0.0.0.0:15001, s2|0.0.0.0:15002]|listeners:[], old=null}] size=2
  s10:  RUNNING [
   FOLLOWER (STARTING): s10@group-5CA96AA9335B:t0, leader=null, voted=, raftlog=Memoized:s10@group-5CA96AA9335B-SegmentedRaftLog:OPENED:c-1:lastnull, conf=conf: {index: -1, cur=peers:[]|listeners:[], old=null}
   FOLLOWER (RUNNING): s10@group-171B122E1842:t1, leader=s14, voted=null, raftlog=Memoized:s10@group-171B122E1842-SegmentedRaftLog:OPENED:c131:last(t:1, i:132), conf=conf: {index: 131, cur=peers:[s3|0.0.0.0:15003, s4|0.0.0.0:15004, s5|0.0.0.0:15005, s6|0.0.0.0:15006, s7|0.0.0.0:15007, s8|0.0.0.0:15008, s9|0.0.0.0:15009, s11|0.0.0.0:15011, s10|0.0.0.0:15010, s13|0.0.0.0:15013, s12|0.0.0.0:15012, s14|0.0.0.0:15014, s0|0.0.0.0:15000, s1|0.0.0.0:15001, s2|0.0.0.0:15002]|listeners:[], old=null}] size=2
  s13:  RUNNING [
   FOLLOWER (STARTING): s13@group-5CA96AA9335B:t0, leader=null, voted=, raftlog=Memoized:s13@group-5CA96AA9335B-SegmentedRaftLog:OPENED:c-1:lastnull, conf=conf: {index: -1, cur=peers:[]|listeners:[], old=null}
   FOLLOWER (RUNNING): s13@group-171B122E1842:t1, leader=s14, voted=null, raftlog=Memoized:s13@group-171B122E1842-SegmentedRaftLog:OPENED:c131:last(t:1, i:132), conf=conf: {index: 131, cur=peers:[s3|0.0.0.0:15003, s4|0.0.0.0:15004, s5|0.0.0.0:15005, s6|0.0.0.0:15006, s7|0.0.0.0:15007, s8|0.0.0.0:15008, s9|0.0.0.0:15009, s11|0.0.0.0:15011, s10|0.0.0.0:15010, s13|0.0.0.0:15013, s12|0.0.0.0:15012, s14|0.0.0.0:15014, s0|0.0.0.0:15000, s1|0.0.0.0:15001, s2|0.0.0.0:15002]|listeners:[], old=null}] size=2
  s12:  RUNNING [
   FOLLOWER (STARTING): s12@group-5CA96AA9335B:t0, leader=null, voted=, raftlog=Memoized:s12@group-5CA96AA9335B-SegmentedRaftLog:OPENED:c-1:lastnull, conf=conf: {index: -1, cur=peers:[]|listeners:[], old=null}
   FOLLOWER (RUNNING): s12@group-171B122E1842:t1, leader=s14, voted=null, raftlog=Memoized:s12@group-171B122E1842-SegmentedRaftLog:OPENED:c131:last(t:1, i:132), conf=conf: {index: 131, cur=peers:[s3|0.0.0.0:15003, s4|0.0.0.0:15004, s5|0.0.0.0:15005, s6|0.0.0.0:15006, s7|0.0.0.0:15007, s8|0.0.0.0:15008, s9|0.0.0.0:15009, s11|0.0.0.0:15011, s10|0.0.0.0:15010, s13|0.0.0.0:15013, s12|0.0.0.0:15012, s14|0.0.0.0:15014, s0|0.0.0.0:15000, s1|0.0.0.0:15001, s2|0.0.0.0:15002]|listeners:[], old=null}] size=2
  s14:  RUNNING [
   FOLLOWER (STARTING): s14@group-5CA96AA9335B:t0, leader=null, voted=, raftlog=Memoized:s14@group-5CA96AA9335B-SegmentedRaftLog:OPENED:c-1:lastnull, conf=conf: {index: -1, cur=peers:[]|listeners:[], old=null}
     LEADER (RUNNING): s14@group-171B122E1842:t1, leader=s14, voted=s14, raftlog=Memoized:s14@group-171B122E1842-SegmentedRaftLog:OPENED:c132:last(t:1, i:132), conf=conf: {index: 131, cur=peers:[s3|0.0.0.0:15003, s4|0.0.0.0:15004, s5|0.0.0.0:15005, s6|0.0.0.0:15006, s7|0.0.0.0:15007, s8|0.0.0.0:15008, s9|0.0.0.0:15009, s11|0.0.0.0:15011, s10|0.0.0.0:15010, s13|0.0.0.0:15013, s12|0.0.0.0:15012, s14|0.0.0.0:15014, s0|0.0.0.0:15000, s1|0.0.0.0:15001, s2|0.0.0.0:15002]|listeners:[], old=null}] size=2
  s0:  RUNNING [
   FOLLOWER (STARTING): s0@group-5CA96AA9335B:t0, leader=null, voted=, raftlog=Memoized:s0@group-5CA96AA9335B-SegmentedRaftLog:OPENED:c-1:lastnull, conf=conf: {index: -1, cur=peers:[]|listeners:[], old=null}
   FOLLOWER (RUNNING): s0@group-171B122E1842:t1, leader=s14, voted=null, raftlog=Memoized:s0@group-171B122E1842-SegmentedRaftLog:OPENED:c131:last(t:1, i:132), conf=conf: {index: 131, cur=peers:[s3|0.0.0.0:15003, s4|0.0.0.0:15004, s5|0.0.0.0:15005, s6|0.0.0.0:15006, s7|0.0.0.0:15007, s8|0.0.0.0:15008, s9|0.0.0.0:15009, s11|0.0.0.0:15011, s10|0.0.0.0:15010, s13|0.0.0.0:15013, s12|0.0.0.0:15012, s14|0.0.0.0:15014, s0|0.0.0.0:15000, s1|0.0.0.0:15001, s2|0.0.0.0:15002]|listeners:[], old=null}] size=2
  s1:  RUNNING [
   FOLLOWER (STARTING): s1@group-5CA96AA9335B:t0, leader=null, voted=, raftlog=Memoized:s1@group-5CA96AA9335B-SegmentedRaftLog:OPENED:c-1:lastnull, conf=conf: {index: -1, cur=peers:[]|listeners:[], old=null}
   FOLLOWER (RUNNING): s1@group-171B122E1842:t1, leader=s14, voted=null, raftlog=Memoized:s1@group-171B122E1842-SegmentedRaftLog:OPENED:c131:last(t:1, i:132), conf=conf: {index: 131, cur=peers:[s3|0.0.0.0:15003, s4|0.0.0.0:15004, s5|0.0.0.0:15005, s6|0.0.0.0:15006, s7|0.0.0.0:15007, s8|0.0.0.0:15008, s9|0.0.0.0:15009, s11|0.0.0.0:15011, s10|0.0.0.0:15010, s13|0.0.0.0:15013, s12|0.0.0.0:15012, s14|0.0.0.0:15014, s0|0.0.0.0:15000, s1|0.0.0.0:15001, s2|0.0.0.0:15002]|listeners:[], old=null}] size=2
  s2:  RUNNING [
   FOLLOWER (STARTING): s2@group-5CA96AA9335B:t0, leader=null, voted=, raftlog=Memoized:s2@group-5CA96AA9335B-SegmentedRaftLog:OPENED:c-1:lastnull, conf=conf: {index: -1, cur=peers:[]|listeners:[], old=null}
   FOLLOWER (RUNNING): s2@group-171B122E1842:t1, leader=s14, voted=s14, raftlog=Memoized:s2@group-171B122E1842-SegmentedRaftLog:OPENED:c131:last(t:1, i:132), conf=conf: {index: 131, cur=peers:[s3|0.0.0.0:15003, s4|0.0.0.0:15004, s5|0.0.0.0:15005, s6|0.0.0.0:15006, s7|0.0.0.0:15007, s8|0.0.0.0:15008, s9|0.0.0.0:15009, s11|0.0.0.0:15011, s10|0.0.0.0:15010, s13|0.0.0.0:15013, s12|0.0.0.0:15012, s14|0.0.0.0:15014, s0|0.0.0.0:15000, s1|0.0.0.0:15001, s2|0.0.0.0:15002]|listeners:[], old=null}] size=2
2025-05-22 15:25:31,322 INFO  ratis.RaftTestUtil (RaftTestUtil.java:waitForLeader(131)) - printing ALL groups
  s3:  RUNNING [
   FOLLOWER (STARTING): s3@group-5CA96AA9335B:t0, leader=null, voted=, raftlog=Memoized:s3@group-5CA96AA9335B-SegmentedRaftLog:OPENED:c-1:lastnull, conf=conf: {index: -1, cur=peers:[]|listeners:[], old=null}
   FOLLOWER (RUNNING): s3@group-171B122E1842:t1, leader=s14, voted=s14, raftlog=Memoized:s3@group-171B122E1842-SegmentedRaftLog:OPENED:c131:last(t:1, i:132), conf=conf: {index: 131, cur=peers:[s3|0.0.0.0:15003, s4|0.0.0.0:15004, s5|0.0.0.0:15005, s6|0.0.0.0:15006, s7|0.0.0.0:15007, s8|0.0.0.0:15008, s9|0.0.0.0:15009, s11|0.0.0.0:15011, s10|0.0.0.0:15010, s13|0.0.0.0:15013, s12|0.0.0.0:15012, s14|0.0.0.0:15014, s0|0.0.0.0:15000, s1|0.0.0.0:15001, s2|0.0.0.0:15002]|listeners:[], old=null}] size=2
  s4:  RUNNING [
   FOLLOWER (STARTING): s4@group-5CA96AA9335B:t0, leader=null, voted=, raftlog=Memoized:s4@group-5CA96AA9335B-SegmentedRaftLog:OPENED:c-1:lastnull, conf=conf: {index: -1, cur=peers:[]|listeners:[], old=null}
   FOLLOWER (RUNNING): s4@group-171B122E1842:t1, leader=s14, voted=null, raftlog=Memoized:s4@group-171B122E1842-SegmentedRaftLog:OPENED:c131:last(t:1, i:132), conf=conf: {index: 131, cur=peers:[s3|0.0.0.0:15003, s4|0.0.0.0:15004, s5|0.0.0.0:15005, s6|0.0.0.0:15006, s7|0.0.0.0:15007, s8|0.0.0.0:15008, s9|0.0.0.0:15009, s11|0.0.0.0:15011, s10|0.0.0.0:15010, s13|0.0.0.0:15013, s12|0.0.0.0:15012, s14|0.0.0.0:15014, s0|0.0.0.0:15000, s1|0.0.0.0:15001, s2|0.0.0.0:15002]|listeners:[], old=null}] size=2
  s5:  RUNNING [
   FOLLOWER (STARTING): s5@group-5CA96AA9335B:t0, leader=null, voted=, raftlog=Memoized:s5@group-5CA96AA9335B-SegmentedRaftLog:OPENED:c-1:lastnull, conf=conf: {index: -1, cur=peers:[]|listeners:[], old=null}
   FOLLOWER (RUNNING): s5@group-171B122E1842:t1, leader=s14, voted=null, raftlog=Memoized:s5@group-171B122E1842-SegmentedRaftLog:OPENED:c131:last(t:1, i:132), conf=conf: {index: 131, cur=peers:[s3|0.0.0.0:15003, s4|0.0.0.0:15004, s5|0.0.0.0:15005, s6|0.0.0.0:15006, s7|0.0.0.0:15007, s8|0.0.0.0:15008, s9|0.0.0.0:15009, s11|0.0.0.0:15011, s10|0.0.0.0:15010, s13|0.0.0.0:15013, s12|0.0.0.0:15012, s14|0.0.0.0:15014, s0|0.0.0.0:15000, s1|0.0.0.0:15001, s2|0.0.0.0:15002]|listeners:[], old=null}] size=2
  s6:  RUNNING [
   FOLLOWER (STARTING): s6@group-5CA96AA9335B:t0, leader=null, voted=, raftlog=Memoized:s6@group-5CA96AA9335B-SegmentedRaftLog:OPENED:c-1:lastnull, conf=conf: {index: -1, cur=peers:[]|listeners:[], old=null}
   FOLLOWER (RUNNING): s6@group-171B122E1842:t1, leader=s14, voted=null, raftlog=Memoized:s6@group-171B122E1842-SegmentedRaftLog:OPENED:c131:last(t:1, i:132), conf=conf: {index: 131, cur=peers:[s3|0.0.0.0:15003, s4|0.0.0.0:15004, s5|0.0.0.0:15005, s6|0.0.0.0:15006, s7|0.0.0.0:15007, s8|0.0.0.0:15008, s9|0.0.0.0:15009, s11|0.0.0.0:15011, s10|0.0.0.0:15010, s13|0.0.0.0:15013, s12|0.0.0.0:15012, s14|0.0.0.0:15014, s0|0.0.0.0:15000, s1|0.0.0.0:15001, s2|0.0.0.0:15002]|listeners:[], old=null}] size=2
  s7:  RUNNING [
   FOLLOWER (STARTING): s7@group-5CA96AA9335B:t0, leader=null, voted=, raftlog=Memoized:s7@group-5CA96AA9335B-SegmentedRaftLog:OPENED:c-1:lastnull, conf=conf: {index: -1, cur=peers:[]|listeners:[], old=null}
   FOLLOWER (RUNNING): s7@group-171B122E1842:t1, leader=s14, voted=null, raftlog=Memoized:s7@group-171B122E1842-SegmentedRaftLog:OPENED:c131:last(t:1, i:132), conf=conf: {index: 131, cur=peers:[s3|0.0.0.0:15003, s4|0.0.0.0:15004, s5|0.0.0.0:15005, s6|0.0.0.0:15006, s7|0.0.0.0:15007, s8|0.0.0.0:15008, s9|0.0.0.0:15009, s11|0.0.0.0:15011, s10|0.0.0.0:15010, s13|0.0.0.0:15013, s12|0.0.0.0:15012, s14|0.0.0.0:15014, s0|0.0.0.0:15000, s1|0.0.0.0:15001, s2|0.0.0.0:15002]|listeners:[], old=null}] size=2
  s8:  RUNNING [
   FOLLOWER (STARTING): s8@group-5CA96AA9335B:t0, leader=null, voted=, raftlog=Memoized:s8@group-5CA96AA9335B-SegmentedRaftLog:OPENED:c-1:lastnull, conf=conf: {index: -1, cur=peers:[]|listeners:[], old=null}
   FOLLOWER (RUNNING): s8@group-171B122E1842:t1, leader=s14, voted=null, raftlog=Memoized:s8@group-171B122E1842-SegmentedRaftLog:OPENED:c131:last(t:1, i:132), conf=conf: {index: 131, cur=peers:[s3|0.0.0.0:15003, s4|0.0.0.0:15004, s5|0.0.0.0:15005, s6|0.0.0.0:15006, s7|0.0.0.0:15007, s8|0.0.0.0:15008, s9|0.0.0.0:15009, s11|0.0.0.0:15011, s10|0.0.0.0:15010, s13|0.0.0.0:15013, s12|0.0.0.0:15012, s14|0.0.0.0:15014, s0|0.0.0.0:15000, s1|0.0.0.0:15001, s2|0.0.0.0:15002]|listeners:[], old=null}] size=2
  s9:  RUNNING [
   FOLLOWER (STARTING): s9@group-5CA96AA9335B:t0, leader=null, voted=, raftlog=Memoized:s9@group-5CA96AA9335B-SegmentedRaftLog:OPENED:c-1:lastnull, conf=conf: {index: -1, cur=peers:[]|listeners:[], old=null}
   FOLLOWER (RUNNING): s9@group-171B122E1842:t1, leader=s14, voted=null, raftlog=Memoized:s9@group-171B122E1842-SegmentedRaftLog:OPENED:c129:last(t:1, i:132), conf=conf: {index: 131, cur=peers:[s3|0.0.0.0:15003, s4|0.0.0.0:15004, s5|0.0.0.0:15005, s6|0.0.0.0:15006, s7|0.0.0.0:15007, s8|0.0.0.0:15008, s9|0.0.0.0:15009, s11|0.0.0.0:15011, s10|0.0.0.0:15010, s13|0.0.0.0:15013, s12|0.0.0.0:15012, s14|0.0.0.0:15014, s0|0.0.0.0:15000, s1|0.0.0.0:15001, s2|0.0.0.0:15002]|listeners:[], old=null}] size=2
  s11:  RUNNING [
   FOLLOWER (STARTING): s11@group-5CA96AA9335B:t0, leader=null, voted=, raftlog=Memoized:s11@group-5CA96AA9335B-SegmentedRaftLog:OPENED:c-1:lastnull, conf=conf: {index: -1, cur=peers:[]|listeners:[], old=null}
   FOLLOWER (RUNNING): s11@group-171B122E1842:t1, leader=s14, voted=null, raftlog=Memoized:s11@group-171B122E1842-SegmentedRaftLog:OPENED:c131:last(t:1, i:132), conf=conf: {index: 131, cur=peers:[s3|0.0.0.0:15003, s4|0.0.0.0:15004, s5|0.0.0.0:15005, s6|0.0.0.0:15006, s7|0.0.0.0:15007, s8|0.0.0.0:15008, s9|0.0.0.0:15009, s11|0.0.0.0:15011, s10|0.0.0.0:15010, s13|0.0.0.0:15013, s12|0.0.0.0:15012, s14|0.0.0.0:15014, s0|0.0.0.0:15000, s1|0.0.0.0:15001, s2|0.0.0.0:15002]|listeners:[], old=null}] size=2
  s10:  RUNNING [
   FOLLOWER (STARTING): s10@group-5CA96AA9335B:t0, leader=null, voted=, raftlog=Memoized:s10@group-5CA96AA9335B-SegmentedRaftLog:OPENED:c-1:lastnull, conf=conf: {index: -1, cur=peers:[]|listeners:[], old=null}
   FOLLOWER (RUNNING): s10@group-171B122E1842:t1, leader=s14, voted=null, raftlog=Memoized:s10@group-171B122E1842-SegmentedRaftLog:OPENED:c131:last(t:1, i:132), conf=conf: {index: 131, cur=peers:[s3|0.0.0.0:15003, s4|0.0.0.0:15004, s5|0.0.0.0:15005, s6|0.0.0.0:15006, s7|0.0.0.0:15007, s8|0.0.0.0:15008, s9|0.0.0.0:15009, s11|0.0.0.0:15011, s10|0.0.0.0:15010, s13|0.0.0.0:15013, s12|0.0.0.0:15012, s14|0.0.0.0:15014, s0|0.0.0.0:15000, s1|0.0.0.0:15001, s2|0.0.0.0:15002]|listeners:[], old=null}] size=2
  s13:  RUNNING [
   FOLLOWER (STARTING): s13@group-5CA96AA9335B:t0, leader=null, voted=, raftlog=Memoized:s13@group-5CA96AA9335B-SegmentedRaftLog:OPENED:c-1:lastnull, conf=conf: {index: -1, cur=peers:[]|listeners:[], old=null}
   FOLLOWER (RUNNING): s13@group-171B122E1842:t1, leader=s14, voted=null, raftlog=Memoized:s13@group-171B122E1842-SegmentedRaftLog:OPENED:c131:last(t:1, i:132), conf=conf: {index: 131, cur=peers:[s3|0.0.0.0:15003, s4|0.0.0.0:15004, s5|0.0.0.0:15005, s6|0.0.0.0:15006, s7|0.0.0.0:15007, s8|0.0.0.0:15008, s9|0.0.0.0:15009, s11|0.0.0.0:15011, s10|0.0.0.0:15010, s13|0.0.0.0:15013, s12|0.0.0.0:15012, s14|0.0.0.0:15014, s0|0.0.0.0:15000, s1|0.0.0.0:15001, s2|0.0.0.0:15002]|listeners:[], old=null}] size=2
  s12:  RUNNING [
   FOLLOWER (STARTING): s12@group-5CA96AA9335B:t0, leader=null, voted=, raftlog=Memoized:s12@group-5CA96AA9335B-SegmentedRaftLog:OPENED:c-1:lastnull, conf=conf: {index: -1, cur=peers:[]|listeners:[], old=null}
   FOLLOWER (RUNNING): s12@group-171B122E1842:t1, leader=s14, voted=null, raftlog=Memoized:s12@group-171B122E1842-SegmentedRaftLog:OPENED:c131:last(t:1, i:132), conf=conf: {index: 131, cur=peers:[s3|0.0.0.0:15003, s4|0.0.0.0:15004, s5|0.0.0.0:15005, s6|0.0.0.0:15006, s7|0.0.0.0:15007, s8|0.0.0.0:15008, s9|0.0.0.0:15009, s11|0.0.0.0:15011, s10|0.0.0.0:15010, s13|0.0.0.0:15013, s12|0.0.0.0:15012, s14|0.0.0.0:15014, s0|0.0.0.0:15000, s1|0.0.0.0:15001, s2|0.0.0.0:15002]|listeners:[], old=null}] size=2
  s14:  RUNNING [
   FOLLOWER (STARTING): s14@group-5CA96AA9335B:t0, leader=null, voted=, raftlog=Memoized:s14@group-5CA96AA9335B-SegmentedRaftLog:OPENED:c-1:lastnull, conf=conf: {index: -1, cur=peers:[]|listeners:[], old=null}
     LEADER (RUNNING): s14@group-171B122E1842:t1, leader=s14, voted=s14, raftlog=Memoized:s14@group-171B122E1842-SegmentedRaftLog:OPENED:c132:last(t:1, i:132), conf=conf: {index: 131, cur=peers:[s3|0.0.0.0:15003, s4|0.0.0.0:15004, s5|0.0.0.0:15005, s6|0.0.0.0:15006, s7|0.0.0.0:15007, s8|0.0.0.0:15008, s9|0.0.0.0:15009, s11|0.0.0.0:15011, s10|0.0.0.0:15010, s13|0.0.0.0:15013, s12|0.0.0.0:15012, s14|0.0.0.0:15014, s0|0.0.0.0:15000, s1|0.0.0.0:15001, s2|0.0.0.0:15002]|listeners:[], old=null}] size=2
  s0:  RUNNING [
   FOLLOWER (STARTING): s0@group-5CA96AA9335B:t0, leader=null, voted=, raftlog=Memoized:s0@group-5CA96AA9335B-SegmentedRaftLog:OPENED:c-1:lastnull, conf=conf: {index: -1, cur=peers:[]|listeners:[], old=null}
   FOLLOWER (RUNNING): s0@group-171B122E1842:t1, leader=s14, voted=null, raftlog=Memoized:s0@group-171B122E1842-SegmentedRaftLog:OPENED:c131:last(t:1, i:132), conf=conf: {index: 131, cur=peers:[s3|0.0.0.0:15003, s4|0.0.0.0:15004, s5|0.0.0.0:15005, s6|0.0.0.0:15006, s7|0.0.0.0:15007, s8|0.0.0.0:15008, s9|0.0.0.0:15009, s11|0.0.0.0:15011, s10|0.0.0.0:15010, s13|0.0.0.0:15013, s12|0.0.0.0:15012, s14|0.0.0.0:15014, s0|0.0.0.0:15000, s1|0.0.0.0:15001, s2|0.0.0.0:15002]|listeners:[], old=null}] size=2
  s1:  RUNNING [
   FOLLOWER (STARTING): s1@group-5CA96AA9335B:t0, leader=null, voted=, raftlog=Memoized:s1@group-5CA96AA9335B-SegmentedRaftLog:OPENED:c-1:lastnull, conf=conf: {index: -1, cur=peers:[]|listeners:[], old=null}
   FOLLOWER (RUNNING): s1@group-171B122E1842:t1, leader=s14, voted=null, raftlog=Memoized:s1@group-171B122E1842-SegmentedRaftLog:OPENED:c131:last(t:1, i:132), conf=conf: {index: 131, cur=peers:[s3|0.0.0.0:15003, s4|0.0.0.0:15004, s5|0.0.0.0:15005, s6|0.0.0.0:15006, s7|0.0.0.0:15007, s8|0.0.0.0:15008, s9|0.0.0.0:15009, s11|0.0.0.0:15011, s10|0.0.0.0:15010, s13|0.0.0.0:15013, s12|0.0.0.0:15012, s14|0.0.0.0:15014, s0|0.0.0.0:15000, s1|0.0.0.0:15001, s2|0.0.0.0:15002]|listeners:[], old=null}] size=2
  s2:  RUNNING [
   FOLLOWER (STARTING): s2@group-5CA96AA9335B:t0, leader=null, voted=, raftlog=Memoized:s2@group-5CA96AA9335B-SegmentedRaftLog:OPENED:c-1:lastnull, conf=conf: {index: -1, cur=peers:[]|listeners:[], old=null}
   FOLLOWER (RUNNING): s2@group-171B122E1842:t1, leader=s14, voted=s14, raftlog=Memoized:s2@group-171B122E1842-SegmentedRaftLog:OPENED:c131:last(t:1, i:132), conf=conf: {index: 131, cur=peers:[s3|0.0.0.0:15003, s4|0.0.0.0:15004, s5|0.0.0.0:15005, s6|0.0.0.0:15006, s7|0.0.0.0:15007, s8|0.0.0.0:15008, s9|0.0.0.0:15009, s11|0.0.0.0:15011, s10|0.0.0.0:15010, s13|0.0.0.0:15013, s12|0.0.0.0:15012, s14|0.0.0.0:15014, s0|0.0.0.0:15000, s1|0.0.0.0:15001, s2|0.0.0.0:15002]|listeners:[], old=null}] size=2
2025-05-22 15:25:31,323 TRACE util.FileUtils (LogUtils.java:runAndLog(49)) - Successfully ran Atomic Files.move /home/runner/work/ratis/ratis/ratis-examples/target/test/data/3b356627/MiniRaftClusterWithGrpcde84ffe6/s13/6a4a2c2e-7234-499f-b180-171b122e1842/current/raft-meta.conf.tmp to /home/runner/work/ratis/ratis/ratis-examples/target/test/data/3b356627/MiniRaftClusterWithGrpcde84ffe6/s13/6a4a2c2e-7234-499f-b180-171b122e1842/current/raft-meta.conf with options [REPLACE_EXISTING]
2025-05-22 15:25:31,323 TRACE util.FileUtils (LogUtils.java:runAndLog(49)) - Successfully ran Atomic Files.move /home/runner/work/ratis/ratis/ratis-examples/target/test/data/3b356627/MiniRaftClusterWithGrpcde84ffe6/s4/6a4a2c2e-7234-499f-b180-171b122e1842/current/raft-meta.conf.tmp to /home/runner/work/ratis/ratis/ratis-examples/target/test/data/3b356627/MiniRaftClusterWithGrpcde84ffe6/s4/6a4a2c2e-7234-499f-b180-171b122e1842/current/raft-meta.conf with options [REPLACE_EXISTING]
2025-05-22 15:25:31,323 TRACE util.FileUtils (LogUtils.java:runAndLog(49)) - Successfully ran Atomic Files.move /home/runner/work/ratis/ratis/ratis-examples/target/test/data/3b356627/MiniRaftClusterWithGrpcde84ffe6/s8/6a4a2c2e-7234-499f-b180-171b122e1842/current/raft-meta.conf.tmp to /home/runner/work/ratis/ratis/ratis-examples/target/test/data/3b356627/MiniRaftClusterWithGrpcde84ffe6/s8/6a4a2c2e-7234-499f-b180-171b122e1842/current/raft-meta.conf with options [REPLACE_EXISTING]
2025-05-22 15:25:31,323 TRACE util.FileUtils (LogUtils.java:runAndLog(49)) - Successfully ran Atomic Files.move /home/runner/work/ratis/ratis/ratis-examples/target/test/data/3b356627/MiniRaftClusterWithGrpcde84ffe6/s5/6a4a2c2e-7234-499f-b180-171b122e1842/current/raft-meta.conf.tmp to /home/runner/work/ratis/ratis/ratis-examples/target/test/data/3b356627/MiniRaftClusterWithGrpcde84ffe6/s5/6a4a2c2e-7234-499f-b180-171b122e1842/current/raft-meta.conf with options [REPLACE_EXISTING]
2025-05-22 15:25:31,322 TRACE util.FileUtils (LogUtils.java:runAndLog(49)) - Successfully ran Atomic Files.move /home/runner/work/ratis/ratis/ratis-examples/target/test/data/3b356627/MiniRaftClusterWithGrpcde84ffe6/s9/6a4a2c2e-7234-499f-b180-171b122e1842/current/raft-meta.conf.tmp to /home/runner/work/ratis/ratis/ratis-examples/target/test/data/3b356627/MiniRaftClusterWithGrpcde84ffe6/s9/6a4a2c2e-7234-499f-b180-171b122e1842/current/raft-meta.conf with options [REPLACE_EXISTING]
2025-05-22 15:25:31,325 TRACE util.FileUtils (LogUtils.java:runAndLog(49)) - Successfully ran Atomic Files.move /home/runner/work/ratis/ratis/ratis-examples/target/test/data/3b356627/MiniRaftClusterWithGrpcde84ffe6/s11/6a4a2c2e-7234-499f-b180-171b122e1842/current/raft-meta.conf.tmp to /home/runner/work/ratis/ratis/ratis-examples/target/test/data/3b356627/MiniRaftClusterWithGrpcde84ffe6/s11/6a4a2c2e-7234-499f-b180-171b122e1842/current/raft-meta.conf with options [REPLACE_EXISTING]
2025-05-22 15:25:31,325 TRACE util.FileUtils (LogUtils.java:runAndLog(49)) - Successfully ran Atomic Files.move /home/runner/work/ratis/ratis/ratis-examples/target/test/data/3b356627/MiniRaftClusterWithGrpcde84ffe6/s7/6a4a2c2e-7234-499f-b180-171b122e1842/current/raft-meta.conf.tmp to /home/runner/work/ratis/ratis/ratis-examples/target/test/data/3b356627/MiniRaftClusterWithGrpcde84ffe6/s7/6a4a2c2e-7234-499f-b180-171b122e1842/current/raft-meta.conf with options [REPLACE_EXISTING]
2025-05-22 15:25:31,325 TRACE util.FileUtils (LogUtils.java:supplyAndLog(69)) - Successfully supplied FileChannel.open /home/runner/work/ratis/ratis/ratis-examples/target/test/data/3b356627/MiniRaftClusterWithGrpcde84ffe6/s7/6a4a2c2e-7234-499f-b180-171b122e1842/current/raft-meta.conf.tmp with options [CREATE, TRUNCATE_EXISTING, WRITE]: sun.nio.ch.FileChannelImpl@1d7613f9
2025-05-22 15:25:31,325 TRACE util.FileUtils (LogUtils.java:supplyAndLog(69)) - Successfully supplied FileChannel.open /home/runner/work/ratis/ratis/ratis-examples/target/test/data/3b356627/MiniRaftClusterWithGrpcde84ffe6/s9/6a4a2c2e-7234-499f-b180-171b122e1842/current/raft-meta.conf.tmp with options [CREATE, TRUNCATE_EXISTING, WRITE]: sun.nio.ch.FileChannelImpl@17a230f6
2025-05-22 15:25:31,327 TRACE util.FileUtils (LogUtils.java:supplyAndLog(69)) - Successfully supplied FileChannel.open /home/runner/work/ratis/ratis/ratis-examples/target/test/data/3b356627/MiniRaftClusterWithGrpcde84ffe6/s13/6a4a2c2e-7234-499f-b180-171b122e1842/current/raft-meta.conf.tmp with options [CREATE, TRUNCATE_EXISTING, WRITE]: sun.nio.ch.FileChannelImpl@6014b88b
2025-05-22 15:25:31,328 TRACE util.FileUtils (LogUtils.java:runAndLog(49)) - Successfully ran Atomic Files.move /home/runner/work/ratis/ratis/ratis-examples/target/test/data/3b356627/MiniRaftClusterWithGrpcde84ffe6/s0/6a4a2c2e-7234-499f-b180-171b122e1842/current/raft-meta.conf.tmp to /home/runner/work/ratis/ratis/ratis-examples/target/test/data/3b356627/MiniRaftClusterWithGrpcde84ffe6/s0/6a4a2c2e-7234-499f-b180-171b122e1842/current/raft-meta.conf with options [REPLACE_EXISTING]
2025-05-22 15:25:31,328 TRACE util.FileUtils (LogUtils.java:supplyAndLog(69)) - Successfully supplied FileChannel.open /home/runner/work/ratis/ratis/ratis-examples/target/test/data/3b356627/MiniRaftClusterWithGrpcde84ffe6/s0/6a4a2c2e-7234-499f-b180-171b122e1842/current/raft-meta.conf.tmp with options [CREATE, TRUNCATE_EXISTING, WRITE]: sun.nio.ch.FileChannelImpl@20f9b75
2025-05-22 15:25:31,329 TRACE util.FileUtils (LogUtils.java:runAndLog(49)) - Successfully ran Atomic Files.move /home/runner/work/ratis/ratis/ratis-examples/target/test/data/3b356627/MiniRaftClusterWithGrpcde84ffe6/s9/6a4a2c2e-7234-499f-b180-171b122e1842/current/raft-meta.conf.tmp to /home/runner/work/ratis/ratis/ratis-examples/target/test/data/3b356627/MiniRaftClusterWithGrpcde84ffe6/s9/6a4a2c2e-7234-499f-b180-171b122e1842/current/raft-meta.conf with options [REPLACE_EXISTING]
2025-05-22 15:25:31,330 TRACE util.FileUtils (LogUtils.java:supplyAndLog(69)) - Successfully supplied FileChannel.open /home/runner/work/ratis/ratis/ratis-examples/target/test/data/3b356627/MiniRaftClusterWithGrpcde84ffe6/s9/6a4a2c2e-7234-499f-b180-171b122e1842/current/raft-meta.conf.tmp with options [CREATE, TRUNCATE_EXISTING, WRITE]: sun.nio.ch.FileChannelImpl@6872bb5d
2025-05-22 15:25:31,330 TRACE util.FileUtils (LogUtils.java:runAndLog(49)) - Successfully ran Atomic Files.move /home/runner/work/ratis/ratis/ratis-examples/target/test/data/3b356627/MiniRaftClusterWithGrpcde84ffe6/s7/6a4a2c2e-7234-499f-b180-171b122e1842/current/raft-meta.conf.tmp to /home/runner/work/ratis/ratis/ratis-examples/target/test/data/3b356627/MiniRaftClusterWithGrpcde84ffe6/s7/6a4a2c2e-7234-499f-b180-171b122e1842/current/raft-meta.conf with options [REPLACE_EXISTING]
2025-05-22 15:25:31,331 TRACE util.FileUtils (LogUtils.java:runAndLog(49)) - Successfully ran Atomic Files.move /home/runner/work/ratis/ratis/ratis-examples/target/test/data/3b356627/MiniRaftClusterWithGrpcde84ffe6/s6/6a4a2c2e-7234-499f-b180-171b122e1842/current/raft-meta.conf.tmp to /home/runner/work/ratis/ratis/ratis-examples/target/test/data/3b356627/MiniRaftClusterWithGrpcde84ffe6/s6/6a4a2c2e-7234-499f-b180-171b122e1842/current/raft-meta.conf with options [REPLACE_EXISTING]
2025-05-22 15:25:31,332 TRACE util.FileUtils (LogUtils.java:supplyAndLog(69)) - Successfully supplied FileChannel.open /home/runner/work/ratis/ratis/ratis-examples/target/test/data/3b356627/MiniRaftClusterWithGrpcde84ffe6/s6/6a4a2c2e-7234-499f-b180-171b122e1842/current/raft-meta.conf.tmp with options [CREATE, TRUNCATE_EXISTING, WRITE]: sun.nio.ch.FileChannelImpl@6af527df
2025-05-22 15:25:31,334 TRACE util.FileUtils (LogUtils.java:runAndLog(49)) - Successfully ran Atomic Files.move /home/runner/work/ratis/ratis/ratis-examples/target/test/data/3b356627/MiniRaftClusterWithGrpcde84ffe6/s0/6a4a2c2e-7234-499f-b180-171b122e1842/current/raft-meta.conf.tmp to /home/runner/work/ratis/ratis/ratis-examples/target/test/data/3b356627/MiniRaftClusterWithGrpcde84ffe6/s0/6a4a2c2e-7234-499f-b180-171b122e1842/current/raft-meta.conf with options [REPLACE_EXISTING]
2025-05-22 15:25:31,335 TRACE util.FileUtils (LogUtils.java:runAndLog(49)) - Successfully ran Atomic Files.move /home/runner/work/ratis/ratis/ratis-examples/target/test/data/3b356627/MiniRaftClusterWithGrpcde84ffe6/s13/6a4a2c2e-7234-499f-b180-171b122e1842/current/raft-meta.conf.tmp to /home/runner/work/ratis/ratis/ratis-examples/target/test/data/3b356627/MiniRaftClusterWithGrpcde84ffe6/s13/6a4a2c2e-7234-499f-b180-171b122e1842/current/raft-meta.conf with options [REPLACE_EXISTING]
2025-05-22 15:25:31,335 TRACE util.FileUtils (LogUtils.java:runAndLog(49)) - Successfully ran Atomic Files.move /home/runner/work/ratis/ratis/ratis-examples/target/test/data/3b356627/MiniRaftClusterWithGrpcde84ffe6/s9/6a4a2c2e-7234-499f-b180-171b122e1842/current/raft-meta.conf.tmp to /home/runner/work/ratis/ratis/ratis-examples/target/test/data/3b356627/MiniRaftClusterWithGrpcde84ffe6/s9/6a4a2c2e-7234-499f-b180-171b122e1842/current/raft-meta.conf with options [REPLACE_EXISTING]
2025-05-22 15:25:31,337 TRACE util.FileUtils (LogUtils.java:supplyAndLog(69)) - Successfully supplied FileChannel.open /home/runner/work/ratis/ratis/ratis-examples/target/test/data/3b356627/MiniRaftClusterWithGrpcde84ffe6/s9/6a4a2c2e-7234-499f-b180-171b122e1842/current/raft-meta.conf.tmp with options [CREATE, TRUNCATE_EXISTING, WRITE]: sun.nio.ch.FileChannelImpl@6fdb3140
2025-05-22 15:25:31,337 TRACE util.FileUtils (LogUtils.java:runAndLog(49)) - Successfully ran Atomic Files.move /home/runner/work/ratis/ratis/ratis-examples/target/test/data/3b356627/MiniRaftClusterWithGrpcde84ffe6/s6/6a4a2c2e-7234-499f-b180-171b122e1842/current/raft-meta.conf.tmp to /home/runner/work/ratis/ratis/ratis-examples/target/test/data/3b356627/MiniRaftClusterWithGrpcde84ffe6/s6/6a4a2c2e-7234-499f-b180-171b122e1842/current/raft-meta.conf with options [REPLACE_EXISTING]
2025-05-22 15:25:31,339 TRACE util.FileUtils (LogUtils.java:runAndLog(49)) - Successfully ran Atomic Files.move /home/runner/work/ratis/ratis/ratis-examples/target/test/data/3b356627/MiniRaftClusterWithGrpcde84ffe6/s9/6a4a2c2e-7234-499f-b180-171b122e1842/current/raft-meta.conf.tmp to /home/runner/work/ratis/ratis/ratis-examples/target/test/data/3b356627/MiniRaftClusterWithGrpcde84ffe6/s9/6a4a2c2e-7234-499f-b180-171b122e1842/current/raft-meta.conf with options [REPLACE_EXISTING]
2025-05-22 15:25:31,344 INFO  statemachine.StateMachine (ArithmeticStateMachine.java:applyTransaction(181)) - LEADER:s14-133: a = 103 = 103
2025-05-22 15:25:31,363 INFO  statemachine.StateMachine (ArithmeticStateMachine.java:applyTransaction(181)) - LEADER:s14-135: b = 5304 = 5304
2025-05-22 15:25:31,396 INFO  statemachine.StateMachine (ArithmeticStateMachine.java:applyTransaction(181)) - LEADER:s14-137: c = √(a^2 + b^2) = 5305
2025-05-22 15:25:31,413 INFO  statemachine.StateMachine (ArithmeticStateMachine.java:applyTransaction(181)) - LEADER:s14-139: a = null = null
2025-05-22 15:25:31,426 INFO  statemachine.StateMachine (ArithmeticStateMachine.java:applyTransaction(181)) - LEADER:s14-141: b = null = null
2025-05-22 15:25:31,440 INFO  statemachine.StateMachine (ArithmeticStateMachine.java:applyTransaction(181)) - LEADER:s14-143: c = null = null
2025-05-22 15:25:31,454 INFO  statemachine.StateMachine (ArithmeticStateMachine.java:applyTransaction(181)) - LEADER:s14-145: a = 105 = 105
2025-05-22 15:25:31,468 INFO  statemachine.StateMachine (ArithmeticStateMachine.java:applyTransaction(181)) - LEADER:s14-147: b = 5512 = 5512
2025-05-22 15:25:31,482 INFO  statemachine.StateMachine (ArithmeticStateMachine.java:applyTransaction(181)) - LEADER:s14-149: c = √(a^2 + b^2) = 5513
2025-05-22 15:25:31,498 INFO  statemachine.StateMachine (ArithmeticStateMachine.java:applyTransaction(181)) - LEADER:s14-151: a = null = null
2025-05-22 15:25:31,510 INFO  statemachine.StateMachine (ArithmeticStateMachine.java:applyTransaction(181)) - LEADER:s14-153: b = null = null
2025-05-22 15:25:31,526 INFO  statemachine.StateMachine (ArithmeticStateMachine.java:applyTransaction(181)) - LEADER:s14-155: c = null = null
2025-05-22 15:25:31,541 INFO  statemachine.StateMachine (ArithmeticStateMachine.java:applyTransaction(181)) - LEADER:s14-157: a = 107 = 107
2025-05-22 15:25:31,554 INFO  statemachine.StateMachine (ArithmeticStateMachine.java:applyTransaction(181)) - LEADER:s14-159: b = 5724 = 5724
2025-05-22 15:25:31,570 INFO  statemachine.StateMachine (ArithmeticStateMachine.java:applyTransaction(181)) - LEADER:s14-161: c = √(a^2 + b^2) = 5725
2025-05-22 15:25:31,583 INFO  statemachine.StateMachine (ArithmeticStateMachine.java:applyTransaction(181)) - LEADER:s14-163: a = null = null
2025-05-22 15:25:31,596 INFO  statemachine.StateMachine (ArithmeticStateMachine.java:applyTransaction(181)) - LEADER:s14-165: b = null = null
2025-05-22 15:25:31,610 INFO  statemachine.StateMachine (ArithmeticStateMachine.java:applyTransaction(181)) - LEADER:s14-167: c = null = null
2025-05-22 15:25:31,623 INFO  statemachine.StateMachine (ArithmeticStateMachine.java:applyTransaction(181)) - LEADER:s14-169: a = 109 = 109
2025-05-22 15:25:31,636 INFO  statemachine.StateMachine (ArithmeticStateMachine.java:applyTransaction(181)) - LEADER:s14-171: b = 5940 = 5940
2025-05-22 15:25:31,647 INFO  statemachine.StateMachine (ArithmeticStateMachine.java:applyTransaction(181)) - LEADER:s14-173: c = √(a^2 + b^2) = 5941
2025-05-22 15:25:31,660 INFO  statemachine.StateMachine (ArithmeticStateMachine.java:applyTransaction(181)) - LEADER:s14-175: a = null = null
2025-05-22 15:25:31,672 INFO  statemachine.StateMachine (ArithmeticStateMachine.java:applyTransaction(181)) - LEADER:s14-177: b = null = null
2025-05-22 15:25:31,686 INFO  statemachine.StateMachine (ArithmeticStateMachine.java:applyTransaction(181)) - LEADER:s14-179: c = null = null
2025-05-22 15:25:31,696 INFO  statemachine.StateMachine (ArithmeticStateMachine.java:applyTransaction(181)) - LEADER:s14-181: a = 111 = 111
2025-05-22 15:25:31,709 INFO  statemachine.StateMachine (ArithmeticStateMachine.java:applyTransaction(181)) - LEADER:s14-183: b = 6160 = 6160
2025-05-22 15:25:31,723 INFO  statemachine.StateMachine (ArithmeticStateMachine.java:applyTransaction(181)) - LEADER:s14-185: c = √(a^2 + b^2) = 6161
2025-05-22 15:25:31,736 INFO  statemachine.StateMachine (ArithmeticStateMachine.java:applyTransaction(181)) - LEADER:s14-187: a = null = null
2025-05-22 15:25:31,749 INFO  statemachine.StateMachine (ArithmeticStateMachine.java:applyTransaction(181)) - LEADER:s14-189: b = null = null
2025-05-22 15:25:31,761 INFO  statemachine.StateMachine (ArithmeticStateMachine.java:applyTransaction(181)) - LEADER:s14-191: c = null = null
2025-05-22 15:25:31,773 INFO  statemachine.StateMachine (ArithmeticStateMachine.java:applyTransaction(181)) - LEADER:s14-193: a = 113 = 113
2025-05-22 15:25:31,787 INFO  statemachine.StateMachine (ArithmeticStateMachine.java:applyTransaction(181)) - LEADER:s14-195: b = 6384 = 6384
2025-05-22 15:25:31,801 INFO  statemachine.StateMachine (ArithmeticStateMachine.java:applyTransaction(181)) - LEADER:s14-197: c = √(a^2 + b^2) = 6385
2025-05-22 15:25:31,816 INFO  statemachine.StateMachine (ArithmeticStateMachine.java:applyTransaction(181)) - LEADER:s14-199: a = null = null
2025-05-22 15:25:31,829 INFO  statemachine.StateMachine (ArithmeticStateMachine.java:applyTransaction(181)) - LEADER:s14-201: b = null = null
2025-05-22 15:25:31,841 INFO  statemachine.StateMachine (ArithmeticStateMachine.java:applyTransaction(181)) - LEADER:s14-203: c = null = null
2025-05-22 15:25:31,852 INFO  statemachine.StateMachine (ArithmeticStateMachine.java:applyTransaction(181)) - LEADER:s14-205: a = 115 = 115
2025-05-22 15:25:31,863 INFO  statemachine.StateMachine (ArithmeticStateMachine.java:applyTransaction(181)) - LEADER:s14-207: b = 6612 = 6612
2025-05-22 15:25:31,875 INFO  statemachine.StateMachine (ArithmeticStateMachine.java:applyTransaction(181)) - LEADER:s14-209: c = √(a^2 + b^2) = 6613
2025-05-22 15:25:31,889 INFO  statemachine.StateMachine (ArithmeticStateMachine.java:applyTransaction(181)) - LEADER:s14-211: a = null = null
2025-05-22 15:25:31,900 INFO  statemachine.StateMachine (ArithmeticStateMachine.java:applyTransaction(181)) - LEADER:s14-213: b = null = null
2025-05-22 15:25:31,912 INFO  statemachine.StateMachine (ArithmeticStateMachine.java:applyTransaction(181)) - LEADER:s14-215: c = null = null
2025-05-22 15:25:31,926 INFO  statemachine.StateMachine (ArithmeticStateMachine.java:applyTransaction(181)) - LEADER:s14-217: a = 117 = 117
2025-05-22 15:25:31,939 INFO  statemachine.StateMachine (ArithmeticStateMachine.java:applyTransaction(181)) - LEADER:s14-219: b = 6844 = 6844
2025-05-22 15:25:31,979 INFO  statemachine.StateMachine (ArithmeticStateMachine.java:applyTransaction(181)) - LEADER:s14-221: c = √(a^2 + b^2) = 6845
2025-05-22 15:25:31,995 INFO  statemachine.StateMachine (ArithmeticStateMachine.java:applyTransaction(181)) - LEADER:s14-223: a = null = null
2025-05-22 15:25:32,010 INFO  statemachine.StateMachine (ArithmeticStateMachine.java:applyTransaction(181)) - LEADER:s14-225: b = null = null
2025-05-22 15:25:32,026 INFO  statemachine.StateMachine (ArithmeticStateMachine.java:applyTransaction(181)) - LEADER:s14-227: c = null = null
2025-05-22 15:25:32,041 INFO  statemachine.StateMachine (ArithmeticStateMachine.java:applyTransaction(181)) - LEADER:s14-229: a = 119 = 119
2025-05-22 15:25:32,057 INFO  statemachine.StateMachine (ArithmeticStateMachine.java:applyTransaction(181)) - LEADER:s14-231: b = 7080 = 7080
2025-05-22 15:25:32,072 INFO  statemachine.StateMachine (ArithmeticStateMachine.java:applyTransaction(181)) - LEADER:s14-233: c = √(a^2 + b^2) = 7081
2025-05-22 15:25:32,086 INFO  statemachine.StateMachine (ArithmeticStateMachine.java:applyTransaction(181)) - LEADER:s14-235: a = null = null
2025-05-22 15:25:32,100 INFO  statemachine.StateMachine (ArithmeticStateMachine.java:applyTransaction(181)) - LEADER:s14-237: b = null = null
2025-05-22 15:25:32,115 INFO  statemachine.StateMachine (ArithmeticStateMachine.java:applyTransaction(181)) - LEADER:s14-239: c = null = null
2025-05-22 15:25:32,128 INFO  statemachine.StateMachine (ArithmeticStateMachine.java:applyTransaction(181)) - LEADER:s14-241: a = 121 = 121
2025-05-22 15:25:32,143 INFO  statemachine.StateMachine (ArithmeticStateMachine.java:applyTransaction(181)) - LEADER:s14-243: b = 7320 = 7320
2025-05-22 15:25:32,157 INFO  statemachine.StateMachine (ArithmeticStateMachine.java:applyTransaction(181)) - LEADER:s14-245: c = √(a^2 + b^2) = 7321
2025-05-22 15:25:32,173 INFO  statemachine.StateMachine (ArithmeticStateMachine.java:applyTransaction(181)) - LEADER:s14-247: a = null = null
2025-05-22 15:25:32,187 INFO  statemachine.StateMachine (ArithmeticStateMachine.java:applyTransaction(181)) - LEADER:s14-249: b = null = null
2025-05-22 15:25:32,202 INFO  statemachine.StateMachine (ArithmeticStateMachine.java:applyTransaction(181)) - LEADER:s14-251: c = null = null
2025-05-22 15:25:32,211 INFO  impl.GroupManagementBaseTest (GroupManagementBaseTest.java:runMultiGroupTest(340)) - update groups: printing ALL groups
  s3:  RUNNING [
   FOLLOWER (STARTING): s3@group-5CA96AA9335B:t0, leader=null, voted=, raftlog=Memoized:s3@group-5CA96AA9335B-SegmentedRaftLog:OPENED:c-1:lastnull, conf=conf: {index: -1, cur=peers:[]|listeners:[], old=null}
   FOLLOWER (RUNNING): s3@group-171B122E1842:t1, leader=s14, voted=s14, raftlog=Memoized:s3@group-171B122E1842-SegmentedRaftLog:OPENED:c251:last(t:1, i:252), conf=conf: {index: 131, cur=peers:[s3|0.0.0.0:15003, s4|0.0.0.0:15004, s5|0.0.0.0:15005, s6|0.0.0.0:15006, s7|0.0.0.0:15007, s8|0.0.0.0:15008, s9|0.0.0.0:15009, s11|0.0.0.0:15011, s10|0.0.0.0:15010, s13|0.0.0.0:15013, s12|0.0.0.0:15012, s14|0.0.0.0:15014, s0|0.0.0.0:15000, s1|0.0.0.0:15001, s2|0.0.0.0:15002]|listeners:[], old=null}] size=2
  s4:  RUNNING [
   FOLLOWER (STARTING): s4@group-5CA96AA9335B:t0, leader=null, voted=, raftlog=Memoized:s4@group-5CA96AA9335B-SegmentedRaftLog:OPENED:c-1:lastnull, conf=conf: {index: -1, cur=peers:[]|listeners:[], old=null}
   FOLLOWER (RUNNING): s4@group-171B122E1842:t1, leader=s14, voted=null, raftlog=Memoized:s4@group-171B122E1842-SegmentedRaftLog:OPENED:c251:last(t:1, i:252), conf=conf: {index: 131, cur=peers:[s3|0.0.0.0:15003, s4|0.0.0.0:15004, s5|0.0.0.0:15005, s6|0.0.0.0:15006, s7|0.0.0.0:15007, s8|0.0.0.0:15008, s9|0.0.0.0:15009, s11|0.0.0.0:15011, s10|0.0.0.0:15010, s13|0.0.0.0:15013, s12|0.0.0.0:15012, s14|0.0.0.0:15014, s0|0.0.0.0:15000, s1|0.0.0.0:15001, s2|0.0.0.0:15002]|listeners:[], old=null}] size=2
  s5:  RUNNING [
   FOLLOWER (STARTING): s5@group-5CA96AA9335B:t0, leader=null, voted=, raftlog=Memoized:s5@group-5CA96AA9335B-SegmentedRaftLog:OPENED:c-1:lastnull, conf=conf: {index: -1, cur=peers:[]|listeners:[], old=null}
   FOLLOWER (RUNNING): s5@group-171B122E1842:t1, leader=s14, voted=null, raftlog=Memoized:s5@group-171B122E1842-SegmentedRaftLog:OPENED:c251:last(t:1, i:252), conf=conf: {index: 131, cur=peers:[s3|0.0.0.0:15003, s4|0.0.0.0:15004, s5|0.0.0.0:15005, s6|0.0.0.0:15006, s7|0.0.0.0:15007, s8|0.0.0.0:15008, s9|0.0.0.0:15009, s11|0.0.0.0:15011, s10|0.0.0.0:15010, s13|0.0.0.0:15013, s12|0.0.0.0:15012, s14|0.0.0.0:15014, s0|0.0.0.0:15000, s1|0.0.0.0:15001, s2|0.0.0.0:15002]|listeners:[], old=null}] size=2
  s6:  RUNNING [
   FOLLOWER (STARTING): s6@group-5CA96AA9335B:t0, leader=null, voted=, raftlog=Memoized:s6@group-5CA96AA9335B-SegmentedRaftLog:OPENED:c-1:lastnull, conf=conf: {index: -1, cur=peers:[]|listeners:[], old=null}
   FOLLOWER (RUNNING): s6@group-171B122E1842:t1, leader=s14, voted=null, raftlog=Memoized:s6@group-171B122E1842-SegmentedRaftLog:OPENED:c251:last(t:1, i:252), conf=conf: {index: 131, cur=peers:[s3|0.0.0.0:15003, s4|0.0.0.0:15004, s5|0.0.0.0:15005, s6|0.0.0.0:15006, s7|0.0.0.0:15007, s8|0.0.0.0:15008, s9|0.0.0.0:15009, s11|0.0.0.0:15011, s10|0.0.0.0:15010, s13|0.0.0.0:15013, s12|0.0.0.0:15012, s14|0.0.0.0:15014, s0|0.0.0.0:15000, s1|0.0.0.0:15001, s2|0.0.0.0:15002]|listeners:[], old=null}] size=2
  s7:  RUNNING [
   FOLLOWER (STARTING): s7@group-5CA96AA9335B:t0, leader=null, voted=, raftlog=Memoized:s7@group-5CA96AA9335B-SegmentedRaftLog:OPENED:c-1:lastnull, conf=conf: {index: -1, cur=peers:[]|listeners:[], old=null}
   FOLLOWER (RUNNING): s7@group-171B122E1842:t1, leader=s14, voted=null, raftlog=Memoized:s7@group-171B122E1842-SegmentedRaftLog:OPENED:c251:last(t:1, i:252), conf=conf: {index: 131, cur=peers:[s3|0.0.0.0:15003, s4|0.0.0.0:15004, s5|0.0.0.0:15005, s6|0.0.0.0:15006, s7|0.0.0.0:15007, s8|0.0.0.0:15008, s9|0.0.0.0:15009, s11|0.0.0.0:15011, s10|0.0.0.0:15010, s13|0.0.0.0:15013, s12|0.0.0.0:15012, s14|0.0.0.0:15014, s0|0.0.0.0:15000, s1|0.0.0.0:15001, s2|0.0.0.0:15002]|listeners:[], old=null}] size=2
  s8:  RUNNING [
   FOLLOWER (STARTING): s8@group-5CA96AA9335B:t0, leader=null, voted=, raftlog=Memoized:s8@group-5CA96AA9335B-SegmentedRaftLog:OPENED:c-1:lastnull, conf=conf: {index: -1, cur=peers:[]|listeners:[], old=null}
   FOLLOWER (RUNNING): s8@group-171B122E1842:t1, leader=s14, voted=null, raftlog=Memoized:s8@group-171B122E1842-SegmentedRaftLog:OPENED:c251:last(t:1, i:252), conf=conf: {index: 131, cur=peers:[s3|0.0.0.0:15003, s4|0.0.0.0:15004, s5|0.0.0.0:15005, s6|0.0.0.0:15006, s7|0.0.0.0:15007, s8|0.0.0.0:15008, s9|0.0.0.0:15009, s11|0.0.0.0:15011, s10|0.0.0.0:15010, s13|0.0.0.0:15013, s12|0.0.0.0:15012, s14|0.0.0.0:15014, s0|0.0.0.0:15000, s1|0.0.0.0:15001, s2|0.0.0.0:15002]|listeners:[], old=null}] size=2
  s9:  RUNNING [
   FOLLOWER (STARTING): s9@group-5CA96AA9335B:t0, leader=null, voted=, raftlog=Memoized:s9@group-5CA96AA9335B-SegmentedRaftLog:OPENED:c-1:lastnull, conf=conf: {index: -1, cur=peers:[]|listeners:[], old=null}
   FOLLOWER (RUNNING): s9@group-171B122E1842:t1, leader=s14, voted=null, raftlog=Memoized:s9@group-171B122E1842-SegmentedRaftLog:OPENED:c251:last(t:1, i:252), conf=conf: {index: 131, cur=peers:[s3|0.0.0.0:15003, s4|0.0.0.0:15004, s5|0.0.0.0:15005, s6|0.0.0.0:15006, s7|0.0.0.0:15007, s8|0.0.0.0:15008, s9|0.0.0.0:15009, s11|0.0.0.0:15011, s10|0.0.0.0:15010, s13|0.0.0.0:15013, s12|0.0.0.0:15012, s14|0.0.0.0:15014, s0|0.0.0.0:15000, s1|0.0.0.0:15001, s2|0.0.0.0:15002]|listeners:[], old=null}] size=2
  s11:  RUNNING [
   FOLLOWER (STARTING): s11@group-5CA96AA9335B:t0, leader=null, voted=, raftlog=Memoized:s11@group-5CA96AA9335B-SegmentedRaftLog:OPENED:c-1:lastnull, conf=conf: {index: -1, cur=peers:[]|listeners:[], old=null}
   FOLLOWER (RUNNING): s11@group-171B122E1842:t1, leader=s14, voted=null, raftlog=Memoized:s11@group-171B122E1842-SegmentedRaftLog:OPENED:c251:last(t:1, i:252), conf=conf: {index: 131, cur=peers:[s3|0.0.0.0:15003, s4|0.0.0.0:15004, s5|0.0.0.0:15005, s6|0.0.0.0:15006, s7|0.0.0.0:15007, s8|0.0.0.0:15008, s9|0.0.0.0:15009, s11|0.0.0.0:15011, s10|0.0.0.0:15010, s13|0.0.0.0:15013, s12|0.0.0.0:15012, s14|0.0.0.0:15014, s0|0.0.0.0:15000, s1|0.0.0.0:15001, s2|0.0.0.0:15002]|listeners:[], old=null}] size=2
  s10:  RUNNING [
   FOLLOWER (STARTING): s10@group-5CA96AA9335B:t0, leader=null, voted=, raftlog=Memoized:s10@group-5CA96AA9335B-SegmentedRaftLog:OPENED:c-1:lastnull, conf=conf: {index: -1, cur=peers:[]|listeners:[], old=null}
   FOLLOWER (RUNNING): s10@group-171B122E1842:t1, leader=s14, voted=null, raftlog=Memoized:s10@group-171B122E1842-SegmentedRaftLog:OPENED:c251:last(t:1, i:252), conf=conf: {index: 131, cur=peers:[s3|0.0.0.0:15003, s4|0.0.0.0:15004, s5|0.0.0.0:15005, s6|0.0.0.0:15006, s7|0.0.0.0:15007, s8|0.0.0.0:15008, s9|0.0.0.0:15009, s11|0.0.0.0:15011, s10|0.0.0.0:15010, s13|0.0.0.0:15013, s12|0.0.0.0:15012, s14|0.0.0.0:15014, s0|0.0.0.0:15000, s1|0.0.0.0:15001, s2|0.0.0.0:15002]|listeners:[], old=null}] size=2
  s13:  RUNNING [
   FOLLOWER (STARTING): s13@group-5CA96AA9335B:t0, leader=null, voted=, raftlog=Memoized:s13@group-5CA96AA9335B-SegmentedRaftLog:OPENED:c-1:lastnull, conf=conf: {index: -1, cur=peers:[]|listeners:[], old=null}
   FOLLOWER (RUNNING): s13@group-171B122E1842:t1, leader=s14, voted=null, raftlog=Memoized:s13@group-171B122E1842-SegmentedRaftLog:OPENED:c251:last(t:1, i:252), conf=conf: {index: 131, cur=peers:[s3|0.0.0.0:15003, s4|0.0.0.0:15004, s5|0.0.0.0:15005, s6|0.0.0.0:15006, s7|0.0.0.0:15007, s8|0.0.0.0:15008, s9|0.0.0.0:15009, s11|0.0.0.0:15011, s10|0.0.0.0:15010, s13|0.0.0.0:15013, s12|0.0.0.0:15012, s14|0.0.0.0:15014, s0|0.0.0.0:15000, s1|0.0.0.0:15001, s2|0.0.0.0:15002]|listeners:[], old=null}] size=2
  s12:  RUNNING [
   FOLLOWER (STARTING): s12@group-5CA96AA9335B:t0, leader=null, voted=, raftlog=Memoized:s12@group-5CA96AA9335B-SegmentedRaftLog:OPENED:c-1:lastnull, conf=conf: {index: -1, cur=peers:[]|listeners:[], old=null}
   FOLLOWER (RUNNING): s12@group-171B122E1842:t1, leader=s14, voted=null, raftlog=Memoized:s12@group-171B122E1842-SegmentedRaftLog:OPENED:c251:last(t:1, i:252), conf=conf: {index: 131, cur=peers:[s3|0.0.0.0:15003, s4|0.0.0.0:15004, s5|0.0.0.0:15005, s6|0.0.0.0:15006, s7|0.0.0.0:15007, s8|0.0.0.0:15008, s9|0.0.0.0:15009, s11|0.0.0.0:15011, s10|0.0.0.0:15010, s13|0.0.0.0:15013, s12|0.0.0.0:15012, s14|0.0.0.0:15014, s0|0.0.0.0:15000, s1|0.0.0.0:15001, s2|0.0.0.0:15002]|listeners:[], old=null}] size=2
  s14:  RUNNING [
   FOLLOWER (STARTING): s14@group-5CA96AA9335B:t0, leader=null, voted=, raftlog=Memoized:s14@group-5CA96AA9335B-SegmentedRaftLog:OPENED:c-1:lastnull, conf=conf: {index: -1, cur=peers:[]|listeners:[], old=null}
     LEADER (RUNNING): s14@group-171B122E1842:t1, leader=s14, voted=s14, raftlog=Memoized:s14@group-171B122E1842-SegmentedRaftLog:OPENED:c252:last(t:1, i:252), conf=conf: {index: 131, cur=peers:[s3|0.0.0.0:15003, s4|0.0.0.0:15004, s5|0.0.0.0:15005, s6|0.0.0.0:15006, s7|0.0.0.0:15007, s8|0.0.0.0:15008, s9|0.0.0.0:15009, s11|0.0.0.0:15011, s10|0.0.0.0:15010, s13|0.0.0.0:15013, s12|0.0.0.0:15012, s14|0.0.0.0:15014, s0|0.0.0.0:15000, s1|0.0.0.0:15001, s2|0.0.0.0:15002]|listeners:[], old=null}] size=2
  s0:  RUNNING [
   FOLLOWER (STARTING): s0@group-5CA96AA9335B:t0, leader=null, voted=, raftlog=Memoized:s0@group-5CA96AA9335B-SegmentedRaftLog:OPENED:c-1:lastnull, conf=conf: {index: -1, cur=peers:[]|listeners:[], old=null}
   FOLLOWER (RUNNING): s0@group-171B122E1842:t1, leader=s14, voted=null, raftlog=Memoized:s0@group-171B122E1842-SegmentedRaftLog:OPENED:c251:last(t:1, i:252), conf=conf: {index: 131, cur=peers:[s3|0.0.0.0:15003, s4|0.0.0.0:15004, s5|0.0.0.0:15005, s6|0.0.0.0:15006, s7|0.0.0.0:15007, s8|0.0.0.0:15008, s9|0.0.0.0:15009, s11|0.0.0.0:15011, s10|0.0.0.0:15010, s13|0.0.0.0:15013, s12|0.0.0.0:15012, s14|0.0.0.0:15014, s0|0.0.0.0:15000, s1|0.0.0.0:15001, s2|0.0.0.0:15002]|listeners:[], old=null}] size=2
  s1:  RUNNING [
   FOLLOWER (STARTING): s1@group-5CA96AA9335B:t0, leader=null, voted=, raftlog=Memoized:s1@group-5CA96AA9335B-SegmentedRaftLog:OPENED:c-1:lastnull, conf=conf: {index: -1, cur=peers:[]|listeners:[], old=null}
   FOLLOWER (RUNNING): s1@group-171B122E1842:t1, leader=s14, voted=null, raftlog=Memoized:s1@group-171B122E1842-SegmentedRaftLog:OPENED:c251:last(t:1, i:252), conf=conf: {index: 131, cur=peers:[s3|0.0.0.0:15003, s4|0.0.0.0:15004, s5|0.0.0.0:15005, s6|0.0.0.0:15006, s7|0.0.0.0:15007, s8|0.0.0.0:15008, s9|0.0.0.0:15009, s11|0.0.0.0:15011, s10|0.0.0.0:15010, s13|0.0.0.0:15013, s12|0.0.0.0:15012, s14|0.0.0.0:15014, s0|0.0.0.0:15000, s1|0.0.0.0:15001, s2|0.0.0.0:15002]|listeners:[], old=null}] size=2
  s2:  RUNNING [
   FOLLOWER (STARTING): s2@group-5CA96AA9335B:t0, leader=null, voted=, raftlog=Memoized:s2@group-5CA96AA9335B-SegmentedRaftLog:OPENED:c-1:lastnull, conf=conf: {index: -1, cur=peers:[]|listeners:[], old=null}
   FOLLOWER (RUNNING): s2@group-171B122E1842:t1, leader=s14, voted=s14, raftlog=Memoized:s2@group-171B122E1842-SegmentedRaftLog:OPENED:c251:last(t:1, i:252), conf=conf: {index: 131, cur=peers:[s3|0.0.0.0:15003, s4|0.0.0.0:15004, s5|0.0.0.0:15005, s6|0.0.0.0:15006, s7|0.0.0.0:15007, s8|0.0.0.0:15008, s9|0.0.0.0:15009, s11|0.0.0.0:15011, s10|0.0.0.0:15010, s13|0.0.0.0:15013, s12|0.0.0.0:15012, s14|0.0.0.0:15014, s0|0.0.0.0:15000, s1|0.0.0.0:15001, s2|0.0.0.0:15002]|listeners:[], old=null}] size=2
| MiniRaftClusterWithGrpc[3, 6, 9, 12, 15]chosen=2 | update groups | 240 |
2025-05-22 15:25:32,213 INFO  impl.MiniRaftCluster (MiniRaftCluster.java:shutdown(847)) - ************************************************************** 
2025-05-22 15:25:32,213 INFO  impl.MiniRaftCluster (MiniRaftCluster.java:shutdown(848)) - *** 
2025-05-22 15:25:32,214 INFO  impl.MiniRaftCluster (MiniRaftCluster.java:shutdown(849)) - ***     Stopping MiniRaftClusterWithGrpc
2025-05-22 15:25:32,214 INFO  impl.MiniRaftCluster (MiniRaftCluster.java:shutdown(850)) - *** 
2025-05-22 15:25:32,215 INFO  impl.MiniRaftCluster (MiniRaftCluster.java:shutdown(851)) - ************************************************************** 
2025-05-22 15:25:32,216 INFO  impl.MiniRaftCluster (MiniRaftCluster.java:shutdown(852)) - printing ALL groups
  s3:  RUNNING [
   FOLLOWER (STARTING): s3@group-5CA96AA9335B:t0, leader=null, voted=, raftlog=Memoized:s3@group-5CA96AA9335B-SegmentedRaftLog:OPENED:c-1:lastnull, conf=conf: {index: -1, cur=peers:[]|listeners:[], old=null}
   FOLLOWER (RUNNING): s3@group-171B122E1842:t1, leader=s14, voted=s14, raftlog=Memoized:s3@group-171B122E1842-SegmentedRaftLog:OPENED:c251:last(t:1, i:252), conf=conf: {index: 131, cur=peers:[s3|0.0.0.0:15003, s4|0.0.0.0:15004, s5|0.0.0.0:15005, s6|0.0.0.0:15006, s7|0.0.0.0:15007, s8|0.0.0.0:15008, s9|0.0.0.0:15009, s11|0.0.0.0:15011, s10|0.0.0.0:15010, s13|0.0.0.0:15013, s12|0.0.0.0:15012, s14|0.0.0.0:15014, s0|0.0.0.0:15000, s1|0.0.0.0:15001, s2|0.0.0.0:15002]|listeners:[], old=null}] size=2
  s4:  RUNNING [
   FOLLOWER (STARTING): s4@group-5CA96AA9335B:t0, leader=null, voted=, raftlog=Memoized:s4@group-5CA96AA9335B-SegmentedRaftLog:OPENED:c-1:lastnull, conf=conf: {index: -1, cur=peers:[]|listeners:[], old=null}
   FOLLOWER (RUNNING): s4@group-171B122E1842:t1, leader=s14, voted=null, raftlog=Memoized:s4@group-171B122E1842-SegmentedRaftLog:OPENED:c251:last(t:1, i:252), conf=conf: {index: 131, cur=peers:[s3|0.0.0.0:15003, s4|0.0.0.0:15004, s5|0.0.0.0:15005, s6|0.0.0.0:15006, s7|0.0.0.0:15007, s8|0.0.0.0:15008, s9|0.0.0.0:15009, s11|0.0.0.0:15011, s10|0.0.0.0:15010, s13|0.0.0.0:15013, s12|0.0.0.0:15012, s14|0.0.0.0:15014, s0|0.0.0.0:15000, s1|0.0.0.0:15001, s2|0.0.0.0:15002]|listeners:[], old=null}] size=2
  s5:  RUNNING [
   FOLLOWER (STARTING): s5@group-5CA96AA9335B:t0, leader=null, voted=, raftlog=Memoized:s5@group-5CA96AA9335B-SegmentedRaftLog:OPENED:c-1:lastnull, conf=conf: {index: -1, cur=peers:[]|listeners:[], old=null}
   FOLLOWER (RUNNING): s5@group-171B122E1842:t1, leader=s14, voted=null, raftlog=Memoized:s5@group-171B122E1842-SegmentedRaftLog:OPENED:c251:last(t:1, i:252), conf=conf: {index: 131, cur=peers:[s3|0.0.0.0:15003, s4|0.0.0.0:15004, s5|0.0.0.0:15005, s6|0.0.0.0:15006, s7|0.0.0.0:15007, s8|0.0.0.0:15008, s9|0.0.0.0:15009, s11|0.0.0.0:15011, s10|0.0.0.0:15010, s13|0.0.0.0:15013, s12|0.0.0.0:15012, s14|0.0.0.0:15014, s0|0.0.0.0:15000, s1|0.0.0.0:15001, s2|0.0.0.0:15002]|listeners:[], old=null}] size=2
  s6:  RUNNING [
   FOLLOWER (STARTING): s6@group-5CA96AA9335B:t0, leader=null, voted=, raftlog=Memoized:s6@group-5CA96AA9335B-SegmentedRaftLog:OPENED:c-1:lastnull, conf=conf: {index: -1, cur=peers:[]|listeners:[], old=null}
   FOLLOWER (RUNNING): s6@group-171B122E1842:t1, leader=s14, voted=null, raftlog=Memoized:s6@group-171B122E1842-SegmentedRaftLog:OPENED:c251:last(t:1, i:252), conf=conf: {index: 131, cur=peers:[s3|0.0.0.0:15003, s4|0.0.0.0:15004, s5|0.0.0.0:15005, s6|0.0.0.0:15006, s7|0.0.0.0:15007, s8|0.0.0.0:15008, s9|0.0.0.0:15009, s11|0.0.0.0:15011, s10|0.0.0.0:15010, s13|0.0.0.0:15013, s12|0.0.0.0:15012, s14|0.0.0.0:15014, s0|0.0.0.0:15000, s1|0.0.0.0:15001, s2|0.0.0.0:15002]|listeners:[], old=null}] size=2
  s7:  RUNNING [
   FOLLOWER (STARTING): s7@group-5CA96AA9335B:t0, leader=null, voted=, raftlog=Memoized:s7@group-5CA96AA9335B-SegmentedRaftLog:OPENED:c-1:lastnull, conf=conf: {index: -1, cur=peers:[]|listeners:[], old=null}
   FOLLOWER (RUNNING): s7@group-171B122E1842:t1, leader=s14, voted=null, raftlog=Memoized:s7@group-171B122E1842-SegmentedRaftLog:OPENED:c251:last(t:1, i:252), conf=conf: {index: 131, cur=peers:[s3|0.0.0.0:15003, s4|0.0.0.0:15004, s5|0.0.0.0:15005, s6|0.0.0.0:15006, s7|0.0.0.0:15007, s8|0.0.0.0:15008, s9|0.0.0.0:15009, s11|0.0.0.0:15011, s10|0.0.0.0:15010, s13|0.0.0.0:15013, s12|0.0.0.0:15012, s14|0.0.0.0:15014, s0|0.0.0.0:15000, s1|0.0.0.0:15001, s2|0.0.0.0:15002]|listeners:[], old=null}] size=2
  s8:  RUNNING [
   FOLLOWER (STARTING): s8@group-5CA96AA9335B:t0, leader=null, voted=, raftlog=Memoized:s8@group-5CA96AA9335B-SegmentedRaftLog:OPENED:c-1:lastnull, conf=conf: {index: -1, cur=peers:[]|listeners:[], old=null}
   FOLLOWER (RUNNING): s8@group-171B122E1842:t1, leader=s14, voted=null, raftlog=Memoized:s8@group-171B122E1842-SegmentedRaftLog:OPENED:c251:last(t:1, i:252), conf=conf: {index: 131, cur=peers:[s3|0.0.0.0:15003, s4|0.0.0.0:15004, s5|0.0.0.0:15005, s6|0.0.0.0:15006, s7|0.0.0.0:15007, s8|0.0.0.0:15008, s9|0.0.0.0:15009, s11|0.0.0.0:15011, s10|0.0.0.0:15010, s13|0.0.0.0:15013, s12|0.0.0.0:15012, s14|0.0.0.0:15014, s0|0.0.0.0:15000, s1|0.0.0.0:15001, s2|0.0.0.0:15002]|listeners:[], old=null}] size=2
  s9:  RUNNING [
   FOLLOWER (STARTING): s9@group-5CA96AA9335B:t0, leader=null, voted=, raftlog=Memoized:s9@group-5CA96AA9335B-SegmentedRaftLog:OPENED:c-1:lastnull, conf=conf: {index: -1, cur=peers:[]|listeners:[], old=null}
   FOLLOWER (RUNNING): s9@group-171B122E1842:t1, leader=s14, voted=null, raftlog=Memoized:s9@group-171B122E1842-SegmentedRaftLog:OPENED:c251:last(t:1, i:252), conf=conf: {index: 131, cur=peers:[s3|0.0.0.0:15003, s4|0.0.0.0:15004, s5|0.0.0.0:15005, s6|0.0.0.0:15006, s7|0.0.0.0:15007, s8|0.0.0.0:15008, s9|0.0.0.0:15009, s11|0.0.0.0:15011, s10|0.0.0.0:15010, s13|0.0.0.0:15013, s12|0.0.0.0:15012, s14|0.0.0.0:15014, s0|0.0.0.0:15000, s1|0.0.0.0:15001, s2|0.0.0.0:15002]|listeners:[], old=null}] size=2
  s11:  RUNNING [
   FOLLOWER (STARTING): s11@group-5CA96AA9335B:t0, leader=null, voted=, raftlog=Memoized:s11@group-5CA96AA9335B-SegmentedRaftLog:OPENED:c-1:lastnull, conf=conf: {index: -1, cur=peers:[]|listeners:[], old=null}
   FOLLOWER (RUNNING): s11@group-171B122E1842:t1, leader=s14, voted=null, raftlog=Memoized:s11@group-171B122E1842-SegmentedRaftLog:OPENED:c251:last(t:1, i:252), conf=conf: {index: 131, cur=peers:[s3|0.0.0.0:15003, s4|0.0.0.0:15004, s5|0.0.0.0:15005, s6|0.0.0.0:15006, s7|0.0.0.0:15007, s8|0.0.0.0:15008, s9|0.0.0.0:15009, s11|0.0.0.0:15011, s10|0.0.0.0:15010, s13|0.0.0.0:15013, s12|0.0.0.0:15012, s14|0.0.0.0:15014, s0|0.0.0.0:15000, s1|0.0.0.0:15001, s2|0.0.0.0:15002]|listeners:[], old=null}] size=2
  s10:  RUNNING [
   FOLLOWER (STARTING): s10@group-5CA96AA9335B:t0, leader=null, voted=, raftlog=Memoized:s10@group-5CA96AA9335B-SegmentedRaftLog:OPENED:c-1:lastnull, conf=conf: {index: -1, cur=peers:[]|listeners:[], old=null}
   FOLLOWER (RUNNING): s10@group-171B122E1842:t1, leader=s14, voted=null, raftlog=Memoized:s10@group-171B122E1842-SegmentedRaftLog:OPENED:c251:last(t:1, i:252), conf=conf: {index: 131, cur=peers:[s3|0.0.0.0:15003, s4|0.0.0.0:15004, s5|0.0.0.0:15005, s6|0.0.0.0:15006, s7|0.0.0.0:15007, s8|0.0.0.0:15008, s9|0.0.0.0:15009, s11|0.0.0.0:15011, s10|0.0.0.0:15010, s13|0.0.0.0:15013, s12|0.0.0.0:15012, s14|0.0.0.0:15014, s0|0.0.0.0:15000, s1|0.0.0.0:15001, s2|0.0.0.0:15002]|listeners:[], old=null}] size=2
  s13:  RUNNING [
   FOLLOWER (STARTING): s13@group-5CA96AA9335B:t0, leader=null, voted=, raftlog=Memoized:s13@group-5CA96AA9335B-SegmentedRaftLog:OPENED:c-1:lastnull, conf=conf: {index: -1, cur=peers:[]|listeners:[], old=null}
   FOLLOWER (RUNNING): s13@group-171B122E1842:t1, leader=s14, voted=null, raftlog=Memoized:s13@group-171B122E1842-SegmentedRaftLog:OPENED:c251:last(t:1, i:252), conf=conf: {index: 131, cur=peers:[s3|0.0.0.0:15003, s4|0.0.0.0:15004, s5|0.0.0.0:15005, s6|0.0.0.0:15006, s7|0.0.0.0:15007, s8|0.0.0.0:15008, s9|0.0.0.0:15009, s11|0.0.0.0:15011, s10|0.0.0.0:15010, s13|0.0.0.0:15013, s12|0.0.0.0:15012, s14|0.0.0.0:15014, s0|0.0.0.0:15000, s1|0.0.0.0:15001, s2|0.0.0.0:15002]|listeners:[], old=null}] size=2
  s12:  RUNNING [
   FOLLOWER (STARTING): s12@group-5CA96AA9335B:t0, leader=null, voted=, raftlog=Memoized:s12@group-5CA96AA9335B-SegmentedRaftLog:OPENED:c-1:lastnull, conf=conf: {index: -1, cur=peers:[]|listeners:[], old=null}
   FOLLOWER (RUNNING): s12@group-171B122E1842:t1, leader=s14, voted=null, raftlog=Memoized:s12@group-171B122E1842-SegmentedRaftLog:OPENED:c251:last(t:1, i:252), conf=conf: {index: 131, cur=peers:[s3|0.0.0.0:15003, s4|0.0.0.0:15004, s5|0.0.0.0:15005, s6|0.0.0.0:15006, s7|0.0.0.0:15007, s8|0.0.0.0:15008, s9|0.0.0.0:15009, s11|0.0.0.0:15011, s10|0.0.0.0:15010, s13|0.0.0.0:15013, s12|0.0.0.0:15012, s14|0.0.0.0:15014, s0|0.0.0.0:15000, s1|0.0.0.0:15001, s2|0.0.0.0:15002]|listeners:[], old=null}] size=2
  s14:  RUNNING [
   FOLLOWER (STARTING): s14@group-5CA96AA9335B:t0, leader=null, voted=, raftlog=Memoized:s14@group-5CA96AA9335B-SegmentedRaftLog:OPENED:c-1:lastnull, conf=conf: {index: -1, cur=peers:[]|listeners:[], old=null}
     LEADER (RUNNING): s14@group-171B122E1842:t1, leader=s14, voted=s14, raftlog=Memoized:s14@group-171B122E1842-SegmentedRaftLog:OPENED:c252:last(t:1, i:252), conf=conf: {index: 131, cur=peers:[s3|0.0.0.0:15003, s4|0.0.0.0:15004, s5|0.0.0.0:15005, s6|0.0.0.0:15006, s7|0.0.0.0:15007, s8|0.0.0.0:15008, s9|0.0.0.0:15009, s11|0.0.0.0:15011, s10|0.0.0.0:15010, s13|0.0.0.0:15013, s12|0.0.0.0:15012, s14|0.0.0.0:15014, s0|0.0.0.0:15000, s1|0.0.0.0:15001, s2|0.0.0.0:15002]|listeners:[], old=null}] size=2
  s0:  RUNNING [
   FOLLOWER (STARTING): s0@group-5CA96AA9335B:t0, leader=null, voted=, raftlog=Memoized:s0@group-5CA96AA9335B-SegmentedRaftLog:OPENED:c-1:lastnull, conf=conf: {index: -1, cur=peers:[]|listeners:[], old=null}
   FOLLOWER (RUNNING): s0@group-171B122E1842:t1, leader=s14, voted=null, raftlog=Memoized:s0@group-171B122E1842-SegmentedRaftLog:OPENED:c251:last(t:1, i:252), conf=conf: {index: 131, cur=peers:[s3|0.0.0.0:15003, s4|0.0.0.0:15004, s5|0.0.0.0:15005, s6|0.0.0.0:15006, s7|0.0.0.0:15007, s8|0.0.0.0:15008, s9|0.0.0.0:15009, s11|0.0.0.0:15011, s10|0.0.0.0:15010, s13|0.0.0.0:15013, s12|0.0.0.0:15012, s14|0.0.0.0:15014, s0|0.0.0.0:15000, s1|0.0.0.0:15001, s2|0.0.0.0:15002]|listeners:[], old=null}] size=2
  s1:  RUNNING [
   FOLLOWER (STARTING): s1@group-5CA96AA9335B:t0, leader=null, voted=, raftlog=Memoized:s1@group-5CA96AA9335B-SegmentedRaftLog:OPENED:c-1:lastnull, conf=conf: {index: -1, cur=peers:[]|listeners:[], old=null}
   FOLLOWER (RUNNING): s1@group-171B122E1842:t1, leader=s14, voted=null, raftlog=Memoized:s1@group-171B122E1842-SegmentedRaftLog:OPENED:c251:last(t:1, i:252), conf=conf: {index: 131, cur=peers:[s3|0.0.0.0:15003, s4|0.0.0.0:15004, s5|0.0.0.0:15005, s6|0.0.0.0:15006, s7|0.0.0.0:15007, s8|0.0.0.0:15008, s9|0.0.0.0:15009, s11|0.0.0.0:15011, s10|0.0.0.0:15010, s13|0.0.0.0:15013, s12|0.0.0.0:15012, s14|0.0.0.0:15014, s0|0.0.0.0:15000, s1|0.0.0.0:15001, s2|0.0.0.0:15002]|listeners:[], old=null}] size=2
  s2:  RUNNING [
   FOLLOWER (STARTING): s2@group-5CA96AA9335B:t0, leader=null, voted=, raftlog=Memoized:s2@group-5CA96AA9335B-SegmentedRaftLog:OPENED:c-1:lastnull, conf=conf: {index: -1, cur=peers:[]|listeners:[], old=null}
   FOLLOWER (RUNNING): s2@group-171B122E1842:t1, leader=s14, voted=s14, raftlog=Memoized:s2@group-171B122E1842-SegmentedRaftLog:OPENED:c251:last(t:1, i:252), conf=conf: {index: 131, cur=peers:[s3|0.0.0.0:15003, s4|0.0.0.0:15004, s5|0.0.0.0:15005, s6|0.0.0.0:15006, s7|0.0.0.0:15007, s8|0.0.0.0:15008, s9|0.0.0.0:15009, s11|0.0.0.0:15011, s10|0.0.0.0:15010, s13|0.0.0.0:15013, s12|0.0.0.0:15012, s14|0.0.0.0:15014, s0|0.0.0.0:15000, s1|0.0.0.0:15001, s2|0.0.0.0:15002]|listeners:[], old=null}] size=2
2025-05-22 15:25:32,217 INFO  server.RaftServer (RaftServerProxy.java:lambda$close$9(423)) - s3: close
2025-05-22 15:25:32,217 INFO  server.RaftServer (RaftServerProxy.java:lambda$close$9(423)) - s4: close
2025-05-22 15:25:32,217 INFO  server.RaftServer (RaftServerProxy.java:lambda$close$9(423)) - s6: close
2025-05-22 15:25:32,217 INFO  server.RaftServer (RaftServerProxy.java:lambda$close$9(423)) - s5: close
2025-05-22 15:25:32,219 INFO  server.RaftServer (RaftServerProxy.java:lambda$close$9(423)) - s7: close
2025-05-22 15:25:32,219 INFO  server.RaftServer$Division (RaftServerImpl.java:lambda$close$1(530)) - s3@group-171B122E1842: shutdown
2025-05-22 15:25:32,219 INFO  util.JmxRegister (JmxRegister.java:unregister(74)) - Successfully un-registered JMX Bean with object name Ratis:service=RaftServer,group=group-171B122E1842,id=s3
2025-05-22 15:25:32,219 INFO  server.GrpcServicesImpl (GrpcServicesImpl.java:closeImpl(362)) - s3: shutdown server GrpcServerProtocolService now
2025-05-22 15:25:32,219 INFO  impl.RoleInfo (RoleInfo.java:shutdownFollowerState(121)) - s3: shutdown s3@group-171B122E1842-FollowerState
2025-05-22 15:25:32,219 INFO  server.GrpcServicesImpl (GrpcServicesImpl.java:closeImpl(362)) - s4: shutdown server GrpcServerProtocolService now
2025-05-22 15:25:32,219 INFO  server.RaftServer$Division (RaftServerImpl.java:lambda$close$1(530)) - s4@group-5CA96AA9335B: shutdown
2025-05-22 15:25:32,220 INFO  util.JmxRegister (JmxRegister.java:unregister(74)) - Successfully un-registered JMX Bean with object name Ratis:service=RaftServer,group=group-5CA96AA9335B,id=s4
2025-05-22 15:25:32,220 INFO  server.RaftServer$Division (RaftServerImpl.java:lambda$close$1(530)) - s4@group-171B122E1842: shutdown
2025-05-22 15:25:32,220 INFO  util.JmxRegister (JmxRegister.java:unregister(74)) - Successfully un-registered JMX Bean with object name Ratis:service=RaftServer,group=group-171B122E1842,id=s4
2025-05-22 15:25:32,220 INFO  impl.RoleInfo (RoleInfo.java:shutdownFollowerState(121)) - s4: shutdown s4@group-171B122E1842-FollowerState
2025-05-22 15:25:32,220 INFO  impl.FollowerState (FollowerState.java:runImpl(170)) - s3@group-171B122E1842-FollowerState was interrupted
2025-05-22 15:25:32,220 INFO  impl.StateMachineUpdater (StateMachineUpdater.java:stopAndJoin(163)) - s3@group-171B122E1842-StateMachineUpdater: set stopIndex = 251
2025-05-22 15:25:32,221 INFO  impl.StateMachineUpdater (StateMachineUpdater.java:stop(140)) - s3@group-171B122E1842-StateMachineUpdater: closing ArithmeticStateMachine, lastApplied=(t:1, i:251)
2025-05-22 15:25:32,221 INFO  raftlog.RaftLog (SegmentedRaftLog.java:close(569)) - Start closing s3@group-171B122E1842-SegmentedRaftLog:OPENED:c251:last(t:1, i:252)
2025-05-22 15:25:32,219 INFO  server.RaftServer$Division (RaftServerImpl.java:lambda$close$1(530)) - s3@group-5CA96AA9335B: shutdown
2025-05-22 15:25:32,221 INFO  util.JmxRegister (JmxRegister.java:unregister(74)) - Successfully un-registered JMX Bean with object name Ratis:service=RaftServer,group=group-5CA96AA9335B,id=s3
2025-05-22 15:25:32,221 INFO  server.RaftServer$Division (RaftServerImpl.java:lambda$close$1(530)) - s6@group-5CA96AA9335B: shutdown
2025-05-22 15:25:32,221 INFO  util.JmxRegister (JmxRegister.java:unregister(74)) - Successfully un-registered JMX Bean with object name Ratis:service=RaftServer,group=group-5CA96AA9335B,id=s6
2025-05-22 15:25:32,221 INFO  server.RaftServer (RaftServerProxy.java:lambda$close$9(423)) - s8: close
2025-05-22 15:25:32,222 INFO  util.AwaitToRun (AwaitToRun.java:run(49)) - s3@group-171B122E1842-cacheEviction-AwaitToRun-AwaitForSignal is interrupted
2025-05-22 15:25:32,222 INFO  impl.StateMachineUpdater (StateMachineUpdater.java:stop(140)) - s6@group-5CA96AA9335B-StateMachineUpdater: closing ArithmeticStateMachine, lastApplied=<INITIAL_VALUE>
2025-05-22 15:25:32,222 INFO  impl.StateMachineUpdater (StateMachineUpdater.java:stopAndJoin(163)) - s6@group-5CA96AA9335B-StateMachineUpdater: set stopIndex = -1
2025-05-22 15:25:32,223 INFO  server.RaftServer (RaftServerProxy.java:lambda$close$9(423)) - s11: close
2025-05-22 15:25:32,223 INFO  server.RaftServer$Division (RaftServerImpl.java:lambda$close$1(530)) - s7@group-171B122E1842: shutdown
2025-05-22 15:25:32,224 INFO  util.JmxRegister (JmxRegister.java:unregister(74)) - Successfully un-registered JMX Bean with object name Ratis:service=RaftServer,group=group-171B122E1842,id=s7
2025-05-22 15:25:32,224 INFO  impl.RoleInfo (RoleInfo.java:shutdownFollowerState(121)) - s7: shutdown s7@group-171B122E1842-FollowerState
2025-05-22 15:25:32,223 INFO  server.GrpcServicesImpl (GrpcServicesImpl.java:closeImpl(362)) - s7: shutdown server GrpcServerProtocolService now
2025-05-22 15:25:32,223 INFO  server.RaftServer$Division (RaftServerImpl.java:lambda$close$1(530)) - s6@group-171B122E1842: shutdown
2025-05-22 15:25:32,224 INFO  segmented.LogSegment (LogSegment.java:close(354)) - Successfully closed EntryCache-log_inprogress_0
2025-05-22 15:25:32,223 INFO  server.GrpcServicesImpl (GrpcServicesImpl.java:closeImpl(362)) - s6: shutdown server GrpcServerProtocolService now
2025-05-22 15:25:32,222 INFO  impl.StateMachineUpdater (StateMachineUpdater.java:stop(140)) - s3@group-5CA96AA9335B-StateMachineUpdater: closing ArithmeticStateMachine, lastApplied=<INITIAL_VALUE>
2025-05-22 15:25:32,225 INFO  impl.FollowerState (FollowerState.java:runImpl(170)) - s7@group-171B122E1842-FollowerState was interrupted
2025-05-22 15:25:32,222 INFO  impl.StateMachineUpdater (StateMachineUpdater.java:stopAndJoin(163)) - s3@group-5CA96AA9335B-StateMachineUpdater: set stopIndex = -1
2025-05-22 15:25:32,222 INFO  server.RaftServer$Division (RaftServerImpl.java:lambda$close$1(530)) - s5@group-171B122E1842: shutdown
2025-05-22 15:25:32,222 INFO  server.RaftServer$Division (RaftServerImpl.java:lambda$close$1(530)) - s5@group-5CA96AA9335B: shutdown
2025-05-22 15:25:32,222 INFO  server.GrpcServicesImpl (GrpcServicesImpl.java:closeImpl(362)) - s5: shutdown server GrpcServerProtocolService now
2025-05-22 15:25:32,226 INFO  impl.StateMachineUpdater (StateMachineUpdater.java:stop(140)) - s7@group-171B122E1842-StateMachineUpdater: closing ArithmeticStateMachine, lastApplied=(t:1, i:251)
2025-05-22 15:25:32,229 INFO  util.JmxRegister (JmxRegister.java:unregister(74)) - Successfully un-registered JMX Bean with object name Ratis:service=RaftServer,group=group-171B122E1842,id=s5
2025-05-22 15:25:32,229 INFO  impl.RoleInfo (RoleInfo.java:shutdownFollowerState(121)) - s5: shutdown s5@group-171B122E1842-FollowerState
2025-05-22 15:25:32,226 INFO  impl.StateMachineUpdater (StateMachineUpdater.java:stop(140)) - s4@group-171B122E1842-StateMachineUpdater: closing ArithmeticStateMachine, lastApplied=(t:1, i:251)
2025-05-22 15:25:32,229 INFO  util.JmxRegister (JmxRegister.java:unregister(74)) - Successfully un-registered JMX Bean with object name Ratis:service=RaftServer,group=group-5CA96AA9335B,id=s5
2025-05-22 15:25:32,229 INFO  impl.StateMachineUpdater (StateMachineUpdater.java:stopAndJoin(163)) - s5@group-5CA96AA9335B-StateMachineUpdater: set stopIndex = -1
2025-05-22 15:25:32,229 INFO  server.RaftServer$Division (RaftServerImpl.java:lambda$close$1(530)) - s11@group-171B122E1842: shutdown
2025-05-22 15:25:32,230 INFO  server.GrpcServerProtocolClient (GrpcServerProtocolClient.java:close(105)) - s4 Close channels
2025-05-22 15:25:32,226 INFO  raftlog.RaftLog (SegmentedRaftLog.java:close(569)) - Start closing s3@group-5CA96AA9335B-SegmentedRaftLog:OPENED:c-1:lastnull
2025-05-22 15:25:32,226 INFO  impl.StateMachineUpdater (StateMachineUpdater.java:stop(140)) - s4@group-5CA96AA9335B-StateMachineUpdater: closing ArithmeticStateMachine, lastApplied=<INITIAL_VALUE>
2025-05-22 15:25:32,226 INFO  impl.StateMachineUpdater (StateMachineUpdater.java:stopAndJoin(163)) - s7@group-171B122E1842-StateMachineUpdater: set stopIndex = 251
2025-05-22 15:25:32,225 INFO  server.RaftServer (RaftServerProxy.java:lambda$close$9(423)) - s9: close
2025-05-22 15:25:32,226 INFO  impl.StateMachineUpdater (StateMachineUpdater.java:stopAndJoin(163)) - s4@group-5CA96AA9335B-StateMachineUpdater: set stopIndex = -1
2025-05-22 15:25:32,226 INFO  impl.FollowerState (FollowerState.java:runImpl(170)) - s4@group-171B122E1842-FollowerState was interrupted
2025-05-22 15:25:32,226 INFO  impl.StateMachineUpdater (StateMachineUpdater.java:stopAndJoin(163)) - s4@group-171B122E1842-StateMachineUpdater: set stopIndex = 251
2025-05-22 15:25:32,225 INFO  server.RaftServer$Division (RaftServerImpl.java:lambda$close$1(530)) - s7@group-5CA96AA9335B: shutdown
2025-05-22 15:25:32,224 INFO  raftlog.RaftLog (SegmentedRaftLog.java:close(569)) - Start closing s6@group-5CA96AA9335B-SegmentedRaftLog:OPENED:c-1:lastnull
2025-05-22 15:25:32,232 INFO  util.AwaitToRun (AwaitToRun.java:run(49)) - s6@group-5CA96AA9335B-cacheEviction-AwaitToRun-AwaitForSignal is interrupted
2025-05-22 15:25:32,232 INFO  server.GrpcServicesImpl (GrpcServicesImpl.java:closeImpl(362)) - s9: shutdown server GrpcServerProtocolService now
2025-05-22 15:25:32,233 INFO  server.RaftServer$Division (RaftServerImpl.java:lambda$close$1(530)) - s9@group-171B122E1842: shutdown
2025-05-22 15:25:32,233 INFO  server.RaftServer$Division (RaftServerImpl.java:lambda$close$1(530)) - s9@group-5CA96AA9335B: shutdown
2025-05-22 15:25:32,224 INFO  util.JmxRegister (JmxRegister.java:unregister(74)) - Successfully un-registered JMX Bean with object name Ratis:service=RaftServer,group=group-171B122E1842,id=s6
2025-05-22 15:25:32,233 INFO  impl.RoleInfo (RoleInfo.java:shutdownFollowerState(121)) - s6: shutdown s6@group-171B122E1842-FollowerState
2025-05-22 15:25:32,229 INFO  impl.StateMachineUpdater (StateMachineUpdater.java:stop(140)) - s5@group-5CA96AA9335B-StateMachineUpdater: closing ArithmeticStateMachine, lastApplied=<INITIAL_VALUE>
2025-05-22 15:25:32,229 INFO  server.GrpcServicesImpl (GrpcServicesImpl.java:closeImpl(362)) - s11: shutdown server GrpcServerProtocolService now
2025-05-22 15:25:32,228 INFO  server.RaftServer$Division (RaftServerImpl.java:lambda$close$1(530)) - s11@group-5CA96AA9335B: shutdown
2025-05-22 15:25:32,228 INFO  server.RaftServer$Division (RaftServerImpl.java:lambda$close$1(530)) - s8@group-171B122E1842: shutdown
2025-05-22 15:25:32,228 INFO  server.GrpcServicesImpl (GrpcServicesImpl.java:closeImpl(362)) - s8: shutdown server GrpcServerProtocolService now
2025-05-22 15:25:32,228 INFO  server.RaftServer (RaftServerProxy.java:lambda$close$9(423)) - s10: close
2025-05-22 15:25:32,228 INFO  server.RaftServer (RaftServerProxy.java:lambda$close$9(423)) - s13: close
2025-05-22 15:25:32,228 INFO  server.RaftServer$Division (RaftServerImpl.java:lambda$close$1(530)) - s8@group-5CA96AA9335B: shutdown
2025-05-22 15:25:32,236 INFO  server.RaftServer (RaftServerProxy.java:lambda$close$9(423)) - s12: close
2025-05-22 15:25:32,236 INFO  server.RaftServer (RaftServerProxy.java:lambda$close$9(423)) - s1: close
2025-05-22 15:25:32,237 INFO  server.RaftServer (RaftServerProxy.java:lambda$close$9(423)) - s0: close
2025-05-22 15:25:32,236 INFO  server.RaftServer (RaftServerProxy.java:lambda$close$9(423)) - s14: close
2025-05-22 15:25:32,238 INFO  impl.StateMachineUpdater (StateMachineUpdater.java:stopAndJoin(163)) - s6@group-171B122E1842-StateMachineUpdater: set stopIndex = 251
2025-05-22 15:25:32,238 INFO  impl.FollowerState (FollowerState.java:runImpl(170)) - s6@group-171B122E1842-FollowerState was interrupted
2025-05-22 15:25:32,238 INFO  impl.StateMachineUpdater (StateMachineUpdater.java:stop(140)) - s6@group-171B122E1842-StateMachineUpdater: closing ArithmeticStateMachine, lastApplied=(t:1, i:251)
2025-05-22 15:25:32,239 INFO  segmented.SegmentedRaftLogWorker (SegmentedRaftLogWorker.java:close(256)) - s6@group-5CA96AA9335B-SegmentedRaftLogWorker close()
2025-05-22 15:25:32,241 WARN  server.GrpcServerProtocolService (LogUtils.java:warn(127)) - s7: APPEND_ENTRIES onError, lastRequest: s14->s7#943-t1,previous=(t:1, i:251),leaderCommit=251,initializing? false,entries: size=1, first=(t:1, i:252), METADATAENTRY(c:251): org.apache.ratis.thirdparty.io.grpc.StatusRuntimeException: CANCELLED: client cancelled
2025-05-22 15:25:32,241 INFO  server.RaftServer (RaftServerProxy.java:lambda$close$9(423)) - s2: close
2025-05-22 15:25:32,242 WARN  server.GrpcServerProtocolService (LogUtils.java:warn(127)) - s5: APPEND_ENTRIES onError, lastRequest: s14->s5#793-t1,previous=(t:1, i:251),leaderCommit=251,initializing? false,entries: size=1, first=(t:1, i:252), METADATAENTRY(c:251): org.apache.ratis.thirdparty.io.grpc.StatusRuntimeException: CANCELLED: client cancelled
2025-05-22 15:25:32,242 WARN  server.GrpcServerProtocolService (LogUtils.java:warn(127)) - s7: APPEND_ENTRIES onError, lastRequest: null: org.apache.ratis.thirdparty.io.grpc.StatusRuntimeException: CANCELLED: client cancelled
2025-05-22 15:25:32,242 WARN  server.GrpcServerProtocolService (LogUtils.java:warn(127)) - s6: APPEND_ENTRIES onError, lastRequest: s14->s6#917-t1,previous=(t:1, i:251),leaderCommit=251,initializing? false,entries: size=1, first=(t:1, i:252), METADATAENTRY(c:251): org.apache.ratis.thirdparty.io.grpc.StatusRuntimeException: CANCELLED: client cancelled
2025-05-22 15:25:32,243 WARN  server.GrpcServerProtocolService (LogUtils.java:warn(127)) - s4: APPEND_ENTRIES onError, lastRequest: null: org.apache.ratis.thirdparty.io.grpc.StatusRuntimeException: CANCELLED: client cancelled
2025-05-22 15:25:32,244 INFO  server.GrpcServerProtocolClient (GrpcServerProtocolClient.java:close(105)) - s5 Close channels
2025-05-22 15:25:32,245 WARN  server.GrpcServerProtocolService (LogUtils.java:warn(127)) - s8: APPEND_ENTRIES onError, lastRequest: null: org.apache.ratis.thirdparty.io.grpc.StatusRuntimeException: CANCELLED: client cancelled
2025-05-22 15:25:32,245 INFO  util.AwaitToRun (AwaitToRun.java:run(49)) - s3@group-5CA96AA9335B-cacheEviction-AwaitToRun-AwaitForSignal is interrupted
2025-05-22 15:25:32,246 WARN  server.GrpcServerProtocolService (LogUtils.java:warn(127)) - s4: APPEND_ENTRIES onError, lastRequest: s6->s4#271-t1,previous=(t:1, i:119),leaderCommit=119,initializing? false,entries: size=1, first=(t:1, i:120), METADATAENTRY(c:119): org.apache.ratis.thirdparty.io.grpc.StatusRuntimeException: CANCELLED: client cancelled
2025-05-22 15:25:32,247 WARN  server.GrpcServerProtocolService (LogUtils.java:warn(127)) - s4: APPEND_ENTRIES onError, lastRequest: s14->s4#834-t1,previous=(t:1, i:251),leaderCommit=251,initializing? false,entries: size=1, first=(t:1, i:252), METADATAENTRY(c:251): org.apache.ratis.thirdparty.io.grpc.StatusRuntimeException: CANCELLED: client cancelled
2025-05-22 15:25:32,247 WARN  server.GrpcServerProtocolService (LogUtils.java:warn(127)) - s9: APPEND_ENTRIES onError, lastRequest: null: org.apache.ratis.thirdparty.io.grpc.StatusRuntimeException: CANCELLED: client cancelled
2025-05-22 15:25:32,247 WARN  server.GrpcServerProtocolService (LogUtils.java:warn(127)) - s3: APPEND_ENTRIES onError, lastRequest: s14->s3#1218-t1,previous=(t:1, i:251),leaderCommit=251,initializing? false,entries: size=1, first=(t:1, i:252), METADATAENTRY(c:251): org.apache.ratis.thirdparty.io.grpc.StatusRuntimeException: CANCELLED: client cancelled
2025-05-22 15:25:32,247 WARN  server.GrpcServerProtocolService (LogUtils.java:warn(127)) - s11: APPEND_ENTRIES onError, lastRequest: null: org.apache.ratis.thirdparty.io.grpc.StatusRuntimeException: CANCELLED: client cancelled
2025-05-22 15:25:32,248 WARN  server.GrpcServerProtocolService (LogUtils.java:warn(127)) - s4: APPEND_ENTRIES onError, lastRequest: null: org.apache.ratis.thirdparty.io.grpc.StatusRuntimeException: CANCELLED: client cancelled
2025-05-22 15:25:32,248 WARN  server.GrpcServerProtocolService (LogUtils.java:warn(127)) - s9: APPEND_ENTRIES onError, lastRequest: s14->s9#859-t1,previous=(t:1, i:251),leaderCommit=251,initializing? false,entries: size=1, first=(t:1, i:252), METADATAENTRY(c:251): org.apache.ratis.thirdparty.io.grpc.StatusRuntimeException: CANCELLED: client cancelled
2025-05-22 15:25:32,249 WARN  server.GrpcServerProtocolService (LogUtils.java:warn(127)) - s8: APPEND_ENTRIES onError, lastRequest: s7->s8#275-t1,previous=(t:1, i:119),leaderCommit=119,initializing? false,entries: size=1, first=(t:1, i:120), METADATAENTRY(c:119): org.apache.ratis.thirdparty.io.grpc.StatusRuntimeException: CANCELLED: client cancelled
2025-05-22 15:25:32,249 WARN  server.GrpcServerProtocolService (LogUtils.java:warn(127)) - s11: APPEND_ENTRIES onError, lastRequest: s14->s11#745-t1,previous=(t:1, i:251),leaderCommit=251,initializing? false,entries: size=1, first=(t:1, i:252), METADATAENTRY(c:251): org.apache.ratis.thirdparty.io.grpc.StatusRuntimeException: CANCELLED: client cancelled
2025-05-22 15:25:32,250 WARN  server.GrpcServerProtocolService (LogUtils.java:warn(127)) - s6: APPEND_ENTRIES onError, lastRequest: null: org.apache.ratis.thirdparty.io.grpc.StatusRuntimeException: CANCELLED: client cancelled
2025-05-22 15:25:32,250 WARN  server.GrpcServerProtocolService (LogUtils.java:warn(127)) - s5: APPEND_ENTRIES onError, lastRequest: null: org.apache.ratis.thirdparty.io.grpc.StatusRuntimeException: CANCELLED: client cancelled
2025-05-22 15:25:32,250 INFO  util.JmxRegister (JmxRegister.java:unregister(74)) - Successfully un-registered JMX Bean with object name Ratis:service=RaftServer,group=group-171B122E1842,id=s11
2025-05-22 15:25:32,250 INFO  impl.RoleInfo (RoleInfo.java:shutdownFollowerState(121)) - s11: shutdown s11@group-171B122E1842-FollowerState
2025-05-22 15:25:32,250 WARN  server.GrpcServerProtocolService (LogUtils.java:warn(127)) - s5: APPEND_ENTRIES onError, lastRequest: s6->s5#265-t1,previous=(t:1, i:119),leaderCommit=119,initializing? false,entries: size=1, first=(t:1, i:120), METADATAENTRY(c:119): org.apache.ratis.thirdparty.io.grpc.StatusRuntimeException: CANCELLED: client cancelled
2025-05-22 15:25:32,251 WARN  server.GrpcServerProtocolService (LogUtils.java:warn(127)) - s8: APPEND_ENTRIES onError, lastRequest: null: org.apache.ratis.thirdparty.io.grpc.StatusRuntimeException: CANCELLED: client cancelled
2025-05-22 15:25:32,251 WARN  server.GrpcServerProtocolService (LogUtils.java:warn(127)) - s5: APPEND_ENTRIES onError, lastRequest: null: org.apache.ratis.thirdparty.io.grpc.StatusRuntimeException: CANCELLED: client cancelled
2025-05-22 15:25:32,251 WARN  server.GrpcServerProtocolService (LogUtils.java:warn(127)) - s9: APPEND_ENTRIES onError, lastRequest: s7->s9#268-t1,previous=(t:1, i:119),leaderCommit=119,initializing? false,entries: size=1, first=(t:1, i:120), METADATAENTRY(c:119): org.apache.ratis.thirdparty.io.grpc.StatusRuntimeException: CANCELLED: client cancelled
2025-05-22 15:25:32,251 WARN  server.GrpcServerProtocolService (LogUtils.java:warn(127)) - s9: APPEND_ENTRIES onError, lastRequest: null: org.apache.ratis.thirdparty.io.grpc.StatusRuntimeException: CANCELLED: client cancelled
2025-05-22 15:25:32,252 WARN  server.GrpcServerProtocolService (LogUtils.java:warn(127)) - s11: APPEND_ENTRIES onError, lastRequest: null: org.apache.ratis.thirdparty.io.grpc.StatusRuntimeException: CANCELLED: client cancelled
2025-05-22 15:25:32,252 WARN  server.GrpcServerProtocolService (LogUtils.java:warn(127)) - s3: APPEND_ENTRIES onError, lastRequest: null: org.apache.ratis.thirdparty.io.grpc.StatusRuntimeException: CANCELLED: client cancelled
2025-05-22 15:25:32,252 INFO  util.JmxRegister (JmxRegister.java:unregister(74)) - Successfully un-registered JMX Bean with object name Ratis:service=RaftServer,group=group-5CA96AA9335B,id=s7
2025-05-22 15:25:32,252 INFO  util.JmxRegister (JmxRegister.java:unregister(74)) - Successfully un-registered JMX Bean with object name Ratis:service=RaftServer,group=group-171B122E1842,id=s9
2025-05-22 15:25:32,252 INFO  impl.RoleInfo (RoleInfo.java:shutdownFollowerState(121)) - s9: shutdown s9@group-171B122E1842-FollowerState
2025-05-22 15:25:32,252 INFO  util.JmxRegister (JmxRegister.java:unregister(74)) - Successfully un-registered JMX Bean with object name Ratis:service=RaftServer,group=group-5CA96AA9335B,id=s9
2025-05-22 15:25:32,253 INFO  util.JmxRegister (JmxRegister.java:unregister(74)) - Successfully un-registered JMX Bean with object name Ratis:service=RaftServer,group=group-5CA96AA9335B,id=s11
2025-05-22 15:25:32,253 INFO  raftlog.RaftLog (SegmentedRaftLog.java:close(569)) - Start closing s5@group-5CA96AA9335B-SegmentedRaftLog:OPENED:c-1:lastnull
2025-05-22 15:25:32,253 INFO  raftlog.RaftLog (SegmentedRaftLog.java:close(569)) - Start closing s4@group-5CA96AA9335B-SegmentedRaftLog:OPENED:c-1:lastnull
2025-05-22 15:25:32,253 INFO  util.JmxRegister (JmxRegister.java:unregister(74)) - Successfully un-registered JMX Bean with object name Ratis:service=RaftServer,group=group-171B122E1842,id=s8
2025-05-22 15:25:32,253 INFO  util.JmxRegister (JmxRegister.java:unregister(74)) - Successfully un-registered JMX Bean with object name Ratis:service=RaftServer,group=group-5CA96AA9335B,id=s8
2025-05-22 15:25:32,254 INFO  raftlog.RaftLog (SegmentedRaftLog.java:close(569)) - Start closing s4@group-171B122E1842-SegmentedRaftLog:OPENED:c251:last(t:1, i:252)
2025-05-22 15:25:32,254 INFO  impl.RoleInfo (RoleInfo.java:shutdownFollowerState(121)) - s8: shutdown s8@group-171B122E1842-FollowerState
2025-05-22 15:25:32,253 INFO  raftlog.RaftLog (SegmentedRaftLog.java:close(577)) - Successfully closed s6@group-5CA96AA9335B-SegmentedRaftLog:CLOSED:c-1
2025-05-22 15:25:32,254 INFO  raftlog.RaftLog (SegmentedRaftLog.java:close(569)) - Start closing s6@group-171B122E1842-SegmentedRaftLog:OPENED:c251:last(t:1, i:252)
2025-05-22 15:25:32,254 INFO  impl.FollowerState (FollowerState.java:runImpl(170)) - s5@group-171B122E1842-FollowerState was interrupted
2025-05-22 15:25:32,254 INFO  impl.StateMachineUpdater (StateMachineUpdater.java:stop(140)) - s5@group-171B122E1842-StateMachineUpdater: closing ArithmeticStateMachine, lastApplied=(t:1, i:251)
2025-05-22 15:25:32,254 INFO  impl.StateMachineUpdater (StateMachineUpdater.java:stopAndJoin(163)) - s5@group-171B122E1842-StateMachineUpdater: set stopIndex = 251
2025-05-22 15:25:32,255 INFO  raftlog.RaftLog (SegmentedRaftLog.java:close(569)) - Start closing s5@group-171B122E1842-SegmentedRaftLog:OPENED:c251:last(t:1, i:252)
2025-05-22 15:25:32,254 INFO  raftlog.RaftLog (SegmentedRaftLog.java:close(569)) - Start closing s7@group-171B122E1842-SegmentedRaftLog:OPENED:c251:last(t:1, i:252)
2025-05-22 15:25:32,255 INFO  util.AwaitToRun (AwaitToRun.java:run(49)) - s7@group-171B122E1842-cacheEviction-AwaitToRun-AwaitForSignal is interrupted
2025-05-22 15:25:32,256 INFO  segmented.LogSegment (LogSegment.java:close(354)) - Successfully closed EntryCache-log_inprogress_0
2025-05-22 15:25:32,256 INFO  util.AwaitToRun (AwaitToRun.java:run(49)) - s4@group-171B122E1842-cacheEviction-AwaitToRun-AwaitForSignal is interrupted
2025-05-22 15:25:32,256 INFO  util.AwaitToRun (AwaitToRun.java:run(49)) - s5@group-171B122E1842-cacheEviction-AwaitToRun-AwaitForSignal is interrupted
2025-05-22 15:25:32,257 INFO  server.GrpcServerProtocolClient (GrpcServerProtocolClient.java:close(105)) - s8 Close channels
2025-05-22 15:25:32,258 INFO  impl.StateMachineUpdater (StateMachineUpdater.java:stop(140)) - s8@group-5CA96AA9335B-StateMachineUpdater: closing ArithmeticStateMachine, lastApplied=<INITIAL_VALUE>
2025-05-22 15:25:32,258 WARN  server.GrpcLogAppender (LogUtils.java:warn(127)) - s14@group-171B122E1842->s7-AppendLogResponseHandler: Failed appendEntries: org.apache.ratis.thirdparty.io.grpc.StatusRuntimeException: CANCELLED: RST_STREAM closed stream. HTTP/2 error code: CANCEL
2025-05-22 15:25:32,258 INFO  server.GrpcLogAppender (GrpcLogAppender.java:onError(563)) - s6@group-627EA8FBA030->s5-GrpcLogAppender is already stopped
2025-05-22 15:25:32,258 WARN  server.GrpcLogAppender (LogUtils.java:warn(127)) - s14@group-171B122E1842->s9-AppendLogResponseHandler: Failed appendEntries: org.apache.ratis.thirdparty.io.grpc.StatusRuntimeException: CANCELLED: RST_STREAM closed stream. HTTP/2 error code: CANCEL
2025-05-22 15:25:32,259 INFO  impl.StateMachineUpdater (StateMachineUpdater.java:stopAndJoin(163)) - s8@group-5CA96AA9335B-StateMachineUpdater: set stopIndex = -1
2025-05-22 15:25:32,259 INFO  raftlog.RaftLog (SegmentedRaftLog.java:close(569)) - Start closing s8@group-5CA96AA9335B-SegmentedRaftLog:OPENED:c-1:lastnull
2025-05-22 15:25:32,258 INFO  segmented.LogSegment (LogSegment.java:close(354)) - Successfully closed EntryCache-log_inprogress_0
2025-05-22 15:25:32,259 WARN  server.GrpcLogAppender (GrpcLogAppender.java:lambda$resetClient$1(228)) - s14@group-171B122E1842->s9-GrpcLogAppender: Follower failed (request=null, errorCount=1); keep nextIndex (253) unchanged and retry.
2025-05-22 15:25:32,259 INFO  segmented.LogSegment (LogSegment.java:close(354)) - Successfully closed EntryCache-log_inprogress_0
2025-05-22 15:25:32,260 INFO  server.GrpcServerProtocolClient (GrpcServerProtocolClient.java:close(105)) - s9 Close channels
2025-05-22 15:25:32,260 WARN  server.GrpcLogAppender (LogUtils.java:warn(127)) - s14@group-171B122E1842->s4-AppendLogResponseHandler: Failed appendEntries: org.apache.ratis.thirdparty.io.grpc.StatusRuntimeException: CANCELLED: RST_STREAM closed stream. HTTP/2 error code: CANCEL
2025-05-22 15:25:32,260 WARN  server.GrpcLogAppender (GrpcLogAppender.java:lambda$resetClient$1(228)) - s14@group-171B122E1842->s4-GrpcLogAppender: Follower failed (request=null, errorCount=1); keep nextIndex (253) unchanged and retry.
2025-05-22 15:25:32,260 INFO  impl.StateMachineUpdater (StateMachineUpdater.java:stopAndJoin(163)) - s11@group-5CA96AA9335B-StateMachineUpdater: set stopIndex = -1
2025-05-22 15:25:32,261 WARN  server.GrpcLogAppender (LogUtils.java:warn(127)) - s14@group-171B122E1842->s3-AppendLogResponseHandler: Failed appendEntries: org.apache.ratis.thirdparty.io.grpc.StatusRuntimeException: CANCELLED: RST_STREAM closed stream. HTTP/2 error code: CANCEL
2025-05-22 15:25:32,261 WARN  server.GrpcLogAppender (GrpcLogAppender.java:lambda$resetClient$1(228)) - s14@group-171B122E1842->s3-GrpcLogAppender: Follower failed (request=null, errorCount=1); keep nextIndex (253) unchanged and retry.
2025-05-22 15:25:32,261 INFO  util.AwaitToRun (AwaitToRun.java:run(49)) - s4@group-5CA96AA9335B-cacheEviction-AwaitToRun-AwaitForSignal is interrupted
2025-05-22 15:25:32,262 INFO  util.AwaitToRun (AwaitToRun.java:run(49)) - s5@group-5CA96AA9335B-cacheEviction-AwaitToRun-AwaitForSignal is interrupted
2025-05-22 15:25:32,262 WARN  server.GrpcServerProtocolService (LogUtils.java:warn(127)) - s8: APPEND_ENTRIES onError, lastRequest: s14->s8#954-t1,previous=(t:1, i:251),leaderCommit=251,initializing? false,entries: size=1, first=(t:1, i:252), METADATAENTRY(c:251): org.apache.ratis.thirdparty.io.grpc.StatusRuntimeException: CANCELLED: client cancelled
2025-05-22 15:25:32,262 INFO  impl.StateMachineUpdater (StateMachineUpdater.java:stop(140)) - s11@group-5CA96AA9335B-StateMachineUpdater: closing ArithmeticStateMachine, lastApplied=<INITIAL_VALUE>
2025-05-22 15:25:32,262 INFO  server.GrpcLogAppender (GrpcLogAppender.java:onError(563)) - s7@group-F5200629CA74->s8-GrpcLogAppender is already stopped
2025-05-22 15:25:32,263 INFO  server.GrpcLogAppender (GrpcLogAppender.java:onError(563)) - s7@group-F5200629CA74->s8-GrpcLogAppender is already stopped
2025-05-22 15:25:32,263 INFO  impl.StateMachineUpdater (StateMachineUpdater.java:stopAndJoin(163)) - s9@group-171B122E1842-StateMachineUpdater: set stopIndex = 251
2025-05-22 15:25:32,263 INFO  impl.FollowerState (FollowerState.java:runImpl(170)) - s9@group-171B122E1842-FollowerState was interrupted
2025-05-22 15:25:32,263 INFO  impl.StateMachineUpdater (StateMachineUpdater.java:stopAndJoin(163)) - s7@group-5CA96AA9335B-StateMachineUpdater: set stopIndex = -1
2025-05-22 15:25:32,263 INFO  impl.StateMachineUpdater (StateMachineUpdater.java:stop(140)) - s7@group-5CA96AA9335B-StateMachineUpdater: closing ArithmeticStateMachine, lastApplied=<INITIAL_VALUE>
2025-05-22 15:25:32,263 INFO  raftlog.RaftLog (SegmentedRaftLog.java:close(569)) - Start closing s7@group-5CA96AA9335B-SegmentedRaftLog:OPENED:c-1:lastnull
2025-05-22 15:25:32,263 INFO  impl.StateMachineUpdater (StateMachineUpdater.java:stop(140)) - s9@group-171B122E1842-StateMachineUpdater: closing ArithmeticStateMachine, lastApplied=(t:1, i:251)
2025-05-22 15:25:32,264 INFO  impl.StateMachineUpdater (StateMachineUpdater.java:stop(140)) - s9@group-5CA96AA9335B-StateMachineUpdater: closing ArithmeticStateMachine, lastApplied=<INITIAL_VALUE>
2025-05-22 15:25:32,263 INFO  impl.StateMachineUpdater (StateMachineUpdater.java:stopAndJoin(163)) - s9@group-5CA96AA9335B-StateMachineUpdater: set stopIndex = -1
2025-05-22 15:25:32,264 INFO  raftlog.RaftLog (SegmentedRaftLog.java:close(569)) - Start closing s9@group-5CA96AA9335B-SegmentedRaftLog:OPENED:c-1:lastnull
2025-05-22 15:25:32,264 INFO  raftlog.RaftLog (SegmentedRaftLog.java:close(569)) - Start closing s9@group-171B122E1842-SegmentedRaftLog:OPENED:c251:last(t:1, i:252)
2025-05-22 15:25:32,264 INFO  impl.StateMachineUpdater (StateMachineUpdater.java:stopAndJoin(163)) - s11@group-171B122E1842-StateMachineUpdater: set stopIndex = 251
2025-05-22 15:25:32,264 INFO  impl.StateMachineUpdater (StateMachineUpdater.java:stop(140)) - s11@group-171B122E1842-StateMachineUpdater: closing ArithmeticStateMachine, lastApplied=(t:1, i:251)
2025-05-22 15:25:32,264 INFO  impl.FollowerState (FollowerState.java:runImpl(170)) - s11@group-171B122E1842-FollowerState was interrupted
2025-05-22 15:25:32,265 INFO  raftlog.RaftLog (SegmentedRaftLog.java:close(569)) - Start closing s11@group-171B122E1842-SegmentedRaftLog:OPENED:c251:last(t:1, i:252)
2025-05-22 15:25:32,265 INFO  server.GrpcLogAppender (GrpcLogAppender.java:onError(563)) - s6@group-627EA8FBA030->s4-GrpcLogAppender is already stopped
2025-05-22 15:25:32,263 INFO  raftlog.RaftLog (SegmentedRaftLog.java:close(569)) - Start closing s11@group-5CA96AA9335B-SegmentedRaftLog:OPENED:c-1:lastnull
2025-05-22 15:25:32,265 INFO  util.AwaitToRun (AwaitToRun.java:run(49)) - s11@group-171B122E1842-cacheEviction-AwaitToRun-AwaitForSignal is interrupted
2025-05-22 15:25:32,265 INFO  util.AwaitToRun (AwaitToRun.java:run(49)) - s11@group-5CA96AA9335B-cacheEviction-AwaitToRun-AwaitForSignal is interrupted
2025-05-22 15:25:32,265 INFO  util.AwaitToRun (AwaitToRun.java:run(49)) - s9@group-5CA96AA9335B-cacheEviction-AwaitToRun-AwaitForSignal is interrupted
2025-05-22 15:25:32,265 INFO  util.AwaitToRun (AwaitToRun.java:run(49)) - s7@group-5CA96AA9335B-cacheEviction-AwaitToRun-AwaitForSignal is interrupted
2025-05-22 15:25:32,266 INFO  util.AwaitToRun (AwaitToRun.java:run(49)) - s9@group-171B122E1842-cacheEviction-AwaitToRun-AwaitForSignal is interrupted
2025-05-22 15:25:32,266 INFO  segmented.LogSegment (LogSegment.java:close(354)) - Successfully closed EntryCache-log_inprogress_0
2025-05-22 15:25:32,266 INFO  segmented.LogSegment (LogSegment.java:close(354)) - Successfully closed EntryCache-log_inprogress_0
2025-05-22 15:25:32,269 INFO  server.RaftServer$Division (RaftServerImpl.java:lambda$close$1(530)) - s2@group-5CA96AA9335B: shutdown
2025-05-22 15:25:32,269 INFO  util.JmxRegister (JmxRegister.java:unregister(74)) - Successfully un-registered JMX Bean with object name Ratis:service=RaftServer,group=group-5CA96AA9335B,id=s2
2025-05-22 15:25:32,269 INFO  server.GrpcServicesImpl (GrpcServicesImpl.java:closeImpl(362)) - s14: shutdown server GrpcServerProtocolService now
2025-05-22 15:25:32,270 INFO  server.RaftServer$Division (RaftServerImpl.java:lambda$close$1(530)) - s0@group-5CA96AA9335B: shutdown
2025-05-22 15:25:32,269 INFO  server.RaftServer$Division (RaftServerImpl.java:lambda$close$1(530)) - s14@group-171B122E1842: shutdown
2025-05-22 15:25:32,270 INFO  util.JmxRegister (JmxRegister.java:unregister(74)) - Successfully un-registered JMX Bean with object name Ratis:service=RaftServer,group=group-171B122E1842,id=s14
2025-05-22 15:25:32,270 INFO  impl.RoleInfo (RoleInfo.java:shutdownLeaderState(103)) - s14: shutdown s14@group-171B122E1842-LeaderStateImpl
2025-05-22 15:25:32,271 INFO  server.GrpcServerProtocolClient (GrpcServerProtocolClient.java:close(105)) - s3 Close channels
2025-05-22 15:25:32,269 INFO  server.RaftServer$Division (RaftServerImpl.java:lambda$close$1(530)) - s14@group-5CA96AA9335B: shutdown
2025-05-22 15:25:32,271 INFO  util.JmxRegister (JmxRegister.java:unregister(74)) - Successfully un-registered JMX Bean with object name Ratis:service=RaftServer,group=group-5CA96AA9335B,id=s14
2025-05-22 15:25:32,270 INFO  util.JmxRegister (JmxRegister.java:unregister(74)) - Successfully un-registered JMX Bean with object name Ratis:service=RaftServer,group=group-5CA96AA9335B,id=s0
2025-05-22 15:25:32,275 INFO  impl.StateMachineUpdater (StateMachineUpdater.java:stopAndJoin(163)) - s0@group-5CA96AA9335B-StateMachineUpdater: set stopIndex = -1
2025-05-22 15:25:32,275 INFO  impl.StateMachineUpdater (StateMachineUpdater.java:stop(140)) - s0@group-5CA96AA9335B-StateMachineUpdater: closing ArithmeticStateMachine, lastApplied=<INITIAL_VALUE>
2025-05-22 15:25:32,275 INFO  raftlog.RaftLog (SegmentedRaftLog.java:close(569)) - Start closing s0@group-5CA96AA9335B-SegmentedRaftLog:OPENED:c-1:lastnull
2025-05-22 15:25:32,276 INFO  util.AwaitToRun (AwaitToRun.java:run(49)) - s0@group-5CA96AA9335B-cacheEviction-AwaitToRun-AwaitForSignal is interrupted
2025-05-22 15:25:32,277 INFO  impl.StateMachineUpdater (StateMachineUpdater.java:stopAndJoin(163)) - s14@group-5CA96AA9335B-StateMachineUpdater: set stopIndex = -1
2025-05-22 15:25:32,277 INFO  impl.StateMachineUpdater (StateMachineUpdater.java:stop(140)) - s14@group-5CA96AA9335B-StateMachineUpdater: closing ArithmeticStateMachine, lastApplied=<INITIAL_VALUE>
2025-05-22 15:25:32,277 INFO  raftlog.RaftLog (SegmentedRaftLog.java:close(569)) - Start closing s14@group-5CA96AA9335B-SegmentedRaftLog:OPENED:c-1:lastnull
2025-05-22 15:25:32,278 INFO  util.AwaitToRun (AwaitToRun.java:run(49)) - s14@group-5CA96AA9335B-cacheEviction-AwaitToRun-AwaitForSignal is interrupted
2025-05-22 15:25:32,279 INFO  server.RaftServer$Division (RaftServerImpl.java:lambda$close$1(530)) - s1@group-5CA96AA9335B: shutdown
2025-05-22 15:25:32,279 INFO  util.JmxRegister (JmxRegister.java:unregister(74)) - Successfully un-registered JMX Bean with object name Ratis:service=RaftServer,group=group-5CA96AA9335B,id=s1
2025-05-22 15:25:32,279 INFO  server.GrpcServicesImpl (GrpcServicesImpl.java:closeImpl(362)) - s1: shutdown server GrpcServerProtocolService now
2025-05-22 15:25:32,279 INFO  server.GrpcServerProtocolClient (GrpcServerProtocolClient.java:close(105)) - s4 Close channels
2025-05-22 15:25:32,279 INFO  server.RaftServer$Division (RaftServerImpl.java:lambda$close$1(530)) - s1@group-171B122E1842: shutdown
2025-05-22 15:25:32,279 INFO  util.JmxRegister (JmxRegister.java:unregister(74)) - Successfully un-registered JMX Bean with object name Ratis:service=RaftServer,group=group-171B122E1842,id=s1
2025-05-22 15:25:32,280 INFO  impl.RoleInfo (RoleInfo.java:shutdownFollowerState(121)) - s1: shutdown s1@group-171B122E1842-FollowerState
2025-05-22 15:25:32,280 INFO  server.GrpcServerProtocolClient (GrpcServerProtocolClient.java:close(105)) - s5 Close channels
2025-05-22 15:25:32,280 INFO  server.GrpcServerProtocolClient (GrpcServerProtocolClient.java:close(105)) - s11 Close channels
2025-05-22 15:25:32,280 INFO  server.GrpcServerProtocolClient (GrpcServerProtocolClient.java:close(105)) - s10 Close channels
2025-05-22 15:25:32,280 INFO  server.GrpcServerProtocolClient (GrpcServerProtocolClient.java:close(105)) - s7 Close channels
2025-05-22 15:25:32,280 INFO  server.GrpcServerProtocolClient (GrpcServerProtocolClient.java:close(105)) - s6 Close channels
2025-05-22 15:25:32,280 INFO  server.GrpcServerProtocolClient (GrpcServerProtocolClient.java:close(105)) - s8 Close channels
2025-05-22 15:25:32,281 WARN  server.GrpcServerProtocolService (LogUtils.java:warn(127)) - s1: APPEND_ENTRIES onError, lastRequest: s14->s1#882-t1,previous=(t:1, i:251),leaderCommit=251,initializing? false,entries: size=1, first=(t:1, i:252), METADATAENTRY(c:251): org.apache.ratis.thirdparty.io.grpc.StatusRuntimeException: CANCELLED: client cancelled
2025-05-22 15:25:32,280 INFO  server.GrpcServerProtocolClient (GrpcServerProtocolClient.java:close(105)) - s7 Close channels
2025-05-22 15:25:32,281 INFO  impl.StateMachineUpdater (StateMachineUpdater.java:stop(140)) - s1@group-5CA96AA9335B-StateMachineUpdater: closing ArithmeticStateMachine, lastApplied=<INITIAL_VALUE>
2025-05-22 15:25:32,280 INFO  server.GrpcServerProtocolClient (GrpcServerProtocolClient.java:close(105)) - s9 Close channels
2025-05-22 15:25:32,282 WARN  server.GrpcLogAppender (GrpcLogAppender.java:mayWait(300)) - s14@group-171B122E1842->s11-GrpcLogAppender: Wait interrupted by java.lang.InterruptedException
2025-05-22 15:25:32,282 WARN  server.GrpcLogAppender (GrpcLogAppender.java:mayWait(300)) - s14@group-171B122E1842->s10-GrpcLogAppender: Wait interrupted by java.lang.InterruptedException
2025-05-22 15:25:32,282 WARN  server.GrpcLogAppender (GrpcLogAppender.java:mayWait(300)) - s14@group-171B122E1842->s1-GrpcLogAppender: Wait interrupted by java.lang.InterruptedException
2025-05-22 15:25:32,282 WARN  server.GrpcLogAppender (GrpcLogAppender.java:mayWait(300)) - s14@group-171B122E1842->s4-GrpcLogAppender: Wait interrupted by java.lang.InterruptedException
2025-05-22 15:25:32,282 INFO  segmented.SegmentedRaftLogWorker (SegmentedRaftLogWorker.java:close(256)) - s11@group-5CA96AA9335B-SegmentedRaftLogWorker close()
2025-05-22 15:25:32,283 WARN  server.GrpcLogAppender (GrpcLogAppender.java:mayWait(300)) - s14@group-171B122E1842->s5-GrpcLogAppender: Wait interrupted by java.lang.InterruptedException
2025-05-22 15:25:32,283 INFO  raftlog.RaftLog (SegmentedRaftLog.java:close(577)) - Successfully closed s11@group-5CA96AA9335B-SegmentedRaftLog:CLOSED:c-1
2025-05-22 15:25:32,283 WARN  server.GrpcLogAppender (GrpcLogAppender.java:mayWait(300)) - s14@group-171B122E1842->s6-GrpcLogAppender: Wait interrupted by java.lang.InterruptedException
2025-05-22 15:25:32,283 WARN  server.GrpcLogAppender (GrpcLogAppender.java:mayWait(300)) - s14@group-171B122E1842->s0-GrpcLogAppender: Wait interrupted by java.lang.InterruptedException
2025-05-22 15:25:32,283 WARN  server.GrpcLogAppender (GrpcLogAppender.java:mayWait(300)) - s14@group-171B122E1842->s12-GrpcLogAppender: Wait interrupted by java.lang.InterruptedException
2025-05-22 15:25:32,283 WARN  server.GrpcLogAppender (GrpcLogAppender.java:mayWait(300)) - s14@group-171B122E1842->s13-GrpcLogAppender: Wait interrupted by java.lang.InterruptedException
2025-05-22 15:25:32,283 WARN  server.GrpcLogAppender (GrpcLogAppender.java:mayWait(300)) - s14@group-171B122E1842->s3-GrpcLogAppender: Wait interrupted by java.lang.InterruptedException
2025-05-22 15:25:32,283 WARN  server.GrpcLogAppender (GrpcLogAppender.java:mayWait(300)) - s14@group-171B122E1842->s2-GrpcLogAppender: Wait interrupted by java.lang.InterruptedException
2025-05-22 15:25:32,284 INFO  impl.StateMachineUpdater (StateMachineUpdater.java:stop(140)) - s2@group-5CA96AA9335B-StateMachineUpdater: closing ArithmeticStateMachine, lastApplied=<INITIAL_VALUE>
2025-05-22 15:25:32,284 INFO  server.GrpcServicesImpl (GrpcServicesImpl.java:closeImpl(362)) - s0: shutdown server GrpcServerProtocolService now
2025-05-22 15:25:32,284 INFO  impl.StateMachineUpdater (StateMachineUpdater.java:stopAndJoin(163)) - s2@group-5CA96AA9335B-StateMachineUpdater: set stopIndex = -1
2025-05-22 15:25:32,284 INFO  raftlog.RaftLog (SegmentedRaftLog.java:close(569)) - Start closing s2@group-5CA96AA9335B-SegmentedRaftLog:OPENED:c-1:lastnull
2025-05-22 15:25:32,284 INFO  server.RaftServer$Division (RaftServerImpl.java:lambda$close$1(530)) - s0@group-171B122E1842: shutdown
2025-05-22 15:25:32,285 INFO  util.JmxRegister (JmxRegister.java:unregister(74)) - Successfully un-registered JMX Bean with object name Ratis:service=RaftServer,group=group-171B122E1842,id=s0
2025-05-22 15:25:32,285 INFO  impl.RoleInfo (RoleInfo.java:shutdownFollowerState(121)) - s0: shutdown s0@group-171B122E1842-FollowerState
2025-05-22 15:25:32,285 INFO  server.GrpcServicesImpl (GrpcServicesImpl.java:closeImpl(362)) - s2: shutdown server GrpcServerProtocolService now
2025-05-22 15:25:32,285 INFO  server.RaftServer$Division (RaftServerImpl.java:lambda$close$1(530)) - s2@group-171B122E1842: shutdown
2025-05-22 15:25:32,285 INFO  util.JmxRegister (JmxRegister.java:unregister(74)) - Successfully un-registered JMX Bean with object name Ratis:service=RaftServer,group=group-171B122E1842,id=s2
2025-05-22 15:25:32,285 INFO  impl.RoleInfo (RoleInfo.java:shutdownFollowerState(121)) - s2: shutdown s2@group-171B122E1842-FollowerState
2025-05-22 15:25:32,285 INFO  impl.StateMachineUpdater (StateMachineUpdater.java:stopAndJoin(163)) - s2@group-171B122E1842-StateMachineUpdater: set stopIndex = 251
2025-05-22 15:25:32,286 INFO  impl.FollowerState (FollowerState.java:runImpl(170)) - s2@group-171B122E1842-FollowerState was interrupted
2025-05-22 15:25:32,286 WARN  server.GrpcServerProtocolService (LogUtils.java:warn(127)) - s0: APPEND_ENTRIES onError, lastRequest: s14->s0#824-t1,previous=(t:1, i:251),leaderCommit=251,initializing? false,entries: size=1, first=(t:1, i:252), METADATAENTRY(c:251): org.apache.ratis.thirdparty.io.grpc.StatusRuntimeException: CANCELLED: client cancelled
2025-05-22 15:25:32,286 INFO  impl.StateMachineUpdater (StateMachineUpdater.java:stop(140)) - s2@group-171B122E1842-StateMachineUpdater: closing ArithmeticStateMachine, lastApplied=(t:1, i:251)
2025-05-22 15:25:32,286 INFO  raftlog.RaftLog (SegmentedRaftLog.java:close(569)) - Start closing s2@group-171B122E1842-SegmentedRaftLog:OPENED:c251:last(t:1, i:252)
2025-05-22 15:25:32,286 INFO  util.AwaitToRun (AwaitToRun.java:run(49)) - s2@group-171B122E1842-cacheEviction-AwaitToRun-AwaitForSignal is interrupted
2025-05-22 15:25:32,288 INFO  segmented.LogSegment (LogSegment.java:close(354)) - Successfully closed EntryCache-log_inprogress_0
2025-05-22 15:25:32,289 INFO  server.GrpcServicesImpl (GrpcServicesImpl.java:closeImpl(371)) - s3: shutdown server GrpcServerProtocolService successfully
2025-05-22 15:25:32,289 INFO  segmented.SegmentedRaftLogWorker (SegmentedRaftLogWorker.java:close(256)) - s9@group-5CA96AA9335B-SegmentedRaftLogWorker close()
2025-05-22 15:25:32,290 INFO  raftlog.RaftLog (SegmentedRaftLog.java:close(577)) - Successfully closed s9@group-5CA96AA9335B-SegmentedRaftLog:CLOSED:c-1
2025-05-22 15:25:32,291 WARN  server.GrpcServerProtocolService (LogUtils.java:warn(127)) - s0: APPEND_ENTRIES onError, lastRequest: null: org.apache.ratis.thirdparty.io.grpc.StatusRuntimeException: CANCELLED: client cancelled
2025-05-22 15:25:32,291 WARN  server.GrpcServerProtocolService (LogUtils.java:warn(127)) - s2: APPEND_ENTRIES onError, lastRequest: s14->s2#1199-t1,previous=(t:1, i:251),leaderCommit=251,initializing? false,entries: size=1, first=(t:1, i:252), METADATAENTRY(c:251): org.apache.ratis.thirdparty.io.grpc.StatusRuntimeException: CANCELLED: client cancelled
2025-05-22 15:25:32,293 WARN  server.GrpcServerProtocolService (LogUtils.java:warn(127)) - s1: APPEND_ENTRIES onError, lastRequest: s0->s1#298-t1,previous=(t:1, i:119),leaderCommit=119,initializing? false,entries: size=1, first=(t:1, i:120), METADATAENTRY(c:119): org.apache.ratis.thirdparty.io.grpc.StatusRuntimeException: CANCELLED: client cancelled
2025-05-22 15:25:32,293 INFO  server.GrpcLogAppender (GrpcLogAppender.java:onError(563)) - s7@group-F5200629CA74->s9-GrpcLogAppender is already stopped
2025-05-22 15:25:32,295 INFO  server.GrpcLogAppender (GrpcLogAppender.java:onError(563)) - s14@group-171B122E1842->s6-GrpcLogAppender is already stopped
2025-05-22 15:25:32,295 INFO  impl.FollowerState (FollowerState.java:runImpl(170)) - s8@group-171B122E1842-FollowerState was interrupted
2025-05-22 15:25:32,296 INFO  impl.StateMachineUpdater (StateMachineUpdater.java:stopAndJoin(163)) - s8@group-171B122E1842-StateMachineUpdater: set stopIndex = 251
2025-05-22 15:25:32,296 INFO  impl.StateMachineUpdater (StateMachineUpdater.java:stop(140)) - s8@group-171B122E1842-StateMachineUpdater: closing ArithmeticStateMachine, lastApplied=(t:1, i:251)
2025-05-22 15:25:32,296 INFO  server.GrpcLogAppender (GrpcLogAppender.java:onError(563)) - s6@group-627EA8FBA030->s4-GrpcLogAppender is already stopped
2025-05-22 15:25:32,296 INFO  raftlog.RaftLog (SegmentedRaftLog.java:close(569)) - Start closing s8@group-171B122E1842-SegmentedRaftLog:OPENED:c251:last(t:1, i:252)
2025-05-22 15:25:32,296 WARN  server.GrpcServerProtocolService (LogUtils.java:warn(127)) - s1: APPEND_ENTRIES onError, lastRequest: null: org.apache.ratis.thirdparty.io.grpc.StatusRuntimeException: CANCELLED: client cancelled
2025-05-22 15:25:32,297 INFO  server.GrpcLogAppender (GrpcLogAppender.java:onError(563)) - s14@group-171B122E1842->s6-GrpcLogAppender is already stopped
2025-05-22 15:25:32,297 INFO  server.GrpcLogAppender (GrpcLogAppender.java:onError(563)) - s14@group-171B122E1842->s5-GrpcLogAppender is already stopped
2025-05-22 15:25:32,297 INFO  server.GrpcLogAppender (GrpcLogAppender.java:onError(563)) - s14@group-171B122E1842->s4-GrpcLogAppender is already stopped
2025-05-22 15:25:32,297 INFO  server.GrpcLogAppender (GrpcLogAppender.java:onError(563)) - s14@group-171B122E1842->s5-GrpcLogAppender is already stopped
2025-05-22 15:25:32,297 WARN  server.GrpcServerProtocolService (LogUtils.java:warn(127)) - s1: APPEND_ENTRIES onError, lastRequest: null: org.apache.ratis.thirdparty.io.grpc.StatusRuntimeException: CANCELLED: client cancelled
2025-05-22 15:25:32,297 INFO  server.GrpcLogAppender (GrpcLogAppender.java:onError(563)) - s12@group-BEB040E247F1->s11-GrpcLogAppender is already stopped
2025-05-22 15:25:32,297 INFO  server.GrpcLogAppender (GrpcLogAppender.java:onError(563)) - s14@group-171B122E1842->s3-GrpcLogAppender is already stopped
2025-05-22 15:25:32,297 INFO  server.GrpcLogAppender (GrpcLogAppender.java:onError(563)) - s14@group-171B122E1842->s11-GrpcLogAppender is already stopped
2025-05-22 15:25:32,297 WARN  server.GrpcServerProtocolService (LogUtils.java:warn(127)) - s2: APPEND_ENTRIES onError, lastRequest: null: org.apache.ratis.thirdparty.io.grpc.StatusRuntimeException: CANCELLED: client cancelled
2025-05-22 15:25:32,296 INFO  util.AwaitToRun (AwaitToRun.java:run(49)) - s6@group-171B122E1842-cacheEviction-AwaitToRun-AwaitForSignal is interrupted
2025-05-22 15:25:32,309 WARN  server.GrpcLogAppender (LogUtils.java:warn(127)) - s14@group-171B122E1842->s8-AppendLogResponseHandler: Failed appendEntries: org.apache.ratis.thirdparty.io.grpc.StatusRuntimeException: CANCELLED: RST_STREAM closed stream. HTTP/2 error code: CANCEL
2025-05-22 15:25:32,309 WARN  server.GrpcLogAppender (GrpcLogAppender.java:resetClient(237)) - s14@group-171B122E1842->s9-GrpcLogAppender: Failed to getClient for s9
org.apache.ratis.protocol.exceptions.AlreadyClosedException: s14 is already CLOSED
	at org.apache.ratis.util.PeerProxyMap$PeerAndProxy.getProxy(PeerProxyMap.java:67)
	at org.apache.ratis.util.PeerProxyMap.getProxy(PeerProxyMap.java:124)
	at org.apache.ratis.grpc.server.GrpcLogAppender.getClient(GrpcLogAppender.java:207)
	at org.apache.ratis.grpc.server.GrpcLogAppender.resetClient(GrpcLogAppender.java:212)
	at org.apache.ratis.grpc.server.GrpcLogAppender.access$800(GrpcLogAppender.java:70)
	at org.apache.ratis.grpc.server.GrpcLogAppender$AppendLogResponseHandler.onError(GrpcLogAppender.java:571)
	at org.apache.ratis.thirdparty.io.grpc.stub.ClientCalls$StreamObserverToCallListenerAdapter.onClose(ClientCalls.java:564)
	at org.apache.ratis.thirdparty.io.grpc.internal.DelayedClientCall$DelayedListener$3.run(DelayedClientCall.java:489)
	at org.apache.ratis.thirdparty.io.grpc.internal.DelayedClientCall$DelayedListener.delayOrExecute(DelayedClientCall.java:453)
	at org.apache.ratis.thirdparty.io.grpc.internal.DelayedClientCall$DelayedListener.onClose(DelayedClientCall.java:486)
	at org.apache.ratis.thirdparty.io.grpc.internal.ClientCallImpl.closeObserver(ClientCallImpl.java:565)
	at org.apache.ratis.thirdparty.io.grpc.internal.ClientCallImpl.access$100(ClientCallImpl.java:72)
	at org.apache.ratis.thirdparty.io.grpc.internal.ClientCallImpl$ClientStreamListenerImpl$1StreamClosed.runInternal(ClientCallImpl.java:733)
	at org.apache.ratis.thirdparty.io.grpc.internal.ClientCallImpl$ClientStreamListenerImpl$1StreamClosed.runInContext(ClientCallImpl.java:714)
	at org.apache.ratis.thirdparty.io.grpc.internal.ContextRunnable.run(ContextRunnable.java:37)
	at org.apache.ratis.thirdparty.io.grpc.internal.SerializingExecutor.run(SerializingExecutor.java:133)
	at java.util.concurrent.ThreadPoolExecutor.runWorker(ThreadPoolExecutor.java:1149)
	at java.util.concurrent.ThreadPoolExecutor$Worker.run(ThreadPoolExecutor.java:624)
	at java.lang.Thread.run(Thread.java:750)
2025-05-22 15:25:32,309 INFO  segmented.LogSegment (LogSegment.java:close(354)) - Successfully closed EntryCache-log_inprogress_0
2025-05-22 15:25:32,310 INFO  server.GrpcLogAppender (GrpcLogAppender.java:onError(563)) - s14@group-171B122E1842->s0-GrpcLogAppender is already stopped
2025-05-22 15:25:32,309 INFO  server.GrpcLogAppender (GrpcLogAppender.java:onError(563)) - s14@group-171B122E1842->s1-GrpcLogAppender is already stopped
2025-05-22 15:25:32,309 INFO  server.GrpcLogAppender (GrpcLogAppender.java:onError(563)) - s14@group-171B122E1842->s2-GrpcLogAppender is already stopped
2025-05-22 15:25:32,308 INFO  server.GrpcServicesImpl (GrpcServicesImpl.java:closeImpl(371)) - s2: shutdown server GrpcServerProtocolService successfully
2025-05-22 15:25:32,312 INFO  server.GrpcServicesImpl (GrpcServicesImpl.java:closeImpl(362)) - s10: shutdown server GrpcServerProtocolService now
2025-05-22 15:25:32,312 INFO  server.RaftServer$Division (RaftServerImpl.java:lambda$close$1(530)) - s10@group-171B122E1842: shutdown
2025-05-22 15:25:32,308 INFO  server.GrpcLogAppender (GrpcLogAppender.java:onError(563)) - s14@group-171B122E1842->s0-GrpcLogAppender is already stopped
2025-05-22 15:25:32,306 INFO  server.GrpcServerProtocolClient (GrpcServerProtocolClient.java:close(105)) - s0 Close channels
2025-05-22 15:25:32,312 INFO  server.GrpcLogAppender (GrpcLogAppender.java:onError(563)) - s14@group-171B122E1842->s11-GrpcLogAppender is already stopped
2025-05-22 15:25:32,306 INFO  server.RaftServer$Division (RaftServerImpl.java:lambda$close$1(530)) - s12@group-171B122E1842: shutdown
2025-05-22 15:25:32,313 INFO  server.GrpcLogAppender (GrpcLogAppender.java:onError(563)) - s0@group-B21D4752B5F9->s1-GrpcLogAppender is already stopped
2025-05-22 15:25:32,306 INFO  server.GrpcServicesImpl (GrpcServicesImpl.java:closeImpl(362)) - s12: shutdown server GrpcServerProtocolService now
2025-05-22 15:25:32,314 WARN  server.GrpcServerProtocolService (LogUtils.java:warn(127)) - s10: APPEND_ENTRIES onError, lastRequest: null: org.apache.ratis.thirdparty.io.grpc.StatusRuntimeException: CANCELLED: client cancelled
2025-05-22 15:25:32,314 INFO  server.GrpcServicesImpl (GrpcServicesImpl.java:closeImpl(371)) - s8: shutdown server GrpcServerProtocolService successfully
2025-05-22 15:25:32,314 INFO  server.GrpcServicesImpl (GrpcServicesImpl.java:closeImpl(371)) - s6: shutdown server GrpcServerProtocolService successfully
2025-05-22 15:25:32,306 INFO  server.GrpcServerProtocolClient (GrpcServerProtocolClient.java:close(105)) - s10 Close channels
2025-05-22 15:25:32,314 INFO  server.GrpcServicesImpl (GrpcServicesImpl.java:closeImpl(371)) - s1: shutdown server GrpcServerProtocolService successfully
2025-05-22 15:25:32,314 INFO  server.GrpcLogAppender (GrpcLogAppender.java:onError(563)) - s0@group-B21D4752B5F9->s10-GrpcLogAppender is already stopped
2025-05-22 15:25:32,314 WARN  server.GrpcServerProtocolService (LogUtils.java:warn(127)) - s10: APPEND_ENTRIES onError, lastRequest: s14->s10#674-t1,previous=(t:1, i:251),leaderCommit=251,initializing? false,entries: size=1, first=(t:1, i:252), METADATAENTRY(c:251): org.apache.ratis.thirdparty.io.grpc.StatusRuntimeException: CANCELLED: client cancelled
2025-05-22 15:25:32,315 WARN  server.GrpcServerProtocolService (LogUtils.java:warn(127)) - s12: APPEND_ENTRIES onError, lastRequest: null: org.apache.ratis.thirdparty.io.grpc.StatusRuntimeException: CANCELLED: client cancelled
2025-05-22 15:25:32,315 INFO  server.GrpcLogAppender (GrpcLogAppender.java:onError(563)) - s14@group-171B122E1842->s10-GrpcLogAppender is already stopped
2025-05-22 15:25:32,316 WARN  server.GrpcServerProtocolService (LogUtils.java:warn(127)) - s12: APPEND_ENTRIES onError, lastRequest: null: org.apache.ratis.thirdparty.io.grpc.StatusRuntimeException: CANCELLED: client cancelled
2025-05-22 15:25:32,316 INFO  server.GrpcLogAppender (GrpcLogAppender.java:onError(563)) - s11@group-BEB040E247F1->s12-GrpcLogAppender is already stopped
2025-05-22 15:25:32,317 WARN  server.GrpcServerProtocolService (LogUtils.java:warn(127)) - s12: APPEND_ENTRIES onError, lastRequest: s14->s12#896-t1,previous=(t:1, i:251),leaderCommit=251,initializing? false,entries: size=1, first=(t:1, i:252), METADATAENTRY(c:251): org.apache.ratis.thirdparty.io.grpc.StatusRuntimeException: CANCELLED: client cancelled
2025-05-22 15:25:32,305 INFO  server.GrpcServerProtocolClient (GrpcServerProtocolClient.java:close(105)) - s12 Close channels
2025-05-22 15:25:32,305 INFO  server.GrpcServerProtocolClient (GrpcServerProtocolClient.java:close(105)) - s13 Close channels
2025-05-22 15:25:32,317 INFO  server.GrpcLogAppender (GrpcLogAppender.java:onError(563)) - s14@group-171B122E1842->s12-GrpcLogAppender is already stopped
2025-05-22 15:25:32,305 INFO  server.RaftServer$Division (RaftServerImpl.java:lambda$close$1(530)) - s13@group-171B122E1842: shutdown
2025-05-22 15:25:32,305 INFO  server.GrpcServicesImpl (GrpcServicesImpl.java:closeImpl(362)) - s13: shutdown server GrpcServerProtocolService now
2025-05-22 15:25:32,304 INFO  server.RaftServer$Division (RaftServerImpl.java:lambda$close$1(530)) - s10@group-5CA96AA9335B: shutdown
2025-05-22 15:25:32,318 INFO  util.JmxRegister (JmxRegister.java:unregister(74)) - Successfully un-registered JMX Bean with object name Ratis:service=RaftServer,group=group-5CA96AA9335B,id=s10
2025-05-22 15:25:32,304 INFO  server.RaftServer$Division (RaftServerImpl.java:lambda$close$1(530)) - s13@group-5CA96AA9335B: shutdown
2025-05-22 15:25:32,318 INFO  util.JmxRegister (JmxRegister.java:unregister(74)) - Successfully un-registered JMX Bean with object name Ratis:service=RaftServer,group=group-5CA96AA9335B,id=s13
2025-05-22 15:25:32,318 INFO  util.JmxRegister (JmxRegister.java:unregister(74)) - Successfully un-registered JMX Bean with object name Ratis:service=RaftServer,group=group-171B122E1842,id=s13
2025-05-22 15:25:32,318 INFO  impl.RoleInfo (RoleInfo.java:shutdownFollowerState(121)) - s13: shutdown s13@group-171B122E1842-FollowerState
2025-05-22 15:25:32,303 INFO  server.GrpcServerProtocolClient (GrpcServerProtocolClient.java:close(105)) - s8 Close channels
2025-05-22 15:25:32,319 WARN  server.GrpcServerProtocolService (LogUtils.java:warn(127)) - s13: APPEND_ENTRIES onError, lastRequest: null: org.apache.ratis.thirdparty.io.grpc.StatusRuntimeException: CANCELLED: client cancelled
2025-05-22 15:25:32,302 INFO  impl.StateMachineUpdater (StateMachineUpdater.java:stopAndJoin(163)) - s1@group-5CA96AA9335B-StateMachineUpdater: set stopIndex = -1
2025-05-22 15:25:32,319 INFO  raftlog.RaftLog (SegmentedRaftLog.java:close(569)) - Start closing s1@group-5CA96AA9335B-SegmentedRaftLog:OPENED:c-1:lastnull
2025-05-22 15:25:32,302 INFO  server.GrpcServerProtocolClient (GrpcServerProtocolClient.java:close(105)) - s2 Close channels
2025-05-22 15:25:32,320 WARN  server.GrpcServerProtocolService (LogUtils.java:warn(127)) - s13: APPEND_ENTRIES onError, lastRequest: s12->s13#1-t2,previous=(t:1, i:120),leaderCommit=120,initializing? false,entries: size=1, first=(t:2, i:121), CONFIGURATIONENTRY(current:id:"s11"address:"0.0.0.0:15011"clientAddress:"0.0.0.0:15011"adminAddress:"0.0.0.0:15011"startupRole:FOLLOWER, id:"s13"address:"0.0.0.0:15013"clientAddress:"0.0.0.0:15013"adminAddress:"0.0.0.0:15013"startupRole:FOLLOWER, id:"s12"address:"0.0.0.0:15012"clientAddress:"0.0.0.0:15012"adminAddress:"0.0.0.0:15012"startupRole:FOLLOWER, old:): org.apache.ratis.thirdparty.io.grpc.StatusRuntimeException: CANCELLED: client cancelled
2025-05-22 15:25:32,302 INFO  server.GrpcServerProtocolClient (GrpcServerProtocolClient.java:close(105)) - s1 Close channels
2025-05-22 15:25:32,321 WARN  server.GrpcServerProtocolService (LogUtils.java:warn(127)) - s13: APPEND_ENTRIES onError, lastRequest: s11->s13#291-t1,previous=(t:1, i:119),leaderCommit=119,initializing? false,entries: size=1, first=(t:1, i:120), METADATAENTRY(c:119): org.apache.ratis.thirdparty.io.grpc.StatusRuntimeException: CANCELLED: client cancelled
2025-05-22 15:25:32,302 INFO  server.GrpcServerProtocolClient (GrpcServerProtocolClient.java:close(105)) - s0 Close channels
2025-05-22 15:25:32,321 INFO  server.GrpcLogAppender (GrpcLogAppender.java:onError(563)) - s12@group-BEB040E247F1->s13-GrpcLogAppender is already stopped
2025-05-22 15:25:32,322 INFO  server.GrpcLogAppender (GrpcLogAppender.java:onError(563)) - s14@group-171B122E1842->s13-GrpcLogAppender is already stopped
2025-05-22 15:25:32,302 INFO  impl.StateMachineUpdater (StateMachineUpdater.java:stop(140)) - s1@group-171B122E1842-StateMachineUpdater: closing ArithmeticStateMachine, lastApplied=(t:1, i:251)
2025-05-22 15:25:32,302 INFO  impl.FollowerState (FollowerState.java:runImpl(170)) - s1@group-171B122E1842-FollowerState was interrupted
2025-05-22 15:25:32,322 WARN  server.GrpcServerProtocolService (LogUtils.java:warn(127)) - s13: APPEND_ENTRIES onError, lastRequest: s14->s13#932-t1,previous=(t:1, i:251),leaderCommit=251,initializing? false,entries: size=1, first=(t:1, i:252), METADATAENTRY(c:251): org.apache.ratis.thirdparty.io.grpc.StatusRuntimeException: CANCELLED: client cancelled
2025-05-22 15:25:32,302 INFO  server.GrpcServerProtocolClient (GrpcServerProtocolClient.java:close(105)) - s12 Close channels
2025-05-22 15:25:32,302 INFO  impl.StateMachineUpdater (StateMachineUpdater.java:stopAndJoin(163)) - s1@group-171B122E1842-StateMachineUpdater: set stopIndex = 251
2025-05-22 15:25:32,322 INFO  raftlog.RaftLog (SegmentedRaftLog.java:close(569)) - Start closing s1@group-171B122E1842-SegmentedRaftLog:OPENED:c251:last(t:1, i:252)
2025-05-22 15:25:32,302 INFO  server.GrpcServerProtocolClient (GrpcServerProtocolClient.java:close(105)) - s13 Close channels
2025-05-22 15:25:32,301 INFO  server.GrpcServicesImpl (GrpcServicesImpl.java:closeImpl(371)) - s4: shutdown server GrpcServerProtocolService successfully
2025-05-22 15:25:32,300 INFO  server.RaftServer$Division (RaftServerImpl.java:lambda$close$1(530)) - s12@group-5CA96AA9335B: shutdown
2025-05-22 15:25:32,323 INFO  util.JmxRegister (JmxRegister.java:unregister(74)) - Successfully un-registered JMX Bean with object name Ratis:service=RaftServer,group=group-5CA96AA9335B,id=s12
2025-05-22 15:25:32,323 INFO  server.GrpcLogAppender (GrpcLogAppender.java:onError(563)) - s14@group-171B122E1842->s13-GrpcLogAppender is already stopped
2025-05-22 15:25:32,300 INFO  util.AwaitToRun (AwaitToRun.java:run(49)) - s2@group-5CA96AA9335B-cacheEviction-AwaitToRun-AwaitForSignal is interrupted
2025-05-22 15:25:32,300 INFO  impl.StateMachineUpdater (StateMachineUpdater.java:stopAndJoin(163)) - s0@group-171B122E1842-StateMachineUpdater: set stopIndex = 251
2025-05-22 15:25:32,300 INFO  impl.StateMachineUpdater (StateMachineUpdater.java:stop(140)) - s0@group-171B122E1842-StateMachineUpdater: closing ArithmeticStateMachine, lastApplied=(t:1, i:251)
2025-05-22 15:25:32,300 INFO  impl.FollowerState (FollowerState.java:runImpl(170)) - s0@group-171B122E1842-FollowerState was interrupted
2025-05-22 15:25:32,299 INFO  util.AwaitToRun (AwaitToRun.java:run(49)) - s8@group-5CA96AA9335B-cacheEviction-AwaitToRun-AwaitForSignal is interrupted
2025-05-22 15:25:32,324 INFO  raftlog.RaftLog (SegmentedRaftLog.java:close(569)) - Start closing s0@group-171B122E1842-SegmentedRaftLog:OPENED:c251:last(t:1, i:252)
2025-05-22 15:25:32,324 INFO  segmented.SegmentedRaftLogWorker (SegmentedRaftLogWorker.java:close(256)) - s14@group-5CA96AA9335B-SegmentedRaftLogWorker close()
2025-05-22 15:25:32,324 INFO  raftlog.RaftLog (SegmentedRaftLog.java:close(577)) - Successfully closed s14@group-5CA96AA9335B-SegmentedRaftLog:CLOSED:c-1
2025-05-22 15:25:32,297 INFO  server.GrpcLogAppender (GrpcLogAppender.java:onError(563)) - s6@group-627EA8FBA030->s5-GrpcLogAppender is already stopped
2025-05-22 15:25:32,296 INFO  util.AwaitToRun (AwaitToRun.java:run(49)) - s8@group-171B122E1842-cacheEviction-AwaitToRun-AwaitForSignal is interrupted
2025-05-22 15:25:32,318 INFO  server.GrpcServerProtocolClient (GrpcServerProtocolClient.java:close(105)) - s11 Close channels
2025-05-22 15:25:32,313 INFO  util.JmxRegister (JmxRegister.java:unregister(74)) - Successfully un-registered JMX Bean with object name Ratis:service=RaftServer,group=group-171B122E1842,id=s12
2025-05-22 15:25:32,326 INFO  impl.RoleInfo (RoleInfo.java:shutdownFollowerState(121)) - s12: shutdown s12@group-171B122E1842-FollowerState
2025-05-22 15:25:32,312 INFO  server.GrpcLogAppender (GrpcLogAppender.java:onError(563)) - s14@group-171B122E1842->s2-GrpcLogAppender is already stopped
2025-05-22 15:25:32,326 INFO  segmented.LogSegment (LogSegment.java:close(354)) - Successfully closed EntryCache-log_inprogress_0
2025-05-22 15:25:32,312 INFO  util.JmxRegister (JmxRegister.java:unregister(74)) - Successfully un-registered JMX Bean with object name Ratis:service=RaftServer,group=group-171B122E1842,id=s10
2025-05-22 15:25:32,327 INFO  impl.RoleInfo (RoleInfo.java:shutdownFollowerState(121)) - s10: shutdown s10@group-171B122E1842-FollowerState
2025-05-22 15:25:32,310 INFO  server.GrpcServerProtocolClient (GrpcServerProtocolClient.java:close(105)) - s10 Close channels
2025-05-22 15:25:32,309 INFO  server.GrpcLogAppender (GrpcLogAppender.java:onError(563)) - s7@group-F5200629CA74->s9-GrpcLogAppender is already stopped
2025-05-22 15:25:32,309 INFO  server.GrpcLogAppender (GrpcLogAppender.java:onError(563)) - s14@group-171B122E1842->s1-GrpcLogAppender is already stopped
2025-05-22 15:25:32,309 INFO  server.GrpcLogAppender (GrpcLogAppender.java:onError(563)) - s0@group-B21D4752B5F9->s1-GrpcLogAppender is already stopped
2025-05-22 15:25:32,309 WARN  server.GrpcLogAppender (GrpcLogAppender.java:resetClient(237)) - s14@group-171B122E1842->s8-GrpcLogAppender: Failed to getClient for s8
org.apache.ratis.protocol.exceptions.AlreadyClosedException: s14 is already CLOSED
	at org.apache.ratis.util.PeerProxyMap$PeerAndProxy.getProxy(PeerProxyMap.java:67)
	at org.apache.ratis.util.PeerProxyMap.getProxy(PeerProxyMap.java:124)
	at org.apache.ratis.grpc.server.GrpcLogAppender.getClient(GrpcLogAppender.java:207)
	at org.apache.ratis.grpc.server.GrpcLogAppender.resetClient(GrpcLogAppender.java:212)
	at org.apache.ratis.grpc.server.GrpcLogAppender.access$800(GrpcLogAppender.java:70)
	at org.apache.ratis.grpc.server.GrpcLogAppender$AppendLogResponseHandler.onError(GrpcLogAppender.java:571)
	at org.apache.ratis.thirdparty.io.grpc.stub.ClientCalls$StreamObserverToCallListenerAdapter.onClose(ClientCalls.java:564)
	at org.apache.ratis.thirdparty.io.grpc.internal.DelayedClientCall$DelayedListener$3.run(DelayedClientCall.java:489)
	at org.apache.ratis.thirdparty.io.grpc.internal.DelayedClientCall$DelayedListener.delayOrExecute(DelayedClientCall.java:453)
	at org.apache.ratis.thirdparty.io.grpc.internal.DelayedClientCall$DelayedListener.onClose(DelayedClientCall.java:486)
	at org.apache.ratis.thirdparty.io.grpc.internal.ClientCallImpl.closeObserver(ClientCallImpl.java:565)
	at org.apache.ratis.thirdparty.io.grpc.internal.ClientCallImpl.access$100(ClientCallImpl.java:72)
	at org.apache.ratis.thirdparty.io.grpc.internal.ClientCallImpl$ClientStreamListenerImpl$1StreamClosed.runInternal(ClientCallImpl.java:733)
	at org.apache.ratis.thirdparty.io.grpc.internal.ClientCallImpl$ClientStreamListenerImpl$1StreamClosed.runInContext(ClientCallImpl.java:714)
	at org.apache.ratis.thirdparty.io.grpc.internal.ContextRunnable.run(ContextRunnable.java:37)
	at org.apache.ratis.thirdparty.io.grpc.internal.SerializingExecutor.run(SerializingExecutor.java:133)
	at java.util.concurrent.ThreadPoolExecutor.runWorker(ThreadPoolExecutor.java:1149)
	at java.util.concurrent.ThreadPoolExecutor$Worker.run(ThreadPoolExecutor.java:624)
	at java.lang.Thread.run(Thread.java:750)
2025-05-22 15:25:32,328 INFO  server.GrpcServicesImpl (GrpcServicesImpl.java:closeImpl(371)) - s5: shutdown server GrpcServerProtocolService successfully
2025-05-22 15:25:32,329 INFO  impl.StateMachineUpdater (StateMachineUpdater.java:stop(140)) - s13@group-5CA96AA9335B-StateMachineUpdater: closing ArithmeticStateMachine, lastApplied=<INITIAL_VALUE>
2025-05-22 15:25:32,330 WARN  server.GrpcLogAppender (GrpcLogAppender.java:lambda$resetClient$1(228)) - s14@group-171B122E1842->s7-GrpcLogAppender: Follower failed (request=null, errorCount=1); keep nextIndex (253) unchanged and retry.
2025-05-22 15:25:32,330 WARN  server.GrpcLogAppender (GrpcLogAppender.java:resetClient(237)) - s14@group-171B122E1842->s8-GrpcLogAppender: Failed to getClient for s8
org.apache.ratis.protocol.exceptions.AlreadyClosedException: s14 is already CLOSED
	at org.apache.ratis.util.PeerProxyMap$PeerAndProxy.getProxy(PeerProxyMap.java:67)
	at org.apache.ratis.util.PeerProxyMap.getProxy(PeerProxyMap.java:124)
	at org.apache.ratis.grpc.server.GrpcLogAppender.getClient(GrpcLogAppender.java:207)
	at org.apache.ratis.grpc.server.GrpcLogAppender.resetClient(GrpcLogAppender.java:212)
	at org.apache.ratis.grpc.server.GrpcLogAppender.access$800(GrpcLogAppender.java:70)
	at org.apache.ratis.grpc.server.GrpcLogAppender$AppendLogResponseHandler.onError(GrpcLogAppender.java:571)
	at org.apache.ratis.thirdparty.io.grpc.stub.ClientCalls$StreamObserverToCallListenerAdapter.onClose(ClientCalls.java:564)
	at org.apache.ratis.thirdparty.io.grpc.internal.DelayedClientCall$DelayedListener$3.run(DelayedClientCall.java:489)
	at org.apache.ratis.thirdparty.io.grpc.internal.DelayedClientCall$DelayedListener.delayOrExecute(DelayedClientCall.java:453)
	at org.apache.ratis.thirdparty.io.grpc.internal.DelayedClientCall$DelayedListener.onClose(DelayedClientCall.java:486)
	at org.apache.ratis.thirdparty.io.grpc.internal.ClientCallImpl.closeObserver(ClientCallImpl.java:565)
	at org.apache.ratis.thirdparty.io.grpc.internal.ClientCallImpl.access$100(ClientCallImpl.java:72)
	at org.apache.ratis.thirdparty.io.grpc.internal.ClientCallImpl$ClientStreamListenerImpl$1StreamClosed.runInternal(ClientCallImpl.java:733)
	at org.apache.ratis.thirdparty.io.grpc.internal.ClientCallImpl$ClientStreamListenerImpl$1StreamClosed.runInContext(ClientCallImpl.java:714)
	at org.apache.ratis.thirdparty.io.grpc.internal.ContextRunnable.run(ContextRunnable.java:37)
	at org.apache.ratis.thirdparty.io.grpc.internal.SerializingExecutor.run(SerializingExecutor.java:133)
	at java.util.concurrent.ThreadPoolExecutor.runWorker(ThreadPoolExecutor.java:1149)
	at java.util.concurrent.ThreadPoolExecutor$Worker.run(ThreadPoolExecutor.java:624)
	at java.lang.Thread.run(Thread.java:750)
2025-05-22 15:25:32,330 WARN  server.GrpcLogAppender (GrpcLogAppender.java:resetClient(237)) - s14@group-171B122E1842->s7-GrpcLogAppender: Failed to getClient for s7
org.apache.ratis.protocol.exceptions.AlreadyClosedException: s14 is already CLOSED
	at org.apache.ratis.util.PeerProxyMap$PeerAndProxy.getProxy(PeerProxyMap.java:67)
	at org.apache.ratis.util.PeerProxyMap.getProxy(PeerProxyMap.java:124)
	at org.apache.ratis.grpc.server.GrpcLogAppender.getClient(GrpcLogAppender.java:207)
	at org.apache.ratis.grpc.server.GrpcLogAppender.resetClient(GrpcLogAppender.java:212)
	at org.apache.ratis.grpc.server.GrpcLogAppender.access$800(GrpcLogAppender.java:70)
	at org.apache.ratis.grpc.server.GrpcLogAppender$AppendLogResponseHandler.onError(GrpcLogAppender.java:571)
	at org.apache.ratis.thirdparty.io.grpc.stub.ClientCalls$StreamObserverToCallListenerAdapter.onClose(ClientCalls.java:564)
	at org.apache.ratis.thirdparty.io.grpc.internal.DelayedClientCall$DelayedListener$3.run(DelayedClientCall.java:489)
	at org.apache.ratis.thirdparty.io.grpc.internal.DelayedClientCall$DelayedListener.delayOrExecute(DelayedClientCall.java:453)
	at org.apache.ratis.thirdparty.io.grpc.internal.DelayedClientCall$DelayedListener.onClose(DelayedClientCall.java:486)
	at org.apache.ratis.thirdparty.io.grpc.internal.ClientCallImpl.closeObserver(ClientCallImpl.java:565)
	at org.apache.ratis.thirdparty.io.grpc.internal.ClientCallImpl.access$100(ClientCallImpl.java:72)
	at org.apache.ratis.thirdparty.io.grpc.internal.ClientCallImpl$ClientStreamListenerImpl$1StreamClosed.runInternal(ClientCallImpl.java:733)
	at org.apache.ratis.thirdparty.io.grpc.internal.ClientCallImpl$ClientStreamListenerImpl$1StreamClosed.runInContext(ClientCallImpl.java:714)
	at org.apache.ratis.thirdparty.io.grpc.internal.ContextRunnable.run(ContextRunnable.java:37)
	at org.apache.ratis.thirdparty.io.grpc.internal.SerializingExecutor.run(SerializingExecutor.java:133)
	at java.util.concurrent.ThreadPoolExecutor.runWorker(ThreadPoolExecutor.java:1149)
	at java.util.concurrent.ThreadPoolExecutor$Worker.run(ThreadPoolExecutor.java:624)
	at java.lang.Thread.run(Thread.java:750)
2025-05-22 15:25:32,331 WARN  server.GrpcLogAppender (GrpcLogAppender.java:mayWait(300)) - s14@group-171B122E1842->s8-GrpcLogAppender: Wait interrupted by java.lang.InterruptedException
2025-05-22 15:25:32,331 WARN  server.GrpcLogAppender (GrpcLogAppender.java:mayWait(300)) - s14@group-171B122E1842->s7-GrpcLogAppender: Wait interrupted by java.lang.InterruptedException
2025-05-22 15:25:32,331 INFO  impl.PendingRequests (PendingRequests.java:sendNotLeaderResponses(287)) - s14@group-171B122E1842-PendingRequests: sendNotLeaderResponses
2025-05-22 15:25:32,331 WARN  server.GrpcLogAppender (GrpcLogAppender.java:mayWait(300)) - s14@group-171B122E1842->s9-GrpcLogAppender: Wait interrupted by java.lang.InterruptedException
2025-05-22 15:25:32,334 INFO  segmented.SegmentedRaftLogWorker (SegmentedRaftLogWorker.java:close(256)) - s0@group-5CA96AA9335B-SegmentedRaftLogWorker close()
2025-05-22 15:25:32,334 INFO  impl.FollowerState (FollowerState.java:runImpl(170)) - s10@group-171B122E1842-FollowerState was interrupted
2025-05-22 15:25:32,334 INFO  util.AwaitToRun (AwaitToRun.java:run(49)) - s0@group-171B122E1842-cacheEviction-AwaitToRun-AwaitForSignal is interrupted
2025-05-22 15:25:32,334 INFO  raftlog.RaftLog (SegmentedRaftLog.java:close(577)) - Successfully closed s0@group-5CA96AA9335B-SegmentedRaftLog:CLOSED:c-1
2025-05-22 15:25:32,334 INFO  impl.StateMachineUpdater (StateMachineUpdater.java:stop(140)) - s12@group-171B122E1842-StateMachineUpdater: closing ArithmeticStateMachine, lastApplied=(t:1, i:251)
2025-05-22 15:25:32,334 INFO  impl.FollowerState (FollowerState.java:runImpl(170)) - s12@group-171B122E1842-FollowerState was interrupted
2025-05-22 15:25:32,334 INFO  impl.StateMachineUpdater (StateMachineUpdater.java:stopAndJoin(163)) - s12@group-171B122E1842-StateMachineUpdater: set stopIndex = 251
2025-05-22 15:25:32,334 INFO  impl.StateMachineUpdater (StateMachineUpdater.java:stop(140)) - s10@group-171B122E1842-StateMachineUpdater: closing ArithmeticStateMachine, lastApplied=(t:1, i:251)
2025-05-22 15:25:32,334 INFO  impl.StateMachineUpdater (StateMachineUpdater.java:stopAndJoin(163)) - s10@group-171B122E1842-StateMachineUpdater: set stopIndex = 251
2025-05-22 15:25:32,335 INFO  raftlog.RaftLog (SegmentedRaftLog.java:close(569)) - Start closing s10@group-171B122E1842-SegmentedRaftLog:OPENED:c251:last(t:1, i:252)
2025-05-22 15:25:32,335 INFO  impl.StateMachineUpdater (StateMachineUpdater.java:stop(140)) - s14@group-171B122E1842-StateMachineUpdater: closing ArithmeticStateMachine, lastApplied=(t:1, i:252)
2025-05-22 15:25:32,335 INFO  impl.StateMachineUpdater (StateMachineUpdater.java:stopAndJoin(163)) - s14@group-171B122E1842-StateMachineUpdater: set stopIndex = 252
2025-05-22 15:25:32,335 INFO  raftlog.RaftLog (SegmentedRaftLog.java:close(569)) - Start closing s12@group-171B122E1842-SegmentedRaftLog:OPENED:c251:last(t:1, i:252)
2025-05-22 15:25:32,336 INFO  segmented.LogSegment (LogSegment.java:close(354)) - Successfully closed EntryCache-log_inprogress_0
2025-05-22 15:25:32,336 INFO  raftlog.RaftLog (SegmentedRaftLog.java:close(569)) - Start closing s14@group-171B122E1842-SegmentedRaftLog:OPENED:c252:last(t:1, i:252)
2025-05-22 15:25:32,336 INFO  util.AwaitToRun (AwaitToRun.java:run(49)) - s14@group-171B122E1842-cacheEviction-AwaitToRun-AwaitForSignal is interrupted
2025-05-22 15:25:32,336 INFO  impl.StateMachineUpdater (StateMachineUpdater.java:stop(140)) - s12@group-5CA96AA9335B-StateMachineUpdater: closing ArithmeticStateMachine, lastApplied=<INITIAL_VALUE>
2025-05-22 15:25:32,336 INFO  impl.StateMachineUpdater (StateMachineUpdater.java:stopAndJoin(163)) - s12@group-5CA96AA9335B-StateMachineUpdater: set stopIndex = -1
2025-05-22 15:25:32,336 INFO  raftlog.RaftLog (SegmentedRaftLog.java:close(569)) - Start closing s12@group-5CA96AA9335B-SegmentedRaftLog:OPENED:c-1:lastnull
2025-05-22 15:25:32,336 INFO  util.AwaitToRun (AwaitToRun.java:run(49)) - s1@group-171B122E1842-cacheEviction-AwaitToRun-AwaitForSignal is interrupted
2025-05-22 15:25:32,337 INFO  util.AwaitToRun (AwaitToRun.java:run(49)) - s12@group-5CA96AA9335B-cacheEviction-AwaitToRun-AwaitForSignal is interrupted
2025-05-22 15:25:32,337 INFO  util.AwaitToRun (AwaitToRun.java:run(49)) - s1@group-5CA96AA9335B-cacheEviction-AwaitToRun-AwaitForSignal is interrupted
2025-05-22 15:25:32,338 WARN  server.GrpcServerProtocolService (LogUtils.java:warn(127)) - s10: APPEND_ENTRIES onError, lastRequest: s0->s10#283-t1,previous=(t:1, i:119),leaderCommit=119,initializing? false,entries: size=1, first=(t:1, i:120), METADATAENTRY(c:119): org.apache.ratis.thirdparty.io.grpc.StatusRuntimeException: CANCELLED: client cancelled
2025-05-22 15:25:32,337 INFO  server.GrpcServicesImpl (GrpcServicesImpl.java:closeImpl(371)) - s7: shutdown server GrpcServerProtocolService successfully
2025-05-22 15:25:32,338 INFO  server.GrpcServicesImpl (GrpcServicesImpl.java:closeImpl(371)) - s9: shutdown server GrpcServerProtocolService successfully
2025-05-22 15:25:32,338 WARN  server.GrpcServerProtocolService (LogUtils.java:warn(127)) - s12: APPEND_ENTRIES onError, lastRequest: s11->s12#319-t1,previous=(t:1, i:119),leaderCommit=119,initializing? false,entries: size=1, first=(t:1, i:120), METADATAENTRY(c:119): org.apache.ratis.thirdparty.io.grpc.StatusRuntimeException: CANCELLED: client cancelled
2025-05-22 15:25:32,338 WARN  server.GrpcServerProtocolService (LogUtils.java:warn(127)) - s10: APPEND_ENTRIES onError, lastRequest: null: org.apache.ratis.thirdparty.io.grpc.StatusRuntimeException: CANCELLED: client cancelled
2025-05-22 15:25:32,338 INFO  impl.StateMachineUpdater (StateMachineUpdater.java:stop(140)) - s13@group-171B122E1842-StateMachineUpdater: closing ArithmeticStateMachine, lastApplied=(t:1, i:251)
2025-05-22 15:25:32,338 INFO  impl.FollowerState (FollowerState.java:runImpl(170)) - s13@group-171B122E1842-FollowerState was interrupted
2025-05-22 15:25:32,339 INFO  server.GrpcLogAppender (GrpcLogAppender.java:onError(563)) - s11@group-BEB040E247F1->s12-GrpcLogAppender is already stopped
2025-05-22 15:25:32,339 INFO  impl.StateMachineUpdater (StateMachineUpdater.java:stopAndJoin(163)) - s13@group-5CA96AA9335B-StateMachineUpdater: set stopIndex = -1
2025-05-22 15:25:32,339 INFO  raftlog.RaftLog (SegmentedRaftLog.java:close(569)) - Start closing s13@group-5CA96AA9335B-SegmentedRaftLog:OPENED:c-1:lastnull
2025-05-22 15:25:32,340 INFO  impl.StateMachineUpdater (StateMachineUpdater.java:stop(140)) - s10@group-5CA96AA9335B-StateMachineUpdater: closing ArithmeticStateMachine, lastApplied=<INITIAL_VALUE>
2025-05-22 15:25:32,338 WARN  server.GrpcServerProtocolService (LogUtils.java:warn(127)) - s13: APPEND_ENTRIES onError, lastRequest: null: org.apache.ratis.thirdparty.io.grpc.StatusRuntimeException: CANCELLED: client cancelled
2025-05-22 15:25:32,338 INFO  impl.StateMachineUpdater (StateMachineUpdater.java:stopAndJoin(163)) - s13@group-171B122E1842-StateMachineUpdater: set stopIndex = 251
2025-05-22 15:25:32,337 INFO  segmented.LogSegment (LogSegment.java:close(354)) - Successfully closed EntryCache-log_inprogress_0
2025-05-22 15:25:32,340 INFO  raftlog.RaftLog (SegmentedRaftLog.java:close(569)) - Start closing s13@group-171B122E1842-SegmentedRaftLog:OPENED:c251:last(t:1, i:252)
2025-05-22 15:25:32,340 INFO  impl.StateMachineUpdater (StateMachineUpdater.java:stopAndJoin(163)) - s10@group-5CA96AA9335B-StateMachineUpdater: set stopIndex = -1
2025-05-22 15:25:32,339 INFO  server.GrpcLogAppender (GrpcLogAppender.java:onError(563)) - s11@group-BEB040E247F1->s13-GrpcLogAppender is already stopped
2025-05-22 15:25:32,339 INFO  server.GrpcLogAppender (GrpcLogAppender.java:onError(563)) - s0@group-B21D4752B5F9->s10-GrpcLogAppender is already stopped
2025-05-22 15:25:32,339 INFO  server.GrpcServerProtocolClient (GrpcServerProtocolClient.java:close(105)) - s13 Close channels
2025-05-22 15:25:32,339 WARN  server.GrpcServerProtocolService (LogUtils.java:warn(127)) - s13: APPEND_ENTRIES onError, lastRequest: null: org.apache.ratis.thirdparty.io.grpc.StatusRuntimeException: CANCELLED: client cancelled
2025-05-22 15:25:32,339 INFO  segmented.LogSegment (LogSegment.java:close(354)) - Successfully closed EntryCache-log_inprogress_0
2025-05-22 15:25:32,340 INFO  raftlog.RaftLog (SegmentedRaftLog.java:close(569)) - Start closing s10@group-5CA96AA9335B-SegmentedRaftLog:OPENED:c-1:lastnull
2025-05-22 15:25:32,341 INFO  util.AwaitToRun (AwaitToRun.java:run(49)) - s13@group-171B122E1842-cacheEviction-AwaitToRun-AwaitForSignal is interrupted
2025-05-22 15:25:32,342 INFO  segmented.LogSegment (LogSegment.java:close(354)) - Successfully closed EntryCache-log_inprogress_0
2025-05-22 15:25:32,342 INFO  segmented.SegmentedRaftLogWorker (SegmentedRaftLogWorker.java:close(256)) - s1@group-5CA96AA9335B-SegmentedRaftLogWorker close()
2025-05-22 15:25:32,342 INFO  util.AwaitToRun (AwaitToRun.java:run(49)) - s13@group-5CA96AA9335B-cacheEviction-AwaitToRun-AwaitForSignal is interrupted
2025-05-22 15:25:32,342 INFO  raftlog.RaftLog (SegmentedRaftLog.java:close(577)) - Successfully closed s1@group-5CA96AA9335B-SegmentedRaftLog:CLOSED:c-1
2025-05-22 15:25:32,343 INFO  util.AwaitToRun (AwaitToRun.java:run(49)) - s12@group-171B122E1842-cacheEviction-AwaitToRun-AwaitForSignal is interrupted
2025-05-22 15:25:32,343 INFO  segmented.LogSegment (LogSegment.java:close(354)) - Successfully closed EntryCache-log_inprogress_0
2025-05-22 15:25:32,343 INFO  util.AwaitToRun (AwaitToRun.java:run(49)) - s10@group-171B122E1842-cacheEviction-AwaitToRun-AwaitForSignal is interrupted
2025-05-22 15:25:32,344 INFO  server.GrpcServicesImpl (GrpcServicesImpl.java:closeImpl(371)) - s10: shutdown server GrpcServerProtocolService successfully
2025-05-22 15:25:32,344 INFO  segmented.LogSegment (LogSegment.java:close(354)) - Successfully closed EntryCache-log_inprogress_0
2025-05-22 15:25:32,344 INFO  server.GrpcServerProtocolClient (GrpcServerProtocolClient.java:close(105)) - s1 Close channels
2025-05-22 15:25:32,346 INFO  server.GrpcLogAppender (GrpcLogAppender.java:onError(563)) - s11@group-BEB040E247F1->s13-GrpcLogAppender is already stopped
2025-05-22 15:25:32,346 INFO  server.GrpcLogAppender (GrpcLogAppender.java:onError(563)) - s14@group-171B122E1842->s10-GrpcLogAppender is already stopped
2025-05-22 15:25:32,347 INFO  server.GrpcLogAppender (GrpcLogAppender.java:onError(563)) - s12@group-BEB040E247F1->s13-GrpcLogAppender is already stopped
2025-05-22 15:25:32,347 INFO  server.GrpcLogAppender (GrpcLogAppender.java:onError(563)) - s14@group-171B122E1842->s12-GrpcLogAppender is already stopped
2025-05-22 15:25:32,347 INFO  server.GrpcServicesImpl (GrpcServicesImpl.java:closeImpl(371)) - s14: shutdown server GrpcServerProtocolService successfully
2025-05-22 15:25:32,348 INFO  server.GrpcServicesImpl (GrpcServicesImpl.java:closeImpl(371)) - s12: shutdown server GrpcServerProtocolService successfully
2025-05-22 15:25:32,349 INFO  server.GrpcServicesImpl (GrpcServicesImpl.java:closeImpl(371)) - s13: shutdown server GrpcServerProtocolService successfully
2025-05-22 15:25:32,350 INFO  util.AwaitToRun (AwaitToRun.java:run(49)) - s10@group-5CA96AA9335B-cacheEviction-AwaitToRun-AwaitForSignal is interrupted
2025-05-22 15:25:32,350 INFO  server.GrpcServicesImpl (GrpcServicesImpl.java:closeImpl(371)) - s0: shutdown server GrpcServerProtocolService successfully
2025-05-22 15:25:32,350 INFO  server.GrpcServicesImpl (GrpcServicesImpl.java:closeImpl(371)) - s11: shutdown server GrpcServerProtocolService successfully
2025-05-22 15:25:32,352 INFO  segmented.SegmentedRaftLogWorker (SegmentedRaftLogWorker.java:close(256)) - s2@group-5CA96AA9335B-SegmentedRaftLogWorker close()
2025-05-22 15:25:32,352 INFO  raftlog.RaftLog (SegmentedRaftLog.java:close(577)) - Successfully closed s2@group-5CA96AA9335B-SegmentedRaftLog:CLOSED:c-1
2025-05-22 15:25:33,160 INFO  segmented.SegmentedRaftLogWorker (SegmentedRaftLogWorker.java:close(256)) - s3@group-5CA96AA9335B-SegmentedRaftLogWorker close()
2025-05-22 15:25:33,160 INFO  raftlog.RaftLog (SegmentedRaftLog.java:close(577)) - Successfully closed s3@group-5CA96AA9335B-SegmentedRaftLog:CLOSED:c-1
2025-05-22 15:25:33,206 INFO  segmented.SegmentedRaftLogWorker (SegmentedRaftLogWorker.java:close(256)) - s7@group-171B122E1842-SegmentedRaftLogWorker close()
2025-05-22 15:25:33,206 INFO  segmented.SegmentedRaftLogWorker (SegmentedRaftLogWorker.java:close(256)) - s5@group-171B122E1842-SegmentedRaftLogWorker close()
2025-05-22 15:25:33,206 INFO  segmented.SegmentedRaftLogWorker (SegmentedRaftLogWorker.java:close(256)) - s14@group-171B122E1842-SegmentedRaftLogWorker close()
2025-05-22 15:25:33,208 INFO  raftlog.RaftLog (SegmentedRaftLog.java:close(577)) - Successfully closed s5@group-171B122E1842-SegmentedRaftLog:CLOSED:c251
2025-05-22 15:25:33,208 INFO  segmented.SegmentedRaftLogWorker (SegmentedRaftLogWorker.java:close(256)) - s12@group-171B122E1842-SegmentedRaftLogWorker close()
2025-05-22 15:25:33,208 INFO  raftlog.RaftLog (SegmentedRaftLog.java:close(577)) - Successfully closed s14@group-171B122E1842-SegmentedRaftLog:CLOSED:c252
2025-05-22 15:25:33,208 INFO  raftlog.RaftLog (SegmentedRaftLog.java:close(577)) - Successfully closed s12@group-171B122E1842-SegmentedRaftLog:CLOSED:c251
2025-05-22 15:25:33,208 INFO  segmented.SegmentedRaftLogWorker (SegmentedRaftLogWorker.java:close(256)) - s10@group-171B122E1842-SegmentedRaftLogWorker close()
2025-05-22 15:25:33,208 INFO  segmented.SegmentedRaftLogWorker (SegmentedRaftLogWorker.java:close(256)) - s1@group-171B122E1842-SegmentedRaftLogWorker close()
2025-05-22 15:25:33,211 INFO  segmented.SegmentedRaftLogWorker (SegmentedRaftLogWorker.java:close(256)) - s3@group-171B122E1842-SegmentedRaftLogWorker close()
2025-05-22 15:25:33,211 INFO  segmented.SegmentedRaftLogWorker (SegmentedRaftLogWorker.java:close(256)) - s13@group-171B122E1842-SegmentedRaftLogWorker close()
2025-05-22 15:25:33,211 INFO  segmented.SegmentedRaftLogWorker (SegmentedRaftLogWorker.java:close(256)) - s0@group-171B122E1842-SegmentedRaftLogWorker close()
2025-05-22 15:25:33,213 INFO  util.JvmPauseMonitor (JvmPauseMonitor.java:run(152)) - JvmPauseMonitor-s14: Stopped
2025-05-22 15:25:33,213 INFO  raftlog.RaftLog (SegmentedRaftLog.java:close(577)) - Successfully closed s0@group-171B122E1842-SegmentedRaftLog:CLOSED:c251
2025-05-22 15:25:33,211 INFO  segmented.SegmentedRaftLogWorker (SegmentedRaftLogWorker.java:close(256)) - s8@group-171B122E1842-SegmentedRaftLogWorker close()
2025-05-22 15:25:33,211 INFO  segmented.SegmentedRaftLogWorker (SegmentedRaftLogWorker.java:close(256)) - s4@group-171B122E1842-SegmentedRaftLogWorker close()
2025-05-22 15:25:33,214 INFO  raftlog.RaftLog (SegmentedRaftLog.java:close(577)) - Successfully closed s4@group-171B122E1842-SegmentedRaftLog:CLOSED:c251
2025-05-22 15:25:33,214 INFO  util.JvmPauseMonitor (JvmPauseMonitor.java:run(152)) - JvmPauseMonitor-s0: Stopped
2025-05-22 15:25:33,210 INFO  segmented.SegmentedRaftLogWorker (SegmentedRaftLogWorker.java:close(256)) - s11@group-171B122E1842-SegmentedRaftLogWorker close()
2025-05-22 15:25:33,214 INFO  raftlog.RaftLog (SegmentedRaftLog.java:close(577)) - Successfully closed s11@group-171B122E1842-SegmentedRaftLog:CLOSED:c251
2025-05-22 15:25:33,210 INFO  segmented.SegmentedRaftLogWorker (SegmentedRaftLogWorker.java:close(256)) - s2@group-171B122E1842-SegmentedRaftLogWorker close()
2025-05-22 15:25:33,215 INFO  raftlog.RaftLog (SegmentedRaftLog.java:close(577)) - Successfully closed s2@group-171B122E1842-SegmentedRaftLog:CLOSED:c251
2025-05-22 15:25:33,210 INFO  segmented.SegmentedRaftLogWorker (SegmentedRaftLogWorker.java:close(256)) - s9@group-171B122E1842-SegmentedRaftLogWorker close()
2025-05-22 15:25:33,216 INFO  raftlog.RaftLog (SegmentedRaftLog.java:close(577)) - Successfully closed s9@group-171B122E1842-SegmentedRaftLog:CLOSED:c251
2025-05-22 15:25:33,209 INFO  segmented.SegmentedRaftLogWorker (SegmentedRaftLogWorker.java:close(256)) - s6@group-171B122E1842-SegmentedRaftLogWorker close()
2025-05-22 15:25:33,216 INFO  raftlog.RaftLog (SegmentedRaftLog.java:close(577)) - Successfully closed s6@group-171B122E1842-SegmentedRaftLog:CLOSED:c251
2025-05-22 15:25:33,209 INFO  raftlog.RaftLog (SegmentedRaftLog.java:close(577)) - Successfully closed s10@group-171B122E1842-SegmentedRaftLog:CLOSED:c251
2025-05-22 15:25:33,217 INFO  util.JvmPauseMonitor (JvmPauseMonitor.java:run(152)) - JvmPauseMonitor-s11: Stopped
2025-05-22 15:25:33,213 INFO  raftlog.RaftLog (SegmentedRaftLog.java:close(577)) - Successfully closed s8@group-171B122E1842-SegmentedRaftLog:CLOSED:c251
2025-05-22 15:25:33,212 INFO  raftlog.RaftLog (SegmentedRaftLog.java:close(577)) - Successfully closed s13@group-171B122E1842-SegmentedRaftLog:CLOSED:c251
2025-05-22 15:25:33,217 INFO  util.JvmPauseMonitor (JvmPauseMonitor.java:run(152)) - JvmPauseMonitor-s9: Stopped
2025-05-22 15:25:33,217 INFO  util.JvmPauseMonitor (JvmPauseMonitor.java:run(152)) - JvmPauseMonitor-s2: Stopped
2025-05-22 15:25:33,212 INFO  raftlog.RaftLog (SegmentedRaftLog.java:close(577)) - Successfully closed s3@group-171B122E1842-SegmentedRaftLog:CLOSED:c251
2025-05-22 15:25:33,212 INFO  raftlog.RaftLog (SegmentedRaftLog.java:close(577)) - Successfully closed s1@group-171B122E1842-SegmentedRaftLog:CLOSED:c251
2025-05-22 15:25:33,211 INFO  raftlog.RaftLog (SegmentedRaftLog.java:close(577)) - Successfully closed s7@group-171B122E1842-SegmentedRaftLog:CLOSED:c251
2025-05-22 15:25:33,218 INFO  util.JvmPauseMonitor (JvmPauseMonitor.java:run(152)) - JvmPauseMonitor-s6: Stopped
2025-05-22 15:25:33,219 INFO  util.JvmPauseMonitor (JvmPauseMonitor.java:run(152)) - JvmPauseMonitor-s1: Stopped
2025-05-22 15:25:33,221 INFO  util.JvmPauseMonitor (JvmPauseMonitor.java:run(152)) - JvmPauseMonitor-s3: Stopped
2025-05-22 15:25:33,221 INFO  segmented.SegmentedRaftLogWorker (SegmentedRaftLogWorker.java:close(256)) - s4@group-5CA96AA9335B-SegmentedRaftLogWorker close()
2025-05-22 15:25:33,221 INFO  raftlog.RaftLog (SegmentedRaftLog.java:close(577)) - Successfully closed s4@group-5CA96AA9335B-SegmentedRaftLog:CLOSED:c-1
2025-05-22 15:25:33,222 INFO  util.JvmPauseMonitor (JvmPauseMonitor.java:run(152)) - JvmPauseMonitor-s4: Stopped
2025-05-22 15:25:33,228 INFO  segmented.SegmentedRaftLogWorker (SegmentedRaftLogWorker.java:close(256)) - s5@group-5CA96AA9335B-SegmentedRaftLogWorker close()
2025-05-22 15:25:33,228 INFO  raftlog.RaftLog (SegmentedRaftLog.java:close(577)) - Successfully closed s5@group-5CA96AA9335B-SegmentedRaftLog:CLOSED:c-1
2025-05-22 15:25:33,229 INFO  util.JvmPauseMonitor (JvmPauseMonitor.java:run(152)) - JvmPauseMonitor-s5: Stopped
2025-05-22 15:25:33,251 INFO  segmented.SegmentedRaftLogWorker (SegmentedRaftLogWorker.java:close(256)) - s7@group-5CA96AA9335B-SegmentedRaftLogWorker close()
2025-05-22 15:25:33,251 INFO  raftlog.RaftLog (SegmentedRaftLog.java:close(577)) - Successfully closed s7@group-5CA96AA9335B-SegmentedRaftLog:CLOSED:c-1
2025-05-22 15:25:33,252 INFO  util.JvmPauseMonitor (JvmPauseMonitor.java:run(152)) - JvmPauseMonitor-s7: Stopped
2025-05-22 15:25:33,263 INFO  segmented.SegmentedRaftLogWorker (SegmentedRaftLogWorker.java:close(256)) - s8@group-5CA96AA9335B-SegmentedRaftLogWorker close()
2025-05-22 15:25:33,263 INFO  raftlog.RaftLog (SegmentedRaftLog.java:close(577)) - Successfully closed s8@group-5CA96AA9335B-SegmentedRaftLog:CLOSED:c-1
2025-05-22 15:25:33,263 INFO  util.JvmPauseMonitor (JvmPauseMonitor.java:run(152)) - JvmPauseMonitor-s8: Stopped
2025-05-22 15:25:33,286 WARN  impl.MiniRaftCluster (MiniRaftCluster.java:shutdown(871)) - 1/30: Not yet able to shutdown executor, will wait again ...
2025-05-22 15:25:33,295 INFO  segmented.SegmentedRaftLogWorker (SegmentedRaftLogWorker.java:close(256)) - s10@group-5CA96AA9335B-SegmentedRaftLogWorker close()
2025-05-22 15:25:33,296 INFO  raftlog.RaftLog (SegmentedRaftLog.java:close(577)) - Successfully closed s10@group-5CA96AA9335B-SegmentedRaftLog:CLOSED:c-1
2025-05-22 15:25:33,296 INFO  util.JvmPauseMonitor (JvmPauseMonitor.java:run(152)) - JvmPauseMonitor-s10: Stopped
2025-05-22 15:25:33,307 INFO  segmented.SegmentedRaftLogWorker (SegmentedRaftLogWorker.java:close(256)) - s13@group-5CA96AA9335B-SegmentedRaftLogWorker close()
2025-05-22 15:25:33,307 INFO  raftlog.RaftLog (SegmentedRaftLog.java:close(577)) - Successfully closed s13@group-5CA96AA9335B-SegmentedRaftLog:CLOSED:c-1
2025-05-22 15:25:33,308 INFO  util.JvmPauseMonitor (JvmPauseMonitor.java:run(152)) - JvmPauseMonitor-s13: Stopped
2025-05-22 15:25:33,316 INFO  segmented.SegmentedRaftLogWorker (SegmentedRaftLogWorker.java:close(256)) - s12@group-5CA96AA9335B-SegmentedRaftLogWorker close()
2025-05-22 15:25:33,316 INFO  raftlog.RaftLog (SegmentedRaftLog.java:close(577)) - Successfully closed s12@group-5CA96AA9335B-SegmentedRaftLog:CLOSED:c-1
2025-05-22 15:25:33,316 INFO  util.JvmPauseMonitor (JvmPauseMonitor.java:run(152)) - JvmPauseMonitor-s12: Stopped
2025-05-22 15:25:33,316 INFO  impl.MiniRaftCluster (MiniRaftCluster.java:shutdown(883)) - MiniRaftClusterWithGrpc shutdown completed
2025-05-22 15:25:33,317 INFO  ratis.RaftTestUtil (RaftTestUtil.java:gc(606)) - gc 0
2025-05-22 15:25:33,556 WARN  util.ReferenceCountedLeakDetector (ReferenceCountedLeakDetector.java:logLeakMessage(168)) - LEAK: (class org.apache.ratis.proto.RaftProtos$AppendEntriesRequestProto, count=1, value=serverRequest {
  requestorId: "s12"
  replyId: "s13"
  raftGroupId {
    id: "\332\275Xy\265PD\000\222\235\276\260@\342G\361"
  }
  callId: 1
}
leaderTerm: 2
previousLog {
  term: 1
  index: 120
}
entries {
  term: 2
  index: 121
  configurationEntry {
    peers {
      id: "s11"
      address: "0.0.0.0:15011"
      clientAddress: "0.0.0.0:15011"
      adminAddress: "0.0.0.0:15011"
      startupRole: FOLLOWER
    }
    peers {
      id: "s13"
      address: "0.0.0.0:15013"
      clientAddress: "0.0.0.0:15013"
      adminAddress: "0.0.0.0:15013"
      startupRole: FOLLOWER
    }
    peers {
      id: "s12"
      address: "0.0.0.0:15012"
      clientAddress: "0.0.0.0:15012"
      adminAddress: "0.0.0.0:15012"
      startupRole: FOLLOWER
    }
  }
}
leaderCommit: 120
commitInfos {
  server {
    id: "s12"
    address: "0.0.0.0:15012"
    clientAddress: "0.0.0.0:15012"
    adminAddress: "0.0.0.0:15012"
    startupRole: FOLLOWER
  }
  commitIndex: 120
}
commitInfos {
  server {
    id: "s11"
    address: "0.0.0.0:15011"
    clientAddress: "0.0.0.0:15011"
    adminAddress: "0.0.0.0:15011"
    startupRole: FOLLOWER
  }
  commitIndex: 120
}
commitInfos {
  server {
    id: "s13"
    address: "0.0.0.0:15013"
    clientAddress: "0.0.0.0:15013"
    adminAddress: "0.0.0.0:15013"
    startupRole: FOLLOWER
  }
  commitIndex: 120
}
)
2025-05-22 15:25:33,556 WARN  util.LeakDetector (LeakDetector.java:assertNoLeaks(175)) - 0/30) numLeaks == 1 > 0, will wait and retry ...
2025-05-22 15:25:34,557 WARN  util.ReferenceCountedLeakDetector (ReferenceCountedLeakDetector.java:logLeakMessage(168)) - LEAK: (class org.apache.ratis.proto.RaftProtos$AppendEntriesRequestProto, count=1, value=serverRequest {
  requestorId: "s12"
  replyId: "s13"
  raftGroupId {
    id: "\332\275Xy\265PD\000\222\235\276\260@\342G\361"
  }
  callId: 1
}
leaderTerm: 2
previousLog {
  term: 1
  index: 120
}
entries {
  term: 2
  index: 121
  configurationEntry {
    peers {
      id: "s11"
      address: "0.0.0.0:15011"
      clientAddress: "0.0.0.0:15011"
      adminAddress: "0.0.0.0:15011"
      startupRole: FOLLOWER
    }
    peers {
      id: "s13"
      address: "0.0.0.0:15013"
      clientAddress: "0.0.0.0:15013"
      adminAddress: "0.0.0.0:15013"
      startupRole: FOLLOWER
    }
    peers {
      id: "s12"
      address: "0.0.0.0:15012"
      clientAddress: "0.0.0.0:15012"
      adminAddress: "0.0.0.0:15012"
      startupRole: FOLLOWER
    }
  }
}
leaderCommit: 120
commitInfos {
  server {
    id: "s12"
    address: "0.0.0.0:15012"
    clientAddress: "0.0.0.0:15012"
    adminAddress: "0.0.0.0:15012"
    startupRole: FOLLOWER
  }
  commitIndex: 120
}
commitInfos {
  server {
    id: "s11"
    address: "0.0.0.0:15011"
    clientAddress: "0.0.0.0:15011"
    adminAddress: "0.0.0.0:15011"
    startupRole: FOLLOWER
  }
  commitIndex: 120
}
commitInfos {
  server {
    id: "s13"
    address: "0.0.0.0:15013"
    clientAddress: "0.0.0.0:15013"
    adminAddress: "0.0.0.0:15013"
    startupRole: FOLLOWER
  }
  commitIndex: 120
}
)
2025-05-22 15:25:34,557 WARN  util.LeakDetector (LeakDetector.java:assertNoLeaks(175)) - 1/30) numLeaks == 1 > 0, will wait and retry ...
2025-05-22 15:25:35,557 WARN  util.ReferenceCountedLeakDetector (ReferenceCountedLeakDetector.java:logLeakMessage(168)) - LEAK: (class org.apache.ratis.proto.RaftProtos$AppendEntriesRequestProto, count=1, value=serverRequest {
  requestorId: "s12"
  replyId: "s13"
  raftGroupId {
    id: "\332\275Xy\265PD\000\222\235\276\260@\342G\361"
  }
  callId: 1
}
leaderTerm: 2
previousLog {
  term: 1
  index: 120
}
entries {
  term: 2
  index: 121
  configurationEntry {
    peers {
      id: "s11"
      address: "0.0.0.0:15011"
      clientAddress: "0.0.0.0:15011"
      adminAddress: "0.0.0.0:15011"
      startupRole: FOLLOWER
    }
    peers {
      id: "s13"
      address: "0.0.0.0:15013"
      clientAddress: "0.0.0.0:15013"
      adminAddress: "0.0.0.0:15013"
      startupRole: FOLLOWER
    }
    peers {
      id: "s12"
      address: "0.0.0.0:15012"
      clientAddress: "0.0.0.0:15012"
      adminAddress: "0.0.0.0:15012"
      startupRole: FOLLOWER
    }
  }
}
leaderCommit: 120
commitInfos {
  server {
    id: "s12"
    address: "0.0.0.0:15012"
    clientAddress: "0.0.0.0:15012"
    adminAddress: "0.0.0.0:15012"
    startupRole: FOLLOWER
  }
  commitIndex: 120
}
commitInfos {
  server {
    id: "s11"
    address: "0.0.0.0:15011"
    clientAddress: "0.0.0.0:15011"
    adminAddress: "0.0.0.0:15011"
    startupRole: FOLLOWER
  }
  commitIndex: 120
}
commitInfos {
  server {
    id: "s13"
    address: "0.0.0.0:15013"
    clientAddress: "0.0.0.0:15013"
    adminAddress: "0.0.0.0:15013"
    startupRole: FOLLOWER
  }
  commitIndex: 120
}
)
2025-05-22 15:25:35,558 WARN  util.LeakDetector (LeakDetector.java:assertNoLeaks(175)) - 2/30) numLeaks == 1 > 0, will wait and retry ...
2025-05-22 15:25:36,558 WARN  util.ReferenceCountedLeakDetector (ReferenceCountedLeakDetector.java:logLeakMessage(168)) - LEAK: (class org.apache.ratis.proto.RaftProtos$AppendEntriesRequestProto, count=1, value=serverRequest {
  requestorId: "s12"
  replyId: "s13"
  raftGroupId {
    id: "\332\275Xy\265PD\000\222\235\276\260@\342G\361"
  }
  callId: 1
}
leaderTerm: 2
previousLog {
  term: 1
  index: 120
}
entries {
  term: 2
  index: 121
  configurationEntry {
    peers {
      id: "s11"
      address: "0.0.0.0:15011"
      clientAddress: "0.0.0.0:15011"
      adminAddress: "0.0.0.0:15011"
      startupRole: FOLLOWER
    }
    peers {
      id: "s13"
      address: "0.0.0.0:15013"
      clientAddress: "0.0.0.0:15013"
      adminAddress: "0.0.0.0:15013"
      startupRole: FOLLOWER
    }
    peers {
      id: "s12"
      address: "0.0.0.0:15012"
      clientAddress: "0.0.0.0:15012"
      adminAddress: "0.0.0.0:15012"
      startupRole: FOLLOWER
    }
  }
}
leaderCommit: 120
commitInfos {
  server {
    id: "s12"
    address: "0.0.0.0:15012"
    clientAddress: "0.0.0.0:15012"
    adminAddress: "0.0.0.0:15012"
    startupRole: FOLLOWER
  }
  commitIndex: 120
}
commitInfos {
  server {
    id: "s11"
    address: "0.0.0.0:15011"
    clientAddress: "0.0.0.0:15011"
    adminAddress: "0.0.0.0:15011"
    startupRole: FOLLOWER
  }
  commitIndex: 120
}
commitInfos {
  server {
    id: "s13"
    address: "0.0.0.0:15013"
    clientAddress: "0.0.0.0:15013"
    adminAddress: "0.0.0.0:15013"
    startupRole: FOLLOWER
  }
  commitIndex: 120
}
)
2025-05-22 15:25:36,558 WARN  util.LeakDetector (LeakDetector.java:assertNoLeaks(175)) - 3/30) numLeaks == 1 > 0, will wait and retry ...
2025-05-22 15:25:37,260 WARN  server.GrpcLogAppender (LogUtils.java:warn(127)) - s14@group-171B122E1842->s9-AppendLogResponseHandler: Failed appendEntries (Repeated 2 times in the last 5.000s): org.apache.ratis.thirdparty.io.grpc.StatusRuntimeException: CANCELLED: RST_STREAM closed stream. HTTP/2 error code: CANCEL
2025-05-22 15:25:37,261 WARN  server.GrpcLogAppender (LogUtils.java:warn(127)) - s14@group-171B122E1842->s7-AppendLogResponseHandler: Failed appendEntries (Repeated 2 times in the last 5.001s): org.apache.ratis.thirdparty.io.grpc.StatusRuntimeException: CANCELLED: RST_STREAM closed stream. HTTP/2 error code: CANCEL
2025-05-22 15:25:37,309 WARN  server.GrpcLogAppender (LogUtils.java:warn(127)) - s14@group-171B122E1842->s8-AppendLogResponseHandler: Failed appendEntries (Repeated 2 times in the last 5.000s): org.apache.ratis.thirdparty.io.grpc.StatusRuntimeException: CANCELLED: RST_STREAM closed stream. HTTP/2 error code: CANCEL
2025-05-22 15:25:37,559 WARN  util.ReferenceCountedLeakDetector (ReferenceCountedLeakDetector.java:logLeakMessage(168)) - LEAK: (class org.apache.ratis.proto.RaftProtos$AppendEntriesRequestProto, count=1, value=serverRequest {
  requestorId: "s12"
  replyId: "s13"
  raftGroupId {
    id: "\332\275Xy\265PD\000\222\235\276\260@\342G\361"
  }
  callId: 1
}
leaderTerm: 2
previousLog {
  term: 1
  index: 120
}
entries {
  term: 2
  index: 121
  configurationEntry {
    peers {
      id: "s11"
      address: "0.0.0.0:15011"
      clientAddress: "0.0.0.0:15011"
      adminAddress: "0.0.0.0:15011"
      startupRole: FOLLOWER
    }
    peers {
      id: "s13"
      address: "0.0.0.0:15013"
      clientAddress: "0.0.0.0:15013"
      adminAddress: "0.0.0.0:15013"
      startupRole: FOLLOWER
    }
    peers {
      id: "s12"
      address: "0.0.0.0:15012"
      clientAddress: "0.0.0.0:15012"
      adminAddress: "0.0.0.0:15012"
      startupRole: FOLLOWER
    }
  }
}
leaderCommit: 120
commitInfos {
  server {
    id: "s12"
    address: "0.0.0.0:15012"
    clientAddress: "0.0.0.0:15012"
    adminAddress: "0.0.0.0:15012"
    startupRole: FOLLOWER
  }
  commitIndex: 120
}
commitInfos {
  server {
    id: "s11"
    address: "0.0.0.0:15011"
    clientAddress: "0.0.0.0:15011"
    adminAddress: "0.0.0.0:15011"
    startupRole: FOLLOWER
  }
  commitIndex: 120
}
commitInfos {
  server {
    id: "s13"
    address: "0.0.0.0:15013"
    clientAddress: "0.0.0.0:15013"
    adminAddress: "0.0.0.0:15013"
    startupRole: FOLLOWER
  }
  commitIndex: 120
}
)
2025-05-22 15:25:37,559 WARN  util.LeakDetector (LeakDetector.java:assertNoLeaks(175)) - 4/30) numLeaks == 1 > 0, will wait and retry ...
2025-05-22 15:25:38,559 WARN  util.ReferenceCountedLeakDetector (ReferenceCountedLeakDetector.java:logLeakMessage(168)) - LEAK: (class org.apache.ratis.proto.RaftProtos$AppendEntriesRequestProto, count=1, value=serverRequest {
  requestorId: "s12"
  replyId: "s13"
  raftGroupId {
    id: "\332\275Xy\265PD\000\222\235\276\260@\342G\361"
  }
  callId: 1
}
leaderTerm: 2
previousLog {
  term: 1
  index: 120
}
entries {
  term: 2
  index: 121
  configurationEntry {
    peers {
      id: "s11"
      address: "0.0.0.0:15011"
      clientAddress: "0.0.0.0:15011"
      adminAddress: "0.0.0.0:15011"
      startupRole: FOLLOWER
    }
    peers {
      id: "s13"
      address: "0.0.0.0:15013"
      clientAddress: "0.0.0.0:15013"
      adminAddress: "0.0.0.0:15013"
      startupRole: FOLLOWER
    }
    peers {
      id: "s12"
      address: "0.0.0.0:15012"
      clientAddress: "0.0.0.0:15012"
      adminAddress: "0.0.0.0:15012"
      startupRole: FOLLOWER
    }
  }
}
leaderCommit: 120
commitInfos {
  server {
    id: "s12"
    address: "0.0.0.0:15012"
    clientAddress: "0.0.0.0:15012"
    adminAddress: "0.0.0.0:15012"
    startupRole: FOLLOWER
  }
  commitIndex: 120
}
commitInfos {
  server {
    id: "s11"
    address: "0.0.0.0:15011"
    clientAddress: "0.0.0.0:15011"
    adminAddress: "0.0.0.0:15011"
    startupRole: FOLLOWER
  }
  commitIndex: 120
}
commitInfos {
  server {
    id: "s13"
    address: "0.0.0.0:15013"
    clientAddress: "0.0.0.0:15013"
    adminAddress: "0.0.0.0:15013"
    startupRole: FOLLOWER
  }
  commitIndex: 120
}
)
2025-05-22 15:25:38,560 WARN  util.LeakDetector (LeakDetector.java:assertNoLeaks(175)) - 5/30) numLeaks == 1 > 0, will wait and retry ...
2025-05-22 15:25:39,560 WARN  util.ReferenceCountedLeakDetector (ReferenceCountedLeakDetector.java:logLeakMessage(168)) - LEAK: (class org.apache.ratis.proto.RaftProtos$AppendEntriesRequestProto, count=1, value=serverRequest {
  requestorId: "s12"
  replyId: "s13"
  raftGroupId {
    id: "\332\275Xy\265PD\000\222\235\276\260@\342G\361"
  }
  callId: 1
}
leaderTerm: 2
previousLog {
  term: 1
  index: 120
}
entries {
  term: 2
  index: 121
  configurationEntry {
    peers {
      id: "s11"
      address: "0.0.0.0:15011"
      clientAddress: "0.0.0.0:15011"
      adminAddress: "0.0.0.0:15011"
      startupRole: FOLLOWER
    }
    peers {
      id: "s13"
      address: "0.0.0.0:15013"
      clientAddress: "0.0.0.0:15013"
      adminAddress: "0.0.0.0:15013"
      startupRole: FOLLOWER
    }
    peers {
      id: "s12"
      address: "0.0.0.0:15012"
      clientAddress: "0.0.0.0:15012"
      adminAddress: "0.0.0.0:15012"
      startupRole: FOLLOWER
    }
  }
}
leaderCommit: 120
commitInfos {
  server {
    id: "s12"
    address: "0.0.0.0:15012"
    clientAddress: "0.0.0.0:15012"
    adminAddress: "0.0.0.0:15012"
    startupRole: FOLLOWER
  }
  commitIndex: 120
}
commitInfos {
  server {
    id: "s11"
    address: "0.0.0.0:15011"
    clientAddress: "0.0.0.0:15011"
    adminAddress: "0.0.0.0:15011"
    startupRole: FOLLOWER
  }
  commitIndex: 120
}
commitInfos {
  server {
    id: "s13"
    address: "0.0.0.0:15013"
    clientAddress: "0.0.0.0:15013"
    adminAddress: "0.0.0.0:15013"
    startupRole: FOLLOWER
  }
  commitIndex: 120
}
)
2025-05-22 15:25:39,560 WARN  util.LeakDetector (LeakDetector.java:assertNoLeaks(175)) - 6/30) numLeaks == 1 > 0, will wait and retry ...
2025-05-22 15:25:40,561 WARN  util.ReferenceCountedLeakDetector (ReferenceCountedLeakDetector.java:logLeakMessage(168)) - LEAK: (class org.apache.ratis.proto.RaftProtos$AppendEntriesRequestProto, count=1, value=serverRequest {
  requestorId: "s12"
  replyId: "s13"
  raftGroupId {
    id: "\332\275Xy\265PD\000\222\235\276\260@\342G\361"
  }
  callId: 1
}
leaderTerm: 2
previousLog {
  term: 1
  index: 120
}
entries {
  term: 2
  index: 121
  configurationEntry {
    peers {
      id: "s11"
      address: "0.0.0.0:15011"
      clientAddress: "0.0.0.0:15011"
      adminAddress: "0.0.0.0:15011"
      startupRole: FOLLOWER
    }
    peers {
      id: "s13"
      address: "0.0.0.0:15013"
      clientAddress: "0.0.0.0:15013"
      adminAddress: "0.0.0.0:15013"
      startupRole: FOLLOWER
    }
    peers {
      id: "s12"
      address: "0.0.0.0:15012"
      clientAddress: "0.0.0.0:15012"
      adminAddress: "0.0.0.0:15012"
      startupRole: FOLLOWER
    }
  }
}
leaderCommit: 120
commitInfos {
  server {
    id: "s12"
    address: "0.0.0.0:15012"
    clientAddress: "0.0.0.0:15012"
    adminAddress: "0.0.0.0:15012"
    startupRole: FOLLOWER
  }
  commitIndex: 120
}
commitInfos {
  server {
    id: "s11"
    address: "0.0.0.0:15011"
    clientAddress: "0.0.0.0:15011"
    adminAddress: "0.0.0.0:15011"
    startupRole: FOLLOWER
  }
  commitIndex: 120
}
commitInfos {
  server {
    id: "s13"
    address: "0.0.0.0:15013"
    clientAddress: "0.0.0.0:15013"
    adminAddress: "0.0.0.0:15013"
    startupRole: FOLLOWER
  }
  commitIndex: 120
}
)
2025-05-22 15:25:40,561 WARN  util.LeakDetector (LeakDetector.java:assertNoLeaks(175)) - 7/30) numLeaks == 1 > 0, will wait and retry ...
2025-05-22 15:25:41,561 WARN  util.ReferenceCountedLeakDetector (ReferenceCountedLeakDetector.java:logLeakMessage(168)) - LEAK: (class org.apache.ratis.proto.RaftProtos$AppendEntriesRequestProto, count=1, value=serverRequest {
  requestorId: "s12"
  replyId: "s13"
  raftGroupId {
    id: "\332\275Xy\265PD\000\222\235\276\260@\342G\361"
  }
  callId: 1
}
leaderTerm: 2
previousLog {
  term: 1
  index: 120
}
entries {
  term: 2
  index: 121
  configurationEntry {
    peers {
      id: "s11"
      address: "0.0.0.0:15011"
      clientAddress: "0.0.0.0:15011"
      adminAddress: "0.0.0.0:15011"
      startupRole: FOLLOWER
    }
    peers {
      id: "s13"
      address: "0.0.0.0:15013"
      clientAddress: "0.0.0.0:15013"
      adminAddress: "0.0.0.0:15013"
      startupRole: FOLLOWER
    }
    peers {
      id: "s12"
      address: "0.0.0.0:15012"
      clientAddress: "0.0.0.0:15012"
      adminAddress: "0.0.0.0:15012"
      startupRole: FOLLOWER
    }
  }
}
leaderCommit: 120
commitInfos {
  server {
    id: "s12"
    address: "0.0.0.0:15012"
    clientAddress: "0.0.0.0:15012"
    adminAddress: "0.0.0.0:15012"
    startupRole: FOLLOWER
  }
  commitIndex: 120
}
commitInfos {
  server {
    id: "s11"
    address: "0.0.0.0:15011"
    clientAddress: "0.0.0.0:15011"
    adminAddress: "0.0.0.0:15011"
    startupRole: FOLLOWER
  }
  commitIndex: 120
}
commitInfos {
  server {
    id: "s13"
    address: "0.0.0.0:15013"
    clientAddress: "0.0.0.0:15013"
    adminAddress: "0.0.0.0:15013"
    startupRole: FOLLOWER
  }
  commitIndex: 120
}
)
2025-05-22 15:25:41,562 WARN  util.LeakDetector (LeakDetector.java:assertNoLeaks(175)) - 8/30) numLeaks == 1 > 0, will wait and retry ...
2025-05-22 15:25:42,562 WARN  util.ReferenceCountedLeakDetector (ReferenceCountedLeakDetector.java:logLeakMessage(168)) - LEAK: (class org.apache.ratis.proto.RaftProtos$AppendEntriesRequestProto, count=1, value=serverRequest {
  requestorId: "s12"
  replyId: "s13"
  raftGroupId {
    id: "\332\275Xy\265PD\000\222\235\276\260@\342G\361"
  }
  callId: 1
}
leaderTerm: 2
previousLog {
  term: 1
  index: 120
}
entries {
  term: 2
  index: 121
  configurationEntry {
    peers {
      id: "s11"
      address: "0.0.0.0:15011"
      clientAddress: "0.0.0.0:15011"
      adminAddress: "0.0.0.0:15011"
      startupRole: FOLLOWER
    }
    peers {
      id: "s13"
      address: "0.0.0.0:15013"
      clientAddress: "0.0.0.0:15013"
      adminAddress: "0.0.0.0:15013"
      startupRole: FOLLOWER
    }
    peers {
      id: "s12"
      address: "0.0.0.0:15012"
      clientAddress: "0.0.0.0:15012"
      adminAddress: "0.0.0.0:15012"
      startupRole: FOLLOWER
    }
  }
}
leaderCommit: 120
commitInfos {
  server {
    id: "s12"
    address: "0.0.0.0:15012"
    clientAddress: "0.0.0.0:15012"
    adminAddress: "0.0.0.0:15012"
    startupRole: FOLLOWER
  }
  commitIndex: 120
}
commitInfos {
  server {
    id: "s11"
    address: "0.0.0.0:15011"
    clientAddress: "0.0.0.0:15011"
    adminAddress: "0.0.0.0:15011"
    startupRole: FOLLOWER
  }
  commitIndex: 120
}
commitInfos {
  server {
    id: "s13"
    address: "0.0.0.0:15013"
    clientAddress: "0.0.0.0:15013"
    adminAddress: "0.0.0.0:15013"
    startupRole: FOLLOWER
  }
  commitIndex: 120
}
)
2025-05-22 15:25:42,562 WARN  util.LeakDetector (LeakDetector.java:assertNoLeaks(175)) - 9/30) numLeaks == 1 > 0, will wait and retry ...
2025-05-22 15:25:43,563 WARN  util.ReferenceCountedLeakDetector (ReferenceCountedLeakDetector.java:logLeakMessage(168)) - LEAK: (class org.apache.ratis.proto.RaftProtos$AppendEntriesRequestProto, count=1, value=serverRequest {
  requestorId: "s12"
  replyId: "s13"
  raftGroupId {
    id: "\332\275Xy\265PD\000\222\235\276\260@\342G\361"
  }
  callId: 1
}
leaderTerm: 2
previousLog {
  term: 1
  index: 120
}
entries {
  term: 2
  index: 121
  configurationEntry {
    peers {
      id: "s11"
      address: "0.0.0.0:15011"
      clientAddress: "0.0.0.0:15011"
      adminAddress: "0.0.0.0:15011"
      startupRole: FOLLOWER
    }
    peers {
      id: "s13"
      address: "0.0.0.0:15013"
      clientAddress: "0.0.0.0:15013"
      adminAddress: "0.0.0.0:15013"
      startupRole: FOLLOWER
    }
    peers {
      id: "s12"
      address: "0.0.0.0:15012"
      clientAddress: "0.0.0.0:15012"
      adminAddress: "0.0.0.0:15012"
      startupRole: FOLLOWER
    }
  }
}
leaderCommit: 120
commitInfos {
  server {
    id: "s12"
    address: "0.0.0.0:15012"
    clientAddress: "0.0.0.0:15012"
    adminAddress: "0.0.0.0:15012"
    startupRole: FOLLOWER
  }
  commitIndex: 120
}
commitInfos {
  server {
    id: "s11"
    address: "0.0.0.0:15011"
    clientAddress: "0.0.0.0:15011"
    adminAddress: "0.0.0.0:15011"
    startupRole: FOLLOWER
  }
  commitIndex: 120
}
commitInfos {
  server {
    id: "s13"
    address: "0.0.0.0:15013"
    clientAddress: "0.0.0.0:15013"
    adminAddress: "0.0.0.0:15013"
    startupRole: FOLLOWER
  }
  commitIndex: 120
}
)
2025-05-22 15:25:43,563 WARN  util.LeakDetector (LeakDetector.java:assertNoLeaks(175)) - 10/30) numLeaks == 1 > 0, will wait and retry ...
2025-05-22 15:25:44,564 WARN  util.ReferenceCountedLeakDetector (ReferenceCountedLeakDetector.java:logLeakMessage(168)) - LEAK: (class org.apache.ratis.proto.RaftProtos$AppendEntriesRequestProto, count=1, value=serverRequest {
  requestorId: "s12"
  replyId: "s13"
  raftGroupId {
    id: "\332\275Xy\265PD\000\222\235\276\260@\342G\361"
  }
  callId: 1
}
leaderTerm: 2
previousLog {
  term: 1
  index: 120
}
entries {
  term: 2
  index: 121
  configurationEntry {
    peers {
      id: "s11"
      address: "0.0.0.0:15011"
      clientAddress: "0.0.0.0:15011"
      adminAddress: "0.0.0.0:15011"
      startupRole: FOLLOWER
    }
    peers {
      id: "s13"
      address: "0.0.0.0:15013"
      clientAddress: "0.0.0.0:15013"
      adminAddress: "0.0.0.0:15013"
      startupRole: FOLLOWER
    }
    peers {
      id: "s12"
      address: "0.0.0.0:15012"
      clientAddress: "0.0.0.0:15012"
      adminAddress: "0.0.0.0:15012"
      startupRole: FOLLOWER
    }
  }
}
leaderCommit: 120
commitInfos {
  server {
    id: "s12"
    address: "0.0.0.0:15012"
    clientAddress: "0.0.0.0:15012"
    adminAddress: "0.0.0.0:15012"
    startupRole: FOLLOWER
  }
  commitIndex: 120
}
commitInfos {
  server {
    id: "s11"
    address: "0.0.0.0:15011"
    clientAddress: "0.0.0.0:15011"
    adminAddress: "0.0.0.0:15011"
    startupRole: FOLLOWER
  }
  commitIndex: 120
}
commitInfos {
  server {
    id: "s13"
    address: "0.0.0.0:15013"
    clientAddress: "0.0.0.0:15013"
    adminAddress: "0.0.0.0:15013"
    startupRole: FOLLOWER
  }
  commitIndex: 120
}
)
2025-05-22 15:25:44,564 WARN  util.LeakDetector (LeakDetector.java:assertNoLeaks(175)) - 11/30) numLeaks == 1 > 0, will wait and retry ...
2025-05-22 15:25:45,564 WARN  util.ReferenceCountedLeakDetector (ReferenceCountedLeakDetector.java:logLeakMessage(168)) - LEAK: (class org.apache.ratis.proto.RaftProtos$AppendEntriesRequestProto, count=1, value=serverRequest {
  requestorId: "s12"
  replyId: "s13"
  raftGroupId {
    id: "\332\275Xy\265PD\000\222\235\276\260@\342G\361"
  }
  callId: 1
}
leaderTerm: 2
previousLog {
  term: 1
  index: 120
}
entries {
  term: 2
  index: 121
  configurationEntry {
    peers {
      id: "s11"
      address: "0.0.0.0:15011"
      clientAddress: "0.0.0.0:15011"
      adminAddress: "0.0.0.0:15011"
      startupRole: FOLLOWER
    }
    peers {
      id: "s13"
      address: "0.0.0.0:15013"
      clientAddress: "0.0.0.0:15013"
      adminAddress: "0.0.0.0:15013"
      startupRole: FOLLOWER
    }
    peers {
      id: "s12"
      address: "0.0.0.0:15012"
      clientAddress: "0.0.0.0:15012"
      adminAddress: "0.0.0.0:15012"
      startupRole: FOLLOWER
    }
  }
}
leaderCommit: 120
commitInfos {
  server {
    id: "s12"
    address: "0.0.0.0:15012"
    clientAddress: "0.0.0.0:15012"
    adminAddress: "0.0.0.0:15012"
    startupRole: FOLLOWER
  }
  commitIndex: 120
}
commitInfos {
  server {
    id: "s11"
    address: "0.0.0.0:15011"
    clientAddress: "0.0.0.0:15011"
    adminAddress: "0.0.0.0:15011"
    startupRole: FOLLOWER
  }
  commitIndex: 120
}
commitInfos {
  server {
    id: "s13"
    address: "0.0.0.0:15013"
    clientAddress: "0.0.0.0:15013"
    adminAddress: "0.0.0.0:15013"
    startupRole: FOLLOWER
  }
  commitIndex: 120
}
)
2025-05-22 15:25:45,565 WARN  util.LeakDetector (LeakDetector.java:assertNoLeaks(175)) - 12/30) numLeaks == 1 > 0, will wait and retry ...
2025-05-22 15:25:46,565 WARN  util.ReferenceCountedLeakDetector (ReferenceCountedLeakDetector.java:logLeakMessage(168)) - LEAK: (class org.apache.ratis.proto.RaftProtos$AppendEntriesRequestProto, count=1, value=serverRequest {
  requestorId: "s12"
  replyId: "s13"
  raftGroupId {
    id: "\332\275Xy\265PD\000\222\235\276\260@\342G\361"
  }
  callId: 1
}
leaderTerm: 2
previousLog {
  term: 1
  index: 120
}
entries {
  term: 2
  index: 121
  configurationEntry {
    peers {
      id: "s11"
      address: "0.0.0.0:15011"
      clientAddress: "0.0.0.0:15011"
      adminAddress: "0.0.0.0:15011"
      startupRole: FOLLOWER
    }
    peers {
      id: "s13"
      address: "0.0.0.0:15013"
      clientAddress: "0.0.0.0:15013"
      adminAddress: "0.0.0.0:15013"
      startupRole: FOLLOWER
    }
    peers {
      id: "s12"
      address: "0.0.0.0:15012"
      clientAddress: "0.0.0.0:15012"
      adminAddress: "0.0.0.0:15012"
      startupRole: FOLLOWER
    }
  }
}
leaderCommit: 120
commitInfos {
  server {
    id: "s12"
    address: "0.0.0.0:15012"
    clientAddress: "0.0.0.0:15012"
    adminAddress: "0.0.0.0:15012"
    startupRole: FOLLOWER
  }
  commitIndex: 120
}
commitInfos {
  server {
    id: "s11"
    address: "0.0.0.0:15011"
    clientAddress: "0.0.0.0:15011"
    adminAddress: "0.0.0.0:15011"
    startupRole: FOLLOWER
  }
  commitIndex: 120
}
commitInfos {
  server {
    id: "s13"
    address: "0.0.0.0:15013"
    clientAddress: "0.0.0.0:15013"
    adminAddress: "0.0.0.0:15013"
    startupRole: FOLLOWER
  }
  commitIndex: 120
}
)
2025-05-22 15:25:46,565 WARN  util.LeakDetector (LeakDetector.java:assertNoLeaks(175)) - 13/30) numLeaks == 1 > 0, will wait and retry ...
2025-05-22 15:25:47,566 WARN  util.ReferenceCountedLeakDetector (ReferenceCountedLeakDetector.java:logLeakMessage(168)) - LEAK: (class org.apache.ratis.proto.RaftProtos$AppendEntriesRequestProto, count=1, value=serverRequest {
  requestorId: "s12"
  replyId: "s13"
  raftGroupId {
    id: "\332\275Xy\265PD\000\222\235\276\260@\342G\361"
  }
  callId: 1
}
leaderTerm: 2
previousLog {
  term: 1
  index: 120
}
entries {
  term: 2
  index: 121
  configurationEntry {
    peers {
      id: "s11"
      address: "0.0.0.0:15011"
      clientAddress: "0.0.0.0:15011"
      adminAddress: "0.0.0.0:15011"
      startupRole: FOLLOWER
    }
    peers {
      id: "s13"
      address: "0.0.0.0:15013"
      clientAddress: "0.0.0.0:15013"
      adminAddress: "0.0.0.0:15013"
      startupRole: FOLLOWER
    }
    peers {
      id: "s12"
      address: "0.0.0.0:15012"
      clientAddress: "0.0.0.0:15012"
      adminAddress: "0.0.0.0:15012"
      startupRole: FOLLOWER
    }
  }
}
leaderCommit: 120
commitInfos {
  server {
    id: "s12"
    address: "0.0.0.0:15012"
    clientAddress: "0.0.0.0:15012"
    adminAddress: "0.0.0.0:15012"
    startupRole: FOLLOWER
  }
  commitIndex: 120
}
commitInfos {
  server {
    id: "s11"
    address: "0.0.0.0:15011"
    clientAddress: "0.0.0.0:15011"
    adminAddress: "0.0.0.0:15011"
    startupRole: FOLLOWER
  }
  commitIndex: 120
}
commitInfos {
  server {
    id: "s13"
    address: "0.0.0.0:15013"
    clientAddress: "0.0.0.0:15013"
    adminAddress: "0.0.0.0:15013"
    startupRole: FOLLOWER
  }
  commitIndex: 120
}
)
2025-05-22 15:25:47,566 WARN  util.LeakDetector (LeakDetector.java:assertNoLeaks(175)) - 14/30) numLeaks == 1 > 0, will wait and retry ...
2025-05-22 15:25:48,567 WARN  util.ReferenceCountedLeakDetector (ReferenceCountedLeakDetector.java:logLeakMessage(168)) - LEAK: (class org.apache.ratis.proto.RaftProtos$AppendEntriesRequestProto, count=1, value=serverRequest {
  requestorId: "s12"
  replyId: "s13"
  raftGroupId {
    id: "\332\275Xy\265PD\000\222\235\276\260@\342G\361"
  }
  callId: 1
}
leaderTerm: 2
previousLog {
  term: 1
  index: 120
}
entries {
  term: 2
  index: 121
  configurationEntry {
    peers {
      id: "s11"
      address: "0.0.0.0:15011"
      clientAddress: "0.0.0.0:15011"
      adminAddress: "0.0.0.0:15011"
      startupRole: FOLLOWER
    }
    peers {
      id: "s13"
      address: "0.0.0.0:15013"
      clientAddress: "0.0.0.0:15013"
      adminAddress: "0.0.0.0:15013"
      startupRole: FOLLOWER
    }
    peers {
      id: "s12"
      address: "0.0.0.0:15012"
      clientAddress: "0.0.0.0:15012"
      adminAddress: "0.0.0.0:15012"
      startupRole: FOLLOWER
    }
  }
}
leaderCommit: 120
commitInfos {
  server {
    id: "s12"
    address: "0.0.0.0:15012"
    clientAddress: "0.0.0.0:15012"
    adminAddress: "0.0.0.0:15012"
    startupRole: FOLLOWER
  }
  commitIndex: 120
}
commitInfos {
  server {
    id: "s11"
    address: "0.0.0.0:15011"
    clientAddress: "0.0.0.0:15011"
    adminAddress: "0.0.0.0:15011"
    startupRole: FOLLOWER
  }
  commitIndex: 120
}
commitInfos {
  server {
    id: "s13"
    address: "0.0.0.0:15013"
    clientAddress: "0.0.0.0:15013"
    adminAddress: "0.0.0.0:15013"
    startupRole: FOLLOWER
  }
  commitIndex: 120
}
)
2025-05-22 15:25:48,567 WARN  util.LeakDetector (LeakDetector.java:assertNoLeaks(175)) - 15/30) numLeaks == 1 > 0, will wait and retry ...
2025-05-22 15:25:49,568 WARN  util.ReferenceCountedLeakDetector (ReferenceCountedLeakDetector.java:logLeakMessage(168)) - LEAK: (class org.apache.ratis.proto.RaftProtos$AppendEntriesRequestProto, count=1, value=serverRequest {
  requestorId: "s12"
  replyId: "s13"
  raftGroupId {
    id: "\332\275Xy\265PD\000\222\235\276\260@\342G\361"
  }
  callId: 1
}
leaderTerm: 2
previousLog {
  term: 1
  index: 120
}
entries {
  term: 2
  index: 121
  configurationEntry {
    peers {
      id: "s11"
      address: "0.0.0.0:15011"
      clientAddress: "0.0.0.0:15011"
      adminAddress: "0.0.0.0:15011"
      startupRole: FOLLOWER
    }
    peers {
      id: "s13"
      address: "0.0.0.0:15013"
      clientAddress: "0.0.0.0:15013"
      adminAddress: "0.0.0.0:15013"
      startupRole: FOLLOWER
    }
    peers {
      id: "s12"
      address: "0.0.0.0:15012"
      clientAddress: "0.0.0.0:15012"
      adminAddress: "0.0.0.0:15012"
      startupRole: FOLLOWER
    }
  }
}
leaderCommit: 120
commitInfos {
  server {
    id: "s12"
    address: "0.0.0.0:15012"
    clientAddress: "0.0.0.0:15012"
    adminAddress: "0.0.0.0:15012"
    startupRole: FOLLOWER
  }
  commitIndex: 120
}
commitInfos {
  server {
    id: "s11"
    address: "0.0.0.0:15011"
    clientAddress: "0.0.0.0:15011"
    adminAddress: "0.0.0.0:15011"
    startupRole: FOLLOWER
  }
  commitIndex: 120
}
commitInfos {
  server {
    id: "s13"
    address: "0.0.0.0:15013"
    clientAddress: "0.0.0.0:15013"
    adminAddress: "0.0.0.0:15013"
    startupRole: FOLLOWER
  }
  commitIndex: 120
}
)
2025-05-22 15:25:49,568 WARN  util.LeakDetector (LeakDetector.java:assertNoLeaks(175)) - 16/30) numLeaks == 1 > 0, will wait and retry ...
2025-05-22 15:25:50,568 WARN  util.ReferenceCountedLeakDetector (ReferenceCountedLeakDetector.java:logLeakMessage(168)) - LEAK: (class org.apache.ratis.proto.RaftProtos$AppendEntriesRequestProto, count=1, value=serverRequest {
  requestorId: "s12"
  replyId: "s13"
  raftGroupId {
    id: "\332\275Xy\265PD\000\222\235\276\260@\342G\361"
  }
  callId: 1
}
leaderTerm: 2
previousLog {
  term: 1
  index: 120
}
entries {
  term: 2
  index: 121
  configurationEntry {
    peers {
      id: "s11"
      address: "0.0.0.0:15011"
      clientAddress: "0.0.0.0:15011"
      adminAddress: "0.0.0.0:15011"
      startupRole: FOLLOWER
    }
    peers {
      id: "s13"
      address: "0.0.0.0:15013"
      clientAddress: "0.0.0.0:15013"
      adminAddress: "0.0.0.0:15013"
      startupRole: FOLLOWER
    }
    peers {
      id: "s12"
      address: "0.0.0.0:15012"
      clientAddress: "0.0.0.0:15012"
      adminAddress: "0.0.0.0:15012"
      startupRole: FOLLOWER
    }
  }
}
leaderCommit: 120
commitInfos {
  server {
    id: "s12"
    address: "0.0.0.0:15012"
    clientAddress: "0.0.0.0:15012"
    adminAddress: "0.0.0.0:15012"
    startupRole: FOLLOWER
  }
  commitIndex: 120
}
commitInfos {
  server {
    id: "s11"
    address: "0.0.0.0:15011"
    clientAddress: "0.0.0.0:15011"
    adminAddress: "0.0.0.0:15011"
    startupRole: FOLLOWER
  }
  commitIndex: 120
}
commitInfos {
  server {
    id: "s13"
    address: "0.0.0.0:15013"
    clientAddress: "0.0.0.0:15013"
    adminAddress: "0.0.0.0:15013"
    startupRole: FOLLOWER
  }
  commitIndex: 120
}
)
2025-05-22 15:25:50,569 WARN  util.LeakDetector (LeakDetector.java:assertNoLeaks(175)) - 17/30) numLeaks == 1 > 0, will wait and retry ...
2025-05-22 15:25:51,569 WARN  util.ReferenceCountedLeakDetector (ReferenceCountedLeakDetector.java:logLeakMessage(168)) - LEAK: (class org.apache.ratis.proto.RaftProtos$AppendEntriesRequestProto, count=1, value=serverRequest {
  requestorId: "s12"
  replyId: "s13"
  raftGroupId {
    id: "\332\275Xy\265PD\000\222\235\276\260@\342G\361"
  }
  callId: 1
}
leaderTerm: 2
previousLog {
  term: 1
  index: 120
}
entries {
  term: 2
  index: 121
  configurationEntry {
    peers {
      id: "s11"
      address: "0.0.0.0:15011"
      clientAddress: "0.0.0.0:15011"
      adminAddress: "0.0.0.0:15011"
      startupRole: FOLLOWER
    }
    peers {
      id: "s13"
      address: "0.0.0.0:15013"
      clientAddress: "0.0.0.0:15013"
      adminAddress: "0.0.0.0:15013"
      startupRole: FOLLOWER
    }
    peers {
      id: "s12"
      address: "0.0.0.0:15012"
      clientAddress: "0.0.0.0:15012"
      adminAddress: "0.0.0.0:15012"
      startupRole: FOLLOWER
    }
  }
}
leaderCommit: 120
commitInfos {
  server {
    id: "s12"
    address: "0.0.0.0:15012"
    clientAddress: "0.0.0.0:15012"
    adminAddress: "0.0.0.0:15012"
    startupRole: FOLLOWER
  }
  commitIndex: 120
}
commitInfos {
  server {
    id: "s11"
    address: "0.0.0.0:15011"
    clientAddress: "0.0.0.0:15011"
    adminAddress: "0.0.0.0:15011"
    startupRole: FOLLOWER
  }
  commitIndex: 120
}
commitInfos {
  server {
    id: "s13"
    address: "0.0.0.0:15013"
    clientAddress: "0.0.0.0:15013"
    adminAddress: "0.0.0.0:15013"
    startupRole: FOLLOWER
  }
  commitIndex: 120
}
)
2025-05-22 15:25:51,569 WARN  util.LeakDetector (LeakDetector.java:assertNoLeaks(175)) - 18/30) numLeaks == 1 > 0, will wait and retry ...
2025-05-22 15:25:52,570 WARN  util.ReferenceCountedLeakDetector (ReferenceCountedLeakDetector.java:logLeakMessage(168)) - LEAK: (class org.apache.ratis.proto.RaftProtos$AppendEntriesRequestProto, count=1, value=serverRequest {
  requestorId: "s12"
  replyId: "s13"
  raftGroupId {
    id: "\332\275Xy\265PD\000\222\235\276\260@\342G\361"
  }
  callId: 1
}
leaderTerm: 2
previousLog {
  term: 1
  index: 120
}
entries {
  term: 2
  index: 121
  configurationEntry {
    peers {
      id: "s11"
      address: "0.0.0.0:15011"
      clientAddress: "0.0.0.0:15011"
      adminAddress: "0.0.0.0:15011"
      startupRole: FOLLOWER
    }
    peers {
      id: "s13"
      address: "0.0.0.0:15013"
      clientAddress: "0.0.0.0:15013"
      adminAddress: "0.0.0.0:15013"
      startupRole: FOLLOWER
    }
    peers {
      id: "s12"
      address: "0.0.0.0:15012"
      clientAddress: "0.0.0.0:15012"
      adminAddress: "0.0.0.0:15012"
      startupRole: FOLLOWER
    }
  }
}
leaderCommit: 120
commitInfos {
  server {
    id: "s12"
    address: "0.0.0.0:15012"
    clientAddress: "0.0.0.0:15012"
    adminAddress: "0.0.0.0:15012"
    startupRole: FOLLOWER
  }
  commitIndex: 120
}
commitInfos {
  server {
    id: "s11"
    address: "0.0.0.0:15011"
    clientAddress: "0.0.0.0:15011"
    adminAddress: "0.0.0.0:15011"
    startupRole: FOLLOWER
  }
  commitIndex: 120
}
commitInfos {
  server {
    id: "s13"
    address: "0.0.0.0:15013"
    clientAddress: "0.0.0.0:15013"
    adminAddress: "0.0.0.0:15013"
    startupRole: FOLLOWER
  }
  commitIndex: 120
}
)
2025-05-22 15:25:52,570 WARN  util.LeakDetector (LeakDetector.java:assertNoLeaks(175)) - 19/30) numLeaks == 1 > 0, will wait and retry ...
2025-05-22 15:25:53,570 WARN  util.ReferenceCountedLeakDetector (ReferenceCountedLeakDetector.java:logLeakMessage(168)) - LEAK: (class org.apache.ratis.proto.RaftProtos$AppendEntriesRequestProto, count=1, value=serverRequest {
  requestorId: "s12"
  replyId: "s13"
  raftGroupId {
    id: "\332\275Xy\265PD\000\222\235\276\260@\342G\361"
  }
  callId: 1
}
leaderTerm: 2
previousLog {
  term: 1
  index: 120
}
entries {
  term: 2
  index: 121
  configurationEntry {
    peers {
      id: "s11"
      address: "0.0.0.0:15011"
      clientAddress: "0.0.0.0:15011"
      adminAddress: "0.0.0.0:15011"
      startupRole: FOLLOWER
    }
    peers {
      id: "s13"
      address: "0.0.0.0:15013"
      clientAddress: "0.0.0.0:15013"
      adminAddress: "0.0.0.0:15013"
      startupRole: FOLLOWER
    }
    peers {
      id: "s12"
      address: "0.0.0.0:15012"
      clientAddress: "0.0.0.0:15012"
      adminAddress: "0.0.0.0:15012"
      startupRole: FOLLOWER
    }
  }
}
leaderCommit: 120
commitInfos {
  server {
    id: "s12"
    address: "0.0.0.0:15012"
    clientAddress: "0.0.0.0:15012"
    adminAddress: "0.0.0.0:15012"
    startupRole: FOLLOWER
  }
  commitIndex: 120
}
commitInfos {
  server {
    id: "s11"
    address: "0.0.0.0:15011"
    clientAddress: "0.0.0.0:15011"
    adminAddress: "0.0.0.0:15011"
    startupRole: FOLLOWER
  }
  commitIndex: 120
}
commitInfos {
  server {
    id: "s13"
    address: "0.0.0.0:15013"
    clientAddress: "0.0.0.0:15013"
    adminAddress: "0.0.0.0:15013"
    startupRole: FOLLOWER
  }
  commitIndex: 120
}
)
2025-05-22 15:25:53,571 WARN  util.LeakDetector (LeakDetector.java:assertNoLeaks(175)) - 20/30) numLeaks == 1 > 0, will wait and retry ...
2025-05-22 15:25:54,571 WARN  util.ReferenceCountedLeakDetector (ReferenceCountedLeakDetector.java:logLeakMessage(168)) - LEAK: (class org.apache.ratis.proto.RaftProtos$AppendEntriesRequestProto, count=1, value=serverRequest {
  requestorId: "s12"
  replyId: "s13"
  raftGroupId {
    id: "\332\275Xy\265PD\000\222\235\276\260@\342G\361"
  }
  callId: 1
}
leaderTerm: 2
previousLog {
  term: 1
  index: 120
}
entries {
  term: 2
  index: 121
  configurationEntry {
    peers {
      id: "s11"
      address: "0.0.0.0:15011"
      clientAddress: "0.0.0.0:15011"
      adminAddress: "0.0.0.0:15011"
      startupRole: FOLLOWER
    }
    peers {
      id: "s13"
      address: "0.0.0.0:15013"
      clientAddress: "0.0.0.0:15013"
      adminAddress: "0.0.0.0:15013"
      startupRole: FOLLOWER
    }
    peers {
      id: "s12"
      address: "0.0.0.0:15012"
      clientAddress: "0.0.0.0:15012"
      adminAddress: "0.0.0.0:15012"
      startupRole: FOLLOWER
    }
  }
}
leaderCommit: 120
commitInfos {
  server {
    id: "s12"
    address: "0.0.0.0:15012"
    clientAddress: "0.0.0.0:15012"
    adminAddress: "0.0.0.0:15012"
    startupRole: FOLLOWER
  }
  commitIndex: 120
}
commitInfos {
  server {
    id: "s11"
    address: "0.0.0.0:15011"
    clientAddress: "0.0.0.0:15011"
    adminAddress: "0.0.0.0:15011"
    startupRole: FOLLOWER
  }
  commitIndex: 120
}
commitInfos {
  server {
    id: "s13"
    address: "0.0.0.0:15013"
    clientAddress: "0.0.0.0:15013"
    adminAddress: "0.0.0.0:15013"
    startupRole: FOLLOWER
  }
  commitIndex: 120
}
)
2025-05-22 15:25:54,571 WARN  util.LeakDetector (LeakDetector.java:assertNoLeaks(175)) - 21/30) numLeaks == 1 > 0, will wait and retry ...
2025-05-22 15:25:55,572 WARN  util.ReferenceCountedLeakDetector (ReferenceCountedLeakDetector.java:logLeakMessage(168)) - LEAK: (class org.apache.ratis.proto.RaftProtos$AppendEntriesRequestProto, count=1, value=serverRequest {
  requestorId: "s12"
  replyId: "s13"
  raftGroupId {
    id: "\332\275Xy\265PD\000\222\235\276\260@\342G\361"
  }
  callId: 1
}
leaderTerm: 2
previousLog {
  term: 1
  index: 120
}
entries {
  term: 2
  index: 121
  configurationEntry {
    peers {
      id: "s11"
      address: "0.0.0.0:15011"
      clientAddress: "0.0.0.0:15011"
      adminAddress: "0.0.0.0:15011"
      startupRole: FOLLOWER
    }
    peers {
      id: "s13"
      address: "0.0.0.0:15013"
      clientAddress: "0.0.0.0:15013"
      adminAddress: "0.0.0.0:15013"
      startupRole: FOLLOWER
    }
    peers {
      id: "s12"
      address: "0.0.0.0:15012"
      clientAddress: "0.0.0.0:15012"
      adminAddress: "0.0.0.0:15012"
      startupRole: FOLLOWER
    }
  }
}
leaderCommit: 120
commitInfos {
  server {
    id: "s12"
    address: "0.0.0.0:15012"
    clientAddress: "0.0.0.0:15012"
    adminAddress: "0.0.0.0:15012"
    startupRole: FOLLOWER
  }
  commitIndex: 120
}
commitInfos {
  server {
    id: "s11"
    address: "0.0.0.0:15011"
    clientAddress: "0.0.0.0:15011"
    adminAddress: "0.0.0.0:15011"
    startupRole: FOLLOWER
  }
  commitIndex: 120
}
commitInfos {
  server {
    id: "s13"
    address: "0.0.0.0:15013"
    clientAddress: "0.0.0.0:15013"
    adminAddress: "0.0.0.0:15013"
    startupRole: FOLLOWER
  }
  commitIndex: 120
}
)
2025-05-22 15:25:55,572 WARN  util.LeakDetector (LeakDetector.java:assertNoLeaks(175)) - 22/30) numLeaks == 1 > 0, will wait and retry ...
2025-05-22 15:25:56,572 WARN  util.ReferenceCountedLeakDetector (ReferenceCountedLeakDetector.java:logLeakMessage(168)) - LEAK: (class org.apache.ratis.proto.RaftProtos$AppendEntriesRequestProto, count=1, value=serverRequest {
  requestorId: "s12"
  replyId: "s13"
  raftGroupId {
    id: "\332\275Xy\265PD\000\222\235\276\260@\342G\361"
  }
  callId: 1
}
leaderTerm: 2
previousLog {
  term: 1
  index: 120
}
entries {
  term: 2
  index: 121
  configurationEntry {
    peers {
      id: "s11"
      address: "0.0.0.0:15011"
      clientAddress: "0.0.0.0:15011"
      adminAddress: "0.0.0.0:15011"
      startupRole: FOLLOWER
    }
    peers {
      id: "s13"
      address: "0.0.0.0:15013"
      clientAddress: "0.0.0.0:15013"
      adminAddress: "0.0.0.0:15013"
      startupRole: FOLLOWER
    }
    peers {
      id: "s12"
      address: "0.0.0.0:15012"
      clientAddress: "0.0.0.0:15012"
      adminAddress: "0.0.0.0:15012"
      startupRole: FOLLOWER
    }
  }
}
leaderCommit: 120
commitInfos {
  server {
    id: "s12"
    address: "0.0.0.0:15012"
    clientAddress: "0.0.0.0:15012"
    adminAddress: "0.0.0.0:15012"
    startupRole: FOLLOWER
  }
  commitIndex: 120
}
commitInfos {
  server {
    id: "s11"
    address: "0.0.0.0:15011"
    clientAddress: "0.0.0.0:15011"
    adminAddress: "0.0.0.0:15011"
    startupRole: FOLLOWER
  }
  commitIndex: 120
}
commitInfos {
  server {
    id: "s13"
    address: "0.0.0.0:15013"
    clientAddress: "0.0.0.0:15013"
    adminAddress: "0.0.0.0:15013"
    startupRole: FOLLOWER
  }
  commitIndex: 120
}
)
2025-05-22 15:25:56,573 WARN  util.LeakDetector (LeakDetector.java:assertNoLeaks(175)) - 23/30) numLeaks == 1 > 0, will wait and retry ...
2025-05-22 15:25:57,573 WARN  util.ReferenceCountedLeakDetector (ReferenceCountedLeakDetector.java:logLeakMessage(168)) - LEAK: (class org.apache.ratis.proto.RaftProtos$AppendEntriesRequestProto, count=1, value=serverRequest {
  requestorId: "s12"
  replyId: "s13"
  raftGroupId {
    id: "\332\275Xy\265PD\000\222\235\276\260@\342G\361"
  }
  callId: 1
}
leaderTerm: 2
previousLog {
  term: 1
  index: 120
}
entries {
  term: 2
  index: 121
  configurationEntry {
    peers {
      id: "s11"
      address: "0.0.0.0:15011"
      clientAddress: "0.0.0.0:15011"
      adminAddress: "0.0.0.0:15011"
      startupRole: FOLLOWER
    }
    peers {
      id: "s13"
      address: "0.0.0.0:15013"
      clientAddress: "0.0.0.0:15013"
      adminAddress: "0.0.0.0:15013"
      startupRole: FOLLOWER
    }
    peers {
      id: "s12"
      address: "0.0.0.0:15012"
      clientAddress: "0.0.0.0:15012"
      adminAddress: "0.0.0.0:15012"
      startupRole: FOLLOWER
    }
  }
}
leaderCommit: 120
commitInfos {
  server {
    id: "s12"
    address: "0.0.0.0:15012"
    clientAddress: "0.0.0.0:15012"
    adminAddress: "0.0.0.0:15012"
    startupRole: FOLLOWER
  }
  commitIndex: 120
}
commitInfos {
  server {
    id: "s11"
    address: "0.0.0.0:15011"
    clientAddress: "0.0.0.0:15011"
    adminAddress: "0.0.0.0:15011"
    startupRole: FOLLOWER
  }
  commitIndex: 120
}
commitInfos {
  server {
    id: "s13"
    address: "0.0.0.0:15013"
    clientAddress: "0.0.0.0:15013"
    adminAddress: "0.0.0.0:15013"
    startupRole: FOLLOWER
  }
  commitIndex: 120
}
)
2025-05-22 15:25:57,573 WARN  util.LeakDetector (LeakDetector.java:assertNoLeaks(175)) - 24/30) numLeaks == 1 > 0, will wait and retry ...
2025-05-22 15:25:58,574 WARN  util.ReferenceCountedLeakDetector (ReferenceCountedLeakDetector.java:logLeakMessage(168)) - LEAK: (class org.apache.ratis.proto.RaftProtos$AppendEntriesRequestProto, count=1, value=serverRequest {
  requestorId: "s12"
  replyId: "s13"
  raftGroupId {
    id: "\332\275Xy\265PD\000\222\235\276\260@\342G\361"
  }
  callId: 1
}
leaderTerm: 2
previousLog {
  term: 1
  index: 120
}
entries {
  term: 2
  index: 121
  configurationEntry {
    peers {
      id: "s11"
      address: "0.0.0.0:15011"
      clientAddress: "0.0.0.0:15011"
      adminAddress: "0.0.0.0:15011"
      startupRole: FOLLOWER
    }
    peers {
      id: "s13"
      address: "0.0.0.0:15013"
      clientAddress: "0.0.0.0:15013"
      adminAddress: "0.0.0.0:15013"
      startupRole: FOLLOWER
    }
    peers {
      id: "s12"
      address: "0.0.0.0:15012"
      clientAddress: "0.0.0.0:15012"
      adminAddress: "0.0.0.0:15012"
      startupRole: FOLLOWER
    }
  }
}
leaderCommit: 120
commitInfos {
  server {
    id: "s12"
    address: "0.0.0.0:15012"
    clientAddress: "0.0.0.0:15012"
    adminAddress: "0.0.0.0:15012"
    startupRole: FOLLOWER
  }
  commitIndex: 120
}
commitInfos {
  server {
    id: "s11"
    address: "0.0.0.0:15011"
    clientAddress: "0.0.0.0:15011"
    adminAddress: "0.0.0.0:15011"
    startupRole: FOLLOWER
  }
  commitIndex: 120
}
commitInfos {
  server {
    id: "s13"
    address: "0.0.0.0:15013"
    clientAddress: "0.0.0.0:15013"
    adminAddress: "0.0.0.0:15013"
    startupRole: FOLLOWER
  }
  commitIndex: 120
}
)
2025-05-22 15:25:58,574 WARN  util.LeakDetector (LeakDetector.java:assertNoLeaks(175)) - 25/30) numLeaks == 1 > 0, will wait and retry ...
2025-05-22 15:25:59,574 WARN  util.ReferenceCountedLeakDetector (ReferenceCountedLeakDetector.java:logLeakMessage(168)) - LEAK: (class org.apache.ratis.proto.RaftProtos$AppendEntriesRequestProto, count=1, value=serverRequest {
  requestorId: "s12"
  replyId: "s13"
  raftGroupId {
    id: "\332\275Xy\265PD\000\222\235\276\260@\342G\361"
  }
  callId: 1
}
leaderTerm: 2
previousLog {
  term: 1
  index: 120
}
entries {
  term: 2
  index: 121
  configurationEntry {
    peers {
      id: "s11"
      address: "0.0.0.0:15011"
      clientAddress: "0.0.0.0:15011"
      adminAddress: "0.0.0.0:15011"
      startupRole: FOLLOWER
    }
    peers {
      id: "s13"
      address: "0.0.0.0:15013"
      clientAddress: "0.0.0.0:15013"
      adminAddress: "0.0.0.0:15013"
      startupRole: FOLLOWER
    }
    peers {
      id: "s12"
      address: "0.0.0.0:15012"
      clientAddress: "0.0.0.0:15012"
      adminAddress: "0.0.0.0:15012"
      startupRole: FOLLOWER
    }
  }
}
leaderCommit: 120
commitInfos {
  server {
    id: "s12"
    address: "0.0.0.0:15012"
    clientAddress: "0.0.0.0:15012"
    adminAddress: "0.0.0.0:15012"
    startupRole: FOLLOWER
  }
  commitIndex: 120
}
commitInfos {
  server {
    id: "s11"
    address: "0.0.0.0:15011"
    clientAddress: "0.0.0.0:15011"
    adminAddress: "0.0.0.0:15011"
    startupRole: FOLLOWER
  }
  commitIndex: 120
}
commitInfos {
  server {
    id: "s13"
    address: "0.0.0.0:15013"
    clientAddress: "0.0.0.0:15013"
    adminAddress: "0.0.0.0:15013"
    startupRole: FOLLOWER
  }
  commitIndex: 120
}
)
2025-05-22 15:25:59,575 WARN  util.LeakDetector (LeakDetector.java:assertNoLeaks(175)) - 26/30) numLeaks == 1 > 0, will wait and retry ...
2025-05-22 15:26:00,575 WARN  util.ReferenceCountedLeakDetector (ReferenceCountedLeakDetector.java:logLeakMessage(168)) - LEAK: (class org.apache.ratis.proto.RaftProtos$AppendEntriesRequestProto, count=1, value=serverRequest {
  requestorId: "s12"
  replyId: "s13"
  raftGroupId {
    id: "\332\275Xy\265PD\000\222\235\276\260@\342G\361"
  }
  callId: 1
}
leaderTerm: 2
previousLog {
  term: 1
  index: 120
}
entries {
  term: 2
  index: 121
  configurationEntry {
    peers {
      id: "s11"
      address: "0.0.0.0:15011"
      clientAddress: "0.0.0.0:15011"
      adminAddress: "0.0.0.0:15011"
      startupRole: FOLLOWER
    }
    peers {
      id: "s13"
      address: "0.0.0.0:15013"
      clientAddress: "0.0.0.0:15013"
      adminAddress: "0.0.0.0:15013"
      startupRole: FOLLOWER
    }
    peers {
      id: "s12"
      address: "0.0.0.0:15012"
      clientAddress: "0.0.0.0:15012"
      adminAddress: "0.0.0.0:15012"
      startupRole: FOLLOWER
    }
  }
}
leaderCommit: 120
commitInfos {
  server {
    id: "s12"
    address: "0.0.0.0:15012"
    clientAddress: "0.0.0.0:15012"
    adminAddress: "0.0.0.0:15012"
    startupRole: FOLLOWER
  }
  commitIndex: 120
}
commitInfos {
  server {
    id: "s11"
    address: "0.0.0.0:15011"
    clientAddress: "0.0.0.0:15011"
    adminAddress: "0.0.0.0:15011"
    startupRole: FOLLOWER
  }
  commitIndex: 120
}
commitInfos {
  server {
    id: "s13"
    address: "0.0.0.0:15013"
    clientAddress: "0.0.0.0:15013"
    adminAddress: "0.0.0.0:15013"
    startupRole: FOLLOWER
  }
  commitIndex: 120
}
)
2025-05-22 15:26:00,576 WARN  util.LeakDetector (LeakDetector.java:assertNoLeaks(175)) - 27/30) numLeaks == 1 > 0, will wait and retry ...
2025-05-22 15:26:01,576 WARN  util.ReferenceCountedLeakDetector (ReferenceCountedLeakDetector.java:logLeakMessage(168)) - LEAK: (class org.apache.ratis.proto.RaftProtos$AppendEntriesRequestProto, count=1, value=serverRequest {
  requestorId: "s12"
  replyId: "s13"
  raftGroupId {
    id: "\332\275Xy\265PD\000\222\235\276\260@\342G\361"
  }
  callId: 1
}
leaderTerm: 2
previousLog {
  term: 1
  index: 120
}
entries {
  term: 2
  index: 121
  configurationEntry {
    peers {
      id: "s11"
      address: "0.0.0.0:15011"
      clientAddress: "0.0.0.0:15011"
      adminAddress: "0.0.0.0:15011"
      startupRole: FOLLOWER
    }
    peers {
      id: "s13"
      address: "0.0.0.0:15013"
      clientAddress: "0.0.0.0:15013"
      adminAddress: "0.0.0.0:15013"
      startupRole: FOLLOWER
    }
    peers {
      id: "s12"
      address: "0.0.0.0:15012"
      clientAddress: "0.0.0.0:15012"
      adminAddress: "0.0.0.0:15012"
      startupRole: FOLLOWER
    }
  }
}
leaderCommit: 120
commitInfos {
  server {
    id: "s12"
    address: "0.0.0.0:15012"
    clientAddress: "0.0.0.0:15012"
    adminAddress: "0.0.0.0:15012"
    startupRole: FOLLOWER
  }
  commitIndex: 120
}
commitInfos {
  server {
    id: "s11"
    address: "0.0.0.0:15011"
    clientAddress: "0.0.0.0:15011"
    adminAddress: "0.0.0.0:15011"
    startupRole: FOLLOWER
  }
  commitIndex: 120
}
commitInfos {
  server {
    id: "s13"
    address: "0.0.0.0:15013"
    clientAddress: "0.0.0.0:15013"
    adminAddress: "0.0.0.0:15013"
    startupRole: FOLLOWER
  }
  commitIndex: 120
}
)
2025-05-22 15:26:01,576 WARN  util.LeakDetector (LeakDetector.java:assertNoLeaks(175)) - 28/30) numLeaks == 1 > 0, will wait and retry ...
2025-05-22 15:26:02,577 WARN  util.ReferenceCountedLeakDetector (ReferenceCountedLeakDetector.java:logLeakMessage(168)) - LEAK: (class org.apache.ratis.proto.RaftProtos$AppendEntriesRequestProto, count=1, value=serverRequest {
  requestorId: "s12"
  replyId: "s13"
  raftGroupId {
    id: "\332\275Xy\265PD\000\222\235\276\260@\342G\361"
  }
  callId: 1
}
leaderTerm: 2
previousLog {
  term: 1
  index: 120
}
entries {
  term: 2
  index: 121
  configurationEntry {
    peers {
      id: "s11"
      address: "0.0.0.0:15011"
      clientAddress: "0.0.0.0:15011"
      adminAddress: "0.0.0.0:15011"
      startupRole: FOLLOWER
    }
    peers {
      id: "s13"
      address: "0.0.0.0:15013"
      clientAddress: "0.0.0.0:15013"
      adminAddress: "0.0.0.0:15013"
      startupRole: FOLLOWER
    }
    peers {
      id: "s12"
      address: "0.0.0.0:15012"
      clientAddress: "0.0.0.0:15012"
      adminAddress: "0.0.0.0:15012"
      startupRole: FOLLOWER
    }
  }
}
leaderCommit: 120
commitInfos {
  server {
    id: "s12"
    address: "0.0.0.0:15012"
    clientAddress: "0.0.0.0:15012"
    adminAddress: "0.0.0.0:15012"
    startupRole: FOLLOWER
  }
  commitIndex: 120
}
commitInfos {
  server {
    id: "s11"
    address: "0.0.0.0:15011"
    clientAddress: "0.0.0.0:15011"
    adminAddress: "0.0.0.0:15011"
    startupRole: FOLLOWER
  }
  commitIndex: 120
}
commitInfos {
  server {
    id: "s13"
    address: "0.0.0.0:15013"
    clientAddress: "0.0.0.0:15013"
    adminAddress: "0.0.0.0:15013"
    startupRole: FOLLOWER
  }
  commitIndex: 120
}
)
2025-05-22 15:26:02,577 WARN  util.LeakDetector (LeakDetector.java:assertNoLeaks(175)) - 29/30) numLeaks == 1 > 0, will wait and retry ...
2025-05-22 15:26:03,577 WARN  util.ReferenceCountedLeakDetector (ReferenceCountedLeakDetector.java:logLeakMessage(168)) - LEAK: (class org.apache.ratis.proto.RaftProtos$AppendEntriesRequestProto, count=1, value=serverRequest {
  requestorId: "s12"
  replyId: "s13"
  raftGroupId {
    id: "\332\275Xy\265PD\000\222\235\276\260@\342G\361"
  }
  callId: 1
}
leaderTerm: 2
previousLog {
  term: 1
  index: 120
}
entries {
  term: 2
  index: 121
  configurationEntry {
    peers {
      id: "s11"
      address: "0.0.0.0:15011"
      clientAddress: "0.0.0.0:15011"
      adminAddress: "0.0.0.0:15011"
      startupRole: FOLLOWER
    }
    peers {
      id: "s13"
      address: "0.0.0.0:15013"
      clientAddress: "0.0.0.0:15013"
      adminAddress: "0.0.0.0:15013"
      startupRole: FOLLOWER
    }
    peers {
      id: "s12"
      address: "0.0.0.0:15012"
      clientAddress: "0.0.0.0:15012"
      adminAddress: "0.0.0.0:15012"
      startupRole: FOLLOWER
    }
  }
}
leaderCommit: 120
commitInfos {
  server {
    id: "s12"
    address: "0.0.0.0:15012"
    clientAddress: "0.0.0.0:15012"
    adminAddress: "0.0.0.0:15012"
    startupRole: FOLLOWER
  }
  commitIndex: 120
}
commitInfos {
  server {
    id: "s11"
    address: "0.0.0.0:15011"
    clientAddress: "0.0.0.0:15011"
    adminAddress: "0.0.0.0:15011"
    startupRole: FOLLOWER
  }
  commitIndex: 120
}
commitInfos {
  server {
    id: "s13"
    address: "0.0.0.0:15013"
    clientAddress: "0.0.0.0:15013"
    adminAddress: "0.0.0.0:15013"
    startupRole: FOLLOWER
  }
  commitIndex: 120
}
)
2025-05-22 15:26:03,580 INFO  impl.MiniRaftCluster (MiniRaftCluster.java:shutdown(847)) - ************************************************************** 
2025-05-22 15:26:03,580 INFO  impl.MiniRaftCluster (MiniRaftCluster.java:shutdown(848)) - *** 
2025-05-22 15:26:03,581 INFO  impl.MiniRaftCluster (MiniRaftCluster.java:shutdown(849)) - ***     Stopping MiniRaftClusterWithGrpc
2025-05-22 15:26:03,581 INFO  impl.MiniRaftCluster (MiniRaftCluster.java:shutdown(850)) - *** 
2025-05-22 15:26:03,581 INFO  impl.MiniRaftCluster (MiniRaftCluster.java:shutdown(851)) - ************************************************************** 
2025-05-22 15:26:03,582 INFO  impl.MiniRaftCluster (MiniRaftCluster.java:shutdown(852)) - printing ALL groups
  s3:   CLOSED [
   FOLLOWER (CLOSED): s3@group-5CA96AA9335B:t0, leader=null, voted=, raftlog=Memoized:s3@group-5CA96AA9335B-SegmentedRaftLog:CLOSED:c-1, conf=conf: {index: -1, cur=peers:[]|listeners:[], old=null}
   FOLLOWER (CLOSED): s3@group-171B122E1842:t1, leader=s14, voted=s14, raftlog=Memoized:s3@group-171B122E1842-SegmentedRaftLog:CLOSED:c251, conf=conf: {index: 131, cur=peers:[s3|0.0.0.0:15003, s4|0.0.0.0:15004, s5|0.0.0.0:15005, s6|0.0.0.0:15006, s7|0.0.0.0:15007, s8|0.0.0.0:15008, s9|0.0.0.0:15009, s11|0.0.0.0:15011, s10|0.0.0.0:15010, s13|0.0.0.0:15013, s12|0.0.0.0:15012, s14|0.0.0.0:15014, s0|0.0.0.0:15000, s1|0.0.0.0:15001, s2|0.0.0.0:15002]|listeners:[], old=null}] size=2
  s4:   CLOSED [
   FOLLOWER (CLOSED): s4@group-5CA96AA9335B:t0, leader=null, voted=, raftlog=Memoized:s4@group-5CA96AA9335B-SegmentedRaftLog:CLOSED:c-1, conf=conf: {index: -1, cur=peers:[]|listeners:[], old=null}
   FOLLOWER (CLOSED): s4@group-171B122E1842:t1, leader=s14, voted=null, raftlog=Memoized:s4@group-171B122E1842-SegmentedRaftLog:CLOSED:c251, conf=conf: {index: 131, cur=peers:[s3|0.0.0.0:15003, s4|0.0.0.0:15004, s5|0.0.0.0:15005, s6|0.0.0.0:15006, s7|0.0.0.0:15007, s8|0.0.0.0:15008, s9|0.0.0.0:15009, s11|0.0.0.0:15011, s10|0.0.0.0:15010, s13|0.0.0.0:15013, s12|0.0.0.0:15012, s14|0.0.0.0:15014, s0|0.0.0.0:15000, s1|0.0.0.0:15001, s2|0.0.0.0:15002]|listeners:[], old=null}] size=2
  s5:   CLOSED [
   FOLLOWER (CLOSED): s5@group-5CA96AA9335B:t0, leader=null, voted=, raftlog=Memoized:s5@group-5CA96AA9335B-SegmentedRaftLog:CLOSED:c-1, conf=conf: {index: -1, cur=peers:[]|listeners:[], old=null}
   FOLLOWER (CLOSED): s5@group-171B122E1842:t1, leader=s14, voted=null, raftlog=Memoized:s5@group-171B122E1842-SegmentedRaftLog:CLOSED:c251, conf=conf: {index: 131, cur=peers:[s3|0.0.0.0:15003, s4|0.0.0.0:15004, s5|0.0.0.0:15005, s6|0.0.0.0:15006, s7|0.0.0.0:15007, s8|0.0.0.0:15008, s9|0.0.0.0:15009, s11|0.0.0.0:15011, s10|0.0.0.0:15010, s13|0.0.0.0:15013, s12|0.0.0.0:15012, s14|0.0.0.0:15014, s0|0.0.0.0:15000, s1|0.0.0.0:15001, s2|0.0.0.0:15002]|listeners:[], old=null}] size=2
  s6:   CLOSED [
   FOLLOWER (CLOSED): s6@group-5CA96AA9335B:t0, leader=null, voted=, raftlog=Memoized:s6@group-5CA96AA9335B-SegmentedRaftLog:CLOSED:c-1, conf=conf: {index: -1, cur=peers:[]|listeners:[], old=null}
   FOLLOWER (CLOSED): s6@group-171B122E1842:t1, leader=s14, voted=null, raftlog=Memoized:s6@group-171B122E1842-SegmentedRaftLog:CLOSED:c251, conf=conf: {index: 131, cur=peers:[s3|0.0.0.0:15003, s4|0.0.0.0:15004, s5|0.0.0.0:15005, s6|0.0.0.0:15006, s7|0.0.0.0:15007, s8|0.0.0.0:15008, s9|0.0.0.0:15009, s11|0.0.0.0:15011, s10|0.0.0.0:15010, s13|0.0.0.0:15013, s12|0.0.0.0:15012, s14|0.0.0.0:15014, s0|0.0.0.0:15000, s1|0.0.0.0:15001, s2|0.0.0.0:15002]|listeners:[], old=null}] size=2
  s7:   CLOSED [
   FOLLOWER (CLOSED): s7@group-5CA96AA9335B:t0, leader=null, voted=, raftlog=Memoized:s7@group-5CA96AA9335B-SegmentedRaftLog:CLOSED:c-1, conf=conf: {index: -1, cur=peers:[]|listeners:[], old=null}
   FOLLOWER (CLOSED): s7@group-171B122E1842:t1, leader=s14, voted=null, raftlog=Memoized:s7@group-171B122E1842-SegmentedRaftLog:CLOSED:c251, conf=conf: {index: 131, cur=peers:[s3|0.0.0.0:15003, s4|0.0.0.0:15004, s5|0.0.0.0:15005, s6|0.0.0.0:15006, s7|0.0.0.0:15007, s8|0.0.0.0:15008, s9|0.0.0.0:15009, s11|0.0.0.0:15011, s10|0.0.0.0:15010, s13|0.0.0.0:15013, s12|0.0.0.0:15012, s14|0.0.0.0:15014, s0|0.0.0.0:15000, s1|0.0.0.0:15001, s2|0.0.0.0:15002]|listeners:[], old=null}] size=2
  s8:   CLOSED [
   FOLLOWER (CLOSED): s8@group-5CA96AA9335B:t0, leader=null, voted=, raftlog=Memoized:s8@group-5CA96AA9335B-SegmentedRaftLog:CLOSED:c-1, conf=conf: {index: -1, cur=peers:[]|listeners:[], old=null}
   FOLLOWER (CLOSED): s8@group-171B122E1842:t1, leader=s14, voted=null, raftlog=Memoized:s8@group-171B122E1842-SegmentedRaftLog:CLOSED:c251, conf=conf: {index: 131, cur=peers:[s3|0.0.0.0:15003, s4|0.0.0.0:15004, s5|0.0.0.0:15005, s6|0.0.0.0:15006, s7|0.0.0.0:15007, s8|0.0.0.0:15008, s9|0.0.0.0:15009, s11|0.0.0.0:15011, s10|0.0.0.0:15010, s13|0.0.0.0:15013, s12|0.0.0.0:15012, s14|0.0.0.0:15014, s0|0.0.0.0:15000, s1|0.0.0.0:15001, s2|0.0.0.0:15002]|listeners:[], old=null}] size=2
  s9:   CLOSED [
   FOLLOWER (CLOSED): s9@group-5CA96AA9335B:t0, leader=null, voted=, raftlog=Memoized:s9@group-5CA96AA9335B-SegmentedRaftLog:CLOSED:c-1, conf=conf: {index: -1, cur=peers:[]|listeners:[], old=null}
   FOLLOWER (CLOSED): s9@group-171B122E1842:t1, leader=s14, voted=null, raftlog=Memoized:s9@group-171B122E1842-SegmentedRaftLog:CLOSED:c251, conf=conf: {index: 131, cur=peers:[s3|0.0.0.0:15003, s4|0.0.0.0:15004, s5|0.0.0.0:15005, s6|0.0.0.0:15006, s7|0.0.0.0:15007, s8|0.0.0.0:15008, s9|0.0.0.0:15009, s11|0.0.0.0:15011, s10|0.0.0.0:15010, s13|0.0.0.0:15013, s12|0.0.0.0:15012, s14|0.0.0.0:15014, s0|0.0.0.0:15000, s1|0.0.0.0:15001, s2|0.0.0.0:15002]|listeners:[], old=null}] size=2
  s11:   CLOSED [
   FOLLOWER (CLOSED): s11@group-5CA96AA9335B:t0, leader=null, voted=, raftlog=Memoized:s11@group-5CA96AA9335B-SegmentedRaftLog:CLOSED:c-1, conf=conf: {index: -1, cur=peers:[]|listeners:[], old=null}
   FOLLOWER (CLOSED): s11@group-171B122E1842:t1, leader=s14, voted=null, raftlog=Memoized:s11@group-171B122E1842-SegmentedRaftLog:CLOSED:c251, conf=conf: {index: 131, cur=peers:[s3|0.0.0.0:15003, s4|0.0.0.0:15004, s5|0.0.0.0:15005, s6|0.0.0.0:15006, s7|0.0.0.0:15007, s8|0.0.0.0:15008, s9|0.0.0.0:15009, s11|0.0.0.0:15011, s10|0.0.0.0:15010, s13|0.0.0.0:15013, s12|0.0.0.0:15012, s14|0.0.0.0:15014, s0|0.0.0.0:15000, s1|0.0.0.0:15001, s2|0.0.0.0:15002]|listeners:[], old=null}] size=2
  s10:   CLOSED [
   FOLLOWER (CLOSED): s10@group-5CA96AA9335B:t0, leader=null, voted=, raftlog=Memoized:s10@group-5CA96AA9335B-SegmentedRaftLog:CLOSED:c-1, conf=conf: {index: -1, cur=peers:[]|listeners:[], old=null}
   FOLLOWER (CLOSED): s10@group-171B122E1842:t1, leader=s14, voted=null, raftlog=Memoized:s10@group-171B122E1842-SegmentedRaftLog:CLOSED:c251, conf=conf: {index: 131, cur=peers:[s3|0.0.0.0:15003, s4|0.0.0.0:15004, s5|0.0.0.0:15005, s6|0.0.0.0:15006, s7|0.0.0.0:15007, s8|0.0.0.0:15008, s9|0.0.0.0:15009, s11|0.0.0.0:15011, s10|0.0.0.0:15010, s13|0.0.0.0:15013, s12|0.0.0.0:15012, s14|0.0.0.0:15014, s0|0.0.0.0:15000, s1|0.0.0.0:15001, s2|0.0.0.0:15002]|listeners:[], old=null}] size=2
  s13:   CLOSED [
   FOLLOWER (CLOSED): s13@group-5CA96AA9335B:t0, leader=null, voted=, raftlog=Memoized:s13@group-5CA96AA9335B-SegmentedRaftLog:CLOSED:c-1, conf=conf: {index: -1, cur=peers:[]|listeners:[], old=null}
   FOLLOWER (CLOSED): s13@group-171B122E1842:t1, leader=s14, voted=null, raftlog=Memoized:s13@group-171B122E1842-SegmentedRaftLog:CLOSED:c251, conf=conf: {index: 131, cur=peers:[s3|0.0.0.0:15003, s4|0.0.0.0:15004, s5|0.0.0.0:15005, s6|0.0.0.0:15006, s7|0.0.0.0:15007, s8|0.0.0.0:15008, s9|0.0.0.0:15009, s11|0.0.0.0:15011, s10|0.0.0.0:15010, s13|0.0.0.0:15013, s12|0.0.0.0:15012, s14|0.0.0.0:15014, s0|0.0.0.0:15000, s1|0.0.0.0:15001, s2|0.0.0.0:15002]|listeners:[], old=null}] size=2
  s12:   CLOSED [
   FOLLOWER (CLOSED): s12@group-5CA96AA9335B:t0, leader=null, voted=, raftlog=Memoized:s12@group-5CA96AA9335B-SegmentedRaftLog:CLOSED:c-1, conf=conf: {index: -1, cur=peers:[]|listeners:[], old=null}
   FOLLOWER (CLOSED): s12@group-171B122E1842:t1, leader=s14, voted=null, raftlog=Memoized:s12@group-171B122E1842-SegmentedRaftLog:CLOSED:c251, conf=conf: {index: 131, cur=peers:[s3|0.0.0.0:15003, s4|0.0.0.0:15004, s5|0.0.0.0:15005, s6|0.0.0.0:15006, s7|0.0.0.0:15007, s8|0.0.0.0:15008, s9|0.0.0.0:15009, s11|0.0.0.0:15011, s10|0.0.0.0:15010, s13|0.0.0.0:15013, s12|0.0.0.0:15012, s14|0.0.0.0:15014, s0|0.0.0.0:15000, s1|0.0.0.0:15001, s2|0.0.0.0:15002]|listeners:[], old=null}] size=2
  s14:   CLOSED [
   FOLLOWER (CLOSED): s14@group-5CA96AA9335B:t0, leader=null, voted=, raftlog=Memoized:s14@group-5CA96AA9335B-SegmentedRaftLog:CLOSED:c-1, conf=conf: {index: -1, cur=peers:[]|listeners:[], old=null}
     LEADER (CLOSED): s14@group-171B122E1842:t1, leader=s14, voted=s14, raftlog=Memoized:s14@group-171B122E1842-SegmentedRaftLog:CLOSED:c252, conf=conf: {index: 131, cur=peers:[s3|0.0.0.0:15003, s4|0.0.0.0:15004, s5|0.0.0.0:15005, s6|0.0.0.0:15006, s7|0.0.0.0:15007, s8|0.0.0.0:15008, s9|0.0.0.0:15009, s11|0.0.0.0:15011, s10|0.0.0.0:15010, s13|0.0.0.0:15013, s12|0.0.0.0:15012, s14|0.0.0.0:15014, s0|0.0.0.0:15000, s1|0.0.0.0:15001, s2|0.0.0.0:15002]|listeners:[], old=null}] size=2
  s0:   CLOSED [
   FOLLOWER (CLOSED): s0@group-5CA96AA9335B:t0, leader=null, voted=, raftlog=Memoized:s0@group-5CA96AA9335B-SegmentedRaftLog:CLOSED:c-1, conf=conf: {index: -1, cur=peers:[]|listeners:[], old=null}
   FOLLOWER (CLOSED): s0@group-171B122E1842:t1, leader=s14, voted=null, raftlog=Memoized:s0@group-171B122E1842-SegmentedRaftLog:CLOSED:c251, conf=conf: {index: 131, cur=peers:[s3|0.0.0.0:15003, s4|0.0.0.0:15004, s5|0.0.0.0:15005, s6|0.0.0.0:15006, s7|0.0.0.0:15007, s8|0.0.0.0:15008, s9|0.0.0.0:15009, s11|0.0.0.0:15011, s10|0.0.0.0:15010, s13|0.0.0.0:15013, s12|0.0.0.0:15012, s14|0.0.0.0:15014, s0|0.0.0.0:15000, s1|0.0.0.0:15001, s2|0.0.0.0:15002]|listeners:[], old=null}] size=2
  s1:   CLOSED [
   FOLLOWER (CLOSED): s1@group-5CA96AA9335B:t0, leader=null, voted=, raftlog=Memoized:s1@group-5CA96AA9335B-SegmentedRaftLog:CLOSED:c-1, conf=conf: {index: -1, cur=peers:[]|listeners:[], old=null}
   FOLLOWER (CLOSED): s1@group-171B122E1842:t1, leader=s14, voted=null, raftlog=Memoized:s1@group-171B122E1842-SegmentedRaftLog:CLOSED:c251, conf=conf: {index: 131, cur=peers:[s3|0.0.0.0:15003, s4|0.0.0.0:15004, s5|0.0.0.0:15005, s6|0.0.0.0:15006, s7|0.0.0.0:15007, s8|0.0.0.0:15008, s9|0.0.0.0:15009, s11|0.0.0.0:15011, s10|0.0.0.0:15010, s13|0.0.0.0:15013, s12|0.0.0.0:15012, s14|0.0.0.0:15014, s0|0.0.0.0:15000, s1|0.0.0.0:15001, s2|0.0.0.0:15002]|listeners:[], old=null}] size=2
  s2:   CLOSED [
   FOLLOWER (CLOSED): s2@group-5CA96AA9335B:t0, leader=null, voted=, raftlog=Memoized:s2@group-5CA96AA9335B-SegmentedRaftLog:CLOSED:c-1, conf=conf: {index: -1, cur=peers:[]|listeners:[], old=null}
   FOLLOWER (CLOSED): s2@group-171B122E1842:t1, leader=s14, voted=s14, raftlog=Memoized:s2@group-171B122E1842-SegmentedRaftLog:CLOSED:c251, conf=conf: {index: 131, cur=peers:[s3|0.0.0.0:15003, s4|0.0.0.0:15004, s5|0.0.0.0:15005, s6|0.0.0.0:15006, s7|0.0.0.0:15007, s8|0.0.0.0:15008, s9|0.0.0.0:15009, s11|0.0.0.0:15011, s10|0.0.0.0:15010, s13|0.0.0.0:15013, s12|0.0.0.0:15012, s14|0.0.0.0:15014, s0|0.0.0.0:15000, s1|0.0.0.0:15001, s2|0.0.0.0:15002]|listeners:[], old=null}] size=2
2025-05-22 15:26:03,584 INFO  impl.MiniRaftCluster (MiniRaftCluster.java:shutdown(883)) - MiniRaftClusterWithGrpc shutdown completed
2025-05-22 15:26:03,584 INFO  ratis.RaftTestUtil (RaftTestUtil.java:gc(606)) - gc 0
2025-05-22 15:26:03,760 WARN  util.ReferenceCountedLeakDetector (ReferenceCountedLeakDetector.java:logLeakMessage(168)) - LEAK: (class org.apache.ratis.proto.RaftProtos$AppendEntriesRequestProto, count=1, value=serverRequest {
  requestorId: "s12"
  replyId: "s13"
  raftGroupId {
    id: "\332\275Xy\265PD\000\222\235\276\260@\342G\361"
  }
  callId: 1
}
leaderTerm: 2
previousLog {
  term: 1
  index: 120
}
entries {
  term: 2
  index: 121
  configurationEntry {
    peers {
      id: "s11"
      address: "0.0.0.0:15011"
      clientAddress: "0.0.0.0:15011"
      adminAddress: "0.0.0.0:15011"
      startupRole: FOLLOWER
    }
    peers {
      id: "s13"
      address: "0.0.0.0:15013"
      clientAddress: "0.0.0.0:15013"
      adminAddress: "0.0.0.0:15013"
      startupRole: FOLLOWER
    }
    peers {
      id: "s12"
      address: "0.0.0.0:15012"
      clientAddress: "0.0.0.0:15012"
      adminAddress: "0.0.0.0:15012"
      startupRole: FOLLOWER
    }
  }
}
leaderCommit: 120
commitInfos {
  server {
    id: "s12"
    address: "0.0.0.0:15012"
    clientAddress: "0.0.0.0:15012"
    adminAddress: "0.0.0.0:15012"
    startupRole: FOLLOWER
  }
  commitIndex: 120
}
commitInfos {
  server {
    id: "s11"
    address: "0.0.0.0:15011"
    clientAddress: "0.0.0.0:15011"
    adminAddress: "0.0.0.0:15011"
    startupRole: FOLLOWER
  }
  commitIndex: 120
}
commitInfos {
  server {
    id: "s13"
    address: "0.0.0.0:15013"
    clientAddress: "0.0.0.0:15013"
    adminAddress: "0.0.0.0:15013"
    startupRole: FOLLOWER
  }
  commitIndex: 120
}
)
2025-05-22 15:26:03,761 WARN  util.LeakDetector (LeakDetector.java:assertNoLeaks(175)) - 0/30) numLeaks == 1 > 0, will wait and retry ...
2025-05-22 15:26:04,761 WARN  util.ReferenceCountedLeakDetector (ReferenceCountedLeakDetector.java:logLeakMessage(168)) - LEAK: (class org.apache.ratis.proto.RaftProtos$AppendEntriesRequestProto, count=1, value=serverRequest {
  requestorId: "s12"
  replyId: "s13"
  raftGroupId {
    id: "\332\275Xy\265PD\000\222\235\276\260@\342G\361"
  }
  callId: 1
}
leaderTerm: 2
previousLog {
  term: 1
  index: 120
}
entries {
  term: 2
  index: 121
  configurationEntry {
    peers {
      id: "s11"
      address: "0.0.0.0:15011"
      clientAddress: "0.0.0.0:15011"
      adminAddress: "0.0.0.0:15011"
      startupRole: FOLLOWER
    }
    peers {
      id: "s13"
      address: "0.0.0.0:15013"
      clientAddress: "0.0.0.0:15013"
      adminAddress: "0.0.0.0:15013"
      startupRole: FOLLOWER
    }
    peers {
      id: "s12"
      address: "0.0.0.0:15012"
      clientAddress: "0.0.0.0:15012"
      adminAddress: "0.0.0.0:15012"
      startupRole: FOLLOWER
    }
  }
}
leaderCommit: 120
commitInfos {
  server {
    id: "s12"
    address: "0.0.0.0:15012"
    clientAddress: "0.0.0.0:15012"
    adminAddress: "0.0.0.0:15012"
    startupRole: FOLLOWER
  }
  commitIndex: 120
}
commitInfos {
  server {
    id: "s11"
    address: "0.0.0.0:15011"
    clientAddress: "0.0.0.0:15011"
    adminAddress: "0.0.0.0:15011"
    startupRole: FOLLOWER
  }
  commitIndex: 120
}
commitInfos {
  server {
    id: "s13"
    address: "0.0.0.0:15013"
    clientAddress: "0.0.0.0:15013"
    adminAddress: "0.0.0.0:15013"
    startupRole: FOLLOWER
  }
  commitIndex: 120
}
)
2025-05-22 15:26:04,761 WARN  util.LeakDetector (LeakDetector.java:assertNoLeaks(175)) - 1/30) numLeaks == 1 > 0, will wait and retry ...
2025-05-22 15:26:05,762 WARN  util.ReferenceCountedLeakDetector (ReferenceCountedLeakDetector.java:logLeakMessage(168)) - LEAK: (class org.apache.ratis.proto.RaftProtos$AppendEntriesRequestProto, count=1, value=serverRequest {
  requestorId: "s12"
  replyId: "s13"
  raftGroupId {
    id: "\332\275Xy\265PD\000\222\235\276\260@\342G\361"
  }
  callId: 1
}
leaderTerm: 2
previousLog {
  term: 1
  index: 120
}
entries {
  term: 2
  index: 121
  configurationEntry {
    peers {
      id: "s11"
      address: "0.0.0.0:15011"
      clientAddress: "0.0.0.0:15011"
      adminAddress: "0.0.0.0:15011"
      startupRole: FOLLOWER
    }
    peers {
      id: "s13"
      address: "0.0.0.0:15013"
      clientAddress: "0.0.0.0:15013"
      adminAddress: "0.0.0.0:15013"
      startupRole: FOLLOWER
    }
    peers {
      id: "s12"
      address: "0.0.0.0:15012"
      clientAddress: "0.0.0.0:15012"
      adminAddress: "0.0.0.0:15012"
      startupRole: FOLLOWER
    }
  }
}
leaderCommit: 120
commitInfos {
  server {
    id: "s12"
    address: "0.0.0.0:15012"
    clientAddress: "0.0.0.0:15012"
    adminAddress: "0.0.0.0:15012"
    startupRole: FOLLOWER
  }
  commitIndex: 120
}
commitInfos {
  server {
    id: "s11"
    address: "0.0.0.0:15011"
    clientAddress: "0.0.0.0:15011"
    adminAddress: "0.0.0.0:15011"
    startupRole: FOLLOWER
  }
  commitIndex: 120
}
commitInfos {
  server {
    id: "s13"
    address: "0.0.0.0:15013"
    clientAddress: "0.0.0.0:15013"
    adminAddress: "0.0.0.0:15013"
    startupRole: FOLLOWER
  }
  commitIndex: 120
}
)
2025-05-22 15:26:05,762 WARN  util.LeakDetector (LeakDetector.java:assertNoLeaks(175)) - 2/30) numLeaks == 1 > 0, will wait and retry ...
2025-05-22 15:26:06,762 WARN  util.ReferenceCountedLeakDetector (ReferenceCountedLeakDetector.java:logLeakMessage(168)) - LEAK: (class org.apache.ratis.proto.RaftProtos$AppendEntriesRequestProto, count=1, value=serverRequest {
  requestorId: "s12"
  replyId: "s13"
  raftGroupId {
    id: "\332\275Xy\265PD\000\222\235\276\260@\342G\361"
  }
  callId: 1
}
leaderTerm: 2
previousLog {
  term: 1
  index: 120
}
entries {
  term: 2
  index: 121
  configurationEntry {
    peers {
      id: "s11"
      address: "0.0.0.0:15011"
      clientAddress: "0.0.0.0:15011"
      adminAddress: "0.0.0.0:15011"
      startupRole: FOLLOWER
    }
    peers {
      id: "s13"
      address: "0.0.0.0:15013"
      clientAddress: "0.0.0.0:15013"
      adminAddress: "0.0.0.0:15013"
      startupRole: FOLLOWER
    }
    peers {
      id: "s12"
      address: "0.0.0.0:15012"
      clientAddress: "0.0.0.0:15012"
      adminAddress: "0.0.0.0:15012"
      startupRole: FOLLOWER
    }
  }
}
leaderCommit: 120
commitInfos {
  server {
    id: "s12"
    address: "0.0.0.0:15012"
    clientAddress: "0.0.0.0:15012"
    adminAddress: "0.0.0.0:15012"
    startupRole: FOLLOWER
  }
  commitIndex: 120
}
commitInfos {
  server {
    id: "s11"
    address: "0.0.0.0:15011"
    clientAddress: "0.0.0.0:15011"
    adminAddress: "0.0.0.0:15011"
    startupRole: FOLLOWER
  }
  commitIndex: 120
}
commitInfos {
  server {
    id: "s13"
    address: "0.0.0.0:15013"
    clientAddress: "0.0.0.0:15013"
    adminAddress: "0.0.0.0:15013"
    startupRole: FOLLOWER
  }
  commitIndex: 120
}
)
2025-05-22 15:26:06,763 WARN  util.LeakDetector (LeakDetector.java:assertNoLeaks(175)) - 3/30) numLeaks == 1 > 0, will wait and retry ...
2025-05-22 15:26:07,763 WARN  util.ReferenceCountedLeakDetector (ReferenceCountedLeakDetector.java:logLeakMessage(168)) - LEAK: (class org.apache.ratis.proto.RaftProtos$AppendEntriesRequestProto, count=1, value=serverRequest {
  requestorId: "s12"
  replyId: "s13"
  raftGroupId {
    id: "\332\275Xy\265PD\000\222\235\276\260@\342G\361"
  }
  callId: 1
}
leaderTerm: 2
previousLog {
  term: 1
  index: 120
}
entries {
  term: 2
  index: 121
  configurationEntry {
    peers {
      id: "s11"
      address: "0.0.0.0:15011"
      clientAddress: "0.0.0.0:15011"
      adminAddress: "0.0.0.0:15011"
      startupRole: FOLLOWER
    }
    peers {
      id: "s13"
      address: "0.0.0.0:15013"
      clientAddress: "0.0.0.0:15013"
      adminAddress: "0.0.0.0:15013"
      startupRole: FOLLOWER
    }
    peers {
      id: "s12"
      address: "0.0.0.0:15012"
      clientAddress: "0.0.0.0:15012"
      adminAddress: "0.0.0.0:15012"
      startupRole: FOLLOWER
    }
  }
}
leaderCommit: 120
commitInfos {
  server {
    id: "s12"
    address: "0.0.0.0:15012"
    clientAddress: "0.0.0.0:15012"
    adminAddress: "0.0.0.0:15012"
    startupRole: FOLLOWER
  }
  commitIndex: 120
}
commitInfos {
  server {
    id: "s11"
    address: "0.0.0.0:15011"
    clientAddress: "0.0.0.0:15011"
    adminAddress: "0.0.0.0:15011"
    startupRole: FOLLOWER
  }
  commitIndex: 120
}
commitInfos {
  server {
    id: "s13"
    address: "0.0.0.0:15013"
    clientAddress: "0.0.0.0:15013"
    adminAddress: "0.0.0.0:15013"
    startupRole: FOLLOWER
  }
  commitIndex: 120
}
)
2025-05-22 15:26:07,763 WARN  util.LeakDetector (LeakDetector.java:assertNoLeaks(175)) - 4/30) numLeaks == 1 > 0, will wait and retry ...
2025-05-22 15:26:08,764 WARN  util.ReferenceCountedLeakDetector (ReferenceCountedLeakDetector.java:logLeakMessage(168)) - LEAK: (class org.apache.ratis.proto.RaftProtos$AppendEntriesRequestProto, count=1, value=serverRequest {
  requestorId: "s12"
  replyId: "s13"
  raftGroupId {
    id: "\332\275Xy\265PD\000\222\235\276\260@\342G\361"
  }
  callId: 1
}
leaderTerm: 2
previousLog {
  term: 1
  index: 120
}
entries {
  term: 2
  index: 121
  configurationEntry {
    peers {
      id: "s11"
      address: "0.0.0.0:15011"
      clientAddress: "0.0.0.0:15011"
      adminAddress: "0.0.0.0:15011"
      startupRole: FOLLOWER
    }
    peers {
      id: "s13"
      address: "0.0.0.0:15013"
      clientAddress: "0.0.0.0:15013"
      adminAddress: "0.0.0.0:15013"
      startupRole: FOLLOWER
    }
    peers {
      id: "s12"
      address: "0.0.0.0:15012"
      clientAddress: "0.0.0.0:15012"
      adminAddress: "0.0.0.0:15012"
      startupRole: FOLLOWER
    }
  }
}
leaderCommit: 120
commitInfos {
  server {
    id: "s12"
    address: "0.0.0.0:15012"
    clientAddress: "0.0.0.0:15012"
    adminAddress: "0.0.0.0:15012"
    startupRole: FOLLOWER
  }
  commitIndex: 120
}
commitInfos {
  server {
    id: "s11"
    address: "0.0.0.0:15011"
    clientAddress: "0.0.0.0:15011"
    adminAddress: "0.0.0.0:15011"
    startupRole: FOLLOWER
  }
  commitIndex: 120
}
commitInfos {
  server {
    id: "s13"
    address: "0.0.0.0:15013"
    clientAddress: "0.0.0.0:15013"
    adminAddress: "0.0.0.0:15013"
    startupRole: FOLLOWER
  }
  commitIndex: 120
}
)
2025-05-22 15:26:08,764 WARN  util.LeakDetector (LeakDetector.java:assertNoLeaks(175)) - 5/30) numLeaks == 1 > 0, will wait and retry ...
2025-05-22 15:26:09,764 WARN  util.ReferenceCountedLeakDetector (ReferenceCountedLeakDetector.java:logLeakMessage(168)) - LEAK: (class org.apache.ratis.proto.RaftProtos$AppendEntriesRequestProto, count=1, value=serverRequest {
  requestorId: "s12"
  replyId: "s13"
  raftGroupId {
    id: "\332\275Xy\265PD\000\222\235\276\260@\342G\361"
  }
  callId: 1
}
leaderTerm: 2
previousLog {
  term: 1
  index: 120
}
entries {
  term: 2
  index: 121
  configurationEntry {
    peers {
      id: "s11"
      address: "0.0.0.0:15011"
      clientAddress: "0.0.0.0:15011"
      adminAddress: "0.0.0.0:15011"
      startupRole: FOLLOWER
    }
    peers {
      id: "s13"
      address: "0.0.0.0:15013"
      clientAddress: "0.0.0.0:15013"
      adminAddress: "0.0.0.0:15013"
      startupRole: FOLLOWER
    }
    peers {
      id: "s12"
      address: "0.0.0.0:15012"
      clientAddress: "0.0.0.0:15012"
      adminAddress: "0.0.0.0:15012"
      startupRole: FOLLOWER
    }
  }
}
leaderCommit: 120
commitInfos {
  server {
    id: "s12"
    address: "0.0.0.0:15012"
    clientAddress: "0.0.0.0:15012"
    adminAddress: "0.0.0.0:15012"
    startupRole: FOLLOWER
  }
  commitIndex: 120
}
commitInfos {
  server {
    id: "s11"
    address: "0.0.0.0:15011"
    clientAddress: "0.0.0.0:15011"
    adminAddress: "0.0.0.0:15011"
    startupRole: FOLLOWER
  }
  commitIndex: 120
}
commitInfos {
  server {
    id: "s13"
    address: "0.0.0.0:15013"
    clientAddress: "0.0.0.0:15013"
    adminAddress: "0.0.0.0:15013"
    startupRole: FOLLOWER
  }
  commitIndex: 120
}
)
2025-05-22 15:26:09,765 WARN  util.LeakDetector (LeakDetector.java:assertNoLeaks(175)) - 6/30) numLeaks == 1 > 0, will wait and retry ...
2025-05-22 15:26:10,765 WARN  util.ReferenceCountedLeakDetector (ReferenceCountedLeakDetector.java:logLeakMessage(168)) - LEAK: (class org.apache.ratis.proto.RaftProtos$AppendEntriesRequestProto, count=1, value=serverRequest {
  requestorId: "s12"
  replyId: "s13"
  raftGroupId {
    id: "\332\275Xy\265PD\000\222\235\276\260@\342G\361"
  }
  callId: 1
}
leaderTerm: 2
previousLog {
  term: 1
  index: 120
}
entries {
  term: 2
  index: 121
  configurationEntry {
    peers {
      id: "s11"
      address: "0.0.0.0:15011"
      clientAddress: "0.0.0.0:15011"
      adminAddress: "0.0.0.0:15011"
      startupRole: FOLLOWER
    }
    peers {
      id: "s13"
      address: "0.0.0.0:15013"
      clientAddress: "0.0.0.0:15013"
      adminAddress: "0.0.0.0:15013"
      startupRole: FOLLOWER
    }
    peers {
      id: "s12"
      address: "0.0.0.0:15012"
      clientAddress: "0.0.0.0:15012"
      adminAddress: "0.0.0.0:15012"
      startupRole: FOLLOWER
    }
  }
}
leaderCommit: 120
commitInfos {
  server {
    id: "s12"
    address: "0.0.0.0:15012"
    clientAddress: "0.0.0.0:15012"
    adminAddress: "0.0.0.0:15012"
    startupRole: FOLLOWER
  }
  commitIndex: 120
}
commitInfos {
  server {
    id: "s11"
    address: "0.0.0.0:15011"
    clientAddress: "0.0.0.0:15011"
    adminAddress: "0.0.0.0:15011"
    startupRole: FOLLOWER
  }
  commitIndex: 120
}
commitInfos {
  server {
    id: "s13"
    address: "0.0.0.0:15013"
    clientAddress: "0.0.0.0:15013"
    adminAddress: "0.0.0.0:15013"
    startupRole: FOLLOWER
  }
  commitIndex: 120
}
)
2025-05-22 15:26:10,765 WARN  util.LeakDetector (LeakDetector.java:assertNoLeaks(175)) - 7/30) numLeaks == 1 > 0, will wait and retry ...
2025-05-22 15:26:11,766 WARN  util.ReferenceCountedLeakDetector (ReferenceCountedLeakDetector.java:logLeakMessage(168)) - LEAK: (class org.apache.ratis.proto.RaftProtos$AppendEntriesRequestProto, count=1, value=serverRequest {
  requestorId: "s12"
  replyId: "s13"
  raftGroupId {
    id: "\332\275Xy\265PD\000\222\235\276\260@\342G\361"
  }
  callId: 1
}
leaderTerm: 2
previousLog {
  term: 1
  index: 120
}
entries {
  term: 2
  index: 121
  configurationEntry {
    peers {
      id: "s11"
      address: "0.0.0.0:15011"
      clientAddress: "0.0.0.0:15011"
      adminAddress: "0.0.0.0:15011"
      startupRole: FOLLOWER
    }
    peers {
      id: "s13"
      address: "0.0.0.0:15013"
      clientAddress: "0.0.0.0:15013"
      adminAddress: "0.0.0.0:15013"
      startupRole: FOLLOWER
    }
    peers {
      id: "s12"
      address: "0.0.0.0:15012"
      clientAddress: "0.0.0.0:15012"
      adminAddress: "0.0.0.0:15012"
      startupRole: FOLLOWER
    }
  }
}
leaderCommit: 120
commitInfos {
  server {
    id: "s12"
    address: "0.0.0.0:15012"
    clientAddress: "0.0.0.0:15012"
    adminAddress: "0.0.0.0:15012"
    startupRole: FOLLOWER
  }
  commitIndex: 120
}
commitInfos {
  server {
    id: "s11"
    address: "0.0.0.0:15011"
    clientAddress: "0.0.0.0:15011"
    adminAddress: "0.0.0.0:15011"
    startupRole: FOLLOWER
  }
  commitIndex: 120
}
commitInfos {
  server {
    id: "s13"
    address: "0.0.0.0:15013"
    clientAddress: "0.0.0.0:15013"
    adminAddress: "0.0.0.0:15013"
    startupRole: FOLLOWER
  }
  commitIndex: 120
}
)
2025-05-22 15:26:11,766 WARN  util.LeakDetector (LeakDetector.java:assertNoLeaks(175)) - 8/30) numLeaks == 1 > 0, will wait and retry ...
2025-05-22 15:26:12,766 WARN  util.ReferenceCountedLeakDetector (ReferenceCountedLeakDetector.java:logLeakMessage(168)) - LEAK: (class org.apache.ratis.proto.RaftProtos$AppendEntriesRequestProto, count=1, value=serverRequest {
  requestorId: "s12"
  replyId: "s13"
  raftGroupId {
    id: "\332\275Xy\265PD\000\222\235\276\260@\342G\361"
  }
  callId: 1
}
leaderTerm: 2
previousLog {
  term: 1
  index: 120
}
entries {
  term: 2
  index: 121
  configurationEntry {
    peers {
      id: "s11"
      address: "0.0.0.0:15011"
      clientAddress: "0.0.0.0:15011"
      adminAddress: "0.0.0.0:15011"
      startupRole: FOLLOWER
    }
    peers {
      id: "s13"
      address: "0.0.0.0:15013"
      clientAddress: "0.0.0.0:15013"
      adminAddress: "0.0.0.0:15013"
      startupRole: FOLLOWER
    }
    peers {
      id: "s12"
      address: "0.0.0.0:15012"
      clientAddress: "0.0.0.0:15012"
      adminAddress: "0.0.0.0:15012"
      startupRole: FOLLOWER
    }
  }
}
leaderCommit: 120
commitInfos {
  server {
    id: "s12"
    address: "0.0.0.0:15012"
    clientAddress: "0.0.0.0:15012"
    adminAddress: "0.0.0.0:15012"
    startupRole: FOLLOWER
  }
  commitIndex: 120
}
commitInfos {
  server {
    id: "s11"
    address: "0.0.0.0:15011"
    clientAddress: "0.0.0.0:15011"
    adminAddress: "0.0.0.0:15011"
    startupRole: FOLLOWER
  }
  commitIndex: 120
}
commitInfos {
  server {
    id: "s13"
    address: "0.0.0.0:15013"
    clientAddress: "0.0.0.0:15013"
    adminAddress: "0.0.0.0:15013"
    startupRole: FOLLOWER
  }
  commitIndex: 120
}
)
2025-05-22 15:26:12,767 WARN  util.LeakDetector (LeakDetector.java:assertNoLeaks(175)) - 9/30) numLeaks == 1 > 0, will wait and retry ...
2025-05-22 15:26:13,767 WARN  util.ReferenceCountedLeakDetector (ReferenceCountedLeakDetector.java:logLeakMessage(168)) - LEAK: (class org.apache.ratis.proto.RaftProtos$AppendEntriesRequestProto, count=1, value=serverRequest {
  requestorId: "s12"
  replyId: "s13"
  raftGroupId {
    id: "\332\275Xy\265PD\000\222\235\276\260@\342G\361"
  }
  callId: 1
}
leaderTerm: 2
previousLog {
  term: 1
  index: 120
}
entries {
  term: 2
  index: 121
  configurationEntry {
    peers {
      id: "s11"
      address: "0.0.0.0:15011"
      clientAddress: "0.0.0.0:15011"
      adminAddress: "0.0.0.0:15011"
      startupRole: FOLLOWER
    }
    peers {
      id: "s13"
      address: "0.0.0.0:15013"
      clientAddress: "0.0.0.0:15013"
      adminAddress: "0.0.0.0:15013"
      startupRole: FOLLOWER
    }
    peers {
      id: "s12"
      address: "0.0.0.0:15012"
      clientAddress: "0.0.0.0:15012"
      adminAddress: "0.0.0.0:15012"
      startupRole: FOLLOWER
    }
  }
}
leaderCommit: 120
commitInfos {
  server {
    id: "s12"
    address: "0.0.0.0:15012"
    clientAddress: "0.0.0.0:15012"
    adminAddress: "0.0.0.0:15012"
    startupRole: FOLLOWER
  }
  commitIndex: 120
}
commitInfos {
  server {
    id: "s11"
    address: "0.0.0.0:15011"
    clientAddress: "0.0.0.0:15011"
    adminAddress: "0.0.0.0:15011"
    startupRole: FOLLOWER
  }
  commitIndex: 120
}
commitInfos {
  server {
    id: "s13"
    address: "0.0.0.0:15013"
    clientAddress: "0.0.0.0:15013"
    adminAddress: "0.0.0.0:15013"
    startupRole: FOLLOWER
  }
  commitIndex: 120
}
)
2025-05-22 15:26:13,767 WARN  util.LeakDetector (LeakDetector.java:assertNoLeaks(175)) - 10/30) numLeaks == 1 > 0, will wait and retry ...
2025-05-22 15:26:14,768 WARN  util.ReferenceCountedLeakDetector (ReferenceCountedLeakDetector.java:logLeakMessage(168)) - LEAK: (class org.apache.ratis.proto.RaftProtos$AppendEntriesRequestProto, count=1, value=serverRequest {
  requestorId: "s12"
  replyId: "s13"
  raftGroupId {
    id: "\332\275Xy\265PD\000\222\235\276\260@\342G\361"
  }
  callId: 1
}
leaderTerm: 2
previousLog {
  term: 1
  index: 120
}
entries {
  term: 2
  index: 121
  configurationEntry {
    peers {
      id: "s11"
      address: "0.0.0.0:15011"
      clientAddress: "0.0.0.0:15011"
      adminAddress: "0.0.0.0:15011"
      startupRole: FOLLOWER
    }
    peers {
      id: "s13"
      address: "0.0.0.0:15013"
      clientAddress: "0.0.0.0:15013"
      adminAddress: "0.0.0.0:15013"
      startupRole: FOLLOWER
    }
    peers {
      id: "s12"
      address: "0.0.0.0:15012"
      clientAddress: "0.0.0.0:15012"
      adminAddress: "0.0.0.0:15012"
      startupRole: FOLLOWER
    }
  }
}
leaderCommit: 120
commitInfos {
  server {
    id: "s12"
    address: "0.0.0.0:15012"
    clientAddress: "0.0.0.0:15012"
    adminAddress: "0.0.0.0:15012"
    startupRole: FOLLOWER
  }
  commitIndex: 120
}
commitInfos {
  server {
    id: "s11"
    address: "0.0.0.0:15011"
    clientAddress: "0.0.0.0:15011"
    adminAddress: "0.0.0.0:15011"
    startupRole: FOLLOWER
  }
  commitIndex: 120
}
commitInfos {
  server {
    id: "s13"
    address: "0.0.0.0:15013"
    clientAddress: "0.0.0.0:15013"
    adminAddress: "0.0.0.0:15013"
    startupRole: FOLLOWER
  }
  commitIndex: 120
}
)
2025-05-22 15:26:14,768 WARN  util.LeakDetector (LeakDetector.java:assertNoLeaks(175)) - 11/30) numLeaks == 1 > 0, will wait and retry ...
2025-05-22 15:26:15,769 WARN  util.ReferenceCountedLeakDetector (ReferenceCountedLeakDetector.java:logLeakMessage(168)) - LEAK: (class org.apache.ratis.proto.RaftProtos$AppendEntriesRequestProto, count=1, value=serverRequest {
  requestorId: "s12"
  replyId: "s13"
  raftGroupId {
    id: "\332\275Xy\265PD\000\222\235\276\260@\342G\361"
  }
  callId: 1
}
leaderTerm: 2
previousLog {
  term: 1
  index: 120
}
entries {
  term: 2
  index: 121
  configurationEntry {
    peers {
      id: "s11"
      address: "0.0.0.0:15011"
      clientAddress: "0.0.0.0:15011"
      adminAddress: "0.0.0.0:15011"
      startupRole: FOLLOWER
    }
    peers {
      id: "s13"
      address: "0.0.0.0:15013"
      clientAddress: "0.0.0.0:15013"
      adminAddress: "0.0.0.0:15013"
      startupRole: FOLLOWER
    }
    peers {
      id: "s12"
      address: "0.0.0.0:15012"
      clientAddress: "0.0.0.0:15012"
      adminAddress: "0.0.0.0:15012"
      startupRole: FOLLOWER
    }
  }
}
leaderCommit: 120
commitInfos {
  server {
    id: "s12"
    address: "0.0.0.0:15012"
    clientAddress: "0.0.0.0:15012"
    adminAddress: "0.0.0.0:15012"
    startupRole: FOLLOWER
  }
  commitIndex: 120
}
commitInfos {
  server {
    id: "s11"
    address: "0.0.0.0:15011"
    clientAddress: "0.0.0.0:15011"
    adminAddress: "0.0.0.0:15011"
    startupRole: FOLLOWER
  }
  commitIndex: 120
}
commitInfos {
  server {
    id: "s13"
    address: "0.0.0.0:15013"
    clientAddress: "0.0.0.0:15013"
    adminAddress: "0.0.0.0:15013"
    startupRole: FOLLOWER
  }
  commitIndex: 120
}
)
2025-05-22 15:26:15,769 WARN  util.LeakDetector (LeakDetector.java:assertNoLeaks(175)) - 12/30) numLeaks == 1 > 0, will wait and retry ...
2025-05-22 15:26:16,769 WARN  util.ReferenceCountedLeakDetector (ReferenceCountedLeakDetector.java:logLeakMessage(168)) - LEAK: (class org.apache.ratis.proto.RaftProtos$AppendEntriesRequestProto, count=1, value=serverRequest {
  requestorId: "s12"
  replyId: "s13"
  raftGroupId {
    id: "\332\275Xy\265PD\000\222\235\276\260@\342G\361"
  }
  callId: 1
}
leaderTerm: 2
previousLog {
  term: 1
  index: 120
}
entries {
  term: 2
  index: 121
  configurationEntry {
    peers {
      id: "s11"
      address: "0.0.0.0:15011"
      clientAddress: "0.0.0.0:15011"
      adminAddress: "0.0.0.0:15011"
      startupRole: FOLLOWER
    }
    peers {
      id: "s13"
      address: "0.0.0.0:15013"
      clientAddress: "0.0.0.0:15013"
      adminAddress: "0.0.0.0:15013"
      startupRole: FOLLOWER
    }
    peers {
      id: "s12"
      address: "0.0.0.0:15012"
      clientAddress: "0.0.0.0:15012"
      adminAddress: "0.0.0.0:15012"
      startupRole: FOLLOWER
    }
  }
}
leaderCommit: 120
commitInfos {
  server {
    id: "s12"
    address: "0.0.0.0:15012"
    clientAddress: "0.0.0.0:15012"
    adminAddress: "0.0.0.0:15012"
    startupRole: FOLLOWER
  }
  commitIndex: 120
}
commitInfos {
  server {
    id: "s11"
    address: "0.0.0.0:15011"
    clientAddress: "0.0.0.0:15011"
    adminAddress: "0.0.0.0:15011"
    startupRole: FOLLOWER
  }
  commitIndex: 120
}
commitInfos {
  server {
    id: "s13"
    address: "0.0.0.0:15013"
    clientAddress: "0.0.0.0:15013"
    adminAddress: "0.0.0.0:15013"
    startupRole: FOLLOWER
  }
  commitIndex: 120
}
)
2025-05-22 15:26:16,770 WARN  util.LeakDetector (LeakDetector.java:assertNoLeaks(175)) - 13/30) numLeaks == 1 > 0, will wait and retry ...
2025-05-22 15:26:17,770 WARN  util.ReferenceCountedLeakDetector (ReferenceCountedLeakDetector.java:logLeakMessage(168)) - LEAK: (class org.apache.ratis.proto.RaftProtos$AppendEntriesRequestProto, count=1, value=serverRequest {
  requestorId: "s12"
  replyId: "s13"
  raftGroupId {
    id: "\332\275Xy\265PD\000\222\235\276\260@\342G\361"
  }
  callId: 1
}
leaderTerm: 2
previousLog {
  term: 1
  index: 120
}
entries {
  term: 2
  index: 121
  configurationEntry {
    peers {
      id: "s11"
      address: "0.0.0.0:15011"
      clientAddress: "0.0.0.0:15011"
      adminAddress: "0.0.0.0:15011"
      startupRole: FOLLOWER
    }
    peers {
      id: "s13"
      address: "0.0.0.0:15013"
      clientAddress: "0.0.0.0:15013"
      adminAddress: "0.0.0.0:15013"
      startupRole: FOLLOWER
    }
    peers {
      id: "s12"
      address: "0.0.0.0:15012"
      clientAddress: "0.0.0.0:15012"
      adminAddress: "0.0.0.0:15012"
      startupRole: FOLLOWER
    }
  }
}
leaderCommit: 120
commitInfos {
  server {
    id: "s12"
    address: "0.0.0.0:15012"
    clientAddress: "0.0.0.0:15012"
    adminAddress: "0.0.0.0:15012"
    startupRole: FOLLOWER
  }
  commitIndex: 120
}
commitInfos {
  server {
    id: "s11"
    address: "0.0.0.0:15011"
    clientAddress: "0.0.0.0:15011"
    adminAddress: "0.0.0.0:15011"
    startupRole: FOLLOWER
  }
  commitIndex: 120
}
commitInfos {
  server {
    id: "s13"
    address: "0.0.0.0:15013"
    clientAddress: "0.0.0.0:15013"
    adminAddress: "0.0.0.0:15013"
    startupRole: FOLLOWER
  }
  commitIndex: 120
}
)
2025-05-22 15:26:17,770 WARN  util.LeakDetector (LeakDetector.java:assertNoLeaks(175)) - 14/30) numLeaks == 1 > 0, will wait and retry ...
2025-05-22 15:26:18,771 WARN  util.ReferenceCountedLeakDetector (ReferenceCountedLeakDetector.java:logLeakMessage(168)) - LEAK: (class org.apache.ratis.proto.RaftProtos$AppendEntriesRequestProto, count=1, value=serverRequest {
  requestorId: "s12"
  replyId: "s13"
  raftGroupId {
    id: "\332\275Xy\265PD\000\222\235\276\260@\342G\361"
  }
  callId: 1
}
leaderTerm: 2
previousLog {
  term: 1
  index: 120
}
entries {
  term: 2
  index: 121
  configurationEntry {
    peers {
      id: "s11"
      address: "0.0.0.0:15011"
      clientAddress: "0.0.0.0:15011"
      adminAddress: "0.0.0.0:15011"
      startupRole: FOLLOWER
    }
    peers {
      id: "s13"
      address: "0.0.0.0:15013"
      clientAddress: "0.0.0.0:15013"
      adminAddress: "0.0.0.0:15013"
      startupRole: FOLLOWER
    }
    peers {
      id: "s12"
      address: "0.0.0.0:15012"
      clientAddress: "0.0.0.0:15012"
      adminAddress: "0.0.0.0:15012"
      startupRole: FOLLOWER
    }
  }
}
leaderCommit: 120
commitInfos {
  server {
    id: "s12"
    address: "0.0.0.0:15012"
    clientAddress: "0.0.0.0:15012"
    adminAddress: "0.0.0.0:15012"
    startupRole: FOLLOWER
  }
  commitIndex: 120
}
commitInfos {
  server {
    id: "s11"
    address: "0.0.0.0:15011"
    clientAddress: "0.0.0.0:15011"
    adminAddress: "0.0.0.0:15011"
    startupRole: FOLLOWER
  }
  commitIndex: 120
}
commitInfos {
  server {
    id: "s13"
    address: "0.0.0.0:15013"
    clientAddress: "0.0.0.0:15013"
    adminAddress: "0.0.0.0:15013"
    startupRole: FOLLOWER
  }
  commitIndex: 120
}
)
2025-05-22 15:26:18,771 WARN  util.LeakDetector (LeakDetector.java:assertNoLeaks(175)) - 15/30) numLeaks == 1 > 0, will wait and retry ...
2025-05-22 15:26:19,771 WARN  util.ReferenceCountedLeakDetector (ReferenceCountedLeakDetector.java:logLeakMessage(168)) - LEAK: (class org.apache.ratis.proto.RaftProtos$AppendEntriesRequestProto, count=1, value=serverRequest {
  requestorId: "s12"
  replyId: "s13"
  raftGroupId {
    id: "\332\275Xy\265PD\000\222\235\276\260@\342G\361"
  }
  callId: 1
}
leaderTerm: 2
previousLog {
  term: 1
  index: 120
}
entries {
  term: 2
  index: 121
  configurationEntry {
    peers {
      id: "s11"
      address: "0.0.0.0:15011"
      clientAddress: "0.0.0.0:15011"
      adminAddress: "0.0.0.0:15011"
      startupRole: FOLLOWER
    }
    peers {
      id: "s13"
      address: "0.0.0.0:15013"
      clientAddress: "0.0.0.0:15013"
      adminAddress: "0.0.0.0:15013"
      startupRole: FOLLOWER
    }
    peers {
      id: "s12"
      address: "0.0.0.0:15012"
      clientAddress: "0.0.0.0:15012"
      adminAddress: "0.0.0.0:15012"
      startupRole: FOLLOWER
    }
  }
}
leaderCommit: 120
commitInfos {
  server {
    id: "s12"
    address: "0.0.0.0:15012"
    clientAddress: "0.0.0.0:15012"
    adminAddress: "0.0.0.0:15012"
    startupRole: FOLLOWER
  }
  commitIndex: 120
}
commitInfos {
  server {
    id: "s11"
    address: "0.0.0.0:15011"
    clientAddress: "0.0.0.0:15011"
    adminAddress: "0.0.0.0:15011"
    startupRole: FOLLOWER
  }
  commitIndex: 120
}
commitInfos {
  server {
    id: "s13"
    address: "0.0.0.0:15013"
    clientAddress: "0.0.0.0:15013"
    adminAddress: "0.0.0.0:15013"
    startupRole: FOLLOWER
  }
  commitIndex: 120
}
)
2025-05-22 15:26:19,772 WARN  util.LeakDetector (LeakDetector.java:assertNoLeaks(175)) - 16/30) numLeaks == 1 > 0, will wait and retry ...
2025-05-22 15:26:20,772 WARN  util.ReferenceCountedLeakDetector (ReferenceCountedLeakDetector.java:logLeakMessage(168)) - LEAK: (class org.apache.ratis.proto.RaftProtos$AppendEntriesRequestProto, count=1, value=serverRequest {
  requestorId: "s12"
  replyId: "s13"
  raftGroupId {
    id: "\332\275Xy\265PD\000\222\235\276\260@\342G\361"
  }
  callId: 1
}
leaderTerm: 2
previousLog {
  term: 1
  index: 120
}
entries {
  term: 2
  index: 121
  configurationEntry {
    peers {
      id: "s11"
      address: "0.0.0.0:15011"
      clientAddress: "0.0.0.0:15011"
      adminAddress: "0.0.0.0:15011"
      startupRole: FOLLOWER
    }
    peers {
      id: "s13"
      address: "0.0.0.0:15013"
      clientAddress: "0.0.0.0:15013"
      adminAddress: "0.0.0.0:15013"
      startupRole: FOLLOWER
    }
    peers {
      id: "s12"
      address: "0.0.0.0:15012"
      clientAddress: "0.0.0.0:15012"
      adminAddress: "0.0.0.0:15012"
      startupRole: FOLLOWER
    }
  }
}
leaderCommit: 120
commitInfos {
  server {
    id: "s12"
    address: "0.0.0.0:15012"
    clientAddress: "0.0.0.0:15012"
    adminAddress: "0.0.0.0:15012"
    startupRole: FOLLOWER
  }
  commitIndex: 120
}
commitInfos {
  server {
    id: "s11"
    address: "0.0.0.0:15011"
    clientAddress: "0.0.0.0:15011"
    adminAddress: "0.0.0.0:15011"
    startupRole: FOLLOWER
  }
  commitIndex: 120
}
commitInfos {
  server {
    id: "s13"
    address: "0.0.0.0:15013"
    clientAddress: "0.0.0.0:15013"
    adminAddress: "0.0.0.0:15013"
    startupRole: FOLLOWER
  }
  commitIndex: 120
}
)
2025-05-22 15:26:20,772 WARN  util.LeakDetector (LeakDetector.java:assertNoLeaks(175)) - 17/30) numLeaks == 1 > 0, will wait and retry ...
2025-05-22 15:26:21,773 WARN  util.ReferenceCountedLeakDetector (ReferenceCountedLeakDetector.java:logLeakMessage(168)) - LEAK: (class org.apache.ratis.proto.RaftProtos$AppendEntriesRequestProto, count=1, value=serverRequest {
  requestorId: "s12"
  replyId: "s13"
  raftGroupId {
    id: "\332\275Xy\265PD\000\222\235\276\260@\342G\361"
  }
  callId: 1
}
leaderTerm: 2
previousLog {
  term: 1
  index: 120
}
entries {
  term: 2
  index: 121
  configurationEntry {
    peers {
      id: "s11"
      address: "0.0.0.0:15011"
      clientAddress: "0.0.0.0:15011"
      adminAddress: "0.0.0.0:15011"
      startupRole: FOLLOWER
    }
    peers {
      id: "s13"
      address: "0.0.0.0:15013"
      clientAddress: "0.0.0.0:15013"
      adminAddress: "0.0.0.0:15013"
      startupRole: FOLLOWER
    }
    peers {
      id: "s12"
      address: "0.0.0.0:15012"
      clientAddress: "0.0.0.0:15012"
      adminAddress: "0.0.0.0:15012"
      startupRole: FOLLOWER
    }
  }
}
leaderCommit: 120
commitInfos {
  server {
    id: "s12"
    address: "0.0.0.0:15012"
    clientAddress: "0.0.0.0:15012"
    adminAddress: "0.0.0.0:15012"
    startupRole: FOLLOWER
  }
  commitIndex: 120
}
commitInfos {
  server {
    id: "s11"
    address: "0.0.0.0:15011"
    clientAddress: "0.0.0.0:15011"
    adminAddress: "0.0.0.0:15011"
    startupRole: FOLLOWER
  }
  commitIndex: 120
}
commitInfos {
  server {
    id: "s13"
    address: "0.0.0.0:15013"
    clientAddress: "0.0.0.0:15013"
    adminAddress: "0.0.0.0:15013"
    startupRole: FOLLOWER
  }
  commitIndex: 120
}
)
2025-05-22 15:26:21,773 WARN  util.LeakDetector (LeakDetector.java:assertNoLeaks(175)) - 18/30) numLeaks == 1 > 0, will wait and retry ...
2025-05-22 15:26:22,773 WARN  util.ReferenceCountedLeakDetector (ReferenceCountedLeakDetector.java:logLeakMessage(168)) - LEAK: (class org.apache.ratis.proto.RaftProtos$AppendEntriesRequestProto, count=1, value=serverRequest {
  requestorId: "s12"
  replyId: "s13"
  raftGroupId {
    id: "\332\275Xy\265PD\000\222\235\276\260@\342G\361"
  }
  callId: 1
}
leaderTerm: 2
previousLog {
  term: 1
  index: 120
}
entries {
  term: 2
  index: 121
  configurationEntry {
    peers {
      id: "s11"
      address: "0.0.0.0:15011"
      clientAddress: "0.0.0.0:15011"
      adminAddress: "0.0.0.0:15011"
      startupRole: FOLLOWER
    }
    peers {
      id: "s13"
      address: "0.0.0.0:15013"
      clientAddress: "0.0.0.0:15013"
      adminAddress: "0.0.0.0:15013"
      startupRole: FOLLOWER
    }
    peers {
      id: "s12"
      address: "0.0.0.0:15012"
      clientAddress: "0.0.0.0:15012"
      adminAddress: "0.0.0.0:15012"
      startupRole: FOLLOWER
    }
  }
}
leaderCommit: 120
commitInfos {
  server {
    id: "s12"
    address: "0.0.0.0:15012"
    clientAddress: "0.0.0.0:15012"
    adminAddress: "0.0.0.0:15012"
    startupRole: FOLLOWER
  }
  commitIndex: 120
}
commitInfos {
  server {
    id: "s11"
    address: "0.0.0.0:15011"
    clientAddress: "0.0.0.0:15011"
    adminAddress: "0.0.0.0:15011"
    startupRole: FOLLOWER
  }
  commitIndex: 120
}
commitInfos {
  server {
    id: "s13"
    address: "0.0.0.0:15013"
    clientAddress: "0.0.0.0:15013"
    adminAddress: "0.0.0.0:15013"
    startupRole: FOLLOWER
  }
  commitIndex: 120
}
)
2025-05-22 15:26:22,774 WARN  util.LeakDetector (LeakDetector.java:assertNoLeaks(175)) - 19/30) numLeaks == 1 > 0, will wait and retry ...
2025-05-22 15:26:23,774 WARN  util.ReferenceCountedLeakDetector (ReferenceCountedLeakDetector.java:logLeakMessage(168)) - LEAK: (class org.apache.ratis.proto.RaftProtos$AppendEntriesRequestProto, count=1, value=serverRequest {
  requestorId: "s12"
  replyId: "s13"
  raftGroupId {
    id: "\332\275Xy\265PD\000\222\235\276\260@\342G\361"
  }
  callId: 1
}
leaderTerm: 2
previousLog {
  term: 1
  index: 120
}
entries {
  term: 2
  index: 121
  configurationEntry {
    peers {
      id: "s11"
      address: "0.0.0.0:15011"
      clientAddress: "0.0.0.0:15011"
      adminAddress: "0.0.0.0:15011"
      startupRole: FOLLOWER
    }
    peers {
      id: "s13"
      address: "0.0.0.0:15013"
      clientAddress: "0.0.0.0:15013"
      adminAddress: "0.0.0.0:15013"
      startupRole: FOLLOWER
    }
    peers {
      id: "s12"
      address: "0.0.0.0:15012"
      clientAddress: "0.0.0.0:15012"
      adminAddress: "0.0.0.0:15012"
      startupRole: FOLLOWER
    }
  }
}
leaderCommit: 120
commitInfos {
  server {
    id: "s12"
    address: "0.0.0.0:15012"
    clientAddress: "0.0.0.0:15012"
    adminAddress: "0.0.0.0:15012"
    startupRole: FOLLOWER
  }
  commitIndex: 120
}
commitInfos {
  server {
    id: "s11"
    address: "0.0.0.0:15011"
    clientAddress: "0.0.0.0:15011"
    adminAddress: "0.0.0.0:15011"
    startupRole: FOLLOWER
  }
  commitIndex: 120
}
commitInfos {
  server {
    id: "s13"
    address: "0.0.0.0:15013"
    clientAddress: "0.0.0.0:15013"
    adminAddress: "0.0.0.0:15013"
    startupRole: FOLLOWER
  }
  commitIndex: 120
}
)
2025-05-22 15:26:23,774 WARN  util.LeakDetector (LeakDetector.java:assertNoLeaks(175)) - 20/30) numLeaks == 1 > 0, will wait and retry ...
2025-05-22 15:26:24,775 WARN  util.ReferenceCountedLeakDetector (ReferenceCountedLeakDetector.java:logLeakMessage(168)) - LEAK: (class org.apache.ratis.proto.RaftProtos$AppendEntriesRequestProto, count=1, value=serverRequest {
  requestorId: "s12"
  replyId: "s13"
  raftGroupId {
    id: "\332\275Xy\265PD\000\222\235\276\260@\342G\361"
  }
  callId: 1
}
leaderTerm: 2
previousLog {
  term: 1
  index: 120
}
entries {
  term: 2
  index: 121
  configurationEntry {
    peers {
      id: "s11"
      address: "0.0.0.0:15011"
      clientAddress: "0.0.0.0:15011"
      adminAddress: "0.0.0.0:15011"
      startupRole: FOLLOWER
    }
    peers {
      id: "s13"
      address: "0.0.0.0:15013"
      clientAddress: "0.0.0.0:15013"
      adminAddress: "0.0.0.0:15013"
      startupRole: FOLLOWER
    }
    peers {
      id: "s12"
      address: "0.0.0.0:15012"
      clientAddress: "0.0.0.0:15012"
      adminAddress: "0.0.0.0:15012"
      startupRole: FOLLOWER
    }
  }
}
leaderCommit: 120
commitInfos {
  server {
    id: "s12"
    address: "0.0.0.0:15012"
    clientAddress: "0.0.0.0:15012"
    adminAddress: "0.0.0.0:15012"
    startupRole: FOLLOWER
  }
  commitIndex: 120
}
commitInfos {
  server {
    id: "s11"
    address: "0.0.0.0:15011"
    clientAddress: "0.0.0.0:15011"
    adminAddress: "0.0.0.0:15011"
    startupRole: FOLLOWER
  }
  commitIndex: 120
}
commitInfos {
  server {
    id: "s13"
    address: "0.0.0.0:15013"
    clientAddress: "0.0.0.0:15013"
    adminAddress: "0.0.0.0:15013"
    startupRole: FOLLOWER
  }
  commitIndex: 120
}
)
2025-05-22 15:26:24,775 WARN  util.LeakDetector (LeakDetector.java:assertNoLeaks(175)) - 21/30) numLeaks == 1 > 0, will wait and retry ...
2025-05-22 15:26:25,775 WARN  util.ReferenceCountedLeakDetector (ReferenceCountedLeakDetector.java:logLeakMessage(168)) - LEAK: (class org.apache.ratis.proto.RaftProtos$AppendEntriesRequestProto, count=1, value=serverRequest {
  requestorId: "s12"
  replyId: "s13"
  raftGroupId {
    id: "\332\275Xy\265PD\000\222\235\276\260@\342G\361"
  }
  callId: 1
}
leaderTerm: 2
previousLog {
  term: 1
  index: 120
}
entries {
  term: 2
  index: 121
  configurationEntry {
    peers {
      id: "s11"
      address: "0.0.0.0:15011"
      clientAddress: "0.0.0.0:15011"
      adminAddress: "0.0.0.0:15011"
      startupRole: FOLLOWER
    }
    peers {
      id: "s13"
      address: "0.0.0.0:15013"
      clientAddress: "0.0.0.0:15013"
      adminAddress: "0.0.0.0:15013"
      startupRole: FOLLOWER
    }
    peers {
      id: "s12"
      address: "0.0.0.0:15012"
      clientAddress: "0.0.0.0:15012"
      adminAddress: "0.0.0.0:15012"
      startupRole: FOLLOWER
    }
  }
}
leaderCommit: 120
commitInfos {
  server {
    id: "s12"
    address: "0.0.0.0:15012"
    clientAddress: "0.0.0.0:15012"
    adminAddress: "0.0.0.0:15012"
    startupRole: FOLLOWER
  }
  commitIndex: 120
}
commitInfos {
  server {
    id: "s11"
    address: "0.0.0.0:15011"
    clientAddress: "0.0.0.0:15011"
    adminAddress: "0.0.0.0:15011"
    startupRole: FOLLOWER
  }
  commitIndex: 120
}
commitInfos {
  server {
    id: "s13"
    address: "0.0.0.0:15013"
    clientAddress: "0.0.0.0:15013"
    adminAddress: "0.0.0.0:15013"
    startupRole: FOLLOWER
  }
  commitIndex: 120
}
)
2025-05-22 15:26:25,776 WARN  util.LeakDetector (LeakDetector.java:assertNoLeaks(175)) - 22/30) numLeaks == 1 > 0, will wait and retry ...
2025-05-22 15:26:26,776 WARN  util.ReferenceCountedLeakDetector (ReferenceCountedLeakDetector.java:logLeakMessage(168)) - LEAK: (class org.apache.ratis.proto.RaftProtos$AppendEntriesRequestProto, count=1, value=serverRequest {
  requestorId: "s12"
  replyId: "s13"
  raftGroupId {
    id: "\332\275Xy\265PD\000\222\235\276\260@\342G\361"
  }
  callId: 1
}
leaderTerm: 2
previousLog {
  term: 1
  index: 120
}
entries {
  term: 2
  index: 121
  configurationEntry {
    peers {
      id: "s11"
      address: "0.0.0.0:15011"
      clientAddress: "0.0.0.0:15011"
      adminAddress: "0.0.0.0:15011"
      startupRole: FOLLOWER
    }
    peers {
      id: "s13"
      address: "0.0.0.0:15013"
      clientAddress: "0.0.0.0:15013"
      adminAddress: "0.0.0.0:15013"
      startupRole: FOLLOWER
    }
    peers {
      id: "s12"
      address: "0.0.0.0:15012"
      clientAddress: "0.0.0.0:15012"
      adminAddress: "0.0.0.0:15012"
      startupRole: FOLLOWER
    }
  }
}
leaderCommit: 120
commitInfos {
  server {
    id: "s12"
    address: "0.0.0.0:15012"
    clientAddress: "0.0.0.0:15012"
    adminAddress: "0.0.0.0:15012"
    startupRole: FOLLOWER
  }
  commitIndex: 120
}
commitInfos {
  server {
    id: "s11"
    address: "0.0.0.0:15011"
    clientAddress: "0.0.0.0:15011"
    adminAddress: "0.0.0.0:15011"
    startupRole: FOLLOWER
  }
  commitIndex: 120
}
commitInfos {
  server {
    id: "s13"
    address: "0.0.0.0:15013"
    clientAddress: "0.0.0.0:15013"
    adminAddress: "0.0.0.0:15013"
    startupRole: FOLLOWER
  }
  commitIndex: 120
}
)
2025-05-22 15:26:26,776 WARN  util.LeakDetector (LeakDetector.java:assertNoLeaks(175)) - 23/30) numLeaks == 1 > 0, will wait and retry ...
2025-05-22 15:26:27,776 WARN  util.ReferenceCountedLeakDetector (ReferenceCountedLeakDetector.java:logLeakMessage(168)) - LEAK: (class org.apache.ratis.proto.RaftProtos$AppendEntriesRequestProto, count=1, value=serverRequest {
  requestorId: "s12"
  replyId: "s13"
  raftGroupId {
    id: "\332\275Xy\265PD\000\222\235\276\260@\342G\361"
  }
  callId: 1
}
leaderTerm: 2
previousLog {
  term: 1
  index: 120
}
entries {
  term: 2
  index: 121
  configurationEntry {
    peers {
      id: "s11"
      address: "0.0.0.0:15011"
      clientAddress: "0.0.0.0:15011"
      adminAddress: "0.0.0.0:15011"
      startupRole: FOLLOWER
    }
    peers {
      id: "s13"
      address: "0.0.0.0:15013"
      clientAddress: "0.0.0.0:15013"
      adminAddress: "0.0.0.0:15013"
      startupRole: FOLLOWER
    }
    peers {
      id: "s12"
      address: "0.0.0.0:15012"
      clientAddress: "0.0.0.0:15012"
      adminAddress: "0.0.0.0:15012"
      startupRole: FOLLOWER
    }
  }
}
leaderCommit: 120
commitInfos {
  server {
    id: "s12"
    address: "0.0.0.0:15012"
    clientAddress: "0.0.0.0:15012"
    adminAddress: "0.0.0.0:15012"
    startupRole: FOLLOWER
  }
  commitIndex: 120
}
commitInfos {
  server {
    id: "s11"
    address: "0.0.0.0:15011"
    clientAddress: "0.0.0.0:15011"
    adminAddress: "0.0.0.0:15011"
    startupRole: FOLLOWER
  }
  commitIndex: 120
}
commitInfos {
  server {
    id: "s13"
    address: "0.0.0.0:15013"
    clientAddress: "0.0.0.0:15013"
    adminAddress: "0.0.0.0:15013"
    startupRole: FOLLOWER
  }
  commitIndex: 120
}
)
2025-05-22 15:26:27,777 WARN  util.LeakDetector (LeakDetector.java:assertNoLeaks(175)) - 24/30) numLeaks == 1 > 0, will wait and retry ...
2025-05-22 15:26:28,777 WARN  util.ReferenceCountedLeakDetector (ReferenceCountedLeakDetector.java:logLeakMessage(168)) - LEAK: (class org.apache.ratis.proto.RaftProtos$AppendEntriesRequestProto, count=1, value=serverRequest {
  requestorId: "s12"
  replyId: "s13"
  raftGroupId {
    id: "\332\275Xy\265PD\000\222\235\276\260@\342G\361"
  }
  callId: 1
}
leaderTerm: 2
previousLog {
  term: 1
  index: 120
}
entries {
  term: 2
  index: 121
  configurationEntry {
    peers {
      id: "s11"
      address: "0.0.0.0:15011"
      clientAddress: "0.0.0.0:15011"
      adminAddress: "0.0.0.0:15011"
      startupRole: FOLLOWER
    }
    peers {
      id: "s13"
      address: "0.0.0.0:15013"
      clientAddress: "0.0.0.0:15013"
      adminAddress: "0.0.0.0:15013"
      startupRole: FOLLOWER
    }
    peers {
      id: "s12"
      address: "0.0.0.0:15012"
      clientAddress: "0.0.0.0:15012"
      adminAddress: "0.0.0.0:15012"
      startupRole: FOLLOWER
    }
  }
}
leaderCommit: 120
commitInfos {
  server {
    id: "s12"
    address: "0.0.0.0:15012"
    clientAddress: "0.0.0.0:15012"
    adminAddress: "0.0.0.0:15012"
    startupRole: FOLLOWER
  }
  commitIndex: 120
}
commitInfos {
  server {
    id: "s11"
    address: "0.0.0.0:15011"
    clientAddress: "0.0.0.0:15011"
    adminAddress: "0.0.0.0:15011"
    startupRole: FOLLOWER
  }
  commitIndex: 120
}
commitInfos {
  server {
    id: "s13"
    address: "0.0.0.0:15013"
    clientAddress: "0.0.0.0:15013"
    adminAddress: "0.0.0.0:15013"
    startupRole: FOLLOWER
  }
  commitIndex: 120
}
)
2025-05-22 15:26:28,777 WARN  util.LeakDetector (LeakDetector.java:assertNoLeaks(175)) - 25/30) numLeaks == 1 > 0, will wait and retry ...
2025-05-22 15:26:29,778 WARN  util.ReferenceCountedLeakDetector (ReferenceCountedLeakDetector.java:logLeakMessage(168)) - LEAK: (class org.apache.ratis.proto.RaftProtos$AppendEntriesRequestProto, count=1, value=serverRequest {
  requestorId: "s12"
  replyId: "s13"
  raftGroupId {
    id: "\332\275Xy\265PD\000\222\235\276\260@\342G\361"
  }
  callId: 1
}
leaderTerm: 2
previousLog {
  term: 1
  index: 120
}
entries {
  term: 2
  index: 121
  configurationEntry {
    peers {
      id: "s11"
      address: "0.0.0.0:15011"
      clientAddress: "0.0.0.0:15011"
      adminAddress: "0.0.0.0:15011"
      startupRole: FOLLOWER
    }
    peers {
      id: "s13"
      address: "0.0.0.0:15013"
      clientAddress: "0.0.0.0:15013"
      adminAddress: "0.0.0.0:15013"
      startupRole: FOLLOWER
    }
    peers {
      id: "s12"
      address: "0.0.0.0:15012"
      clientAddress: "0.0.0.0:15012"
      adminAddress: "0.0.0.0:15012"
      startupRole: FOLLOWER
    }
  }
}
leaderCommit: 120
commitInfos {
  server {
    id: "s12"
    address: "0.0.0.0:15012"
    clientAddress: "0.0.0.0:15012"
    adminAddress: "0.0.0.0:15012"
    startupRole: FOLLOWER
  }
  commitIndex: 120
}
commitInfos {
  server {
    id: "s11"
    address: "0.0.0.0:15011"
    clientAddress: "0.0.0.0:15011"
    adminAddress: "0.0.0.0:15011"
    startupRole: FOLLOWER
  }
  commitIndex: 120
}
commitInfos {
  server {
    id: "s13"
    address: "0.0.0.0:15013"
    clientAddress: "0.0.0.0:15013"
    adminAddress: "0.0.0.0:15013"
    startupRole: FOLLOWER
  }
  commitIndex: 120
}
)
2025-05-22 15:26:29,778 WARN  util.LeakDetector (LeakDetector.java:assertNoLeaks(175)) - 26/30) numLeaks == 1 > 0, will wait and retry ...
2025-05-22 15:26:30,778 WARN  util.ReferenceCountedLeakDetector (ReferenceCountedLeakDetector.java:logLeakMessage(168)) - LEAK: (class org.apache.ratis.proto.RaftProtos$AppendEntriesRequestProto, count=1, value=serverRequest {
  requestorId: "s12"
  replyId: "s13"
  raftGroupId {
    id: "\332\275Xy\265PD\000\222\235\276\260@\342G\361"
  }
  callId: 1
}
leaderTerm: 2
previousLog {
  term: 1
  index: 120
}
entries {
  term: 2
  index: 121
  configurationEntry {
    peers {
      id: "s11"
      address: "0.0.0.0:15011"
      clientAddress: "0.0.0.0:15011"
      adminAddress: "0.0.0.0:15011"
      startupRole: FOLLOWER
    }
    peers {
      id: "s13"
      address: "0.0.0.0:15013"
      clientAddress: "0.0.0.0:15013"
      adminAddress: "0.0.0.0:15013"
      startupRole: FOLLOWER
    }
    peers {
      id: "s12"
      address: "0.0.0.0:15012"
      clientAddress: "0.0.0.0:15012"
      adminAddress: "0.0.0.0:15012"
      startupRole: FOLLOWER
    }
  }
}
leaderCommit: 120
commitInfos {
  server {
    id: "s12"
    address: "0.0.0.0:15012"
    clientAddress: "0.0.0.0:15012"
    adminAddress: "0.0.0.0:15012"
    startupRole: FOLLOWER
  }
  commitIndex: 120
}
commitInfos {
  server {
    id: "s11"
    address: "0.0.0.0:15011"
    clientAddress: "0.0.0.0:15011"
    adminAddress: "0.0.0.0:15011"
    startupRole: FOLLOWER
  }
  commitIndex: 120
}
commitInfos {
  server {
    id: "s13"
    address: "0.0.0.0:15013"
    clientAddress: "0.0.0.0:15013"
    adminAddress: "0.0.0.0:15013"
    startupRole: FOLLOWER
  }
  commitIndex: 120
}
)
2025-05-22 15:26:30,779 WARN  util.LeakDetector (LeakDetector.java:assertNoLeaks(175)) - 27/30) numLeaks == 1 > 0, will wait and retry ...
2025-05-22 15:26:31,779 WARN  util.ReferenceCountedLeakDetector (ReferenceCountedLeakDetector.java:logLeakMessage(168)) - LEAK: (class org.apache.ratis.proto.RaftProtos$AppendEntriesRequestProto, count=1, value=serverRequest {
  requestorId: "s12"
  replyId: "s13"
  raftGroupId {
    id: "\332\275Xy\265PD\000\222\235\276\260@\342G\361"
  }
  callId: 1
}
leaderTerm: 2
previousLog {
  term: 1
  index: 120
}
entries {
  term: 2
  index: 121
  configurationEntry {
    peers {
      id: "s11"
      address: "0.0.0.0:15011"
      clientAddress: "0.0.0.0:15011"
      adminAddress: "0.0.0.0:15011"
      startupRole: FOLLOWER
    }
    peers {
      id: "s13"
      address: "0.0.0.0:15013"
      clientAddress: "0.0.0.0:15013"
      adminAddress: "0.0.0.0:15013"
      startupRole: FOLLOWER
    }
    peers {
      id: "s12"
      address: "0.0.0.0:15012"
      clientAddress: "0.0.0.0:15012"
      adminAddress: "0.0.0.0:15012"
      startupRole: FOLLOWER
    }
  }
}
leaderCommit: 120
commitInfos {
  server {
    id: "s12"
    address: "0.0.0.0:15012"
    clientAddress: "0.0.0.0:15012"
    adminAddress: "0.0.0.0:15012"
    startupRole: FOLLOWER
  }
  commitIndex: 120
}
commitInfos {
  server {
    id: "s11"
    address: "0.0.0.0:15011"
    clientAddress: "0.0.0.0:15011"
    adminAddress: "0.0.0.0:15011"
    startupRole: FOLLOWER
  }
  commitIndex: 120
}
commitInfos {
  server {
    id: "s13"
    address: "0.0.0.0:15013"
    clientAddress: "0.0.0.0:15013"
    adminAddress: "0.0.0.0:15013"
    startupRole: FOLLOWER
  }
  commitIndex: 120
}
)
2025-05-22 15:26:31,779 WARN  util.LeakDetector (LeakDetector.java:assertNoLeaks(175)) - 28/30) numLeaks == 1 > 0, will wait and retry ...
2025-05-22 15:26:32,780 WARN  util.ReferenceCountedLeakDetector (ReferenceCountedLeakDetector.java:logLeakMessage(168)) - LEAK: (class org.apache.ratis.proto.RaftProtos$AppendEntriesRequestProto, count=1, value=serverRequest {
  requestorId: "s12"
  replyId: "s13"
  raftGroupId {
    id: "\332\275Xy\265PD\000\222\235\276\260@\342G\361"
  }
  callId: 1
}
leaderTerm: 2
previousLog {
  term: 1
  index: 120
}
entries {
  term: 2
  index: 121
  configurationEntry {
    peers {
      id: "s11"
      address: "0.0.0.0:15011"
      clientAddress: "0.0.0.0:15011"
      adminAddress: "0.0.0.0:15011"
      startupRole: FOLLOWER
    }
    peers {
      id: "s13"
      address: "0.0.0.0:15013"
      clientAddress: "0.0.0.0:15013"
      adminAddress: "0.0.0.0:15013"
      startupRole: FOLLOWER
    }
    peers {
      id: "s12"
      address: "0.0.0.0:15012"
      clientAddress: "0.0.0.0:15012"
      adminAddress: "0.0.0.0:15012"
      startupRole: FOLLOWER
    }
  }
}
leaderCommit: 120
commitInfos {
  server {
    id: "s12"
    address: "0.0.0.0:15012"
    clientAddress: "0.0.0.0:15012"
    adminAddress: "0.0.0.0:15012"
    startupRole: FOLLOWER
  }
  commitIndex: 120
}
commitInfos {
  server {
    id: "s11"
    address: "0.0.0.0:15011"
    clientAddress: "0.0.0.0:15011"
    adminAddress: "0.0.0.0:15011"
    startupRole: FOLLOWER
  }
  commitIndex: 120
}
commitInfos {
  server {
    id: "s13"
    address: "0.0.0.0:15013"
    clientAddress: "0.0.0.0:15013"
    adminAddress: "0.0.0.0:15013"
    startupRole: FOLLOWER
  }
  commitIndex: 120
}
)
2025-05-22 15:26:32,780 WARN  util.LeakDetector (LeakDetector.java:assertNoLeaks(175)) - 29/30) numLeaks == 1 > 0, will wait and retry ...
2025-05-22 15:26:33,780 WARN  util.ReferenceCountedLeakDetector (ReferenceCountedLeakDetector.java:logLeakMessage(168)) - LEAK: (class org.apache.ratis.proto.RaftProtos$AppendEntriesRequestProto, count=1, value=serverRequest {
  requestorId: "s12"
  replyId: "s13"
  raftGroupId {
    id: "\332\275Xy\265PD\000\222\235\276\260@\342G\361"
  }
  callId: 1
}
leaderTerm: 2
previousLog {
  term: 1
  index: 120
}
entries {
  term: 2
  index: 121
  configurationEntry {
    peers {
      id: "s11"
      address: "0.0.0.0:15011"
      clientAddress: "0.0.0.0:15011"
      adminAddress: "0.0.0.0:15011"
      startupRole: FOLLOWER
    }
    peers {
      id: "s13"
      address: "0.0.0.0:15013"
      clientAddress: "0.0.0.0:15013"
      adminAddress: "0.0.0.0:15013"
      startupRole: FOLLOWER
    }
    peers {
      id: "s12"
      address: "0.0.0.0:15012"
      clientAddress: "0.0.0.0:15012"
      adminAddress: "0.0.0.0:15012"
      startupRole: FOLLOWER
    }
  }
}
leaderCommit: 120
commitInfos {
  server {
    id: "s12"
    address: "0.0.0.0:15012"
    clientAddress: "0.0.0.0:15012"
    adminAddress: "0.0.0.0:15012"
    startupRole: FOLLOWER
  }
  commitIndex: 120
}
commitInfos {
  server {
    id: "s11"
    address: "0.0.0.0:15011"
    clientAddress: "0.0.0.0:15011"
    adminAddress: "0.0.0.0:15011"
    startupRole: FOLLOWER
  }
  commitIndex: 120
}
commitInfos {
  server {
    id: "s13"
    address: "0.0.0.0:15013"
    clientAddress: "0.0.0.0:15013"
    adminAddress: "0.0.0.0:15013"
    startupRole: FOLLOWER
  }
  commitIndex: 120
}
)
]]></system-out>
    < type="org.opentest4j.TestAbortedException">
      <stackTrace><![CDATA[org.opentest4j.TestAbortedException: Assumption failed: numLeaks 1 > 0
	at org.apache.ratis.BaseTest.checkAssumptions(BaseTest.java:93)
	at org.apache.ratis.BaseTest.setup(BaseTest.java:81)
	at java.lang.reflect.Method.invoke(Method.java:498)
	at java.util.stream.ForEachOps$ForEachOp$OfRef.accept(ForEachOps.java:183)
	at java.util.stream.ReferencePipeline$3$1.accept(ReferencePipeline.java:193)
	at java.util.stream.ReferencePipeline$2$1.accept(ReferencePipeline.java:175)
	at java.util.stream.ReferencePipeline$3$1.accept(ReferencePipeline.java:193)
	at java.util.stream.ForEachOps$ForEachOp$OfRef.accept(ForEachOps.java:183)
	at java.util.stream.ReferencePipeline$3$1.accept(ReferencePipeline.java:193)
	at java.util.stream.ForEachOps$ForEachOp$OfRef.accept(ForEachOps.java:183)
	at java.util.stream.ForEachOps$ForEachOp$OfRef.accept(ForEachOps.java:183)
	at java.util.stream.ReferencePipeline$3$1.accept(ReferencePipeline.java:193)
	at java.util.ArrayList$ArrayListSpliterator.forEachRemaining(ArrayList.java:1384)
	at java.util.stream.ReferencePipeline$Head.forEach(ReferencePipeline.java:647)
	at java.util.stream.ReferencePipeline$7$1.accept(ReferencePipeline.java:272)
	at java.util.stream.ReferencePipeline$3$1.accept(ReferencePipeline.java:193)
	at java.util.stream.ReferencePipeline$3$1.accept(ReferencePipeline.java:193)
	at java.util.stream.ReferencePipeline$3$1.accept(ReferencePipeline.java:193)
	at java.util.Spliterators$ArraySpliterator.forEachRemaining(Spliterators.java:948)
	at java.util.stream.AbstractPipeline.copyInto(AbstractPipeline.java:482)
	at java.util.stream.AbstractPipeline.wrapAndCopyInto(AbstractPipeline.java:472)
	at java.util.stream.ForEachOps$ForEachOp.evaluateSequential(ForEachOps.java:150)
	at java.util.stream.ForEachOps$ForEachOp$OfRef.evaluateSequential(ForEachOps.java:173)
	at java.util.stream.AbstractPipeline.evaluate(AbstractPipeline.java:234)
	at java.util.stream.ReferencePipeline.forEach(ReferencePipeline.java:485)
	at java.util.stream.ReferencePipeline$7$1.accept(ReferencePipeline.java:272)
	at java.util.ArrayList$ArrayListSpliterator.forEachRemaining(ArrayList.java:1384)
	at java.util.stream.AbstractPipeline.copyInto(AbstractPipeline.java:482)
	at java.util.stream.AbstractPipeline.wrapAndCopyInto(AbstractPipeline.java:472)
	at java.util.stream.ForEachOps$ForEachOp.evaluateSequential(ForEachOps.java:150)
	at java.util.stream.ForEachOps$ForEachOp$OfRef.evaluateSequential(ForEachOps.java:173)
	at java.util.stream.AbstractPipeline.evaluate(AbstractPipeline.java:234)
	at java.util.stream.ReferencePipeline.forEach(ReferencePipeline.java:485)
	at java.util.stream.ReferencePipeline$7$1.accept(ReferencePipeline.java:272)
	at java.util.stream.ReferencePipeline$3$1.accept(ReferencePipeline.java:193)
	at java.util.stream.ReferencePipeline$3$1.accept(ReferencePipeline.java:193)
	at java.util.stream.ReferencePipeline$3$1.accept(ReferencePipeline.java:193)
	at java.util.ArrayList$ArrayListSpliterator.forEachRemaining(ArrayList.java:1384)
	at java.util.stream.AbstractPipeline.copyInto(AbstractPipeline.java:482)
	at java.util.stream.AbstractPipeline.wrapAndCopyInto(AbstractPipeline.java:472)
	at java.util.stream.ForEachOps$ForEachOp.evaluateSequential(ForEachOps.java:150)
	at java.util.stream.ForEachOps$ForEachOp$OfRef.evaluateSequential(ForEachOps.java:173)
	at java.util.stream.AbstractPipeline.evaluate(AbstractPipeline.java:234)
	at java.util.stream.ReferencePipeline.forEach(ReferencePipeline.java:485)
	at java.util.stream.ReferencePipeline$7$1.accept(ReferencePipeline.java:272)
	at java.util.ArrayList$ArrayListSpliterator.forEachRemaining(ArrayList.java:1384)
	at java.util.stream.AbstractPipeline.copyInto(AbstractPipeline.java:482)
	at java.util.stream.AbstractPipeline.wrapAndCopyInto(AbstractPipeline.java:472)
	at java.util.stream.ForEachOps$ForEachOp.evaluateSequential(ForEachOps.java:150)
	at java.util.stream.ForEachOps$ForEachOp$OfRef.evaluateSequential(ForEachOps.java:173)
	at java.util.stream.AbstractPipeline.evaluate(AbstractPipeline.java:234)
	at java.util.stream.ReferencePipeline.forEach(ReferencePipeline.java:485)
	at java.util.ArrayList.forEach(ArrayList.java:1259)
	at java.util.ArrayList.forEach(ArrayList.java:1259)
]]></stackTrace>
      <system-out><![CDATA[2025-05-22 15:26:33,819 INFO  impl.MiniRaftCluster (MiniRaftCluster.java:<init>(319)) - new MiniRaftClusterWithSimulatedRpc with group-9DE5C0C63444:[]
2025-05-22 15:26:33,819 INFO  impl.MiniRaftCluster (MiniRaftCluster.java:<init>(319)) - new MiniRaftClusterWithGrpc with group-D69DF88BFA67:[]
2025-05-22 15:26:33,819 INFO  impl.MiniRaftCluster (MiniRaftCluster.java:<init>(319)) - new MiniRaftClusterWithNetty with group-3F866B3B35CC:[]
2025-05-22 15:26:33,820 INFO  examples.ParameterizedBaseTest (ParameterizedBaseTest.java:getMiniRaftClusters(114)) - 0: MiniRaftClusterWithSimulatedRpc
2025-05-22 15:26:33,820 INFO  examples.ParameterizedBaseTest (ParameterizedBaseTest.java:getMiniRaftClusters(114)) - 1: MiniRaftClusterWithGrpc
2025-05-22 15:26:33,820 INFO  examples.ParameterizedBaseTest (ParameterizedBaseTest.java:getMiniRaftClusters(114)) - 2: MiniRaftClusterWithNetty
2025-05-22 15:26:33,820 INFO  examples.ParameterizedBaseTest (ParameterizedBaseTest.java:getMiniRaftClusters(116)) - #clusters = 3
2025-05-22 15:26:33,821 INFO  util.LogUtils (Slf4jUtils.java:setLogLevel(38)) - Successfully set org.apache.ratis.conf.ConfUtils log level to WARN
2025-05-22 15:26:33,821 INFO  util.LogUtils (Slf4jUtils.java:setLogLevel(38)) - Successfully set org.apache.ratis.util.FileUtils log level to TRACE
2025-05-22 15:26:33,825 WARN  util.ReferenceCountedLeakDetector (ReferenceCountedLeakDetector.java:logLeakMessage(168)) - LEAK: (class org.apache.ratis.proto.RaftProtos$AppendEntriesRequestProto, count=1, value=serverRequest {
  requestorId: "s12"
  replyId: "s13"
  raftGroupId {
    id: "\332\275Xy\265PD\000\222\235\276\260@\342G\361"
  }
  callId: 1
}
leaderTerm: 2
previousLog {
  term: 1
  index: 120
}
entries {
  term: 2
  index: 121
  configurationEntry {
    peers {
      id: "s11"
      address: "0.0.0.0:15011"
      clientAddress: "0.0.0.0:15011"
      adminAddress: "0.0.0.0:15011"
      startupRole: FOLLOWER
    }
    peers {
      id: "s13"
      address: "0.0.0.0:15013"
      clientAddress: "0.0.0.0:15013"
      adminAddress: "0.0.0.0:15013"
      startupRole: FOLLOWER
    }
    peers {
      id: "s12"
      address: "0.0.0.0:15012"
      clientAddress: "0.0.0.0:15012"
      adminAddress: "0.0.0.0:15012"
      startupRole: FOLLOWER
    }
  }
}
leaderCommit: 120
commitInfos {
  server {
    id: "s12"
    address: "0.0.0.0:15012"
    clientAddress: "0.0.0.0:15012"
    adminAddress: "0.0.0.0:15012"
    startupRole: FOLLOWER
  }
  commitIndex: 120
}
commitInfos {
  server {
    id: "s11"
    address: "0.0.0.0:15011"
    clientAddress: "0.0.0.0:15011"
    adminAddress: "0.0.0.0:15011"
    startupRole: FOLLOWER
  }
  commitIndex: 120
}
commitInfos {
  server {
    id: "s13"
    address: "0.0.0.0:15013"
    clientAddress: "0.0.0.0:15013"
    adminAddress: "0.0.0.0:15013"
    startupRole: FOLLOWER
  }
  commitIndex: 120
}
)
]]></system-out>
    </>
  </testcase>
  <testcase name="testMultiRaftGroup(MiniRaftCluster)[3]" classname="org.apache.ratis.TestMultiRaftGroup" time="0">
    <skipped type="org.opentest4j.TestAbortedException"><![CDATA[org.opentest4j.TestAbortedException: Assumption failed: numLeaks 1 > 0
	at org.apache.ratis.BaseTest.checkAssumptions(BaseTest.java:93)
	at org.apache.ratis.BaseTest.setup(BaseTest.java:81)
	at java.lang.reflect.Method.invoke(Method.java:498)
	at java.util.stream.ForEachOps$ForEachOp$OfRef.accept(ForEachOps.java:183)
	at java.util.stream.ReferencePipeline$3$1.accept(ReferencePipeline.java:193)
	at java.util.stream.ReferencePipeline$2$1.accept(ReferencePipeline.java:175)
	at java.util.stream.ReferencePipeline$3$1.accept(ReferencePipeline.java:193)
	at java.util.stream.ForEachOps$ForEachOp$OfRef.accept(ForEachOps.java:183)
	at java.util.stream.ReferencePipeline$3$1.accept(ReferencePipeline.java:193)
	at java.util.stream.ForEachOps$ForEachOp$OfRef.accept(ForEachOps.java:183)
	at java.util.stream.ForEachOps$ForEachOp$OfRef.accept(ForEachOps.java:183)
	at java.util.stream.ReferencePipeline$3$1.accept(ReferencePipeline.java:193)
	at java.util.ArrayList$ArrayListSpliterator.forEachRemaining(ArrayList.java:1384)
	at java.util.stream.ReferencePipeline$Head.forEach(ReferencePipeline.java:647)
	at java.util.stream.ReferencePipeline$7$1.accept(ReferencePipeline.java:272)
	at java.util.stream.ReferencePipeline$3$1.accept(ReferencePipeline.java:193)
	at java.util.stream.ReferencePipeline$3$1.accept(ReferencePipeline.java:193)
	at java.util.stream.ReferencePipeline$3$1.accept(ReferencePipeline.java:193)
	at java.util.Spliterators$ArraySpliterator.forEachRemaining(Spliterators.java:948)
	at java.util.stream.AbstractPipeline.copyInto(AbstractPipeline.java:482)
	at java.util.stream.AbstractPipeline.wrapAndCopyInto(AbstractPipeline.java:472)
	at java.util.stream.ForEachOps$ForEachOp.evaluateSequential(ForEachOps.java:150)
	at java.util.stream.ForEachOps$ForEachOp$OfRef.evaluateSequential(ForEachOps.java:173)
	at java.util.stream.AbstractPipeline.evaluate(AbstractPipeline.java:234)
	at java.util.stream.ReferencePipeline.forEach(ReferencePipeline.java:485)
	at java.util.stream.ReferencePipeline$7$1.accept(ReferencePipeline.java:272)
	at java.util.ArrayList$ArrayListSpliterator.forEachRemaining(ArrayList.java:1384)
	at java.util.stream.AbstractPipeline.copyInto(AbstractPipeline.java:482)
	at java.util.stream.AbstractPipeline.wrapAndCopyInto(AbstractPipeline.java:472)
	at java.util.stream.ForEachOps$ForEachOp.evaluateSequential(ForEachOps.java:150)
	at java.util.stream.ForEachOps$ForEachOp$OfRef.evaluateSequential(ForEachOps.java:173)
	at java.util.stream.AbstractPipeline.evaluate(AbstractPipeline.java:234)
	at java.util.stream.ReferencePipeline.forEach(ReferencePipeline.java:485)
	at java.util.stream.ReferencePipeline$7$1.accept(ReferencePipeline.java:272)
	at java.util.stream.ReferencePipeline$3$1.accept(ReferencePipeline.java:193)
	at java.util.stream.ReferencePipeline$3$1.accept(ReferencePipeline.java:193)
	at java.util.stream.ReferencePipeline$3$1.accept(ReferencePipeline.java:193)
	at java.util.ArrayList$ArrayListSpliterator.forEachRemaining(ArrayList.java:1384)
	at java.util.stream.AbstractPipeline.copyInto(AbstractPipeline.java:482)
	at java.util.stream.AbstractPipeline.wrapAndCopyInto(AbstractPipeline.java:472)
	at java.util.stream.ForEachOps$ForEachOp.evaluateSequential(ForEachOps.java:150)
	at java.util.stream.ForEachOps$ForEachOp$OfRef.evaluateSequential(ForEachOps.java:173)
	at java.util.stream.AbstractPipeline.evaluate(AbstractPipeline.java:234)
	at java.util.stream.ReferencePipeline.forEach(ReferencePipeline.java:485)
	at java.util.stream.ReferencePipeline$7$1.accept(ReferencePipeline.java:272)
	at java.util.ArrayList$ArrayListSpliterator.forEachRemaining(ArrayList.java:1384)
	at java.util.stream.AbstractPipeline.copyInto(AbstractPipeline.java:482)
	at java.util.stream.AbstractPipeline.wrapAndCopyInto(AbstractPipeline.java:472)
	at java.util.stream.ForEachOps$ForEachOp.evaluateSequential(ForEachOps.java:150)
	at java.util.stream.ForEachOps$ForEachOp$OfRef.evaluateSequential(ForEachOps.java:173)
	at java.util.stream.AbstractPipeline.evaluate(AbstractPipeline.java:234)
	at java.util.stream.ReferencePipeline.forEach(ReferencePipeline.java:485)
	at java.util.ArrayList.forEach(ArrayList.java:1259)
	at java.util.ArrayList.forEach(ArrayList.java:1259)
]]></skipped>
  </testcase>
</testsuite>