<?xml version="1.0" encoding="UTF-8"?>
<testsuite xmlns:xsi="http://www.w3.org/2001/XMLSchema-instance" xsi:noNamespaceSchemaLocation="https://maven.apache.org/surefire/maven-surefire-plugin/xsd/surefire-test-report-3.0.xsd" version="3.0" name="org.apache.ratis.grpc.TestRetryCacheWithGrpc" time="10.281" tests="4" errors="0" skipped="0" failures="1">
  <properties>
    <property name="awt.toolkit" value="sun.awt.X11.XToolkit"/>
    <property name="java.specification.version" value="11"/>
    <property name="sun.cpu.isalist" value=""/>
    <property name="sun.jnu.encoding" value="UTF-8"/>
    <property name="java.class.path" value="/home/runner/work/ratis/ratis/ratis-test/target/test-classes:/home/runner/work/ratis/ratis/ratis-test/target/classes:/home/runner/work/ratis/ratis/ratis-common/target/classes:/home/runner/.m2/repository/org/apache/ratis/ratis-thirdparty-misc/1.0.5/ratis-thirdparty-misc-1.0.5.jar:/home/runner/work/ratis/ratis/ratis-proto/target/classes:/home/runner/work/ratis/ratis/ratis-common/target/test-classes:/home/runner/work/ratis/ratis/ratis-client/target/classes:/home/runner/work/ratis/ratis/ratis-server/target/classes:/home/runner/work/ratis/ratis/ratis-server-api/target/classes:/home/runner/work/ratis/ratis/ratis-metrics-api/target/classes:/home/runner/work/ratis/ratis/ratis-server/target/test-classes:/home/runner/work/ratis/ratis/ratis-metrics-default/target/classes:/home/runner/work/ratis/ratis/ratis-netty/target/classes:/home/runner/work/ratis/ratis/ratis-netty/target/test-classes:/home/runner/work/ratis/ratis/ratis-grpc/target/classes:/home/runner/work/ratis/ratis/ratis-grpc/target/test-classes:/home/runner/work/ratis/ratis/ratis-shell/target/classes:/home/runner/.m2/repository/commons-cli/commons-cli/1.5.0/commons-cli-1.5.0.jar:/home/runner/.m2/repository/org/reflections/reflections/0.10.2/reflections-0.10.2.jar:/home/runner/.m2/repository/org/javassist/javassist/3.28.0-GA/javassist-3.28.0-GA.jar:/home/runner/.m2/repository/com/google/code/findbugs/jsr305/3.0.2/jsr305-3.0.2.jar:/home/runner/.m2/repository/org/bouncycastle/bcprov-jdk18on/1.76/bcprov-jdk18on-1.76.jar:/home/runner/.m2/repository/org/bouncycastle/bcpkix-jdk18on/1.76/bcpkix-jdk18on-1.76.jar:/home/runner/.m2/repository/org/bouncycastle/bcutil-jdk18on/1.76/bcutil-jdk18on-1.76.jar:/home/runner/.m2/repository/org/slf4j/slf4j-api/2.0.7/slf4j-api-2.0.7.jar:/home/runner/.m2/repository/org/slf4j/slf4j-reload4j/2.0.7/slf4j-reload4j-2.0.7.jar:/home/runner/.m2/repository/ch/qos/reload4j/reload4j/1.2.22/reload4j-1.2.22.jar:/home/runner/.m2/repository/junit/junit/4.13.2/junit-4.13.2.jar:/home/runner/.m2/repository/org/hamcrest/hamcrest-core/1.3/hamcrest-core-1.3.jar:/home/runner/.m2/repository/org/mockito/mockito-core/4.3.1/mockito-core-4.3.1.jar:/home/runner/.m2/repository/net/bytebuddy/byte-buddy/1.12.7/byte-buddy-1.12.7.jar:/home/runner/.m2/repository/net/bytebuddy/byte-buddy-agent/1.12.7/byte-buddy-agent-1.12.7.jar:/home/runner/.m2/repository/org/objenesis/objenesis/3.2/objenesis-3.2.jar:"/>
    <property name="java.vm.vendor" value="Eclipse Adoptium"/>
    <property name="sun.arch.data.model" value="64"/>
    <property name="java.vendor.url" value="https://adoptium.net/"/>
    <property name="user.timezone" value=""/>
    <property name="java.vm.specification.version" value="11"/>
    <property name="os.name" value="Linux"/>
    <property name="sun.java.launcher" value="SUN_STANDARD"/>
    <property name="sun.boot.library.path" value="/usr/lib/jvm/temurin-11-jdk-amd64/lib"/>
    <property name="sun.java.command" value="/home/runner/work/ratis/ratis/ratis-test/target/surefire/surefirebooter-20231128064226513_51.jar /home/runner/work/ratis/ratis/ratis-test/target/surefire 2023-11-28T06-41-53_453-jvmRun1 surefire-20231128064226513_49tmp surefire_7-20231128064226513_50tmp"/>
    <property name="jdk.debug" value="release"/>
    <property name="surefire.test.class.path" value="/home/runner/work/ratis/ratis/ratis-test/target/test-classes:/home/runner/work/ratis/ratis/ratis-test/target/classes:/home/runner/work/ratis/ratis/ratis-common/target/classes:/home/runner/.m2/repository/org/apache/ratis/ratis-thirdparty-misc/1.0.5/ratis-thirdparty-misc-1.0.5.jar:/home/runner/work/ratis/ratis/ratis-proto/target/classes:/home/runner/work/ratis/ratis/ratis-common/target/test-classes:/home/runner/work/ratis/ratis/ratis-client/target/classes:/home/runner/work/ratis/ratis/ratis-server/target/classes:/home/runner/work/ratis/ratis/ratis-server-api/target/classes:/home/runner/work/ratis/ratis/ratis-metrics-api/target/classes:/home/runner/work/ratis/ratis/ratis-server/target/test-classes:/home/runner/work/ratis/ratis/ratis-metrics-default/target/classes:/home/runner/work/ratis/ratis/ratis-netty/target/classes:/home/runner/work/ratis/ratis/ratis-netty/target/test-classes:/home/runner/work/ratis/ratis/ratis-grpc/target/classes:/home/runner/work/ratis/ratis/ratis-grpc/target/test-classes:/home/runner/work/ratis/ratis/ratis-shell/target/classes:/home/runner/.m2/repository/commons-cli/commons-cli/1.5.0/commons-cli-1.5.0.jar:/home/runner/.m2/repository/org/reflections/reflections/0.10.2/reflections-0.10.2.jar:/home/runner/.m2/repository/org/javassist/javassist/3.28.0-GA/javassist-3.28.0-GA.jar:/home/runner/.m2/repository/com/google/code/findbugs/jsr305/3.0.2/jsr305-3.0.2.jar:/home/runner/.m2/repository/org/bouncycastle/bcprov-jdk18on/1.76/bcprov-jdk18on-1.76.jar:/home/runner/.m2/repository/org/bouncycastle/bcpkix-jdk18on/1.76/bcpkix-jdk18on-1.76.jar:/home/runner/.m2/repository/org/bouncycastle/bcutil-jdk18on/1.76/bcutil-jdk18on-1.76.jar:/home/runner/.m2/repository/org/slf4j/slf4j-api/2.0.7/slf4j-api-2.0.7.jar:/home/runner/.m2/repository/org/slf4j/slf4j-reload4j/2.0.7/slf4j-reload4j-2.0.7.jar:/home/runner/.m2/repository/ch/qos/reload4j/reload4j/1.2.22/reload4j-1.2.22.jar:/home/runner/.m2/repository/junit/junit/4.13.2/junit-4.13.2.jar:/home/runner/.m2/repository/org/hamcrest/hamcrest-core/1.3/hamcrest-core-1.3.jar:/home/runner/.m2/repository/org/mockito/mockito-core/4.3.1/mockito-core-4.3.1.jar:/home/runner/.m2/repository/net/bytebuddy/byte-buddy/1.12.7/byte-buddy-1.12.7.jar:/home/runner/.m2/repository/net/bytebuddy/byte-buddy-agent/1.12.7/byte-buddy-agent-1.12.7.jar:/home/runner/.m2/repository/org/objenesis/objenesis/3.2/objenesis-3.2.jar:"/>
    <property name="sun.cpu.endian" value="little"/>
    <property name="user.home" value="/home/runner"/>
    <property name="user.language" value="en"/>
    <property name="java.specification.vendor" value="Oracle Corporation"/>
    <property name="java.version.date" value="2023-10-17"/>
    <property name="java.home" value="/usr/lib/jvm/temurin-11-jdk-amd64"/>
    <property name="file.separator" value="/"/>
    <property name="basedir" value="/home/runner/work/ratis/ratis/ratis-test"/>
    <property name="java.vm.compressedOopsMode" value="32-bit"/>
    <property name="line.separator" value="&#10;"/>
    <property name="java.specification.name" value="Java Platform API Specification"/>
    <property name="java.vm.specification.vendor" value="Oracle Corporation"/>
    <property name="java.awt.graphicsenv" value="sun.awt.X11GraphicsEnvironment"/>
    <property name="surefire.real.class.path" value="/home/runner/work/ratis/ratis/ratis-test/target/surefire/surefirebooter-20231128064226513_51.jar"/>
    <property name="sun.management.compiler" value="HotSpot 64-Bit Tiered Compilers"/>
    <property name="java.runtime.version" value="11.0.21+9"/>
    <property name="user.name" value="runner"/>
    <property name="java.net.preferIPv4Stack" value="true"/>
    <property name="path.separator" value=":"/>
    <property name="os.version" value="5.15.0-1051-azure"/>
    <property name="java.runtime.name" value="OpenJDK Runtime Environment"/>
    <property name="file.encoding" value="UTF-8"/>
    <property name="java.vm.name" value="OpenJDK 64-Bit Server VM"/>
    <property name="java.vendor.version" value="Temurin-11.0.21+9"/>
    <property name="localRepository" value="/home/runner/.m2/repository"/>
    <property name="java.vendor.url.bug" value="https://github.com/adoptium/adoptium-support/issues"/>
    <property name="java.io.tmpdir" value="/tmp"/>
    <property name="java.version" value="11.0.21"/>
    <property name="user.dir" value="/home/runner/work/ratis/ratis/ratis-test"/>
    <property name="os.arch" value="amd64"/>
    <property name="ratis.tmp.dir" value="/home/runner/work/ratis/ratis/ratis-test/target/tmp"/>
    <property name="java.vm.specification.name" value="Java Virtual Machine Specification"/>
    <property name="java.awt.printerjob" value="sun.print.PSPrinterJob"/>
    <property name="ratis.log.dir" value="/home/runner/work/ratis/ratis/ratis-test/target/log"/>
    <property name="sun.os.patch.level" value="unknown"/>
    <property name="java.library.path" value="/usr/java/packages/lib:/usr/lib64:/lib64:/lib:/usr/lib"/>
    <property name="java.vm.info" value="mixed mode"/>
    <property name="java.vendor" value="Eclipse Adoptium"/>
    <property name="java.vm.version" value="11.0.21+9"/>
    <property name="java.specification.maintenance.version" value="2"/>
    <property name="sun.io.unicode.encoding" value="UnicodeLittle"/>
    <property name="java.class.version" value="55.0"/>
  </properties>
  <testcase name="testRetryOnResourceUnavailableException" classname="org.apache.ratis.grpc.TestRetryCacheWithGrpc" time="2.715">
    <system-out><![CDATA[2023-11-28 06:43:22,811 [main] INFO  util.LogUtils (Slf4jUtils.java:setLogLevel(38)) - Successfully set org.apache.ratis.server.RaftServer$Division log level to DEBUG
2023-11-28 06:43:22,814 [main] INFO  util.LogUtils (Slf4jUtils.java:setLogLevel(38)) - Successfully set org.apache.ratis.conf.ConfUtils log level to WARN
2023-11-28 06:43:22,815 [main] INFO  util.LogUtils (Slf4jUtils.java:setLogLevel(38)) - Successfully set org.apache.ratis.util.FileUtils log level to TRACE
2023-11-28 06:43:22,818 [main] INFO  util.LogUtils (Slf4jUtils.java:setLogLevel(38)) - Successfully set org.apache.ratis.server.RetryCache log level to TRACE
2023-11-28 06:43:22,902 [Time-limited test] INFO  impl.MiniRaftCluster (MiniRaftCluster.java:<init>(306)) - new MiniRaftClusterWithGrpc with group-FC4214F7AD5F:[s0|localhost:38701, s1|localhost:37909, s2|localhost:41117]
2023-11-28 06:43:22,903 [Time-limited test] INFO  impl.MiniRaftCluster (MiniRaftCluster.java:start(339)) - .............................................................. 
2023-11-28 06:43:22,903 [Time-limited test] INFO  impl.MiniRaftCluster (MiniRaftCluster.java:start(340)) - ... 
2023-11-28 06:43:22,903 [Time-limited test] INFO  impl.MiniRaftCluster (MiniRaftCluster.java:start(341)) - ...     Starting MiniRaftClusterWithGrpc
2023-11-28 06:43:22,903 [Time-limited test] INFO  impl.MiniRaftCluster (MiniRaftCluster.java:start(342)) - ... 
2023-11-28 06:43:22,904 [Time-limited test] INFO  impl.MiniRaftCluster (MiniRaftCluster.java:start(343)) - .............................................................. 
2023-11-28 06:43:22,904 [Time-limited test] INFO  impl.MiniRaftCluster (MiniRaftCluster.java:initServers(318)) - servers = {}
2023-11-28 06:43:22,907 [Time-limited test] INFO  impl.MiniRaftCluster (MiniRaftCluster.java:newRaftServer(382)) - newRaftServer: s0, group-FC4214F7AD5F:[s0|localhost:38701, s1|localhost:37909, s2|localhost:41117], format? true
2023-11-28 06:43:22,908 [Time-limited test] TRACE util.FileUtils (FileUtils.java:deleteFully(305)) - deleteFully target/test/data/cc86e3b/MiniRaftClusterWithGrpc7db59660/s0
2023-11-28 06:43:22,909 [Time-limited test] TRACE util.FileUtils (FileUtils.java:deleteFully(318)) - deleteFully: target/test/data/cc86e3b/MiniRaftClusterWithGrpc7db59660/s0 does not exist.
2023-11-28 06:43:22,909 [Time-limited test] INFO  impl.MiniRaftCluster (MiniRaftCluster.java:newRaftServer(387)) - Formatted directory target/test/data/cc86e3b/MiniRaftClusterWithGrpc7db59660/s0
2023-11-28 06:43:22,926 [Time-limited test] INFO  server.RaftServer (ConfUtils.java:logGet(46)) - raft.rpc.type = GRPC (default)
2023-11-28 06:43:22,969 [Time-limited test] INFO  grpc.GrpcConfigKeys (ConfUtils.java:logFallback(53)) - raft.grpc.admin.host = null (fallback to raft.grpc.server.host)
2023-11-28 06:43:22,970 [Time-limited test] INFO  grpc.GrpcConfigKeys (ConfUtils.java:logGet(46)) - raft.grpc.admin.port = 36009 (custom)
2023-11-28 06:43:22,970 [Time-limited test] INFO  grpc.GrpcConfigKeys (ConfUtils.java:logFallback(53)) - raft.grpc.client.host = null (fallback to raft.grpc.server.host)
2023-11-28 06:43:22,971 [Time-limited test] INFO  grpc.GrpcConfigKeys (ConfUtils.java:logGet(46)) - raft.grpc.client.port = 40319 (custom)
2023-11-28 06:43:22,971 [Time-limited test] INFO  grpc.GrpcConfigKeys (ConfUtils.java:logGet(46)) - raft.grpc.server.host = null (default)
2023-11-28 06:43:22,971 [Time-limited test] INFO  grpc.GrpcConfigKeys (ConfUtils.java:logGet(46)) - raft.grpc.server.port = 38701 (custom)
2023-11-28 06:43:22,972 [Time-limited test] INFO  server.GrpcService (ConfUtils.java:logGet(46)) - raft.grpc.message.size.max = 64MB (=67108864) (default)
2023-11-28 06:43:22,973 [Time-limited test] INFO  server.RaftServerConfigKeys (ConfUtils.java:logGet(46)) - raft.server.log.appender.buffer.byte-limit = 4MB (=4194304) (default)
2023-11-28 06:43:22,974 [Time-limited test] INFO  server.GrpcService (ConfUtils.java:logGet(46)) - raft.grpc.flow.control.window = 1MB (=1048576) (default)
2023-11-28 06:43:22,977 [Time-limited test] INFO  server.RaftServerConfigKeys (ConfUtils.java:logGet(46)) - raft.server.rpc.request.timeout = 3000ms (default)
2023-11-28 06:43:22,989 [Time-limited test] INFO  grpc.GrpcConfigKeys (ConfUtils.java:logGet(46)) - raft.grpc.server.heartbeat.channel = true (default)
2023-11-28 06:43:22,992 [Time-limited test] INFO  grpc.GrpcConfigKeys (ConfUtils.java:logGet(46)) - raft.grpc.server.async.request.thread.pool.cached = true (default)
2023-11-28 06:43:22,993 [Time-limited test] INFO  grpc.GrpcConfigKeys (ConfUtils.java:logGet(46)) - raft.grpc.server.async.request.thread.pool.size = 32 (default)
2023-11-28 06:43:23,129 [Time-limited test] INFO  impl.DataStreamServerImpl (ConfUtils.java:logGet(46)) - raft.datastream.type = DISABLED (default)
2023-11-28 06:43:23,138 [Time-limited test] INFO  server.RaftServerConfigKeys (ConfUtils.java:logGet(46)) - raft.server.sleep.deviation.threshold = 300ms (default)
2023-11-28 06:43:23,142 [Time-limited test] INFO  server.RaftServerConfigKeys (ConfUtils.java:logGet(46)) - raft.server.close.threshold = 60s (default)
2023-11-28 06:43:23,142 [Time-limited test] INFO  server.RaftServerConfigKeys (ConfUtils.java:logGet(46)) - raft.server.leaderelection.leader.step-down.wait-time = 10s (default)
2023-11-28 06:43:23,147 [Time-limited test] INFO  server.RaftServerConfigKeys (ConfUtils.java:logGet(46)) - raft.server.storage.dir = [/home/runner/work/ratis/ratis/ratis-test/target/test/data/cc86e3b/MiniRaftClusterWithGrpc7db59660/s0] (custom)
2023-11-28 06:43:23,148 [Time-limited test] INFO  server.RaftServerConfigKeys (ConfUtils.java:logGet(46)) - raft.server.threadpool.proxy.cached = true (default)
2023-11-28 06:43:23,148 [Time-limited test] INFO  server.RaftServerConfigKeys (ConfUtils.java:logGet(46)) - raft.server.threadpool.proxy.size = 0 (default)
2023-11-28 06:43:23,157 [Time-limited test] INFO  server.RaftServer (RaftServerProxy.java:addNew(100)) - s0: addNew group-FC4214F7AD5F:[s0|localhost:38701, s1|localhost:37909, s2|localhost:41117] returns group-FC4214F7AD5F:java.util.concurrent.CompletableFuture@7029c92f[Not completed]
2023-11-28 06:43:23,157 [Time-limited test] INFO  impl.MiniRaftCluster (MiniRaftCluster.java:newRaftServer(382)) - newRaftServer: s1, group-FC4214F7AD5F:[s0|localhost:38701, s1|localhost:37909, s2|localhost:41117], format? true
2023-11-28 06:43:23,158 [Time-limited test] TRACE util.FileUtils (FileUtils.java:deleteFully(305)) - deleteFully target/test/data/cc86e3b/MiniRaftClusterWithGrpc7db59660/s1
2023-11-28 06:43:23,159 [Time-limited test] TRACE util.FileUtils (FileUtils.java:deleteFully(318)) - deleteFully: target/test/data/cc86e3b/MiniRaftClusterWithGrpc7db59660/s1 does not exist.
2023-11-28 06:43:23,159 [Time-limited test] INFO  impl.MiniRaftCluster (MiniRaftCluster.java:newRaftServer(387)) - Formatted directory target/test/data/cc86e3b/MiniRaftClusterWithGrpc7db59660/s1
2023-11-28 06:43:23,160 [Time-limited test] INFO  server.RaftServer (ConfUtils.java:logGet(46)) - raft.rpc.type = GRPC (default)
2023-11-28 06:43:23,160 [Time-limited test] INFO  grpc.GrpcConfigKeys (ConfUtils.java:logFallback(53)) - raft.grpc.admin.host = null (fallback to raft.grpc.server.host)
2023-11-28 06:43:23,160 [Time-limited test] INFO  grpc.GrpcConfigKeys (ConfUtils.java:logGet(46)) - raft.grpc.admin.port = 35933 (custom)
2023-11-28 06:43:23,160 [Time-limited test] INFO  grpc.GrpcConfigKeys (ConfUtils.java:logFallback(53)) - raft.grpc.client.host = null (fallback to raft.grpc.server.host)
2023-11-28 06:43:23,161 [Time-limited test] INFO  grpc.GrpcConfigKeys (ConfUtils.java:logGet(46)) - raft.grpc.client.port = 35839 (custom)
2023-11-28 06:43:23,161 [Time-limited test] INFO  grpc.GrpcConfigKeys (ConfUtils.java:logGet(46)) - raft.grpc.server.host = null (default)
2023-11-28 06:43:23,161 [Time-limited test] INFO  grpc.GrpcConfigKeys (ConfUtils.java:logGet(46)) - raft.grpc.server.port = 37909 (custom)
2023-11-28 06:43:23,161 [Time-limited test] INFO  server.GrpcService (ConfUtils.java:logGet(46)) - raft.grpc.message.size.max = 64MB (=67108864) (default)
2023-11-28 06:43:23,162 [Time-limited test] INFO  server.RaftServerConfigKeys (ConfUtils.java:logGet(46)) - raft.server.log.appender.buffer.byte-limit = 4MB (=4194304) (default)
2023-11-28 06:43:23,162 [Time-limited test] INFO  server.GrpcService (ConfUtils.java:logGet(46)) - raft.grpc.flow.control.window = 1MB (=1048576) (default)
2023-11-28 06:43:23,162 [Time-limited test] INFO  server.RaftServerConfigKeys (ConfUtils.java:logGet(46)) - raft.server.rpc.request.timeout = 3000ms (default)
2023-11-28 06:43:23,162 [Time-limited test] INFO  grpc.GrpcConfigKeys (ConfUtils.java:logGet(46)) - raft.grpc.server.heartbeat.channel = true (default)
2023-11-28 06:43:23,163 [Time-limited test] INFO  grpc.GrpcConfigKeys (ConfUtils.java:logGet(46)) - raft.grpc.server.async.request.thread.pool.cached = true (default)
2023-11-28 06:43:23,163 [Time-limited test] INFO  grpc.GrpcConfigKeys (ConfUtils.java:logGet(46)) - raft.grpc.server.async.request.thread.pool.size = 32 (default)
2023-11-28 06:43:23,165 [Time-limited test] INFO  impl.DataStreamServerImpl (ConfUtils.java:logGet(46)) - raft.datastream.type = DISABLED (default)
2023-11-28 06:43:23,166 [Time-limited test] INFO  server.RaftServerConfigKeys (ConfUtils.java:logGet(46)) - raft.server.sleep.deviation.threshold = 300ms (default)
2023-11-28 06:43:23,166 [Time-limited test] INFO  server.RaftServerConfigKeys (ConfUtils.java:logGet(46)) - raft.server.close.threshold = 60s (default)
2023-11-28 06:43:23,167 [Time-limited test] INFO  server.RaftServerConfigKeys (ConfUtils.java:logGet(46)) - raft.server.leaderelection.leader.step-down.wait-time = 10s (default)
2023-11-28 06:43:23,167 [Time-limited test] INFO  server.RaftServerConfigKeys (ConfUtils.java:logGet(46)) - raft.server.storage.dir = [/home/runner/work/ratis/ratis/ratis-test/target/test/data/cc86e3b/MiniRaftClusterWithGrpc7db59660/s1] (custom)
2023-11-28 06:43:23,167 [Time-limited test] INFO  server.RaftServerConfigKeys (ConfUtils.java:logGet(46)) - raft.server.threadpool.proxy.cached = true (default)
2023-11-28 06:43:23,167 [Time-limited test] INFO  server.RaftServerConfigKeys (ConfUtils.java:logGet(46)) - raft.server.threadpool.proxy.size = 0 (default)
2023-11-28 06:43:23,168 [Time-limited test] INFO  server.RaftServer (RaftServerProxy.java:addNew(100)) - s1: addNew group-FC4214F7AD5F:[s0|localhost:38701, s1|localhost:37909, s2|localhost:41117] returns group-FC4214F7AD5F:java.util.concurrent.CompletableFuture@4a962686[Not completed]
2023-11-28 06:43:23,169 [Time-limited test] INFO  impl.MiniRaftCluster (MiniRaftCluster.java:newRaftServer(382)) - newRaftServer: s2, group-FC4214F7AD5F:[s0|localhost:38701, s1|localhost:37909, s2|localhost:41117], format? true
2023-11-28 06:43:23,169 [Time-limited test] TRACE util.FileUtils (FileUtils.java:deleteFully(305)) - deleteFully target/test/data/cc86e3b/MiniRaftClusterWithGrpc7db59660/s2
2023-11-28 06:43:23,169 [Time-limited test] TRACE util.FileUtils (FileUtils.java:deleteFully(318)) - deleteFully: target/test/data/cc86e3b/MiniRaftClusterWithGrpc7db59660/s2 does not exist.
2023-11-28 06:43:23,169 [Time-limited test] INFO  impl.MiniRaftCluster (MiniRaftCluster.java:newRaftServer(387)) - Formatted directory target/test/data/cc86e3b/MiniRaftClusterWithGrpc7db59660/s2
2023-11-28 06:43:23,172 [Time-limited test] INFO  server.RaftServer (ConfUtils.java:logGet(46)) - raft.rpc.type = GRPC (default)
2023-11-28 06:43:23,172 [Time-limited test] INFO  grpc.GrpcConfigKeys (ConfUtils.java:logFallback(53)) - raft.grpc.admin.host = null (fallback to raft.grpc.server.host)
2023-11-28 06:43:23,172 [Time-limited test] INFO  grpc.GrpcConfigKeys (ConfUtils.java:logGet(46)) - raft.grpc.admin.port = 33227 (custom)
2023-11-28 06:43:23,172 [Time-limited test] INFO  grpc.GrpcConfigKeys (ConfUtils.java:logFallback(53)) - raft.grpc.client.host = null (fallback to raft.grpc.server.host)
2023-11-28 06:43:23,173 [Time-limited test] INFO  grpc.GrpcConfigKeys (ConfUtils.java:logGet(46)) - raft.grpc.client.port = 35585 (custom)
2023-11-28 06:43:23,173 [s0-groupManagement] INFO  server.RaftServerConfigKeys (ConfUtils.java:logGet(46)) - raft.server.log.segment.size.max = 32MB (=33554432) (default)
2023-11-28 06:43:23,173 [Time-limited test] INFO  grpc.GrpcConfigKeys (ConfUtils.java:logGet(46)) - raft.grpc.server.host = null (default)
2023-11-28 06:43:23,173 [Time-limited test] INFO  grpc.GrpcConfigKeys (ConfUtils.java:logGet(46)) - raft.grpc.server.port = 41117 (custom)
2023-11-28 06:43:23,173 [s0-groupManagement] INFO  server.RaftServerConfigKeys (ConfUtils.java:logGet(46)) - raft.server.log.preallocated.size = 4MB (=4194304) (default)
2023-11-28 06:43:23,174 [Time-limited test] INFO  server.GrpcService (ConfUtils.java:logGet(46)) - raft.grpc.message.size.max = 64MB (=67108864) (default)
2023-11-28 06:43:23,174 [Time-limited test] INFO  server.RaftServerConfigKeys (ConfUtils.java:logGet(46)) - raft.server.log.appender.buffer.byte-limit = 4MB (=4194304) (default)
2023-11-28 06:43:23,174 [s0-groupManagement] INFO  server.RaftServerConfigKeys (ConfUtils.java:logGet(46)) - raft.server.log.write.buffer.size = 8MB (=8388608) (default)
2023-11-28 06:43:23,174 [Time-limited test] INFO  server.GrpcService (ConfUtils.java:logGet(46)) - raft.grpc.flow.control.window = 1MB (=1048576) (default)
2023-11-28 06:43:23,174 [Time-limited test] INFO  server.RaftServerConfigKeys (ConfUtils.java:logGet(46)) - raft.server.rpc.request.timeout = 3000ms (default)
2023-11-28 06:43:23,175 [Time-limited test] INFO  grpc.GrpcConfigKeys (ConfUtils.java:logGet(46)) - raft.grpc.server.heartbeat.channel = true (default)
2023-11-28 06:43:23,175 [Time-limited test] INFO  grpc.GrpcConfigKeys (ConfUtils.java:logGet(46)) - raft.grpc.server.async.request.thread.pool.cached = true (default)
2023-11-28 06:43:23,175 [Time-limited test] INFO  grpc.GrpcConfigKeys (ConfUtils.java:logGet(46)) - raft.grpc.server.async.request.thread.pool.size = 32 (default)
2023-11-28 06:43:23,177 [s0-groupManagement] INFO  server.RaftServer$Division (RaftServerImpl.java:<init>(256)) - s0: new RaftServerImpl for group-FC4214F7AD5F:[s0|localhost:38701, s1|localhost:37909, s2|localhost:41117] with SimpleStateMachine4Testing:uninitialized
2023-11-28 06:43:23,177 [Time-limited test] INFO  impl.DataStreamServerImpl (ConfUtils.java:logGet(46)) - raft.datastream.type = DISABLED (default)
2023-11-28 06:43:23,177 [Time-limited test] INFO  server.RaftServerConfigKeys (ConfUtils.java:logGet(46)) - raft.server.sleep.deviation.threshold = 300ms (default)
2023-11-28 06:43:23,177 [Time-limited test] INFO  server.RaftServerConfigKeys (ConfUtils.java:logGet(46)) - raft.server.close.threshold = 60s (default)
2023-11-28 06:43:23,178 [Time-limited test] INFO  server.RaftServerConfigKeys (ConfUtils.java:logGet(46)) - raft.server.leaderelection.leader.step-down.wait-time = 10s (default)
2023-11-28 06:43:23,178 [s0-groupManagement] INFO  server.RaftServerConfigKeys (ConfUtils.java:logGet(46)) - raft.server.rpc.timeout.min = 150ms (default)
2023-11-28 06:43:23,178 [s0-groupManagement] INFO  server.RaftServerConfigKeys (ConfUtils.java:logGet(46)) - raft.server.rpc.timeout.max = 300ms (default)
2023-11-28 06:43:23,178 [Time-limited test] INFO  server.RaftServerConfigKeys (ConfUtils.java:logGet(46)) - raft.server.storage.dir = [/home/runner/work/ratis/ratis/ratis-test/target/test/data/cc86e3b/MiniRaftClusterWithGrpc7db59660/s2] (custom)
2023-11-28 06:43:23,178 [s0-groupManagement] INFO  server.RaftServerConfigKeys (ConfUtils.java:logGet(46)) - raft.server.rpc.sleep.time = 25ms (default)
2023-11-28 06:43:23,178 [Time-limited test] INFO  server.RaftServerConfigKeys (ConfUtils.java:logGet(46)) - raft.server.threadpool.proxy.cached = true (default)
2023-11-28 06:43:23,178 [s0-groupManagement] INFO  server.RaftServerConfigKeys (ConfUtils.java:logGet(46)) - raft.server.rpc.slowness.timeout = 60s (default)
2023-11-28 06:43:23,179 [s1-groupManagement] INFO  server.RaftServerConfigKeys (ConfUtils.java:logGet(46)) - raft.server.log.segment.size.max = 32MB (=33554432) (default)
2023-11-28 06:43:23,179 [s1-groupManagement] INFO  server.RaftServerConfigKeys (ConfUtils.java:logGet(46)) - raft.server.log.preallocated.size = 4MB (=4194304) (default)
2023-11-28 06:43:23,179 [s1-groupManagement] INFO  server.RaftServerConfigKeys (ConfUtils.java:logGet(46)) - raft.server.log.write.buffer.size = 8MB (=8388608) (default)
2023-11-28 06:43:23,179 [Time-limited test] INFO  server.RaftServerConfigKeys (ConfUtils.java:logGet(46)) - raft.server.threadpool.proxy.size = 0 (default)
2023-11-28 06:43:23,179 [s1-groupManagement] INFO  server.RaftServer$Division (RaftServerImpl.java:<init>(256)) - s1: new RaftServerImpl for group-FC4214F7AD5F:[s0|localhost:38701, s1|localhost:37909, s2|localhost:41117] with SimpleStateMachine4Testing:uninitialized
2023-11-28 06:43:23,179 [s0-groupManagement] INFO  server.RaftServerConfigKeys (ConfUtils.java:logGet(46)) - raft.server.leaderelection.leader.step-down.wait-time = 10s (default)
2023-11-28 06:43:23,180 [s1-groupManagement] INFO  server.RaftServerConfigKeys (ConfUtils.java:logGet(46)) - raft.server.rpc.timeout.min = 150ms (default)
2023-11-28 06:43:23,180 [s1-groupManagement] INFO  server.RaftServerConfigKeys (ConfUtils.java:logGet(46)) - raft.server.rpc.timeout.max = 300ms (default)
2023-11-28 06:43:23,180 [s1-groupManagement] INFO  server.RaftServerConfigKeys (ConfUtils.java:logGet(46)) - raft.server.rpc.sleep.time = 25ms (default)
2023-11-28 06:43:23,180 [s0-groupManagement] INFO  server.RaftServerConfigKeys (ConfUtils.java:logGet(46)) - raft.server.leaderelection.member.majority-add = false (default)
2023-11-28 06:43:23,180 [s1-groupManagement] INFO  server.RaftServerConfigKeys (ConfUtils.java:logGet(46)) - raft.server.rpc.slowness.timeout = 60s (default)
2023-11-28 06:43:23,180 [s0-groupManagement] INFO  server.RaftServerConfigKeys (ConfUtils.java:logGet(46)) - raft.server.sleep.deviation.threshold = 300ms (default)
2023-11-28 06:43:23,180 [s1-groupManagement] INFO  server.RaftServerConfigKeys (ConfUtils.java:logGet(46)) - raft.server.leaderelection.leader.step-down.wait-time = 10s (default)
2023-11-28 06:43:23,180 [Time-limited test] INFO  server.RaftServer (RaftServerProxy.java:addNew(100)) - s2: addNew group-FC4214F7AD5F:[s0|localhost:38701, s1|localhost:37909, s2|localhost:41117] returns group-FC4214F7AD5F:java.util.concurrent.CompletableFuture@706f782[Not completed]
2023-11-28 06:43:23,181 [s2-groupManagement] INFO  server.RaftServerConfigKeys (ConfUtils.java:logGet(46)) - raft.server.log.segment.size.max = 32MB (=33554432) (default)
2023-11-28 06:43:23,181 [s2-groupManagement] INFO  server.RaftServerConfigKeys (ConfUtils.java:logGet(46)) - raft.server.log.preallocated.size = 4MB (=4194304) (default)
2023-11-28 06:43:23,181 [s2-groupManagement] INFO  server.RaftServerConfigKeys (ConfUtils.java:logGet(46)) - raft.server.log.write.buffer.size = 8MB (=8388608) (default)
2023-11-28 06:43:23,181 [s1-groupManagement] INFO  server.RaftServerConfigKeys (ConfUtils.java:logGet(46)) - raft.server.leaderelection.member.majority-add = false (default)
2023-11-28 06:43:23,181 [s2-groupManagement] INFO  server.RaftServer$Division (RaftServerImpl.java:<init>(256)) - s2: new RaftServerImpl for group-FC4214F7AD5F:[s0|localhost:38701, s1|localhost:37909, s2|localhost:41117] with SimpleStateMachine4Testing:uninitialized
2023-11-28 06:43:23,181 [s1-groupManagement] INFO  server.RaftServerConfigKeys (ConfUtils.java:logGet(46)) - raft.server.sleep.deviation.threshold = 300ms (default)
2023-11-28 06:43:23,181 [s2-groupManagement] INFO  server.RaftServerConfigKeys (ConfUtils.java:logGet(46)) - raft.server.rpc.timeout.min = 150ms (default)
2023-11-28 06:43:23,182 [s2-groupManagement] INFO  server.RaftServerConfigKeys (ConfUtils.java:logGet(46)) - raft.server.rpc.timeout.max = 300ms (default)
2023-11-28 06:43:23,182 [s2-groupManagement] INFO  server.RaftServerConfigKeys (ConfUtils.java:logGet(46)) - raft.server.rpc.sleep.time = 25ms (default)
2023-11-28 06:43:23,182 [s2-groupManagement] INFO  server.RaftServerConfigKeys (ConfUtils.java:logGet(46)) - raft.server.rpc.slowness.timeout = 60s (default)
2023-11-28 06:43:23,182 [s2-groupManagement] INFO  server.RaftServerConfigKeys (ConfUtils.java:logGet(46)) - raft.server.leaderelection.leader.step-down.wait-time = 10s (default)
2023-11-28 06:43:23,182 [s2-groupManagement] INFO  server.RaftServerConfigKeys (ConfUtils.java:logGet(46)) - raft.server.leaderelection.member.majority-add = false (default)
2023-11-28 06:43:23,182 [s2-groupManagement] INFO  server.RaftServerConfigKeys (ConfUtils.java:logGet(46)) - raft.server.sleep.deviation.threshold = 300ms (default)
2023-11-28 06:43:23,184 [s1-groupManagement] INFO  server.RaftServer$Division (ServerState.java:<init>(113)) - s1@group-FC4214F7AD5F: ConfigurationManager, init=-1: peers:[s0|localhost:38701, s1|localhost:37909, s2|localhost:41117]|listeners:[], old=null, confs=<EMPTY_MAP>
2023-11-28 06:43:23,185 [s2-groupManagement] INFO  server.RaftServer$Division (ServerState.java:<init>(113)) - s2@group-FC4214F7AD5F: ConfigurationManager, init=-1: peers:[s0|localhost:38701, s1|localhost:37909, s2|localhost:41117]|listeners:[], old=null, confs=<EMPTY_MAP>
2023-11-28 06:43:23,185 [s0-groupManagement] INFO  server.RaftServer$Division (ServerState.java:<init>(113)) - s0@group-FC4214F7AD5F: ConfigurationManager, init=-1: peers:[s0|localhost:38701, s1|localhost:37909, s2|localhost:41117]|listeners:[], old=null, confs=<EMPTY_MAP>
2023-11-28 06:43:23,189 [s1-groupManagement] INFO  server.RaftServerConfigKeys (ConfUtils.java:logGet(46)) - raft.server.notification.no-leader.timeout = 60s (default)
2023-11-28 06:43:23,189 [s0-groupManagement] INFO  server.RaftServerConfigKeys (ConfUtils.java:logGet(46)) - raft.server.notification.no-leader.timeout = 60s (default)
2023-11-28 06:43:23,189 [s2-groupManagement] INFO  server.RaftServerConfigKeys (ConfUtils.java:logGet(46)) - raft.server.notification.no-leader.timeout = 60s (default)
2023-11-28 06:43:23,193 [s1-groupManagement] INFO  server.RaftServerConfigKeys (ConfUtils.java:logGet(46)) - raft.server.read.timeout = 10s (default)
2023-11-28 06:43:23,193 [s0-groupManagement] INFO  server.RaftServerConfigKeys (ConfUtils.java:logGet(46)) - raft.server.read.timeout = 10s (default)
2023-11-28 06:43:23,193 [s2-groupManagement] INFO  server.RaftServerConfigKeys (ConfUtils.java:logGet(46)) - raft.server.read.timeout = 10s (default)
2023-11-28 06:43:23,197 [s0-groupManagement] INFO  server.RaftServerConfigKeys (ConfUtils.java:logGet(46)) - raft.server.retrycache.expirytime = 60s (default)
2023-11-28 06:43:23,197 [s2-groupManagement] INFO  server.RaftServerConfigKeys (ConfUtils.java:logGet(46)) - raft.server.retrycache.expirytime = 60s (default)
2023-11-28 06:43:23,197 [s1-groupManagement] INFO  server.RaftServerConfigKeys (ConfUtils.java:logGet(46)) - raft.server.retrycache.expirytime = 60s (default)
2023-11-28 06:43:23,198 [s1-groupManagement] INFO  server.RaftServerConfigKeys (ConfUtils.java:logGet(46)) - raft.server.retrycache.statistics.expirytime = 100ms (default)
2023-11-28 06:43:23,197 [s0-groupManagement] INFO  server.RaftServerConfigKeys (ConfUtils.java:logGet(46)) - raft.server.retrycache.statistics.expirytime = 100ms (default)
2023-11-28 06:43:23,197 [s2-groupManagement] INFO  server.RaftServerConfigKeys (ConfUtils.java:logGet(46)) - raft.server.retrycache.statistics.expirytime = 100ms (default)
2023-11-28 06:43:23,201 [s1-groupManagement] INFO  server.RaftServerConfigKeys (ConfUtils.java:logGet(46)) - raft.server.read.option = DEFAULT (default)
2023-11-28 06:43:23,201 [s2-groupManagement] INFO  server.RaftServerConfigKeys (ConfUtils.java:logGet(46)) - raft.server.read.option = DEFAULT (default)
2023-11-28 06:43:23,201 [s0-groupManagement] INFO  server.RaftServerConfigKeys (ConfUtils.java:logGet(46)) - raft.server.read.option = DEFAULT (default)
2023-11-28 06:43:23,202 [s1-groupManagement] INFO  server.RaftServerConfigKeys (ConfUtils.java:logGet(46)) - raft.server.read.read-after-write-consistent.write-index-cache.expiry-time = 60s (default)
2023-11-28 06:43:23,202 [s0-groupManagement] INFO  server.RaftServerConfigKeys (ConfUtils.java:logGet(46)) - raft.server.read.read-after-write-consistent.write-index-cache.expiry-time = 60s (default)
2023-11-28 06:43:23,202 [s2-groupManagement] INFO  server.RaftServerConfigKeys (ConfUtils.java:logGet(46)) - raft.server.read.read-after-write-consistent.write-index-cache.expiry-time = 60s (default)
2023-11-28 06:43:23,207 [s1-groupManagement] INFO  metrics.MetricRegistries (MetricRegistriesLoader.java:load(64)) - Loaded MetricRegistries class org.apache.ratis.metrics.impl.MetricRegistriesImpl
2023-11-28 06:43:23,291 [s0-groupManagement] INFO  server.RaftServerConfigKeys (ConfUtils.java:logGet(46)) - raft.server.rpc.request.timeout = 3000ms (default)
2023-11-28 06:43:23,292 [s2-groupManagement] INFO  server.RaftServerConfigKeys (ConfUtils.java:logGet(46)) - raft.server.rpc.request.timeout = 3000ms (default)
2023-11-28 06:43:23,293 [s2-groupManagement] INFO  server.RaftServerConfigKeys (ConfUtils.java:logGet(46)) - raft.server.log.appender.install.snapshot.enabled = true (default)
2023-11-28 06:43:23,294 [s2-groupManagement] INFO  server.RaftServerConfigKeys (ConfUtils.java:logGet(46)) - raft.server.threadpool.server.cached = true (default)
2023-11-28 06:43:23,294 [s2-groupManagement] INFO  server.RaftServerConfigKeys (ConfUtils.java:logGet(46)) - raft.server.threadpool.server.size = 0 (default)
2023-11-28 06:43:23,293 [s0-groupManagement] INFO  server.RaftServerConfigKeys (ConfUtils.java:logGet(46)) - raft.server.log.appender.install.snapshot.enabled = true (default)
2023-11-28 06:43:23,294 [s1-groupManagement] INFO  server.RaftServerConfigKeys (ConfUtils.java:logGet(46)) - raft.server.rpc.request.timeout = 3000ms (default)
2023-11-28 06:43:23,294 [s1-groupManagement] INFO  server.RaftServerConfigKeys (ConfUtils.java:logGet(46)) - raft.server.log.appender.install.snapshot.enabled = true (default)
2023-11-28 06:43:23,294 [s1-groupManagement] INFO  server.RaftServerConfigKeys (ConfUtils.java:logGet(46)) - raft.server.threadpool.server.cached = true (default)
2023-11-28 06:43:23,295 [s1-groupManagement] INFO  server.RaftServerConfigKeys (ConfUtils.java:logGet(46)) - raft.server.threadpool.server.size = 0 (default)
2023-11-28 06:43:23,295 [s1-groupManagement] INFO  server.RaftServerConfigKeys (ConfUtils.java:logGet(46)) - raft.server.threadpool.client.cached = true (default)
2023-11-28 06:43:23,295 [s1-groupManagement] INFO  server.RaftServerConfigKeys (ConfUtils.java:logGet(46)) - raft.server.threadpool.client.size = 0 (default)
2023-11-28 06:43:23,295 [s0-groupManagement] INFO  server.RaftServerConfigKeys (ConfUtils.java:logGet(46)) - raft.server.threadpool.server.cached = true (default)
2023-11-28 06:43:23,295 [s0-groupManagement] INFO  server.RaftServerConfigKeys (ConfUtils.java:logGet(46)) - raft.server.threadpool.server.size = 0 (default)
2023-11-28 06:43:23,295 [s0-groupManagement] INFO  server.RaftServerConfigKeys (ConfUtils.java:logGet(46)) - raft.server.threadpool.client.cached = true (default)
2023-11-28 06:43:23,296 [s0-groupManagement] INFO  server.RaftServerConfigKeys (ConfUtils.java:logGet(46)) - raft.server.threadpool.client.size = 0 (default)
2023-11-28 06:43:23,297 [s0-impl-thread1] INFO  server.RaftServerConfigKeys (ConfUtils.java:logGet(46)) - raft.server.storage.free-space.min = 0MB (=0) (default)
2023-11-28 06:43:23,297 [s0-impl-thread1] INFO  server.RaftServerConfigKeys (ConfUtils.java:logGet(46)) - raft.server.log.corruption.policy = EXCEPTION (default)
2023-11-28 06:43:23,297 [s0-impl-thread1] INFO  server.RaftServerConfigKeys (ConfUtils.java:logGet(46)) - raft.server.storage.dir = [/home/runner/work/ratis/ratis/ratis-test/target/test/data/cc86e3b/MiniRaftClusterWithGrpc7db59660/s0] (custom)
2023-11-28 06:43:23,294 [s2-groupManagement] INFO  server.RaftServerConfigKeys (ConfUtils.java:logGet(46)) - raft.server.threadpool.client.cached = true (default)
2023-11-28 06:43:23,298 [s2-groupManagement] INFO  server.RaftServerConfigKeys (ConfUtils.java:logGet(46)) - raft.server.threadpool.client.size = 0 (default)
2023-11-28 06:43:23,304 [s0-impl-thread1] INFO  storage.RaftStorageDirectory (RaftStorageDirectoryImpl.java:analyzeStorage(138)) - The storage directory /home/runner/work/ratis/ratis/ratis-test/target/test/data/cc86e3b/MiniRaftClusterWithGrpc7db59660/s0/f970858f-0b2f-4855-934d-fc4214f7ad5f does not exist. Creating ...
2023-11-28 06:43:23,306 [s0-impl-thread1] TRACE util.FileUtils (LogUtils.java:runAndLog(49)) - Successfully ran Files.createDirectories /home/runner/work/ratis/ratis/ratis-test/target/test/data/cc86e3b/MiniRaftClusterWithGrpc7db59660/s0/f970858f-0b2f-4855-934d-fc4214f7ad5f
2023-11-28 06:43:23,308 [s0-impl-thread1] INFO  storage.RaftStorageDirectory (RaftStorageDirectoryImpl.java:tryLock(232)) - Lock on /home/runner/work/ratis/ratis/ratis-test/target/test/data/cc86e3b/MiniRaftClusterWithGrpc7db59660/s0/f970858f-0b2f-4855-934d-fc4214f7ad5f/in_use.lock acquired by nodename 4862@fv-az728-711
2023-11-28 06:43:23,308 [s0-impl-thread1] TRACE util.FileUtils (LogUtils.java:runAndLog(49)) - Successfully ran Files.createDirectories /home/runner/work/ratis/ratis/ratis-test/target/test/data/cc86e3b/MiniRaftClusterWithGrpc7db59660/s0/f970858f-0b2f-4855-934d-fc4214f7ad5f/current
2023-11-28 06:43:23,308 [s0-impl-thread1] TRACE util.FileUtils (LogUtils.java:runAndLog(49)) - Successfully ran Files.createDirectories /home/runner/work/ratis/ratis/ratis-test/target/test/data/cc86e3b/MiniRaftClusterWithGrpc7db59660/s0/f970858f-0b2f-4855-934d-fc4214f7ad5f/sm
2023-11-28 06:43:23,312 [s0-impl-thread1] TRACE util.FileUtils (LogUtils.java:supplyAndLog(69)) - Successfully supplied FileChannel.open /home/runner/work/ratis/ratis/ratis-test/target/test/data/cc86e3b/MiniRaftClusterWithGrpc7db59660/s0/f970858f-0b2f-4855-934d-fc4214f7ad5f/current/raft-meta.tmp with options [CREATE, WRITE]: sun.nio.ch.FileChannelImpl@14c37713
2023-11-28 06:43:23,323 [s0-impl-thread1] TRACE util.FileUtils (LogUtils.java:runAndLog(49)) - Successfully ran Atomic Files.move /home/runner/work/ratis/ratis/ratis-test/target/test/data/cc86e3b/MiniRaftClusterWithGrpc7db59660/s0/f970858f-0b2f-4855-934d-fc4214f7ad5f/current/raft-meta.tmp to /home/runner/work/ratis/ratis/ratis-test/target/test/data/cc86e3b/MiniRaftClusterWithGrpc7db59660/s0/f970858f-0b2f-4855-934d-fc4214f7ad5f/current/raft-meta with options [REPLACE_EXISTING]
2023-11-28 06:43:23,323 [s0-impl-thread1] INFO  storage.RaftStorage (RaftStorageImpl.java:format(99)) - Storage directory /home/runner/work/ratis/ratis/ratis-test/target/test/data/cc86e3b/MiniRaftClusterWithGrpc7db59660/s0/f970858f-0b2f-4855-934d-fc4214f7ad5f has been successfully formatted.
2023-11-28 06:43:23,324 [s0-impl-thread1] TRACE util.FileUtils (LogUtils.java:supplyAndLog(61)) - Failed to Files.newInputStream /home/runner/work/ratis/ratis/ratis-test/target/test/data/cc86e3b/MiniRaftClusterWithGrpc7db59660/s0/f970858f-0b2f-4855-934d-fc4214f7ad5f/current/raft-meta.conf with options []
java.nio.file.NoSuchFileException: /home/runner/work/ratis/ratis/ratis-test/target/test/data/cc86e3b/MiniRaftClusterWithGrpc7db59660/s0/f970858f-0b2f-4855-934d-fc4214f7ad5f/current/raft-meta.conf
	at java.base/sun.nio.fs.UnixException.translateToIOException(UnixException.java:92)
	at java.base/sun.nio.fs.UnixException.rethrowAsIOException(UnixException.java:111)
	at java.base/sun.nio.fs.UnixException.rethrowAsIOException(UnixException.java:116)
	at java.base/sun.nio.fs.UnixFileSystemProvider.newByteChannel(UnixFileSystemProvider.java:219)
	at java.base/java.nio.file.Files.newByteChannel(Files.java:371)
	at java.base/java.nio.file.Files.newByteChannel(Files.java:422)
	at java.base/java.nio.file.spi.FileSystemProvider.newInputStream(FileSystemProvider.java:420)
	at java.base/java.nio.file.Files.newInputStream(Files.java:156)
	at org.apache.ratis.util.FileUtils.lambda$newInputStream$2(FileUtils.java:73)
	at org.apache.ratis.util.LogUtils.supplyAndLog(LogUtils.java:58)
	at org.apache.ratis.util.FileUtils.newInputStream(FileUtils.java:72)
	at org.apache.ratis.util.FileUtils.newInputStream(FileUtils.java:68)
	at org.apache.ratis.server.storage.RaftStorageImpl.readRaftConfiguration(RaftStorageImpl.java:156)
	at org.apache.ratis.server.impl.ServerState.initialize(ServerState.java:141)
	at org.apache.ratis.server.impl.RaftServerImpl.start(RaftServerImpl.java:388)
	at org.apache.ratis.util.ConcurrentUtils.accept(ConcurrentUtils.java:203)
	at org.apache.ratis.util.ConcurrentUtils.lambda$parallelForEachAsync$4(ConcurrentUtils.java:182)
	at java.base/java.util.concurrent.ThreadPoolExecutor.runWorker(ThreadPoolExecutor.java:1128)
	at java.base/java.util.concurrent.ThreadPoolExecutor$Worker.run(ThreadPoolExecutor.java:628)
	at java.base/java.lang.Thread.run(Thread.java:829)
2023-11-28 06:43:23,327 [s0-impl-thread1] INFO  impl.SimpleStateMachine4Testing (SimpleStateMachine4Testing.java:initialize(213)) - Initializing SimpleStateMachine4Testing:uninitialized
2023-11-28 06:43:23,329 [s0-impl-thread1] INFO  impl.SimpleStateMachine4Testing (SimpleStateMachine4Testing.java:loadSnapshot(296)) - Loading snapshot null
2023-11-28 06:43:23,330 [s0-impl-thread1] INFO  server.RaftServerConfigKeys (ConfUtils.java:logGet(46)) - raft.server.log.use.memory = false (default)
2023-11-28 06:43:23,337 [s0-impl-thread1] INFO  server.RaftServerConfigKeys (ConfUtils.java:logGet(46)) - raft.server.log.purge.gap = 1024 (default)
2023-11-28 06:43:23,337 [s0-impl-thread1] INFO  server.RaftServerConfigKeys (ConfUtils.java:logGet(46)) - raft.server.log.appender.buffer.byte-limit = 4MB (=4194304) (default)
2023-11-28 06:43:23,338 [s0-impl-thread1] INFO  server.RaftServerConfigKeys (ConfUtils.java:logGet(46)) - raft.server.log.statemachine.data.read.timeout = 1000ms (default)
2023-11-28 06:43:23,338 [s0-impl-thread1] INFO  server.RaftServerConfigKeys (ConfUtils.java:logGet(46)) - raft.server.log.purge.preservation.log.num = 0 (default)
2023-11-28 06:43:23,341 [s0-impl-thread1] INFO  server.RaftServerConfigKeys (ConfUtils.java:logGet(46)) - raft.server.log.segment.size.max = 32MB (=33554432) (default)
2023-11-28 06:43:23,344 [s0-impl-thread1] INFO  server.RaftServerConfigKeys (ConfUtils.java:logGet(46)) - raft.server.log.segment.cache.num.max = 6 (default)
2023-11-28 06:43:23,345 [s0-impl-thread1] INFO  server.RaftServerConfigKeys (ConfUtils.java:logGet(46)) - raft.server.log.segment.cache.size.max = 200MB (=209715200) (default)
2023-11-28 06:43:23,345 [s0-impl-thread1] INFO  server.RaftServerConfigKeys (ConfUtils.java:logGet(46)) - raft.server.log.appender.buffer.byte-limit = 4MB (=4194304) (default)
2023-11-28 06:43:23,349 [s0-impl-thread1] INFO  util.AwaitToRun (AwaitToRun.java:start(81)) - Thread[s0@group-FC4214F7AD5F-cacheEviction-AwaitToRun,5,main] started
2023-11-28 06:43:23,352 [s0-impl-thread1] INFO  segmented.SegmentedRaftLogWorker (SegmentedRaftLogWorker.java:<init>(182)) - new s0@group-FC4214F7AD5F-SegmentedRaftLogWorker for RaftStorageImpl:Storage Directory /home/runner/work/ratis/ratis/ratis-test/target/test/data/cc86e3b/MiniRaftClusterWithGrpc7db59660/s0/f970858f-0b2f-4855-934d-fc4214f7ad5f
2023-11-28 06:43:23,352 [s0-impl-thread1] INFO  server.RaftServerConfigKeys (ConfUtils.java:logGet(46)) - raft.server.log.queue.byte-limit = 64MB (=67108864) (default)
2023-11-28 06:43:23,353 [s0-impl-thread1] INFO  server.RaftServerConfigKeys (ConfUtils.java:logGet(46)) - raft.server.log.queue.element-limit = 4096 (default)
2023-11-28 06:43:23,354 [s0-impl-thread1] INFO  server.RaftServerConfigKeys (ConfUtils.java:logGet(46)) - raft.server.log.segment.size.max = 32MB (=33554432) (default)
2023-11-28 06:43:23,354 [s0-impl-thread1] INFO  server.RaftServerConfigKeys (ConfUtils.java:logGet(46)) - raft.server.log.preallocated.size = 4MB (=4194304) (default)
2023-11-28 06:43:23,354 [s0-impl-thread1] INFO  server.RaftServerConfigKeys (ConfUtils.java:logGet(46)) - raft.server.log.force.sync.num = 128 (default)
2023-11-28 06:43:23,355 [s0-impl-thread1] INFO  server.RaftServerConfigKeys (ConfUtils.java:logGet(46)) - raft.server.log.statemachine.data.sync = true (default)
2023-11-28 06:43:23,355 [s0-impl-thread1] INFO  server.RaftServerConfigKeys (ConfUtils.java:logGet(46)) - raft.server.log.statemachine.data.sync.timeout = 10s (default)
2023-11-28 06:43:23,355 [s0-impl-thread1] INFO  server.RaftServerConfigKeys (ConfUtils.java:logGet(46)) - raft.server.log.statemachine.data.sync.timeout.retry = -1 (default)
2023-11-28 06:43:23,357 [s0-impl-thread1] INFO  server.RaftServerConfigKeys (ConfUtils.java:logGet(46)) - raft.server.log.write.buffer.size = 8MB (=8388608) (default)
2023-11-28 06:43:23,359 [s0-impl-thread1] INFO  server.RaftServerConfigKeys (ConfUtils.java:logGet(46)) - raft.server.log.appender.buffer.byte-limit = 4MB (=4194304) (default)
2023-11-28 06:43:23,359 [s0-impl-thread1] INFO  server.RaftServerConfigKeys (ConfUtils.java:logGet(46)) - raft.server.log.unsafe-flush.enabled = false (default)
2023-11-28 06:43:23,360 [s0-impl-thread1] INFO  server.RaftServerConfigKeys (ConfUtils.java:logGet(46)) - raft.server.log.async-flush.enabled = false (default)
2023-11-28 06:43:23,360 [s0-impl-thread1] INFO  server.RaftServerConfigKeys (ConfUtils.java:logGet(46)) - raft.server.log.statemachine.data.caching.enabled = false (default)
2023-11-28 06:43:23,365 [s0-impl-thread1] INFO  segmented.SegmentedRaftLogWorker (SegmentedRaftLogWorker.java:lambda$new$0(134)) - s0@group-FC4214F7AD5F-SegmentedRaftLogWorker: flushIndex: setUnconditionally 0 -> -1
2023-11-28 06:43:23,365 [s0-impl-thread1] INFO  segmented.SegmentedRaftLogWorker (SegmentedRaftLogWorker.java:lambda$new$0(134)) - s0@group-FC4214F7AD5F-SegmentedRaftLogWorker: safeCacheEvictIndex: setUnconditionally 0 -> -1
2023-11-28 06:43:23,366 [s0-impl-thread1] INFO  server.RaftServer$Division (RaftServerImpl.java:start(392)) - s0@group-FC4214F7AD5F: start as a follower, conf=-1: peers:[s0|localhost:38701, s1|localhost:37909, s2|localhost:41117]|listeners:[], old=null
2023-11-28 06:43:23,366 [s0-impl-thread1] INFO  server.RaftServer$Division (RaftServerImpl.java:setRole(379)) - s0@group-FC4214F7AD5F: changes role from      null to FOLLOWER at term 0 for startAsFollower
2023-11-28 06:43:23,367 [s0-impl-thread1] INFO  impl.RoleInfo (RoleInfo.java:updateAndGet(139)) - s0: start s0@group-FC4214F7AD5F-FollowerState
2023-11-28 06:43:23,368 [s0@group-FC4214F7AD5F-FollowerState] INFO  server.RaftServerConfigKeys (ConfUtils.java:logFallback(53)) - raft.server.rpc.first-election.timeout.min = 150ms (fallback to raft.server.rpc.timeout.min)
2023-11-28 06:43:23,368 [s0@group-FC4214F7AD5F-FollowerState] INFO  server.RaftServerConfigKeys (ConfUtils.java:logFallback(53)) - raft.server.rpc.first-election.timeout.max = 300ms (fallback to raft.server.rpc.timeout.max)
2023-11-28 06:43:23,373 [s0-impl-thread1] INFO  util.JmxRegister (JmxRegister.java:tryRegister(44)) - Successfully registered JMX Bean with object name Ratis:service=RaftServer,group=group-FC4214F7AD5F,id=s0
2023-11-28 06:43:23,375 [s0-impl-thread1] INFO  server.RaftServerConfigKeys (ConfUtils.java:logGet(46)) - raft.server.snapshot.trigger-when-stop.enabled = true (default)
2023-11-28 06:43:23,375 [s0-impl-thread1] INFO  server.RaftServerConfigKeys (ConfUtils.java:logGet(46)) - raft.server.snapshot.auto.trigger.enabled = false (default)
2023-11-28 06:43:23,376 [s0-impl-thread1] INFO  server.RaftServerConfigKeys (ConfUtils.java:logGet(46)) - raft.server.snapshot.retention.file.num = -1 (default)
2023-11-28 06:43:23,377 [s0-impl-thread1] INFO  server.RaftServerConfigKeys (ConfUtils.java:logGet(46)) - raft.server.log.purge.upto.snapshot.index = false (default)
2023-11-28 06:43:23,381 [Time-limited test] INFO  server.RaftServer (RaftServerProxy.java:startImpl(406)) - s0: start RPC server
2023-11-28 06:43:23,413 [Time-limited test] INFO  server.GrpcService (GrpcService.java:startImpl(302)) - s0: GrpcService started, listening on 40319
2023-11-28 06:43:23,414 [Time-limited test] INFO  server.GrpcService (GrpcService.java:startImpl(302)) - s0: GrpcService started, listening on 38701
2023-11-28 06:43:23,414 [Time-limited test] INFO  server.GrpcService (GrpcService.java:startImpl(302)) - s0: GrpcService started, listening on 36009
2023-11-28 06:43:23,415 [JvmPauseMonitor0] INFO  util.JvmPauseMonitor (JvmPauseMonitor.java:run(146)) - JvmPauseMonitor-s0: Started
2023-11-28 06:43:23,415 [s1-impl-thread1] INFO  server.RaftServerConfigKeys (ConfUtils.java:logGet(46)) - raft.server.storage.free-space.min = 0MB (=0) (default)
2023-11-28 06:43:23,416 [s1-impl-thread1] INFO  server.RaftServerConfigKeys (ConfUtils.java:logGet(46)) - raft.server.log.corruption.policy = EXCEPTION (default)
2023-11-28 06:43:23,416 [s1-impl-thread1] INFO  server.RaftServerConfigKeys (ConfUtils.java:logGet(46)) - raft.server.storage.dir = [/home/runner/work/ratis/ratis/ratis-test/target/test/data/cc86e3b/MiniRaftClusterWithGrpc7db59660/s1] (custom)
2023-11-28 06:43:23,416 [s1-impl-thread1] INFO  storage.RaftStorageDirectory (RaftStorageDirectoryImpl.java:analyzeStorage(138)) - The storage directory /home/runner/work/ratis/ratis/ratis-test/target/test/data/cc86e3b/MiniRaftClusterWithGrpc7db59660/s1/f970858f-0b2f-4855-934d-fc4214f7ad5f does not exist. Creating ...
2023-11-28 06:43:23,417 [s1-impl-thread1] TRACE util.FileUtils (LogUtils.java:runAndLog(49)) - Successfully ran Files.createDirectories /home/runner/work/ratis/ratis/ratis-test/target/test/data/cc86e3b/MiniRaftClusterWithGrpc7db59660/s1/f970858f-0b2f-4855-934d-fc4214f7ad5f
2023-11-28 06:43:23,418 [s1-impl-thread1] INFO  storage.RaftStorageDirectory (RaftStorageDirectoryImpl.java:tryLock(232)) - Lock on /home/runner/work/ratis/ratis/ratis-test/target/test/data/cc86e3b/MiniRaftClusterWithGrpc7db59660/s1/f970858f-0b2f-4855-934d-fc4214f7ad5f/in_use.lock acquired by nodename 4862@fv-az728-711
2023-11-28 06:43:23,418 [s1-impl-thread1] TRACE util.FileUtils (LogUtils.java:runAndLog(49)) - Successfully ran Files.createDirectories /home/runner/work/ratis/ratis/ratis-test/target/test/data/cc86e3b/MiniRaftClusterWithGrpc7db59660/s1/f970858f-0b2f-4855-934d-fc4214f7ad5f/current
2023-11-28 06:43:23,418 [s1-impl-thread1] TRACE util.FileUtils (LogUtils.java:runAndLog(49)) - Successfully ran Files.createDirectories /home/runner/work/ratis/ratis/ratis-test/target/test/data/cc86e3b/MiniRaftClusterWithGrpc7db59660/s1/f970858f-0b2f-4855-934d-fc4214f7ad5f/sm
2023-11-28 06:43:23,419 [s1-impl-thread1] TRACE util.FileUtils (LogUtils.java:supplyAndLog(69)) - Successfully supplied FileChannel.open /home/runner/work/ratis/ratis/ratis-test/target/test/data/cc86e3b/MiniRaftClusterWithGrpc7db59660/s1/f970858f-0b2f-4855-934d-fc4214f7ad5f/current/raft-meta.tmp with options [CREATE, WRITE]: sun.nio.ch.FileChannelImpl@7ced3f94
2023-11-28 06:43:23,420 [s1-impl-thread1] TRACE util.FileUtils (LogUtils.java:runAndLog(49)) - Successfully ran Atomic Files.move /home/runner/work/ratis/ratis/ratis-test/target/test/data/cc86e3b/MiniRaftClusterWithGrpc7db59660/s1/f970858f-0b2f-4855-934d-fc4214f7ad5f/current/raft-meta.tmp to /home/runner/work/ratis/ratis/ratis-test/target/test/data/cc86e3b/MiniRaftClusterWithGrpc7db59660/s1/f970858f-0b2f-4855-934d-fc4214f7ad5f/current/raft-meta with options [REPLACE_EXISTING]
2023-11-28 06:43:23,420 [s1-impl-thread1] INFO  storage.RaftStorage (RaftStorageImpl.java:format(99)) - Storage directory /home/runner/work/ratis/ratis/ratis-test/target/test/data/cc86e3b/MiniRaftClusterWithGrpc7db59660/s1/f970858f-0b2f-4855-934d-fc4214f7ad5f has been successfully formatted.
2023-11-28 06:43:23,420 [s1-impl-thread1] TRACE util.FileUtils (LogUtils.java:supplyAndLog(61)) - Failed to Files.newInputStream /home/runner/work/ratis/ratis/ratis-test/target/test/data/cc86e3b/MiniRaftClusterWithGrpc7db59660/s1/f970858f-0b2f-4855-934d-fc4214f7ad5f/current/raft-meta.conf with options []
java.nio.file.NoSuchFileException: /home/runner/work/ratis/ratis/ratis-test/target/test/data/cc86e3b/MiniRaftClusterWithGrpc7db59660/s1/f970858f-0b2f-4855-934d-fc4214f7ad5f/current/raft-meta.conf
	at java.base/sun.nio.fs.UnixException.translateToIOException(UnixException.java:92)
	at java.base/sun.nio.fs.UnixException.rethrowAsIOException(UnixException.java:111)
	at java.base/sun.nio.fs.UnixException.rethrowAsIOException(UnixException.java:116)
	at java.base/sun.nio.fs.UnixFileSystemProvider.newByteChannel(UnixFileSystemProvider.java:219)
	at java.base/java.nio.file.Files.newByteChannel(Files.java:371)
	at java.base/java.nio.file.Files.newByteChannel(Files.java:422)
	at java.base/java.nio.file.spi.FileSystemProvider.newInputStream(FileSystemProvider.java:420)
	at java.base/java.nio.file.Files.newInputStream(Files.java:156)
	at org.apache.ratis.util.FileUtils.lambda$newInputStream$2(FileUtils.java:73)
	at org.apache.ratis.util.LogUtils.supplyAndLog(LogUtils.java:58)
	at org.apache.ratis.util.FileUtils.newInputStream(FileUtils.java:72)
	at org.apache.ratis.util.FileUtils.newInputStream(FileUtils.java:68)
	at org.apache.ratis.server.storage.RaftStorageImpl.readRaftConfiguration(RaftStorageImpl.java:156)
	at org.apache.ratis.server.impl.ServerState.initialize(ServerState.java:141)
	at org.apache.ratis.server.impl.RaftServerImpl.start(RaftServerImpl.java:388)
	at org.apache.ratis.util.ConcurrentUtils.accept(ConcurrentUtils.java:203)
	at org.apache.ratis.util.ConcurrentUtils.lambda$parallelForEachAsync$4(ConcurrentUtils.java:182)
	at java.base/java.util.concurrent.ThreadPoolExecutor.runWorker(ThreadPoolExecutor.java:1128)
	at java.base/java.util.concurrent.ThreadPoolExecutor$Worker.run(ThreadPoolExecutor.java:628)
	at java.base/java.lang.Thread.run(Thread.java:829)
2023-11-28 06:43:23,421 [s1-impl-thread1] INFO  impl.SimpleStateMachine4Testing (SimpleStateMachine4Testing.java:initialize(213)) - Initializing SimpleStateMachine4Testing:uninitialized
2023-11-28 06:43:23,421 [s1-impl-thread1] INFO  impl.SimpleStateMachine4Testing (SimpleStateMachine4Testing.java:loadSnapshot(296)) - Loading snapshot null
2023-11-28 06:43:23,421 [s1-impl-thread1] INFO  server.RaftServerConfigKeys (ConfUtils.java:logGet(46)) - raft.server.log.use.memory = false (default)
2023-11-28 06:43:23,421 [s1-impl-thread1] INFO  server.RaftServerConfigKeys (ConfUtils.java:logGet(46)) - raft.server.log.purge.gap = 1024 (default)
2023-11-28 06:43:23,421 [s1-impl-thread1] INFO  server.RaftServerConfigKeys (ConfUtils.java:logGet(46)) - raft.server.log.appender.buffer.byte-limit = 4MB (=4194304) (default)
2023-11-28 06:43:23,421 [s1-impl-thread1] INFO  server.RaftServerConfigKeys (ConfUtils.java:logGet(46)) - raft.server.log.statemachine.data.read.timeout = 1000ms (default)
2023-11-28 06:43:23,421 [s1-impl-thread1] INFO  server.RaftServerConfigKeys (ConfUtils.java:logGet(46)) - raft.server.log.purge.preservation.log.num = 0 (default)
2023-11-28 06:43:23,422 [s1-impl-thread1] INFO  server.RaftServerConfigKeys (ConfUtils.java:logGet(46)) - raft.server.log.segment.size.max = 32MB (=33554432) (default)
2023-11-28 06:43:23,423 [s1-impl-thread1] INFO  server.RaftServerConfigKeys (ConfUtils.java:logGet(46)) - raft.server.log.segment.cache.num.max = 6 (default)
2023-11-28 06:43:23,423 [s1-impl-thread1] INFO  server.RaftServerConfigKeys (ConfUtils.java:logGet(46)) - raft.server.log.segment.cache.size.max = 200MB (=209715200) (default)
2023-11-28 06:43:23,423 [s1-impl-thread1] INFO  server.RaftServerConfigKeys (ConfUtils.java:logGet(46)) - raft.server.log.appender.buffer.byte-limit = 4MB (=4194304) (default)
2023-11-28 06:43:23,423 [s1-impl-thread1] INFO  util.AwaitToRun (AwaitToRun.java:start(81)) - Thread[s1@group-FC4214F7AD5F-cacheEviction-AwaitToRun,5,main] started
2023-11-28 06:43:23,425 [s1-impl-thread1] INFO  segmented.SegmentedRaftLogWorker (SegmentedRaftLogWorker.java:<init>(182)) - new s1@group-FC4214F7AD5F-SegmentedRaftLogWorker for RaftStorageImpl:Storage Directory /home/runner/work/ratis/ratis/ratis-test/target/test/data/cc86e3b/MiniRaftClusterWithGrpc7db59660/s1/f970858f-0b2f-4855-934d-fc4214f7ad5f
2023-11-28 06:43:23,425 [s1-impl-thread1] INFO  server.RaftServerConfigKeys (ConfUtils.java:logGet(46)) - raft.server.log.queue.byte-limit = 64MB (=67108864) (default)
2023-11-28 06:43:23,425 [s1-impl-thread1] INFO  server.RaftServerConfigKeys (ConfUtils.java:logGet(46)) - raft.server.log.queue.element-limit = 4096 (default)
2023-11-28 06:43:23,425 [s1-impl-thread1] INFO  server.RaftServerConfigKeys (ConfUtils.java:logGet(46)) - raft.server.log.segment.size.max = 32MB (=33554432) (default)
2023-11-28 06:43:23,425 [s1-impl-thread1] INFO  server.RaftServerConfigKeys (ConfUtils.java:logGet(46)) - raft.server.log.preallocated.size = 4MB (=4194304) (default)
2023-11-28 06:43:23,426 [s1-impl-thread1] INFO  server.RaftServerConfigKeys (ConfUtils.java:logGet(46)) - raft.server.log.force.sync.num = 128 (default)
2023-11-28 06:43:23,426 [s1-impl-thread1] INFO  server.RaftServerConfigKeys (ConfUtils.java:logGet(46)) - raft.server.log.statemachine.data.sync = true (default)
2023-11-28 06:43:23,426 [s1-impl-thread1] INFO  server.RaftServerConfigKeys (ConfUtils.java:logGet(46)) - raft.server.log.statemachine.data.sync.timeout = 10s (default)
2023-11-28 06:43:23,426 [s1-impl-thread1] INFO  server.RaftServerConfigKeys (ConfUtils.java:logGet(46)) - raft.server.log.statemachine.data.sync.timeout.retry = -1 (default)
2023-11-28 06:43:23,426 [s1-impl-thread1] INFO  server.RaftServerConfigKeys (ConfUtils.java:logGet(46)) - raft.server.log.write.buffer.size = 8MB (=8388608) (default)
2023-11-28 06:43:23,428 [s1-impl-thread1] INFO  server.RaftServerConfigKeys (ConfUtils.java:logGet(46)) - raft.server.log.appender.buffer.byte-limit = 4MB (=4194304) (default)
2023-11-28 06:43:23,429 [s1-impl-thread1] INFO  server.RaftServerConfigKeys (ConfUtils.java:logGet(46)) - raft.server.log.unsafe-flush.enabled = false (default)
2023-11-28 06:43:23,429 [s1-impl-thread1] INFO  server.RaftServerConfigKeys (ConfUtils.java:logGet(46)) - raft.server.log.async-flush.enabled = false (default)
2023-11-28 06:43:23,429 [s1-impl-thread1] INFO  server.RaftServerConfigKeys (ConfUtils.java:logGet(46)) - raft.server.log.statemachine.data.caching.enabled = false (default)
2023-11-28 06:43:23,429 [s1-impl-thread1] INFO  segmented.SegmentedRaftLogWorker (SegmentedRaftLogWorker.java:lambda$new$0(134)) - s1@group-FC4214F7AD5F-SegmentedRaftLogWorker: flushIndex: setUnconditionally 0 -> -1
2023-11-28 06:43:23,429 [s1-impl-thread1] INFO  segmented.SegmentedRaftLogWorker (SegmentedRaftLogWorker.java:lambda$new$0(134)) - s1@group-FC4214F7AD5F-SegmentedRaftLogWorker: safeCacheEvictIndex: setUnconditionally 0 -> -1
2023-11-28 06:43:23,430 [s1-impl-thread1] INFO  server.RaftServer$Division (RaftServerImpl.java:start(392)) - s1@group-FC4214F7AD5F: start as a follower, conf=-1: peers:[s0|localhost:38701, s1|localhost:37909, s2|localhost:41117]|listeners:[], old=null
2023-11-28 06:43:23,430 [s1-impl-thread1] INFO  server.RaftServer$Division (RaftServerImpl.java:setRole(379)) - s1@group-FC4214F7AD5F: changes role from      null to FOLLOWER at term 0 for startAsFollower
2023-11-28 06:43:23,430 [s1-impl-thread1] INFO  impl.RoleInfo (RoleInfo.java:updateAndGet(139)) - s1: start s1@group-FC4214F7AD5F-FollowerState
2023-11-28 06:43:23,430 [s1-impl-thread1] INFO  util.JmxRegister (JmxRegister.java:tryRegister(44)) - Successfully registered JMX Bean with object name Ratis:service=RaftServer,group=group-FC4214F7AD5F,id=s1
2023-11-28 06:43:23,430 [s1-impl-thread1] INFO  server.RaftServerConfigKeys (ConfUtils.java:logGet(46)) - raft.server.snapshot.trigger-when-stop.enabled = true (default)
2023-11-28 06:43:23,431 [s1-impl-thread1] INFO  server.RaftServerConfigKeys (ConfUtils.java:logGet(46)) - raft.server.snapshot.auto.trigger.enabled = false (default)
2023-11-28 06:43:23,431 [s1-impl-thread1] INFO  server.RaftServerConfigKeys (ConfUtils.java:logGet(46)) - raft.server.snapshot.retention.file.num = -1 (default)
2023-11-28 06:43:23,431 [s1-impl-thread1] INFO  server.RaftServerConfigKeys (ConfUtils.java:logGet(46)) - raft.server.log.purge.upto.snapshot.index = false (default)
2023-11-28 06:43:23,431 [Time-limited test] INFO  server.RaftServer (RaftServerProxy.java:startImpl(406)) - s1: start RPC server
2023-11-28 06:43:23,431 [s1@group-FC4214F7AD5F-FollowerState] INFO  server.RaftServerConfigKeys (ConfUtils.java:logFallback(53)) - raft.server.rpc.first-election.timeout.min = 150ms (fallback to raft.server.rpc.timeout.min)
2023-11-28 06:43:23,432 [Time-limited test] INFO  server.GrpcService (GrpcService.java:startImpl(302)) - s1: GrpcService started, listening on 35839
2023-11-28 06:43:23,432 [s1@group-FC4214F7AD5F-FollowerState] INFO  server.RaftServerConfigKeys (ConfUtils.java:logFallback(53)) - raft.server.rpc.first-election.timeout.max = 300ms (fallback to raft.server.rpc.timeout.max)
2023-11-28 06:43:23,433 [Time-limited test] INFO  server.GrpcService (GrpcService.java:startImpl(302)) - s1: GrpcService started, listening on 37909
2023-11-28 06:43:23,433 [Time-limited test] INFO  server.GrpcService (GrpcService.java:startImpl(302)) - s1: GrpcService started, listening on 35933
2023-11-28 06:43:23,434 [s2-impl-thread1] INFO  server.RaftServerConfigKeys (ConfUtils.java:logGet(46)) - raft.server.storage.free-space.min = 0MB (=0) (default)
2023-11-28 06:43:23,434 [s2-impl-thread1] INFO  server.RaftServerConfigKeys (ConfUtils.java:logGet(46)) - raft.server.log.corruption.policy = EXCEPTION (default)
2023-11-28 06:43:23,434 [s2-impl-thread1] INFO  server.RaftServerConfigKeys (ConfUtils.java:logGet(46)) - raft.server.storage.dir = [/home/runner/work/ratis/ratis/ratis-test/target/test/data/cc86e3b/MiniRaftClusterWithGrpc7db59660/s2] (custom)
2023-11-28 06:43:23,434 [s2-impl-thread1] INFO  storage.RaftStorageDirectory (RaftStorageDirectoryImpl.java:analyzeStorage(138)) - The storage directory /home/runner/work/ratis/ratis/ratis-test/target/test/data/cc86e3b/MiniRaftClusterWithGrpc7db59660/s2/f970858f-0b2f-4855-934d-fc4214f7ad5f does not exist. Creating ...
2023-11-28 06:43:23,435 [s2-impl-thread1] TRACE util.FileUtils (LogUtils.java:runAndLog(49)) - Successfully ran Files.createDirectories /home/runner/work/ratis/ratis/ratis-test/target/test/data/cc86e3b/MiniRaftClusterWithGrpc7db59660/s2/f970858f-0b2f-4855-934d-fc4214f7ad5f
2023-11-28 06:43:23,435 [JvmPauseMonitor1] INFO  util.JvmPauseMonitor (JvmPauseMonitor.java:run(146)) - JvmPauseMonitor-s1: Started
2023-11-28 06:43:23,435 [s2-impl-thread1] INFO  storage.RaftStorageDirectory (RaftStorageDirectoryImpl.java:tryLock(232)) - Lock on /home/runner/work/ratis/ratis/ratis-test/target/test/data/cc86e3b/MiniRaftClusterWithGrpc7db59660/s2/f970858f-0b2f-4855-934d-fc4214f7ad5f/in_use.lock acquired by nodename 4862@fv-az728-711
2023-11-28 06:43:23,436 [s2-impl-thread1] TRACE util.FileUtils (LogUtils.java:runAndLog(49)) - Successfully ran Files.createDirectories /home/runner/work/ratis/ratis/ratis-test/target/test/data/cc86e3b/MiniRaftClusterWithGrpc7db59660/s2/f970858f-0b2f-4855-934d-fc4214f7ad5f/current
2023-11-28 06:43:23,436 [s2-impl-thread1] TRACE util.FileUtils (LogUtils.java:runAndLog(49)) - Successfully ran Files.createDirectories /home/runner/work/ratis/ratis/ratis-test/target/test/data/cc86e3b/MiniRaftClusterWithGrpc7db59660/s2/f970858f-0b2f-4855-934d-fc4214f7ad5f/sm
2023-11-28 06:43:23,436 [s2-impl-thread1] TRACE util.FileUtils (LogUtils.java:supplyAndLog(69)) - Successfully supplied FileChannel.open /home/runner/work/ratis/ratis/ratis-test/target/test/data/cc86e3b/MiniRaftClusterWithGrpc7db59660/s2/f970858f-0b2f-4855-934d-fc4214f7ad5f/current/raft-meta.tmp with options [CREATE, WRITE]: sun.nio.ch.FileChannelImpl@79d27024
2023-11-28 06:43:23,437 [s2-impl-thread1] TRACE util.FileUtils (LogUtils.java:runAndLog(49)) - Successfully ran Atomic Files.move /home/runner/work/ratis/ratis/ratis-test/target/test/data/cc86e3b/MiniRaftClusterWithGrpc7db59660/s2/f970858f-0b2f-4855-934d-fc4214f7ad5f/current/raft-meta.tmp to /home/runner/work/ratis/ratis/ratis-test/target/test/data/cc86e3b/MiniRaftClusterWithGrpc7db59660/s2/f970858f-0b2f-4855-934d-fc4214f7ad5f/current/raft-meta with options [REPLACE_EXISTING]
2023-11-28 06:43:23,437 [s2-impl-thread1] INFO  storage.RaftStorage (RaftStorageImpl.java:format(99)) - Storage directory /home/runner/work/ratis/ratis/ratis-test/target/test/data/cc86e3b/MiniRaftClusterWithGrpc7db59660/s2/f970858f-0b2f-4855-934d-fc4214f7ad5f has been successfully formatted.
2023-11-28 06:43:23,438 [s2-impl-thread1] TRACE util.FileUtils (LogUtils.java:supplyAndLog(61)) - Failed to Files.newInputStream /home/runner/work/ratis/ratis/ratis-test/target/test/data/cc86e3b/MiniRaftClusterWithGrpc7db59660/s2/f970858f-0b2f-4855-934d-fc4214f7ad5f/current/raft-meta.conf with options []
java.nio.file.NoSuchFileException: /home/runner/work/ratis/ratis/ratis-test/target/test/data/cc86e3b/MiniRaftClusterWithGrpc7db59660/s2/f970858f-0b2f-4855-934d-fc4214f7ad5f/current/raft-meta.conf
	at java.base/sun.nio.fs.UnixException.translateToIOException(UnixException.java:92)
	at java.base/sun.nio.fs.UnixException.rethrowAsIOException(UnixException.java:111)
	at java.base/sun.nio.fs.UnixException.rethrowAsIOException(UnixException.java:116)
	at java.base/sun.nio.fs.UnixFileSystemProvider.newByteChannel(UnixFileSystemProvider.java:219)
	at java.base/java.nio.file.Files.newByteChannel(Files.java:371)
	at java.base/java.nio.file.Files.newByteChannel(Files.java:422)
	at java.base/java.nio.file.spi.FileSystemProvider.newInputStream(FileSystemProvider.java:420)
	at java.base/java.nio.file.Files.newInputStream(Files.java:156)
	at org.apache.ratis.util.FileUtils.lambda$newInputStream$2(FileUtils.java:73)
	at org.apache.ratis.util.LogUtils.supplyAndLog(LogUtils.java:58)
	at org.apache.ratis.util.FileUtils.newInputStream(FileUtils.java:72)
	at org.apache.ratis.util.FileUtils.newInputStream(FileUtils.java:68)
	at org.apache.ratis.server.storage.RaftStorageImpl.readRaftConfiguration(RaftStorageImpl.java:156)
	at org.apache.ratis.server.impl.ServerState.initialize(ServerState.java:141)
	at org.apache.ratis.server.impl.RaftServerImpl.start(RaftServerImpl.java:388)
	at org.apache.ratis.util.ConcurrentUtils.accept(ConcurrentUtils.java:203)
	at org.apache.ratis.util.ConcurrentUtils.lambda$parallelForEachAsync$4(ConcurrentUtils.java:182)
	at java.base/java.util.concurrent.ThreadPoolExecutor.runWorker(ThreadPoolExecutor.java:1128)
	at java.base/java.util.concurrent.ThreadPoolExecutor$Worker.run(ThreadPoolExecutor.java:628)
	at java.base/java.lang.Thread.run(Thread.java:829)
2023-11-28 06:43:23,438 [s2-impl-thread1] INFO  impl.SimpleStateMachine4Testing (SimpleStateMachine4Testing.java:initialize(213)) - Initializing SimpleStateMachine4Testing:uninitialized
2023-11-28 06:43:23,438 [s2-impl-thread1] INFO  impl.SimpleStateMachine4Testing (SimpleStateMachine4Testing.java:loadSnapshot(296)) - Loading snapshot null
2023-11-28 06:43:23,438 [s2-impl-thread1] INFO  server.RaftServerConfigKeys (ConfUtils.java:logGet(46)) - raft.server.log.use.memory = false (default)
2023-11-28 06:43:23,439 [s2-impl-thread1] INFO  server.RaftServerConfigKeys (ConfUtils.java:logGet(46)) - raft.server.log.purge.gap = 1024 (default)
2023-11-28 06:43:23,439 [s2-impl-thread1] INFO  server.RaftServerConfigKeys (ConfUtils.java:logGet(46)) - raft.server.log.appender.buffer.byte-limit = 4MB (=4194304) (default)
2023-11-28 06:43:23,439 [s2-impl-thread1] INFO  server.RaftServerConfigKeys (ConfUtils.java:logGet(46)) - raft.server.log.statemachine.data.read.timeout = 1000ms (default)
2023-11-28 06:43:23,439 [s2-impl-thread1] INFO  server.RaftServerConfigKeys (ConfUtils.java:logGet(46)) - raft.server.log.purge.preservation.log.num = 0 (default)
2023-11-28 06:43:23,440 [s2-impl-thread1] INFO  server.RaftServerConfigKeys (ConfUtils.java:logGet(46)) - raft.server.log.segment.size.max = 32MB (=33554432) (default)
2023-11-28 06:43:23,441 [s2-impl-thread1] INFO  server.RaftServerConfigKeys (ConfUtils.java:logGet(46)) - raft.server.log.segment.cache.num.max = 6 (default)
2023-11-28 06:43:23,441 [s2-impl-thread1] INFO  server.RaftServerConfigKeys (ConfUtils.java:logGet(46)) - raft.server.log.segment.cache.size.max = 200MB (=209715200) (default)
2023-11-28 06:43:23,441 [s2-impl-thread1] INFO  server.RaftServerConfigKeys (ConfUtils.java:logGet(46)) - raft.server.log.appender.buffer.byte-limit = 4MB (=4194304) (default)
2023-11-28 06:43:23,443 [s2-impl-thread1] INFO  util.AwaitToRun (AwaitToRun.java:start(81)) - Thread[s2@group-FC4214F7AD5F-cacheEviction-AwaitToRun,5,main] started
2023-11-28 06:43:23,443 [s2-impl-thread1] INFO  segmented.SegmentedRaftLogWorker (SegmentedRaftLogWorker.java:<init>(182)) - new s2@group-FC4214F7AD5F-SegmentedRaftLogWorker for RaftStorageImpl:Storage Directory /home/runner/work/ratis/ratis/ratis-test/target/test/data/cc86e3b/MiniRaftClusterWithGrpc7db59660/s2/f970858f-0b2f-4855-934d-fc4214f7ad5f
2023-11-28 06:43:23,443 [s2-impl-thread1] INFO  server.RaftServerConfigKeys (ConfUtils.java:logGet(46)) - raft.server.log.queue.byte-limit = 64MB (=67108864) (default)
2023-11-28 06:43:23,443 [s2-impl-thread1] INFO  server.RaftServerConfigKeys (ConfUtils.java:logGet(46)) - raft.server.log.queue.element-limit = 4096 (default)
2023-11-28 06:43:23,443 [s2-impl-thread1] INFO  server.RaftServerConfigKeys (ConfUtils.java:logGet(46)) - raft.server.log.segment.size.max = 32MB (=33554432) (default)
2023-11-28 06:43:23,443 [s2-impl-thread1] INFO  server.RaftServerConfigKeys (ConfUtils.java:logGet(46)) - raft.server.log.preallocated.size = 4MB (=4194304) (default)
2023-11-28 06:43:23,443 [s2-impl-thread1] INFO  server.RaftServerConfigKeys (ConfUtils.java:logGet(46)) - raft.server.log.force.sync.num = 128 (default)
2023-11-28 06:43:23,444 [s2-impl-thread1] INFO  server.RaftServerConfigKeys (ConfUtils.java:logGet(46)) - raft.server.log.statemachine.data.sync = true (default)
2023-11-28 06:43:23,444 [s2-impl-thread1] INFO  server.RaftServerConfigKeys (ConfUtils.java:logGet(46)) - raft.server.log.statemachine.data.sync.timeout = 10s (default)
2023-11-28 06:43:23,444 [s2-impl-thread1] INFO  server.RaftServerConfigKeys (ConfUtils.java:logGet(46)) - raft.server.log.statemachine.data.sync.timeout.retry = -1 (default)
2023-11-28 06:43:23,444 [s2-impl-thread1] INFO  server.RaftServerConfigKeys (ConfUtils.java:logGet(46)) - raft.server.log.write.buffer.size = 8MB (=8388608) (default)
2023-11-28 06:43:23,446 [s2-impl-thread1] INFO  server.RaftServerConfigKeys (ConfUtils.java:logGet(46)) - raft.server.log.appender.buffer.byte-limit = 4MB (=4194304) (default)
2023-11-28 06:43:23,446 [s2-impl-thread1] INFO  server.RaftServerConfigKeys (ConfUtils.java:logGet(46)) - raft.server.log.unsafe-flush.enabled = false (default)
2023-11-28 06:43:23,446 [s2-impl-thread1] INFO  server.RaftServerConfigKeys (ConfUtils.java:logGet(46)) - raft.server.log.async-flush.enabled = false (default)
2023-11-28 06:43:23,446 [s2-impl-thread1] INFO  server.RaftServerConfigKeys (ConfUtils.java:logGet(46)) - raft.server.log.statemachine.data.caching.enabled = false (default)
2023-11-28 06:43:23,447 [s2-impl-thread1] INFO  segmented.SegmentedRaftLogWorker (SegmentedRaftLogWorker.java:lambda$new$0(134)) - s2@group-FC4214F7AD5F-SegmentedRaftLogWorker: flushIndex: setUnconditionally 0 -> -1
2023-11-28 06:43:23,447 [s2-impl-thread1] INFO  segmented.SegmentedRaftLogWorker (SegmentedRaftLogWorker.java:lambda$new$0(134)) - s2@group-FC4214F7AD5F-SegmentedRaftLogWorker: safeCacheEvictIndex: setUnconditionally 0 -> -1
2023-11-28 06:43:23,449 [s2-impl-thread1] INFO  server.RaftServer$Division (RaftServerImpl.java:start(392)) - s2@group-FC4214F7AD5F: start as a follower, conf=-1: peers:[s0|localhost:38701, s1|localhost:37909, s2|localhost:41117]|listeners:[], old=null
2023-11-28 06:43:23,449 [s2-impl-thread1] INFO  server.RaftServer$Division (RaftServerImpl.java:setRole(379)) - s2@group-FC4214F7AD5F: changes role from      null to FOLLOWER at term 0 for startAsFollower
2023-11-28 06:43:23,449 [s2-impl-thread1] INFO  impl.RoleInfo (RoleInfo.java:updateAndGet(139)) - s2: start s2@group-FC4214F7AD5F-FollowerState
2023-11-28 06:43:23,450 [s2@group-FC4214F7AD5F-FollowerState] INFO  server.RaftServerConfigKeys (ConfUtils.java:logFallback(53)) - raft.server.rpc.first-election.timeout.min = 150ms (fallback to raft.server.rpc.timeout.min)
2023-11-28 06:43:23,450 [s2@group-FC4214F7AD5F-FollowerState] INFO  server.RaftServerConfigKeys (ConfUtils.java:logFallback(53)) - raft.server.rpc.first-election.timeout.max = 300ms (fallback to raft.server.rpc.timeout.max)
2023-11-28 06:43:23,453 [s2-impl-thread1] INFO  util.JmxRegister (JmxRegister.java:tryRegister(44)) - Successfully registered JMX Bean with object name Ratis:service=RaftServer,group=group-FC4214F7AD5F,id=s2
2023-11-28 06:43:23,453 [s2-impl-thread1] INFO  server.RaftServerConfigKeys (ConfUtils.java:logGet(46)) - raft.server.snapshot.trigger-when-stop.enabled = true (default)
2023-11-28 06:43:23,453 [s2-impl-thread1] INFO  server.RaftServerConfigKeys (ConfUtils.java:logGet(46)) - raft.server.snapshot.auto.trigger.enabled = false (default)
2023-11-28 06:43:23,453 [s2-impl-thread1] INFO  server.RaftServerConfigKeys (ConfUtils.java:logGet(46)) - raft.server.snapshot.retention.file.num = -1 (default)
2023-11-28 06:43:23,454 [s2-impl-thread1] INFO  server.RaftServerConfigKeys (ConfUtils.java:logGet(46)) - raft.server.log.purge.upto.snapshot.index = false (default)
2023-11-28 06:43:23,454 [Time-limited test] INFO  server.RaftServer (RaftServerProxy.java:startImpl(406)) - s2: start RPC server
2023-11-28 06:43:23,455 [Time-limited test] INFO  server.GrpcService (GrpcService.java:startImpl(302)) - s2: GrpcService started, listening on 35585
2023-11-28 06:43:23,456 [Time-limited test] INFO  server.GrpcService (GrpcService.java:startImpl(302)) - s2: GrpcService started, listening on 41117
2023-11-28 06:43:23,456 [Time-limited test] INFO  server.GrpcService (GrpcService.java:startImpl(302)) - s2: GrpcService started, listening on 33227
2023-11-28 06:43:23,457 [JvmPauseMonitor2] INFO  util.JvmPauseMonitor (JvmPauseMonitor.java:run(146)) - JvmPauseMonitor-s2: Started
2023-11-28 06:43:23,459 [Time-limited test] INFO  server.RaftServerConfigKeys (ConfUtils.java:logGet(46)) - raft.server.rpc.timeout.max = 300ms (default)
2023-11-28 06:43:23,461 [Time-limited test] INFO  ratis.RaftTestUtil (RaftTestUtil.java:waitForLeader(100)) - printing ALL groups
  s0:  RUNNING  FOLLOWER s0@group-FC4214F7AD5F:t0, leader=null, voted=, raftlog=Memoized:s0@group-FC4214F7AD5F-SegmentedRaftLog:OPENED:c-1, conf=-1: peers:[s0|localhost:38701, s1|localhost:37909, s2|localhost:41117]|listeners:[], old=null RUNNING
  s1:  RUNNING  FOLLOWER s1@group-FC4214F7AD5F:t0, leader=null, voted=, raftlog=Memoized:s1@group-FC4214F7AD5F-SegmentedRaftLog:OPENED:c-1, conf=-1: peers:[s0|localhost:38701, s1|localhost:37909, s2|localhost:41117]|listeners:[], old=null RUNNING
  s2:  RUNNING  FOLLOWER s2@group-FC4214F7AD5F:t0, leader=null, voted=, raftlog=Memoized:s2@group-FC4214F7AD5F-SegmentedRaftLog:OPENED:c-1, conf=-1: peers:[s0|localhost:38701, s1|localhost:37909, s2|localhost:41117]|listeners:[], old=null RUNNING
2023-11-28 06:43:23,463 [Time-limited test] WARN  ratis.RaftTestUtil (JavaUtils.java:attempt(223)) - FAILED "waitForLeader-null-(expectLeader? true)", attempt #1/100: java.lang.IllegalStateException: No leader yet : printing ALL groups
  s0:  RUNNING  FOLLOWER s0@group-FC4214F7AD5F:t0, leader=null, voted=, raftlog=Memoized:s0@group-FC4214F7AD5F-SegmentedRaftLog:OPENED:c-1, conf=-1: peers:[s0|localhost:38701, s1|localhost:37909, s2|localhost:41117]|listeners:[], old=null RUNNING
  s1:  RUNNING  FOLLOWER s1@group-FC4214F7AD5F:t0, leader=null, voted=, raftlog=Memoized:s1@group-FC4214F7AD5F-SegmentedRaftLog:OPENED:c-1, conf=-1: peers:[s0|localhost:38701, s1|localhost:37909, s2|localhost:41117]|listeners:[], old=null RUNNING
  s2:  RUNNING  FOLLOWER s2@group-FC4214F7AD5F:t0, leader=null, voted=, raftlog=Memoized:s2@group-FC4214F7AD5F-SegmentedRaftLog:OPENED:c-1, conf=-1: peers:[s0|localhost:38701, s1|localhost:37909, s2|localhost:41117]|listeners:[], old=null RUNNING, sleep 450ms and then retry.
java.lang.IllegalStateException: No leader yet : printing ALL groups
  s0:  RUNNING  FOLLOWER s0@group-FC4214F7AD5F:t0, leader=null, voted=, raftlog=Memoized:s0@group-FC4214F7AD5F-SegmentedRaftLog:OPENED:c-1, conf=-1: peers:[s0|localhost:38701, s1|localhost:37909, s2|localhost:41117]|listeners:[], old=null RUNNING
  s1:  RUNNING  FOLLOWER s1@group-FC4214F7AD5F:t0, leader=null, voted=, raftlog=Memoized:s1@group-FC4214F7AD5F-SegmentedRaftLog:OPENED:c-1, conf=-1: peers:[s0|localhost:38701, s1|localhost:37909, s2|localhost:41117]|listeners:[], old=null RUNNING
  s2:  RUNNING  FOLLOWER s2@group-FC4214F7AD5F:t0, leader=null, voted=, raftlog=Memoized:s2@group-FC4214F7AD5F-SegmentedRaftLog:OPENED:c-1, conf=-1: peers:[s0|localhost:38701, s1|localhost:37909, s2|localhost:41117]|listeners:[], old=null RUNNING
	at org.apache.ratis.server.impl.MiniRaftCluster.newIllegalStateExceptionForNoLeaders(MiniRaftCluster.java:581)
	at org.apache.ratis.RaftTestUtil.lambda$waitForLeader$1(RaftTestUtil.java:104)
	at org.apache.ratis.server.impl.MiniRaftCluster.getLeader(MiniRaftCluster.java:615)
	at org.apache.ratis.server.impl.MiniRaftCluster.getLeader(MiniRaftCluster.java:608)
	at org.apache.ratis.RaftTestUtil.lambda$waitForLeader$3(RaftTestUtil.java:112)
	at org.apache.ratis.util.JavaUtils.attempt(JavaUtils.java:217)
	at org.apache.ratis.util.JavaUtils.attemptRepeatedly(JavaUtils.java:203)
	at org.apache.ratis.RaftTestUtil.waitForLeader(RaftTestUtil.java:111)
	at org.apache.ratis.RaftTestUtil.waitForLeader(RaftTestUtil.java:92)
	at org.apache.ratis.RaftTestUtil.waitForLeader(RaftTestUtil.java:87)
	at org.apache.ratis.grpc.TestRetryCacheWithGrpc.testRetryOnResourceUnavailableException(TestRetryCacheWithGrpc.java:173)
	at java.base/jdk.internal.reflect.NativeMethodAccessorImpl.invoke0(Native Method)
	at java.base/jdk.internal.reflect.NativeMethodAccessorImpl.invoke(NativeMethodAccessorImpl.java:62)
	at java.base/jdk.internal.reflect.DelegatingMethodAccessorImpl.invoke(DelegatingMethodAccessorImpl.java:43)
	at java.base/java.lang.reflect.Method.invoke(Method.java:566)
	at org.junit.runners.model.FrameworkMethod$1.runReflectiveCall(FrameworkMethod.java:59)
	at org.junit.internal.runners.model.ReflectiveCallable.run(ReflectiveCallable.java:12)
	at org.junit.runners.model.FrameworkMethod.invokeExplosively(FrameworkMethod.java:56)
	at org.junit.internal.runners.statements.InvokeMethod.evaluate(InvokeMethod.java:17)
	at org.junit.internal.runners.statements.FailOnTimeout$CallableStatement.call(FailOnTimeout.java:299)
	at org.junit.internal.runners.statements.FailOnTimeout$CallableStatement.call(FailOnTimeout.java:293)
	at java.base/java.util.concurrent.FutureTask.run(FutureTask.java:264)
	at java.base/java.lang.Thread.run(Thread.java:829)
2023-11-28 06:43:23,629 [s1@group-FC4214F7AD5F-FollowerState] INFO  impl.FollowerState (FollowerState.java:run(143)) - s1@group-FC4214F7AD5F-FollowerState: change to CANDIDATE, lastRpcElapsedTime:199238455ns, electionTimeout:196ms
2023-11-28 06:43:23,629 [s1@group-FC4214F7AD5F-FollowerState] INFO  impl.RoleInfo (RoleInfo.java:shutdownFollowerState(110)) - s1: shutdown s1@group-FC4214F7AD5F-FollowerState
2023-11-28 06:43:23,630 [s1@group-FC4214F7AD5F-FollowerState] INFO  server.RaftServer$Division (RaftServerImpl.java:setRole(379)) - s1@group-FC4214F7AD5F: changes role from  FOLLOWER to CANDIDATE at term 0 for changeToCandidate
2023-11-28 06:43:23,632 [s1@group-FC4214F7AD5F-FollowerState] INFO  server.RaftServerConfigKeys (ConfUtils.java:logGet(46)) - raft.server.leaderelection.pre-vote = true (default)
2023-11-28 06:43:23,632 [s1@group-FC4214F7AD5F-FollowerState] INFO  impl.RoleInfo (RoleInfo.java:updateAndGet(139)) - s1: start s1@group-FC4214F7AD5F-LeaderElection1
2023-11-28 06:43:23,635 [s1@group-FC4214F7AD5F-LeaderElection1] INFO  impl.LeaderElection (LeaderElection.java:askForVotes(323)) - s1@group-FC4214F7AD5F-LeaderElection1 PRE_VOTE round 0: submit vote requests at term 0 for -1: peers:[s0|localhost:38701, s1|localhost:37909, s2|localhost:41117]|listeners:[], old=null
2023-11-28 06:43:23,650 [s1@group-FC4214F7AD5F-LeaderElection1] INFO  server.RaftServerConfigKeys (ConfUtils.java:logFallback(53)) - raft.server.rpc.first-election.timeout.min = 150ms (fallback to raft.server.rpc.timeout.min)
2023-11-28 06:43:23,650 [s1@group-FC4214F7AD5F-LeaderElection1] INFO  server.RaftServerConfigKeys (ConfUtils.java:logFallback(53)) - raft.server.rpc.first-election.timeout.max = 300ms (fallback to raft.server.rpc.timeout.max)
2023-11-28 06:43:23,651 [s1@group-FC4214F7AD5F-LeaderElection1-2] INFO  server.GrpcServerProtocolClient (GrpcServerProtocolClient.java:<init>(65)) - Build channel for s2
2023-11-28 06:43:23,652 [s1@group-FC4214F7AD5F-LeaderElection1-1] INFO  server.GrpcServerProtocolClient (GrpcServerProtocolClient.java:<init>(65)) - Build channel for s0
2023-11-28 06:43:23,655 [s2@group-FC4214F7AD5F-FollowerState] INFO  impl.FollowerState (FollowerState.java:run(143)) - s2@group-FC4214F7AD5F-FollowerState: change to CANDIDATE, lastRpcElapsedTime:205611637ns, electionTimeout:205ms
2023-11-28 06:43:23,655 [s2@group-FC4214F7AD5F-FollowerState] INFO  impl.RoleInfo (RoleInfo.java:shutdownFollowerState(110)) - s2: shutdown s2@group-FC4214F7AD5F-FollowerState
2023-11-28 06:43:23,655 [s2@group-FC4214F7AD5F-FollowerState] INFO  server.RaftServer$Division (RaftServerImpl.java:setRole(379)) - s2@group-FC4214F7AD5F: changes role from  FOLLOWER to CANDIDATE at term 0 for changeToCandidate
2023-11-28 06:43:23,655 [s2@group-FC4214F7AD5F-FollowerState] INFO  server.RaftServerConfigKeys (ConfUtils.java:logGet(46)) - raft.server.leaderelection.pre-vote = true (default)
2023-11-28 06:43:23,656 [s2@group-FC4214F7AD5F-FollowerState] INFO  impl.RoleInfo (RoleInfo.java:updateAndGet(139)) - s2: start s2@group-FC4214F7AD5F-LeaderElection2
2023-11-28 06:43:23,656 [s2@group-FC4214F7AD5F-LeaderElection2] INFO  impl.LeaderElection (LeaderElection.java:askForVotes(323)) - s2@group-FC4214F7AD5F-LeaderElection2 PRE_VOTE round 0: submit vote requests at term 0 for -1: peers:[s0|localhost:38701, s1|localhost:37909, s2|localhost:41117]|listeners:[], old=null
2023-11-28 06:43:23,656 [s2@group-FC4214F7AD5F-LeaderElection2-1] INFO  server.GrpcServerProtocolClient (GrpcServerProtocolClient.java:<init>(65)) - Build channel for s0
2023-11-28 06:43:23,656 [s2@group-FC4214F7AD5F-LeaderElection2] INFO  server.RaftServerConfigKeys (ConfUtils.java:logFallback(53)) - raft.server.rpc.first-election.timeout.min = 150ms (fallback to raft.server.rpc.timeout.min)
2023-11-28 06:43:23,657 [s2@group-FC4214F7AD5F-LeaderElection2] INFO  server.RaftServerConfigKeys (ConfUtils.java:logFallback(53)) - raft.server.rpc.first-election.timeout.max = 300ms (fallback to raft.server.rpc.timeout.max)
2023-11-28 06:43:23,657 [s2@group-FC4214F7AD5F-LeaderElection2-2] INFO  server.GrpcServerProtocolClient (GrpcServerProtocolClient.java:<init>(65)) - Build channel for s1
2023-11-28 06:43:23,659 [s0@group-FC4214F7AD5F-FollowerState] INFO  impl.FollowerState (FollowerState.java:run(143)) - s0@group-FC4214F7AD5F-FollowerState: change to CANDIDATE, lastRpcElapsedTime:292181302ns, electionTimeout:291ms
2023-11-28 06:43:23,659 [s0@group-FC4214F7AD5F-FollowerState] INFO  impl.RoleInfo (RoleInfo.java:shutdownFollowerState(110)) - s0: shutdown s0@group-FC4214F7AD5F-FollowerState
2023-11-28 06:43:23,659 [s0@group-FC4214F7AD5F-FollowerState] INFO  server.RaftServer$Division (RaftServerImpl.java:setRole(379)) - s0@group-FC4214F7AD5F: changes role from  FOLLOWER to CANDIDATE at term 0 for changeToCandidate
2023-11-28 06:43:23,660 [s0@group-FC4214F7AD5F-FollowerState] INFO  server.RaftServerConfigKeys (ConfUtils.java:logGet(46)) - raft.server.leaderelection.pre-vote = true (default)
2023-11-28 06:43:23,660 [s0@group-FC4214F7AD5F-FollowerState] INFO  impl.RoleInfo (RoleInfo.java:updateAndGet(139)) - s0: start s0@group-FC4214F7AD5F-LeaderElection3
2023-11-28 06:43:23,665 [s0@group-FC4214F7AD5F-LeaderElection3] INFO  impl.LeaderElection (LeaderElection.java:askForVotes(323)) - s0@group-FC4214F7AD5F-LeaderElection3 PRE_VOTE round 0: submit vote requests at term 0 for -1: peers:[s0|localhost:38701, s1|localhost:37909, s2|localhost:41117]|listeners:[], old=null
2023-11-28 06:43:23,666 [s0@group-FC4214F7AD5F-LeaderElection3-1] INFO  server.GrpcServerProtocolClient (GrpcServerProtocolClient.java:<init>(65)) - Build channel for s1
2023-11-28 06:43:23,666 [s0@group-FC4214F7AD5F-LeaderElection3] INFO  server.RaftServerConfigKeys (ConfUtils.java:logFallback(53)) - raft.server.rpc.first-election.timeout.min = 150ms (fallback to raft.server.rpc.timeout.min)
2023-11-28 06:43:23,666 [s0@group-FC4214F7AD5F-LeaderElection3] INFO  server.RaftServerConfigKeys (ConfUtils.java:logFallback(53)) - raft.server.rpc.first-election.timeout.max = 300ms (fallback to raft.server.rpc.timeout.max)
2023-11-28 06:43:23,666 [s0@group-FC4214F7AD5F-LeaderElection3-2] INFO  server.GrpcServerProtocolClient (GrpcServerProtocolClient.java:<init>(65)) - Build channel for s2
2023-11-28 06:43:23,818 [s2@group-FC4214F7AD5F-LeaderElection2] INFO  impl.LeaderElection (LeaderElection.java:logAndReturn(89)) - s2@group-FC4214F7AD5F-LeaderElection2: PRE_VOTE TIMEOUT received 0 response(s) and 0 exception(s):
2023-11-28 06:43:23,818 [s2@group-FC4214F7AD5F-LeaderElection2] INFO  impl.LeaderElection (LeaderElection.java:askForVotes(325)) - s2@group-FC4214F7AD5F-LeaderElection2 PRE_VOTE round 0: result TIMEOUT
2023-11-28 06:43:23,819 [s2@group-FC4214F7AD5F-LeaderElection2] INFO  impl.LeaderElection (LeaderElection.java:askForVotes(323)) - s2@group-FC4214F7AD5F-LeaderElection2 PRE_VOTE round 1: submit vote requests at term 0 for -1: peers:[s0|localhost:38701, s1|localhost:37909, s2|localhost:41117]|listeners:[], old=null
2023-11-28 06:43:23,819 [s2@group-FC4214F7AD5F-LeaderElection2] INFO  server.RaftServerConfigKeys (ConfUtils.java:logFallback(53)) - raft.server.rpc.first-election.timeout.min = 150ms (fallback to raft.server.rpc.timeout.min)
2023-11-28 06:43:23,819 [s2@group-FC4214F7AD5F-LeaderElection2] INFO  server.RaftServerConfigKeys (ConfUtils.java:logFallback(53)) - raft.server.rpc.first-election.timeout.max = 300ms (fallback to raft.server.rpc.timeout.max)
2023-11-28 06:43:23,860 [s1@group-FC4214F7AD5F-LeaderElection1] INFO  impl.LeaderElection (LeaderElection.java:logAndReturn(89)) - s1@group-FC4214F7AD5F-LeaderElection1: PRE_VOTE TIMEOUT received 0 response(s) and 0 exception(s):
2023-11-28 06:43:23,860 [s1@group-FC4214F7AD5F-LeaderElection1] INFO  impl.LeaderElection (LeaderElection.java:askForVotes(325)) - s1@group-FC4214F7AD5F-LeaderElection1 PRE_VOTE round 0: result TIMEOUT
2023-11-28 06:43:23,861 [s1@group-FC4214F7AD5F-LeaderElection1] INFO  impl.LeaderElection (LeaderElection.java:askForVotes(323)) - s1@group-FC4214F7AD5F-LeaderElection1 PRE_VOTE round 1: submit vote requests at term 0 for -1: peers:[s0|localhost:38701, s1|localhost:37909, s2|localhost:41117]|listeners:[], old=null
2023-11-28 06:43:23,863 [s1@group-FC4214F7AD5F-LeaderElection1] INFO  server.RaftServerConfigKeys (ConfUtils.java:logFallback(53)) - raft.server.rpc.first-election.timeout.min = 150ms (fallback to raft.server.rpc.timeout.min)
2023-11-28 06:43:23,863 [s1@group-FC4214F7AD5F-LeaderElection1] INFO  server.RaftServerConfigKeys (ConfUtils.java:logFallback(53)) - raft.server.rpc.first-election.timeout.max = 300ms (fallback to raft.server.rpc.timeout.max)
2023-11-28 06:43:23,873 [grpc-default-executor-3] INFO  server.RaftServer$Division (RaftServerImpl.java:requestVote(1377)) - s1@group-FC4214F7AD5F: receive requestVote(PRE_VOTE, s0, group-FC4214F7AD5F, 0, (t:0, i:0))
2023-11-28 06:43:23,874 [grpc-default-executor-3] INFO  impl.VoteContext (VoteContext.java:log(49)) - s1@group-FC4214F7AD5F-CANDIDATE: accept PRE_VOTE from s0: our priority 0 <= candidate's priority 0
2023-11-28 06:43:23,877 [grpc-default-executor-5] INFO  server.RaftServer$Division (RaftServerImpl.java:requestVote(1377)) - s2@group-FC4214F7AD5F: receive requestVote(PRE_VOTE, s1, group-FC4214F7AD5F, 0, (t:0, i:0))
2023-11-28 06:43:23,878 [grpc-default-executor-0] INFO  server.RaftServer$Division (RaftServerImpl.java:requestVote(1377)) - s0@group-FC4214F7AD5F: receive requestVote(PRE_VOTE, s1, group-FC4214F7AD5F, 0, (t:0, i:0))
2023-11-28 06:43:23,878 [grpc-default-executor-0] INFO  impl.VoteContext (VoteContext.java:log(49)) - s0@group-FC4214F7AD5F-CANDIDATE: accept PRE_VOTE from s1: our priority 0 <= candidate's priority 0
2023-11-28 06:43:23,879 [grpc-default-executor-0] INFO  server.RaftServer$Division (RaftServerImpl.java:requestVote(1410)) - s0@group-FC4214F7AD5F replies to PRE_VOTE vote request: s1<-s0#0:OK-t0. Peer's state: s0@group-FC4214F7AD5F:t0, leader=null, voted=, raftlog=Memoized:s0@group-FC4214F7AD5F-SegmentedRaftLog:OPENED:c-1, conf=-1: peers:[s0|localhost:38701, s1|localhost:37909, s2|localhost:41117]|listeners:[], old=null
2023-11-28 06:43:23,880 [grpc-default-executor-4] INFO  server.RaftServer$Division (RaftServerImpl.java:requestVote(1377)) - s0@group-FC4214F7AD5F: receive requestVote(PRE_VOTE, s2, group-FC4214F7AD5F, 0, (t:0, i:0))
2023-11-28 06:43:23,880 [grpc-default-executor-4] INFO  impl.VoteContext (VoteContext.java:log(49)) - s0@group-FC4214F7AD5F-CANDIDATE: accept PRE_VOTE from s2: our priority 0 <= candidate's priority 0
2023-11-28 06:43:23,881 [grpc-default-executor-4] INFO  server.RaftServer$Division (RaftServerImpl.java:requestVote(1410)) - s0@group-FC4214F7AD5F replies to PRE_VOTE vote request: s2<-s0#0:OK-t0. Peer's state: s0@group-FC4214F7AD5F:t0, leader=null, voted=, raftlog=Memoized:s0@group-FC4214F7AD5F-SegmentedRaftLog:OPENED:c-1, conf=-1: peers:[s0|localhost:38701, s1|localhost:37909, s2|localhost:41117]|listeners:[], old=null
2023-11-28 06:43:23,878 [grpc-default-executor-5] INFO  impl.VoteContext (VoteContext.java:log(49)) - s2@group-FC4214F7AD5F-CANDIDATE: accept PRE_VOTE from s1: our priority 0 <= candidate's priority 0
2023-11-28 06:43:23,881 [grpc-default-executor-5] INFO  server.RaftServer$Division (RaftServerImpl.java:requestVote(1410)) - s2@group-FC4214F7AD5F replies to PRE_VOTE vote request: s1<-s2#0:OK-t0. Peer's state: s2@group-FC4214F7AD5F:t0, leader=null, voted=, raftlog=Memoized:s2@group-FC4214F7AD5F-SegmentedRaftLog:OPENED:c-1, conf=-1: peers:[s0|localhost:38701, s1|localhost:37909, s2|localhost:41117]|listeners:[], old=null
2023-11-28 06:43:23,881 [grpc-default-executor-3] INFO  server.RaftServer$Division (RaftServerImpl.java:requestVote(1410)) - s1@group-FC4214F7AD5F replies to PRE_VOTE vote request: s0<-s1#0:OK-t0. Peer's state: s1@group-FC4214F7AD5F:t0, leader=null, voted=, raftlog=Memoized:s1@group-FC4214F7AD5F-SegmentedRaftLog:OPENED:c-1, conf=-1: peers:[s0|localhost:38701, s1|localhost:37909, s2|localhost:41117]|listeners:[], old=null
2023-11-28 06:43:23,882 [grpc-default-executor-1] INFO  server.RaftServer$Division (RaftServerImpl.java:requestVote(1377)) - s1@group-FC4214F7AD5F: receive requestVote(PRE_VOTE, s2, group-FC4214F7AD5F, 0, (t:0, i:0))
2023-11-28 06:43:23,882 [grpc-default-executor-2] INFO  server.RaftServer$Division (RaftServerImpl.java:requestVote(1377)) - s0@group-FC4214F7AD5F: receive requestVote(PRE_VOTE, s2, group-FC4214F7AD5F, 0, (t:0, i:0))
2023-11-28 06:43:23,882 [grpc-default-executor-1] INFO  impl.VoteContext (VoteContext.java:log(49)) - s1@group-FC4214F7AD5F-CANDIDATE: accept PRE_VOTE from s2: our priority 0 <= candidate's priority 0
2023-11-28 06:43:23,882 [grpc-default-executor-2] INFO  impl.VoteContext (VoteContext.java:log(49)) - s0@group-FC4214F7AD5F-CANDIDATE: accept PRE_VOTE from s2: our priority 0 <= candidate's priority 0
2023-11-28 06:43:23,882 [grpc-default-executor-1] INFO  server.RaftServer$Division (RaftServerImpl.java:requestVote(1410)) - s1@group-FC4214F7AD5F replies to PRE_VOTE vote request: s2<-s1#0:OK-t0. Peer's state: s1@group-FC4214F7AD5F:t0, leader=null, voted=, raftlog=Memoized:s1@group-FC4214F7AD5F-SegmentedRaftLog:OPENED:c-1, conf=-1: peers:[s0|localhost:38701, s1|localhost:37909, s2|localhost:41117]|listeners:[], old=null
2023-11-28 06:43:23,882 [grpc-default-executor-2] INFO  server.RaftServer$Division (RaftServerImpl.java:requestVote(1410)) - s0@group-FC4214F7AD5F replies to PRE_VOTE vote request: s2<-s0#0:OK-t0. Peer's state: s0@group-FC4214F7AD5F:t0, leader=null, voted=, raftlog=Memoized:s0@group-FC4214F7AD5F-SegmentedRaftLog:OPENED:c-1, conf=-1: peers:[s0|localhost:38701, s1|localhost:37909, s2|localhost:41117]|listeners:[], old=null
2023-11-28 06:43:23,883 [grpc-default-executor-6] INFO  server.RaftServer$Division (RaftServerImpl.java:requestVote(1377)) - s1@group-FC4214F7AD5F: receive requestVote(PRE_VOTE, s2, group-FC4214F7AD5F, 0, (t:0, i:0))
2023-11-28 06:43:23,883 [grpc-default-executor-6] INFO  impl.VoteContext (VoteContext.java:log(49)) - s1@group-FC4214F7AD5F-CANDIDATE: accept PRE_VOTE from s2: our priority 0 <= candidate's priority 0
2023-11-28 06:43:23,883 [grpc-default-executor-6] INFO  server.RaftServer$Division (RaftServerImpl.java:requestVote(1410)) - s1@group-FC4214F7AD5F replies to PRE_VOTE vote request: s2<-s1#0:OK-t0. Peer's state: s1@group-FC4214F7AD5F:t0, leader=null, voted=, raftlog=Memoized:s1@group-FC4214F7AD5F-SegmentedRaftLog:OPENED:c-1, conf=-1: peers:[s0|localhost:38701, s1|localhost:37909, s2|localhost:41117]|listeners:[], old=null
2023-11-28 06:43:23,889 [s0@group-FC4214F7AD5F-LeaderElection3] INFO  impl.LeaderElection (LeaderElection.java:logAndReturn(89)) - s0@group-FC4214F7AD5F-LeaderElection3: PRE_VOTE TIMEOUT received 0 response(s) and 0 exception(s):
2023-11-28 06:43:23,889 [s0@group-FC4214F7AD5F-LeaderElection3] INFO  impl.LeaderElection (LeaderElection.java:askForVotes(325)) - s0@group-FC4214F7AD5F-LeaderElection3 PRE_VOTE round 0: result TIMEOUT
2023-11-28 06:43:23,889 [s0@group-FC4214F7AD5F-LeaderElection3] INFO  impl.LeaderElection (LeaderElection.java:askForVotes(323)) - s0@group-FC4214F7AD5F-LeaderElection3 PRE_VOTE round 1: submit vote requests at term 0 for -1: peers:[s0|localhost:38701, s1|localhost:37909, s2|localhost:41117]|listeners:[], old=null
2023-11-28 06:43:23,889 [s0@group-FC4214F7AD5F-LeaderElection3] INFO  server.RaftServerConfigKeys (ConfUtils.java:logFallback(53)) - raft.server.rpc.first-election.timeout.min = 150ms (fallback to raft.server.rpc.timeout.min)
2023-11-28 06:43:23,890 [s0@group-FC4214F7AD5F-LeaderElection3] INFO  server.RaftServerConfigKeys (ConfUtils.java:logFallback(53)) - raft.server.rpc.first-election.timeout.max = 300ms (fallback to raft.server.rpc.timeout.max)
2023-11-28 06:43:23,897 [grpc-default-executor-6] INFO  server.RaftServer$Division (RaftServerImpl.java:requestVote(1377)) - s2@group-FC4214F7AD5F: receive requestVote(PRE_VOTE, s0, group-FC4214F7AD5F, 0, (t:0, i:0))
2023-11-28 06:43:23,897 [grpc-default-executor-6] INFO  impl.VoteContext (VoteContext.java:log(49)) - s2@group-FC4214F7AD5F-CANDIDATE: accept PRE_VOTE from s0: our priority 0 <= candidate's priority 0
2023-11-28 06:43:23,898 [grpc-default-executor-6] INFO  server.RaftServer$Division (RaftServerImpl.java:requestVote(1410)) - s2@group-FC4214F7AD5F replies to PRE_VOTE vote request: s0<-s2#0:OK-t0. Peer's state: s2@group-FC4214F7AD5F:t0, leader=null, voted=, raftlog=Memoized:s2@group-FC4214F7AD5F-SegmentedRaftLog:OPENED:c-1, conf=-1: peers:[s0|localhost:38701, s1|localhost:37909, s2|localhost:41117]|listeners:[], old=null
2023-11-28 06:43:23,901 [s2@group-FC4214F7AD5F-LeaderElection2] INFO  impl.LeaderElection (LeaderElection.java:logAndReturn(89)) - s2@group-FC4214F7AD5F-LeaderElection2: PRE_VOTE PASSED received 1 response(s) and 0 exception(s):
2023-11-28 06:43:23,901 [s2@group-FC4214F7AD5F-LeaderElection2] INFO  impl.LeaderElection (LeaderElection.java:logAndReturn(93)) -   Response 0: s2<-s1#0:OK-t0
2023-11-28 06:43:23,901 [s2@group-FC4214F7AD5F-LeaderElection2] INFO  impl.LeaderElection (LeaderElection.java:askForVotes(325)) - s2@group-FC4214F7AD5F-LeaderElection2 PRE_VOTE round 1: result PASSED
2023-11-28 06:43:23,904 [s2@group-FC4214F7AD5F-LeaderElection2] TRACE util.FileUtils (LogUtils.java:supplyAndLog(69)) - Successfully supplied FileChannel.open /home/runner/work/ratis/ratis/ratis-test/target/test/data/cc86e3b/MiniRaftClusterWithGrpc7db59660/s2/f970858f-0b2f-4855-934d-fc4214f7ad5f/current/raft-meta.tmp with options [CREATE, WRITE]: sun.nio.ch.FileChannelImpl@5373c8ba
2023-11-28 06:43:23,906 [s2@group-FC4214F7AD5F-LeaderElection2] TRACE util.FileUtils (LogUtils.java:runAndLog(49)) - Successfully ran Atomic Files.move /home/runner/work/ratis/ratis/ratis-test/target/test/data/cc86e3b/MiniRaftClusterWithGrpc7db59660/s2/f970858f-0b2f-4855-934d-fc4214f7ad5f/current/raft-meta.tmp to /home/runner/work/ratis/ratis/ratis-test/target/test/data/cc86e3b/MiniRaftClusterWithGrpc7db59660/s2/f970858f-0b2f-4855-934d-fc4214f7ad5f/current/raft-meta with options [REPLACE_EXISTING]
2023-11-28 06:43:23,906 [s2@group-FC4214F7AD5F-LeaderElection2] INFO  impl.LeaderElection (LeaderElection.java:askForVotes(323)) - s2@group-FC4214F7AD5F-LeaderElection2 ELECTION round 1: submit vote requests at term 1 for -1: peers:[s0|localhost:38701, s1|localhost:37909, s2|localhost:41117]|listeners:[], old=null
2023-11-28 06:43:23,907 [grpc-default-executor-2] INFO  server.RaftServer$Division (RaftServerImpl.java:requestVote(1377)) - s1@group-FC4214F7AD5F: receive requestVote(PRE_VOTE, s0, group-FC4214F7AD5F, 0, (t:0, i:0))
2023-11-28 06:43:23,907 [grpc-default-executor-2] INFO  impl.VoteContext (VoteContext.java:log(49)) - s1@group-FC4214F7AD5F-CANDIDATE: accept PRE_VOTE from s0: our priority 0 <= candidate's priority 0
2023-11-28 06:43:23,907 [grpc-default-executor-2] INFO  server.RaftServer$Division (RaftServerImpl.java:requestVote(1410)) - s1@group-FC4214F7AD5F replies to PRE_VOTE vote request: s0<-s1#0:OK-t0. Peer's state: s1@group-FC4214F7AD5F:t0, leader=null, voted=, raftlog=Memoized:s1@group-FC4214F7AD5F-SegmentedRaftLog:OPENED:c-1, conf=-1: peers:[s0|localhost:38701, s1|localhost:37909, s2|localhost:41117]|listeners:[], old=null
2023-11-28 06:43:23,909 [s0@group-FC4214F7AD5F-LeaderElection3] INFO  impl.LeaderElection (LeaderElection.java:logAndReturn(89)) - s0@group-FC4214F7AD5F-LeaderElection3: PRE_VOTE PASSED received 1 response(s) and 0 exception(s):
2023-11-28 06:43:23,909 [s0@group-FC4214F7AD5F-LeaderElection3] INFO  impl.LeaderElection (LeaderElection.java:logAndReturn(93)) -   Response 0: s0<-s1#0:OK-t0
2023-11-28 06:43:23,909 [s0@group-FC4214F7AD5F-LeaderElection3] INFO  impl.LeaderElection (LeaderElection.java:askForVotes(325)) - s0@group-FC4214F7AD5F-LeaderElection3 PRE_VOTE round 1: result PASSED
2023-11-28 06:43:23,909 [s0@group-FC4214F7AD5F-LeaderElection3] TRACE util.FileUtils (LogUtils.java:supplyAndLog(69)) - Successfully supplied FileChannel.open /home/runner/work/ratis/ratis/ratis-test/target/test/data/cc86e3b/MiniRaftClusterWithGrpc7db59660/s0/f970858f-0b2f-4855-934d-fc4214f7ad5f/current/raft-meta.tmp with options [CREATE, WRITE]: sun.nio.ch.FileChannelImpl@26f1c81c
2023-11-28 06:43:23,910 [s0@group-FC4214F7AD5F-LeaderElection3] TRACE util.FileUtils (LogUtils.java:runAndLog(49)) - Successfully ran Atomic Files.move /home/runner/work/ratis/ratis/ratis-test/target/test/data/cc86e3b/MiniRaftClusterWithGrpc7db59660/s0/f970858f-0b2f-4855-934d-fc4214f7ad5f/current/raft-meta.tmp to /home/runner/work/ratis/ratis/ratis-test/target/test/data/cc86e3b/MiniRaftClusterWithGrpc7db59660/s0/f970858f-0b2f-4855-934d-fc4214f7ad5f/current/raft-meta with options [REPLACE_EXISTING]
2023-11-28 06:43:23,910 [s0@group-FC4214F7AD5F-LeaderElection3] INFO  impl.LeaderElection (LeaderElection.java:askForVotes(323)) - s0@group-FC4214F7AD5F-LeaderElection3 ELECTION round 1: submit vote requests at term 1 for -1: peers:[s0|localhost:38701, s1|localhost:37909, s2|localhost:41117]|listeners:[], old=null
2023-11-28 06:43:23,913 [s2@group-FC4214F7AD5F-LeaderElection2] INFO  server.RaftServerConfigKeys (ConfUtils.java:logFallback(53)) - raft.server.rpc.first-election.timeout.min = 150ms (fallback to raft.server.rpc.timeout.min)
2023-11-28 06:43:23,913 [s2@group-FC4214F7AD5F-LeaderElection2] INFO  server.RaftServerConfigKeys (ConfUtils.java:logFallback(53)) - raft.server.rpc.first-election.timeout.max = 300ms (fallback to raft.server.rpc.timeout.max)
2023-11-28 06:43:23,914 [grpc-default-executor-6] INFO  server.RaftServer$Division (RaftServerImpl.java:requestVote(1377)) - s2@group-FC4214F7AD5F: receive requestVote(PRE_VOTE, s1, group-FC4214F7AD5F, 0, (t:0, i:0))
2023-11-28 06:43:23,914 [grpc-default-executor-6] INFO  impl.VoteContext (VoteContext.java:log(49)) - s2@group-FC4214F7AD5F-CANDIDATE: accept PRE_VOTE from s1: our priority 0 <= candidate's priority 0
2023-11-28 06:43:23,914 [grpc-default-executor-6] INFO  server.RaftServer$Division (RaftServerImpl.java:requestVote(1410)) - s2@group-FC4214F7AD5F replies to PRE_VOTE vote request: s1<-s2#0:OK-t1. Peer's state: s2@group-FC4214F7AD5F:t1, leader=null, voted=s2, raftlog=Memoized:s2@group-FC4214F7AD5F-SegmentedRaftLog:OPENED:c-1, conf=-1: peers:[s0|localhost:38701, s1|localhost:37909, s2|localhost:41117]|listeners:[], old=null
2023-11-28 06:43:23,915 [Time-limited test] WARN  ratis.RaftTestUtil (JavaUtils.java:attempt(223)) - FAILED "waitForLeader-null-(expectLeader? true)", attempt #2/100: java.lang.IllegalStateException: No leader yet : printing ALL groups
  s0:  RUNNING CANDIDATE s0@group-FC4214F7AD5F:t1, leader=null, voted=s0, raftlog=Memoized:s0@group-FC4214F7AD5F-SegmentedRaftLog:OPENED:c-1, conf=-1: peers:[s0|localhost:38701, s1|localhost:37909, s2|localhost:41117]|listeners:[], old=null RUNNING
  s1:  RUNNING CANDIDATE s1@group-FC4214F7AD5F:t0, leader=null, voted=, raftlog=Memoized:s1@group-FC4214F7AD5F-SegmentedRaftLog:OPENED:c-1, conf=-1: peers:[s0|localhost:38701, s1|localhost:37909, s2|localhost:41117]|listeners:[], old=null RUNNING
  s2:  RUNNING CANDIDATE s2@group-FC4214F7AD5F:t1, leader=null, voted=s2, raftlog=Memoized:s2@group-FC4214F7AD5F-SegmentedRaftLog:OPENED:c-1, conf=-1: peers:[s0|localhost:38701, s1|localhost:37909, s2|localhost:41117]|listeners:[], old=null RUNNING, sleep 450ms and then retry.
java.lang.IllegalStateException: No leader yet : printing ALL groups
  s0:  RUNNING CANDIDATE s0@group-FC4214F7AD5F:t1, leader=null, voted=s0, raftlog=Memoized:s0@group-FC4214F7AD5F-SegmentedRaftLog:OPENED:c-1, conf=-1: peers:[s0|localhost:38701, s1|localhost:37909, s2|localhost:41117]|listeners:[], old=null RUNNING
  s1:  RUNNING CANDIDATE s1@group-FC4214F7AD5F:t0, leader=null, voted=, raftlog=Memoized:s1@group-FC4214F7AD5F-SegmentedRaftLog:OPENED:c-1, conf=-1: peers:[s0|localhost:38701, s1|localhost:37909, s2|localhost:41117]|listeners:[], old=null RUNNING
  s2:  RUNNING CANDIDATE s2@group-FC4214F7AD5F:t1, leader=null, voted=s2, raftlog=Memoized:s2@group-FC4214F7AD5F-SegmentedRaftLog:OPENED:c-1, conf=-1: peers:[s0|localhost:38701, s1|localhost:37909, s2|localhost:41117]|listeners:[], old=null RUNNING
	at org.apache.ratis.server.impl.MiniRaftCluster.newIllegalStateExceptionForNoLeaders(MiniRaftCluster.java:581)
	at org.apache.ratis.RaftTestUtil.lambda$waitForLeader$1(RaftTestUtil.java:104)
	at org.apache.ratis.server.impl.MiniRaftCluster.getLeader(MiniRaftCluster.java:615)
	at org.apache.ratis.server.impl.MiniRaftCluster.getLeader(MiniRaftCluster.java:608)
	at org.apache.ratis.RaftTestUtil.lambda$waitForLeader$3(RaftTestUtil.java:112)
	at org.apache.ratis.util.JavaUtils.attempt(JavaUtils.java:217)
	at org.apache.ratis.util.JavaUtils.attemptRepeatedly(JavaUtils.java:203)
	at org.apache.ratis.RaftTestUtil.waitForLeader(RaftTestUtil.java:111)
	at org.apache.ratis.RaftTestUtil.waitForLeader(RaftTestUtil.java:92)
	at org.apache.ratis.RaftTestUtil.waitForLeader(RaftTestUtil.java:87)
	at org.apache.ratis.grpc.TestRetryCacheWithGrpc.testRetryOnResourceUnavailableException(TestRetryCacheWithGrpc.java:173)
	at java.base/jdk.internal.reflect.NativeMethodAccessorImpl.invoke0(Native Method)
	at java.base/jdk.internal.reflect.NativeMethodAccessorImpl.invoke(NativeMethodAccessorImpl.java:62)
	at java.base/jdk.internal.reflect.DelegatingMethodAccessorImpl.invoke(DelegatingMethodAccessorImpl.java:43)
	at java.base/java.lang.reflect.Method.invoke(Method.java:566)
	at org.junit.runners.model.FrameworkMethod$1.runReflectiveCall(FrameworkMethod.java:59)
	at org.junit.internal.runners.model.ReflectiveCallable.run(ReflectiveCallable.java:12)
	at org.junit.runners.model.FrameworkMethod.invokeExplosively(FrameworkMethod.java:56)
	at org.junit.internal.runners.statements.InvokeMethod.evaluate(InvokeMethod.java:17)
	at org.junit.internal.runners.statements.FailOnTimeout$CallableStatement.call(FailOnTimeout.java:299)
	at org.junit.internal.runners.statements.FailOnTimeout$CallableStatement.call(FailOnTimeout.java:293)
	at java.base/java.util.concurrent.FutureTask.run(FutureTask.java:264)
	at java.base/java.lang.Thread.run(Thread.java:829)
2023-11-28 06:43:23,914 [grpc-default-executor-2] INFO  server.RaftServer$Division (RaftServerImpl.java:requestVote(1377)) - s0@group-FC4214F7AD5F: receive requestVote(PRE_VOTE, s1, group-FC4214F7AD5F, 0, (t:0, i:0))
2023-11-28 06:43:23,916 [grpc-default-executor-2] INFO  impl.VoteContext (VoteContext.java:log(49)) - s0@group-FC4214F7AD5F-CANDIDATE: accept PRE_VOTE from s1: our priority 0 <= candidate's priority 0
2023-11-28 06:43:23,916 [grpc-default-executor-2] INFO  server.RaftServer$Division (RaftServerImpl.java:requestVote(1410)) - s0@group-FC4214F7AD5F replies to PRE_VOTE vote request: s1<-s0#0:OK-t1. Peer's state: s0@group-FC4214F7AD5F:t1, leader=null, voted=s0, raftlog=Memoized:s0@group-FC4214F7AD5F-SegmentedRaftLog:OPENED:c-1, conf=-1: peers:[s0|localhost:38701, s1|localhost:37909, s2|localhost:41117]|listeners:[], old=null
2023-11-28 06:43:23,917 [s0@group-FC4214F7AD5F-LeaderElection3] INFO  server.RaftServerConfigKeys (ConfUtils.java:logFallback(53)) - raft.server.rpc.first-election.timeout.min = 150ms (fallback to raft.server.rpc.timeout.min)
2023-11-28 06:43:23,918 [s0@group-FC4214F7AD5F-LeaderElection3] INFO  server.RaftServerConfigKeys (ConfUtils.java:logFallback(53)) - raft.server.rpc.first-election.timeout.max = 300ms (fallback to raft.server.rpc.timeout.max)
2023-11-28 06:43:23,918 [s1@group-FC4214F7AD5F-LeaderElection1] INFO  impl.LeaderElection (LeaderElection.java:logAndReturn(89)) - s1@group-FC4214F7AD5F-LeaderElection1: PRE_VOTE DISCOVERED_A_NEW_TERM (term=1) received 1 response(s) and 0 exception(s):
2023-11-28 06:43:23,918 [s1@group-FC4214F7AD5F-LeaderElection1] INFO  impl.LeaderElection (LeaderElection.java:logAndReturn(93)) -   Response 0: s1<-s0#0:OK-t1
2023-11-28 06:43:23,918 [s1@group-FC4214F7AD5F-LeaderElection1] INFO  impl.LeaderElection (LeaderElection.java:askForVotes(325)) - s1@group-FC4214F7AD5F-LeaderElection1 PRE_VOTE round 1: result DISCOVERED_A_NEW_TERM (term=1)
2023-11-28 06:43:23,919 [s1@group-FC4214F7AD5F-LeaderElection1] INFO  server.RaftServer$Division (RaftServerImpl.java:setRole(379)) - s1@group-FC4214F7AD5F: changes role from CANDIDATE to FOLLOWER at term 1 for DISCOVERED_A_NEW_TERM (term=1)
2023-11-28 06:43:23,919 [s1@group-FC4214F7AD5F-LeaderElection1] INFO  impl.RoleInfo (RoleInfo.java:shutdownLeaderElection(130)) - s1: shutdown s1@group-FC4214F7AD5F-LeaderElection1
2023-11-28 06:43:23,922 [s1@group-FC4214F7AD5F-LeaderElection1] INFO  impl.RoleInfo (RoleInfo.java:updateAndGet(139)) - s1: start s1@group-FC4214F7AD5F-FollowerState
2023-11-28 06:43:23,922 [s1@group-FC4214F7AD5F-LeaderElection1] INFO  server.RaftServer$Division (RaftServerImpl.java:setFirstElection(564)) - s1@group-FC4214F7AD5F: set firstElectionSinceStartup to false for DISCOVERED_A_NEW_TERM (term=1)
2023-11-28 06:43:23,922 [s1@group-FC4214F7AD5F-LeaderElection1] TRACE util.FileUtils (LogUtils.java:supplyAndLog(69)) - Successfully supplied FileChannel.open /home/runner/work/ratis/ratis/ratis-test/target/test/data/cc86e3b/MiniRaftClusterWithGrpc7db59660/s1/f970858f-0b2f-4855-934d-fc4214f7ad5f/current/raft-meta.tmp with options [CREATE, WRITE]: sun.nio.ch.FileChannelImpl@4e1f942b
2023-11-28 06:43:23,925 [grpc-default-executor-3] INFO  server.RaftServer$Division (RaftServerImpl.java:requestVote(1377)) - s1@group-FC4214F7AD5F: receive requestVote(ELECTION, s0, group-FC4214F7AD5F, 1, (t:0, i:0))
2023-11-28 06:43:23,926 [grpc-default-executor-1] INFO  server.RaftServer$Division (RaftServerImpl.java:requestVote(1377)) - s2@group-FC4214F7AD5F: receive requestVote(ELECTION, s0, group-FC4214F7AD5F, 1, (t:0, i:0))
2023-11-28 06:43:23,926 [grpc-default-executor-1] INFO  impl.VoteContext (VoteContext.java:log(49)) - s2@group-FC4214F7AD5F-CANDIDATE: reject ELECTION from s0: already has voted for s2 at current term 1
2023-11-28 06:43:23,926 [grpc-default-executor-1] INFO  server.RaftServer$Division (RaftServerImpl.java:requestVote(1410)) - s2@group-FC4214F7AD5F replies to ELECTION vote request: s0<-s2#0:FAIL-t1. Peer's state: s2@group-FC4214F7AD5F:t1, leader=null, voted=s2, raftlog=Memoized:s2@group-FC4214F7AD5F-SegmentedRaftLog:OPENED:c-1, conf=-1: peers:[s0|localhost:38701, s1|localhost:37909, s2|localhost:41117]|listeners:[], old=null
2023-11-28 06:43:23,926 [s1@group-FC4214F7AD5F-LeaderElection1] TRACE util.FileUtils (LogUtils.java:runAndLog(49)) - Successfully ran Atomic Files.move /home/runner/work/ratis/ratis/ratis-test/target/test/data/cc86e3b/MiniRaftClusterWithGrpc7db59660/s1/f970858f-0b2f-4855-934d-fc4214f7ad5f/current/raft-meta.tmp to /home/runner/work/ratis/ratis/ratis-test/target/test/data/cc86e3b/MiniRaftClusterWithGrpc7db59660/s1/f970858f-0b2f-4855-934d-fc4214f7ad5f/current/raft-meta with options [REPLACE_EXISTING]
2023-11-28 06:43:23,927 [grpc-default-executor-3] INFO  impl.VoteContext (VoteContext.java:log(49)) - s1@group-FC4214F7AD5F-FOLLOWER: accept ELECTION from s0: our priority 0 <= candidate's priority 0
2023-11-28 06:43:23,927 [grpc-default-executor-3] INFO  server.RaftServer$Division (RaftServerImpl.java:setRole(379)) - s1@group-FC4214F7AD5F: changes role from  FOLLOWER to FOLLOWER at term 1 for candidate:s0
2023-11-28 06:43:23,927 [grpc-default-executor-3] INFO  impl.RoleInfo (RoleInfo.java:shutdownFollowerState(110)) - s1: shutdown s1@group-FC4214F7AD5F-FollowerState
2023-11-28 06:43:23,927 [grpc-default-executor-3] INFO  impl.RoleInfo (RoleInfo.java:updateAndGet(139)) - s1: start s1@group-FC4214F7AD5F-FollowerState
2023-11-28 06:43:23,927 [s1@group-FC4214F7AD5F-FollowerState] INFO  impl.FollowerState (FollowerState.java:run(152)) - s1@group-FC4214F7AD5F-FollowerState was interrupted
2023-11-28 06:43:23,928 [grpc-default-executor-3] TRACE util.FileUtils (LogUtils.java:supplyAndLog(69)) - Successfully supplied FileChannel.open /home/runner/work/ratis/ratis/ratis-test/target/test/data/cc86e3b/MiniRaftClusterWithGrpc7db59660/s1/f970858f-0b2f-4855-934d-fc4214f7ad5f/current/raft-meta.tmp with options [CREATE, WRITE]: sun.nio.ch.FileChannelImpl@3425a6bb
2023-11-28 06:43:23,929 [grpc-default-executor-6] INFO  server.RaftServer$Division (RaftServerImpl.java:requestVote(1377)) - s0@group-FC4214F7AD5F: receive requestVote(ELECTION, s2, group-FC4214F7AD5F, 1, (t:0, i:0))
2023-11-28 06:43:23,929 [grpc-default-executor-7] INFO  server.RaftServer$Division (RaftServerImpl.java:requestVote(1377)) - s1@group-FC4214F7AD5F: receive requestVote(ELECTION, s2, group-FC4214F7AD5F, 1, (t:0, i:0))
2023-11-28 06:43:23,929 [grpc-default-executor-6] INFO  impl.VoteContext (VoteContext.java:log(49)) - s0@group-FC4214F7AD5F-CANDIDATE: reject ELECTION from s2: already has voted for s0 at current term 1
2023-11-28 06:43:23,929 [grpc-default-executor-6] INFO  server.RaftServer$Division (RaftServerImpl.java:requestVote(1410)) - s0@group-FC4214F7AD5F replies to ELECTION vote request: s2<-s0#0:FAIL-t1. Peer's state: s0@group-FC4214F7AD5F:t1, leader=null, voted=s0, raftlog=Memoized:s0@group-FC4214F7AD5F-SegmentedRaftLog:OPENED:c-1, conf=-1: peers:[s0|localhost:38701, s1|localhost:37909, s2|localhost:41117]|listeners:[], old=null
2023-11-28 06:43:23,929 [grpc-default-executor-2] INFO  server.RaftServer$Division (RaftServerImpl.java:requestVote(1377)) - s2@group-FC4214F7AD5F: receive requestVote(PRE_VOTE, s0, group-FC4214F7AD5F, 0, (t:0, i:0))
2023-11-28 06:43:23,929 [grpc-default-executor-3] TRACE util.FileUtils (LogUtils.java:runAndLog(49)) - Successfully ran Atomic Files.move /home/runner/work/ratis/ratis/ratis-test/target/test/data/cc86e3b/MiniRaftClusterWithGrpc7db59660/s1/f970858f-0b2f-4855-934d-fc4214f7ad5f/current/raft-meta.tmp to /home/runner/work/ratis/ratis/ratis-test/target/test/data/cc86e3b/MiniRaftClusterWithGrpc7db59660/s1/f970858f-0b2f-4855-934d-fc4214f7ad5f/current/raft-meta with options [REPLACE_EXISTING]
2023-11-28 06:43:23,930 [grpc-default-executor-2] INFO  impl.VoteContext (VoteContext.java:log(49)) - s2@group-FC4214F7AD5F-CANDIDATE: accept PRE_VOTE from s0: our priority 0 <= candidate's priority 0
2023-11-28 06:43:23,930 [grpc-default-executor-2] INFO  server.RaftServer$Division (RaftServerImpl.java:requestVote(1410)) - s2@group-FC4214F7AD5F replies to PRE_VOTE vote request: s0<-s2#0:OK-t1. Peer's state: s2@group-FC4214F7AD5F:t1, leader=null, voted=s2, raftlog=Memoized:s2@group-FC4214F7AD5F-SegmentedRaftLog:OPENED:c-1, conf=-1: peers:[s0|localhost:38701, s1|localhost:37909, s2|localhost:41117]|listeners:[], old=null
2023-11-28 06:43:23,933 [grpc-default-executor-3] INFO  server.RaftServer$Division (RaftServerImpl.java:requestVote(1410)) - s1@group-FC4214F7AD5F replies to ELECTION vote request: s0<-s1#0:OK-t1. Peer's state: s1@group-FC4214F7AD5F:t1, leader=null, voted=s0, raftlog=Memoized:s1@group-FC4214F7AD5F-SegmentedRaftLog:OPENED:c-1, conf=-1: peers:[s0|localhost:38701, s1|localhost:37909, s2|localhost:41117]|listeners:[], old=null
2023-11-28 06:43:23,933 [grpc-default-executor-7] INFO  impl.VoteContext (VoteContext.java:log(49)) - s1@group-FC4214F7AD5F-FOLLOWER: reject ELECTION from s2: already has voted for s0 at current term 1
2023-11-28 06:43:23,933 [grpc-default-executor-7] INFO  server.RaftServer$Division (RaftServerImpl.java:requestVote(1410)) - s1@group-FC4214F7AD5F replies to ELECTION vote request: s2<-s1#0:FAIL-t1. Peer's state: s1@group-FC4214F7AD5F:t1, leader=null, voted=s0, raftlog=Memoized:s1@group-FC4214F7AD5F-SegmentedRaftLog:OPENED:c-1, conf=-1: peers:[s0|localhost:38701, s1|localhost:37909, s2|localhost:41117]|listeners:[], old=null
2023-11-28 06:43:23,942 [s2@group-FC4214F7AD5F-LeaderElection2] INFO  impl.LeaderElection (LeaderElection.java:logAndReturn(89)) - s2@group-FC4214F7AD5F-LeaderElection2: ELECTION REJECTED received 2 response(s) and 0 exception(s):
2023-11-28 06:43:23,942 [s2@group-FC4214F7AD5F-LeaderElection2] INFO  impl.LeaderElection (LeaderElection.java:logAndReturn(93)) -   Response 0: s2<-s0#0:FAIL-t1
2023-11-28 06:43:23,942 [s2@group-FC4214F7AD5F-LeaderElection2] INFO  impl.LeaderElection (LeaderElection.java:logAndReturn(93)) -   Response 1: s2<-s1#0:FAIL-t1
2023-11-28 06:43:23,942 [s2@group-FC4214F7AD5F-LeaderElection2] INFO  impl.LeaderElection (LeaderElection.java:askForVotes(325)) - s2@group-FC4214F7AD5F-LeaderElection2 ELECTION round 1: result REJECTED
2023-11-28 06:43:23,942 [s2@group-FC4214F7AD5F-LeaderElection2] INFO  server.RaftServer$Division (RaftServerImpl.java:setRole(379)) - s2@group-FC4214F7AD5F: changes role from CANDIDATE to FOLLOWER at term 1 for REJECTED
2023-11-28 06:43:23,942 [s2@group-FC4214F7AD5F-LeaderElection2] INFO  impl.RoleInfo (RoleInfo.java:shutdownLeaderElection(130)) - s2: shutdown s2@group-FC4214F7AD5F-LeaderElection2
2023-11-28 06:43:23,942 [s2@group-FC4214F7AD5F-LeaderElection2] INFO  impl.RoleInfo (RoleInfo.java:updateAndGet(139)) - s2: start s2@group-FC4214F7AD5F-FollowerState
2023-11-28 06:43:23,943 [s0@group-FC4214F7AD5F-LeaderElection3] INFO  impl.LeaderElection (LeaderElection.java:logAndReturn(89)) - s0@group-FC4214F7AD5F-LeaderElection3: ELECTION PASSED received 2 response(s) and 0 exception(s):
2023-11-28 06:43:23,943 [s0@group-FC4214F7AD5F-LeaderElection3] INFO  impl.LeaderElection (LeaderElection.java:logAndReturn(93)) -   Response 0: s0<-s1#0:OK-t1
2023-11-28 06:43:23,943 [s0@group-FC4214F7AD5F-LeaderElection3] INFO  impl.LeaderElection (LeaderElection.java:logAndReturn(93)) -   Response 1: s0<-s2#0:FAIL-t1
2023-11-28 06:43:23,943 [s0@group-FC4214F7AD5F-LeaderElection3] INFO  impl.LeaderElection (LeaderElection.java:askForVotes(325)) - s0@group-FC4214F7AD5F-LeaderElection3 ELECTION round 1: result PASSED
2023-11-28 06:43:23,943 [s0@group-FC4214F7AD5F-LeaderElection3] INFO  impl.RoleInfo (RoleInfo.java:shutdownLeaderElection(130)) - s0: shutdown s0@group-FC4214F7AD5F-LeaderElection3
2023-11-28 06:43:23,943 [s0@group-FC4214F7AD5F-LeaderElection3] INFO  server.RaftServer$Division (RaftServerImpl.java:setRole(379)) - s0@group-FC4214F7AD5F: changes role from CANDIDATE to LEADER at term 1 for changeToLeader
2023-11-28 06:43:23,943 [s2@group-FC4214F7AD5F-LeaderElection2] INFO  server.RaftServer$Division (RaftServerImpl.java:setFirstElection(564)) - s2@group-FC4214F7AD5F: set firstElectionSinceStartup to false for REJECTED
2023-11-28 06:43:23,948 [s0@group-FC4214F7AD5F-LeaderElection3] INFO  server.RaftServerConfigKeys (ConfUtils.java:logGet(46)) - raft.server.staging.catchup.gap = 1000 (default)
2023-11-28 06:43:23,951 [s0@group-FC4214F7AD5F-LeaderElection3] INFO  server.RaftServerConfigKeys (ConfUtils.java:logGet(46)) - raft.server.write.element-limit = 1 (custom)
2023-11-28 06:43:23,951 [s0@group-FC4214F7AD5F-LeaderElection3] INFO  server.RaftServerConfigKeys (ConfUtils.java:logGet(46)) - raft.server.write.byte-limit = 64MB (=67108864) (default)
2023-11-28 06:43:23,954 [s0@group-FC4214F7AD5F-LeaderElection3] INFO  server.RaftServerConfigKeys (ConfUtils.java:logGet(46)) - raft.server.watch.timeout = 10s (default)
2023-11-28 06:43:23,954 [s0@group-FC4214F7AD5F-LeaderElection3] INFO  server.RaftServerConfigKeys (ConfUtils.java:logGet(46)) - raft.server.watch.timeout.denomination = 1s (default)
2023-11-28 06:43:23,955 [s0@group-FC4214F7AD5F-LeaderElection3] INFO  server.RaftServerConfigKeys (ConfUtils.java:logGet(46)) - raft.server.watch.element-limit = 65536 (default)
2023-11-28 06:43:23,959 [s0@group-FC4214F7AD5F-LeaderElection3] INFO  server.RaftServerConfigKeys (ConfUtils.java:logGet(46)) - raft.server.read.leader.lease.enabled = false (default)
2023-11-28 06:43:23,961 [s0@group-FC4214F7AD5F-LeaderElection3] INFO  server.RaftServerConfigKeys (ConfUtils.java:logGet(46)) - raft.server.read.leader.lease.timeout.ratio = 0.9 (default)
2023-11-28 06:43:23,961 [s0@group-FC4214F7AD5F-LeaderElection3] INFO  server.RaftServerConfigKeys (ConfUtils.java:logGet(46)) - raft.server.rpc.timeout.min = 150ms (default)
2023-11-28 06:43:23,961 [s0@group-FC4214F7AD5F-LeaderElection3] INFO  server.RaftServerConfigKeys (ConfUtils.java:logGet(46)) - raft.server.write.element-limit = 1 (custom)
2023-11-28 06:43:23,961 [s0@group-FC4214F7AD5F-LeaderElection3] INFO  server.RaftServerConfigKeys (ConfUtils.java:logGet(46)) - raft.server.write.follower.gap.ratio.max = -1.0 (default)
2023-11-28 06:43:23,968 [s0@group-FC4214F7AD5F-LeaderElection3] INFO  server.RaftServerConfigKeys (ConfUtils.java:logGet(46)) - raft.server.log.appender.snapshot.chunk.size.max = 16MB (=16777216) (default)
2023-11-28 06:43:23,968 [s0@group-FC4214F7AD5F-LeaderElection3] INFO  server.RaftServerConfigKeys (ConfUtils.java:logGet(46)) - raft.server.log.appender.buffer.byte-limit = 4MB (=4194304) (default)
2023-11-28 06:43:23,968 [s0@group-FC4214F7AD5F-LeaderElection3] INFO  server.RaftServerConfigKeys (ConfUtils.java:logGet(46)) - raft.server.log.appender.buffer.element-limit = 0 (default)
2023-11-28 06:43:23,970 [s0@group-FC4214F7AD5F-LeaderElection3] INFO  server.RaftServerConfigKeys (ConfUtils.java:logGet(46)) - raft.server.log.appender.wait-time.min = 1ms (default)
2023-11-28 06:43:23,970 [s0@group-FC4214F7AD5F-LeaderElection3] INFO  grpc.GrpcConfigKeys (ConfUtils.java:logGet(46)) - raft.grpc.server.leader.outstanding.appends.max = 8 (default)
2023-11-28 06:43:23,971 [s0@group-FC4214F7AD5F-LeaderElection3] INFO  server.RaftServerConfigKeys (ConfUtils.java:logGet(46)) - raft.server.rpc.request.timeout = 3000ms (default)
2023-11-28 06:43:23,971 [s0@group-FC4214F7AD5F-LeaderElection3] INFO  grpc.GrpcConfigKeys (ConfUtils.java:logGet(46)) - raft.grpc.server.install_snapshot.request.element-limit = 8 (default)
2023-11-28 06:43:23,971 [s0@group-FC4214F7AD5F-LeaderElection3] INFO  grpc.GrpcConfigKeys (ConfUtils.java:logGet(46)) - raft.grpc.server.install_snapshot.request.timeout = 3000ms (default)
2023-11-28 06:43:23,971 [s0@group-FC4214F7AD5F-LeaderElection3] INFO  server.RaftServerConfigKeys (ConfUtils.java:logGet(46)) - raft.server.log.appender.install.snapshot.enabled = true (default)
2023-11-28 06:43:23,971 [s0@group-FC4214F7AD5F-LeaderElection3] INFO  grpc.GrpcConfigKeys (ConfUtils.java:logGet(46)) - raft.grpc.server.heartbeat.channel = true (default)
2023-11-28 06:43:23,975 [s0@group-FC4214F7AD5F-LeaderElection3] INFO  server.RaftServerConfigKeys (ConfUtils.java:logGet(46)) - raft.server.log.appender.snapshot.chunk.size.max = 16MB (=16777216) (default)
2023-11-28 06:43:23,975 [s0@group-FC4214F7AD5F-LeaderElection3] INFO  server.RaftServerConfigKeys (ConfUtils.java:logGet(46)) - raft.server.log.appender.buffer.byte-limit = 4MB (=4194304) (default)
2023-11-28 06:43:23,975 [s0@group-FC4214F7AD5F-LeaderElection3] INFO  server.RaftServerConfigKeys (ConfUtils.java:logGet(46)) - raft.server.log.appender.buffer.element-limit = 0 (default)
2023-11-28 06:43:23,975 [s0@group-FC4214F7AD5F-LeaderElection3] INFO  server.RaftServerConfigKeys (ConfUtils.java:logGet(46)) - raft.server.log.appender.wait-time.min = 1ms (default)
2023-11-28 06:43:23,975 [s0@group-FC4214F7AD5F-LeaderElection3] INFO  grpc.GrpcConfigKeys (ConfUtils.java:logGet(46)) - raft.grpc.server.leader.outstanding.appends.max = 8 (default)
2023-11-28 06:43:23,975 [s0@group-FC4214F7AD5F-LeaderElection3] INFO  server.RaftServerConfigKeys (ConfUtils.java:logGet(46)) - raft.server.rpc.request.timeout = 3000ms (default)
2023-11-28 06:43:23,976 [s0@group-FC4214F7AD5F-LeaderElection3] INFO  grpc.GrpcConfigKeys (ConfUtils.java:logGet(46)) - raft.grpc.server.install_snapshot.request.element-limit = 8 (default)
2023-11-28 06:43:23,976 [s0@group-FC4214F7AD5F-LeaderElection3] INFO  grpc.GrpcConfigKeys (ConfUtils.java:logGet(46)) - raft.grpc.server.install_snapshot.request.timeout = 3000ms (default)
2023-11-28 06:43:23,976 [s0@group-FC4214F7AD5F-LeaderElection3] INFO  server.RaftServerConfigKeys (ConfUtils.java:logGet(46)) - raft.server.log.appender.install.snapshot.enabled = true (default)
2023-11-28 06:43:23,976 [s0@group-FC4214F7AD5F-LeaderElection3] INFO  grpc.GrpcConfigKeys (ConfUtils.java:logGet(46)) - raft.grpc.server.heartbeat.channel = true (default)
2023-11-28 06:43:23,977 [s0@group-FC4214F7AD5F-LeaderElection3] INFO  impl.RoleInfo (RoleInfo.java:updateAndGet(139)) - s0: start s0@group-FC4214F7AD5F-LeaderStateImpl
2023-11-28 06:43:23,977 [s0@group-FC4214F7AD5F-LeaderElection3] INFO  server.RaftServer$Division (RaftServerImpl.java:setFirstElection(564)) - s0@group-FC4214F7AD5F: set firstElectionSinceStartup to false for becomeLeader
2023-11-28 06:43:23,977 [s0@group-FC4214F7AD5F-LeaderElection3] INFO  server.RaftServer$Division (ServerState.java:setLeader(265)) - s0@group-FC4214F7AD5F: change Leader from null to s0 at term 1 for becomeLeader, leader elected after 787ms
2023-11-28 06:43:23,990 [s0@group-FC4214F7AD5F-LeaderElection3] INFO  segmented.SegmentedRaftLogWorker (SegmentedRaftLogWorker.java:startLogSegment(430)) - s0@group-FC4214F7AD5F-SegmentedRaftLogWorker: Starting segment from index:0
2023-11-28 06:43:24,000 [s0@group-FC4214F7AD5F-LeaderElection3] INFO  server.RaftServer$Division (ServerState.java:setRaftConf(382)) - s0@group-FC4214F7AD5F: set configuration 0: peers:[s0|localhost:38701, s1|localhost:37909, s2|localhost:41117]|listeners:[], old=null
2023-11-28 06:43:24,040 [s2-server-thread1] INFO  server.RaftServer$Division (ServerState.java:setLeader(265)) - s2@group-FC4214F7AD5F: change Leader from null to s0 at term 1 for appendEntries, leader elected after 851ms
2023-11-28 06:43:24,053 [s1-server-thread1] INFO  server.RaftServer$Division (ServerState.java:setLeader(265)) - s1@group-FC4214F7AD5F: change Leader from null to s0 at term 1 for appendEntries, leader elected after 864ms
2023-11-28 06:43:24,063 [s0@group-FC4214F7AD5F-SegmentedRaftLogWorker] INFO  segmented.BufferedWriteChannel (BufferedWriteChannel.java:open(62)) - open log_inprogress_0 at position 0
2023-11-28 06:43:24,071 [s0@group-FC4214F7AD5F-SegmentedRaftLogWorker] INFO  segmented.SegmentedRaftLogWorker (SegmentedRaftLogWorker.java:execute(634)) - s0@group-FC4214F7AD5F-SegmentedRaftLogWorker: created new log segment /home/runner/work/ratis/ratis/ratis-test/target/test/data/cc86e3b/MiniRaftClusterWithGrpc7db59660/s0/f970858f-0b2f-4855-934d-fc4214f7ad5f/current/log_inprogress_0
2023-11-28 06:43:24,121 [s1-server-thread2] DEBUG server.RaftServer$Division (RaftServerImpl.java:logAppendEntries(1504)) - s1@group-FC4214F7AD5F: receive appendEntries(s0, 1, null, -1, true, commits:[s0:c-1, s1:c-1, s2:c-1], cId:1, entries: [(t:1, i:0), CONFIGURATIONENTRY(current:id: "s0"
address: "localhost:38701"
dataStreamAddress: "localhost:41745"
clientAddress: "localhost:40319"
adminAddress: "localhost:36009"
startupRole: FOLLOWER
,id: "s1"
address: "localhost:37909"
dataStreamAddress: "localhost:40607"
clientAddress: "localhost:35839"
adminAddress: "localhost:35933"
startupRole: FOLLOWER
,id: "s2"
address: "localhost:41117"
dataStreamAddress: "localhost:33123"
clientAddress: "localhost:35585"
adminAddress: "localhost:33227"
startupRole: FOLLOWER
, old:)]
2023-11-28 06:43:24,121 [s2-server-thread3] DEBUG server.RaftServer$Division (RaftServerImpl.java:logAppendEntries(1504)) - s2@group-FC4214F7AD5F: receive appendEntries(s0, 1, null, -1, true, commits:[s0:c-1, s1:c-1, s2:c-1], cId:1, entries: [(t:1, i:0), CONFIGURATIONENTRY(current:id: "s0"
address: "localhost:38701"
dataStreamAddress: "localhost:41745"
clientAddress: "localhost:40319"
adminAddress: "localhost:36009"
startupRole: FOLLOWER
,id: "s1"
address: "localhost:37909"
dataStreamAddress: "localhost:40607"
clientAddress: "localhost:35839"
adminAddress: "localhost:35933"
startupRole: FOLLOWER
,id: "s2"
address: "localhost:41117"
dataStreamAddress: "localhost:33123"
clientAddress: "localhost:35585"
adminAddress: "localhost:33227"
startupRole: FOLLOWER
, old:)]
2023-11-28 06:43:24,122 [s1-server-thread2] INFO  server.RaftServer$Division (ServerState.java:setRaftConf(382)) - s1@group-FC4214F7AD5F: set configuration 0: peers:[s0|localhost:38701, s1|localhost:37909, s2|localhost:41117]|listeners:[], old=null
2023-11-28 06:43:24,122 [s2-server-thread3] INFO  server.RaftServer$Division (ServerState.java:setRaftConf(382)) - s2@group-FC4214F7AD5F: set configuration 0: peers:[s0|localhost:38701, s1|localhost:37909, s2|localhost:41117]|listeners:[], old=null
2023-11-28 06:43:24,123 [s2-server-thread3] INFO  segmented.SegmentedRaftLogWorker (SegmentedRaftLogWorker.java:startLogSegment(430)) - s2@group-FC4214F7AD5F-SegmentedRaftLogWorker: Starting segment from index:0
2023-11-28 06:43:24,123 [s1-server-thread2] INFO  segmented.SegmentedRaftLogWorker (SegmentedRaftLogWorker.java:startLogSegment(430)) - s1@group-FC4214F7AD5F-SegmentedRaftLogWorker: Starting segment from index:0
2023-11-28 06:43:24,124 [s2@group-FC4214F7AD5F-SegmentedRaftLogWorker] INFO  segmented.BufferedWriteChannel (BufferedWriteChannel.java:open(62)) - open log_inprogress_0 at position 0
2023-11-28 06:43:24,124 [s1@group-FC4214F7AD5F-SegmentedRaftLogWorker] INFO  segmented.BufferedWriteChannel (BufferedWriteChannel.java:open(62)) - open log_inprogress_0 at position 0
2023-11-28 06:43:24,132 [s2@group-FC4214F7AD5F-SegmentedRaftLogWorker] INFO  segmented.SegmentedRaftLogWorker (SegmentedRaftLogWorker.java:execute(634)) - s2@group-FC4214F7AD5F-SegmentedRaftLogWorker: created new log segment /home/runner/work/ratis/ratis/ratis-test/target/test/data/cc86e3b/MiniRaftClusterWithGrpc7db59660/s2/f970858f-0b2f-4855-934d-fc4214f7ad5f/current/log_inprogress_0
2023-11-28 06:43:24,133 [s2-server-thread1] DEBUG server.RaftServer$Division (RaftServerImpl.java:logAppendEntries(1504)) - s2@group-FC4214F7AD5F: succeeded to handle AppendEntries. Reply: s0<-s2#1:OK-t1,SUCCESS,nextIndex=1,followerCommit=-1,matchIndex=0
2023-11-28 06:43:24,138 [s1@group-FC4214F7AD5F-SegmentedRaftLogWorker] INFO  segmented.SegmentedRaftLogWorker (SegmentedRaftLogWorker.java:execute(634)) - s1@group-FC4214F7AD5F-SegmentedRaftLogWorker: created new log segment /home/runner/work/ratis/ratis/ratis-test/target/test/data/cc86e3b/MiniRaftClusterWithGrpc7db59660/s1/f970858f-0b2f-4855-934d-fc4214f7ad5f/current/log_inprogress_0
2023-11-28 06:43:24,139 [s0@group-FC4214F7AD5F-StateMachineUpdater] TRACE util.FileUtils (LogUtils.java:supplyAndLog(69)) - Successfully supplied FileChannel.open /home/runner/work/ratis/ratis/ratis-test/target/test/data/cc86e3b/MiniRaftClusterWithGrpc7db59660/s0/f970858f-0b2f-4855-934d-fc4214f7ad5f/current/raft-meta.conf.tmp with options [CREATE, WRITE]: sun.nio.ch.FileChannelImpl@21da3464
2023-11-28 06:43:24,140 [s1-server-thread2] DEBUG server.RaftServer$Division (RaftServerImpl.java:logAppendEntries(1504)) - s1@group-FC4214F7AD5F: succeeded to handle AppendEntries. Reply: s0<-s1#1:OK-t1,SUCCESS,nextIndex=1,followerCommit=-1,matchIndex=0
2023-11-28 06:43:24,143 [s0@group-FC4214F7AD5F-StateMachineUpdater] TRACE util.FileUtils (LogUtils.java:runAndLog(49)) - Successfully ran Atomic Files.move /home/runner/work/ratis/ratis/ratis-test/target/test/data/cc86e3b/MiniRaftClusterWithGrpc7db59660/s0/f970858f-0b2f-4855-934d-fc4214f7ad5f/current/raft-meta.conf.tmp to /home/runner/work/ratis/ratis/ratis-test/target/test/data/cc86e3b/MiniRaftClusterWithGrpc7db59660/s0/f970858f-0b2f-4855-934d-fc4214f7ad5f/current/raft-meta.conf with options [REPLACE_EXISTING]
2023-11-28 06:43:24,143 [s0@group-FC4214F7AD5F-StateMachineUpdater] INFO  server.RaftServer$Division (LeaderStateImpl.java:isApplied(316)) - leader is ready since appliedIndex == 0 >= startIndex == 0
2023-11-28 06:43:24,214 [s2@group-FC4214F7AD5F-StateMachineUpdater] TRACE util.FileUtils (LogUtils.java:supplyAndLog(69)) - Successfully supplied FileChannel.open /home/runner/work/ratis/ratis/ratis-test/target/test/data/cc86e3b/MiniRaftClusterWithGrpc7db59660/s2/f970858f-0b2f-4855-934d-fc4214f7ad5f/current/raft-meta.conf.tmp with options [CREATE, WRITE]: sun.nio.ch.FileChannelImpl@717729d
2023-11-28 06:43:24,217 [s2@group-FC4214F7AD5F-StateMachineUpdater] TRACE util.FileUtils (LogUtils.java:runAndLog(49)) - Successfully ran Atomic Files.move /home/runner/work/ratis/ratis/ratis-test/target/test/data/cc86e3b/MiniRaftClusterWithGrpc7db59660/s2/f970858f-0b2f-4855-934d-fc4214f7ad5f/current/raft-meta.conf.tmp to /home/runner/work/ratis/ratis/ratis-test/target/test/data/cc86e3b/MiniRaftClusterWithGrpc7db59660/s2/f970858f-0b2f-4855-934d-fc4214f7ad5f/current/raft-meta.conf with options [REPLACE_EXISTING]
2023-11-28 06:43:24,222 [s1@group-FC4214F7AD5F-StateMachineUpdater] TRACE util.FileUtils (LogUtils.java:supplyAndLog(69)) - Successfully supplied FileChannel.open /home/runner/work/ratis/ratis/ratis-test/target/test/data/cc86e3b/MiniRaftClusterWithGrpc7db59660/s1/f970858f-0b2f-4855-934d-fc4214f7ad5f/current/raft-meta.conf.tmp with options [CREATE, WRITE]: sun.nio.ch.FileChannelImpl@7577cabf
2023-11-28 06:43:24,224 [s1@group-FC4214F7AD5F-StateMachineUpdater] TRACE util.FileUtils (LogUtils.java:runAndLog(49)) - Successfully ran Atomic Files.move /home/runner/work/ratis/ratis/ratis-test/target/test/data/cc86e3b/MiniRaftClusterWithGrpc7db59660/s1/f970858f-0b2f-4855-934d-fc4214f7ad5f/current/raft-meta.conf.tmp to /home/runner/work/ratis/ratis/ratis-test/target/test/data/cc86e3b/MiniRaftClusterWithGrpc7db59660/s1/f970858f-0b2f-4855-934d-fc4214f7ad5f/current/raft-meta.conf with options [REPLACE_EXISTING]
2023-11-28 06:43:24,366 [Time-limited test] INFO  ratis.RaftTestUtil (RaftTestUtil.java:waitForLeader(119)) - printing ALL groups
  s0:  RUNNING    LEADER s0@group-FC4214F7AD5F:t1, leader=s0, voted=s0, raftlog=Memoized:s0@group-FC4214F7AD5F-SegmentedRaftLog:OPENED:c0, conf=0: peers:[s0|localhost:38701, s1|localhost:37909, s2|localhost:41117]|listeners:[], old=null RUNNING
  s1:  RUNNING  FOLLOWER s1@group-FC4214F7AD5F:t1, leader=s0, voted=s0, raftlog=Memoized:s1@group-FC4214F7AD5F-SegmentedRaftLog:OPENED:c0, conf=0: peers:[s0|localhost:38701, s1|localhost:37909, s2|localhost:41117]|listeners:[], old=null RUNNING
  s2:  RUNNING  FOLLOWER s2@group-FC4214F7AD5F:t1, leader=s0, voted=s2, raftlog=Memoized:s2@group-FC4214F7AD5F-SegmentedRaftLog:OPENED:c0, conf=0: peers:[s0|localhost:38701, s1|localhost:37909, s2|localhost:41117]|listeners:[], old=null RUNNING
2023-11-28 06:43:24,367 [Time-limited test] INFO  impl.SimpleStateMachine4Testing (SimpleStateMachine4Testing.java:block(135)) - block WRITE_STATE_MACHINE_DATA
2023-11-28 06:43:24,367 [Time-limited test] INFO  impl.SimpleStateMachine4Testing (SimpleStateMachine4Testing.java:block(135)) - block WRITE_STATE_MACHINE_DATA
2023-11-28 06:43:24,374 [s0-client-thread1] DEBUG server.RaftServer$Division (RaftServerImpl.java:submitClientRequestAsync(893)) - s0@group-FC4214F7AD5F: receive client request(RaftClientRequest:client-E23122CA07F3->s0@group-FC4214F7AD5F, cid=1, seq=null, RW, message)
2023-11-28 06:43:24,390 [s0-client-thread1] DEBUG server.RaftServer$Division (LeaderStateImpl.java:addPendingRequest(517)) - s0@group-FC4214F7AD5F-LeaderStateImpl: addPendingRequest at RaftClientRequest:client-E23122CA07F3->s0@group-FC4214F7AD5F, cid=1, seq=null, RW, message, entry=(t:1, i:1), STATEMACHINELOGENTRY, 1@client-E23122CA07F3
2023-11-28 06:43:24,396 [s1-server-thread2] DEBUG server.RaftServer$Division (RaftServerImpl.java:logAppendEntries(1504)) - s1@group-FC4214F7AD5F: receive appendEntries(s0, 1, (t:1, i:0), 0, true, commits:[s0:c0, s1:c0, s2:c0], cId:11, entries: [(t:1, i:1), STATEMACHINELOGENTRY, 1@client-E23122CA07F3]
2023-11-28 06:43:24,396 [s2-server-thread3] DEBUG server.RaftServer$Division (RaftServerImpl.java:logAppendEntries(1504)) - s2@group-FC4214F7AD5F: receive appendEntries(s0, 1, (t:1, i:0), 0, true, commits:[s0:c0, s1:c0, s2:c0], cId:8, entries: [(t:1, i:1), STATEMACHINELOGENTRY, 1@client-E23122CA07F3]
2023-11-28 06:43:24,398 [s0-client-thread1] DEBUG server.RaftServer$Division (RaftServerImpl.java:submitClientRequestAsync(893)) - s0@group-FC4214F7AD5F: receive client request(RaftClientRequest:client-E23122CA07F3->s0@group-FC4214F7AD5F, cid=2, seq=null, RW, message)
2023-11-28 06:43:24,401 [Time-limited test] INFO  impl.SimpleStateMachine4Testing (SimpleStateMachine4Testing.java:unblock(142)) - unblock WRITE_STATE_MACHINE_DATA
2023-11-28 06:43:24,401 [Time-limited test] INFO  impl.SimpleStateMachine4Testing (SimpleStateMachine4Testing.java:unblock(142)) - unblock WRITE_STATE_MACHINE_DATA
2023-11-28 06:43:24,402 [s1-server-thread2] DEBUG server.RaftServer$Division (RaftServerImpl.java:logAppendEntries(1504)) - s1@group-FC4214F7AD5F: succeeded to handle AppendEntries. Reply: s0<-s1#11:OK-t1,SUCCESS,nextIndex=2,followerCommit=0,matchIndex=1
2023-11-28 06:43:24,402 [s0-client-thread1] DEBUG server.RaftServer$Division (RaftServerImpl.java:submitClientRequestAsync(893)) - s0@group-FC4214F7AD5F: receive client request(RaftClientRequest:client-E23122CA07F3->s0@group-FC4214F7AD5F, cid=2, seq=null, RW, message)
2023-11-28 06:43:24,403 [s2-server-thread3] DEBUG server.RaftServer$Division (RaftServerImpl.java:logAppendEntries(1504)) - s2@group-FC4214F7AD5F: succeeded to handle AppendEntries. Reply: s0<-s2#8:OK-t1,SUCCESS,nextIndex=2,followerCommit=0,matchIndex=1
2023-11-28 06:43:24,403 [s0@group-FC4214F7AD5F-StateMachineUpdater] INFO  impl.SimpleStateMachine4Testing (SimpleStateMachine4Testing.java:applyTransaction(248)) - applyTransaction for log index 1
2023-11-28 06:43:24,403 [s0@group-FC4214F7AD5F-StateMachineUpdater] INFO  impl.SimpleStateMachine4Testing (SimpleStateMachine4Testing.java:put(205)) - s0: put 1, message -> (t:1, i:1), STATEMACHINELOGENTRY, 1@client-E23122CA07F3
2023-11-28 06:43:24,408 [s1-server-thread2] DEBUG server.RaftServer$Division (RaftServerImpl.java:logAppendEntries(1504)) - s1@group-FC4214F7AD5F: receive appendEntries(s0, 1, (t:1, i:1), 1, true, commits:[s0:c1, s1:c0, s2:c0], cId:12, entries: [(t:1, i:2), METADATAENTRY(c:1)]
2023-11-28 06:43:24,409 [s2-server-thread3] DEBUG server.RaftServer$Division (RaftServerImpl.java:logAppendEntries(1504)) - s2@group-FC4214F7AD5F: receive appendEntries(s0, 1, (t:1, i:1), 1, true, commits:[s0:c1, s1:c0, s2:c0], cId:10, entries: [(t:1, i:2), METADATAENTRY(c:1)]
2023-11-28 06:43:24,409 [s1-server-thread2] DEBUG server.RaftServer$Division (RaftServerImpl.java:logAppendEntries(1504)) - s1@group-FC4214F7AD5F: succeeded to handle AppendEntries. Reply: s0<-s1#12:OK-t1,SUCCESS,nextIndex=3,followerCommit=1,matchIndex=2
2023-11-28 06:43:24,409 [s2-server-thread3] DEBUG server.RaftServer$Division (RaftServerImpl.java:logAppendEntries(1504)) - s2@group-FC4214F7AD5F: succeeded to handle AppendEntries. Reply: s0<-s2#10:OK-t1,SUCCESS,nextIndex=3,followerCommit=1,matchIndex=2
2023-11-28 06:43:24,409 [s1@group-FC4214F7AD5F-StateMachineUpdater] INFO  impl.SimpleStateMachine4Testing (SimpleStateMachine4Testing.java:applyTransaction(248)) - applyTransaction for log index 1
2023-11-28 06:43:24,410 [s1@group-FC4214F7AD5F-StateMachineUpdater] INFO  impl.SimpleStateMachine4Testing (SimpleStateMachine4Testing.java:put(205)) - s1: put 1, message -> (t:1, i:1), STATEMACHINELOGENTRY, 1@client-E23122CA07F3
2023-11-28 06:43:24,410 [s2@group-FC4214F7AD5F-StateMachineUpdater] INFO  impl.SimpleStateMachine4Testing (SimpleStateMachine4Testing.java:applyTransaction(248)) - applyTransaction for log index 1
2023-11-28 06:43:24,410 [s2@group-FC4214F7AD5F-StateMachineUpdater] INFO  impl.SimpleStateMachine4Testing (SimpleStateMachine4Testing.java:put(205)) - s2: put 1, message -> (t:1, i:1), STATEMACHINELOGENTRY, 1@client-E23122CA07F3
2023-11-28 06:43:24,412 [s0-client-thread1] DEBUG server.RaftServer$Division (LeaderStateImpl.java:addPendingRequest(517)) - s0@group-FC4214F7AD5F-LeaderStateImpl: addPendingRequest at RaftClientRequest:client-E23122CA07F3->s0@group-FC4214F7AD5F, cid=2, seq=null, RW, message, entry=(t:1, i:3), STATEMACHINELOGENTRY, 2@client-E23122CA07F3
2023-11-28 06:43:24,413 [s1-server-thread2] DEBUG server.RaftServer$Division (RaftServerImpl.java:logAppendEntries(1504)) - s1@group-FC4214F7AD5F: receive appendEntries(s0, 1, (t:1, i:2), 1, true, commits:[s0:c1, s1:c0, s2:c1], cId:13, entries: [(t:1, i:3), STATEMACHINELOGENTRY, 2@client-E23122CA07F3]
2023-11-28 06:43:24,413 [s2-server-thread3] DEBUG server.RaftServer$Division (RaftServerImpl.java:logAppendEntries(1504)) - s2@group-FC4214F7AD5F: receive appendEntries(s0, 1, (t:1, i:2), 1, true, commits:[s0:c1, s1:c1, s2:c1], cId:11, entries: [(t:1, i:3), STATEMACHINELOGENTRY, 2@client-E23122CA07F3]
2023-11-28 06:43:24,413 [s1-server-thread2] DEBUG server.RaftServer$Division (RaftServerImpl.java:logAppendEntries(1504)) - s1@group-FC4214F7AD5F: succeeded to handle AppendEntries. Reply: s0<-s1#13:OK-t1,SUCCESS,nextIndex=4,followerCommit=1,matchIndex=3
2023-11-28 06:43:24,414 [s2-server-thread3] DEBUG server.RaftServer$Division (RaftServerImpl.java:logAppendEntries(1504)) - s2@group-FC4214F7AD5F: succeeded to handle AppendEntries. Reply: s0<-s2#11:OK-t1,SUCCESS,nextIndex=4,followerCommit=1,matchIndex=3
2023-11-28 06:43:24,415 [s0@group-FC4214F7AD5F-StateMachineUpdater] INFO  impl.SimpleStateMachine4Testing (SimpleStateMachine4Testing.java:applyTransaction(248)) - applyTransaction for log index 3
2023-11-28 06:43:24,415 [s0@group-FC4214F7AD5F-StateMachineUpdater] INFO  impl.SimpleStateMachine4Testing (SimpleStateMachine4Testing.java:put(205)) - s0: put 3, message -> (t:1, i:3), STATEMACHINELOGENTRY, 2@client-E23122CA07F3
2023-11-28 06:43:24,415 [Time-limited test] INFO  impl.MiniRaftCluster (MiniRaftCluster.java:shutdown(831)) - ************************************************************** 
2023-11-28 06:43:24,415 [Time-limited test] INFO  impl.MiniRaftCluster (MiniRaftCluster.java:shutdown(832)) - *** 
2023-11-28 06:43:24,415 [Time-limited test] INFO  impl.MiniRaftCluster (MiniRaftCluster.java:shutdown(833)) - ***     Stopping MiniRaftClusterWithGrpc
2023-11-28 06:43:24,415 [Time-limited test] INFO  impl.MiniRaftCluster (MiniRaftCluster.java:shutdown(834)) - *** 
2023-11-28 06:43:24,415 [Time-limited test] INFO  impl.MiniRaftCluster (MiniRaftCluster.java:shutdown(835)) - ************************************************************** 
2023-11-28 06:43:24,416 [Time-limited test] INFO  impl.MiniRaftCluster (MiniRaftCluster.java:shutdown(836)) - printing ALL groups
  s0:  RUNNING    LEADER s0@group-FC4214F7AD5F:t1, leader=s0, voted=s0, raftlog=Memoized:s0@group-FC4214F7AD5F-SegmentedRaftLog:OPENED:c3, conf=0: peers:[s0|localhost:38701, s1|localhost:37909, s2|localhost:41117]|listeners:[], old=null RUNNING
  s1:  RUNNING  FOLLOWER s1@group-FC4214F7AD5F:t1, leader=s0, voted=s0, raftlog=Memoized:s1@group-FC4214F7AD5F-SegmentedRaftLog:OPENED:c1, conf=0: peers:[s0|localhost:38701, s1|localhost:37909, s2|localhost:41117]|listeners:[], old=null RUNNING
  s2:  RUNNING  FOLLOWER s2@group-FC4214F7AD5F:t1, leader=s0, voted=s2, raftlog=Memoized:s2@group-FC4214F7AD5F-SegmentedRaftLog:OPENED:c1, conf=0: peers:[s0|localhost:38701, s1|localhost:37909, s2|localhost:41117]|listeners:[], old=null RUNNING
2023-11-28 06:43:24,416 [s1-server-thread2] DEBUG server.RaftServer$Division (RaftServerImpl.java:logAppendEntries(1504)) - s1@group-FC4214F7AD5F: receive appendEntries(s0, 1, (t:1, i:3), 3, true, commits:[s0:c3, s1:c1, s2:c1], cId:15, entries: [(t:1, i:4), METADATAENTRY(c:3)]
2023-11-28 06:43:24,416 [s2-server-thread3] DEBUG server.RaftServer$Division (RaftServerImpl.java:logAppendEntries(1504)) - s2@group-FC4214F7AD5F: receive appendEntries(s0, 1, (t:1, i:3), 3, true, commits:[s0:c3, s1:c1, s2:c1], cId:13, entries: [(t:1, i:4), METADATAENTRY(c:3)]
2023-11-28 06:43:24,417 [s2-server-thread3] DEBUG server.RaftServer$Division (RaftServerImpl.java:logAppendEntries(1504)) - s2@group-FC4214F7AD5F: succeeded to handle AppendEntries. Reply: s0<-s2#13:OK-t1,SUCCESS,nextIndex=5,followerCommit=3,matchIndex=4
2023-11-28 06:43:24,418 [s2@group-FC4214F7AD5F-StateMachineUpdater] INFO  impl.SimpleStateMachine4Testing (SimpleStateMachine4Testing.java:applyTransaction(248)) - applyTransaction for log index 3
2023-11-28 06:43:24,418 [s2@group-FC4214F7AD5F-StateMachineUpdater] INFO  impl.SimpleStateMachine4Testing (SimpleStateMachine4Testing.java:put(205)) - s2: put 3, message -> (t:1, i:3), STATEMACHINELOGENTRY, 2@client-E23122CA07F3
2023-11-28 06:43:24,417 [MiniRaftCluster-2] INFO  server.RaftServer (RaftServerProxy.java:lambda$close$9(416)) - s1: close
2023-11-28 06:43:24,422 [s1-server-thread3] DEBUG server.RaftServer$Division (RaftServerImpl.java:logAppendEntries(1504)) - s1@group-FC4214F7AD5F: succeeded to handle AppendEntries. Reply: s0<-s1#15:OK-t1,SUCCESS,nextIndex=5,followerCommit=3,matchIndex=4
2023-11-28 06:43:24,417 [MiniRaftCluster-1] INFO  server.RaftServer (RaftServerProxy.java:lambda$close$9(416)) - s0: close
2023-11-28 06:43:24,422 [s1@group-FC4214F7AD5F-StateMachineUpdater] INFO  impl.SimpleStateMachine4Testing (SimpleStateMachine4Testing.java:applyTransaction(248)) - applyTransaction for log index 3
2023-11-28 06:43:24,422 [s1@group-FC4214F7AD5F-StateMachineUpdater] INFO  impl.SimpleStateMachine4Testing (SimpleStateMachine4Testing.java:put(205)) - s1: put 3, message -> (t:1, i:3), STATEMACHINELOGENTRY, 2@client-E23122CA07F3
2023-11-28 06:43:24,424 [MiniRaftCluster-3] INFO  server.RaftServer (RaftServerProxy.java:lambda$close$9(416)) - s2: close
2023-11-28 06:43:24,425 [MiniRaftCluster-2] INFO  server.GrpcService (GrpcService.java:closeImpl(311)) - s1: shutdown server org.apache.ratis.grpc.server.GrpcClientProtocolService now
2023-11-28 06:43:24,425 [s1-impl-thread1] INFO  server.RaftServer$Division (RaftServerImpl.java:lambda$close$3(516)) - s1@group-FC4214F7AD5F: shutdown
2023-11-28 06:43:24,426 [s1-impl-thread1] INFO  util.JmxRegister (JmxRegister.java:unregister(73)) - Successfully un-registered JMX Bean with object name Ratis:service=RaftServer,group=group-FC4214F7AD5F,id=s1
2023-11-28 06:43:24,426 [s1-impl-thread1] INFO  impl.RoleInfo (RoleInfo.java:shutdownFollowerState(110)) - s1: shutdown s1@group-FC4214F7AD5F-FollowerState
2023-11-28 06:43:24,426 [s1@group-FC4214F7AD5F-FollowerState] INFO  impl.FollowerState (FollowerState.java:run(152)) - s1@group-FC4214F7AD5F-FollowerState was interrupted
2023-11-28 06:43:24,426 [s1-impl-thread1] INFO  impl.StateMachineUpdater (StateMachineUpdater.java:stopAndJoin(157)) - s1@group-FC4214F7AD5F-StateMachineUpdater: set stopIndex = 3
2023-11-28 06:43:24,426 [s0-impl-thread1] INFO  server.RaftServer$Division (RaftServerImpl.java:lambda$close$3(516)) - s0@group-FC4214F7AD5F: shutdown
2023-11-28 06:43:24,426 [s0-impl-thread1] INFO  util.JmxRegister (JmxRegister.java:unregister(73)) - Successfully un-registered JMX Bean with object name Ratis:service=RaftServer,group=group-FC4214F7AD5F,id=s0
2023-11-28 06:43:24,426 [s0-impl-thread1] INFO  impl.RoleInfo (RoleInfo.java:shutdownLeaderState(94)) - s0: shutdown s0@group-FC4214F7AD5F-LeaderStateImpl
2023-11-28 06:43:24,427 [s2-impl-thread1] INFO  server.RaftServer$Division (RaftServerImpl.java:lambda$close$3(516)) - s2@group-FC4214F7AD5F: shutdown
2023-11-28 06:43:24,427 [s0-impl-thread1] INFO  impl.PendingRequests (PendingRequests.java:sendNotLeaderResponses(289)) - s0@group-FC4214F7AD5F-PendingRequests: sendNotLeaderResponses
2023-11-28 06:43:24,427 [s2-impl-thread1] INFO  util.JmxRegister (JmxRegister.java:unregister(73)) - Successfully un-registered JMX Bean with object name Ratis:service=RaftServer,group=group-FC4214F7AD5F,id=s2
2023-11-28 06:43:24,427 [s0@group-FC4214F7AD5F->s1-GrpcLogAppender-LogAppenderDaemon] WARN  server.GrpcLogAppender (GrpcLogAppender.java:mayWait(212)) - s0@group-FC4214F7AD5F->s1-GrpcLogAppender: Wait interrupted by java.lang.InterruptedException
2023-11-28 06:43:24,427 [s2-impl-thread1] INFO  impl.RoleInfo (RoleInfo.java:shutdownFollowerState(110)) - s2: shutdown s2@group-FC4214F7AD5F-FollowerState
2023-11-28 06:43:24,428 [s2@group-FC4214F7AD5F-FollowerState] INFO  impl.FollowerState (FollowerState.java:run(152)) - s2@group-FC4214F7AD5F-FollowerState was interrupted
2023-11-28 06:43:24,429 [grpc-default-executor-6] INFO  server.GrpcServerProtocolService (GrpcServerProtocolService.java:onCompleted(157)) - s1: Completed APPEND_ENTRIES, lastRequest: null
2023-11-28 06:43:24,431 [grpc-default-executor-6] INFO  server.GrpcServerProtocolService (GrpcServerProtocolService.java:lambda$onCompleted$5(159)) - s1: Completed APPEND_ENTRIES, lastReply: serverReply {
  requestorId: "s0"
  replyId: "s1"
  raftGroupId {
    id: "\371p\205\217\v/HU\223M\374B\024\367\255_"
  }
  callId: 10
  success: true
}
term: 1
nextIndex: 1
matchIndex: 18446744073709551615
isHearbeat: true

2023-11-28 06:43:24,427 [MiniRaftCluster-3] INFO  server.GrpcService (GrpcService.java:closeImpl(311)) - s2: shutdown server org.apache.ratis.grpc.server.GrpcClientProtocolService now
2023-11-28 06:43:24,432 [grpc-default-executor-3] INFO  server.GrpcLogAppender (GrpcLogAppender.java:onCompleted(469)) - s0@group-FC4214F7AD5F->s1-AppendLogResponseHandler: follower responses appendEntries COMPLETED
2023-11-28 06:43:24,433 [s1-impl-thread1] INFO  server.RaftServer$Division (ServerState.java:close(423)) - s1@group-FC4214F7AD5F: applyIndex: 3
2023-11-28 06:43:24,433 [s1@group-FC4214F7AD5F-cacheEviction-AwaitToRun] INFO  util.AwaitToRun (AwaitToRun.java:run(49)) - s1@group-FC4214F7AD5F-cacheEviction-AwaitToRun-AwaitForSignal is interrupted
2023-11-28 06:43:24,426 [MiniRaftCluster-1] INFO  server.GrpcService (GrpcService.java:closeImpl(311)) - s0: shutdown server org.apache.ratis.grpc.server.GrpcClientProtocolService now
2023-11-28 06:43:24,427 [s2-impl-thread1] INFO  impl.StateMachineUpdater (StateMachineUpdater.java:stopAndJoin(157)) - s2@group-FC4214F7AD5F-StateMachineUpdater: set stopIndex = 3
2023-11-28 06:43:24,434 [s2-impl-thread1] INFO  server.RaftServer$Division (ServerState.java:close(423)) - s2@group-FC4214F7AD5F: applyIndex: 3
2023-11-28 06:43:24,434 [grpc-default-executor-3] INFO  leader.LogAppender (LogAppenderBase.java:lambda$getNextIndexForError$0(215)) - Decrease nextIndex to 4
2023-11-28 06:43:24,434 [grpc-default-executor-3] INFO  leader.LogAppender (LogAppenderBase.java:lambda$getNextIndexForError$0(215)) - Decrease nextIndex to 4
2023-11-28 06:43:24,428 [s0@group-FC4214F7AD5F->s2-GrpcLogAppender-LogAppenderDaemon] WARN  server.GrpcLogAppender (GrpcLogAppender.java:mayWait(212)) - s0@group-FC4214F7AD5F->s2-GrpcLogAppender: Wait interrupted by java.lang.InterruptedException
2023-11-28 06:43:24,435 [grpc-default-executor-3] INFO  leader.FollowerInfo (FollowerInfoImpl.java:info(70)) - s0@group-FC4214F7AD5F->s1: computeNextIndex nextIndex: updateUnconditionally 5 -> 4
2023-11-28 06:43:24,435 [s2@group-FC4214F7AD5F-cacheEviction-AwaitToRun] INFO  util.AwaitToRun (AwaitToRun.java:run(49)) - s2@group-FC4214F7AD5F-cacheEviction-AwaitToRun-AwaitForSignal is interrupted
2023-11-28 06:43:24,429 [grpc-default-executor-2] INFO  server.GrpcServerProtocolService (GrpcServerProtocolService.java:onCompleted(157)) - s1: Completed APPEND_ENTRIES, lastRequest: s0->s1#15-t1,previous=(t:1, i:3),leaderCommit=3,initializing? true,entries: size=1, first=(t:1, i:4), METADATAENTRY(c:3)
2023-11-28 06:43:24,435 [grpc-default-executor-3] INFO  server.GrpcServerProtocolService (GrpcServerProtocolService.java:onCompleted(157)) - s2: Completed APPEND_ENTRIES, lastRequest: null
2023-11-28 06:43:24,435 [grpc-default-executor-2] INFO  server.GrpcServerProtocolService (GrpcServerProtocolService.java:lambda$onCompleted$5(159)) - s1: Completed APPEND_ENTRIES, lastReply: null
2023-11-28 06:43:24,435 [grpc-default-executor-3] INFO  server.GrpcServerProtocolService (GrpcServerProtocolService.java:lambda$onCompleted$5(159)) - s2: Completed APPEND_ENTRIES, lastReply: serverReply {
  requestorId: "s0"
  replyId: "s2"
  raftGroupId {
    id: "\371p\205\217\v/HU\223M\374B\024\367\255_"
  }
  callId: 7
  success: true
}
term: 1
nextIndex: 1
matchIndex: 18446744073709551615
isHearbeat: true

2023-11-28 06:43:24,436 [grpc-default-executor-3] INFO  server.GrpcLogAppender (GrpcLogAppender.java:onCompleted(469)) - s0@group-FC4214F7AD5F->s1-AppendLogResponseHandler: follower responses appendEntries COMPLETED
2023-11-28 06:43:24,436 [grpc-default-executor-2] INFO  server.GrpcServerProtocolService (GrpcServerProtocolService.java:onCompleted(157)) - s2: Completed APPEND_ENTRIES, lastRequest: s0->s2#13-t1,previous=(t:1, i:3),leaderCommit=3,initializing? true,entries: size=1, first=(t:1, i:4), METADATAENTRY(c:3)
2023-11-28 06:43:24,436 [grpc-default-executor-2] INFO  server.GrpcServerProtocolService (GrpcServerProtocolService.java:lambda$onCompleted$5(159)) - s2: Completed APPEND_ENTRIES, lastReply: null
2023-11-28 06:43:24,436 [grpc-default-executor-3] INFO  server.GrpcLogAppender (GrpcLogAppender.java:onCompleted(469)) - s0@group-FC4214F7AD5F->s2-AppendLogResponseHandler: follower responses appendEntries COMPLETED
2023-11-28 06:43:24,436 [Thread-69] INFO  server.GrpcServerProtocolClient (GrpcServerProtocolClient.java:close(103)) - s0 Close channels
2023-11-28 06:43:24,436 [grpc-default-executor-3] INFO  server.GrpcLogAppender (GrpcLogAppender.java:onCompleted(469)) - s0@group-FC4214F7AD5F->s2-AppendLogResponseHandler: follower responses appendEntries COMPLETED
2023-11-28 06:43:24,441 [Thread-71] INFO  server.GrpcServerProtocolClient (GrpcServerProtocolClient.java:close(103)) - s2 Close channels
2023-11-28 06:43:24,446 [MiniRaftCluster-2] INFO  server.GrpcService (GrpcService.java:closeImpl(320)) - s1: shutdown server org.apache.ratis.grpc.server.GrpcClientProtocolService successfully
2023-11-28 06:43:24,446 [MiniRaftCluster-2] INFO  server.GrpcService (GrpcService.java:closeImpl(311)) - s1: shutdown server GrpcServerProtocolService now
2023-11-28 06:43:24,452 [Thread-72] INFO  server.GrpcServerProtocolClient (GrpcServerProtocolClient.java:close(103)) - s0 Close channels
2023-11-28 06:43:24,452 [Thread-74] INFO  server.GrpcServerProtocolClient (GrpcServerProtocolClient.java:close(103)) - s1 Close channels
2023-11-28 06:43:24,452 [Thread-76] INFO  server.GrpcServerProtocolClient (GrpcServerProtocolClient.java:close(103)) - s2 Close channels
2023-11-28 06:43:24,452 [Thread-75] INFO  server.GrpcServerProtocolClient (GrpcServerProtocolClient.java:close(103)) - s1 Close channels
2023-11-28 06:43:24,454 [s0-impl-thread1] INFO  impl.StateMachineUpdater (StateMachineUpdater.java:stopAndJoin(157)) - s0@group-FC4214F7AD5F-StateMachineUpdater: set stopIndex = 4
2023-11-28 06:43:24,454 [MiniRaftCluster-2] INFO  server.GrpcService (GrpcService.java:closeImpl(320)) - s1: shutdown server GrpcServerProtocolService successfully
2023-11-28 06:43:24,454 [MiniRaftCluster-2] INFO  server.GrpcService (GrpcService.java:closeImpl(311)) - s1: shutdown server org.apache.ratis.grpc.server.GrpcAdminProtocolService now
2023-11-28 06:43:24,454 [s0-impl-thread1] INFO  server.RaftServer$Division (ServerState.java:close(423)) - s0@group-FC4214F7AD5F: applyIndex: 4
2023-11-28 06:43:24,455 [s0@group-FC4214F7AD5F-cacheEviction-AwaitToRun] INFO  util.AwaitToRun (AwaitToRun.java:run(49)) - s0@group-FC4214F7AD5F-cacheEviction-AwaitToRun-AwaitForSignal is interrupted
2023-11-28 06:43:24,455 [MiniRaftCluster-3] INFO  server.GrpcService (GrpcService.java:closeImpl(320)) - s2: shutdown server org.apache.ratis.grpc.server.GrpcClientProtocolService successfully
2023-11-28 06:43:24,455 [MiniRaftCluster-3] INFO  server.GrpcService (GrpcService.java:closeImpl(311)) - s2: shutdown server GrpcServerProtocolService now
2023-11-28 06:43:24,457 [MiniRaftCluster-2] INFO  server.GrpcService (GrpcService.java:closeImpl(320)) - s1: shutdown server org.apache.ratis.grpc.server.GrpcAdminProtocolService successfully
2023-11-28 06:43:24,460 [MiniRaftCluster-1] INFO  server.GrpcService (GrpcService.java:closeImpl(320)) - s0: shutdown server org.apache.ratis.grpc.server.GrpcClientProtocolService successfully
2023-11-28 06:43:24,460 [MiniRaftCluster-1] INFO  server.GrpcService (GrpcService.java:closeImpl(311)) - s0: shutdown server GrpcServerProtocolService now
2023-11-28 06:43:24,461 [MiniRaftCluster-3] INFO  server.GrpcService (GrpcService.java:closeImpl(320)) - s2: shutdown server GrpcServerProtocolService successfully
2023-11-28 06:43:24,461 [MiniRaftCluster-3] INFO  server.GrpcService (GrpcService.java:closeImpl(311)) - s2: shutdown server org.apache.ratis.grpc.server.GrpcAdminProtocolService now
2023-11-28 06:43:24,464 [MiniRaftCluster-3] INFO  server.GrpcService (GrpcService.java:closeImpl(320)) - s2: shutdown server org.apache.ratis.grpc.server.GrpcAdminProtocolService successfully
2023-11-28 06:43:24,465 [MiniRaftCluster-1] INFO  server.GrpcService (GrpcService.java:closeImpl(320)) - s0: shutdown server GrpcServerProtocolService successfully
2023-11-28 06:43:24,465 [MiniRaftCluster-1] INFO  server.GrpcService (GrpcService.java:closeImpl(311)) - s0: shutdown server org.apache.ratis.grpc.server.GrpcAdminProtocolService now
2023-11-28 06:43:24,466 [MiniRaftCluster-1] INFO  server.GrpcService (GrpcService.java:closeImpl(320)) - s0: shutdown server org.apache.ratis.grpc.server.GrpcAdminProtocolService successfully
2023-11-28 06:43:25,416 [s0-impl-thread1] INFO  segmented.SegmentedRaftLogWorker (SegmentedRaftLogWorker.java:close(245)) - s0@group-FC4214F7AD5F-SegmentedRaftLogWorker close()
2023-11-28 06:43:25,417 [JvmPauseMonitor0] INFO  util.JvmPauseMonitor (JvmPauseMonitor.java:run(152)) - JvmPauseMonitor-s0: Stopped
2023-11-28 06:43:25,418 [s1-impl-thread1] INFO  segmented.SegmentedRaftLogWorker (SegmentedRaftLogWorker.java:close(245)) - s1@group-FC4214F7AD5F-SegmentedRaftLogWorker close()
2023-11-28 06:43:25,418 [s2-impl-thread1] INFO  segmented.SegmentedRaftLogWorker (SegmentedRaftLogWorker.java:close(245)) - s2@group-FC4214F7AD5F-SegmentedRaftLogWorker close()
2023-11-28 06:43:25,419 [JvmPauseMonitor2] INFO  util.JvmPauseMonitor (JvmPauseMonitor.java:run(152)) - JvmPauseMonitor-s2: Stopped
2023-11-28 06:43:25,420 [JvmPauseMonitor1] INFO  util.JvmPauseMonitor (JvmPauseMonitor.java:run(152)) - JvmPauseMonitor-s1: Stopped
2023-11-28 06:43:25,420 [Time-limited test] INFO  impl.MiniRaftCluster (MiniRaftCluster.java:shutdown(855)) - MiniRaftClusterWithGrpc shutdown completed
]]></system-out>
  </testcase>
  <testcase name="testInvalidateRepliedCalls" classname="org.apache.ratis.grpc.TestRetryCacheWithGrpc" time="1.707">
    <failure message="expected null, but was:&lt;5@client-23DA7E6A7FE2:done&gt;" type="java.lang.AssertionError"><![CDATA[java.lang.AssertionError: expected null, but was:<5@client-23DA7E6A7FE2:done>
	at org.junit.Assert.fail(Assert.java:89)
	at org.junit.Assert.failNotNull(Assert.java:756)
	at org.junit.Assert.assertNull(Assert.java:738)
	at org.junit.Assert.assertNull(Assert.java:748)
	at org.apache.ratis.grpc.TestRetryCacheWithGrpc$InvalidateRepliedCallsTest.assertRetryCacheEntry(TestRetryCacheWithGrpc.java:88)
	at org.apache.ratis.grpc.TestRetryCacheWithGrpc$InvalidateRepliedCallsTest.run(TestRetryCacheWithGrpc.java:132)
	at org.apache.ratis.grpc.TestRetryCacheWithGrpc.lambda$testInvalidateRepliedCalls$0(TestRetryCacheWithGrpc.java:61)
	at org.apache.ratis.server.impl.MiniRaftCluster$Factory$Get.runWithNewCluster(MiniRaftCluster.java:141)
	at org.apache.ratis.server.impl.MiniRaftCluster$Factory$Get.runWithNewCluster(MiniRaftCluster.java:121)
	at org.apache.ratis.grpc.TestRetryCacheWithGrpc.testInvalidateRepliedCalls(TestRetryCacheWithGrpc.java:61)
	at java.base/jdk.internal.reflect.NativeMethodAccessorImpl.invoke0(Native Method)
	at java.base/jdk.internal.reflect.NativeMethodAccessorImpl.invoke(NativeMethodAccessorImpl.java:62)
	at java.base/jdk.internal.reflect.DelegatingMethodAccessorImpl.invoke(DelegatingMethodAccessorImpl.java:43)
	at java.base/java.lang.reflect.Method.invoke(Method.java:566)
	at org.junit.runners.model.FrameworkMethod$1.runReflectiveCall(FrameworkMethod.java:59)
	at org.junit.internal.runners.model.ReflectiveCallable.run(ReflectiveCallable.java:12)
	at org.junit.runners.model.FrameworkMethod.invokeExplosively(FrameworkMethod.java:56)
	at org.junit.internal.runners.statements.InvokeMethod.evaluate(InvokeMethod.java:17)
	at org.junit.internal.runners.statements.RunAfters.evaluate(RunAfters.java:27)
	at org.junit.internal.runners.statements.FailOnTimeout$CallableStatement.call(FailOnTimeout.java:299)
	at org.junit.internal.runners.statements.FailOnTimeout$CallableStatement.call(FailOnTimeout.java:293)
	at java.base/java.util.concurrent.FutureTask.run(FutureTask.java:264)
	at java.base/java.lang.Thread.run(Thread.java:829)
]]></failure>
    <system-out><![CDATA[2023-11-28 06:43:25,422 [main] INFO  util.LogUtils (Slf4jUtils.java:setLogLevel(38)) - Successfully set org.apache.ratis.conf.ConfUtils log level to WARN
2023-11-28 06:43:25,422 [main] INFO  util.LogUtils (Slf4jUtils.java:setLogLevel(38)) - Successfully set org.apache.ratis.util.FileUtils log level to TRACE
2023-11-28 06:43:25,422 [main] INFO  util.LogUtils (Slf4jUtils.java:setLogLevel(38)) - Successfully set org.apache.ratis.server.RetryCache log level to TRACE
2023-11-28 06:43:25,423 [Time-limited test] INFO  impl.MiniRaftCluster (MiniRaftCluster.java:runWithNewCluster(135)) - Running runWithNewCluster
2023-11-28 06:43:25,423 [Time-limited test] INFO  impl.MiniRaftCluster (MiniRaftCluster.java:<init>(306)) - new MiniRaftClusterWithGrpc with group-9F468C9C58F9:[s0|localhost:37071, s1|localhost:46337, s2|localhost:34801]
2023-11-28 06:43:25,423 [Time-limited test] INFO  impl.MiniRaftCluster (MiniRaftCluster.java:start(339)) - .............................................................. 
2023-11-28 06:43:25,424 [Time-limited test] INFO  impl.MiniRaftCluster (MiniRaftCluster.java:start(340)) - ... 
2023-11-28 06:43:25,424 [Time-limited test] INFO  impl.MiniRaftCluster (MiniRaftCluster.java:start(341)) - ...     Starting MiniRaftClusterWithGrpc
2023-11-28 06:43:25,424 [Time-limited test] INFO  impl.MiniRaftCluster (MiniRaftCluster.java:start(342)) - ... 
2023-11-28 06:43:25,424 [Time-limited test] INFO  impl.MiniRaftCluster (MiniRaftCluster.java:start(343)) - .............................................................. 
2023-11-28 06:43:25,424 [Time-limited test] INFO  impl.MiniRaftCluster (MiniRaftCluster.java:initServers(318)) - servers = {}
2023-11-28 06:43:25,424 [Time-limited test] INFO  impl.MiniRaftCluster (MiniRaftCluster.java:newRaftServer(382)) - newRaftServer: s0, group-9F468C9C58F9:[s0|localhost:37071, s1|localhost:46337, s2|localhost:34801], format? true
2023-11-28 06:43:25,424 [Time-limited test] TRACE util.FileUtils (FileUtils.java:deleteFully(305)) - deleteFully target/test/data/cc86e3b/MiniRaftClusterWithGrpcc3739894/s0
2023-11-28 06:43:25,424 [Time-limited test] TRACE util.FileUtils (FileUtils.java:deleteFully(318)) - deleteFully: target/test/data/cc86e3b/MiniRaftClusterWithGrpcc3739894/s0 does not exist.
2023-11-28 06:43:25,424 [Time-limited test] INFO  impl.MiniRaftCluster (MiniRaftCluster.java:newRaftServer(387)) - Formatted directory target/test/data/cc86e3b/MiniRaftClusterWithGrpcc3739894/s0
2023-11-28 06:43:25,424 [Time-limited test] INFO  server.RaftServer (ConfUtils.java:logGet(46)) - raft.rpc.type = GRPC (default)
2023-11-28 06:43:25,424 [Time-limited test] INFO  grpc.GrpcConfigKeys (ConfUtils.java:logFallback(53)) - raft.grpc.admin.host = null (fallback to raft.grpc.server.host)
2023-11-28 06:43:25,424 [Time-limited test] INFO  grpc.GrpcConfigKeys (ConfUtils.java:logGet(46)) - raft.grpc.admin.port = 38243 (custom)
2023-11-28 06:43:25,424 [Time-limited test] INFO  grpc.GrpcConfigKeys (ConfUtils.java:logFallback(53)) - raft.grpc.client.host = null (fallback to raft.grpc.server.host)
2023-11-28 06:43:25,425 [Time-limited test] INFO  grpc.GrpcConfigKeys (ConfUtils.java:logGet(46)) - raft.grpc.client.port = 43007 (custom)
2023-11-28 06:43:25,425 [Time-limited test] INFO  grpc.GrpcConfigKeys (ConfUtils.java:logGet(46)) - raft.grpc.server.host = null (default)
2023-11-28 06:43:25,425 [Time-limited test] INFO  grpc.GrpcConfigKeys (ConfUtils.java:logGet(46)) - raft.grpc.server.port = 37071 (custom)
2023-11-28 06:43:25,425 [Time-limited test] INFO  server.GrpcService (ConfUtils.java:logGet(46)) - raft.grpc.message.size.max = 64MB (=67108864) (default)
2023-11-28 06:43:25,425 [Time-limited test] INFO  server.RaftServerConfigKeys (ConfUtils.java:logGet(46)) - raft.server.log.appender.buffer.byte-limit = 4MB (=4194304) (default)
2023-11-28 06:43:25,425 [Time-limited test] INFO  server.GrpcService (ConfUtils.java:logGet(46)) - raft.grpc.flow.control.window = 1MB (=1048576) (default)
2023-11-28 06:43:25,425 [Time-limited test] INFO  server.RaftServerConfigKeys (ConfUtils.java:logGet(46)) - raft.server.rpc.request.timeout = 3000ms (default)
2023-11-28 06:43:25,425 [Time-limited test] INFO  grpc.GrpcConfigKeys (ConfUtils.java:logGet(46)) - raft.grpc.server.heartbeat.channel = true (default)
2023-11-28 06:43:25,426 [Time-limited test] INFO  grpc.GrpcConfigKeys (ConfUtils.java:logGet(46)) - raft.grpc.server.async.request.thread.pool.cached = true (default)
2023-11-28 06:43:25,426 [Time-limited test] INFO  grpc.GrpcConfigKeys (ConfUtils.java:logGet(46)) - raft.grpc.server.async.request.thread.pool.size = 32 (default)
2023-11-28 06:43:25,427 [Time-limited test] INFO  impl.DataStreamServerImpl (ConfUtils.java:logGet(46)) - raft.datastream.type = DISABLED (default)
2023-11-28 06:43:25,427 [Time-limited test] INFO  server.RaftServerConfigKeys (ConfUtils.java:logGet(46)) - raft.server.sleep.deviation.threshold = 300ms (default)
2023-11-28 06:43:25,427 [Time-limited test] INFO  server.RaftServerConfigKeys (ConfUtils.java:logGet(46)) - raft.server.close.threshold = 60s (default)
2023-11-28 06:43:25,427 [Time-limited test] INFO  server.RaftServerConfigKeys (ConfUtils.java:logGet(46)) - raft.server.leaderelection.leader.step-down.wait-time = 10s (default)
2023-11-28 06:43:25,427 [Time-limited test] INFO  server.RaftServerConfigKeys (ConfUtils.java:logGet(46)) - raft.server.storage.dir = [/home/runner/work/ratis/ratis/ratis-test/target/test/data/cc86e3b/MiniRaftClusterWithGrpcc3739894/s0] (custom)
2023-11-28 06:43:25,428 [Time-limited test] INFO  server.RaftServerConfigKeys (ConfUtils.java:logGet(46)) - raft.server.threadpool.proxy.cached = true (default)
2023-11-28 06:43:25,428 [Time-limited test] INFO  server.RaftServerConfigKeys (ConfUtils.java:logGet(46)) - raft.server.threadpool.proxy.size = 0 (default)
2023-11-28 06:43:25,428 [Time-limited test] INFO  server.RaftServer (RaftServerProxy.java:addNew(100)) - s0: addNew group-9F468C9C58F9:[s0|localhost:37071, s1|localhost:46337, s2|localhost:34801] returns group-9F468C9C58F9:java.util.concurrent.CompletableFuture@798aedfc[Not completed]
2023-11-28 06:43:25,428 [Time-limited test] INFO  impl.MiniRaftCluster (MiniRaftCluster.java:newRaftServer(382)) - newRaftServer: s1, group-9F468C9C58F9:[s0|localhost:37071, s1|localhost:46337, s2|localhost:34801], format? true
2023-11-28 06:43:25,428 [Time-limited test] TRACE util.FileUtils (FileUtils.java:deleteFully(305)) - deleteFully target/test/data/cc86e3b/MiniRaftClusterWithGrpcc3739894/s1
2023-11-28 06:43:25,428 [s0-groupManagement] INFO  server.RaftServerConfigKeys (ConfUtils.java:logGet(46)) - raft.server.log.segment.size.max = 32MB (=33554432) (default)
2023-11-28 06:43:25,428 [Time-limited test] TRACE util.FileUtils (FileUtils.java:deleteFully(318)) - deleteFully: target/test/data/cc86e3b/MiniRaftClusterWithGrpcc3739894/s1 does not exist.
2023-11-28 06:43:25,428 [s0-groupManagement] INFO  server.RaftServerConfigKeys (ConfUtils.java:logGet(46)) - raft.server.log.preallocated.size = 4MB (=4194304) (default)
2023-11-28 06:43:25,428 [Time-limited test] INFO  impl.MiniRaftCluster (MiniRaftCluster.java:newRaftServer(387)) - Formatted directory target/test/data/cc86e3b/MiniRaftClusterWithGrpcc3739894/s1
2023-11-28 06:43:25,428 [s0-groupManagement] INFO  server.RaftServerConfigKeys (ConfUtils.java:logGet(46)) - raft.server.log.write.buffer.size = 8MB (=8388608) (default)
2023-11-28 06:43:25,429 [s0-groupManagement] INFO  server.RaftServer$Division (RaftServerImpl.java:<init>(256)) - s0: new RaftServerImpl for group-9F468C9C58F9:[s0|localhost:37071, s1|localhost:46337, s2|localhost:34801] with SimpleStateMachine4Testing:uninitialized
2023-11-28 06:43:25,429 [s0-groupManagement] INFO  server.RaftServerConfigKeys (ConfUtils.java:logGet(46)) - raft.server.rpc.timeout.min = 150ms (default)
2023-11-28 06:43:25,429 [Time-limited test] INFO  server.RaftServer (ConfUtils.java:logGet(46)) - raft.rpc.type = GRPC (default)
2023-11-28 06:43:25,429 [s0-groupManagement] INFO  server.RaftServerConfigKeys (ConfUtils.java:logGet(46)) - raft.server.rpc.timeout.max = 300ms (default)
2023-11-28 06:43:25,429 [Time-limited test] INFO  grpc.GrpcConfigKeys (ConfUtils.java:logFallback(53)) - raft.grpc.admin.host = null (fallback to raft.grpc.server.host)
2023-11-28 06:43:25,429 [s0-groupManagement] INFO  server.RaftServerConfigKeys (ConfUtils.java:logGet(46)) - raft.server.rpc.sleep.time = 25ms (default)
2023-11-28 06:43:25,429 [Time-limited test] INFO  grpc.GrpcConfigKeys (ConfUtils.java:logGet(46)) - raft.grpc.admin.port = 41687 (custom)
2023-11-28 06:43:25,429 [s0-groupManagement] INFO  server.RaftServerConfigKeys (ConfUtils.java:logGet(46)) - raft.server.rpc.slowness.timeout = 60s (default)
2023-11-28 06:43:25,429 [Time-limited test] INFO  grpc.GrpcConfigKeys (ConfUtils.java:logFallback(53)) - raft.grpc.client.host = null (fallback to raft.grpc.server.host)
2023-11-28 06:43:25,429 [s0-groupManagement] INFO  server.RaftServerConfigKeys (ConfUtils.java:logGet(46)) - raft.server.leaderelection.leader.step-down.wait-time = 10s (default)
2023-11-28 06:43:25,429 [Time-limited test] INFO  grpc.GrpcConfigKeys (ConfUtils.java:logGet(46)) - raft.grpc.client.port = 37939 (custom)
2023-11-28 06:43:25,429 [s0-groupManagement] INFO  server.RaftServerConfigKeys (ConfUtils.java:logGet(46)) - raft.server.leaderelection.member.majority-add = false (default)
2023-11-28 06:43:25,429 [Time-limited test] INFO  grpc.GrpcConfigKeys (ConfUtils.java:logGet(46)) - raft.grpc.server.host = null (default)
2023-11-28 06:43:25,429 [s0-groupManagement] INFO  server.RaftServerConfigKeys (ConfUtils.java:logGet(46)) - raft.server.sleep.deviation.threshold = 300ms (default)
2023-11-28 06:43:25,429 [Time-limited test] INFO  grpc.GrpcConfigKeys (ConfUtils.java:logGet(46)) - raft.grpc.server.port = 46337 (custom)
2023-11-28 06:43:25,429 [s0-groupManagement] INFO  server.RaftServer$Division (ServerState.java:<init>(113)) - s0@group-9F468C9C58F9: ConfigurationManager, init=-1: peers:[s0|localhost:37071, s1|localhost:46337, s2|localhost:34801]|listeners:[], old=null, confs=<EMPTY_MAP>
2023-11-28 06:43:25,430 [Time-limited test] INFO  server.GrpcService (ConfUtils.java:logGet(46)) - raft.grpc.message.size.max = 64MB (=67108864) (default)
2023-11-28 06:43:25,430 [s0-groupManagement] INFO  server.RaftServerConfigKeys (ConfUtils.java:logGet(46)) - raft.server.notification.no-leader.timeout = 60s (default)
2023-11-28 06:43:25,430 [Time-limited test] INFO  server.RaftServerConfigKeys (ConfUtils.java:logGet(46)) - raft.server.log.appender.buffer.byte-limit = 4MB (=4194304) (default)
2023-11-28 06:43:25,430 [s0-groupManagement] INFO  server.RaftServerConfigKeys (ConfUtils.java:logGet(46)) - raft.server.read.timeout = 10s (default)
2023-11-28 06:43:25,430 [Time-limited test] INFO  server.GrpcService (ConfUtils.java:logGet(46)) - raft.grpc.flow.control.window = 1MB (=1048576) (default)
2023-11-28 06:43:25,430 [s0-groupManagement] INFO  server.RaftServerConfigKeys (ConfUtils.java:logGet(46)) - raft.server.retrycache.expirytime = 60s (default)
2023-11-28 06:43:25,430 [Time-limited test] INFO  server.RaftServerConfigKeys (ConfUtils.java:logGet(46)) - raft.server.rpc.request.timeout = 3000ms (default)
2023-11-28 06:43:25,430 [s0-groupManagement] INFO  server.RaftServerConfigKeys (ConfUtils.java:logGet(46)) - raft.server.retrycache.statistics.expirytime = 100ms (default)
2023-11-28 06:43:25,430 [Time-limited test] INFO  grpc.GrpcConfigKeys (ConfUtils.java:logGet(46)) - raft.grpc.server.heartbeat.channel = true (default)
2023-11-28 06:43:25,430 [s0-groupManagement] INFO  server.RaftServerConfigKeys (ConfUtils.java:logGet(46)) - raft.server.read.option = DEFAULT (default)
2023-11-28 06:43:25,430 [Time-limited test] INFO  grpc.GrpcConfigKeys (ConfUtils.java:logGet(46)) - raft.grpc.server.async.request.thread.pool.cached = true (default)
2023-11-28 06:43:25,430 [s0-groupManagement] INFO  server.RaftServerConfigKeys (ConfUtils.java:logGet(46)) - raft.server.read.read-after-write-consistent.write-index-cache.expiry-time = 60s (default)
2023-11-28 06:43:25,430 [Time-limited test] INFO  grpc.GrpcConfigKeys (ConfUtils.java:logGet(46)) - raft.grpc.server.async.request.thread.pool.size = 32 (default)
2023-11-28 06:43:25,431 [Time-limited test] INFO  impl.DataStreamServerImpl (ConfUtils.java:logGet(46)) - raft.datastream.type = DISABLED (default)
2023-11-28 06:43:25,431 [Time-limited test] INFO  server.RaftServerConfigKeys (ConfUtils.java:logGet(46)) - raft.server.sleep.deviation.threshold = 300ms (default)
2023-11-28 06:43:25,431 [Time-limited test] INFO  server.RaftServerConfigKeys (ConfUtils.java:logGet(46)) - raft.server.close.threshold = 60s (default)
2023-11-28 06:43:25,431 [Time-limited test] INFO  server.RaftServerConfigKeys (ConfUtils.java:logGet(46)) - raft.server.leaderelection.leader.step-down.wait-time = 10s (default)
2023-11-28 06:43:25,432 [Time-limited test] INFO  server.RaftServerConfigKeys (ConfUtils.java:logGet(46)) - raft.server.storage.dir = [/home/runner/work/ratis/ratis/ratis-test/target/test/data/cc86e3b/MiniRaftClusterWithGrpcc3739894/s1] (custom)
2023-11-28 06:43:25,432 [Time-limited test] INFO  server.RaftServerConfigKeys (ConfUtils.java:logGet(46)) - raft.server.threadpool.proxy.cached = true (default)
2023-11-28 06:43:25,432 [Time-limited test] INFO  server.RaftServerConfigKeys (ConfUtils.java:logGet(46)) - raft.server.threadpool.proxy.size = 0 (default)
2023-11-28 06:43:25,432 [Time-limited test] INFO  server.RaftServer (RaftServerProxy.java:addNew(100)) - s1: addNew group-9F468C9C58F9:[s0|localhost:37071, s1|localhost:46337, s2|localhost:34801] returns group-9F468C9C58F9:java.util.concurrent.CompletableFuture@376eecaf[Not completed]
2023-11-28 06:43:25,432 [s0-groupManagement] INFO  server.RaftServerConfigKeys (ConfUtils.java:logGet(46)) - raft.server.rpc.request.timeout = 3000ms (default)
2023-11-28 06:43:25,432 [Time-limited test] INFO  impl.MiniRaftCluster (MiniRaftCluster.java:newRaftServer(382)) - newRaftServer: s2, group-9F468C9C58F9:[s0|localhost:37071, s1|localhost:46337, s2|localhost:34801], format? true
2023-11-28 06:43:25,432 [s0-groupManagement] INFO  server.RaftServerConfigKeys (ConfUtils.java:logGet(46)) - raft.server.log.appender.install.snapshot.enabled = true (default)
2023-11-28 06:43:25,432 [Time-limited test] TRACE util.FileUtils (FileUtils.java:deleteFully(305)) - deleteFully target/test/data/cc86e3b/MiniRaftClusterWithGrpcc3739894/s2
2023-11-28 06:43:25,432 [s0-groupManagement] INFO  server.RaftServerConfigKeys (ConfUtils.java:logGet(46)) - raft.server.threadpool.server.cached = true (default)
2023-11-28 06:43:25,432 [Time-limited test] TRACE util.FileUtils (FileUtils.java:deleteFully(318)) - deleteFully: target/test/data/cc86e3b/MiniRaftClusterWithGrpcc3739894/s2 does not exist.
2023-11-28 06:43:25,432 [s0-groupManagement] INFO  server.RaftServerConfigKeys (ConfUtils.java:logGet(46)) - raft.server.threadpool.server.size = 0 (default)
2023-11-28 06:43:25,433 [Time-limited test] INFO  impl.MiniRaftCluster (MiniRaftCluster.java:newRaftServer(387)) - Formatted directory target/test/data/cc86e3b/MiniRaftClusterWithGrpcc3739894/s2
2023-11-28 06:43:25,433 [s0-groupManagement] INFO  server.RaftServerConfigKeys (ConfUtils.java:logGet(46)) - raft.server.threadpool.client.cached = true (default)
2023-11-28 06:43:25,433 [s0-groupManagement] INFO  server.RaftServerConfigKeys (ConfUtils.java:logGet(46)) - raft.server.threadpool.client.size = 0 (default)
2023-11-28 06:43:25,433 [Time-limited test] INFO  server.RaftServer (ConfUtils.java:logGet(46)) - raft.rpc.type = GRPC (default)
2023-11-28 06:43:25,433 [Time-limited test] INFO  grpc.GrpcConfigKeys (ConfUtils.java:logFallback(53)) - raft.grpc.admin.host = null (fallback to raft.grpc.server.host)
2023-11-28 06:43:25,433 [Time-limited test] INFO  grpc.GrpcConfigKeys (ConfUtils.java:logGet(46)) - raft.grpc.admin.port = 36607 (custom)
2023-11-28 06:43:25,433 [Time-limited test] INFO  grpc.GrpcConfigKeys (ConfUtils.java:logFallback(53)) - raft.grpc.client.host = null (fallback to raft.grpc.server.host)
2023-11-28 06:43:25,433 [Time-limited test] INFO  grpc.GrpcConfigKeys (ConfUtils.java:logGet(46)) - raft.grpc.client.port = 37249 (custom)
2023-11-28 06:43:25,433 [Time-limited test] INFO  grpc.GrpcConfigKeys (ConfUtils.java:logGet(46)) - raft.grpc.server.host = null (default)
2023-11-28 06:43:25,433 [Time-limited test] INFO  grpc.GrpcConfigKeys (ConfUtils.java:logGet(46)) - raft.grpc.server.port = 34801 (custom)
2023-11-28 06:43:25,433 [Time-limited test] INFO  server.GrpcService (ConfUtils.java:logGet(46)) - raft.grpc.message.size.max = 64MB (=67108864) (default)
2023-11-28 06:43:25,434 [Time-limited test] INFO  server.RaftServerConfigKeys (ConfUtils.java:logGet(46)) - raft.server.log.appender.buffer.byte-limit = 4MB (=4194304) (default)
2023-11-28 06:43:25,434 [Time-limited test] INFO  server.GrpcService (ConfUtils.java:logGet(46)) - raft.grpc.flow.control.window = 1MB (=1048576) (default)
2023-11-28 06:43:25,434 [s1-groupManagement] INFO  server.RaftServerConfigKeys (ConfUtils.java:logGet(46)) - raft.server.log.segment.size.max = 32MB (=33554432) (default)
2023-11-28 06:43:25,434 [Time-limited test] INFO  server.RaftServerConfigKeys (ConfUtils.java:logGet(46)) - raft.server.rpc.request.timeout = 3000ms (default)
2023-11-28 06:43:25,434 [s1-groupManagement] INFO  server.RaftServerConfigKeys (ConfUtils.java:logGet(46)) - raft.server.log.preallocated.size = 4MB (=4194304) (default)
2023-11-28 06:43:25,434 [Time-limited test] INFO  grpc.GrpcConfigKeys (ConfUtils.java:logGet(46)) - raft.grpc.server.heartbeat.channel = true (default)
2023-11-28 06:43:25,434 [s1-groupManagement] INFO  server.RaftServerConfigKeys (ConfUtils.java:logGet(46)) - raft.server.log.write.buffer.size = 8MB (=8388608) (default)
2023-11-28 06:43:25,434 [Time-limited test] INFO  grpc.GrpcConfigKeys (ConfUtils.java:logGet(46)) - raft.grpc.server.async.request.thread.pool.cached = true (default)
2023-11-28 06:43:25,434 [s1-groupManagement] INFO  server.RaftServer$Division (RaftServerImpl.java:<init>(256)) - s1: new RaftServerImpl for group-9F468C9C58F9:[s0|localhost:37071, s1|localhost:46337, s2|localhost:34801] with SimpleStateMachine4Testing:uninitialized
2023-11-28 06:43:25,434 [Time-limited test] INFO  grpc.GrpcConfigKeys (ConfUtils.java:logGet(46)) - raft.grpc.server.async.request.thread.pool.size = 32 (default)
2023-11-28 06:43:25,434 [s1-groupManagement] INFO  server.RaftServerConfigKeys (ConfUtils.java:logGet(46)) - raft.server.rpc.timeout.min = 150ms (default)
2023-11-28 06:43:25,434 [s1-groupManagement] INFO  server.RaftServerConfigKeys (ConfUtils.java:logGet(46)) - raft.server.rpc.timeout.max = 300ms (default)
2023-11-28 06:43:25,434 [s1-groupManagement] INFO  server.RaftServerConfigKeys (ConfUtils.java:logGet(46)) - raft.server.rpc.sleep.time = 25ms (default)
2023-11-28 06:43:25,435 [s1-groupManagement] INFO  server.RaftServerConfigKeys (ConfUtils.java:logGet(46)) - raft.server.rpc.slowness.timeout = 60s (default)
2023-11-28 06:43:25,435 [s1-groupManagement] INFO  server.RaftServerConfigKeys (ConfUtils.java:logGet(46)) - raft.server.leaderelection.leader.step-down.wait-time = 10s (default)
2023-11-28 06:43:25,435 [s1-groupManagement] INFO  server.RaftServerConfigKeys (ConfUtils.java:logGet(46)) - raft.server.leaderelection.member.majority-add = false (default)
2023-11-28 06:43:25,435 [s1-groupManagement] INFO  server.RaftServerConfigKeys (ConfUtils.java:logGet(46)) - raft.server.sleep.deviation.threshold = 300ms (default)
2023-11-28 06:43:25,435 [s1-groupManagement] INFO  server.RaftServer$Division (ServerState.java:<init>(113)) - s1@group-9F468C9C58F9: ConfigurationManager, init=-1: peers:[s0|localhost:37071, s1|localhost:46337, s2|localhost:34801]|listeners:[], old=null, confs=<EMPTY_MAP>
2023-11-28 06:43:25,435 [s1-groupManagement] INFO  server.RaftServerConfigKeys (ConfUtils.java:logGet(46)) - raft.server.notification.no-leader.timeout = 60s (default)
2023-11-28 06:43:25,435 [s1-groupManagement] INFO  server.RaftServerConfigKeys (ConfUtils.java:logGet(46)) - raft.server.read.timeout = 10s (default)
2023-11-28 06:43:25,435 [s1-groupManagement] INFO  server.RaftServerConfigKeys (ConfUtils.java:logGet(46)) - raft.server.retrycache.expirytime = 60s (default)
2023-11-28 06:43:25,435 [s1-groupManagement] INFO  server.RaftServerConfigKeys (ConfUtils.java:logGet(46)) - raft.server.retrycache.statistics.expirytime = 100ms (default)
2023-11-28 06:43:25,435 [s1-groupManagement] INFO  server.RaftServerConfigKeys (ConfUtils.java:logGet(46)) - raft.server.read.option = DEFAULT (default)
2023-11-28 06:43:25,435 [s1-groupManagement] INFO  server.RaftServerConfigKeys (ConfUtils.java:logGet(46)) - raft.server.read.read-after-write-consistent.write-index-cache.expiry-time = 60s (default)
2023-11-28 06:43:25,435 [Time-limited test] INFO  impl.DataStreamServerImpl (ConfUtils.java:logGet(46)) - raft.datastream.type = DISABLED (default)
2023-11-28 06:43:25,436 [Time-limited test] INFO  server.RaftServerConfigKeys (ConfUtils.java:logGet(46)) - raft.server.sleep.deviation.threshold = 300ms (default)
2023-11-28 06:43:25,436 [Time-limited test] INFO  server.RaftServerConfigKeys (ConfUtils.java:logGet(46)) - raft.server.close.threshold = 60s (default)
2023-11-28 06:43:25,436 [Time-limited test] INFO  server.RaftServerConfigKeys (ConfUtils.java:logGet(46)) - raft.server.leaderelection.leader.step-down.wait-time = 10s (default)
2023-11-28 06:43:25,436 [Time-limited test] INFO  server.RaftServerConfigKeys (ConfUtils.java:logGet(46)) - raft.server.storage.dir = [/home/runner/work/ratis/ratis/ratis-test/target/test/data/cc86e3b/MiniRaftClusterWithGrpcc3739894/s2] (custom)
2023-11-28 06:43:25,436 [Time-limited test] INFO  server.RaftServerConfigKeys (ConfUtils.java:logGet(46)) - raft.server.threadpool.proxy.cached = true (default)
2023-11-28 06:43:25,436 [Time-limited test] INFO  server.RaftServerConfigKeys (ConfUtils.java:logGet(46)) - raft.server.threadpool.proxy.size = 0 (default)
2023-11-28 06:43:25,437 [s1-groupManagement] INFO  server.RaftServerConfigKeys (ConfUtils.java:logGet(46)) - raft.server.rpc.request.timeout = 3000ms (default)
2023-11-28 06:43:25,437 [s1-groupManagement] INFO  server.RaftServerConfigKeys (ConfUtils.java:logGet(46)) - raft.server.log.appender.install.snapshot.enabled = true (default)
2023-11-28 06:43:25,437 [s1-groupManagement] INFO  server.RaftServerConfigKeys (ConfUtils.java:logGet(46)) - raft.server.threadpool.server.cached = true (default)
2023-11-28 06:43:25,437 [s1-groupManagement] INFO  server.RaftServerConfigKeys (ConfUtils.java:logGet(46)) - raft.server.threadpool.server.size = 0 (default)
2023-11-28 06:43:25,437 [s1-groupManagement] INFO  server.RaftServerConfigKeys (ConfUtils.java:logGet(46)) - raft.server.threadpool.client.cached = true (default)
2023-11-28 06:43:25,438 [s1-groupManagement] INFO  server.RaftServerConfigKeys (ConfUtils.java:logGet(46)) - raft.server.threadpool.client.size = 0 (default)
2023-11-28 06:43:25,438 [Time-limited test] INFO  server.RaftServer (RaftServerProxy.java:addNew(100)) - s2: addNew group-9F468C9C58F9:[s0|localhost:37071, s1|localhost:46337, s2|localhost:34801] returns group-9F468C9C58F9:java.util.concurrent.CompletableFuture@6ca1d2b4[Not completed]
2023-11-28 06:43:25,438 [s0-impl-thread1] INFO  server.RaftServerConfigKeys (ConfUtils.java:logGet(46)) - raft.server.storage.free-space.min = 0MB (=0) (default)
2023-11-28 06:43:25,438 [s0-impl-thread1] INFO  server.RaftServerConfigKeys (ConfUtils.java:logGet(46)) - raft.server.log.corruption.policy = EXCEPTION (default)
2023-11-28 06:43:25,438 [s0-impl-thread1] INFO  server.RaftServerConfigKeys (ConfUtils.java:logGet(46)) - raft.server.storage.dir = [/home/runner/work/ratis/ratis/ratis-test/target/test/data/cc86e3b/MiniRaftClusterWithGrpcc3739894/s0] (custom)
2023-11-28 06:43:25,438 [s0-impl-thread1] INFO  storage.RaftStorageDirectory (RaftStorageDirectoryImpl.java:analyzeStorage(138)) - The storage directory /home/runner/work/ratis/ratis/ratis-test/target/test/data/cc86e3b/MiniRaftClusterWithGrpcc3739894/s0/4bf1160f-2005-4060-a5aa-9f468c9c58f9 does not exist. Creating ...
2023-11-28 06:43:25,439 [s0-impl-thread1] TRACE util.FileUtils (LogUtils.java:runAndLog(49)) - Successfully ran Files.createDirectories /home/runner/work/ratis/ratis/ratis-test/target/test/data/cc86e3b/MiniRaftClusterWithGrpcc3739894/s0/4bf1160f-2005-4060-a5aa-9f468c9c58f9
2023-11-28 06:43:25,438 [s2-groupManagement] INFO  server.RaftServerConfigKeys (ConfUtils.java:logGet(46)) - raft.server.log.segment.size.max = 32MB (=33554432) (default)
2023-11-28 06:43:25,439 [s2-groupManagement] INFO  server.RaftServerConfigKeys (ConfUtils.java:logGet(46)) - raft.server.log.preallocated.size = 4MB (=4194304) (default)
2023-11-28 06:43:25,439 [s2-groupManagement] INFO  server.RaftServerConfigKeys (ConfUtils.java:logGet(46)) - raft.server.log.write.buffer.size = 8MB (=8388608) (default)
2023-11-28 06:43:25,439 [s2-groupManagement] INFO  server.RaftServer$Division (RaftServerImpl.java:<init>(256)) - s2: new RaftServerImpl for group-9F468C9C58F9:[s0|localhost:37071, s1|localhost:46337, s2|localhost:34801] with SimpleStateMachine4Testing:uninitialized
2023-11-28 06:43:25,439 [s0-impl-thread1] INFO  storage.RaftStorageDirectory (RaftStorageDirectoryImpl.java:tryLock(232)) - Lock on /home/runner/work/ratis/ratis/ratis-test/target/test/data/cc86e3b/MiniRaftClusterWithGrpcc3739894/s0/4bf1160f-2005-4060-a5aa-9f468c9c58f9/in_use.lock acquired by nodename 4862@fv-az728-711
2023-11-28 06:43:25,440 [s0-impl-thread1] TRACE util.FileUtils (LogUtils.java:runAndLog(49)) - Successfully ran Files.createDirectories /home/runner/work/ratis/ratis/ratis-test/target/test/data/cc86e3b/MiniRaftClusterWithGrpcc3739894/s0/4bf1160f-2005-4060-a5aa-9f468c9c58f9/current
2023-11-28 06:43:25,440 [s0-impl-thread1] TRACE util.FileUtils (LogUtils.java:runAndLog(49)) - Successfully ran Files.createDirectories /home/runner/work/ratis/ratis/ratis-test/target/test/data/cc86e3b/MiniRaftClusterWithGrpcc3739894/s0/4bf1160f-2005-4060-a5aa-9f468c9c58f9/sm
2023-11-28 06:43:25,440 [s0-impl-thread1] TRACE util.FileUtils (LogUtils.java:supplyAndLog(69)) - Successfully supplied FileChannel.open /home/runner/work/ratis/ratis/ratis-test/target/test/data/cc86e3b/MiniRaftClusterWithGrpcc3739894/s0/4bf1160f-2005-4060-a5aa-9f468c9c58f9/current/raft-meta.tmp with options [CREATE, WRITE]: sun.nio.ch.FileChannelImpl@510e16bd
2023-11-28 06:43:25,440 [s2-groupManagement] INFO  server.RaftServerConfigKeys (ConfUtils.java:logGet(46)) - raft.server.rpc.timeout.min = 150ms (default)
2023-11-28 06:43:25,441 [s2-groupManagement] INFO  server.RaftServerConfigKeys (ConfUtils.java:logGet(46)) - raft.server.rpc.timeout.max = 300ms (default)
2023-11-28 06:43:25,441 [s2-groupManagement] INFO  server.RaftServerConfigKeys (ConfUtils.java:logGet(46)) - raft.server.rpc.sleep.time = 25ms (default)
2023-11-28 06:43:25,441 [s0-impl-thread1] TRACE util.FileUtils (LogUtils.java:runAndLog(49)) - Successfully ran Atomic Files.move /home/runner/work/ratis/ratis/ratis-test/target/test/data/cc86e3b/MiniRaftClusterWithGrpcc3739894/s0/4bf1160f-2005-4060-a5aa-9f468c9c58f9/current/raft-meta.tmp to /home/runner/work/ratis/ratis/ratis-test/target/test/data/cc86e3b/MiniRaftClusterWithGrpcc3739894/s0/4bf1160f-2005-4060-a5aa-9f468c9c58f9/current/raft-meta with options [REPLACE_EXISTING]
2023-11-28 06:43:25,441 [s0-impl-thread1] INFO  storage.RaftStorage (RaftStorageImpl.java:format(99)) - Storage directory /home/runner/work/ratis/ratis/ratis-test/target/test/data/cc86e3b/MiniRaftClusterWithGrpcc3739894/s0/4bf1160f-2005-4060-a5aa-9f468c9c58f9 has been successfully formatted.
2023-11-28 06:43:25,441 [s0-impl-thread1] TRACE util.FileUtils (LogUtils.java:supplyAndLog(61)) - Failed to Files.newInputStream /home/runner/work/ratis/ratis/ratis-test/target/test/data/cc86e3b/MiniRaftClusterWithGrpcc3739894/s0/4bf1160f-2005-4060-a5aa-9f468c9c58f9/current/raft-meta.conf with options []
java.nio.file.NoSuchFileException: /home/runner/work/ratis/ratis/ratis-test/target/test/data/cc86e3b/MiniRaftClusterWithGrpcc3739894/s0/4bf1160f-2005-4060-a5aa-9f468c9c58f9/current/raft-meta.conf
	at java.base/sun.nio.fs.UnixException.translateToIOException(UnixException.java:92)
	at java.base/sun.nio.fs.UnixException.rethrowAsIOException(UnixException.java:111)
	at java.base/sun.nio.fs.UnixException.rethrowAsIOException(UnixException.java:116)
	at java.base/sun.nio.fs.UnixFileSystemProvider.newByteChannel(UnixFileSystemProvider.java:219)
	at java.base/java.nio.file.Files.newByteChannel(Files.java:371)
	at java.base/java.nio.file.Files.newByteChannel(Files.java:422)
	at java.base/java.nio.file.spi.FileSystemProvider.newInputStream(FileSystemProvider.java:420)
	at java.base/java.nio.file.Files.newInputStream(Files.java:156)
	at org.apache.ratis.util.FileUtils.lambda$newInputStream$2(FileUtils.java:73)
	at org.apache.ratis.util.LogUtils.supplyAndLog(LogUtils.java:58)
	at org.apache.ratis.util.FileUtils.newInputStream(FileUtils.java:72)
	at org.apache.ratis.util.FileUtils.newInputStream(FileUtils.java:68)
	at org.apache.ratis.server.storage.RaftStorageImpl.readRaftConfiguration(RaftStorageImpl.java:156)
	at org.apache.ratis.server.impl.ServerState.initialize(ServerState.java:141)
	at org.apache.ratis.server.impl.RaftServerImpl.start(RaftServerImpl.java:388)
	at org.apache.ratis.util.ConcurrentUtils.accept(ConcurrentUtils.java:203)
	at org.apache.ratis.util.ConcurrentUtils.lambda$parallelForEachAsync$4(ConcurrentUtils.java:182)
	at java.base/java.util.concurrent.ThreadPoolExecutor.runWorker(ThreadPoolExecutor.java:1128)
	at java.base/java.util.concurrent.ThreadPoolExecutor$Worker.run(ThreadPoolExecutor.java:628)
	at java.base/java.lang.Thread.run(Thread.java:829)
2023-11-28 06:43:25,441 [s0-impl-thread1] INFO  impl.SimpleStateMachine4Testing (SimpleStateMachine4Testing.java:initialize(213)) - Initializing SimpleStateMachine4Testing:uninitialized
2023-11-28 06:43:25,442 [s0-impl-thread1] INFO  impl.SimpleStateMachine4Testing (SimpleStateMachine4Testing.java:loadSnapshot(296)) - Loading snapshot null
2023-11-28 06:43:25,442 [s0-impl-thread1] INFO  server.RaftServerConfigKeys (ConfUtils.java:logGet(46)) - raft.server.log.use.memory = false (default)
2023-11-28 06:43:25,442 [s0-impl-thread1] INFO  server.RaftServerConfigKeys (ConfUtils.java:logGet(46)) - raft.server.log.purge.gap = 1024 (default)
2023-11-28 06:43:25,442 [s0-impl-thread1] INFO  server.RaftServerConfigKeys (ConfUtils.java:logGet(46)) - raft.server.log.appender.buffer.byte-limit = 4MB (=4194304) (default)
2023-11-28 06:43:25,442 [s0-impl-thread1] INFO  server.RaftServerConfigKeys (ConfUtils.java:logGet(46)) - raft.server.log.statemachine.data.read.timeout = 1000ms (default)
2023-11-28 06:43:25,442 [s0-impl-thread1] INFO  server.RaftServerConfigKeys (ConfUtils.java:logGet(46)) - raft.server.log.purge.preservation.log.num = 0 (default)
2023-11-28 06:43:25,443 [s0-impl-thread1] INFO  server.RaftServerConfigKeys (ConfUtils.java:logGet(46)) - raft.server.log.segment.size.max = 32MB (=33554432) (default)
2023-11-28 06:43:25,443 [s0-impl-thread1] INFO  server.RaftServerConfigKeys (ConfUtils.java:logGet(46)) - raft.server.log.segment.cache.num.max = 6 (default)
2023-11-28 06:43:25,444 [s0-impl-thread1] INFO  server.RaftServerConfigKeys (ConfUtils.java:logGet(46)) - raft.server.log.segment.cache.size.max = 200MB (=209715200) (default)
2023-11-28 06:43:25,444 [s0-impl-thread1] INFO  server.RaftServerConfigKeys (ConfUtils.java:logGet(46)) - raft.server.log.appender.buffer.byte-limit = 4MB (=4194304) (default)
2023-11-28 06:43:25,444 [s2-groupManagement] INFO  server.RaftServerConfigKeys (ConfUtils.java:logGet(46)) - raft.server.rpc.slowness.timeout = 60s (default)
2023-11-28 06:43:25,444 [s2-groupManagement] INFO  server.RaftServerConfigKeys (ConfUtils.java:logGet(46)) - raft.server.leaderelection.leader.step-down.wait-time = 10s (default)
2023-11-28 06:43:25,444 [s2-groupManagement] INFO  server.RaftServerConfigKeys (ConfUtils.java:logGet(46)) - raft.server.leaderelection.member.majority-add = false (default)
2023-11-28 06:43:25,444 [s2-groupManagement] INFO  server.RaftServerConfigKeys (ConfUtils.java:logGet(46)) - raft.server.sleep.deviation.threshold = 300ms (default)
2023-11-28 06:43:25,444 [s2-groupManagement] INFO  server.RaftServer$Division (ServerState.java:<init>(113)) - s2@group-9F468C9C58F9: ConfigurationManager, init=-1: peers:[s0|localhost:37071, s1|localhost:46337, s2|localhost:34801]|listeners:[], old=null, confs=<EMPTY_MAP>
2023-11-28 06:43:25,444 [s2-groupManagement] INFO  server.RaftServerConfigKeys (ConfUtils.java:logGet(46)) - raft.server.notification.no-leader.timeout = 60s (default)
2023-11-28 06:43:25,444 [s2-groupManagement] INFO  server.RaftServerConfigKeys (ConfUtils.java:logGet(46)) - raft.server.read.timeout = 10s (default)
2023-11-28 06:43:25,444 [s2-groupManagement] INFO  server.RaftServerConfigKeys (ConfUtils.java:logGet(46)) - raft.server.retrycache.expirytime = 60s (default)
2023-11-28 06:43:25,444 [s2-groupManagement] INFO  server.RaftServerConfigKeys (ConfUtils.java:logGet(46)) - raft.server.retrycache.statistics.expirytime = 100ms (default)
2023-11-28 06:43:25,444 [s2-groupManagement] INFO  server.RaftServerConfigKeys (ConfUtils.java:logGet(46)) - raft.server.read.option = DEFAULT (default)
2023-11-28 06:43:25,444 [s2-groupManagement] INFO  server.RaftServerConfigKeys (ConfUtils.java:logGet(46)) - raft.server.read.read-after-write-consistent.write-index-cache.expiry-time = 60s (default)
2023-11-28 06:43:25,445 [s0-impl-thread1] INFO  util.AwaitToRun (AwaitToRun.java:start(81)) - Thread[s0@group-9F468C9C58F9-cacheEviction-AwaitToRun,5,main] started
2023-11-28 06:43:25,445 [s0-impl-thread1] INFO  segmented.SegmentedRaftLogWorker (SegmentedRaftLogWorker.java:<init>(182)) - new s0@group-9F468C9C58F9-SegmentedRaftLogWorker for RaftStorageImpl:Storage Directory /home/runner/work/ratis/ratis/ratis-test/target/test/data/cc86e3b/MiniRaftClusterWithGrpcc3739894/s0/4bf1160f-2005-4060-a5aa-9f468c9c58f9
2023-11-28 06:43:25,445 [s0-impl-thread1] INFO  server.RaftServerConfigKeys (ConfUtils.java:logGet(46)) - raft.server.log.queue.byte-limit = 64MB (=67108864) (default)
2023-11-28 06:43:25,445 [s0-impl-thread1] INFO  server.RaftServerConfigKeys (ConfUtils.java:logGet(46)) - raft.server.log.queue.element-limit = 4096 (default)
2023-11-28 06:43:25,445 [s0-impl-thread1] INFO  server.RaftServerConfigKeys (ConfUtils.java:logGet(46)) - raft.server.log.segment.size.max = 32MB (=33554432) (default)
2023-11-28 06:43:25,445 [s0-impl-thread1] INFO  server.RaftServerConfigKeys (ConfUtils.java:logGet(46)) - raft.server.log.preallocated.size = 4MB (=4194304) (default)
2023-11-28 06:43:25,445 [s0-impl-thread1] INFO  server.RaftServerConfigKeys (ConfUtils.java:logGet(46)) - raft.server.log.force.sync.num = 128 (default)
2023-11-28 06:43:25,445 [s0-impl-thread1] INFO  server.RaftServerConfigKeys (ConfUtils.java:logGet(46)) - raft.server.log.statemachine.data.sync = true (default)
2023-11-28 06:43:25,445 [s0-impl-thread1] INFO  server.RaftServerConfigKeys (ConfUtils.java:logGet(46)) - raft.server.log.statemachine.data.sync.timeout = 10s (default)
2023-11-28 06:43:25,445 [s0-impl-thread1] INFO  server.RaftServerConfigKeys (ConfUtils.java:logGet(46)) - raft.server.log.statemachine.data.sync.timeout.retry = -1 (default)
2023-11-28 06:43:25,446 [s0-impl-thread1] INFO  server.RaftServerConfigKeys (ConfUtils.java:logGet(46)) - raft.server.log.write.buffer.size = 8MB (=8388608) (default)
2023-11-28 06:43:25,448 [s0-impl-thread1] INFO  server.RaftServerConfigKeys (ConfUtils.java:logGet(46)) - raft.server.log.appender.buffer.byte-limit = 4MB (=4194304) (default)
2023-11-28 06:43:25,448 [s0-impl-thread1] INFO  server.RaftServerConfigKeys (ConfUtils.java:logGet(46)) - raft.server.log.unsafe-flush.enabled = false (default)
2023-11-28 06:43:25,448 [s0-impl-thread1] INFO  server.RaftServerConfigKeys (ConfUtils.java:logGet(46)) - raft.server.log.async-flush.enabled = false (default)
2023-11-28 06:43:25,448 [s0-impl-thread1] INFO  server.RaftServerConfigKeys (ConfUtils.java:logGet(46)) - raft.server.log.statemachine.data.caching.enabled = false (default)
2023-11-28 06:43:25,448 [s0-impl-thread1] INFO  segmented.SegmentedRaftLogWorker (SegmentedRaftLogWorker.java:lambda$new$0(134)) - s0@group-9F468C9C58F9-SegmentedRaftLogWorker: flushIndex: setUnconditionally 0 -> -1
2023-11-28 06:43:25,448 [s0-impl-thread1] INFO  segmented.SegmentedRaftLogWorker (SegmentedRaftLogWorker.java:lambda$new$0(134)) - s0@group-9F468C9C58F9-SegmentedRaftLogWorker: safeCacheEvictIndex: setUnconditionally 0 -> -1
2023-11-28 06:43:25,449 [s2-groupManagement] INFO  server.RaftServerConfigKeys (ConfUtils.java:logGet(46)) - raft.server.rpc.request.timeout = 3000ms (default)
2023-11-28 06:43:25,449 [s2-groupManagement] INFO  server.RaftServerConfigKeys (ConfUtils.java:logGet(46)) - raft.server.log.appender.install.snapshot.enabled = true (default)
2023-11-28 06:43:25,449 [s2-groupManagement] INFO  server.RaftServerConfigKeys (ConfUtils.java:logGet(46)) - raft.server.threadpool.server.cached = true (default)
2023-11-28 06:43:25,449 [s2-groupManagement] INFO  server.RaftServerConfigKeys (ConfUtils.java:logGet(46)) - raft.server.threadpool.server.size = 0 (default)
2023-11-28 06:43:25,449 [s2-groupManagement] INFO  server.RaftServerConfigKeys (ConfUtils.java:logGet(46)) - raft.server.threadpool.client.cached = true (default)
2023-11-28 06:43:25,449 [s2-groupManagement] INFO  server.RaftServerConfigKeys (ConfUtils.java:logGet(46)) - raft.server.threadpool.client.size = 0 (default)
2023-11-28 06:43:25,449 [s0-impl-thread1] INFO  server.RaftServer$Division (RaftServerImpl.java:start(392)) - s0@group-9F468C9C58F9: start as a follower, conf=-1: peers:[s0|localhost:37071, s1|localhost:46337, s2|localhost:34801]|listeners:[], old=null
2023-11-28 06:43:25,449 [s0-impl-thread1] INFO  server.RaftServer$Division (RaftServerImpl.java:setRole(379)) - s0@group-9F468C9C58F9: changes role from      null to FOLLOWER at term 0 for startAsFollower
2023-11-28 06:43:25,449 [s0-impl-thread1] INFO  impl.RoleInfo (RoleInfo.java:updateAndGet(139)) - s0: start s0@group-9F468C9C58F9-FollowerState
2023-11-28 06:43:25,450 [s0@group-9F468C9C58F9-FollowerState] INFO  server.RaftServerConfigKeys (ConfUtils.java:logFallback(53)) - raft.server.rpc.first-election.timeout.min = 150ms (fallback to raft.server.rpc.timeout.min)
2023-11-28 06:43:25,450 [s0@group-9F468C9C58F9-FollowerState] INFO  server.RaftServerConfigKeys (ConfUtils.java:logFallback(53)) - raft.server.rpc.first-election.timeout.max = 300ms (fallback to raft.server.rpc.timeout.max)
2023-11-28 06:43:25,450 [s0-impl-thread1] INFO  util.JmxRegister (JmxRegister.java:tryRegister(44)) - Successfully registered JMX Bean with object name Ratis:service=RaftServer,group=group-9F468C9C58F9,id=s0
2023-11-28 06:43:25,450 [s0-impl-thread1] INFO  server.RaftServerConfigKeys (ConfUtils.java:logGet(46)) - raft.server.snapshot.trigger-when-stop.enabled = true (default)
2023-11-28 06:43:25,450 [s0-impl-thread1] INFO  server.RaftServerConfigKeys (ConfUtils.java:logGet(46)) - raft.server.snapshot.auto.trigger.enabled = false (default)
2023-11-28 06:43:25,450 [s0-impl-thread1] INFO  server.RaftServerConfigKeys (ConfUtils.java:logGet(46)) - raft.server.snapshot.retention.file.num = -1 (default)
2023-11-28 06:43:25,450 [s0-impl-thread1] INFO  server.RaftServerConfigKeys (ConfUtils.java:logGet(46)) - raft.server.log.purge.upto.snapshot.index = false (default)
2023-11-28 06:43:25,450 [Time-limited test] INFO  server.RaftServer (RaftServerProxy.java:startImpl(406)) - s0: start RPC server
2023-11-28 06:43:25,451 [Time-limited test] INFO  server.GrpcService (GrpcService.java:startImpl(302)) - s0: GrpcService started, listening on 43007
2023-11-28 06:43:25,452 [Time-limited test] INFO  server.GrpcService (GrpcService.java:startImpl(302)) - s0: GrpcService started, listening on 37071
2023-11-28 06:43:25,453 [Time-limited test] INFO  server.GrpcService (GrpcService.java:startImpl(302)) - s0: GrpcService started, listening on 38243
2023-11-28 06:43:25,453 [s1-impl-thread1] INFO  server.RaftServerConfigKeys (ConfUtils.java:logGet(46)) - raft.server.storage.free-space.min = 0MB (=0) (default)
2023-11-28 06:43:25,453 [JvmPauseMonitor3] INFO  util.JvmPauseMonitor (JvmPauseMonitor.java:run(146)) - JvmPauseMonitor-s0: Started
2023-11-28 06:43:25,453 [s1-impl-thread1] INFO  server.RaftServerConfigKeys (ConfUtils.java:logGet(46)) - raft.server.log.corruption.policy = EXCEPTION (default)
2023-11-28 06:43:25,453 [s1-impl-thread1] INFO  server.RaftServerConfigKeys (ConfUtils.java:logGet(46)) - raft.server.storage.dir = [/home/runner/work/ratis/ratis/ratis-test/target/test/data/cc86e3b/MiniRaftClusterWithGrpcc3739894/s1] (custom)
2023-11-28 06:43:25,454 [s1-impl-thread1] INFO  storage.RaftStorageDirectory (RaftStorageDirectoryImpl.java:analyzeStorage(138)) - The storage directory /home/runner/work/ratis/ratis/ratis-test/target/test/data/cc86e3b/MiniRaftClusterWithGrpcc3739894/s1/4bf1160f-2005-4060-a5aa-9f468c9c58f9 does not exist. Creating ...
2023-11-28 06:43:25,454 [s1-impl-thread1] TRACE util.FileUtils (LogUtils.java:runAndLog(49)) - Successfully ran Files.createDirectories /home/runner/work/ratis/ratis/ratis-test/target/test/data/cc86e3b/MiniRaftClusterWithGrpcc3739894/s1/4bf1160f-2005-4060-a5aa-9f468c9c58f9
2023-11-28 06:43:25,455 [s1-impl-thread1] INFO  storage.RaftStorageDirectory (RaftStorageDirectoryImpl.java:tryLock(232)) - Lock on /home/runner/work/ratis/ratis/ratis-test/target/test/data/cc86e3b/MiniRaftClusterWithGrpcc3739894/s1/4bf1160f-2005-4060-a5aa-9f468c9c58f9/in_use.lock acquired by nodename 4862@fv-az728-711
2023-11-28 06:43:25,455 [s1-impl-thread1] TRACE util.FileUtils (LogUtils.java:runAndLog(49)) - Successfully ran Files.createDirectories /home/runner/work/ratis/ratis/ratis-test/target/test/data/cc86e3b/MiniRaftClusterWithGrpcc3739894/s1/4bf1160f-2005-4060-a5aa-9f468c9c58f9/current
2023-11-28 06:43:25,455 [s1-impl-thread1] TRACE util.FileUtils (LogUtils.java:runAndLog(49)) - Successfully ran Files.createDirectories /home/runner/work/ratis/ratis/ratis-test/target/test/data/cc86e3b/MiniRaftClusterWithGrpcc3739894/s1/4bf1160f-2005-4060-a5aa-9f468c9c58f9/sm
2023-11-28 06:43:25,455 [s1-impl-thread1] TRACE util.FileUtils (LogUtils.java:supplyAndLog(69)) - Successfully supplied FileChannel.open /home/runner/work/ratis/ratis/ratis-test/target/test/data/cc86e3b/MiniRaftClusterWithGrpcc3739894/s1/4bf1160f-2005-4060-a5aa-9f468c9c58f9/current/raft-meta.tmp with options [CREATE, WRITE]: sun.nio.ch.FileChannelImpl@19971248
2023-11-28 06:43:25,456 [s1-impl-thread1] TRACE util.FileUtils (LogUtils.java:runAndLog(49)) - Successfully ran Atomic Files.move /home/runner/work/ratis/ratis/ratis-test/target/test/data/cc86e3b/MiniRaftClusterWithGrpcc3739894/s1/4bf1160f-2005-4060-a5aa-9f468c9c58f9/current/raft-meta.tmp to /home/runner/work/ratis/ratis/ratis-test/target/test/data/cc86e3b/MiniRaftClusterWithGrpcc3739894/s1/4bf1160f-2005-4060-a5aa-9f468c9c58f9/current/raft-meta with options [REPLACE_EXISTING]
2023-11-28 06:43:25,456 [s1-impl-thread1] INFO  storage.RaftStorage (RaftStorageImpl.java:format(99)) - Storage directory /home/runner/work/ratis/ratis/ratis-test/target/test/data/cc86e3b/MiniRaftClusterWithGrpcc3739894/s1/4bf1160f-2005-4060-a5aa-9f468c9c58f9 has been successfully formatted.
2023-11-28 06:43:25,456 [s1-impl-thread1] TRACE util.FileUtils (LogUtils.java:supplyAndLog(61)) - Failed to Files.newInputStream /home/runner/work/ratis/ratis/ratis-test/target/test/data/cc86e3b/MiniRaftClusterWithGrpcc3739894/s1/4bf1160f-2005-4060-a5aa-9f468c9c58f9/current/raft-meta.conf with options []
java.nio.file.NoSuchFileException: /home/runner/work/ratis/ratis/ratis-test/target/test/data/cc86e3b/MiniRaftClusterWithGrpcc3739894/s1/4bf1160f-2005-4060-a5aa-9f468c9c58f9/current/raft-meta.conf
	at java.base/sun.nio.fs.UnixException.translateToIOException(UnixException.java:92)
	at java.base/sun.nio.fs.UnixException.rethrowAsIOException(UnixException.java:111)
	at java.base/sun.nio.fs.UnixException.rethrowAsIOException(UnixException.java:116)
	at java.base/sun.nio.fs.UnixFileSystemProvider.newByteChannel(UnixFileSystemProvider.java:219)
	at java.base/java.nio.file.Files.newByteChannel(Files.java:371)
	at java.base/java.nio.file.Files.newByteChannel(Files.java:422)
	at java.base/java.nio.file.spi.FileSystemProvider.newInputStream(FileSystemProvider.java:420)
	at java.base/java.nio.file.Files.newInputStream(Files.java:156)
	at org.apache.ratis.util.FileUtils.lambda$newInputStream$2(FileUtils.java:73)
	at org.apache.ratis.util.LogUtils.supplyAndLog(LogUtils.java:58)
	at org.apache.ratis.util.FileUtils.newInputStream(FileUtils.java:72)
	at org.apache.ratis.util.FileUtils.newInputStream(FileUtils.java:68)
	at org.apache.ratis.server.storage.RaftStorageImpl.readRaftConfiguration(RaftStorageImpl.java:156)
	at org.apache.ratis.server.impl.ServerState.initialize(ServerState.java:141)
	at org.apache.ratis.server.impl.RaftServerImpl.start(RaftServerImpl.java:388)
	at org.apache.ratis.util.ConcurrentUtils.accept(ConcurrentUtils.java:203)
	at org.apache.ratis.util.ConcurrentUtils.lambda$parallelForEachAsync$4(ConcurrentUtils.java:182)
	at java.base/java.util.concurrent.ThreadPoolExecutor.runWorker(ThreadPoolExecutor.java:1128)
	at java.base/java.util.concurrent.ThreadPoolExecutor$Worker.run(ThreadPoolExecutor.java:628)
	at java.base/java.lang.Thread.run(Thread.java:829)
2023-11-28 06:43:25,456 [s1-impl-thread1] INFO  impl.SimpleStateMachine4Testing (SimpleStateMachine4Testing.java:initialize(213)) - Initializing SimpleStateMachine4Testing:uninitialized
2023-11-28 06:43:25,457 [s1-impl-thread1] INFO  impl.SimpleStateMachine4Testing (SimpleStateMachine4Testing.java:loadSnapshot(296)) - Loading snapshot null
2023-11-28 06:43:25,457 [s1-impl-thread1] INFO  server.RaftServerConfigKeys (ConfUtils.java:logGet(46)) - raft.server.log.use.memory = false (default)
2023-11-28 06:43:25,457 [s1-impl-thread1] INFO  server.RaftServerConfigKeys (ConfUtils.java:logGet(46)) - raft.server.log.purge.gap = 1024 (default)
2023-11-28 06:43:25,457 [s1-impl-thread1] INFO  server.RaftServerConfigKeys (ConfUtils.java:logGet(46)) - raft.server.log.appender.buffer.byte-limit = 4MB (=4194304) (default)
2023-11-28 06:43:25,457 [s1-impl-thread1] INFO  server.RaftServerConfigKeys (ConfUtils.java:logGet(46)) - raft.server.log.statemachine.data.read.timeout = 1000ms (default)
2023-11-28 06:43:25,457 [s1-impl-thread1] INFO  server.RaftServerConfigKeys (ConfUtils.java:logGet(46)) - raft.server.log.purge.preservation.log.num = 0 (default)
2023-11-28 06:43:25,458 [s1-impl-thread1] INFO  server.RaftServerConfigKeys (ConfUtils.java:logGet(46)) - raft.server.log.segment.size.max = 32MB (=33554432) (default)
2023-11-28 06:43:25,458 [s1-impl-thread1] INFO  server.RaftServerConfigKeys (ConfUtils.java:logGet(46)) - raft.server.log.segment.cache.num.max = 6 (default)
2023-11-28 06:43:25,458 [s1-impl-thread1] INFO  server.RaftServerConfigKeys (ConfUtils.java:logGet(46)) - raft.server.log.segment.cache.size.max = 200MB (=209715200) (default)
2023-11-28 06:43:25,458 [s1-impl-thread1] INFO  server.RaftServerConfigKeys (ConfUtils.java:logGet(46)) - raft.server.log.appender.buffer.byte-limit = 4MB (=4194304) (default)
2023-11-28 06:43:25,458 [s1-impl-thread1] INFO  util.AwaitToRun (AwaitToRun.java:start(81)) - Thread[s1@group-9F468C9C58F9-cacheEviction-AwaitToRun,5,main] started
2023-11-28 06:43:25,458 [s1-impl-thread1] INFO  segmented.SegmentedRaftLogWorker (SegmentedRaftLogWorker.java:<init>(182)) - new s1@group-9F468C9C58F9-SegmentedRaftLogWorker for RaftStorageImpl:Storage Directory /home/runner/work/ratis/ratis/ratis-test/target/test/data/cc86e3b/MiniRaftClusterWithGrpcc3739894/s1/4bf1160f-2005-4060-a5aa-9f468c9c58f9
2023-11-28 06:43:25,458 [s1-impl-thread1] INFO  server.RaftServerConfigKeys (ConfUtils.java:logGet(46)) - raft.server.log.queue.byte-limit = 64MB (=67108864) (default)
2023-11-28 06:43:25,458 [s1-impl-thread1] INFO  server.RaftServerConfigKeys (ConfUtils.java:logGet(46)) - raft.server.log.queue.element-limit = 4096 (default)
2023-11-28 06:43:25,459 [s1-impl-thread1] INFO  server.RaftServerConfigKeys (ConfUtils.java:logGet(46)) - raft.server.log.segment.size.max = 32MB (=33554432) (default)
2023-11-28 06:43:25,459 [s1-impl-thread1] INFO  server.RaftServerConfigKeys (ConfUtils.java:logGet(46)) - raft.server.log.preallocated.size = 4MB (=4194304) (default)
2023-11-28 06:43:25,459 [s1-impl-thread1] INFO  server.RaftServerConfigKeys (ConfUtils.java:logGet(46)) - raft.server.log.force.sync.num = 128 (default)
2023-11-28 06:43:25,459 [s1-impl-thread1] INFO  server.RaftServerConfigKeys (ConfUtils.java:logGet(46)) - raft.server.log.statemachine.data.sync = true (default)
2023-11-28 06:43:25,459 [s1-impl-thread1] INFO  server.RaftServerConfigKeys (ConfUtils.java:logGet(46)) - raft.server.log.statemachine.data.sync.timeout = 10s (default)
2023-11-28 06:43:25,459 [s1-impl-thread1] INFO  server.RaftServerConfigKeys (ConfUtils.java:logGet(46)) - raft.server.log.statemachine.data.sync.timeout.retry = -1 (default)
2023-11-28 06:43:25,463 [s1-impl-thread1] INFO  server.RaftServerConfigKeys (ConfUtils.java:logGet(46)) - raft.server.log.write.buffer.size = 8MB (=8388608) (default)
2023-11-28 06:43:25,465 [s1-impl-thread1] INFO  server.RaftServerConfigKeys (ConfUtils.java:logGet(46)) - raft.server.log.appender.buffer.byte-limit = 4MB (=4194304) (default)
2023-11-28 06:43:25,465 [s1-impl-thread1] INFO  server.RaftServerConfigKeys (ConfUtils.java:logGet(46)) - raft.server.log.unsafe-flush.enabled = false (default)
2023-11-28 06:43:25,465 [s1-impl-thread1] INFO  server.RaftServerConfigKeys (ConfUtils.java:logGet(46)) - raft.server.log.async-flush.enabled = false (default)
2023-11-28 06:43:25,465 [s1-impl-thread1] INFO  server.RaftServerConfigKeys (ConfUtils.java:logGet(46)) - raft.server.log.statemachine.data.caching.enabled = false (default)
2023-11-28 06:43:25,465 [s1-impl-thread1] INFO  segmented.SegmentedRaftLogWorker (SegmentedRaftLogWorker.java:lambda$new$0(134)) - s1@group-9F468C9C58F9-SegmentedRaftLogWorker: flushIndex: setUnconditionally 0 -> -1
2023-11-28 06:43:25,465 [s1-impl-thread1] INFO  segmented.SegmentedRaftLogWorker (SegmentedRaftLogWorker.java:lambda$new$0(134)) - s1@group-9F468C9C58F9-SegmentedRaftLogWorker: safeCacheEvictIndex: setUnconditionally 0 -> -1
2023-11-28 06:43:25,466 [s1-impl-thread1] INFO  server.RaftServer$Division (RaftServerImpl.java:start(392)) - s1@group-9F468C9C58F9: start as a follower, conf=-1: peers:[s0|localhost:37071, s1|localhost:46337, s2|localhost:34801]|listeners:[], old=null
2023-11-28 06:43:25,466 [s1-impl-thread1] INFO  server.RaftServer$Division (RaftServerImpl.java:setRole(379)) - s1@group-9F468C9C58F9: changes role from      null to FOLLOWER at term 0 for startAsFollower
2023-11-28 06:43:25,466 [s1-impl-thread1] INFO  impl.RoleInfo (RoleInfo.java:updateAndGet(139)) - s1: start s1@group-9F468C9C58F9-FollowerState
2023-11-28 06:43:25,466 [s1-impl-thread1] INFO  util.JmxRegister (JmxRegister.java:tryRegister(44)) - Successfully registered JMX Bean with object name Ratis:service=RaftServer,group=group-9F468C9C58F9,id=s1
2023-11-28 06:43:25,466 [s1-impl-thread1] INFO  server.RaftServerConfigKeys (ConfUtils.java:logGet(46)) - raft.server.snapshot.trigger-when-stop.enabled = true (default)
2023-11-28 06:43:25,466 [s1-impl-thread1] INFO  server.RaftServerConfigKeys (ConfUtils.java:logGet(46)) - raft.server.snapshot.auto.trigger.enabled = false (default)
2023-11-28 06:43:25,466 [s1-impl-thread1] INFO  server.RaftServerConfigKeys (ConfUtils.java:logGet(46)) - raft.server.snapshot.retention.file.num = -1 (default)
2023-11-28 06:43:25,466 [s1-impl-thread1] INFO  server.RaftServerConfigKeys (ConfUtils.java:logGet(46)) - raft.server.log.purge.upto.snapshot.index = false (default)
2023-11-28 06:43:25,467 [s1@group-9F468C9C58F9-FollowerState] INFO  server.RaftServerConfigKeys (ConfUtils.java:logFallback(53)) - raft.server.rpc.first-election.timeout.min = 150ms (fallback to raft.server.rpc.timeout.min)
2023-11-28 06:43:25,467 [s1@group-9F468C9C58F9-FollowerState] INFO  server.RaftServerConfigKeys (ConfUtils.java:logFallback(53)) - raft.server.rpc.first-election.timeout.max = 300ms (fallback to raft.server.rpc.timeout.max)
2023-11-28 06:43:25,467 [Time-limited test] INFO  server.RaftServer (RaftServerProxy.java:startImpl(406)) - s1: start RPC server
2023-11-28 06:43:25,468 [Time-limited test] INFO  server.GrpcService (GrpcService.java:startImpl(302)) - s1: GrpcService started, listening on 37939
2023-11-28 06:43:25,468 [Time-limited test] INFO  server.GrpcService (GrpcService.java:startImpl(302)) - s1: GrpcService started, listening on 46337
2023-11-28 06:43:25,469 [Time-limited test] INFO  server.GrpcService (GrpcService.java:startImpl(302)) - s1: GrpcService started, listening on 41687
2023-11-28 06:43:25,469 [JvmPauseMonitor4] INFO  util.JvmPauseMonitor (JvmPauseMonitor.java:run(146)) - JvmPauseMonitor-s1: Started
2023-11-28 06:43:25,469 [s2-impl-thread1] INFO  server.RaftServerConfigKeys (ConfUtils.java:logGet(46)) - raft.server.storage.free-space.min = 0MB (=0) (default)
2023-11-28 06:43:25,469 [s2-impl-thread1] INFO  server.RaftServerConfigKeys (ConfUtils.java:logGet(46)) - raft.server.log.corruption.policy = EXCEPTION (default)
2023-11-28 06:43:25,469 [s2-impl-thread1] INFO  server.RaftServerConfigKeys (ConfUtils.java:logGet(46)) - raft.server.storage.dir = [/home/runner/work/ratis/ratis/ratis-test/target/test/data/cc86e3b/MiniRaftClusterWithGrpcc3739894/s2] (custom)
2023-11-28 06:43:25,469 [s2-impl-thread1] INFO  storage.RaftStorageDirectory (RaftStorageDirectoryImpl.java:analyzeStorage(138)) - The storage directory /home/runner/work/ratis/ratis/ratis-test/target/test/data/cc86e3b/MiniRaftClusterWithGrpcc3739894/s2/4bf1160f-2005-4060-a5aa-9f468c9c58f9 does not exist. Creating ...
2023-11-28 06:43:25,470 [s2-impl-thread1] TRACE util.FileUtils (LogUtils.java:runAndLog(49)) - Successfully ran Files.createDirectories /home/runner/work/ratis/ratis/ratis-test/target/test/data/cc86e3b/MiniRaftClusterWithGrpcc3739894/s2/4bf1160f-2005-4060-a5aa-9f468c9c58f9
2023-11-28 06:43:25,470 [s2-impl-thread1] INFO  storage.RaftStorageDirectory (RaftStorageDirectoryImpl.java:tryLock(232)) - Lock on /home/runner/work/ratis/ratis/ratis-test/target/test/data/cc86e3b/MiniRaftClusterWithGrpcc3739894/s2/4bf1160f-2005-4060-a5aa-9f468c9c58f9/in_use.lock acquired by nodename 4862@fv-az728-711
2023-11-28 06:43:25,471 [s2-impl-thread1] TRACE util.FileUtils (LogUtils.java:runAndLog(49)) - Successfully ran Files.createDirectories /home/runner/work/ratis/ratis/ratis-test/target/test/data/cc86e3b/MiniRaftClusterWithGrpcc3739894/s2/4bf1160f-2005-4060-a5aa-9f468c9c58f9/current
2023-11-28 06:43:25,471 [s2-impl-thread1] TRACE util.FileUtils (LogUtils.java:runAndLog(49)) - Successfully ran Files.createDirectories /home/runner/work/ratis/ratis/ratis-test/target/test/data/cc86e3b/MiniRaftClusterWithGrpcc3739894/s2/4bf1160f-2005-4060-a5aa-9f468c9c58f9/sm
2023-11-28 06:43:25,471 [s2-impl-thread1] TRACE util.FileUtils (LogUtils.java:supplyAndLog(69)) - Successfully supplied FileChannel.open /home/runner/work/ratis/ratis/ratis-test/target/test/data/cc86e3b/MiniRaftClusterWithGrpcc3739894/s2/4bf1160f-2005-4060-a5aa-9f468c9c58f9/current/raft-meta.tmp with options [CREATE, WRITE]: sun.nio.ch.FileChannelImpl@49482aec
2023-11-28 06:43:25,472 [s2-impl-thread1] TRACE util.FileUtils (LogUtils.java:runAndLog(49)) - Successfully ran Atomic Files.move /home/runner/work/ratis/ratis/ratis-test/target/test/data/cc86e3b/MiniRaftClusterWithGrpcc3739894/s2/4bf1160f-2005-4060-a5aa-9f468c9c58f9/current/raft-meta.tmp to /home/runner/work/ratis/ratis/ratis-test/target/test/data/cc86e3b/MiniRaftClusterWithGrpcc3739894/s2/4bf1160f-2005-4060-a5aa-9f468c9c58f9/current/raft-meta with options [REPLACE_EXISTING]
2023-11-28 06:43:25,472 [s2-impl-thread1] INFO  storage.RaftStorage (RaftStorageImpl.java:format(99)) - Storage directory /home/runner/work/ratis/ratis/ratis-test/target/test/data/cc86e3b/MiniRaftClusterWithGrpcc3739894/s2/4bf1160f-2005-4060-a5aa-9f468c9c58f9 has been successfully formatted.
2023-11-28 06:43:25,472 [s2-impl-thread1] TRACE util.FileUtils (LogUtils.java:supplyAndLog(61)) - Failed to Files.newInputStream /home/runner/work/ratis/ratis/ratis-test/target/test/data/cc86e3b/MiniRaftClusterWithGrpcc3739894/s2/4bf1160f-2005-4060-a5aa-9f468c9c58f9/current/raft-meta.conf with options []
java.nio.file.NoSuchFileException: /home/runner/work/ratis/ratis/ratis-test/target/test/data/cc86e3b/MiniRaftClusterWithGrpcc3739894/s2/4bf1160f-2005-4060-a5aa-9f468c9c58f9/current/raft-meta.conf
	at java.base/sun.nio.fs.UnixException.translateToIOException(UnixException.java:92)
	at java.base/sun.nio.fs.UnixException.rethrowAsIOException(UnixException.java:111)
	at java.base/sun.nio.fs.UnixException.rethrowAsIOException(UnixException.java:116)
	at java.base/sun.nio.fs.UnixFileSystemProvider.newByteChannel(UnixFileSystemProvider.java:219)
	at java.base/java.nio.file.Files.newByteChannel(Files.java:371)
	at java.base/java.nio.file.Files.newByteChannel(Files.java:422)
	at java.base/java.nio.file.spi.FileSystemProvider.newInputStream(FileSystemProvider.java:420)
	at java.base/java.nio.file.Files.newInputStream(Files.java:156)
	at org.apache.ratis.util.FileUtils.lambda$newInputStream$2(FileUtils.java:73)
	at org.apache.ratis.util.LogUtils.supplyAndLog(LogUtils.java:58)
	at org.apache.ratis.util.FileUtils.newInputStream(FileUtils.java:72)
	at org.apache.ratis.util.FileUtils.newInputStream(FileUtils.java:68)
	at org.apache.ratis.server.storage.RaftStorageImpl.readRaftConfiguration(RaftStorageImpl.java:156)
	at org.apache.ratis.server.impl.ServerState.initialize(ServerState.java:141)
	at org.apache.ratis.server.impl.RaftServerImpl.start(RaftServerImpl.java:388)
	at org.apache.ratis.util.ConcurrentUtils.accept(ConcurrentUtils.java:203)
	at org.apache.ratis.util.ConcurrentUtils.lambda$parallelForEachAsync$4(ConcurrentUtils.java:182)
	at java.base/java.util.concurrent.ThreadPoolExecutor.runWorker(ThreadPoolExecutor.java:1128)
	at java.base/java.util.concurrent.ThreadPoolExecutor$Worker.run(ThreadPoolExecutor.java:628)
	at java.base/java.lang.Thread.run(Thread.java:829)
2023-11-28 06:43:25,472 [s2-impl-thread1] INFO  impl.SimpleStateMachine4Testing (SimpleStateMachine4Testing.java:initialize(213)) - Initializing SimpleStateMachine4Testing:uninitialized
2023-11-28 06:43:25,472 [s2-impl-thread1] INFO  impl.SimpleStateMachine4Testing (SimpleStateMachine4Testing.java:loadSnapshot(296)) - Loading snapshot null
2023-11-28 06:43:25,472 [s2-impl-thread1] INFO  server.RaftServerConfigKeys (ConfUtils.java:logGet(46)) - raft.server.log.use.memory = false (default)
2023-11-28 06:43:25,472 [s2-impl-thread1] INFO  server.RaftServerConfigKeys (ConfUtils.java:logGet(46)) - raft.server.log.purge.gap = 1024 (default)
2023-11-28 06:43:25,473 [s2-impl-thread1] INFO  server.RaftServerConfigKeys (ConfUtils.java:logGet(46)) - raft.server.log.appender.buffer.byte-limit = 4MB (=4194304) (default)
2023-11-28 06:43:25,473 [s2-impl-thread1] INFO  server.RaftServerConfigKeys (ConfUtils.java:logGet(46)) - raft.server.log.statemachine.data.read.timeout = 1000ms (default)
2023-11-28 06:43:25,473 [s2-impl-thread1] INFO  server.RaftServerConfigKeys (ConfUtils.java:logGet(46)) - raft.server.log.purge.preservation.log.num = 0 (default)
2023-11-28 06:43:25,474 [s2-impl-thread1] INFO  server.RaftServerConfigKeys (ConfUtils.java:logGet(46)) - raft.server.log.segment.size.max = 32MB (=33554432) (default)
2023-11-28 06:43:25,474 [s2-impl-thread1] INFO  server.RaftServerConfigKeys (ConfUtils.java:logGet(46)) - raft.server.log.segment.cache.num.max = 6 (default)
2023-11-28 06:43:25,474 [s2-impl-thread1] INFO  server.RaftServerConfigKeys (ConfUtils.java:logGet(46)) - raft.server.log.segment.cache.size.max = 200MB (=209715200) (default)
2023-11-28 06:43:25,474 [s2-impl-thread1] INFO  server.RaftServerConfigKeys (ConfUtils.java:logGet(46)) - raft.server.log.appender.buffer.byte-limit = 4MB (=4194304) (default)
2023-11-28 06:43:25,474 [s2-impl-thread1] INFO  util.AwaitToRun (AwaitToRun.java:start(81)) - Thread[s2@group-9F468C9C58F9-cacheEviction-AwaitToRun,5,main] started
2023-11-28 06:43:25,474 [s2-impl-thread1] INFO  segmented.SegmentedRaftLogWorker (SegmentedRaftLogWorker.java:<init>(182)) - new s2@group-9F468C9C58F9-SegmentedRaftLogWorker for RaftStorageImpl:Storage Directory /home/runner/work/ratis/ratis/ratis-test/target/test/data/cc86e3b/MiniRaftClusterWithGrpcc3739894/s2/4bf1160f-2005-4060-a5aa-9f468c9c58f9
2023-11-28 06:43:25,474 [s2-impl-thread1] INFO  server.RaftServerConfigKeys (ConfUtils.java:logGet(46)) - raft.server.log.queue.byte-limit = 64MB (=67108864) (default)
2023-11-28 06:43:25,474 [s2-impl-thread1] INFO  server.RaftServerConfigKeys (ConfUtils.java:logGet(46)) - raft.server.log.queue.element-limit = 4096 (default)
2023-11-28 06:43:25,474 [s2-impl-thread1] INFO  server.RaftServerConfigKeys (ConfUtils.java:logGet(46)) - raft.server.log.segment.size.max = 32MB (=33554432) (default)
2023-11-28 06:43:25,474 [s2-impl-thread1] INFO  server.RaftServerConfigKeys (ConfUtils.java:logGet(46)) - raft.server.log.preallocated.size = 4MB (=4194304) (default)
2023-11-28 06:43:25,475 [s2-impl-thread1] INFO  server.RaftServerConfigKeys (ConfUtils.java:logGet(46)) - raft.server.log.force.sync.num = 128 (default)
2023-11-28 06:43:25,475 [s2-impl-thread1] INFO  server.RaftServerConfigKeys (ConfUtils.java:logGet(46)) - raft.server.log.statemachine.data.sync = true (default)
2023-11-28 06:43:25,475 [s2-impl-thread1] INFO  server.RaftServerConfigKeys (ConfUtils.java:logGet(46)) - raft.server.log.statemachine.data.sync.timeout = 10s (default)
2023-11-28 06:43:25,475 [s2-impl-thread1] INFO  server.RaftServerConfigKeys (ConfUtils.java:logGet(46)) - raft.server.log.statemachine.data.sync.timeout.retry = -1 (default)
2023-11-28 06:43:25,475 [s2-impl-thread1] INFO  server.RaftServerConfigKeys (ConfUtils.java:logGet(46)) - raft.server.log.write.buffer.size = 8MB (=8388608) (default)
2023-11-28 06:43:25,477 [s2-impl-thread1] INFO  server.RaftServerConfigKeys (ConfUtils.java:logGet(46)) - raft.server.log.appender.buffer.byte-limit = 4MB (=4194304) (default)
2023-11-28 06:43:25,477 [s2-impl-thread1] INFO  server.RaftServerConfigKeys (ConfUtils.java:logGet(46)) - raft.server.log.unsafe-flush.enabled = false (default)
2023-11-28 06:43:25,477 [s2-impl-thread1] INFO  server.RaftServerConfigKeys (ConfUtils.java:logGet(46)) - raft.server.log.async-flush.enabled = false (default)
2023-11-28 06:43:25,477 [s2-impl-thread1] INFO  server.RaftServerConfigKeys (ConfUtils.java:logGet(46)) - raft.server.log.statemachine.data.caching.enabled = false (default)
2023-11-28 06:43:25,477 [s2-impl-thread1] INFO  segmented.SegmentedRaftLogWorker (SegmentedRaftLogWorker.java:lambda$new$0(134)) - s2@group-9F468C9C58F9-SegmentedRaftLogWorker: flushIndex: setUnconditionally 0 -> -1
2023-11-28 06:43:25,477 [s2-impl-thread1] INFO  segmented.SegmentedRaftLogWorker (SegmentedRaftLogWorker.java:lambda$new$0(134)) - s2@group-9F468C9C58F9-SegmentedRaftLogWorker: safeCacheEvictIndex: setUnconditionally 0 -> -1
2023-11-28 06:43:25,477 [s2-impl-thread1] INFO  server.RaftServer$Division (RaftServerImpl.java:start(392)) - s2@group-9F468C9C58F9: start as a follower, conf=-1: peers:[s0|localhost:37071, s1|localhost:46337, s2|localhost:34801]|listeners:[], old=null
2023-11-28 06:43:25,477 [s2-impl-thread1] INFO  server.RaftServer$Division (RaftServerImpl.java:setRole(379)) - s2@group-9F468C9C58F9: changes role from      null to FOLLOWER at term 0 for startAsFollower
2023-11-28 06:43:25,477 [s2-impl-thread1] INFO  impl.RoleInfo (RoleInfo.java:updateAndGet(139)) - s2: start s2@group-9F468C9C58F9-FollowerState
2023-11-28 06:43:25,478 [s2@group-9F468C9C58F9-FollowerState] INFO  server.RaftServerConfigKeys (ConfUtils.java:logFallback(53)) - raft.server.rpc.first-election.timeout.min = 150ms (fallback to raft.server.rpc.timeout.min)
2023-11-28 06:43:25,478 [s2-impl-thread1] INFO  util.JmxRegister (JmxRegister.java:tryRegister(44)) - Successfully registered JMX Bean with object name Ratis:service=RaftServer,group=group-9F468C9C58F9,id=s2
2023-11-28 06:43:25,478 [s2@group-9F468C9C58F9-FollowerState] INFO  server.RaftServerConfigKeys (ConfUtils.java:logFallback(53)) - raft.server.rpc.first-election.timeout.max = 300ms (fallback to raft.server.rpc.timeout.max)
2023-11-28 06:43:25,478 [s2-impl-thread1] INFO  server.RaftServerConfigKeys (ConfUtils.java:logGet(46)) - raft.server.snapshot.trigger-when-stop.enabled = true (default)
2023-11-28 06:43:25,478 [s2-impl-thread1] INFO  server.RaftServerConfigKeys (ConfUtils.java:logGet(46)) - raft.server.snapshot.auto.trigger.enabled = false (default)
2023-11-28 06:43:25,478 [s2-impl-thread1] INFO  server.RaftServerConfigKeys (ConfUtils.java:logGet(46)) - raft.server.snapshot.retention.file.num = -1 (default)
2023-11-28 06:43:25,478 [s2-impl-thread1] INFO  server.RaftServerConfigKeys (ConfUtils.java:logGet(46)) - raft.server.log.purge.upto.snapshot.index = false (default)
2023-11-28 06:43:25,478 [Time-limited test] INFO  server.RaftServer (RaftServerProxy.java:startImpl(406)) - s2: start RPC server
2023-11-28 06:43:25,479 [Time-limited test] INFO  server.GrpcService (GrpcService.java:startImpl(302)) - s2: GrpcService started, listening on 37249
2023-11-28 06:43:25,480 [Time-limited test] INFO  server.GrpcService (GrpcService.java:startImpl(302)) - s2: GrpcService started, listening on 34801
2023-11-28 06:43:25,480 [Time-limited test] INFO  server.GrpcService (GrpcService.java:startImpl(302)) - s2: GrpcService started, listening on 36607
2023-11-28 06:43:25,480 [JvmPauseMonitor5] INFO  util.JvmPauseMonitor (JvmPauseMonitor.java:run(146)) - JvmPauseMonitor-s2: Started
2023-11-28 06:43:25,481 [Time-limited test] INFO  server.RaftServerConfigKeys (ConfUtils.java:logGet(46)) - raft.server.rpc.timeout.max = 300ms (default)
2023-11-28 06:43:25,481 [Time-limited test] INFO  ratis.RaftTestUtil (RaftTestUtil.java:waitForLeader(100)) - printing ALL groups
  s0:  RUNNING  FOLLOWER s0@group-9F468C9C58F9:t0, leader=null, voted=, raftlog=Memoized:s0@group-9F468C9C58F9-SegmentedRaftLog:OPENED:c-1, conf=-1: peers:[s0|localhost:37071, s1|localhost:46337, s2|localhost:34801]|listeners:[], old=null RUNNING
  s1:  RUNNING  FOLLOWER s1@group-9F468C9C58F9:t0, leader=null, voted=, raftlog=Memoized:s1@group-9F468C9C58F9-SegmentedRaftLog:OPENED:c-1, conf=-1: peers:[s0|localhost:37071, s1|localhost:46337, s2|localhost:34801]|listeners:[], old=null RUNNING
  s2:  RUNNING  FOLLOWER s2@group-9F468C9C58F9:t0, leader=null, voted=, raftlog=Memoized:s2@group-9F468C9C58F9-SegmentedRaftLog:OPENED:c-1, conf=-1: peers:[s0|localhost:37071, s1|localhost:46337, s2|localhost:34801]|listeners:[], old=null RUNNING
2023-11-28 06:43:25,481 [Time-limited test] WARN  ratis.RaftTestUtil (JavaUtils.java:attempt(223)) - FAILED "waitForLeader-null-(expectLeader? true)", attempt #1/100: java.lang.IllegalStateException: No leader yet : printing ALL groups
  s0:  RUNNING  FOLLOWER s0@group-9F468C9C58F9:t0, leader=null, voted=, raftlog=Memoized:s0@group-9F468C9C58F9-SegmentedRaftLog:OPENED:c-1, conf=-1: peers:[s0|localhost:37071, s1|localhost:46337, s2|localhost:34801]|listeners:[], old=null RUNNING
  s1:  RUNNING  FOLLOWER s1@group-9F468C9C58F9:t0, leader=null, voted=, raftlog=Memoized:s1@group-9F468C9C58F9-SegmentedRaftLog:OPENED:c-1, conf=-1: peers:[s0|localhost:37071, s1|localhost:46337, s2|localhost:34801]|listeners:[], old=null RUNNING
  s2:  RUNNING  FOLLOWER s2@group-9F468C9C58F9:t0, leader=null, voted=, raftlog=Memoized:s2@group-9F468C9C58F9-SegmentedRaftLog:OPENED:c-1, conf=-1: peers:[s0|localhost:37071, s1|localhost:46337, s2|localhost:34801]|listeners:[], old=null RUNNING, sleep 450ms and then retry.
java.lang.IllegalStateException: No leader yet : printing ALL groups
  s0:  RUNNING  FOLLOWER s0@group-9F468C9C58F9:t0, leader=null, voted=, raftlog=Memoized:s0@group-9F468C9C58F9-SegmentedRaftLog:OPENED:c-1, conf=-1: peers:[s0|localhost:37071, s1|localhost:46337, s2|localhost:34801]|listeners:[], old=null RUNNING
  s1:  RUNNING  FOLLOWER s1@group-9F468C9C58F9:t0, leader=null, voted=, raftlog=Memoized:s1@group-9F468C9C58F9-SegmentedRaftLog:OPENED:c-1, conf=-1: peers:[s0|localhost:37071, s1|localhost:46337, s2|localhost:34801]|listeners:[], old=null RUNNING
  s2:  RUNNING  FOLLOWER s2@group-9F468C9C58F9:t0, leader=null, voted=, raftlog=Memoized:s2@group-9F468C9C58F9-SegmentedRaftLog:OPENED:c-1, conf=-1: peers:[s0|localhost:37071, s1|localhost:46337, s2|localhost:34801]|listeners:[], old=null RUNNING
	at org.apache.ratis.server.impl.MiniRaftCluster.newIllegalStateExceptionForNoLeaders(MiniRaftCluster.java:581)
	at org.apache.ratis.RaftTestUtil.lambda$waitForLeader$1(RaftTestUtil.java:104)
	at org.apache.ratis.server.impl.MiniRaftCluster.getLeader(MiniRaftCluster.java:615)
	at org.apache.ratis.server.impl.MiniRaftCluster.getLeader(MiniRaftCluster.java:608)
	at org.apache.ratis.RaftTestUtil.lambda$waitForLeader$3(RaftTestUtil.java:112)
	at org.apache.ratis.util.JavaUtils.attempt(JavaUtils.java:217)
	at org.apache.ratis.util.JavaUtils.attemptRepeatedly(JavaUtils.java:203)
	at org.apache.ratis.RaftTestUtil.waitForLeader(RaftTestUtil.java:111)
	at org.apache.ratis.RaftTestUtil.waitForLeader(RaftTestUtil.java:92)
	at org.apache.ratis.RaftTestUtil.waitForLeader(RaftTestUtil.java:87)
	at org.apache.ratis.grpc.TestRetryCacheWithGrpc$InvalidateRepliedCallsTest.<init>(TestRetryCacheWithGrpc.java:76)
	at org.apache.ratis.grpc.TestRetryCacheWithGrpc.lambda$testInvalidateRepliedCalls$0(TestRetryCacheWithGrpc.java:61)
	at org.apache.ratis.server.impl.MiniRaftCluster$Factory$Get.runWithNewCluster(MiniRaftCluster.java:141)
	at org.apache.ratis.server.impl.MiniRaftCluster$Factory$Get.runWithNewCluster(MiniRaftCluster.java:121)
	at org.apache.ratis.grpc.TestRetryCacheWithGrpc.testInvalidateRepliedCalls(TestRetryCacheWithGrpc.java:61)
	at java.base/jdk.internal.reflect.NativeMethodAccessorImpl.invoke0(Native Method)
	at java.base/jdk.internal.reflect.NativeMethodAccessorImpl.invoke(NativeMethodAccessorImpl.java:62)
	at java.base/jdk.internal.reflect.DelegatingMethodAccessorImpl.invoke(DelegatingMethodAccessorImpl.java:43)
	at java.base/java.lang.reflect.Method.invoke(Method.java:566)
	at org.junit.runners.model.FrameworkMethod$1.runReflectiveCall(FrameworkMethod.java:59)
	at org.junit.internal.runners.model.ReflectiveCallable.run(ReflectiveCallable.java:12)
	at org.junit.runners.model.FrameworkMethod.invokeExplosively(FrameworkMethod.java:56)
	at org.junit.internal.runners.statements.InvokeMethod.evaluate(InvokeMethod.java:17)
	at org.junit.internal.runners.statements.RunAfters.evaluate(RunAfters.java:27)
	at org.junit.internal.runners.statements.FailOnTimeout$CallableStatement.call(FailOnTimeout.java:299)
	at org.junit.internal.runners.statements.FailOnTimeout$CallableStatement.call(FailOnTimeout.java:293)
	at java.base/java.util.concurrent.FutureTask.run(FutureTask.java:264)
	at java.base/java.lang.Thread.run(Thread.java:829)
2023-11-28 06:43:25,646 [s1@group-9F468C9C58F9-FollowerState] INFO  impl.FollowerState (FollowerState.java:run(143)) - s1@group-9F468C9C58F9-FollowerState: change to CANDIDATE, lastRpcElapsedTime:180293169ns, electionTimeout:179ms
2023-11-28 06:43:25,646 [s1@group-9F468C9C58F9-FollowerState] INFO  impl.RoleInfo (RoleInfo.java:shutdownFollowerState(110)) - s1: shutdown s1@group-9F468C9C58F9-FollowerState
2023-11-28 06:43:25,646 [s1@group-9F468C9C58F9-FollowerState] INFO  server.RaftServer$Division (RaftServerImpl.java:setRole(379)) - s1@group-9F468C9C58F9: changes role from  FOLLOWER to CANDIDATE at term 0 for changeToCandidate
2023-11-28 06:43:25,646 [s1@group-9F468C9C58F9-FollowerState] INFO  server.RaftServerConfigKeys (ConfUtils.java:logGet(46)) - raft.server.leaderelection.pre-vote = true (default)
2023-11-28 06:43:25,646 [s1@group-9F468C9C58F9-FollowerState] INFO  impl.RoleInfo (RoleInfo.java:updateAndGet(139)) - s1: start s1@group-9F468C9C58F9-LeaderElection4
2023-11-28 06:43:25,647 [s1@group-9F468C9C58F9-LeaderElection4] INFO  impl.LeaderElection (LeaderElection.java:askForVotes(323)) - s1@group-9F468C9C58F9-LeaderElection4 PRE_VOTE round 0: submit vote requests at term 0 for -1: peers:[s0|localhost:37071, s1|localhost:46337, s2|localhost:34801]|listeners:[], old=null
2023-11-28 06:43:25,647 [s1@group-9F468C9C58F9-LeaderElection4-1] INFO  server.GrpcServerProtocolClient (GrpcServerProtocolClient.java:<init>(65)) - Build channel for s0
2023-11-28 06:43:25,648 [s1@group-9F468C9C58F9-LeaderElection4-2] INFO  server.GrpcServerProtocolClient (GrpcServerProtocolClient.java:<init>(65)) - Build channel for s2
2023-11-28 06:43:25,648 [s1@group-9F468C9C58F9-LeaderElection4] INFO  server.RaftServerConfigKeys (ConfUtils.java:logFallback(53)) - raft.server.rpc.first-election.timeout.min = 150ms (fallback to raft.server.rpc.timeout.min)
2023-11-28 06:43:25,650 [s1@group-9F468C9C58F9-LeaderElection4] INFO  server.RaftServerConfigKeys (ConfUtils.java:logFallback(53)) - raft.server.rpc.first-election.timeout.max = 300ms (fallback to raft.server.rpc.timeout.max)
2023-11-28 06:43:25,656 [grpc-default-executor-2] INFO  server.RaftServer$Division (RaftServerImpl.java:requestVote(1377)) - s0@group-9F468C9C58F9: receive requestVote(PRE_VOTE, s1, group-9F468C9C58F9, 0, (t:0, i:0))
2023-11-28 06:43:25,656 [grpc-default-executor-6] INFO  server.RaftServer$Division (RaftServerImpl.java:requestVote(1377)) - s2@group-9F468C9C58F9: receive requestVote(PRE_VOTE, s1, group-9F468C9C58F9, 0, (t:0, i:0))
2023-11-28 06:43:25,657 [grpc-default-executor-2] INFO  impl.VoteContext (VoteContext.java:log(49)) - s0@group-9F468C9C58F9-FOLLOWER: accept PRE_VOTE from s1: our priority 0 <= candidate's priority 0
2023-11-28 06:43:25,657 [grpc-default-executor-6] INFO  impl.VoteContext (VoteContext.java:log(49)) - s2@group-9F468C9C58F9-FOLLOWER: accept PRE_VOTE from s1: our priority 0 <= candidate's priority 0
2023-11-28 06:43:25,657 [grpc-default-executor-2] INFO  server.RaftServer$Division (RaftServerImpl.java:requestVote(1410)) - s0@group-9F468C9C58F9 replies to PRE_VOTE vote request: s1<-s0#0:OK-t0. Peer's state: s0@group-9F468C9C58F9:t0, leader=null, voted=, raftlog=Memoized:s0@group-9F468C9C58F9-SegmentedRaftLog:OPENED:c-1, conf=-1: peers:[s0|localhost:37071, s1|localhost:46337, s2|localhost:34801]|listeners:[], old=null
2023-11-28 06:43:25,657 [grpc-default-executor-6] INFO  server.RaftServer$Division (RaftServerImpl.java:requestVote(1410)) - s2@group-9F468C9C58F9 replies to PRE_VOTE vote request: s1<-s2#0:OK-t0. Peer's state: s2@group-9F468C9C58F9:t0, leader=null, voted=, raftlog=Memoized:s2@group-9F468C9C58F9-SegmentedRaftLog:OPENED:c-1, conf=-1: peers:[s0|localhost:37071, s1|localhost:46337, s2|localhost:34801]|listeners:[], old=null
2023-11-28 06:43:25,658 [s1@group-9F468C9C58F9-LeaderElection4] INFO  impl.LeaderElection (LeaderElection.java:logAndReturn(89)) - s1@group-9F468C9C58F9-LeaderElection4: PRE_VOTE PASSED received 1 response(s) and 0 exception(s):
2023-11-28 06:43:25,658 [s1@group-9F468C9C58F9-LeaderElection4] INFO  impl.LeaderElection (LeaderElection.java:logAndReturn(93)) -   Response 0: s1<-s0#0:OK-t0
2023-11-28 06:43:25,658 [s1@group-9F468C9C58F9-LeaderElection4] INFO  impl.LeaderElection (LeaderElection.java:askForVotes(325)) - s1@group-9F468C9C58F9-LeaderElection4 PRE_VOTE round 0: result PASSED
2023-11-28 06:43:25,658 [s1@group-9F468C9C58F9-LeaderElection4] TRACE util.FileUtils (LogUtils.java:supplyAndLog(69)) - Successfully supplied FileChannel.open /home/runner/work/ratis/ratis/ratis-test/target/test/data/cc86e3b/MiniRaftClusterWithGrpcc3739894/s1/4bf1160f-2005-4060-a5aa-9f468c9c58f9/current/raft-meta.tmp with options [CREATE, WRITE]: sun.nio.ch.FileChannelImpl@7641b791
2023-11-28 06:43:25,659 [s1@group-9F468C9C58F9-LeaderElection4] TRACE util.FileUtils (LogUtils.java:runAndLog(49)) - Successfully ran Atomic Files.move /home/runner/work/ratis/ratis/ratis-test/target/test/data/cc86e3b/MiniRaftClusterWithGrpcc3739894/s1/4bf1160f-2005-4060-a5aa-9f468c9c58f9/current/raft-meta.tmp to /home/runner/work/ratis/ratis/ratis-test/target/test/data/cc86e3b/MiniRaftClusterWithGrpcc3739894/s1/4bf1160f-2005-4060-a5aa-9f468c9c58f9/current/raft-meta with options [REPLACE_EXISTING]
2023-11-28 06:43:25,659 [s1@group-9F468C9C58F9-LeaderElection4] INFO  impl.LeaderElection (LeaderElection.java:askForVotes(323)) - s1@group-9F468C9C58F9-LeaderElection4 ELECTION round 0: submit vote requests at term 1 for -1: peers:[s0|localhost:37071, s1|localhost:46337, s2|localhost:34801]|listeners:[], old=null
2023-11-28 06:43:25,660 [s1@group-9F468C9C58F9-LeaderElection4] INFO  server.RaftServerConfigKeys (ConfUtils.java:logFallback(53)) - raft.server.rpc.first-election.timeout.min = 150ms (fallback to raft.server.rpc.timeout.min)
2023-11-28 06:43:25,660 [s1@group-9F468C9C58F9-LeaderElection4] INFO  server.RaftServerConfigKeys (ConfUtils.java:logFallback(53)) - raft.server.rpc.first-election.timeout.max = 300ms (fallback to raft.server.rpc.timeout.max)
2023-11-28 06:43:25,662 [grpc-default-executor-6] INFO  server.RaftServer$Division (RaftServerImpl.java:requestVote(1377)) - s0@group-9F468C9C58F9: receive requestVote(ELECTION, s1, group-9F468C9C58F9, 1, (t:0, i:0))
2023-11-28 06:43:25,662 [grpc-default-executor-2] INFO  server.RaftServer$Division (RaftServerImpl.java:requestVote(1377)) - s2@group-9F468C9C58F9: receive requestVote(ELECTION, s1, group-9F468C9C58F9, 1, (t:0, i:0))
2023-11-28 06:43:25,662 [grpc-default-executor-6] INFO  impl.VoteContext (VoteContext.java:log(49)) - s0@group-9F468C9C58F9-FOLLOWER: accept ELECTION from s1: our priority 0 <= candidate's priority 0
2023-11-28 06:43:25,662 [grpc-default-executor-2] INFO  impl.VoteContext (VoteContext.java:log(49)) - s2@group-9F468C9C58F9-FOLLOWER: accept ELECTION from s1: our priority 0 <= candidate's priority 0
2023-11-28 06:43:25,662 [grpc-default-executor-6] INFO  server.RaftServer$Division (RaftServerImpl.java:setRole(379)) - s0@group-9F468C9C58F9: changes role from  FOLLOWER to FOLLOWER at term 1 for candidate:s1
2023-11-28 06:43:25,662 [grpc-default-executor-2] INFO  server.RaftServer$Division (RaftServerImpl.java:setRole(379)) - s2@group-9F468C9C58F9: changes role from  FOLLOWER to FOLLOWER at term 1 for candidate:s1
2023-11-28 06:43:25,662 [grpc-default-executor-2] INFO  impl.RoleInfo (RoleInfo.java:shutdownFollowerState(110)) - s2: shutdown s2@group-9F468C9C58F9-FollowerState
2023-11-28 06:43:25,662 [grpc-default-executor-6] INFO  impl.RoleInfo (RoleInfo.java:shutdownFollowerState(110)) - s0: shutdown s0@group-9F468C9C58F9-FollowerState
2023-11-28 06:43:25,663 [grpc-default-executor-2] INFO  impl.RoleInfo (RoleInfo.java:updateAndGet(139)) - s2: start s2@group-9F468C9C58F9-FollowerState
2023-11-28 06:43:25,663 [s0@group-9F468C9C58F9-FollowerState] INFO  impl.FollowerState (FollowerState.java:run(152)) - s0@group-9F468C9C58F9-FollowerState was interrupted
2023-11-28 06:43:25,662 [s2@group-9F468C9C58F9-FollowerState] INFO  impl.FollowerState (FollowerState.java:run(152)) - s2@group-9F468C9C58F9-FollowerState was interrupted
2023-11-28 06:43:25,663 [grpc-default-executor-2] INFO  server.RaftServer$Division (RaftServerImpl.java:setFirstElection(564)) - s2@group-9F468C9C58F9: set firstElectionSinceStartup to false for candidate:s1
2023-11-28 06:43:25,663 [grpc-default-executor-6] INFO  impl.RoleInfo (RoleInfo.java:updateAndGet(139)) - s0: start s0@group-9F468C9C58F9-FollowerState
2023-11-28 06:43:25,663 [grpc-default-executor-2] TRACE util.FileUtils (LogUtils.java:supplyAndLog(69)) - Successfully supplied FileChannel.open /home/runner/work/ratis/ratis/ratis-test/target/test/data/cc86e3b/MiniRaftClusterWithGrpcc3739894/s2/4bf1160f-2005-4060-a5aa-9f468c9c58f9/current/raft-meta.tmp with options [CREATE, WRITE]: sun.nio.ch.FileChannelImpl@48f814c5
2023-11-28 06:43:25,663 [grpc-default-executor-6] INFO  server.RaftServer$Division (RaftServerImpl.java:setFirstElection(564)) - s0@group-9F468C9C58F9: set firstElectionSinceStartup to false for candidate:s1
2023-11-28 06:43:25,666 [grpc-default-executor-6] TRACE util.FileUtils (LogUtils.java:supplyAndLog(69)) - Successfully supplied FileChannel.open /home/runner/work/ratis/ratis/ratis-test/target/test/data/cc86e3b/MiniRaftClusterWithGrpcc3739894/s0/4bf1160f-2005-4060-a5aa-9f468c9c58f9/current/raft-meta.tmp with options [CREATE, WRITE]: sun.nio.ch.FileChannelImpl@1d70e355
2023-11-28 06:43:25,666 [grpc-default-executor-2] TRACE util.FileUtils (LogUtils.java:runAndLog(49)) - Successfully ran Atomic Files.move /home/runner/work/ratis/ratis/ratis-test/target/test/data/cc86e3b/MiniRaftClusterWithGrpcc3739894/s2/4bf1160f-2005-4060-a5aa-9f468c9c58f9/current/raft-meta.tmp to /home/runner/work/ratis/ratis/ratis-test/target/test/data/cc86e3b/MiniRaftClusterWithGrpcc3739894/s2/4bf1160f-2005-4060-a5aa-9f468c9c58f9/current/raft-meta with options [REPLACE_EXISTING]
2023-11-28 06:43:25,666 [grpc-default-executor-2] INFO  server.RaftServer$Division (RaftServerImpl.java:requestVote(1410)) - s2@group-9F468C9C58F9 replies to ELECTION vote request: s1<-s2#0:OK-t1. Peer's state: s2@group-9F468C9C58F9:t1, leader=null, voted=s1, raftlog=Memoized:s2@group-9F468C9C58F9-SegmentedRaftLog:OPENED:c-1, conf=-1: peers:[s0|localhost:37071, s1|localhost:46337, s2|localhost:34801]|listeners:[], old=null
2023-11-28 06:43:25,667 [grpc-default-executor-6] TRACE util.FileUtils (LogUtils.java:runAndLog(49)) - Successfully ran Atomic Files.move /home/runner/work/ratis/ratis/ratis-test/target/test/data/cc86e3b/MiniRaftClusterWithGrpcc3739894/s0/4bf1160f-2005-4060-a5aa-9f468c9c58f9/current/raft-meta.tmp to /home/runner/work/ratis/ratis/ratis-test/target/test/data/cc86e3b/MiniRaftClusterWithGrpcc3739894/s0/4bf1160f-2005-4060-a5aa-9f468c9c58f9/current/raft-meta with options [REPLACE_EXISTING]
2023-11-28 06:43:25,667 [grpc-default-executor-6] INFO  server.RaftServer$Division (RaftServerImpl.java:requestVote(1410)) - s0@group-9F468C9C58F9 replies to ELECTION vote request: s1<-s0#0:OK-t1. Peer's state: s0@group-9F468C9C58F9:t1, leader=null, voted=s1, raftlog=Memoized:s0@group-9F468C9C58F9-SegmentedRaftLog:OPENED:c-1, conf=-1: peers:[s0|localhost:37071, s1|localhost:46337, s2|localhost:34801]|listeners:[], old=null
2023-11-28 06:43:25,667 [s1@group-9F468C9C58F9-LeaderElection4] INFO  impl.LeaderElection (LeaderElection.java:logAndReturn(89)) - s1@group-9F468C9C58F9-LeaderElection4: ELECTION PASSED received 1 response(s) and 0 exception(s):
2023-11-28 06:43:25,667 [s1@group-9F468C9C58F9-LeaderElection4] INFO  impl.LeaderElection (LeaderElection.java:logAndReturn(93)) -   Response 0: s1<-s2#0:OK-t1
2023-11-28 06:43:25,667 [s1@group-9F468C9C58F9-LeaderElection4] INFO  impl.LeaderElection (LeaderElection.java:askForVotes(325)) - s1@group-9F468C9C58F9-LeaderElection4 ELECTION round 0: result PASSED
2023-11-28 06:43:25,667 [s1@group-9F468C9C58F9-LeaderElection4] INFO  impl.RoleInfo (RoleInfo.java:shutdownLeaderElection(130)) - s1: shutdown s1@group-9F468C9C58F9-LeaderElection4
2023-11-28 06:43:25,667 [s1@group-9F468C9C58F9-LeaderElection4] INFO  server.RaftServer$Division (RaftServerImpl.java:setRole(379)) - s1@group-9F468C9C58F9: changes role from CANDIDATE to LEADER at term 1 for changeToLeader
2023-11-28 06:43:25,668 [s1@group-9F468C9C58F9-LeaderElection4] INFO  server.RaftServerConfigKeys (ConfUtils.java:logGet(46)) - raft.server.staging.catchup.gap = 1000 (default)
2023-11-28 06:43:25,668 [s1@group-9F468C9C58F9-LeaderElection4] INFO  server.RaftServerConfigKeys (ConfUtils.java:logGet(46)) - raft.server.write.element-limit = 4096 (default)
2023-11-28 06:43:25,668 [s1@group-9F468C9C58F9-LeaderElection4] INFO  server.RaftServerConfigKeys (ConfUtils.java:logGet(46)) - raft.server.write.byte-limit = 64MB (=67108864) (default)
2023-11-28 06:43:25,668 [s1@group-9F468C9C58F9-LeaderElection4] INFO  server.RaftServerConfigKeys (ConfUtils.java:logGet(46)) - raft.server.watch.timeout = 10s (default)
2023-11-28 06:43:25,668 [s1@group-9F468C9C58F9-LeaderElection4] INFO  server.RaftServerConfigKeys (ConfUtils.java:logGet(46)) - raft.server.watch.timeout.denomination = 1s (default)
2023-11-28 06:43:25,668 [s1@group-9F468C9C58F9-LeaderElection4] INFO  server.RaftServerConfigKeys (ConfUtils.java:logGet(46)) - raft.server.watch.element-limit = 65536 (default)
2023-11-28 06:43:25,668 [s1@group-9F468C9C58F9-LeaderElection4] INFO  server.RaftServerConfigKeys (ConfUtils.java:logGet(46)) - raft.server.read.leader.lease.enabled = false (default)
2023-11-28 06:43:25,668 [s1@group-9F468C9C58F9-LeaderElection4] INFO  server.RaftServerConfigKeys (ConfUtils.java:logGet(46)) - raft.server.read.leader.lease.timeout.ratio = 0.9 (default)
2023-11-28 06:43:25,668 [s1@group-9F468C9C58F9-LeaderElection4] INFO  server.RaftServerConfigKeys (ConfUtils.java:logGet(46)) - raft.server.rpc.timeout.min = 150ms (default)
2023-11-28 06:43:25,668 [s1@group-9F468C9C58F9-LeaderElection4] INFO  server.RaftServerConfigKeys (ConfUtils.java:logGet(46)) - raft.server.write.element-limit = 4096 (default)
2023-11-28 06:43:25,668 [s1@group-9F468C9C58F9-LeaderElection4] INFO  server.RaftServerConfigKeys (ConfUtils.java:logGet(46)) - raft.server.write.follower.gap.ratio.max = -1.0 (default)
2023-11-28 06:43:25,669 [s1@group-9F468C9C58F9-LeaderElection4] INFO  server.RaftServerConfigKeys (ConfUtils.java:logGet(46)) - raft.server.log.appender.snapshot.chunk.size.max = 16MB (=16777216) (default)
2023-11-28 06:43:25,669 [s1@group-9F468C9C58F9-LeaderElection4] INFO  server.RaftServerConfigKeys (ConfUtils.java:logGet(46)) - raft.server.log.appender.buffer.byte-limit = 4MB (=4194304) (default)
2023-11-28 06:43:25,669 [s1@group-9F468C9C58F9-LeaderElection4] INFO  server.RaftServerConfigKeys (ConfUtils.java:logGet(46)) - raft.server.log.appender.buffer.element-limit = 0 (default)
2023-11-28 06:43:25,669 [s1@group-9F468C9C58F9-LeaderElection4] INFO  server.RaftServerConfigKeys (ConfUtils.java:logGet(46)) - raft.server.log.appender.wait-time.min = 1ms (default)
2023-11-28 06:43:25,669 [s1@group-9F468C9C58F9-LeaderElection4] INFO  grpc.GrpcConfigKeys (ConfUtils.java:logGet(46)) - raft.grpc.server.leader.outstanding.appends.max = 8 (default)
2023-11-28 06:43:25,669 [s1@group-9F468C9C58F9-LeaderElection4] INFO  server.RaftServerConfigKeys (ConfUtils.java:logGet(46)) - raft.server.rpc.request.timeout = 3000ms (default)
2023-11-28 06:43:25,669 [s1@group-9F468C9C58F9-LeaderElection4] INFO  grpc.GrpcConfigKeys (ConfUtils.java:logGet(46)) - raft.grpc.server.install_snapshot.request.element-limit = 8 (default)
2023-11-28 06:43:25,669 [s1@group-9F468C9C58F9-LeaderElection4] INFO  grpc.GrpcConfigKeys (ConfUtils.java:logGet(46)) - raft.grpc.server.install_snapshot.request.timeout = 3000ms (default)
2023-11-28 06:43:25,669 [s1@group-9F468C9C58F9-LeaderElection4] INFO  server.RaftServerConfigKeys (ConfUtils.java:logGet(46)) - raft.server.log.appender.install.snapshot.enabled = true (default)
2023-11-28 06:43:25,669 [s1@group-9F468C9C58F9-LeaderElection4] INFO  grpc.GrpcConfigKeys (ConfUtils.java:logGet(46)) - raft.grpc.server.heartbeat.channel = true (default)
2023-11-28 06:43:25,670 [s1@group-9F468C9C58F9-LeaderElection4] INFO  server.RaftServerConfigKeys (ConfUtils.java:logGet(46)) - raft.server.log.appender.snapshot.chunk.size.max = 16MB (=16777216) (default)
2023-11-28 06:43:25,670 [s1@group-9F468C9C58F9-LeaderElection4] INFO  server.RaftServerConfigKeys (ConfUtils.java:logGet(46)) - raft.server.log.appender.buffer.byte-limit = 4MB (=4194304) (default)
2023-11-28 06:43:25,670 [s1@group-9F468C9C58F9-LeaderElection4] INFO  server.RaftServerConfigKeys (ConfUtils.java:logGet(46)) - raft.server.log.appender.buffer.element-limit = 0 (default)
2023-11-28 06:43:25,670 [s1@group-9F468C9C58F9-LeaderElection4] INFO  server.RaftServerConfigKeys (ConfUtils.java:logGet(46)) - raft.server.log.appender.wait-time.min = 1ms (default)
2023-11-28 06:43:25,670 [s1@group-9F468C9C58F9-LeaderElection4] INFO  grpc.GrpcConfigKeys (ConfUtils.java:logGet(46)) - raft.grpc.server.leader.outstanding.appends.max = 8 (default)
2023-11-28 06:43:25,671 [s1@group-9F468C9C58F9-LeaderElection4] INFO  server.RaftServerConfigKeys (ConfUtils.java:logGet(46)) - raft.server.rpc.request.timeout = 3000ms (default)
2023-11-28 06:43:25,671 [s1@group-9F468C9C58F9-LeaderElection4] INFO  grpc.GrpcConfigKeys (ConfUtils.java:logGet(46)) - raft.grpc.server.install_snapshot.request.element-limit = 8 (default)
2023-11-28 06:43:25,671 [s1@group-9F468C9C58F9-LeaderElection4] INFO  grpc.GrpcConfigKeys (ConfUtils.java:logGet(46)) - raft.grpc.server.install_snapshot.request.timeout = 3000ms (default)
2023-11-28 06:43:25,671 [s1@group-9F468C9C58F9-LeaderElection4] INFO  server.RaftServerConfigKeys (ConfUtils.java:logGet(46)) - raft.server.log.appender.install.snapshot.enabled = true (default)
2023-11-28 06:43:25,671 [s1@group-9F468C9C58F9-LeaderElection4] INFO  grpc.GrpcConfigKeys (ConfUtils.java:logGet(46)) - raft.grpc.server.heartbeat.channel = true (default)
2023-11-28 06:43:25,671 [s1@group-9F468C9C58F9-LeaderElection4] INFO  impl.RoleInfo (RoleInfo.java:updateAndGet(139)) - s1: start s1@group-9F468C9C58F9-LeaderStateImpl
2023-11-28 06:43:25,671 [s1@group-9F468C9C58F9-LeaderElection4] INFO  server.RaftServer$Division (RaftServerImpl.java:setFirstElection(564)) - s1@group-9F468C9C58F9: set firstElectionSinceStartup to false for becomeLeader
2023-11-28 06:43:25,671 [s1@group-9F468C9C58F9-LeaderElection4] INFO  server.RaftServer$Division (ServerState.java:setLeader(265)) - s1@group-9F468C9C58F9: change Leader from null to s1 at term 1 for becomeLeader, leader elected after 236ms
2023-11-28 06:43:25,671 [s1@group-9F468C9C58F9-LeaderElection4] INFO  segmented.SegmentedRaftLogWorker (SegmentedRaftLogWorker.java:startLogSegment(430)) - s1@group-9F468C9C58F9-SegmentedRaftLogWorker: Starting segment from index:0
2023-11-28 06:43:25,672 [s1@group-9F468C9C58F9-SegmentedRaftLogWorker] INFO  segmented.BufferedWriteChannel (BufferedWriteChannel.java:open(62)) - open log_inprogress_0 at position 0
2023-11-28 06:43:25,672 [s1@group-9F468C9C58F9-LeaderElection4] INFO  server.RaftServer$Division (ServerState.java:setRaftConf(382)) - s1@group-9F468C9C58F9: set configuration 0: peers:[s0|localhost:37071, s1|localhost:46337, s2|localhost:34801]|listeners:[], old=null
2023-11-28 06:43:25,684 [s2-server-thread1] INFO  server.RaftServer$Division (ServerState.java:setLeader(265)) - s2@group-9F468C9C58F9: change Leader from null to s1 at term 1 for appendEntries, leader elected after 239ms
2023-11-28 06:43:25,684 [s0-server-thread1] INFO  server.RaftServer$Division (ServerState.java:setLeader(265)) - s0@group-9F468C9C58F9: change Leader from null to s1 at term 1 for appendEntries, leader elected after 254ms
2023-11-28 06:43:25,685 [s1@group-9F468C9C58F9-SegmentedRaftLogWorker] INFO  segmented.SegmentedRaftLogWorker (SegmentedRaftLogWorker.java:execute(634)) - s1@group-9F468C9C58F9-SegmentedRaftLogWorker: created new log segment /home/runner/work/ratis/ratis/ratis-test/target/test/data/cc86e3b/MiniRaftClusterWithGrpcc3739894/s1/4bf1160f-2005-4060-a5aa-9f468c9c58f9/current/log_inprogress_0
2023-11-28 06:43:25,688 [s2-server-thread2] DEBUG server.RaftServer$Division (RaftServerImpl.java:logAppendEntries(1504)) - s2@group-9F468C9C58F9: receive appendEntries(s1, 1, null, -1, true, commits:[s1:c-1, s0:c-1, s2:c-1], cId:1, entries: [(t:1, i:0), CONFIGURATIONENTRY(current:id: "s0"
address: "localhost:37071"
dataStreamAddress: "localhost:40755"
clientAddress: "localhost:43007"
adminAddress: "localhost:38243"
startupRole: FOLLOWER
,id: "s1"
address: "localhost:46337"
dataStreamAddress: "localhost:35555"
clientAddress: "localhost:37939"
adminAddress: "localhost:41687"
startupRole: FOLLOWER
,id: "s2"
address: "localhost:34801"
dataStreamAddress: "localhost:35181"
clientAddress: "localhost:37249"
adminAddress: "localhost:36607"
startupRole: FOLLOWER
, old:)]
2023-11-28 06:43:25,688 [s2-server-thread2] INFO  server.RaftServer$Division (ServerState.java:setRaftConf(382)) - s2@group-9F468C9C58F9: set configuration 0: peers:[s0|localhost:37071, s1|localhost:46337, s2|localhost:34801]|listeners:[], old=null
2023-11-28 06:43:25,688 [s2-server-thread2] INFO  segmented.SegmentedRaftLogWorker (SegmentedRaftLogWorker.java:startLogSegment(430)) - s2@group-9F468C9C58F9-SegmentedRaftLogWorker: Starting segment from index:0
2023-11-28 06:43:25,689 [s2@group-9F468C9C58F9-SegmentedRaftLogWorker] INFO  segmented.BufferedWriteChannel (BufferedWriteChannel.java:open(62)) - open log_inprogress_0 at position 0
2023-11-28 06:43:25,689 [s0-server-thread2] DEBUG server.RaftServer$Division (RaftServerImpl.java:logAppendEntries(1504)) - s0@group-9F468C9C58F9: receive appendEntries(s1, 1, null, -1, true, commits:[s1:c-1, s0:c-1, s2:c-1], cId:1, entries: [(t:1, i:0), CONFIGURATIONENTRY(current:id: "s0"
address: "localhost:37071"
dataStreamAddress: "localhost:40755"
clientAddress: "localhost:43007"
adminAddress: "localhost:38243"
startupRole: FOLLOWER
,id: "s1"
address: "localhost:46337"
dataStreamAddress: "localhost:35555"
clientAddress: "localhost:37939"
adminAddress: "localhost:41687"
startupRole: FOLLOWER
,id: "s2"
address: "localhost:34801"
dataStreamAddress: "localhost:35181"
clientAddress: "localhost:37249"
adminAddress: "localhost:36607"
startupRole: FOLLOWER
, old:)]
2023-11-28 06:43:25,692 [s0-server-thread2] INFO  server.RaftServer$Division (ServerState.java:setRaftConf(382)) - s0@group-9F468C9C58F9: set configuration 0: peers:[s0|localhost:37071, s1|localhost:46337, s2|localhost:34801]|listeners:[], old=null
2023-11-28 06:43:25,692 [s0-server-thread2] INFO  segmented.SegmentedRaftLogWorker (SegmentedRaftLogWorker.java:startLogSegment(430)) - s0@group-9F468C9C58F9-SegmentedRaftLogWorker: Starting segment from index:0
2023-11-28 06:43:25,692 [s0@group-9F468C9C58F9-SegmentedRaftLogWorker] INFO  segmented.BufferedWriteChannel (BufferedWriteChannel.java:open(62)) - open log_inprogress_0 at position 0
2023-11-28 06:43:25,701 [s2@group-9F468C9C58F9-SegmentedRaftLogWorker] INFO  segmented.SegmentedRaftLogWorker (SegmentedRaftLogWorker.java:execute(634)) - s2@group-9F468C9C58F9-SegmentedRaftLogWorker: created new log segment /home/runner/work/ratis/ratis/ratis-test/target/test/data/cc86e3b/MiniRaftClusterWithGrpcc3739894/s2/4bf1160f-2005-4060-a5aa-9f468c9c58f9/current/log_inprogress_0
2023-11-28 06:43:25,702 [s0@group-9F468C9C58F9-SegmentedRaftLogWorker] INFO  segmented.SegmentedRaftLogWorker (SegmentedRaftLogWorker.java:execute(634)) - s0@group-9F468C9C58F9-SegmentedRaftLogWorker: created new log segment /home/runner/work/ratis/ratis/ratis-test/target/test/data/cc86e3b/MiniRaftClusterWithGrpcc3739894/s0/4bf1160f-2005-4060-a5aa-9f468c9c58f9/current/log_inprogress_0
2023-11-28 06:43:25,702 [s2-server-thread2] DEBUG server.RaftServer$Division (RaftServerImpl.java:logAppendEntries(1504)) - s2@group-9F468C9C58F9: succeeded to handle AppendEntries. Reply: s1<-s2#1:OK-t1,SUCCESS,nextIndex=1,followerCommit=-1,matchIndex=0
2023-11-28 06:43:25,705 [s0-server-thread2] DEBUG server.RaftServer$Division (RaftServerImpl.java:logAppendEntries(1504)) - s0@group-9F468C9C58F9: succeeded to handle AppendEntries. Reply: s1<-s0#1:OK-t1,SUCCESS,nextIndex=1,followerCommit=-1,matchIndex=0
2023-11-28 06:43:25,705 [s1@group-9F468C9C58F9-StateMachineUpdater] TRACE util.FileUtils (LogUtils.java:supplyAndLog(69)) - Successfully supplied FileChannel.open /home/runner/work/ratis/ratis/ratis-test/target/test/data/cc86e3b/MiniRaftClusterWithGrpcc3739894/s1/4bf1160f-2005-4060-a5aa-9f468c9c58f9/current/raft-meta.conf.tmp with options [CREATE, WRITE]: sun.nio.ch.FileChannelImpl@4f389b56
2023-11-28 06:43:25,707 [s1@group-9F468C9C58F9-StateMachineUpdater] TRACE util.FileUtils (LogUtils.java:runAndLog(49)) - Successfully ran Atomic Files.move /home/runner/work/ratis/ratis/ratis-test/target/test/data/cc86e3b/MiniRaftClusterWithGrpcc3739894/s1/4bf1160f-2005-4060-a5aa-9f468c9c58f9/current/raft-meta.conf.tmp to /home/runner/work/ratis/ratis/ratis-test/target/test/data/cc86e3b/MiniRaftClusterWithGrpcc3739894/s1/4bf1160f-2005-4060-a5aa-9f468c9c58f9/current/raft-meta.conf with options [REPLACE_EXISTING]
2023-11-28 06:43:25,707 [s1@group-9F468C9C58F9-StateMachineUpdater] INFO  server.RaftServer$Division (LeaderStateImpl.java:isApplied(316)) - leader is ready since appliedIndex == 0 >= startIndex == 0
2023-11-28 06:43:25,782 [s2@group-9F468C9C58F9-StateMachineUpdater] TRACE util.FileUtils (LogUtils.java:supplyAndLog(69)) - Successfully supplied FileChannel.open /home/runner/work/ratis/ratis/ratis-test/target/test/data/cc86e3b/MiniRaftClusterWithGrpcc3739894/s2/4bf1160f-2005-4060-a5aa-9f468c9c58f9/current/raft-meta.conf.tmp with options [CREATE, WRITE]: sun.nio.ch.FileChannelImpl@7167b5dd
2023-11-28 06:43:25,784 [s2@group-9F468C9C58F9-StateMachineUpdater] TRACE util.FileUtils (LogUtils.java:runAndLog(49)) - Successfully ran Atomic Files.move /home/runner/work/ratis/ratis/ratis-test/target/test/data/cc86e3b/MiniRaftClusterWithGrpcc3739894/s2/4bf1160f-2005-4060-a5aa-9f468c9c58f9/current/raft-meta.conf.tmp to /home/runner/work/ratis/ratis/ratis-test/target/test/data/cc86e3b/MiniRaftClusterWithGrpcc3739894/s2/4bf1160f-2005-4060-a5aa-9f468c9c58f9/current/raft-meta.conf with options [REPLACE_EXISTING]
2023-11-28 06:43:25,784 [s0@group-9F468C9C58F9-StateMachineUpdater] TRACE util.FileUtils (LogUtils.java:supplyAndLog(69)) - Successfully supplied FileChannel.open /home/runner/work/ratis/ratis/ratis-test/target/test/data/cc86e3b/MiniRaftClusterWithGrpcc3739894/s0/4bf1160f-2005-4060-a5aa-9f468c9c58f9/current/raft-meta.conf.tmp with options [CREATE, WRITE]: sun.nio.ch.FileChannelImpl@726cd04a
2023-11-28 06:43:25,785 [s0@group-9F468C9C58F9-StateMachineUpdater] TRACE util.FileUtils (LogUtils.java:runAndLog(49)) - Successfully ran Atomic Files.move /home/runner/work/ratis/ratis/ratis-test/target/test/data/cc86e3b/MiniRaftClusterWithGrpcc3739894/s0/4bf1160f-2005-4060-a5aa-9f468c9c58f9/current/raft-meta.conf.tmp to /home/runner/work/ratis/ratis/ratis-test/target/test/data/cc86e3b/MiniRaftClusterWithGrpcc3739894/s0/4bf1160f-2005-4060-a5aa-9f468c9c58f9/current/raft-meta.conf with options [REPLACE_EXISTING]
2023-11-28 06:43:25,932 [Time-limited test] INFO  ratis.RaftTestUtil (RaftTestUtil.java:waitForLeader(119)) - printing ALL groups
  s0:  RUNNING  FOLLOWER s0@group-9F468C9C58F9:t1, leader=s1, voted=s1, raftlog=Memoized:s0@group-9F468C9C58F9-SegmentedRaftLog:OPENED:c0, conf=0: peers:[s0|localhost:37071, s1|localhost:46337, s2|localhost:34801]|listeners:[], old=null RUNNING
  s1:  RUNNING    LEADER s1@group-9F468C9C58F9:t1, leader=s1, voted=s1, raftlog=Memoized:s1@group-9F468C9C58F9-SegmentedRaftLog:OPENED:c0, conf=0: peers:[s0|localhost:37071, s1|localhost:46337, s2|localhost:34801]|listeners:[], old=null RUNNING
  s2:  RUNNING  FOLLOWER s2@group-9F468C9C58F9:t1, leader=s1, voted=s1, raftlog=Memoized:s2@group-9F468C9C58F9-SegmentedRaftLog:OPENED:c0, conf=0: peers:[s0|localhost:37071, s1|localhost:46337, s2|localhost:34801]|listeners:[], old=null RUNNING
2023-11-28 06:43:25,962 [s0-client-thread1] DEBUG server.RaftServer$Division (RaftServerImpl.java:submitClientRequestAsync(893)) - s0@group-9F468C9C58F9: receive client request(RaftClientRequest:client-23DA7E6A7FE2->s0@group-9F468C9C58F9, cid=1, seq=null, RW, Message:6d31)
2023-11-28 06:43:25,963 [null-request--thread1] INFO  server.GrpcClientProtocolService (GrpcClientProtocolService.java:lambda$processClientRequest$0(284)) - Failed RaftClientRequest:client-23DA7E6A7FE2->s0@group-9F468C9C58F9, cid=1, seq=null, RW, Message:6d31, reply=RaftClientReply:client-23DA7E6A7FE2->s0@group-9F468C9C58F9, cid=1, FAILED org.apache.ratis.protocol.exceptions.NotLeaderException: Server s0@group-9F468C9C58F9 is not the leader s1|localhost:46337, logIndex=0, commits[s0:c0, s1:c0, s2:c0]
2023-11-28 06:43:26,080 [s1-client-thread1] DEBUG server.RaftServer$Division (RaftServerImpl.java:submitClientRequestAsync(893)) - s1@group-9F468C9C58F9: receive client request(RaftClientRequest:client-23DA7E6A7FE2->s1@group-9F468C9C58F9, cid=1, seq=null, RW, Message:6d31)
2023-11-28 06:43:26,081 [s1-client-thread1] DEBUG server.RaftServer$Division (LeaderStateImpl.java:addPendingRequest(517)) - s1@group-9F468C9C58F9-LeaderStateImpl: addPendingRequest at RaftClientRequest:client-23DA7E6A7FE2->s1@group-9F468C9C58F9, cid=1, seq=null, RW, Message:6d31, entry=(t:1, i:1), STATEMACHINELOGENTRY, 1@client-23DA7E6A7FE2
2023-11-28 06:43:26,082 [s0-server-thread1] DEBUG server.RaftServer$Division (RaftServerImpl.java:logAppendEntries(1504)) - s0@group-9F468C9C58F9: receive appendEntries(s1, 1, (t:1, i:0), 0, true, commits:[s1:c0, s0:c0, s2:c0], cId:8, entries: [(t:1, i:1), STATEMACHINELOGENTRY, 1@client-23DA7E6A7FE2]
2023-11-28 06:43:26,082 [s2-server-thread2] DEBUG server.RaftServer$Division (RaftServerImpl.java:logAppendEntries(1504)) - s2@group-9F468C9C58F9: receive appendEntries(s1, 1, (t:1, i:0), 0, true, commits:[s1:c0, s0:c0, s2:c0], cId:8, entries: [(t:1, i:1), STATEMACHINELOGENTRY, 1@client-23DA7E6A7FE2]
2023-11-28 06:43:26,083 [s0-server-thread1] DEBUG server.RaftServer$Division (RaftServerImpl.java:logAppendEntries(1504)) - s0@group-9F468C9C58F9: succeeded to handle AppendEntries. Reply: s1<-s0#8:OK-t1,SUCCESS,nextIndex=2,followerCommit=0,matchIndex=1
2023-11-28 06:43:26,083 [s2-server-thread2] DEBUG server.RaftServer$Division (RaftServerImpl.java:logAppendEntries(1504)) - s2@group-9F468C9C58F9: succeeded to handle AppendEntries. Reply: s1<-s2#8:OK-t1,SUCCESS,nextIndex=2,followerCommit=0,matchIndex=1
2023-11-28 06:43:26,084 [s1@group-9F468C9C58F9-StateMachineUpdater] INFO  impl.SimpleStateMachine4Testing (SimpleStateMachine4Testing.java:applyTransaction(248)) - applyTransaction for log index 1
2023-11-28 06:43:26,084 [s1@group-9F468C9C58F9-StateMachineUpdater] INFO  impl.SimpleStateMachine4Testing (SimpleStateMachine4Testing.java:put(205)) - s1: put 1, m1 -> (t:1, i:1), STATEMACHINELOGENTRY, 1@client-23DA7E6A7FE2
2023-11-28 06:43:26,085 [s0-server-thread1] DEBUG server.RaftServer$Division (RaftServerImpl.java:logAppendEntries(1504)) - s0@group-9F468C9C58F9: receive appendEntries(s1, 1, (t:1, i:1), 1, true, commits:[s1:c1, s0:c0, s2:c0], cId:9, entries: [(t:1, i:2), METADATAENTRY(c:1)]
2023-11-28 06:43:26,085 [s2-server-thread2] DEBUG server.RaftServer$Division (RaftServerImpl.java:logAppendEntries(1504)) - s2@group-9F468C9C58F9: receive appendEntries(s1, 1, (t:1, i:1), 1, true, commits:[s1:c1, s0:c0, s2:c0], cId:9, entries: [(t:1, i:2), METADATAENTRY(c:1)]
2023-11-28 06:43:26,086 [s2-server-thread2] DEBUG server.RaftServer$Division (RaftServerImpl.java:logAppendEntries(1504)) - s2@group-9F468C9C58F9: succeeded to handle AppendEntries. Reply: s1<-s2#9:OK-t1,SUCCESS,nextIndex=3,followerCommit=1,matchIndex=2
2023-11-28 06:43:26,086 [s2@group-9F468C9C58F9-StateMachineUpdater] INFO  impl.SimpleStateMachine4Testing (SimpleStateMachine4Testing.java:applyTransaction(248)) - applyTransaction for log index 1
2023-11-28 06:43:26,086 [s2@group-9F468C9C58F9-StateMachineUpdater] INFO  impl.SimpleStateMachine4Testing (SimpleStateMachine4Testing.java:put(205)) - s2: put 1, m1 -> (t:1, i:1), STATEMACHINELOGENTRY, 1@client-23DA7E6A7FE2
2023-11-28 06:43:26,087 [s0-server-thread1] DEBUG server.RaftServer$Division (RaftServerImpl.java:logAppendEntries(1504)) - s0@group-9F468C9C58F9: succeeded to handle AppendEntries. Reply: s1<-s0#9:OK-t1,SUCCESS,nextIndex=3,followerCommit=1,matchIndex=2
2023-11-28 06:43:26,087 [s0@group-9F468C9C58F9-StateMachineUpdater] INFO  impl.SimpleStateMachine4Testing (SimpleStateMachine4Testing.java:applyTransaction(248)) - applyTransaction for log index 1
2023-11-28 06:43:26,087 [s0@group-9F468C9C58F9-StateMachineUpdater] INFO  impl.SimpleStateMachine4Testing (SimpleStateMachine4Testing.java:put(205)) - s0: put 1, m1 -> (t:1, i:1), STATEMACHINELOGENTRY, 1@client-23DA7E6A7FE2
2023-11-28 06:43:26,088 [s1-client-thread1] DEBUG server.RaftServer$Division (RaftServerImpl.java:submitClientRequestAsync(893)) - s1@group-9F468C9C58F9: receive client request(RaftClientRequest:client-23DA7E6A7FE2->s1@group-9F468C9C58F9, cid=2, seq=null, RW, Message:6d32)
2023-11-28 06:43:26,088 [s1-client-thread1] DEBUG server.RetryCache (RetryCacheImpl.java:invalidateRepliedRequests(240)) - invalidateRepliedRequests callIds [1] for client-23DA7E6A7FE2
2023-11-28 06:43:26,092 [s1-client-thread1] DEBUG server.RaftServer$Division (LeaderStateImpl.java:addPendingRequest(517)) - s1@group-9F468C9C58F9-LeaderStateImpl: addPendingRequest at RaftClientRequest:client-23DA7E6A7FE2->s1@group-9F468C9C58F9, cid=2, seq=null, RW, Message:6d32, entry=(t:1, i:3), STATEMACHINELOGENTRY, 2@client-23DA7E6A7FE2
2023-11-28 06:43:26,093 [s0-server-thread1] DEBUG server.RaftServer$Division (RaftServerImpl.java:logAppendEntries(1504)) - s0@group-9F468C9C58F9: receive appendEntries(s1, 1, (t:1, i:2), 2, true, commits:[s1:c2, s0:c1, s2:c1], cId:12, entries: [(t:1, i:3), STATEMACHINELOGENTRY, 2@client-23DA7E6A7FE2]
2023-11-28 06:43:26,093 [s2-server-thread2] DEBUG server.RaftServer$Division (RaftServerImpl.java:logAppendEntries(1504)) - s2@group-9F468C9C58F9: receive appendEntries(s1, 1, (t:1, i:2), 2, true, commits:[s1:c2, s0:c1, s2:c1], cId:11, entries: [(t:1, i:3), STATEMACHINELOGENTRY, 2@client-23DA7E6A7FE2]
2023-11-28 06:43:26,094 [s0-server-thread1] DEBUG server.RaftServer$Division (RaftServerImpl.java:logAppendEntries(1504)) - s0@group-9F468C9C58F9: succeeded to handle AppendEntries. Reply: s1<-s0#12:OK-t1,SUCCESS,nextIndex=4,followerCommit=2,matchIndex=3
2023-11-28 06:43:26,094 [s2-server-thread2] DEBUG server.RaftServer$Division (RaftServerImpl.java:logAppendEntries(1504)) - s2@group-9F468C9C58F9: succeeded to handle AppendEntries. Reply: s1<-s2#11:OK-t1,SUCCESS,nextIndex=4,followerCommit=2,matchIndex=3
2023-11-28 06:43:26,095 [s1@group-9F468C9C58F9-StateMachineUpdater] INFO  impl.SimpleStateMachine4Testing (SimpleStateMachine4Testing.java:applyTransaction(248)) - applyTransaction for log index 3
2023-11-28 06:43:26,095 [s1@group-9F468C9C58F9-StateMachineUpdater] INFO  impl.SimpleStateMachine4Testing (SimpleStateMachine4Testing.java:put(205)) - s1: put 3, m2 -> (t:1, i:3), STATEMACHINELOGENTRY, 2@client-23DA7E6A7FE2
2023-11-28 06:43:26,098 [s2-server-thread2] DEBUG server.RaftServer$Division (RaftServerImpl.java:logAppendEntries(1504)) - s2@group-9F468C9C58F9: receive appendEntries(s1, 1, (t:1, i:3), 3, true, commits:[s1:c3, s0:c2, s2:c2], cId:13, entries: [(t:1, i:4), METADATAENTRY(c:3)]
2023-11-28 06:43:26,099 [s2-server-thread2] DEBUG server.RaftServer$Division (RaftServerImpl.java:logAppendEntries(1504)) - s2@group-9F468C9C58F9: succeeded to handle AppendEntries. Reply: s1<-s2#13:OK-t1,SUCCESS,nextIndex=5,followerCommit=3,matchIndex=4
2023-11-28 06:43:26,099 [s2@group-9F468C9C58F9-StateMachineUpdater] INFO  impl.SimpleStateMachine4Testing (SimpleStateMachine4Testing.java:applyTransaction(248)) - applyTransaction for log index 3
2023-11-28 06:43:26,099 [s2@group-9F468C9C58F9-StateMachineUpdater] INFO  impl.SimpleStateMachine4Testing (SimpleStateMachine4Testing.java:put(205)) - s2: put 3, m2 -> (t:1, i:3), STATEMACHINELOGENTRY, 2@client-23DA7E6A7FE2
2023-11-28 06:43:26,100 [s0-server-thread1] DEBUG server.RaftServer$Division (RaftServerImpl.java:logAppendEntries(1504)) - s0@group-9F468C9C58F9: receive appendEntries(s1, 1, (t:1, i:3), 3, true, commits:[s1:c3, s0:c2, s2:c2], cId:13, entries: [(t:1, i:4), METADATAENTRY(c:3)]
2023-11-28 06:43:26,101 [s0-server-thread1] DEBUG server.RaftServer$Division (RaftServerImpl.java:logAppendEntries(1504)) - s0@group-9F468C9C58F9: succeeded to handle AppendEntries. Reply: s1<-s0#13:OK-t1,SUCCESS,nextIndex=5,followerCommit=3,matchIndex=4
2023-11-28 06:43:26,101 [s0@group-9F468C9C58F9-StateMachineUpdater] INFO  impl.SimpleStateMachine4Testing (SimpleStateMachine4Testing.java:applyTransaction(248)) - applyTransaction for log index 3
2023-11-28 06:43:26,101 [s0@group-9F468C9C58F9-StateMachineUpdater] INFO  impl.SimpleStateMachine4Testing (SimpleStateMachine4Testing.java:put(205)) - s0: put 3, m2 -> (t:1, i:3), STATEMACHINELOGENTRY, 2@client-23DA7E6A7FE2
2023-11-28 06:43:26,103 [s1-client-thread1] DEBUG server.RaftServer$Division (RaftServerImpl.java:submitClientRequestAsync(893)) - s1@group-9F468C9C58F9: receive client request(RaftClientRequest:client-23DA7E6A7FE2->s1@group-9F468C9C58F9, cid=3, seq=null, RW, Message:6d33)
2023-11-28 06:43:26,103 [s1-client-thread1] DEBUG server.RetryCache (RetryCacheImpl.java:invalidateRepliedRequests(240)) - invalidateRepliedRequests callIds [2] for client-23DA7E6A7FE2
2023-11-28 06:43:26,104 [s1-client-thread1] DEBUG server.RaftServer$Division (LeaderStateImpl.java:addPendingRequest(517)) - s1@group-9F468C9C58F9-LeaderStateImpl: addPendingRequest at RaftClientRequest:client-23DA7E6A7FE2->s1@group-9F468C9C58F9, cid=3, seq=null, RW, Message:6d33, entry=(t:1, i:5), STATEMACHINELOGENTRY, 3@client-23DA7E6A7FE2
2023-11-28 06:43:26,105 [s2-server-thread2] DEBUG server.RaftServer$Division (RaftServerImpl.java:logAppendEntries(1504)) - s2@group-9F468C9C58F9: receive appendEntries(s1, 1, (t:1, i:4), 4, true, commits:[s1:c4, s0:c3, s2:c3], cId:16, entries: [(t:1, i:5), STATEMACHINELOGENTRY, 3@client-23DA7E6A7FE2]
2023-11-28 06:43:26,105 [s0-server-thread1] DEBUG server.RaftServer$Division (RaftServerImpl.java:logAppendEntries(1504)) - s0@group-9F468C9C58F9: receive appendEntries(s1, 1, (t:1, i:4), 4, true, commits:[s1:c4, s0:c3, s2:c3], cId:17, entries: [(t:1, i:5), STATEMACHINELOGENTRY, 3@client-23DA7E6A7FE2]
2023-11-28 06:43:26,106 [s2-server-thread2] DEBUG server.RaftServer$Division (RaftServerImpl.java:logAppendEntries(1504)) - s2@group-9F468C9C58F9: succeeded to handle AppendEntries. Reply: s1<-s2#16:OK-t1,SUCCESS,nextIndex=6,followerCommit=4,matchIndex=5
2023-11-28 06:43:26,106 [s0-server-thread1] DEBUG server.RaftServer$Division (RaftServerImpl.java:logAppendEntries(1504)) - s0@group-9F468C9C58F9: succeeded to handle AppendEntries. Reply: s1<-s0#17:OK-t1,SUCCESS,nextIndex=6,followerCommit=4,matchIndex=5
2023-11-28 06:43:26,107 [s1@group-9F468C9C58F9-StateMachineUpdater] INFO  impl.SimpleStateMachine4Testing (SimpleStateMachine4Testing.java:applyTransaction(248)) - applyTransaction for log index 5
2023-11-28 06:43:26,107 [s1@group-9F468C9C58F9-StateMachineUpdater] INFO  impl.SimpleStateMachine4Testing (SimpleStateMachine4Testing.java:put(205)) - s1: put 5, m3 -> (t:1, i:5), STATEMACHINELOGENTRY, 3@client-23DA7E6A7FE2
2023-11-28 06:43:26,108 [s2-server-thread2] DEBUG server.RaftServer$Division (RaftServerImpl.java:logAppendEntries(1504)) - s2@group-9F468C9C58F9: receive appendEntries(s1, 1, (t:1, i:5), 5, true, commits:[s1:c5, s0:c4, s2:c4], cId:17, entries: [(t:1, i:6), METADATAENTRY(c:5)]
2023-11-28 06:43:26,108 [s2-server-thread2] DEBUG server.RaftServer$Division (RaftServerImpl.java:logAppendEntries(1504)) - s2@group-9F468C9C58F9: succeeded to handle AppendEntries. Reply: s1<-s2#17:OK-t1,SUCCESS,nextIndex=7,followerCommit=5,matchIndex=6
2023-11-28 06:43:26,109 [s2@group-9F468C9C58F9-StateMachineUpdater] INFO  impl.SimpleStateMachine4Testing (SimpleStateMachine4Testing.java:applyTransaction(248)) - applyTransaction for log index 5
2023-11-28 06:43:26,109 [s2@group-9F468C9C58F9-StateMachineUpdater] INFO  impl.SimpleStateMachine4Testing (SimpleStateMachine4Testing.java:put(205)) - s2: put 5, m3 -> (t:1, i:5), STATEMACHINELOGENTRY, 3@client-23DA7E6A7FE2
2023-11-28 06:43:26,109 [s0-server-thread1] DEBUG server.RaftServer$Division (RaftServerImpl.java:logAppendEntries(1504)) - s0@group-9F468C9C58F9: receive appendEntries(s1, 1, (t:1, i:5), 5, true, commits:[s1:c5, s0:c4, s2:c4], cId:18, entries: [(t:1, i:6), METADATAENTRY(c:5)]
2023-11-28 06:43:26,110 [s0-server-thread1] DEBUG server.RaftServer$Division (RaftServerImpl.java:logAppendEntries(1504)) - s0@group-9F468C9C58F9: succeeded to handle AppendEntries. Reply: s1<-s0#18:OK-t1,SUCCESS,nextIndex=7,followerCommit=5,matchIndex=6
2023-11-28 06:43:26,110 [s0@group-9F468C9C58F9-StateMachineUpdater] INFO  impl.SimpleStateMachine4Testing (SimpleStateMachine4Testing.java:applyTransaction(248)) - applyTransaction for log index 5
2023-11-28 06:43:26,110 [s0@group-9F468C9C58F9-StateMachineUpdater] INFO  impl.SimpleStateMachine4Testing (SimpleStateMachine4Testing.java:put(205)) - s0: put 5, m3 -> (t:1, i:5), STATEMACHINELOGENTRY, 3@client-23DA7E6A7FE2
2023-11-28 06:43:26,111 [s1-client-thread1] DEBUG server.RaftServer$Division (RaftServerImpl.java:submitClientRequestAsync(893)) - s1@group-9F468C9C58F9: receive client request(RaftClientRequest:client-23DA7E6A7FE2->s1@group-9F468C9C58F9, cid=4, seq=null, RW, Message:6d34)
2023-11-28 06:43:26,111 [s1-client-thread1] DEBUG server.RetryCache (RetryCacheImpl.java:invalidateRepliedRequests(240)) - invalidateRepliedRequests callIds [3] for client-23DA7E6A7FE2
2023-11-28 06:43:26,112 [s1-client-thread1] DEBUG server.RaftServer$Division (LeaderStateImpl.java:addPendingRequest(517)) - s1@group-9F468C9C58F9-LeaderStateImpl: addPendingRequest at RaftClientRequest:client-23DA7E6A7FE2->s1@group-9F468C9C58F9, cid=4, seq=null, RW, Message:6d34, entry=(t:1, i:7), STATEMACHINELOGENTRY, 4@client-23DA7E6A7FE2
2023-11-28 06:43:26,113 [s2-server-thread2] DEBUG server.RaftServer$Division (RaftServerImpl.java:logAppendEntries(1504)) - s2@group-9F468C9C58F9: receive appendEntries(s1, 1, (t:1, i:6), 6, true, commits:[s1:c6, s0:c5, s2:c5], cId:20, entries: [(t:1, i:7), STATEMACHINELOGENTRY, 4@client-23DA7E6A7FE2]
2023-11-28 06:43:26,113 [s0-server-thread1] DEBUG server.RaftServer$Division (RaftServerImpl.java:logAppendEntries(1504)) - s0@group-9F468C9C58F9: receive appendEntries(s1, 1, (t:1, i:6), 6, true, commits:[s1:c6, s0:c5, s2:c5], cId:21, entries: [(t:1, i:7), STATEMACHINELOGENTRY, 4@client-23DA7E6A7FE2]
2023-11-28 06:43:26,113 [s2-server-thread2] DEBUG server.RaftServer$Division (RaftServerImpl.java:logAppendEntries(1504)) - s2@group-9F468C9C58F9: succeeded to handle AppendEntries. Reply: s1<-s2#20:OK-t1,SUCCESS,nextIndex=8,followerCommit=6,matchIndex=7
2023-11-28 06:43:26,114 [s0-server-thread1] DEBUG server.RaftServer$Division (RaftServerImpl.java:logAppendEntries(1504)) - s0@group-9F468C9C58F9: succeeded to handle AppendEntries. Reply: s1<-s0#21:OK-t1,SUCCESS,nextIndex=8,followerCommit=6,matchIndex=7
2023-11-28 06:43:26,114 [s1@group-9F468C9C58F9-StateMachineUpdater] INFO  impl.SimpleStateMachine4Testing (SimpleStateMachine4Testing.java:applyTransaction(248)) - applyTransaction for log index 7
2023-11-28 06:43:26,115 [s1@group-9F468C9C58F9-StateMachineUpdater] INFO  impl.SimpleStateMachine4Testing (SimpleStateMachine4Testing.java:put(205)) - s1: put 7, m4 -> (t:1, i:7), STATEMACHINELOGENTRY, 4@client-23DA7E6A7FE2
2023-11-28 06:43:26,116 [s2-server-thread2] DEBUG server.RaftServer$Division (RaftServerImpl.java:logAppendEntries(1504)) - s2@group-9F468C9C58F9: receive appendEntries(s1, 1, (t:1, i:7), 7, true, commits:[s1:c7, s0:c6, s2:c6], cId:21, entries: [(t:1, i:8), METADATAENTRY(c:7)]
2023-11-28 06:43:26,116 [s0-server-thread1] DEBUG server.RaftServer$Division (RaftServerImpl.java:logAppendEntries(1504)) - s0@group-9F468C9C58F9: receive appendEntries(s1, 1, (t:1, i:7), 7, true, commits:[s1:c7, s0:c6, s2:c6], cId:23, entries: [(t:1, i:8), METADATAENTRY(c:7)]
2023-11-28 06:43:26,116 [s2-server-thread2] DEBUG server.RaftServer$Division (RaftServerImpl.java:logAppendEntries(1504)) - s2@group-9F468C9C58F9: succeeded to handle AppendEntries. Reply: s1<-s2#21:OK-t1,SUCCESS,nextIndex=9,followerCommit=7,matchIndex=8
2023-11-28 06:43:26,117 [s2@group-9F468C9C58F9-StateMachineUpdater] INFO  impl.SimpleStateMachine4Testing (SimpleStateMachine4Testing.java:applyTransaction(248)) - applyTransaction for log index 7
2023-11-28 06:43:26,117 [s2@group-9F468C9C58F9-StateMachineUpdater] INFO  impl.SimpleStateMachine4Testing (SimpleStateMachine4Testing.java:put(205)) - s2: put 7, m4 -> (t:1, i:7), STATEMACHINELOGENTRY, 4@client-23DA7E6A7FE2
2023-11-28 06:43:26,118 [s0@group-9F468C9C58F9-StateMachineUpdater] INFO  impl.SimpleStateMachine4Testing (SimpleStateMachine4Testing.java:applyTransaction(248)) - applyTransaction for log index 7
2023-11-28 06:43:26,118 [s0@group-9F468C9C58F9-StateMachineUpdater] INFO  impl.SimpleStateMachine4Testing (SimpleStateMachine4Testing.java:put(205)) - s0: put 7, m4 -> (t:1, i:7), STATEMACHINELOGENTRY, 4@client-23DA7E6A7FE2
2023-11-28 06:43:26,118 [s0-server-thread1] DEBUG server.RaftServer$Division (RaftServerImpl.java:logAppendEntries(1504)) - s0@group-9F468C9C58F9: succeeded to handle AppendEntries. Reply: s1<-s0#23:OK-t1,SUCCESS,nextIndex=9,followerCommit=7,matchIndex=8
2023-11-28 06:43:26,118 [s1-client-thread1] DEBUG server.RaftServer$Division (RaftServerImpl.java:submitClientRequestAsync(893)) - s1@group-9F468C9C58F9: receive client request(RaftClientRequest:client-23DA7E6A7FE2->s1@group-9F468C9C58F9, cid=5, seq=null, RW, Message:6d35)
2023-11-28 06:43:26,118 [s1-client-thread1] DEBUG server.RetryCache (RetryCacheImpl.java:invalidateRepliedRequests(240)) - invalidateRepliedRequests callIds [4] for client-23DA7E6A7FE2
2023-11-28 06:43:26,119 [s1-client-thread1] DEBUG server.RaftServer$Division (LeaderStateImpl.java:addPendingRequest(517)) - s1@group-9F468C9C58F9-LeaderStateImpl: addPendingRequest at RaftClientRequest:client-23DA7E6A7FE2->s1@group-9F468C9C58F9, cid=5, seq=null, RW, Message:6d35, entry=(t:1, i:9), STATEMACHINELOGENTRY, 5@client-23DA7E6A7FE2
2023-11-28 06:43:26,120 [s0-server-thread1] DEBUG server.RaftServer$Division (RaftServerImpl.java:logAppendEntries(1504)) - s0@group-9F468C9C58F9: receive appendEntries(s1, 1, (t:1, i:8), 8, true, commits:[s1:c8, s0:c7, s2:c7], cId:25, entries: [(t:1, i:9), STATEMACHINELOGENTRY, 5@client-23DA7E6A7FE2]
2023-11-28 06:43:26,120 [s2-server-thread2] DEBUG server.RaftServer$Division (RaftServerImpl.java:logAppendEntries(1504)) - s2@group-9F468C9C58F9: receive appendEntries(s1, 1, (t:1, i:8), 8, true, commits:[s1:c8, s0:c7, s2:c7], cId:23, entries: [(t:1, i:9), STATEMACHINELOGENTRY, 5@client-23DA7E6A7FE2]
2023-11-28 06:43:26,121 [s0-server-thread1] DEBUG server.RaftServer$Division (RaftServerImpl.java:logAppendEntries(1504)) - s0@group-9F468C9C58F9: succeeded to handle AppendEntries. Reply: s1<-s0#25:OK-t1,SUCCESS,nextIndex=10,followerCommit=8,matchIndex=9
2023-11-28 06:43:26,121 [s2-server-thread2] DEBUG server.RaftServer$Division (RaftServerImpl.java:logAppendEntries(1504)) - s2@group-9F468C9C58F9: succeeded to handle AppendEntries. Reply: s1<-s2#23:OK-t1,SUCCESS,nextIndex=10,followerCommit=8,matchIndex=9
2023-11-28 06:43:26,121 [s1@group-9F468C9C58F9-StateMachineUpdater] INFO  impl.SimpleStateMachine4Testing (SimpleStateMachine4Testing.java:applyTransaction(248)) - applyTransaction for log index 9
2023-11-28 06:43:26,122 [s1@group-9F468C9C58F9-StateMachineUpdater] INFO  impl.SimpleStateMachine4Testing (SimpleStateMachine4Testing.java:put(205)) - s1: put 9, m5 -> (t:1, i:9), STATEMACHINELOGENTRY, 5@client-23DA7E6A7FE2
2023-11-28 06:43:26,123 [s2-server-thread2] DEBUG server.RaftServer$Division (RaftServerImpl.java:logAppendEntries(1504)) - s2@group-9F468C9C58F9: receive appendEntries(s1, 1, (t:1, i:9), 9, true, commits:[s1:c9, s0:c8, s2:c7], cId:24, entries: [(t:1, i:10), METADATAENTRY(c:9)]
2023-11-28 06:43:26,124 [s2@group-9F468C9C58F9-StateMachineUpdater] INFO  impl.SimpleStateMachine4Testing (SimpleStateMachine4Testing.java:applyTransaction(248)) - applyTransaction for log index 9
2023-11-28 06:43:26,124 [s2@group-9F468C9C58F9-StateMachineUpdater] INFO  impl.SimpleStateMachine4Testing (SimpleStateMachine4Testing.java:put(205)) - s2: put 9, m5 -> (t:1, i:9), STATEMACHINELOGENTRY, 5@client-23DA7E6A7FE2
2023-11-28 06:43:26,124 [s0-server-thread1] DEBUG server.RaftServer$Division (RaftServerImpl.java:logAppendEntries(1504)) - s0@group-9F468C9C58F9: receive appendEntries(s1, 1, (t:1, i:9), 9, true, commits:[s1:c9, s0:c8, s2:c7], cId:26, entries: [(t:1, i:10), METADATAENTRY(c:9)]
2023-11-28 06:43:26,124 [s2-server-thread2] DEBUG server.RaftServer$Division (RaftServerImpl.java:logAppendEntries(1504)) - s2@group-9F468C9C58F9: succeeded to handle AppendEntries. Reply: s1<-s2#24:OK-t1,SUCCESS,nextIndex=11,followerCommit=9,matchIndex=10
2023-11-28 06:43:26,125 [s0@group-9F468C9C58F9-StateMachineUpdater] INFO  impl.SimpleStateMachine4Testing (SimpleStateMachine4Testing.java:applyTransaction(248)) - applyTransaction for log index 9
2023-11-28 06:43:26,125 [Time-limited test] INFO  impl.SimpleStateMachine4Testing (SimpleStateMachine4Testing.java:block(135)) - block APPLY_TRANSACTION
2023-11-28 06:43:26,125 [s0@group-9F468C9C58F9-StateMachineUpdater] INFO  impl.SimpleStateMachine4Testing (SimpleStateMachine4Testing.java:put(205)) - s0: put 9, m5 -> (t:1, i:9), STATEMACHINELOGENTRY, 5@client-23DA7E6A7FE2
2023-11-28 06:43:26,125 [s0-server-thread1] DEBUG server.RaftServer$Division (RaftServerImpl.java:logAppendEntries(1504)) - s0@group-9F468C9C58F9: succeeded to handle AppendEntries. Reply: s1<-s0#26:OK-t1,SUCCESS,nextIndex=11,followerCommit=9,matchIndex=10
2023-11-28 06:43:26,136 [s1-client-thread1] DEBUG server.RaftServer$Division (RaftServerImpl.java:submitClientRequestAsync(893)) - s1@group-9F468C9C58F9: receive client request(RaftClientRequest:client-23DA7E6A7FE2->s1@group-9F468C9C58F9, cid=6, seq=1*, Watch(0), Message:<EMPTY>)
2023-11-28 06:43:26,136 [s1-client-thread1] DEBUG server.RetryCache (RetryCacheImpl.java:invalidateRepliedRequests(240)) - invalidateRepliedRequests callIds [5] for client-23DA7E6A7FE2
2023-11-28 06:43:26,136 [s1-client-thread1] DEBUG server.RaftServer$Division (LeaderStateImpl.java:addWatchReqeust(535)) - s1@group-9F468C9C58F9-LeaderStateImpl: addWatchRequest RaftClientRequest:client-23DA7E6A7FE2->s1@group-9F468C9C58F9, cid=6, seq=1*, Watch(0), Message:<EMPTY>
2023-11-28 06:43:26,140 [Thread-140] ERROR impl.OrderedAsync (OrderedAsync.java:lambda$sendRequest$9(247)) - client-23DA7E6A7FE2: Failed* RaftClientRequest:client-23DA7E6A7FE2->s1@group-9F468C9C58F9, cid=6, seq=1*, Watch(0), null
java.util.concurrent.CompletionException: org.apache.ratis.protocol.exceptions.AlreadyClosedException: client-23DA7E6A7FE2->s1: Stream close: no reply for async request cid=6
	at java.base/java.util.concurrent.CompletableFuture.encodeThrowable(CompletableFuture.java:331)
	at java.base/java.util.concurrent.CompletableFuture.completeThrowable(CompletableFuture.java:346)
	at java.base/java.util.concurrent.CompletableFuture$UniApply.tryFire(CompletableFuture.java:632)
	at java.base/java.util.concurrent.CompletableFuture.postComplete(CompletableFuture.java:506)
	at java.base/java.util.concurrent.CompletableFuture.completeExceptionally(CompletableFuture.java:2094)
	at org.apache.ratis.grpc.client.GrpcClientProtocolClient$AsyncStreamObservers.completeReplyExceptionally(GrpcClientProtocolClient.java:394)
	at org.apache.ratis.grpc.client.GrpcClientProtocolClient$AsyncStreamObservers.close(GrpcClientProtocolClient.java:383)
	at org.apache.ratis.grpc.client.GrpcClientProtocolClient$AsyncStreamObservers.access$500(GrpcClientProtocolClient.java:300)
	at org.apache.ratis.grpc.client.GrpcClientProtocolClient.lambda$close$3(GrpcClientProtocolClient.java:160)
	at java.base/java.util.Optional.ifPresent(Optional.java:183)
	at org.apache.ratis.grpc.client.GrpcClientProtocolClient.close(GrpcClientProtocolClient.java:160)
	at org.apache.ratis.util.PeerProxyMap.closeProxy(PeerProxyMap.java:168)
	at org.apache.ratis.util.PeerProxyMap.lambda$close$3(PeerProxyMap.java:160)
	at java.base/java.util.Optional.ifPresent(Optional.java:183)
	at org.apache.ratis.util.PeerProxyMap.lambda$close$4(PeerProxyMap.java:160)
	at org.apache.ratis.util.ConcurrentUtils.accept(ConcurrentUtils.java:203)
	at org.apache.ratis.util.ConcurrentUtils.lambda$parallelForEachAsync$4(ConcurrentUtils.java:182)
	at java.base/java.lang.Thread.run(Thread.java:829)
Caused by: org.apache.ratis.protocol.exceptions.AlreadyClosedException: client-23DA7E6A7FE2->s1: Stream close: no reply for async request cid=6
	at org.apache.ratis.grpc.client.GrpcClientProtocolClient$AsyncStreamObservers.completeReplyExceptionally(GrpcClientProtocolClient.java:396)
	... 12 more
2023-11-28 06:43:26,143 [Time-limited test] INFO  impl.MiniRaftCluster (MiniRaftCluster.java:shutdown(831)) - ************************************************************** 
2023-11-28 06:43:26,143 [Time-limited test] INFO  impl.MiniRaftCluster (MiniRaftCluster.java:shutdown(832)) - *** 
2023-11-28 06:43:26,143 [Time-limited test] INFO  impl.MiniRaftCluster (MiniRaftCluster.java:shutdown(833)) - ***     Stopping MiniRaftClusterWithGrpc
2023-11-28 06:43:26,143 [Time-limited test] INFO  impl.MiniRaftCluster (MiniRaftCluster.java:shutdown(834)) - *** 
2023-11-28 06:43:26,143 [Time-limited test] INFO  impl.MiniRaftCluster (MiniRaftCluster.java:shutdown(835)) - ************************************************************** 
2023-11-28 06:43:26,143 [Time-limited test] INFO  impl.MiniRaftCluster (MiniRaftCluster.java:shutdown(836)) - printing ALL groups
  s0:  RUNNING  FOLLOWER s0@group-9F468C9C58F9:t1, leader=s1, voted=s1, raftlog=Memoized:s0@group-9F468C9C58F9-SegmentedRaftLog:OPENED:c9, conf=0: peers:[s0|localhost:37071, s1|localhost:46337, s2|localhost:34801]|listeners:[], old=null RUNNING
  s1:  RUNNING    LEADER s1@group-9F468C9C58F9:t1, leader=s1, voted=s1, raftlog=Memoized:s1@group-9F468C9C58F9-SegmentedRaftLog:OPENED:c10, conf=0: peers:[s0|localhost:37071, s1|localhost:46337, s2|localhost:34801]|listeners:[], old=null RUNNING
  s2:  RUNNING  FOLLOWER s2@group-9F468C9C58F9:t1, leader=s1, voted=s1, raftlog=Memoized:s2@group-9F468C9C58F9-SegmentedRaftLog:OPENED:c9, conf=0: peers:[s0|localhost:37071, s1|localhost:46337, s2|localhost:34801]|listeners:[], old=null RUNNING
2023-11-28 06:43:26,144 [MiniRaftCluster-4] INFO  server.RaftServer (RaftServerProxy.java:lambda$close$9(416)) - s0: close
2023-11-28 06:43:26,144 [MiniRaftCluster-5] INFO  server.RaftServer (RaftServerProxy.java:lambda$close$9(416)) - s1: close
2023-11-28 06:43:26,144 [MiniRaftCluster-4] INFO  server.GrpcService (GrpcService.java:closeImpl(311)) - s0: shutdown server org.apache.ratis.grpc.server.GrpcClientProtocolService now
2023-11-28 06:43:26,144 [MiniRaftCluster-5] INFO  server.GrpcService (GrpcService.java:closeImpl(311)) - s1: shutdown server org.apache.ratis.grpc.server.GrpcClientProtocolService now
2023-11-28 06:43:26,144 [MiniRaftCluster-6] INFO  server.RaftServer (RaftServerProxy.java:lambda$close$9(416)) - s2: close
2023-11-28 06:43:26,144 [s0-impl-thread1] INFO  server.RaftServer$Division (RaftServerImpl.java:lambda$close$3(516)) - s0@group-9F468C9C58F9: shutdown
2023-11-28 06:43:26,145 [s2-impl-thread1] INFO  server.RaftServer$Division (RaftServerImpl.java:lambda$close$3(516)) - s2@group-9F468C9C58F9: shutdown
2023-11-28 06:43:26,145 [s0-impl-thread1] INFO  util.JmxRegister (JmxRegister.java:unregister(73)) - Successfully un-registered JMX Bean with object name Ratis:service=RaftServer,group=group-9F468C9C58F9,id=s0
2023-11-28 06:43:26,145 [MiniRaftCluster-6] INFO  server.GrpcService (GrpcService.java:closeImpl(311)) - s2: shutdown server org.apache.ratis.grpc.server.GrpcClientProtocolService now
2023-11-28 06:43:26,144 [s1-impl-thread1] INFO  server.RaftServer$Division (RaftServerImpl.java:lambda$close$3(516)) - s1@group-9F468C9C58F9: shutdown
2023-11-28 06:43:26,145 [s0-impl-thread1] INFO  impl.RoleInfo (RoleInfo.java:shutdownFollowerState(110)) - s0: shutdown s0@group-9F468C9C58F9-FollowerState
2023-11-28 06:43:26,148 [s1-impl-thread1] INFO  util.JmxRegister (JmxRegister.java:unregister(73)) - Successfully un-registered JMX Bean with object name Ratis:service=RaftServer,group=group-9F468C9C58F9,id=s1
2023-11-28 06:43:26,148 [s0-impl-thread1] INFO  impl.StateMachineUpdater (StateMachineUpdater.java:stopAndJoin(157)) - s0@group-9F468C9C58F9-StateMachineUpdater: set stopIndex = 9
2023-11-28 06:43:26,148 [s1-impl-thread1] INFO  impl.RoleInfo (RoleInfo.java:shutdownLeaderState(94)) - s1: shutdown s1@group-9F468C9C58F9-LeaderStateImpl
2023-11-28 06:43:26,148 [MiniRaftCluster-4] INFO  server.GrpcService (GrpcService.java:closeImpl(320)) - s0: shutdown server org.apache.ratis.grpc.server.GrpcClientProtocolService successfully
2023-11-28 06:43:26,148 [MiniRaftCluster-4] INFO  server.GrpcService (GrpcService.java:closeImpl(311)) - s0: shutdown server GrpcServerProtocolService now
2023-11-28 06:43:26,148 [s1@group-9F468C9C58F9->s0-GrpcLogAppender-LogAppenderDaemon] WARN  server.GrpcLogAppender (GrpcLogAppender.java:mayWait(212)) - s1@group-9F468C9C58F9->s0-GrpcLogAppender: Wait interrupted by java.lang.InterruptedException
2023-11-28 06:43:26,145 [s2-impl-thread1] INFO  util.JmxRegister (JmxRegister.java:unregister(73)) - Successfully un-registered JMX Bean with object name Ratis:service=RaftServer,group=group-9F468C9C58F9,id=s2
2023-11-28 06:43:26,149 [s2-impl-thread1] INFO  impl.RoleInfo (RoleInfo.java:shutdownFollowerState(110)) - s2: shutdown s2@group-9F468C9C58F9-FollowerState
2023-11-28 06:43:26,149 [s2-impl-thread1] INFO  impl.StateMachineUpdater (StateMachineUpdater.java:stopAndJoin(157)) - s2@group-9F468C9C58F9-StateMachineUpdater: set stopIndex = 9
2023-11-28 06:43:26,149 [s2-impl-thread1] INFO  server.RaftServer$Division (ServerState.java:close(423)) - s2@group-9F468C9C58F9: applyIndex: 9
2023-11-28 06:43:26,151 [grpc-default-executor-7] WARN  server.GrpcServerProtocolService (LogUtils.java:warn(121)) - s0: APPEND_ENTRIES onError, lastRequest: s1->s0#26-t1,previous=(t:1, i:9),leaderCommit=9,initializing? true,entries: size=1, first=(t:1, i:10), METADATAENTRY(c:9): org.apache.ratis.thirdparty.io.grpc.StatusRuntimeException: CANCELLED: client cancelled
2023-11-28 06:43:26,151 [s1@group-9F468C9C58F9->s2-GrpcLogAppender-LogAppenderDaemon] WARN  server.GrpcLogAppender (GrpcLogAppender.java:mayWait(212)) - s1@group-9F468C9C58F9->s2-GrpcLogAppender: Wait interrupted by java.lang.InterruptedException
2023-11-28 06:43:26,151 [grpc-default-executor-3] WARN  server.GrpcServerProtocolService (LogUtils.java:warn(121)) - s0: APPEND_ENTRIES onError, lastRequest: null: org.apache.ratis.thirdparty.io.grpc.StatusRuntimeException: CANCELLED: client cancelled
2023-11-28 06:43:26,151 [s2@group-9F468C9C58F9-FollowerState] INFO  impl.FollowerState (FollowerState.java:run(152)) - s2@group-9F468C9C58F9-FollowerState was interrupted
2023-11-28 06:43:26,151 [grpc-default-executor-1] INFO  server.GrpcLogAppender (GrpcLogAppender.java:onError(457)) - s1@group-9F468C9C58F9->s0-GrpcLogAppender is already stopped
2023-11-28 06:43:26,152 [grpc-default-executor-1] INFO  server.GrpcServerProtocolService (GrpcServerProtocolService.java:onCompleted(157)) - s2: Completed APPEND_ENTRIES, lastRequest: null
2023-11-28 06:43:26,152 [grpc-default-executor-1] INFO  server.GrpcServerProtocolService (GrpcServerProtocolService.java:lambda$onCompleted$5(159)) - s2: Completed APPEND_ENTRIES, lastReply: serverReply {
  requestorId: "s1"
  replyId: "s2"
  raftGroupId {
    id: "K\361\026\017 \005@`\245\252\237F\214\234X\371"
  }
  callId: 7
  success: true
}
term: 1
nextIndex: 1
matchIndex: 18446744073709551615
isHearbeat: true

2023-11-28 06:43:26,148 [s0-impl-thread1] INFO  server.RaftServer$Division (ServerState.java:close(423)) - s0@group-9F468C9C58F9: applyIndex: 9
2023-11-28 06:43:26,148 [s0@group-9F468C9C58F9-FollowerState] INFO  impl.FollowerState (FollowerState.java:run(152)) - s0@group-9F468C9C58F9-FollowerState was interrupted
2023-11-28 06:43:26,153 [s0@group-9F468C9C58F9-cacheEviction-AwaitToRun] INFO  util.AwaitToRun (AwaitToRun.java:run(49)) - s0@group-9F468C9C58F9-cacheEviction-AwaitToRun-AwaitForSignal is interrupted
2023-11-28 06:43:26,153 [grpc-default-executor-2] INFO  server.GrpcLogAppender (GrpcLogAppender.java:onCompleted(469)) - s1@group-9F468C9C58F9->s2-AppendLogResponseHandler: follower responses appendEntries COMPLETED
2023-11-28 06:43:26,151 [s2@group-9F468C9C58F9-cacheEviction-AwaitToRun] INFO  util.AwaitToRun (AwaitToRun.java:run(49)) - s2@group-9F468C9C58F9-cacheEviction-AwaitToRun-AwaitForSignal is interrupted
2023-11-28 06:43:26,153 [grpc-default-executor-2] INFO  server.GrpcLogAppender (GrpcLogAppender.java:onError(457)) - s1@group-9F468C9C58F9->s0-GrpcLogAppender is already stopped
2023-11-28 06:43:26,148 [s1-impl-thread1] INFO  impl.PendingRequests (PendingRequests.java:sendNotLeaderResponses(289)) - s1@group-9F468C9C58F9-PendingRequests: sendNotLeaderResponses
2023-11-28 06:43:26,156 [Thread-148] INFO  server.GrpcServerProtocolClient (GrpcServerProtocolClient.java:close(103)) - s0 Close channels
2023-11-28 06:43:26,156 [grpc-default-executor-2] INFO  server.GrpcServerProtocolService (GrpcServerProtocolService.java:onCompleted(157)) - s2: Completed APPEND_ENTRIES, lastRequest: s1->s2#24-t1,previous=(t:1, i:9),leaderCommit=9,initializing? true,entries: size=1, first=(t:1, i:10), METADATAENTRY(c:9)
2023-11-28 06:43:26,156 [grpc-default-executor-2] INFO  server.GrpcServerProtocolService (GrpcServerProtocolService.java:lambda$onCompleted$5(159)) - s2: Completed APPEND_ENTRIES, lastReply: null
2023-11-28 06:43:26,157 [grpc-default-executor-2] INFO  server.GrpcLogAppender (GrpcLogAppender.java:onCompleted(469)) - s1@group-9F468C9C58F9->s2-AppendLogResponseHandler: follower responses appendEntries COMPLETED
2023-11-28 06:43:26,157 [MiniRaftCluster-6] INFO  server.GrpcService (GrpcService.java:closeImpl(320)) - s2: shutdown server org.apache.ratis.grpc.server.GrpcClientProtocolService successfully
2023-11-28 06:43:26,157 [MiniRaftCluster-6] INFO  server.GrpcService (GrpcService.java:closeImpl(311)) - s2: shutdown server GrpcServerProtocolService now
2023-11-28 06:43:26,163 [s1-impl-thread1] INFO  impl.StateMachineUpdater (StateMachineUpdater.java:stopAndJoin(157)) - s1@group-9F468C9C58F9-StateMachineUpdater: set stopIndex = 10
2023-11-28 06:43:26,163 [s1-impl-thread1] INFO  server.RaftServer$Division (ServerState.java:close(423)) - s1@group-9F468C9C58F9: applyIndex: 10
2023-11-28 06:43:26,163 [Thread-157] INFO  server.GrpcServerProtocolClient (GrpcServerProtocolClient.java:close(103)) - s2 Close channels
2023-11-28 06:43:26,163 [s1@group-9F468C9C58F9-cacheEviction-AwaitToRun] INFO  util.AwaitToRun (AwaitToRun.java:run(49)) - s1@group-9F468C9C58F9-cacheEviction-AwaitToRun-AwaitForSignal is interrupted
2023-11-28 06:43:26,164 [MiniRaftCluster-6] INFO  server.GrpcService (GrpcService.java:closeImpl(320)) - s2: shutdown server GrpcServerProtocolService successfully
2023-11-28 06:43:26,165 [MiniRaftCluster-4] INFO  server.GrpcService (GrpcService.java:closeImpl(320)) - s0: shutdown server GrpcServerProtocolService successfully
2023-11-28 06:43:26,165 [MiniRaftCluster-6] INFO  server.GrpcService (GrpcService.java:closeImpl(311)) - s2: shutdown server org.apache.ratis.grpc.server.GrpcAdminProtocolService now
2023-11-28 06:43:26,165 [MiniRaftCluster-4] INFO  server.GrpcService (GrpcService.java:closeImpl(311)) - s0: shutdown server org.apache.ratis.grpc.server.GrpcAdminProtocolService now
2023-11-28 06:43:26,170 [MiniRaftCluster-5] INFO  server.GrpcService (GrpcService.java:closeImpl(320)) - s1: shutdown server org.apache.ratis.grpc.server.GrpcClientProtocolService successfully
2023-11-28 06:43:26,170 [MiniRaftCluster-5] INFO  server.GrpcService (GrpcService.java:closeImpl(311)) - s1: shutdown server GrpcServerProtocolService now
2023-11-28 06:43:26,171 [MiniRaftCluster-4] INFO  server.GrpcService (GrpcService.java:closeImpl(320)) - s0: shutdown server org.apache.ratis.grpc.server.GrpcAdminProtocolService successfully
2023-11-28 06:43:26,171 [MiniRaftCluster-5] INFO  server.GrpcService (GrpcService.java:closeImpl(320)) - s1: shutdown server GrpcServerProtocolService successfully
2023-11-28 06:43:26,171 [MiniRaftCluster-5] INFO  server.GrpcService (GrpcService.java:closeImpl(311)) - s1: shutdown server org.apache.ratis.grpc.server.GrpcAdminProtocolService now
2023-11-28 06:43:26,171 [MiniRaftCluster-6] INFO  server.GrpcService (GrpcService.java:closeImpl(320)) - s2: shutdown server org.apache.ratis.grpc.server.GrpcAdminProtocolService successfully
2023-11-28 06:43:26,172 [MiniRaftCluster-5] INFO  server.GrpcService (GrpcService.java:closeImpl(320)) - s1: shutdown server org.apache.ratis.grpc.server.GrpcAdminProtocolService successfully
2023-11-28 06:43:26,243 [timer6] ERROR impl.OrderedAsync (OrderedAsync.java:lambda$sendRequest$9(247)) - client-23DA7E6A7FE2: Failed* RaftClientRequest:client-23DA7E6A7FE2->s2@group-9F468C9C58F9, cid=6, seq=1*, Watch(0), null
java.util.concurrent.CompletionException: org.apache.ratis.protocol.exceptions.AlreadyClosedException: client-23DA7E6A7FE2 is already CLOSED
	at java.base/java.util.concurrent.CompletableFuture.encodeThrowable(CompletableFuture.java:331)
	at java.base/java.util.concurrent.CompletableFuture.uniApplyNow(CompletableFuture.java:670)
	at java.base/java.util.concurrent.CompletableFuture.uniApplyStage(CompletableFuture.java:658)
	at java.base/java.util.concurrent.CompletableFuture.thenApply(CompletableFuture.java:2100)
	at org.apache.ratis.client.impl.OrderedAsync.sendRequest(OrderedAsync.java:239)
	at org.apache.ratis.client.impl.OrderedAsync.sendRequestWithRetry(OrderedAsync.java:203)
	at org.apache.ratis.util.SlidingWindow$Client.sendOrDelayRequest(SlidingWindow.java:312)
	at org.apache.ratis.util.SlidingWindow$Client.retry(SlidingWindow.java:328)
	at org.apache.ratis.client.impl.OrderedAsync.lambda$scheduleWithTimeout$6(OrderedAsync.java:227)
	at org.apache.ratis.util.TimeoutTimer.lambda$onTimeout$2(TimeoutTimer.java:101)
	at org.apache.ratis.util.LogUtils.runAndLog(LogUtils.java:38)
	at org.apache.ratis.util.LogUtils$1.run(LogUtils.java:78)
	at org.apache.ratis.util.TimeoutTimer$Task.run(TimeoutTimer.java:55)
	at java.base/java.util.TimerThread.mainLoop(Timer.java:556)
	at java.base/java.util.TimerThread.run(Timer.java:506)
Caused by: org.apache.ratis.protocol.exceptions.AlreadyClosedException: client-23DA7E6A7FE2 is already CLOSED
	at org.apache.ratis.util.PeerProxyMap$PeerAndProxy.getProxy(PeerProxyMap.java:61)
	at org.apache.ratis.util.PeerProxyMap.getProxy(PeerProxyMap.java:110)
	at org.apache.ratis.grpc.client.GrpcClientRpc.sendRequestAsync(GrpcClientRpc.java:69)
	... 11 more
2023-11-28 06:43:26,349 [grpc-default-executor-1] ERROR impl.OrderedAsync (OrderedAsync.java:lambda$sendRequest$9(247)) - client-23DA7E6A7FE2: Failed* RaftClientRequest:client-23DA7E6A7FE2->s1@group-9F468C9C58F9, cid=6, seq=1*, Watch(0), null
java.util.concurrent.CompletionException: java.io.IOException: org.apache.ratis.thirdparty.io.grpc.StatusRuntimeException: UNAVAILABLE: io exception
	at java.base/java.util.concurrent.CompletableFuture.encodeThrowable(CompletableFuture.java:331)
	at java.base/java.util.concurrent.CompletableFuture.completeThrowable(CompletableFuture.java:346)
	at java.base/java.util.concurrent.CompletableFuture$UniApply.tryFire(CompletableFuture.java:632)
	at java.base/java.util.concurrent.CompletableFuture.postComplete(CompletableFuture.java:506)
	at java.base/java.util.concurrent.CompletableFuture.completeExceptionally(CompletableFuture.java:2094)
	at org.apache.ratis.grpc.client.GrpcClientProtocolClient$AsyncStreamObservers.completeReplyExceptionally(GrpcClientProtocolClient.java:394)
	at org.apache.ratis.grpc.client.GrpcClientProtocolClient$AsyncStreamObservers.access$000(GrpcClientProtocolClient.java:300)
	at org.apache.ratis.grpc.client.GrpcClientProtocolClient$AsyncStreamObservers$1.onError(GrpcClientProtocolClient.java:331)
	at org.apache.ratis.thirdparty.io.grpc.stub.ClientCalls$StreamObserverToCallListenerAdapter.onClose(ClientCalls.java:481)
	at org.apache.ratis.thirdparty.io.grpc.PartialForwardingClientCallListener.onClose(PartialForwardingClientCallListener.java:39)
	at org.apache.ratis.thirdparty.io.grpc.ForwardingClientCallListener.onClose(ForwardingClientCallListener.java:23)
	at org.apache.ratis.grpc.metrics.intercept.client.MetricClientCallListener.onClose(MetricClientCallListener.java:47)
	at org.apache.ratis.thirdparty.io.grpc.internal.DelayedClientCall$DelayedListener$3.run(DelayedClientCall.java:489)
	at org.apache.ratis.thirdparty.io.grpc.internal.DelayedClientCall$DelayedListener.delayOrExecute(DelayedClientCall.java:453)
	at org.apache.ratis.thirdparty.io.grpc.internal.DelayedClientCall$DelayedListener.onClose(DelayedClientCall.java:486)
	at org.apache.ratis.thirdparty.io.grpc.internal.ClientCallImpl.closeObserver(ClientCallImpl.java:567)
	at org.apache.ratis.thirdparty.io.grpc.internal.ClientCallImpl.access$300(ClientCallImpl.java:71)
	at org.apache.ratis.thirdparty.io.grpc.internal.ClientCallImpl$ClientStreamListenerImpl$1StreamClosed.runInternal(ClientCallImpl.java:735)
	at org.apache.ratis.thirdparty.io.grpc.internal.ClientCallImpl$ClientStreamListenerImpl$1StreamClosed.runInContext(ClientCallImpl.java:716)
	at org.apache.ratis.thirdparty.io.grpc.internal.ContextRunnable.run(ContextRunnable.java:37)
	at org.apache.ratis.thirdparty.io.grpc.internal.SerializingExecutor.run(SerializingExecutor.java:133)
	at java.base/java.util.concurrent.ThreadPoolExecutor.runWorker(ThreadPoolExecutor.java:1128)
	at java.base/java.util.concurrent.ThreadPoolExecutor$Worker.run(ThreadPoolExecutor.java:628)
	at java.base/java.lang.Thread.run(Thread.java:829)
Caused by: java.io.IOException: org.apache.ratis.thirdparty.io.grpc.StatusRuntimeException: UNAVAILABLE: io exception
	at org.apache.ratis.grpc.GrpcUtil.unwrapException(GrpcUtil.java:99)
	at org.apache.ratis.grpc.GrpcUtil.unwrapIOException(GrpcUtil.java:159)
	at org.apache.ratis.grpc.client.GrpcClientProtocolClient$AsyncStreamObservers$1.onError(GrpcClientProtocolClient.java:330)
	... 16 more
Caused by: org.apache.ratis.thirdparty.io.grpc.StatusRuntimeException: UNAVAILABLE: io exception
	at org.apache.ratis.thirdparty.io.grpc.Status.asRuntimeException(Status.java:537)
	... 16 more
Caused by: org.apache.ratis.thirdparty.io.netty.channel.AbstractChannel$AnnotatedConnectException: finishConnect(..) failed: Connection refused: localhost/127.0.0.1:37939
Caused by: java.net.ConnectException: finishConnect(..) failed: Connection refused
	at org.apache.ratis.thirdparty.io.netty.channel.unix.Errors.newConnectException0(Errors.java:166)
	at org.apache.ratis.thirdparty.io.netty.channel.unix.Errors.handleConnectErrno(Errors.java:131)
	at org.apache.ratis.thirdparty.io.netty.channel.unix.Socket.finishConnect(Socket.java:359)
	at org.apache.ratis.thirdparty.io.netty.channel.epoll.AbstractEpollChannel$AbstractEpollUnsafe.doFinishConnect(AbstractEpollChannel.java:710)
	at org.apache.ratis.thirdparty.io.netty.channel.epoll.AbstractEpollChannel$AbstractEpollUnsafe.finishConnect(AbstractEpollChannel.java:687)
	at org.apache.ratis.thirdparty.io.netty.channel.epoll.AbstractEpollChannel$AbstractEpollUnsafe.epollOutReady(AbstractEpollChannel.java:567)
	at org.apache.ratis.thirdparty.io.netty.channel.epoll.EpollEventLoop.processReady(EpollEventLoop.java:499)
	at org.apache.ratis.thirdparty.io.netty.channel.epoll.EpollEventLoop.run(EpollEventLoop.java:407)
	at org.apache.ratis.thirdparty.io.netty.util.concurrent.SingleThreadEventExecutor$4.run(SingleThreadEventExecutor.java:997)
	at org.apache.ratis.thirdparty.io.netty.util.internal.ThreadExecutorMap$2.run(ThreadExecutorMap.java:74)
	at org.apache.ratis.thirdparty.io.netty.util.concurrent.FastThreadLocalRunnable.run(FastThreadLocalRunnable.java:30)
	at java.base/java.lang.Thread.run(Thread.java:829)
2023-11-28 06:43:26,454 [grpc-default-executor-2] ERROR impl.OrderedAsync (OrderedAsync.java:lambda$sendRequest$9(247)) - client-23DA7E6A7FE2: Failed* RaftClientRequest:client-23DA7E6A7FE2->s2@group-9F468C9C58F9, cid=6, seq=1*, Watch(0), null
java.util.concurrent.CompletionException: java.io.IOException: org.apache.ratis.thirdparty.io.grpc.StatusRuntimeException: UNAVAILABLE: io exception
	at java.base/java.util.concurrent.CompletableFuture.encodeThrowable(CompletableFuture.java:331)
	at java.base/java.util.concurrent.CompletableFuture.completeThrowable(CompletableFuture.java:346)
	at java.base/java.util.concurrent.CompletableFuture$UniApply.tryFire(CompletableFuture.java:632)
	at java.base/java.util.concurrent.CompletableFuture.postComplete(CompletableFuture.java:506)
	at java.base/java.util.concurrent.CompletableFuture.completeExceptionally(CompletableFuture.java:2094)
	at org.apache.ratis.grpc.client.GrpcClientProtocolClient$AsyncStreamObservers.completeReplyExceptionally(GrpcClientProtocolClient.java:394)
	at org.apache.ratis.grpc.client.GrpcClientProtocolClient$AsyncStreamObservers.access$000(GrpcClientProtocolClient.java:300)
	at org.apache.ratis.grpc.client.GrpcClientProtocolClient$AsyncStreamObservers$1.onError(GrpcClientProtocolClient.java:331)
	at org.apache.ratis.thirdparty.io.grpc.stub.ClientCalls$StreamObserverToCallListenerAdapter.onClose(ClientCalls.java:481)
	at org.apache.ratis.thirdparty.io.grpc.PartialForwardingClientCallListener.onClose(PartialForwardingClientCallListener.java:39)
	at org.apache.ratis.thirdparty.io.grpc.ForwardingClientCallListener.onClose(ForwardingClientCallListener.java:23)
	at org.apache.ratis.grpc.metrics.intercept.client.MetricClientCallListener.onClose(MetricClientCallListener.java:47)
	at org.apache.ratis.thirdparty.io.grpc.internal.DelayedClientCall$DelayedListener$3.run(DelayedClientCall.java:489)
	at org.apache.ratis.thirdparty.io.grpc.internal.DelayedClientCall$DelayedListener.delayOrExecute(DelayedClientCall.java:453)
	at org.apache.ratis.thirdparty.io.grpc.internal.DelayedClientCall$DelayedListener.onClose(DelayedClientCall.java:486)
	at org.apache.ratis.thirdparty.io.grpc.internal.ClientCallImpl.closeObserver(ClientCallImpl.java:567)
	at org.apache.ratis.thirdparty.io.grpc.internal.ClientCallImpl.access$300(ClientCallImpl.java:71)
	at org.apache.ratis.thirdparty.io.grpc.internal.ClientCallImpl$ClientStreamListenerImpl$1StreamClosed.runInternal(ClientCallImpl.java:735)
	at org.apache.ratis.thirdparty.io.grpc.internal.ClientCallImpl$ClientStreamListenerImpl$1StreamClosed.runInContext(ClientCallImpl.java:716)
	at org.apache.ratis.thirdparty.io.grpc.internal.ContextRunnable.run(ContextRunnable.java:37)
	at org.apache.ratis.thirdparty.io.grpc.internal.SerializingExecutor.run(SerializingExecutor.java:133)
	at java.base/java.util.concurrent.ThreadPoolExecutor.runWorker(ThreadPoolExecutor.java:1128)
	at java.base/java.util.concurrent.ThreadPoolExecutor$Worker.run(ThreadPoolExecutor.java:628)
	at java.base/java.lang.Thread.run(Thread.java:829)
Caused by: java.io.IOException: org.apache.ratis.thirdparty.io.grpc.StatusRuntimeException: UNAVAILABLE: io exception
	at org.apache.ratis.grpc.GrpcUtil.unwrapException(GrpcUtil.java:99)
	at org.apache.ratis.grpc.GrpcUtil.unwrapIOException(GrpcUtil.java:159)
	at org.apache.ratis.grpc.client.GrpcClientProtocolClient$AsyncStreamObservers$1.onError(GrpcClientProtocolClient.java:330)
	... 16 more
Caused by: org.apache.ratis.thirdparty.io.grpc.StatusRuntimeException: UNAVAILABLE: io exception
	at org.apache.ratis.thirdparty.io.grpc.Status.asRuntimeException(Status.java:537)
	... 16 more
Caused by: org.apache.ratis.thirdparty.io.netty.channel.AbstractChannel$AnnotatedConnectException: finishConnect(..) failed: Connection refused: localhost/127.0.0.1:37249
Caused by: java.net.ConnectException: finishConnect(..) failed: Connection refused
	at org.apache.ratis.thirdparty.io.netty.channel.unix.Errors.newConnectException0(Errors.java:166)
	at org.apache.ratis.thirdparty.io.netty.channel.unix.Errors.handleConnectErrno(Errors.java:131)
	at org.apache.ratis.thirdparty.io.netty.channel.unix.Socket.finishConnect(Socket.java:359)
	at org.apache.ratis.thirdparty.io.netty.channel.epoll.AbstractEpollChannel$AbstractEpollUnsafe.doFinishConnect(AbstractEpollChannel.java:710)
	at org.apache.ratis.thirdparty.io.netty.channel.epoll.AbstractEpollChannel$AbstractEpollUnsafe.finishConnect(AbstractEpollChannel.java:687)
	at org.apache.ratis.thirdparty.io.netty.channel.epoll.AbstractEpollChannel$AbstractEpollUnsafe.epollOutReady(AbstractEpollChannel.java:567)
	at org.apache.ratis.thirdparty.io.netty.channel.epoll.EpollEventLoop.processReady(EpollEventLoop.java:499)
	at org.apache.ratis.thirdparty.io.netty.channel.epoll.EpollEventLoop.run(EpollEventLoop.java:407)
	at org.apache.ratis.thirdparty.io.netty.util.concurrent.SingleThreadEventExecutor$4.run(SingleThreadEventExecutor.java:997)
	at org.apache.ratis.thirdparty.io.netty.util.internal.ThreadExecutorMap$2.run(ThreadExecutorMap.java:74)
	at org.apache.ratis.thirdparty.io.netty.util.concurrent.FastThreadLocalRunnable.run(FastThreadLocalRunnable.java:30)
	at java.base/java.lang.Thread.run(Thread.java:829)
2023-11-28 06:43:26,558 [grpc-default-executor-3] ERROR impl.OrderedAsync (OrderedAsync.java:lambda$sendRequest$9(247)) - client-23DA7E6A7FE2: Failed* RaftClientRequest:client-23DA7E6A7FE2->s1@group-9F468C9C58F9, cid=6, seq=1*, Watch(0), null
java.util.concurrent.CompletionException: java.io.IOException: org.apache.ratis.thirdparty.io.grpc.StatusRuntimeException: UNAVAILABLE: io exception
	at java.base/java.util.concurrent.CompletableFuture.encodeThrowable(CompletableFuture.java:331)
	at java.base/java.util.concurrent.CompletableFuture.completeThrowable(CompletableFuture.java:346)
	at java.base/java.util.concurrent.CompletableFuture$UniApply.tryFire(CompletableFuture.java:632)
	at java.base/java.util.concurrent.CompletableFuture.postComplete(CompletableFuture.java:506)
	at java.base/java.util.concurrent.CompletableFuture.completeExceptionally(CompletableFuture.java:2094)
	at org.apache.ratis.grpc.client.GrpcClientProtocolClient$AsyncStreamObservers.completeReplyExceptionally(GrpcClientProtocolClient.java:394)
	at org.apache.ratis.grpc.client.GrpcClientProtocolClient$AsyncStreamObservers.access$000(GrpcClientProtocolClient.java:300)
	at org.apache.ratis.grpc.client.GrpcClientProtocolClient$AsyncStreamObservers$1.onError(GrpcClientProtocolClient.java:331)
	at org.apache.ratis.thirdparty.io.grpc.stub.ClientCalls$StreamObserverToCallListenerAdapter.onClose(ClientCalls.java:481)
	at org.apache.ratis.thirdparty.io.grpc.PartialForwardingClientCallListener.onClose(PartialForwardingClientCallListener.java:39)
	at org.apache.ratis.thirdparty.io.grpc.ForwardingClientCallListener.onClose(ForwardingClientCallListener.java:23)
	at org.apache.ratis.grpc.metrics.intercept.client.MetricClientCallListener.onClose(MetricClientCallListener.java:47)
	at org.apache.ratis.thirdparty.io.grpc.internal.DelayedClientCall$DelayedListener$3.run(DelayedClientCall.java:489)
	at org.apache.ratis.thirdparty.io.grpc.internal.DelayedClientCall$DelayedListener.delayOrExecute(DelayedClientCall.java:453)
	at org.apache.ratis.thirdparty.io.grpc.internal.DelayedClientCall$DelayedListener.onClose(DelayedClientCall.java:486)
	at org.apache.ratis.thirdparty.io.grpc.internal.ClientCallImpl.closeObserver(ClientCallImpl.java:567)
	at org.apache.ratis.thirdparty.io.grpc.internal.ClientCallImpl.access$300(ClientCallImpl.java:71)
	at org.apache.ratis.thirdparty.io.grpc.internal.ClientCallImpl$ClientStreamListenerImpl$1StreamClosed.runInternal(ClientCallImpl.java:735)
	at org.apache.ratis.thirdparty.io.grpc.internal.ClientCallImpl$ClientStreamListenerImpl$1StreamClosed.runInContext(ClientCallImpl.java:716)
	at org.apache.ratis.thirdparty.io.grpc.internal.ContextRunnable.run(ContextRunnable.java:37)
	at org.apache.ratis.thirdparty.io.grpc.internal.SerializingExecutor.run(SerializingExecutor.java:133)
	at java.base/java.util.concurrent.ThreadPoolExecutor.runWorker(ThreadPoolExecutor.java:1128)
	at java.base/java.util.concurrent.ThreadPoolExecutor$Worker.run(ThreadPoolExecutor.java:628)
	at java.base/java.lang.Thread.run(Thread.java:829)
Caused by: java.io.IOException: org.apache.ratis.thirdparty.io.grpc.StatusRuntimeException: UNAVAILABLE: io exception
	at org.apache.ratis.grpc.GrpcUtil.unwrapException(GrpcUtil.java:99)
	at org.apache.ratis.grpc.GrpcUtil.unwrapIOException(GrpcUtil.java:159)
	at org.apache.ratis.grpc.client.GrpcClientProtocolClient$AsyncStreamObservers$1.onError(GrpcClientProtocolClient.java:330)
	... 16 more
Caused by: org.apache.ratis.thirdparty.io.grpc.StatusRuntimeException: UNAVAILABLE: io exception
	at org.apache.ratis.thirdparty.io.grpc.Status.asRuntimeException(Status.java:537)
	... 16 more
Caused by: org.apache.ratis.thirdparty.io.netty.channel.AbstractChannel$AnnotatedConnectException: finishConnect(..) failed: Connection refused: localhost/127.0.0.1:37939
Caused by: java.net.ConnectException: finishConnect(..) failed: Connection refused
	at org.apache.ratis.thirdparty.io.netty.channel.unix.Errors.newConnectException0(Errors.java:166)
	at org.apache.ratis.thirdparty.io.netty.channel.unix.Errors.handleConnectErrno(Errors.java:131)
	at org.apache.ratis.thirdparty.io.netty.channel.unix.Socket.finishConnect(Socket.java:359)
	at org.apache.ratis.thirdparty.io.netty.channel.epoll.AbstractEpollChannel$AbstractEpollUnsafe.doFinishConnect(AbstractEpollChannel.java:710)
	at org.apache.ratis.thirdparty.io.netty.channel.epoll.AbstractEpollChannel$AbstractEpollUnsafe.finishConnect(AbstractEpollChannel.java:687)
	at org.apache.ratis.thirdparty.io.netty.channel.epoll.AbstractEpollChannel$AbstractEpollUnsafe.epollOutReady(AbstractEpollChannel.java:567)
	at org.apache.ratis.thirdparty.io.netty.channel.epoll.EpollEventLoop.processReady(EpollEventLoop.java:499)
	at org.apache.ratis.thirdparty.io.netty.channel.epoll.EpollEventLoop.run(EpollEventLoop.java:407)
	at org.apache.ratis.thirdparty.io.netty.util.concurrent.SingleThreadEventExecutor$4.run(SingleThreadEventExecutor.java:997)
	at org.apache.ratis.thirdparty.io.netty.util.internal.ThreadExecutorMap$2.run(ThreadExecutorMap.java:74)
	at org.apache.ratis.thirdparty.io.netty.util.concurrent.FastThreadLocalRunnable.run(FastThreadLocalRunnable.java:30)
	at java.base/java.lang.Thread.run(Thread.java:829)
2023-11-28 06:43:26,658 [timer1] ERROR impl.OrderedAsync (OrderedAsync.java:lambda$sendRequest$9(247)) - client-23DA7E6A7FE2: Failed* RaftClientRequest:client-23DA7E6A7FE2->s0@group-9F468C9C58F9, cid=6, seq=1*, Watch(0), null
java.util.concurrent.CompletionException: org.apache.ratis.protocol.exceptions.AlreadyClosedException: client-23DA7E6A7FE2 is already CLOSED
	at java.base/java.util.concurrent.CompletableFuture.encodeThrowable(CompletableFuture.java:331)
	at java.base/java.util.concurrent.CompletableFuture.uniApplyNow(CompletableFuture.java:670)
	at java.base/java.util.concurrent.CompletableFuture.uniApplyStage(CompletableFuture.java:658)
	at java.base/java.util.concurrent.CompletableFuture.thenApply(CompletableFuture.java:2100)
	at org.apache.ratis.client.impl.OrderedAsync.sendRequest(OrderedAsync.java:239)
	at org.apache.ratis.client.impl.OrderedAsync.sendRequestWithRetry(OrderedAsync.java:203)
	at org.apache.ratis.util.SlidingWindow$Client.sendOrDelayRequest(SlidingWindow.java:312)
	at org.apache.ratis.util.SlidingWindow$Client.retry(SlidingWindow.java:328)
	at org.apache.ratis.client.impl.OrderedAsync.lambda$scheduleWithTimeout$6(OrderedAsync.java:227)
	at org.apache.ratis.util.TimeoutTimer.lambda$onTimeout$2(TimeoutTimer.java:101)
	at org.apache.ratis.util.LogUtils.runAndLog(LogUtils.java:38)
	at org.apache.ratis.util.LogUtils$1.run(LogUtils.java:78)
	at org.apache.ratis.util.TimeoutTimer$Task.run(TimeoutTimer.java:55)
	at java.base/java.util.TimerThread.mainLoop(Timer.java:556)
	at java.base/java.util.TimerThread.run(Timer.java:506)
Caused by: org.apache.ratis.protocol.exceptions.AlreadyClosedException: client-23DA7E6A7FE2 is already CLOSED
	at org.apache.ratis.util.PeerProxyMap$PeerAndProxy.getProxy(PeerProxyMap.java:61)
	at org.apache.ratis.util.PeerProxyMap.getProxy(PeerProxyMap.java:110)
	at org.apache.ratis.grpc.client.GrpcClientRpc.sendRequestAsync(GrpcClientRpc.java:69)
	... 11 more
2023-11-28 06:43:26,762 [grpc-default-executor-1] ERROR impl.OrderedAsync (OrderedAsync.java:lambda$sendRequest$9(247)) - client-23DA7E6A7FE2: Failed* RaftClientRequest:client-23DA7E6A7FE2->s1@group-9F468C9C58F9, cid=6, seq=1*, Watch(0), null
java.util.concurrent.CompletionException: java.io.IOException: org.apache.ratis.thirdparty.io.grpc.StatusRuntimeException: UNAVAILABLE: io exception
	at java.base/java.util.concurrent.CompletableFuture.encodeThrowable(CompletableFuture.java:331)
	at java.base/java.util.concurrent.CompletableFuture.completeThrowable(CompletableFuture.java:346)
	at java.base/java.util.concurrent.CompletableFuture$UniApply.tryFire(CompletableFuture.java:632)
	at java.base/java.util.concurrent.CompletableFuture.postComplete(CompletableFuture.java:506)
	at java.base/java.util.concurrent.CompletableFuture.completeExceptionally(CompletableFuture.java:2094)
	at org.apache.ratis.grpc.client.GrpcClientProtocolClient$AsyncStreamObservers.completeReplyExceptionally(GrpcClientProtocolClient.java:394)
	at org.apache.ratis.grpc.client.GrpcClientProtocolClient$AsyncStreamObservers.access$000(GrpcClientProtocolClient.java:300)
	at org.apache.ratis.grpc.client.GrpcClientProtocolClient$AsyncStreamObservers$1.onError(GrpcClientProtocolClient.java:331)
	at org.apache.ratis.thirdparty.io.grpc.stub.ClientCalls$StreamObserverToCallListenerAdapter.onClose(ClientCalls.java:481)
	at org.apache.ratis.thirdparty.io.grpc.PartialForwardingClientCallListener.onClose(PartialForwardingClientCallListener.java:39)
	at org.apache.ratis.thirdparty.io.grpc.ForwardingClientCallListener.onClose(ForwardingClientCallListener.java:23)
	at org.apache.ratis.grpc.metrics.intercept.client.MetricClientCallListener.onClose(MetricClientCallListener.java:47)
	at org.apache.ratis.thirdparty.io.grpc.internal.DelayedClientCall$DelayedListener$3.run(DelayedClientCall.java:489)
	at org.apache.ratis.thirdparty.io.grpc.internal.DelayedClientCall$DelayedListener.delayOrExecute(DelayedClientCall.java:453)
	at org.apache.ratis.thirdparty.io.grpc.internal.DelayedClientCall$DelayedListener.onClose(DelayedClientCall.java:486)
	at org.apache.ratis.thirdparty.io.grpc.internal.ClientCallImpl.closeObserver(ClientCallImpl.java:567)
	at org.apache.ratis.thirdparty.io.grpc.internal.ClientCallImpl.access$300(ClientCallImpl.java:71)
	at org.apache.ratis.thirdparty.io.grpc.internal.ClientCallImpl$ClientStreamListenerImpl$1StreamClosed.runInternal(ClientCallImpl.java:735)
	at org.apache.ratis.thirdparty.io.grpc.internal.ClientCallImpl$ClientStreamListenerImpl$1StreamClosed.runInContext(ClientCallImpl.java:716)
	at org.apache.ratis.thirdparty.io.grpc.internal.ContextRunnable.run(ContextRunnable.java:37)
	at org.apache.ratis.thirdparty.io.grpc.internal.SerializingExecutor.run(SerializingExecutor.java:133)
	at java.base/java.util.concurrent.ThreadPoolExecutor.runWorker(ThreadPoolExecutor.java:1128)
	at java.base/java.util.concurrent.ThreadPoolExecutor$Worker.run(ThreadPoolExecutor.java:628)
	at java.base/java.lang.Thread.run(Thread.java:829)
Caused by: java.io.IOException: org.apache.ratis.thirdparty.io.grpc.StatusRuntimeException: UNAVAILABLE: io exception
	at org.apache.ratis.grpc.GrpcUtil.unwrapException(GrpcUtil.java:99)
	at org.apache.ratis.grpc.GrpcUtil.unwrapIOException(GrpcUtil.java:159)
	at org.apache.ratis.grpc.client.GrpcClientProtocolClient$AsyncStreamObservers$1.onError(GrpcClientProtocolClient.java:330)
	... 16 more
Caused by: org.apache.ratis.thirdparty.io.grpc.StatusRuntimeException: UNAVAILABLE: io exception
	at org.apache.ratis.thirdparty.io.grpc.Status.asRuntimeException(Status.java:537)
	... 16 more
Caused by: org.apache.ratis.thirdparty.io.netty.channel.AbstractChannel$AnnotatedConnectException: finishConnect(..) failed: Connection refused: localhost/127.0.0.1:37939
Caused by: java.net.ConnectException: finishConnect(..) failed: Connection refused
	at org.apache.ratis.thirdparty.io.netty.channel.unix.Errors.newConnectException0(Errors.java:166)
	at org.apache.ratis.thirdparty.io.netty.channel.unix.Errors.handleConnectErrno(Errors.java:131)
	at org.apache.ratis.thirdparty.io.netty.channel.unix.Socket.finishConnect(Socket.java:359)
	at org.apache.ratis.thirdparty.io.netty.channel.epoll.AbstractEpollChannel$AbstractEpollUnsafe.doFinishConnect(AbstractEpollChannel.java:710)
	at org.apache.ratis.thirdparty.io.netty.channel.epoll.AbstractEpollChannel$AbstractEpollUnsafe.finishConnect(AbstractEpollChannel.java:687)
	at org.apache.ratis.thirdparty.io.netty.channel.epoll.AbstractEpollChannel$AbstractEpollUnsafe.epollOutReady(AbstractEpollChannel.java:567)
	at org.apache.ratis.thirdparty.io.netty.channel.epoll.EpollEventLoop.processReady(EpollEventLoop.java:499)
	at org.apache.ratis.thirdparty.io.netty.channel.epoll.EpollEventLoop.run(EpollEventLoop.java:407)
	at org.apache.ratis.thirdparty.io.netty.util.concurrent.SingleThreadEventExecutor$4.run(SingleThreadEventExecutor.java:997)
	at org.apache.ratis.thirdparty.io.netty.util.internal.ThreadExecutorMap$2.run(ThreadExecutorMap.java:74)
	at org.apache.ratis.thirdparty.io.netty.util.concurrent.FastThreadLocalRunnable.run(FastThreadLocalRunnable.java:30)
	at java.base/java.lang.Thread.run(Thread.java:829)
2023-11-28 06:43:26,865 [grpc-default-executor-3] ERROR impl.OrderedAsync (OrderedAsync.java:lambda$sendRequest$9(247)) - client-23DA7E6A7FE2: Failed* RaftClientRequest:client-23DA7E6A7FE2->s0@group-9F468C9C58F9, cid=6, seq=1*, Watch(0), null
java.util.concurrent.CompletionException: java.io.IOException: org.apache.ratis.thirdparty.io.grpc.StatusRuntimeException: UNAVAILABLE: io exception
	at java.base/java.util.concurrent.CompletableFuture.encodeThrowable(CompletableFuture.java:331)
	at java.base/java.util.concurrent.CompletableFuture.completeThrowable(CompletableFuture.java:346)
	at java.base/java.util.concurrent.CompletableFuture$UniApply.tryFire(CompletableFuture.java:632)
	at java.base/java.util.concurrent.CompletableFuture.postComplete(CompletableFuture.java:506)
	at java.base/java.util.concurrent.CompletableFuture.completeExceptionally(CompletableFuture.java:2094)
	at org.apache.ratis.grpc.client.GrpcClientProtocolClient$AsyncStreamObservers.completeReplyExceptionally(GrpcClientProtocolClient.java:394)
	at org.apache.ratis.grpc.client.GrpcClientProtocolClient$AsyncStreamObservers.access$000(GrpcClientProtocolClient.java:300)
	at org.apache.ratis.grpc.client.GrpcClientProtocolClient$AsyncStreamObservers$1.onError(GrpcClientProtocolClient.java:331)
	at org.apache.ratis.thirdparty.io.grpc.stub.ClientCalls$StreamObserverToCallListenerAdapter.onClose(ClientCalls.java:481)
	at org.apache.ratis.thirdparty.io.grpc.PartialForwardingClientCallListener.onClose(PartialForwardingClientCallListener.java:39)
	at org.apache.ratis.thirdparty.io.grpc.ForwardingClientCallListener.onClose(ForwardingClientCallListener.java:23)
	at org.apache.ratis.grpc.metrics.intercept.client.MetricClientCallListener.onClose(MetricClientCallListener.java:47)
	at org.apache.ratis.thirdparty.io.grpc.internal.DelayedClientCall$DelayedListener$3.run(DelayedClientCall.java:489)
	at org.apache.ratis.thirdparty.io.grpc.internal.DelayedClientCall$DelayedListener.delayOrExecute(DelayedClientCall.java:453)
	at org.apache.ratis.thirdparty.io.grpc.internal.DelayedClientCall$DelayedListener.onClose(DelayedClientCall.java:486)
	at org.apache.ratis.thirdparty.io.grpc.internal.ClientCallImpl.closeObserver(ClientCallImpl.java:567)
	at org.apache.ratis.thirdparty.io.grpc.internal.ClientCallImpl.access$300(ClientCallImpl.java:71)
	at org.apache.ratis.thirdparty.io.grpc.internal.ClientCallImpl$ClientStreamListenerImpl$1StreamClosed.runInternal(ClientCallImpl.java:735)
	at org.apache.ratis.thirdparty.io.grpc.internal.ClientCallImpl$ClientStreamListenerImpl$1StreamClosed.runInContext(ClientCallImpl.java:716)
	at org.apache.ratis.thirdparty.io.grpc.internal.ContextRunnable.run(ContextRunnable.java:37)
	at org.apache.ratis.thirdparty.io.grpc.internal.SerializingExecutor.run(SerializingExecutor.java:133)
	at java.base/java.util.concurrent.ThreadPoolExecutor.runWorker(ThreadPoolExecutor.java:1128)
	at java.base/java.util.concurrent.ThreadPoolExecutor$Worker.run(ThreadPoolExecutor.java:628)
	at java.base/java.lang.Thread.run(Thread.java:829)
Caused by: java.io.IOException: org.apache.ratis.thirdparty.io.grpc.StatusRuntimeException: UNAVAILABLE: io exception
	at org.apache.ratis.grpc.GrpcUtil.unwrapException(GrpcUtil.java:99)
	at org.apache.ratis.grpc.GrpcUtil.unwrapIOException(GrpcUtil.java:159)
	at org.apache.ratis.grpc.client.GrpcClientProtocolClient$AsyncStreamObservers$1.onError(GrpcClientProtocolClient.java:330)
	... 16 more
Caused by: org.apache.ratis.thirdparty.io.grpc.StatusRuntimeException: UNAVAILABLE: io exception
	at org.apache.ratis.thirdparty.io.grpc.Status.asRuntimeException(Status.java:537)
	... 16 more
Caused by: org.apache.ratis.thirdparty.io.netty.channel.AbstractChannel$AnnotatedConnectException: finishConnect(..) failed: Connection refused: localhost/127.0.0.1:43007
Caused by: java.net.ConnectException: finishConnect(..) failed: Connection refused
	at org.apache.ratis.thirdparty.io.netty.channel.unix.Errors.newConnectException0(Errors.java:166)
	at org.apache.ratis.thirdparty.io.netty.channel.unix.Errors.handleConnectErrno(Errors.java:131)
	at org.apache.ratis.thirdparty.io.netty.channel.unix.Socket.finishConnect(Socket.java:359)
	at org.apache.ratis.thirdparty.io.netty.channel.epoll.AbstractEpollChannel$AbstractEpollUnsafe.doFinishConnect(AbstractEpollChannel.java:710)
	at org.apache.ratis.thirdparty.io.netty.channel.epoll.AbstractEpollChannel$AbstractEpollUnsafe.finishConnect(AbstractEpollChannel.java:687)
	at org.apache.ratis.thirdparty.io.netty.channel.epoll.AbstractEpollChannel$AbstractEpollUnsafe.epollOutReady(AbstractEpollChannel.java:567)
	at org.apache.ratis.thirdparty.io.netty.channel.epoll.EpollEventLoop.processReady(EpollEventLoop.java:499)
	at org.apache.ratis.thirdparty.io.netty.channel.epoll.EpollEventLoop.run(EpollEventLoop.java:407)
	at org.apache.ratis.thirdparty.io.netty.util.concurrent.SingleThreadEventExecutor$4.run(SingleThreadEventExecutor.java:997)
	at org.apache.ratis.thirdparty.io.netty.util.internal.ThreadExecutorMap$2.run(ThreadExecutorMap.java:74)
	at org.apache.ratis.thirdparty.io.netty.util.concurrent.FastThreadLocalRunnable.run(FastThreadLocalRunnable.java:30)
	at java.base/java.lang.Thread.run(Thread.java:829)
2023-11-28 06:43:26,969 [grpc-default-executor-1] ERROR impl.OrderedAsync (OrderedAsync.java:lambda$sendRequest$9(247)) - client-23DA7E6A7FE2: Failed* RaftClientRequest:client-23DA7E6A7FE2->s1@group-9F468C9C58F9, cid=6, seq=1*, Watch(0), null
java.util.concurrent.CompletionException: java.io.IOException: org.apache.ratis.thirdparty.io.grpc.StatusRuntimeException: UNAVAILABLE: io exception
	at java.base/java.util.concurrent.CompletableFuture.encodeThrowable(CompletableFuture.java:331)
	at java.base/java.util.concurrent.CompletableFuture.completeThrowable(CompletableFuture.java:346)
	at java.base/java.util.concurrent.CompletableFuture$UniApply.tryFire(CompletableFuture.java:632)
	at java.base/java.util.concurrent.CompletableFuture.postComplete(CompletableFuture.java:506)
	at java.base/java.util.concurrent.CompletableFuture.completeExceptionally(CompletableFuture.java:2094)
	at org.apache.ratis.grpc.client.GrpcClientProtocolClient$AsyncStreamObservers.completeReplyExceptionally(GrpcClientProtocolClient.java:394)
	at org.apache.ratis.grpc.client.GrpcClientProtocolClient$AsyncStreamObservers.access$000(GrpcClientProtocolClient.java:300)
	at org.apache.ratis.grpc.client.GrpcClientProtocolClient$AsyncStreamObservers$1.onError(GrpcClientProtocolClient.java:331)
	at org.apache.ratis.thirdparty.io.grpc.stub.ClientCalls$StreamObserverToCallListenerAdapter.onClose(ClientCalls.java:481)
	at org.apache.ratis.thirdparty.io.grpc.PartialForwardingClientCallListener.onClose(PartialForwardingClientCallListener.java:39)
	at org.apache.ratis.thirdparty.io.grpc.ForwardingClientCallListener.onClose(ForwardingClientCallListener.java:23)
	at org.apache.ratis.grpc.metrics.intercept.client.MetricClientCallListener.onClose(MetricClientCallListener.java:47)
	at org.apache.ratis.thirdparty.io.grpc.internal.DelayedClientCall$DelayedListener$3.run(DelayedClientCall.java:489)
	at org.apache.ratis.thirdparty.io.grpc.internal.DelayedClientCall$DelayedListener.delayOrExecute(DelayedClientCall.java:453)
	at org.apache.ratis.thirdparty.io.grpc.internal.DelayedClientCall$DelayedListener.onClose(DelayedClientCall.java:486)
	at org.apache.ratis.thirdparty.io.grpc.internal.ClientCallImpl.closeObserver(ClientCallImpl.java:567)
	at org.apache.ratis.thirdparty.io.grpc.internal.ClientCallImpl.access$300(ClientCallImpl.java:71)
	at org.apache.ratis.thirdparty.io.grpc.internal.ClientCallImpl$ClientStreamListenerImpl$1StreamClosed.runInternal(ClientCallImpl.java:735)
	at org.apache.ratis.thirdparty.io.grpc.internal.ClientCallImpl$ClientStreamListenerImpl$1StreamClosed.runInContext(ClientCallImpl.java:716)
	at org.apache.ratis.thirdparty.io.grpc.internal.ContextRunnable.run(ContextRunnable.java:37)
	at org.apache.ratis.thirdparty.io.grpc.internal.SerializingExecutor.run(SerializingExecutor.java:133)
	at java.base/java.util.concurrent.ThreadPoolExecutor.runWorker(ThreadPoolExecutor.java:1128)
	at java.base/java.util.concurrent.ThreadPoolExecutor$Worker.run(ThreadPoolExecutor.java:628)
	at java.base/java.lang.Thread.run(Thread.java:829)
Caused by: java.io.IOException: org.apache.ratis.thirdparty.io.grpc.StatusRuntimeException: UNAVAILABLE: io exception
	at org.apache.ratis.grpc.GrpcUtil.unwrapException(GrpcUtil.java:99)
	at org.apache.ratis.grpc.GrpcUtil.unwrapIOException(GrpcUtil.java:159)
	at org.apache.ratis.grpc.client.GrpcClientProtocolClient$AsyncStreamObservers$1.onError(GrpcClientProtocolClient.java:330)
	... 16 more
Caused by: org.apache.ratis.thirdparty.io.grpc.StatusRuntimeException: UNAVAILABLE: io exception
	at org.apache.ratis.thirdparty.io.grpc.Status.asRuntimeException(Status.java:537)
	... 16 more
Caused by: org.apache.ratis.thirdparty.io.netty.channel.AbstractChannel$AnnotatedConnectException: finishConnect(..) failed: Connection refused: localhost/127.0.0.1:37939
Caused by: java.net.ConnectException: finishConnect(..) failed: Connection refused
	at org.apache.ratis.thirdparty.io.netty.channel.unix.Errors.newConnectException0(Errors.java:166)
	at org.apache.ratis.thirdparty.io.netty.channel.unix.Errors.handleConnectErrno(Errors.java:131)
	at org.apache.ratis.thirdparty.io.netty.channel.unix.Socket.finishConnect(Socket.java:359)
	at org.apache.ratis.thirdparty.io.netty.channel.epoll.AbstractEpollChannel$AbstractEpollUnsafe.doFinishConnect(AbstractEpollChannel.java:710)
	at org.apache.ratis.thirdparty.io.netty.channel.epoll.AbstractEpollChannel$AbstractEpollUnsafe.finishConnect(AbstractEpollChannel.java:687)
	at org.apache.ratis.thirdparty.io.netty.channel.epoll.AbstractEpollChannel$AbstractEpollUnsafe.epollOutReady(AbstractEpollChannel.java:567)
	at org.apache.ratis.thirdparty.io.netty.channel.epoll.EpollEventLoop.processReady(EpollEventLoop.java:499)
	at org.apache.ratis.thirdparty.io.netty.channel.epoll.EpollEventLoop.run(EpollEventLoop.java:407)
	at org.apache.ratis.thirdparty.io.netty.util.concurrent.SingleThreadEventExecutor$4.run(SingleThreadEventExecutor.java:997)
	at org.apache.ratis.thirdparty.io.netty.util.internal.ThreadExecutorMap$2.run(ThreadExecutorMap.java:74)
	at org.apache.ratis.thirdparty.io.netty.util.concurrent.FastThreadLocalRunnable.run(FastThreadLocalRunnable.java:30)
	at java.base/java.lang.Thread.run(Thread.java:829)
2023-11-28 06:43:27,072 [grpc-default-executor-3] ERROR impl.OrderedAsync (OrderedAsync.java:lambda$sendRequest$9(247)) - client-23DA7E6A7FE2: Failed* RaftClientRequest:client-23DA7E6A7FE2->s0@group-9F468C9C58F9, cid=6, seq=1*, Watch(0), null
java.util.concurrent.CompletionException: java.io.IOException: org.apache.ratis.thirdparty.io.grpc.StatusRuntimeException: UNAVAILABLE: io exception
	at java.base/java.util.concurrent.CompletableFuture.encodeThrowable(CompletableFuture.java:331)
	at java.base/java.util.concurrent.CompletableFuture.completeThrowable(CompletableFuture.java:346)
	at java.base/java.util.concurrent.CompletableFuture$UniApply.tryFire(CompletableFuture.java:632)
	at java.base/java.util.concurrent.CompletableFuture.postComplete(CompletableFuture.java:506)
	at java.base/java.util.concurrent.CompletableFuture.completeExceptionally(CompletableFuture.java:2094)
	at org.apache.ratis.grpc.client.GrpcClientProtocolClient$AsyncStreamObservers.completeReplyExceptionally(GrpcClientProtocolClient.java:394)
	at org.apache.ratis.grpc.client.GrpcClientProtocolClient$AsyncStreamObservers.access$000(GrpcClientProtocolClient.java:300)
	at org.apache.ratis.grpc.client.GrpcClientProtocolClient$AsyncStreamObservers$1.onError(GrpcClientProtocolClient.java:331)
	at org.apache.ratis.thirdparty.io.grpc.stub.ClientCalls$StreamObserverToCallListenerAdapter.onClose(ClientCalls.java:481)
	at org.apache.ratis.thirdparty.io.grpc.PartialForwardingClientCallListener.onClose(PartialForwardingClientCallListener.java:39)
	at org.apache.ratis.thirdparty.io.grpc.ForwardingClientCallListener.onClose(ForwardingClientCallListener.java:23)
	at org.apache.ratis.grpc.metrics.intercept.client.MetricClientCallListener.onClose(MetricClientCallListener.java:47)
	at org.apache.ratis.thirdparty.io.grpc.internal.DelayedClientCall$DelayedListener$3.run(DelayedClientCall.java:489)
	at org.apache.ratis.thirdparty.io.grpc.internal.DelayedClientCall$DelayedListener.delayOrExecute(DelayedClientCall.java:453)
	at org.apache.ratis.thirdparty.io.grpc.internal.DelayedClientCall$DelayedListener.onClose(DelayedClientCall.java:486)
	at org.apache.ratis.thirdparty.io.grpc.internal.ClientCallImpl.closeObserver(ClientCallImpl.java:567)
	at org.apache.ratis.thirdparty.io.grpc.internal.ClientCallImpl.access$300(ClientCallImpl.java:71)
	at org.apache.ratis.thirdparty.io.grpc.internal.ClientCallImpl$ClientStreamListenerImpl$1StreamClosed.runInternal(ClientCallImpl.java:735)
	at org.apache.ratis.thirdparty.io.grpc.internal.ClientCallImpl$ClientStreamListenerImpl$1StreamClosed.runInContext(ClientCallImpl.java:716)
	at org.apache.ratis.thirdparty.io.grpc.internal.ContextRunnable.run(ContextRunnable.java:37)
	at org.apache.ratis.thirdparty.io.grpc.internal.SerializingExecutor.run(SerializingExecutor.java:133)
	at java.base/java.util.concurrent.ThreadPoolExecutor.runWorker(ThreadPoolExecutor.java:1128)
	at java.base/java.util.concurrent.ThreadPoolExecutor$Worker.run(ThreadPoolExecutor.java:628)
	at java.base/java.lang.Thread.run(Thread.java:829)
Caused by: java.io.IOException: org.apache.ratis.thirdparty.io.grpc.StatusRuntimeException: UNAVAILABLE: io exception
	at org.apache.ratis.grpc.GrpcUtil.unwrapException(GrpcUtil.java:99)
	at org.apache.ratis.grpc.GrpcUtil.unwrapIOException(GrpcUtil.java:159)
	at org.apache.ratis.grpc.client.GrpcClientProtocolClient$AsyncStreamObservers$1.onError(GrpcClientProtocolClient.java:330)
	... 16 more
Caused by: org.apache.ratis.thirdparty.io.grpc.StatusRuntimeException: UNAVAILABLE: io exception
	at org.apache.ratis.thirdparty.io.grpc.Status.asRuntimeException(Status.java:537)
	... 16 more
Caused by: org.apache.ratis.thirdparty.io.netty.channel.AbstractChannel$AnnotatedConnectException: finishConnect(..) failed: Connection refused: localhost/127.0.0.1:43007
Caused by: java.net.ConnectException: finishConnect(..) failed: Connection refused
	at org.apache.ratis.thirdparty.io.netty.channel.unix.Errors.newConnectException0(Errors.java:166)
	at org.apache.ratis.thirdparty.io.netty.channel.unix.Errors.handleConnectErrno(Errors.java:131)
	at org.apache.ratis.thirdparty.io.netty.channel.unix.Socket.finishConnect(Socket.java:359)
	at org.apache.ratis.thirdparty.io.netty.channel.epoll.AbstractEpollChannel$AbstractEpollUnsafe.doFinishConnect(AbstractEpollChannel.java:710)
	at org.apache.ratis.thirdparty.io.netty.channel.epoll.AbstractEpollChannel$AbstractEpollUnsafe.finishConnect(AbstractEpollChannel.java:687)
	at org.apache.ratis.thirdparty.io.netty.channel.epoll.AbstractEpollChannel$AbstractEpollUnsafe.epollOutReady(AbstractEpollChannel.java:567)
	at org.apache.ratis.thirdparty.io.netty.channel.epoll.EpollEventLoop.processReady(EpollEventLoop.java:499)
	at org.apache.ratis.thirdparty.io.netty.channel.epoll.EpollEventLoop.run(EpollEventLoop.java:407)
	at org.apache.ratis.thirdparty.io.netty.util.concurrent.SingleThreadEventExecutor$4.run(SingleThreadEventExecutor.java:997)
	at org.apache.ratis.thirdparty.io.netty.util.internal.ThreadExecutorMap$2.run(ThreadExecutorMap.java:74)
	at org.apache.ratis.thirdparty.io.netty.util.concurrent.FastThreadLocalRunnable.run(FastThreadLocalRunnable.java:30)
	at java.base/java.lang.Thread.run(Thread.java:829)
2023-11-28 06:43:27,123 [s1-impl-thread1] INFO  segmented.SegmentedRaftLogWorker (SegmentedRaftLogWorker.java:close(245)) - s1@group-9F468C9C58F9-SegmentedRaftLogWorker close()
2023-11-28 06:43:27,123 [JvmPauseMonitor4] INFO  util.JvmPauseMonitor (JvmPauseMonitor.java:run(152)) - JvmPauseMonitor-s1: Stopped
2023-11-28 06:43:27,124 [s2-impl-thread1] INFO  segmented.SegmentedRaftLogWorker (SegmentedRaftLogWorker.java:close(245)) - s2@group-9F468C9C58F9-SegmentedRaftLogWorker close()
2023-11-28 06:43:27,125 [s0-impl-thread1] INFO  segmented.SegmentedRaftLogWorker (SegmentedRaftLogWorker.java:close(245)) - s0@group-9F468C9C58F9-SegmentedRaftLogWorker close()
2023-11-28 06:43:27,125 [JvmPauseMonitor5] INFO  util.JvmPauseMonitor (JvmPauseMonitor.java:run(152)) - JvmPauseMonitor-s2: Stopped
2023-11-28 06:43:27,126 [JvmPauseMonitor3] INFO  util.JvmPauseMonitor (JvmPauseMonitor.java:run(152)) - JvmPauseMonitor-s0: Stopped
2023-11-28 06:43:27,126 [Time-limited test] INFO  impl.MiniRaftCluster (MiniRaftCluster.java:shutdown(855)) - MiniRaftClusterWithGrpc shutdown completed
]]></system-out>
  </testcase>
  <testcase name="testBasicRetry" classname="org.apache.ratis.grpc.TestRetryCacheWithGrpc" time="2.53">
    <system-out><![CDATA[2023-11-28 06:43:27,129 [main] INFO  util.LogUtils (Slf4jUtils.java:setLogLevel(38)) - Successfully set org.apache.ratis.conf.ConfUtils log level to WARN
2023-11-28 06:43:27,129 [main] INFO  util.LogUtils (Slf4jUtils.java:setLogLevel(38)) - Successfully set org.apache.ratis.util.FileUtils log level to TRACE
2023-11-28 06:43:27,129 [main] INFO  util.LogUtils (Slf4jUtils.java:setLogLevel(38)) - Successfully set org.apache.ratis.server.RetryCache log level to TRACE
2023-11-28 06:43:27,129 [Time-limited test] INFO  impl.MiniRaftCluster (MiniRaftCluster.java:runWithNewCluster(135)) - Running runWithNewCluster
2023-11-28 06:43:27,130 [Time-limited test] INFO  impl.MiniRaftCluster (MiniRaftCluster.java:<init>(306)) - new MiniRaftClusterWithGrpc with group-F35FB90D7AD1:[s0|localhost:35525, s1|localhost:34887, s2|localhost:39393]
2023-11-28 06:43:27,130 [Time-limited test] INFO  impl.MiniRaftCluster (MiniRaftCluster.java:start(339)) - .............................................................. 
2023-11-28 06:43:27,130 [Time-limited test] INFO  impl.MiniRaftCluster (MiniRaftCluster.java:start(340)) - ... 
2023-11-28 06:43:27,130 [Time-limited test] INFO  impl.MiniRaftCluster (MiniRaftCluster.java:start(341)) - ...     Starting MiniRaftClusterWithGrpc
2023-11-28 06:43:27,130 [Time-limited test] INFO  impl.MiniRaftCluster (MiniRaftCluster.java:start(342)) - ... 
2023-11-28 06:43:27,130 [Time-limited test] INFO  impl.MiniRaftCluster (MiniRaftCluster.java:start(343)) - .............................................................. 
2023-11-28 06:43:27,130 [Time-limited test] INFO  impl.MiniRaftCluster (MiniRaftCluster.java:initServers(318)) - servers = {}
2023-11-28 06:43:27,130 [Time-limited test] INFO  impl.MiniRaftCluster (MiniRaftCluster.java:newRaftServer(382)) - newRaftServer: s0, group-F35FB90D7AD1:[s0|localhost:35525, s1|localhost:34887, s2|localhost:39393], format? true
2023-11-28 06:43:27,130 [Time-limited test] TRACE util.FileUtils (FileUtils.java:deleteFully(305)) - deleteFully target/test/data/cc86e3b/MiniRaftClusterWithGrpcdd0d2b4/s0
2023-11-28 06:43:27,130 [Time-limited test] TRACE util.FileUtils (FileUtils.java:deleteFully(318)) - deleteFully: target/test/data/cc86e3b/MiniRaftClusterWithGrpcdd0d2b4/s0 does not exist.
2023-11-28 06:43:27,130 [Time-limited test] INFO  impl.MiniRaftCluster (MiniRaftCluster.java:newRaftServer(387)) - Formatted directory target/test/data/cc86e3b/MiniRaftClusterWithGrpcdd0d2b4/s0
2023-11-28 06:43:27,131 [Time-limited test] INFO  server.RaftServer (ConfUtils.java:logGet(46)) - raft.rpc.type = GRPC (default)
2023-11-28 06:43:27,131 [Time-limited test] INFO  grpc.GrpcConfigKeys (ConfUtils.java:logFallback(53)) - raft.grpc.admin.host = null (fallback to raft.grpc.server.host)
2023-11-28 06:43:27,131 [Time-limited test] INFO  grpc.GrpcConfigKeys (ConfUtils.java:logGet(46)) - raft.grpc.admin.port = 39993 (custom)
2023-11-28 06:43:27,131 [Time-limited test] INFO  grpc.GrpcConfigKeys (ConfUtils.java:logFallback(53)) - raft.grpc.client.host = null (fallback to raft.grpc.server.host)
2023-11-28 06:43:27,131 [Time-limited test] INFO  grpc.GrpcConfigKeys (ConfUtils.java:logGet(46)) - raft.grpc.client.port = 40577 (custom)
2023-11-28 06:43:27,131 [Time-limited test] INFO  grpc.GrpcConfigKeys (ConfUtils.java:logGet(46)) - raft.grpc.server.host = null (default)
2023-11-28 06:43:27,131 [Time-limited test] INFO  grpc.GrpcConfigKeys (ConfUtils.java:logGet(46)) - raft.grpc.server.port = 35525 (custom)
2023-11-28 06:43:27,131 [Time-limited test] INFO  server.GrpcService (ConfUtils.java:logGet(46)) - raft.grpc.message.size.max = 64MB (=67108864) (default)
2023-11-28 06:43:27,131 [Time-limited test] INFO  server.RaftServerConfigKeys (ConfUtils.java:logGet(46)) - raft.server.log.appender.buffer.byte-limit = 4MB (=4194304) (default)
2023-11-28 06:43:27,131 [Time-limited test] INFO  server.GrpcService (ConfUtils.java:logGet(46)) - raft.grpc.flow.control.window = 1MB (=1048576) (default)
2023-11-28 06:43:27,131 [Time-limited test] INFO  server.RaftServerConfigKeys (ConfUtils.java:logGet(46)) - raft.server.rpc.request.timeout = 3000ms (default)
2023-11-28 06:43:27,131 [Time-limited test] INFO  grpc.GrpcConfigKeys (ConfUtils.java:logGet(46)) - raft.grpc.server.heartbeat.channel = true (default)
2023-11-28 06:43:27,132 [Time-limited test] INFO  grpc.GrpcConfigKeys (ConfUtils.java:logGet(46)) - raft.grpc.server.async.request.thread.pool.cached = true (default)
2023-11-28 06:43:27,132 [Time-limited test] INFO  grpc.GrpcConfigKeys (ConfUtils.java:logGet(46)) - raft.grpc.server.async.request.thread.pool.size = 32 (default)
2023-11-28 06:43:27,133 [Time-limited test] INFO  impl.DataStreamServerImpl (ConfUtils.java:logGet(46)) - raft.datastream.type = DISABLED (default)
2023-11-28 06:43:27,133 [Time-limited test] INFO  server.RaftServerConfigKeys (ConfUtils.java:logGet(46)) - raft.server.sleep.deviation.threshold = 300ms (default)
2023-11-28 06:43:27,133 [Time-limited test] INFO  server.RaftServerConfigKeys (ConfUtils.java:logGet(46)) - raft.server.close.threshold = 60s (default)
2023-11-28 06:43:27,133 [Time-limited test] INFO  server.RaftServerConfigKeys (ConfUtils.java:logGet(46)) - raft.server.leaderelection.leader.step-down.wait-time = 10s (default)
2023-11-28 06:43:27,134 [Time-limited test] INFO  server.RaftServerConfigKeys (ConfUtils.java:logGet(46)) - raft.server.storage.dir = [/home/runner/work/ratis/ratis/ratis-test/target/test/data/cc86e3b/MiniRaftClusterWithGrpcdd0d2b4/s0] (custom)
2023-11-28 06:43:27,134 [Time-limited test] INFO  server.RaftServerConfigKeys (ConfUtils.java:logGet(46)) - raft.server.threadpool.proxy.cached = true (default)
2023-11-28 06:43:27,134 [Time-limited test] INFO  server.RaftServerConfigKeys (ConfUtils.java:logGet(46)) - raft.server.threadpool.proxy.size = 0 (default)
2023-11-28 06:43:27,134 [Time-limited test] INFO  server.RaftServer (RaftServerProxy.java:addNew(100)) - s0: addNew group-F35FB90D7AD1:[s0|localhost:35525, s1|localhost:34887, s2|localhost:39393] returns group-F35FB90D7AD1:java.util.concurrent.CompletableFuture@61c7724b[Not completed]
2023-11-28 06:43:27,134 [s0-groupManagement] INFO  server.RaftServerConfigKeys (ConfUtils.java:logGet(46)) - raft.server.log.segment.size.max = 32MB (=33554432) (default)
2023-11-28 06:43:27,134 [Time-limited test] INFO  impl.MiniRaftCluster (MiniRaftCluster.java:newRaftServer(382)) - newRaftServer: s1, group-F35FB90D7AD1:[s0|localhost:35525, s1|localhost:34887, s2|localhost:39393], format? true
2023-11-28 06:43:27,134 [s0-groupManagement] INFO  server.RaftServerConfigKeys (ConfUtils.java:logGet(46)) - raft.server.log.preallocated.size = 4MB (=4194304) (default)
2023-11-28 06:43:27,134 [Time-limited test] TRACE util.FileUtils (FileUtils.java:deleteFully(305)) - deleteFully target/test/data/cc86e3b/MiniRaftClusterWithGrpcdd0d2b4/s1
2023-11-28 06:43:27,134 [s0-groupManagement] INFO  server.RaftServerConfigKeys (ConfUtils.java:logGet(46)) - raft.server.log.write.buffer.size = 8MB (=8388608) (default)
2023-11-28 06:43:27,134 [Time-limited test] TRACE util.FileUtils (FileUtils.java:deleteFully(318)) - deleteFully: target/test/data/cc86e3b/MiniRaftClusterWithGrpcdd0d2b4/s1 does not exist.
2023-11-28 06:43:27,134 [s0-groupManagement] INFO  server.RaftServer$Division (RaftServerImpl.java:<init>(256)) - s0: new RaftServerImpl for group-F35FB90D7AD1:[s0|localhost:35525, s1|localhost:34887, s2|localhost:39393] with SimpleStateMachine4Testing:uninitialized
2023-11-28 06:43:27,134 [Time-limited test] INFO  impl.MiniRaftCluster (MiniRaftCluster.java:newRaftServer(387)) - Formatted directory target/test/data/cc86e3b/MiniRaftClusterWithGrpcdd0d2b4/s1
2023-11-28 06:43:27,134 [s0-groupManagement] INFO  server.RaftServerConfigKeys (ConfUtils.java:logGet(46)) - raft.server.rpc.timeout.min = 150ms (default)
2023-11-28 06:43:27,135 [s0-groupManagement] INFO  server.RaftServerConfigKeys (ConfUtils.java:logGet(46)) - raft.server.rpc.timeout.max = 300ms (default)
2023-11-28 06:43:27,135 [s0-groupManagement] INFO  server.RaftServerConfigKeys (ConfUtils.java:logGet(46)) - raft.server.rpc.sleep.time = 25ms (default)
2023-11-28 06:43:27,135 [s0-groupManagement] INFO  server.RaftServerConfigKeys (ConfUtils.java:logGet(46)) - raft.server.rpc.slowness.timeout = 60s (default)
2023-11-28 06:43:27,135 [Time-limited test] INFO  server.RaftServer (ConfUtils.java:logGet(46)) - raft.rpc.type = GRPC (default)
2023-11-28 06:43:27,135 [s0-groupManagement] INFO  server.RaftServerConfigKeys (ConfUtils.java:logGet(46)) - raft.server.leaderelection.leader.step-down.wait-time = 10s (default)
2023-11-28 06:43:27,135 [Time-limited test] INFO  grpc.GrpcConfigKeys (ConfUtils.java:logFallback(53)) - raft.grpc.admin.host = null (fallback to raft.grpc.server.host)
2023-11-28 06:43:27,135 [s0-groupManagement] INFO  server.RaftServerConfigKeys (ConfUtils.java:logGet(46)) - raft.server.leaderelection.member.majority-add = false (default)
2023-11-28 06:43:27,135 [Time-limited test] INFO  grpc.GrpcConfigKeys (ConfUtils.java:logGet(46)) - raft.grpc.admin.port = 44565 (custom)
2023-11-28 06:43:27,135 [s0-groupManagement] INFO  server.RaftServerConfigKeys (ConfUtils.java:logGet(46)) - raft.server.sleep.deviation.threshold = 300ms (default)
2023-11-28 06:43:27,135 [Time-limited test] INFO  grpc.GrpcConfigKeys (ConfUtils.java:logFallback(53)) - raft.grpc.client.host = null (fallback to raft.grpc.server.host)
2023-11-28 06:43:27,135 [s0-groupManagement] INFO  server.RaftServer$Division (ServerState.java:<init>(113)) - s0@group-F35FB90D7AD1: ConfigurationManager, init=-1: peers:[s0|localhost:35525, s1|localhost:34887, s2|localhost:39393]|listeners:[], old=null, confs=<EMPTY_MAP>
2023-11-28 06:43:27,135 [Time-limited test] INFO  grpc.GrpcConfigKeys (ConfUtils.java:logGet(46)) - raft.grpc.client.port = 38435 (custom)
2023-11-28 06:43:27,135 [s0-groupManagement] INFO  server.RaftServerConfigKeys (ConfUtils.java:logGet(46)) - raft.server.notification.no-leader.timeout = 60s (default)
2023-11-28 06:43:27,135 [Time-limited test] INFO  grpc.GrpcConfigKeys (ConfUtils.java:logGet(46)) - raft.grpc.server.host = null (default)
2023-11-28 06:43:27,135 [s0-groupManagement] INFO  server.RaftServerConfigKeys (ConfUtils.java:logGet(46)) - raft.server.read.timeout = 10s (default)
2023-11-28 06:43:27,135 [Time-limited test] INFO  grpc.GrpcConfigKeys (ConfUtils.java:logGet(46)) - raft.grpc.server.port = 34887 (custom)
2023-11-28 06:43:27,135 [s0-groupManagement] INFO  server.RaftServerConfigKeys (ConfUtils.java:logGet(46)) - raft.server.retrycache.expirytime = 60s (default)
2023-11-28 06:43:27,135 [Time-limited test] INFO  server.GrpcService (ConfUtils.java:logGet(46)) - raft.grpc.message.size.max = 64MB (=67108864) (default)
2023-11-28 06:43:27,135 [s0-groupManagement] INFO  server.RaftServerConfigKeys (ConfUtils.java:logGet(46)) - raft.server.retrycache.statistics.expirytime = 100ms (default)
2023-11-28 06:43:27,135 [Time-limited test] INFO  server.RaftServerConfigKeys (ConfUtils.java:logGet(46)) - raft.server.log.appender.buffer.byte-limit = 4MB (=4194304) (default)
2023-11-28 06:43:27,135 [Time-limited test] INFO  server.GrpcService (ConfUtils.java:logGet(46)) - raft.grpc.flow.control.window = 1MB (=1048576) (default)
2023-11-28 06:43:27,136 [s0-groupManagement] INFO  server.RaftServerConfigKeys (ConfUtils.java:logGet(46)) - raft.server.read.option = DEFAULT (default)
2023-11-28 06:43:27,136 [Time-limited test] INFO  server.RaftServerConfigKeys (ConfUtils.java:logGet(46)) - raft.server.rpc.request.timeout = 3000ms (default)
2023-11-28 06:43:27,136 [s0-groupManagement] INFO  server.RaftServerConfigKeys (ConfUtils.java:logGet(46)) - raft.server.read.read-after-write-consistent.write-index-cache.expiry-time = 60s (default)
2023-11-28 06:43:27,136 [Time-limited test] INFO  grpc.GrpcConfigKeys (ConfUtils.java:logGet(46)) - raft.grpc.server.heartbeat.channel = true (default)
2023-11-28 06:43:27,136 [Time-limited test] INFO  grpc.GrpcConfigKeys (ConfUtils.java:logGet(46)) - raft.grpc.server.async.request.thread.pool.cached = true (default)
2023-11-28 06:43:27,136 [Time-limited test] INFO  grpc.GrpcConfigKeys (ConfUtils.java:logGet(46)) - raft.grpc.server.async.request.thread.pool.size = 32 (default)
2023-11-28 06:43:27,137 [Time-limited test] INFO  impl.DataStreamServerImpl (ConfUtils.java:logGet(46)) - raft.datastream.type = DISABLED (default)
2023-11-28 06:43:27,137 [Time-limited test] INFO  server.RaftServerConfigKeys (ConfUtils.java:logGet(46)) - raft.server.sleep.deviation.threshold = 300ms (default)
2023-11-28 06:43:27,137 [s0-groupManagement] INFO  server.RaftServerConfigKeys (ConfUtils.java:logGet(46)) - raft.server.rpc.request.timeout = 3000ms (default)
2023-11-28 06:43:27,137 [Time-limited test] INFO  server.RaftServerConfigKeys (ConfUtils.java:logGet(46)) - raft.server.close.threshold = 60s (default)
2023-11-28 06:43:27,137 [s0-groupManagement] INFO  server.RaftServerConfigKeys (ConfUtils.java:logGet(46)) - raft.server.log.appender.install.snapshot.enabled = true (default)
2023-11-28 06:43:27,137 [Time-limited test] INFO  server.RaftServerConfigKeys (ConfUtils.java:logGet(46)) - raft.server.leaderelection.leader.step-down.wait-time = 10s (default)
2023-11-28 06:43:27,137 [s0-groupManagement] INFO  server.RaftServerConfigKeys (ConfUtils.java:logGet(46)) - raft.server.threadpool.server.cached = true (default)
2023-11-28 06:43:27,137 [s0-groupManagement] INFO  server.RaftServerConfigKeys (ConfUtils.java:logGet(46)) - raft.server.threadpool.server.size = 0 (default)
2023-11-28 06:43:27,137 [Time-limited test] INFO  server.RaftServerConfigKeys (ConfUtils.java:logGet(46)) - raft.server.storage.dir = [/home/runner/work/ratis/ratis/ratis-test/target/test/data/cc86e3b/MiniRaftClusterWithGrpcdd0d2b4/s1] (custom)
2023-11-28 06:43:27,137 [s0-groupManagement] INFO  server.RaftServerConfigKeys (ConfUtils.java:logGet(46)) - raft.server.threadpool.client.cached = true (default)
2023-11-28 06:43:27,137 [Time-limited test] INFO  server.RaftServerConfigKeys (ConfUtils.java:logGet(46)) - raft.server.threadpool.proxy.cached = true (default)
2023-11-28 06:43:27,138 [s0-groupManagement] INFO  server.RaftServerConfigKeys (ConfUtils.java:logGet(46)) - raft.server.threadpool.client.size = 0 (default)
2023-11-28 06:43:27,138 [Time-limited test] INFO  server.RaftServerConfigKeys (ConfUtils.java:logGet(46)) - raft.server.threadpool.proxy.size = 0 (default)
2023-11-28 06:43:27,138 [Time-limited test] INFO  server.RaftServer (RaftServerProxy.java:addNew(100)) - s1: addNew group-F35FB90D7AD1:[s0|localhost:35525, s1|localhost:34887, s2|localhost:39393] returns group-F35FB90D7AD1:java.util.concurrent.CompletableFuture@5b67e909[Not completed]
2023-11-28 06:43:27,138 [Time-limited test] INFO  impl.MiniRaftCluster (MiniRaftCluster.java:newRaftServer(382)) - newRaftServer: s2, group-F35FB90D7AD1:[s0|localhost:35525, s1|localhost:34887, s2|localhost:39393], format? true
2023-11-28 06:43:27,138 [s1-groupManagement] INFO  server.RaftServerConfigKeys (ConfUtils.java:logGet(46)) - raft.server.log.segment.size.max = 32MB (=33554432) (default)
2023-11-28 06:43:27,138 [Time-limited test] TRACE util.FileUtils (FileUtils.java:deleteFully(305)) - deleteFully target/test/data/cc86e3b/MiniRaftClusterWithGrpcdd0d2b4/s2
2023-11-28 06:43:27,138 [s1-groupManagement] INFO  server.RaftServerConfigKeys (ConfUtils.java:logGet(46)) - raft.server.log.preallocated.size = 4MB (=4194304) (default)
2023-11-28 06:43:27,138 [Time-limited test] TRACE util.FileUtils (FileUtils.java:deleteFully(318)) - deleteFully: target/test/data/cc86e3b/MiniRaftClusterWithGrpcdd0d2b4/s2 does not exist.
2023-11-28 06:43:27,138 [s1-groupManagement] INFO  server.RaftServerConfigKeys (ConfUtils.java:logGet(46)) - raft.server.log.write.buffer.size = 8MB (=8388608) (default)
2023-11-28 06:43:27,138 [Time-limited test] INFO  impl.MiniRaftCluster (MiniRaftCluster.java:newRaftServer(387)) - Formatted directory target/test/data/cc86e3b/MiniRaftClusterWithGrpcdd0d2b4/s2
2023-11-28 06:43:27,138 [s1-groupManagement] INFO  server.RaftServer$Division (RaftServerImpl.java:<init>(256)) - s1: new RaftServerImpl for group-F35FB90D7AD1:[s0|localhost:35525, s1|localhost:34887, s2|localhost:39393] with SimpleStateMachine4Testing:uninitialized
2023-11-28 06:43:27,138 [s1-groupManagement] INFO  server.RaftServerConfigKeys (ConfUtils.java:logGet(46)) - raft.server.rpc.timeout.min = 150ms (default)
2023-11-28 06:43:27,139 [s1-groupManagement] INFO  server.RaftServerConfigKeys (ConfUtils.java:logGet(46)) - raft.server.rpc.timeout.max = 300ms (default)
2023-11-28 06:43:27,139 [Time-limited test] INFO  server.RaftServer (ConfUtils.java:logGet(46)) - raft.rpc.type = GRPC (default)
2023-11-28 06:43:27,139 [s1-groupManagement] INFO  server.RaftServerConfigKeys (ConfUtils.java:logGet(46)) - raft.server.rpc.sleep.time = 25ms (default)
2023-11-28 06:43:27,139 [Time-limited test] INFO  grpc.GrpcConfigKeys (ConfUtils.java:logFallback(53)) - raft.grpc.admin.host = null (fallback to raft.grpc.server.host)
2023-11-28 06:43:27,139 [s1-groupManagement] INFO  server.RaftServerConfigKeys (ConfUtils.java:logGet(46)) - raft.server.rpc.slowness.timeout = 60s (default)
2023-11-28 06:43:27,139 [Time-limited test] INFO  grpc.GrpcConfigKeys (ConfUtils.java:logGet(46)) - raft.grpc.admin.port = 40835 (custom)
2023-11-28 06:43:27,139 [s1-groupManagement] INFO  server.RaftServerConfigKeys (ConfUtils.java:logGet(46)) - raft.server.leaderelection.leader.step-down.wait-time = 10s (default)
2023-11-28 06:43:27,139 [Time-limited test] INFO  grpc.GrpcConfigKeys (ConfUtils.java:logFallback(53)) - raft.grpc.client.host = null (fallback to raft.grpc.server.host)
2023-11-28 06:43:27,139 [s1-groupManagement] INFO  server.RaftServerConfigKeys (ConfUtils.java:logGet(46)) - raft.server.leaderelection.member.majority-add = false (default)
2023-11-28 06:43:27,139 [Time-limited test] INFO  grpc.GrpcConfigKeys (ConfUtils.java:logGet(46)) - raft.grpc.client.port = 35163 (custom)
2023-11-28 06:43:27,139 [s1-groupManagement] INFO  server.RaftServerConfigKeys (ConfUtils.java:logGet(46)) - raft.server.sleep.deviation.threshold = 300ms (default)
2023-11-28 06:43:27,139 [Time-limited test] INFO  grpc.GrpcConfigKeys (ConfUtils.java:logGet(46)) - raft.grpc.server.host = null (default)
2023-11-28 06:43:27,139 [Time-limited test] INFO  grpc.GrpcConfigKeys (ConfUtils.java:logGet(46)) - raft.grpc.server.port = 39393 (custom)
2023-11-28 06:43:27,139 [s1-groupManagement] INFO  server.RaftServer$Division (ServerState.java:<init>(113)) - s1@group-F35FB90D7AD1: ConfigurationManager, init=-1: peers:[s0|localhost:35525, s1|localhost:34887, s2|localhost:39393]|listeners:[], old=null, confs=<EMPTY_MAP>
2023-11-28 06:43:27,139 [Time-limited test] INFO  server.GrpcService (ConfUtils.java:logGet(46)) - raft.grpc.message.size.max = 64MB (=67108864) (default)
2023-11-28 06:43:27,139 [s1-groupManagement] INFO  server.RaftServerConfigKeys (ConfUtils.java:logGet(46)) - raft.server.notification.no-leader.timeout = 60s (default)
2023-11-28 06:43:27,139 [Time-limited test] INFO  server.RaftServerConfigKeys (ConfUtils.java:logGet(46)) - raft.server.log.appender.buffer.byte-limit = 4MB (=4194304) (default)
2023-11-28 06:43:27,139 [s1-groupManagement] INFO  server.RaftServerConfigKeys (ConfUtils.java:logGet(46)) - raft.server.read.timeout = 10s (default)
2023-11-28 06:43:27,139 [Time-limited test] INFO  server.GrpcService (ConfUtils.java:logGet(46)) - raft.grpc.flow.control.window = 1MB (=1048576) (default)
2023-11-28 06:43:27,139 [s1-groupManagement] INFO  server.RaftServerConfigKeys (ConfUtils.java:logGet(46)) - raft.server.retrycache.expirytime = 60s (default)
2023-11-28 06:43:27,139 [Time-limited test] INFO  server.RaftServerConfigKeys (ConfUtils.java:logGet(46)) - raft.server.rpc.request.timeout = 3000ms (default)
2023-11-28 06:43:27,139 [s1-groupManagement] INFO  server.RaftServerConfigKeys (ConfUtils.java:logGet(46)) - raft.server.retrycache.statistics.expirytime = 100ms (default)
2023-11-28 06:43:27,139 [Time-limited test] INFO  grpc.GrpcConfigKeys (ConfUtils.java:logGet(46)) - raft.grpc.server.heartbeat.channel = true (default)
2023-11-28 06:43:27,140 [s1-groupManagement] INFO  server.RaftServerConfigKeys (ConfUtils.java:logGet(46)) - raft.server.read.option = DEFAULT (default)
2023-11-28 06:43:27,140 [Time-limited test] INFO  grpc.GrpcConfigKeys (ConfUtils.java:logGet(46)) - raft.grpc.server.async.request.thread.pool.cached = true (default)
2023-11-28 06:43:27,140 [s1-groupManagement] INFO  server.RaftServerConfigKeys (ConfUtils.java:logGet(46)) - raft.server.read.read-after-write-consistent.write-index-cache.expiry-time = 60s (default)
2023-11-28 06:43:27,140 [Time-limited test] INFO  grpc.GrpcConfigKeys (ConfUtils.java:logGet(46)) - raft.grpc.server.async.request.thread.pool.size = 32 (default)
2023-11-28 06:43:27,141 [Time-limited test] INFO  impl.DataStreamServerImpl (ConfUtils.java:logGet(46)) - raft.datastream.type = DISABLED (default)
2023-11-28 06:43:27,141 [Time-limited test] INFO  server.RaftServerConfigKeys (ConfUtils.java:logGet(46)) - raft.server.sleep.deviation.threshold = 300ms (default)
2023-11-28 06:43:27,141 [Time-limited test] INFO  server.RaftServerConfigKeys (ConfUtils.java:logGet(46)) - raft.server.close.threshold = 60s (default)
2023-11-28 06:43:27,141 [Time-limited test] INFO  server.RaftServerConfigKeys (ConfUtils.java:logGet(46)) - raft.server.leaderelection.leader.step-down.wait-time = 10s (default)
2023-11-28 06:43:27,141 [Time-limited test] INFO  server.RaftServerConfigKeys (ConfUtils.java:logGet(46)) - raft.server.storage.dir = [/home/runner/work/ratis/ratis/ratis-test/target/test/data/cc86e3b/MiniRaftClusterWithGrpcdd0d2b4/s2] (custom)
2023-11-28 06:43:27,141 [s1-groupManagement] INFO  server.RaftServerConfigKeys (ConfUtils.java:logGet(46)) - raft.server.rpc.request.timeout = 3000ms (default)
2023-11-28 06:43:27,141 [Time-limited test] INFO  server.RaftServerConfigKeys (ConfUtils.java:logGet(46)) - raft.server.threadpool.proxy.cached = true (default)
2023-11-28 06:43:27,141 [s1-groupManagement] INFO  server.RaftServerConfigKeys (ConfUtils.java:logGet(46)) - raft.server.log.appender.install.snapshot.enabled = true (default)
2023-11-28 06:43:27,141 [Time-limited test] INFO  server.RaftServerConfigKeys (ConfUtils.java:logGet(46)) - raft.server.threadpool.proxy.size = 0 (default)
2023-11-28 06:43:27,141 [s1-groupManagement] INFO  server.RaftServerConfigKeys (ConfUtils.java:logGet(46)) - raft.server.threadpool.server.cached = true (default)
2023-11-28 06:43:27,141 [s1-groupManagement] INFO  server.RaftServerConfigKeys (ConfUtils.java:logGet(46)) - raft.server.threadpool.server.size = 0 (default)
2023-11-28 06:43:27,142 [s1-groupManagement] INFO  server.RaftServerConfigKeys (ConfUtils.java:logGet(46)) - raft.server.threadpool.client.cached = true (default)
2023-11-28 06:43:27,142 [s1-groupManagement] INFO  server.RaftServerConfigKeys (ConfUtils.java:logGet(46)) - raft.server.threadpool.client.size = 0 (default)
2023-11-28 06:43:27,142 [Time-limited test] INFO  server.RaftServer (RaftServerProxy.java:addNew(100)) - s2: addNew group-F35FB90D7AD1:[s0|localhost:35525, s1|localhost:34887, s2|localhost:39393] returns group-F35FB90D7AD1:java.util.concurrent.CompletableFuture@24a84fdd[Not completed]
2023-11-28 06:43:27,142 [s2-groupManagement] INFO  server.RaftServerConfigKeys (ConfUtils.java:logGet(46)) - raft.server.log.segment.size.max = 32MB (=33554432) (default)
2023-11-28 06:43:27,142 [s0-impl-thread1] INFO  server.RaftServerConfigKeys (ConfUtils.java:logGet(46)) - raft.server.storage.free-space.min = 0MB (=0) (default)
2023-11-28 06:43:27,142 [s2-groupManagement] INFO  server.RaftServerConfigKeys (ConfUtils.java:logGet(46)) - raft.server.log.preallocated.size = 4MB (=4194304) (default)
2023-11-28 06:43:27,142 [s0-impl-thread1] INFO  server.RaftServerConfigKeys (ConfUtils.java:logGet(46)) - raft.server.log.corruption.policy = EXCEPTION (default)
2023-11-28 06:43:27,142 [s2-groupManagement] INFO  server.RaftServerConfigKeys (ConfUtils.java:logGet(46)) - raft.server.log.write.buffer.size = 8MB (=8388608) (default)
2023-11-28 06:43:27,142 [s2-groupManagement] INFO  server.RaftServer$Division (RaftServerImpl.java:<init>(256)) - s2: new RaftServerImpl for group-F35FB90D7AD1:[s0|localhost:35525, s1|localhost:34887, s2|localhost:39393] with SimpleStateMachine4Testing:uninitialized
2023-11-28 06:43:27,142 [s0-impl-thread1] INFO  server.RaftServerConfigKeys (ConfUtils.java:logGet(46)) - raft.server.storage.dir = [/home/runner/work/ratis/ratis/ratis-test/target/test/data/cc86e3b/MiniRaftClusterWithGrpcdd0d2b4/s0] (custom)
2023-11-28 06:43:27,142 [s2-groupManagement] INFO  server.RaftServerConfigKeys (ConfUtils.java:logGet(46)) - raft.server.rpc.timeout.min = 150ms (default)
2023-11-28 06:43:27,142 [s2-groupManagement] INFO  server.RaftServerConfigKeys (ConfUtils.java:logGet(46)) - raft.server.rpc.timeout.max = 300ms (default)
2023-11-28 06:43:27,142 [s2-groupManagement] INFO  server.RaftServerConfigKeys (ConfUtils.java:logGet(46)) - raft.server.rpc.sleep.time = 25ms (default)
2023-11-28 06:43:27,142 [s2-groupManagement] INFO  server.RaftServerConfigKeys (ConfUtils.java:logGet(46)) - raft.server.rpc.slowness.timeout = 60s (default)
2023-11-28 06:43:27,142 [s0-impl-thread1] INFO  storage.RaftStorageDirectory (RaftStorageDirectoryImpl.java:analyzeStorage(138)) - The storage directory /home/runner/work/ratis/ratis/ratis-test/target/test/data/cc86e3b/MiniRaftClusterWithGrpcdd0d2b4/s0/a2649fa6-a12b-4dc4-a464-f35fb90d7ad1 does not exist. Creating ...
2023-11-28 06:43:27,142 [s2-groupManagement] INFO  server.RaftServerConfigKeys (ConfUtils.java:logGet(46)) - raft.server.leaderelection.leader.step-down.wait-time = 10s (default)
2023-11-28 06:43:27,143 [s2-groupManagement] INFO  server.RaftServerConfigKeys (ConfUtils.java:logGet(46)) - raft.server.leaderelection.member.majority-add = false (default)
2023-11-28 06:43:27,143 [s2-groupManagement] INFO  server.RaftServerConfigKeys (ConfUtils.java:logGet(46)) - raft.server.sleep.deviation.threshold = 300ms (default)
2023-11-28 06:43:27,143 [s2-groupManagement] INFO  server.RaftServer$Division (ServerState.java:<init>(113)) - s2@group-F35FB90D7AD1: ConfigurationManager, init=-1: peers:[s0|localhost:35525, s1|localhost:34887, s2|localhost:39393]|listeners:[], old=null, confs=<EMPTY_MAP>
2023-11-28 06:43:27,143 [s2-groupManagement] INFO  server.RaftServerConfigKeys (ConfUtils.java:logGet(46)) - raft.server.notification.no-leader.timeout = 60s (default)
2023-11-28 06:43:27,143 [s2-groupManagement] INFO  server.RaftServerConfigKeys (ConfUtils.java:logGet(46)) - raft.server.read.timeout = 10s (default)
2023-11-28 06:43:27,143 [s0-impl-thread1] TRACE util.FileUtils (LogUtils.java:runAndLog(49)) - Successfully ran Files.createDirectories /home/runner/work/ratis/ratis/ratis-test/target/test/data/cc86e3b/MiniRaftClusterWithGrpcdd0d2b4/s0/a2649fa6-a12b-4dc4-a464-f35fb90d7ad1
2023-11-28 06:43:27,143 [s2-groupManagement] INFO  server.RaftServerConfigKeys (ConfUtils.java:logGet(46)) - raft.server.retrycache.expirytime = 60s (default)
2023-11-28 06:43:27,143 [s2-groupManagement] INFO  server.RaftServerConfigKeys (ConfUtils.java:logGet(46)) - raft.server.retrycache.statistics.expirytime = 100ms (default)
2023-11-28 06:43:27,143 [s2-groupManagement] INFO  server.RaftServerConfigKeys (ConfUtils.java:logGet(46)) - raft.server.read.option = DEFAULT (default)
2023-11-28 06:43:27,143 [s2-groupManagement] INFO  server.RaftServerConfigKeys (ConfUtils.java:logGet(46)) - raft.server.read.read-after-write-consistent.write-index-cache.expiry-time = 60s (default)
2023-11-28 06:43:27,144 [s0-impl-thread1] INFO  storage.RaftStorageDirectory (RaftStorageDirectoryImpl.java:tryLock(232)) - Lock on /home/runner/work/ratis/ratis/ratis-test/target/test/data/cc86e3b/MiniRaftClusterWithGrpcdd0d2b4/s0/a2649fa6-a12b-4dc4-a464-f35fb90d7ad1/in_use.lock acquired by nodename 4862@fv-az728-711
2023-11-28 06:43:27,144 [s0-impl-thread1] TRACE util.FileUtils (LogUtils.java:runAndLog(49)) - Successfully ran Files.createDirectories /home/runner/work/ratis/ratis/ratis-test/target/test/data/cc86e3b/MiniRaftClusterWithGrpcdd0d2b4/s0/a2649fa6-a12b-4dc4-a464-f35fb90d7ad1/current
2023-11-28 06:43:27,144 [s0-impl-thread1] TRACE util.FileUtils (LogUtils.java:runAndLog(49)) - Successfully ran Files.createDirectories /home/runner/work/ratis/ratis/ratis-test/target/test/data/cc86e3b/MiniRaftClusterWithGrpcdd0d2b4/s0/a2649fa6-a12b-4dc4-a464-f35fb90d7ad1/sm
2023-11-28 06:43:27,144 [s0-impl-thread1] TRACE util.FileUtils (LogUtils.java:supplyAndLog(69)) - Successfully supplied FileChannel.open /home/runner/work/ratis/ratis/ratis-test/target/test/data/cc86e3b/MiniRaftClusterWithGrpcdd0d2b4/s0/a2649fa6-a12b-4dc4-a464-f35fb90d7ad1/current/raft-meta.tmp with options [CREATE, WRITE]: sun.nio.ch.FileChannelImpl@5ebb84d
2023-11-28 06:43:27,145 [s2-groupManagement] INFO  server.RaftServerConfigKeys (ConfUtils.java:logGet(46)) - raft.server.rpc.request.timeout = 3000ms (default)
2023-11-28 06:43:27,145 [s2-groupManagement] INFO  server.RaftServerConfigKeys (ConfUtils.java:logGet(46)) - raft.server.log.appender.install.snapshot.enabled = true (default)
2023-11-28 06:43:27,145 [s2-groupManagement] INFO  server.RaftServerConfigKeys (ConfUtils.java:logGet(46)) - raft.server.threadpool.server.cached = true (default)
2023-11-28 06:43:27,145 [s2-groupManagement] INFO  server.RaftServerConfigKeys (ConfUtils.java:logGet(46)) - raft.server.threadpool.server.size = 0 (default)
2023-11-28 06:43:27,145 [s2-groupManagement] INFO  server.RaftServerConfigKeys (ConfUtils.java:logGet(46)) - raft.server.threadpool.client.cached = true (default)
2023-11-28 06:43:27,145 [s2-groupManagement] INFO  server.RaftServerConfigKeys (ConfUtils.java:logGet(46)) - raft.server.threadpool.client.size = 0 (default)
2023-11-28 06:43:27,145 [s0-impl-thread1] TRACE util.FileUtils (LogUtils.java:runAndLog(49)) - Successfully ran Atomic Files.move /home/runner/work/ratis/ratis/ratis-test/target/test/data/cc86e3b/MiniRaftClusterWithGrpcdd0d2b4/s0/a2649fa6-a12b-4dc4-a464-f35fb90d7ad1/current/raft-meta.tmp to /home/runner/work/ratis/ratis/ratis-test/target/test/data/cc86e3b/MiniRaftClusterWithGrpcdd0d2b4/s0/a2649fa6-a12b-4dc4-a464-f35fb90d7ad1/current/raft-meta with options [REPLACE_EXISTING]
2023-11-28 06:43:27,145 [s0-impl-thread1] INFO  storage.RaftStorage (RaftStorageImpl.java:format(99)) - Storage directory /home/runner/work/ratis/ratis/ratis-test/target/test/data/cc86e3b/MiniRaftClusterWithGrpcdd0d2b4/s0/a2649fa6-a12b-4dc4-a464-f35fb90d7ad1 has been successfully formatted.
2023-11-28 06:43:27,145 [s0-impl-thread1] TRACE util.FileUtils (LogUtils.java:supplyAndLog(61)) - Failed to Files.newInputStream /home/runner/work/ratis/ratis/ratis-test/target/test/data/cc86e3b/MiniRaftClusterWithGrpcdd0d2b4/s0/a2649fa6-a12b-4dc4-a464-f35fb90d7ad1/current/raft-meta.conf with options []
java.nio.file.NoSuchFileException: /home/runner/work/ratis/ratis/ratis-test/target/test/data/cc86e3b/MiniRaftClusterWithGrpcdd0d2b4/s0/a2649fa6-a12b-4dc4-a464-f35fb90d7ad1/current/raft-meta.conf
	at java.base/sun.nio.fs.UnixException.translateToIOException(UnixException.java:92)
	at java.base/sun.nio.fs.UnixException.rethrowAsIOException(UnixException.java:111)
	at java.base/sun.nio.fs.UnixException.rethrowAsIOException(UnixException.java:116)
	at java.base/sun.nio.fs.UnixFileSystemProvider.newByteChannel(UnixFileSystemProvider.java:219)
	at java.base/java.nio.file.Files.newByteChannel(Files.java:371)
	at java.base/java.nio.file.Files.newByteChannel(Files.java:422)
	at java.base/java.nio.file.spi.FileSystemProvider.newInputStream(FileSystemProvider.java:420)
	at java.base/java.nio.file.Files.newInputStream(Files.java:156)
	at org.apache.ratis.util.FileUtils.lambda$newInputStream$2(FileUtils.java:73)
	at org.apache.ratis.util.LogUtils.supplyAndLog(LogUtils.java:58)
	at org.apache.ratis.util.FileUtils.newInputStream(FileUtils.java:72)
	at org.apache.ratis.util.FileUtils.newInputStream(FileUtils.java:68)
	at org.apache.ratis.server.storage.RaftStorageImpl.readRaftConfiguration(RaftStorageImpl.java:156)
	at org.apache.ratis.server.impl.ServerState.initialize(ServerState.java:141)
	at org.apache.ratis.server.impl.RaftServerImpl.start(RaftServerImpl.java:388)
	at org.apache.ratis.util.ConcurrentUtils.accept(ConcurrentUtils.java:203)
	at org.apache.ratis.util.ConcurrentUtils.lambda$parallelForEachAsync$4(ConcurrentUtils.java:182)
	at java.base/java.util.concurrent.ThreadPoolExecutor.runWorker(ThreadPoolExecutor.java:1128)
	at java.base/java.util.concurrent.ThreadPoolExecutor$Worker.run(ThreadPoolExecutor.java:628)
	at java.base/java.lang.Thread.run(Thread.java:829)
2023-11-28 06:43:27,146 [s0-impl-thread1] INFO  impl.SimpleStateMachine4Testing (SimpleStateMachine4Testing.java:initialize(213)) - Initializing SimpleStateMachine4Testing:uninitialized
2023-11-28 06:43:27,146 [s0-impl-thread1] INFO  impl.SimpleStateMachine4Testing (SimpleStateMachine4Testing.java:loadSnapshot(296)) - Loading snapshot null
2023-11-28 06:43:27,146 [s0-impl-thread1] INFO  server.RaftServerConfigKeys (ConfUtils.java:logGet(46)) - raft.server.log.use.memory = false (default)
2023-11-28 06:43:27,146 [s0-impl-thread1] INFO  server.RaftServerConfigKeys (ConfUtils.java:logGet(46)) - raft.server.log.purge.gap = 1024 (default)
2023-11-28 06:43:27,146 [s0-impl-thread1] INFO  server.RaftServerConfigKeys (ConfUtils.java:logGet(46)) - raft.server.log.appender.buffer.byte-limit = 4MB (=4194304) (default)
2023-11-28 06:43:27,146 [s0-impl-thread1] INFO  server.RaftServerConfigKeys (ConfUtils.java:logGet(46)) - raft.server.log.statemachine.data.read.timeout = 1000ms (default)
2023-11-28 06:43:27,146 [s0-impl-thread1] INFO  server.RaftServerConfigKeys (ConfUtils.java:logGet(46)) - raft.server.log.purge.preservation.log.num = 0 (default)
2023-11-28 06:43:27,147 [s0-impl-thread1] INFO  server.RaftServerConfigKeys (ConfUtils.java:logGet(46)) - raft.server.log.segment.size.max = 32MB (=33554432) (default)
2023-11-28 06:43:27,147 [s0-impl-thread1] INFO  server.RaftServerConfigKeys (ConfUtils.java:logGet(46)) - raft.server.log.segment.cache.num.max = 6 (default)
2023-11-28 06:43:27,147 [s0-impl-thread1] INFO  server.RaftServerConfigKeys (ConfUtils.java:logGet(46)) - raft.server.log.segment.cache.size.max = 200MB (=209715200) (default)
2023-11-28 06:43:27,147 [s0-impl-thread1] INFO  server.RaftServerConfigKeys (ConfUtils.java:logGet(46)) - raft.server.log.appender.buffer.byte-limit = 4MB (=4194304) (default)
2023-11-28 06:43:27,147 [s0-impl-thread1] INFO  util.AwaitToRun (AwaitToRun.java:start(81)) - Thread[s0@group-F35FB90D7AD1-cacheEviction-AwaitToRun,5,main] started
2023-11-28 06:43:27,147 [s0-impl-thread1] INFO  segmented.SegmentedRaftLogWorker (SegmentedRaftLogWorker.java:<init>(182)) - new s0@group-F35FB90D7AD1-SegmentedRaftLogWorker for RaftStorageImpl:Storage Directory /home/runner/work/ratis/ratis/ratis-test/target/test/data/cc86e3b/MiniRaftClusterWithGrpcdd0d2b4/s0/a2649fa6-a12b-4dc4-a464-f35fb90d7ad1
2023-11-28 06:43:27,147 [s0-impl-thread1] INFO  server.RaftServerConfigKeys (ConfUtils.java:logGet(46)) - raft.server.log.queue.byte-limit = 64MB (=67108864) (default)
2023-11-28 06:43:27,147 [s0-impl-thread1] INFO  server.RaftServerConfigKeys (ConfUtils.java:logGet(46)) - raft.server.log.queue.element-limit = 4096 (default)
2023-11-28 06:43:27,147 [s0-impl-thread1] INFO  server.RaftServerConfigKeys (ConfUtils.java:logGet(46)) - raft.server.log.segment.size.max = 32MB (=33554432) (default)
2023-11-28 06:43:27,147 [s0-impl-thread1] INFO  server.RaftServerConfigKeys (ConfUtils.java:logGet(46)) - raft.server.log.preallocated.size = 4MB (=4194304) (default)
2023-11-28 06:43:27,147 [s0-impl-thread1] INFO  server.RaftServerConfigKeys (ConfUtils.java:logGet(46)) - raft.server.log.force.sync.num = 128 (default)
2023-11-28 06:43:27,147 [s0-impl-thread1] INFO  server.RaftServerConfigKeys (ConfUtils.java:logGet(46)) - raft.server.log.statemachine.data.sync = true (default)
2023-11-28 06:43:27,147 [s0-impl-thread1] INFO  server.RaftServerConfigKeys (ConfUtils.java:logGet(46)) - raft.server.log.statemachine.data.sync.timeout = 10s (default)
2023-11-28 06:43:27,147 [s0-impl-thread1] INFO  server.RaftServerConfigKeys (ConfUtils.java:logGet(46)) - raft.server.log.statemachine.data.sync.timeout.retry = -1 (default)
2023-11-28 06:43:27,147 [s0-impl-thread1] INFO  server.RaftServerConfigKeys (ConfUtils.java:logGet(46)) - raft.server.log.write.buffer.size = 8MB (=8388608) (default)
2023-11-28 06:43:27,149 [s0-impl-thread1] INFO  server.RaftServerConfigKeys (ConfUtils.java:logGet(46)) - raft.server.log.appender.buffer.byte-limit = 4MB (=4194304) (default)
2023-11-28 06:43:27,149 [s0-impl-thread1] INFO  server.RaftServerConfigKeys (ConfUtils.java:logGet(46)) - raft.server.log.unsafe-flush.enabled = false (default)
2023-11-28 06:43:27,149 [s0-impl-thread1] INFO  server.RaftServerConfigKeys (ConfUtils.java:logGet(46)) - raft.server.log.async-flush.enabled = false (default)
2023-11-28 06:43:27,149 [s0-impl-thread1] INFO  server.RaftServerConfigKeys (ConfUtils.java:logGet(46)) - raft.server.log.statemachine.data.caching.enabled = false (default)
2023-11-28 06:43:27,149 [s0-impl-thread1] INFO  segmented.SegmentedRaftLogWorker (SegmentedRaftLogWorker.java:lambda$new$0(134)) - s0@group-F35FB90D7AD1-SegmentedRaftLogWorker: flushIndex: setUnconditionally 0 -> -1
2023-11-28 06:43:27,149 [s0-impl-thread1] INFO  segmented.SegmentedRaftLogWorker (SegmentedRaftLogWorker.java:lambda$new$0(134)) - s0@group-F35FB90D7AD1-SegmentedRaftLogWorker: safeCacheEvictIndex: setUnconditionally 0 -> -1
2023-11-28 06:43:27,149 [s0-impl-thread1] INFO  server.RaftServer$Division (RaftServerImpl.java:start(392)) - s0@group-F35FB90D7AD1: start as a follower, conf=-1: peers:[s0|localhost:35525, s1|localhost:34887, s2|localhost:39393]|listeners:[], old=null
2023-11-28 06:43:27,149 [s0-impl-thread1] INFO  server.RaftServer$Division (RaftServerImpl.java:setRole(379)) - s0@group-F35FB90D7AD1: changes role from      null to FOLLOWER at term 0 for startAsFollower
2023-11-28 06:43:27,149 [s0-impl-thread1] INFO  impl.RoleInfo (RoleInfo.java:updateAndGet(139)) - s0: start s0@group-F35FB90D7AD1-FollowerState
2023-11-28 06:43:27,149 [s0@group-F35FB90D7AD1-FollowerState] INFO  server.RaftServerConfigKeys (ConfUtils.java:logFallback(53)) - raft.server.rpc.first-election.timeout.min = 150ms (fallback to raft.server.rpc.timeout.min)
2023-11-28 06:43:27,149 [s0@group-F35FB90D7AD1-FollowerState] INFO  server.RaftServerConfigKeys (ConfUtils.java:logFallback(53)) - raft.server.rpc.first-election.timeout.max = 300ms (fallback to raft.server.rpc.timeout.max)
2023-11-28 06:43:27,149 [s0-impl-thread1] INFO  util.JmxRegister (JmxRegister.java:tryRegister(44)) - Successfully registered JMX Bean with object name Ratis:service=RaftServer,group=group-F35FB90D7AD1,id=s0
2023-11-28 06:43:27,149 [s0-impl-thread1] INFO  server.RaftServerConfigKeys (ConfUtils.java:logGet(46)) - raft.server.snapshot.trigger-when-stop.enabled = true (default)
2023-11-28 06:43:27,149 [s0-impl-thread1] INFO  server.RaftServerConfigKeys (ConfUtils.java:logGet(46)) - raft.server.snapshot.auto.trigger.enabled = false (default)
2023-11-28 06:43:27,149 [s0-impl-thread1] INFO  server.RaftServerConfigKeys (ConfUtils.java:logGet(46)) - raft.server.snapshot.retention.file.num = -1 (default)
2023-11-28 06:43:27,149 [s0-impl-thread1] INFO  server.RaftServerConfigKeys (ConfUtils.java:logGet(46)) - raft.server.log.purge.upto.snapshot.index = false (default)
2023-11-28 06:43:27,150 [Time-limited test] INFO  server.RaftServer (RaftServerProxy.java:startImpl(406)) - s0: start RPC server
2023-11-28 06:43:27,151 [Time-limited test] INFO  server.GrpcService (GrpcService.java:startImpl(302)) - s0: GrpcService started, listening on 40577
2023-11-28 06:43:27,152 [Time-limited test] INFO  server.GrpcService (GrpcService.java:startImpl(302)) - s0: GrpcService started, listening on 35525
2023-11-28 06:43:27,152 [Time-limited test] INFO  server.GrpcService (GrpcService.java:startImpl(302)) - s0: GrpcService started, listening on 39993
2023-11-28 06:43:27,152 [JvmPauseMonitor6] INFO  util.JvmPauseMonitor (JvmPauseMonitor.java:run(146)) - JvmPauseMonitor-s0: Started
2023-11-28 06:43:27,152 [s1-impl-thread1] INFO  server.RaftServerConfigKeys (ConfUtils.java:logGet(46)) - raft.server.storage.free-space.min = 0MB (=0) (default)
2023-11-28 06:43:27,152 [s1-impl-thread1] INFO  server.RaftServerConfigKeys (ConfUtils.java:logGet(46)) - raft.server.log.corruption.policy = EXCEPTION (default)
2023-11-28 06:43:27,152 [s1-impl-thread1] INFO  server.RaftServerConfigKeys (ConfUtils.java:logGet(46)) - raft.server.storage.dir = [/home/runner/work/ratis/ratis/ratis-test/target/test/data/cc86e3b/MiniRaftClusterWithGrpcdd0d2b4/s1] (custom)
2023-11-28 06:43:27,152 [s1-impl-thread1] INFO  storage.RaftStorageDirectory (RaftStorageDirectoryImpl.java:analyzeStorage(138)) - The storage directory /home/runner/work/ratis/ratis/ratis-test/target/test/data/cc86e3b/MiniRaftClusterWithGrpcdd0d2b4/s1/a2649fa6-a12b-4dc4-a464-f35fb90d7ad1 does not exist. Creating ...
2023-11-28 06:43:27,153 [s1-impl-thread1] TRACE util.FileUtils (LogUtils.java:runAndLog(49)) - Successfully ran Files.createDirectories /home/runner/work/ratis/ratis/ratis-test/target/test/data/cc86e3b/MiniRaftClusterWithGrpcdd0d2b4/s1/a2649fa6-a12b-4dc4-a464-f35fb90d7ad1
2023-11-28 06:43:27,154 [s1-impl-thread1] INFO  storage.RaftStorageDirectory (RaftStorageDirectoryImpl.java:tryLock(232)) - Lock on /home/runner/work/ratis/ratis/ratis-test/target/test/data/cc86e3b/MiniRaftClusterWithGrpcdd0d2b4/s1/a2649fa6-a12b-4dc4-a464-f35fb90d7ad1/in_use.lock acquired by nodename 4862@fv-az728-711
2023-11-28 06:43:27,154 [s1-impl-thread1] TRACE util.FileUtils (LogUtils.java:runAndLog(49)) - Successfully ran Files.createDirectories /home/runner/work/ratis/ratis/ratis-test/target/test/data/cc86e3b/MiniRaftClusterWithGrpcdd0d2b4/s1/a2649fa6-a12b-4dc4-a464-f35fb90d7ad1/current
2023-11-28 06:43:27,154 [s1-impl-thread1] TRACE util.FileUtils (LogUtils.java:runAndLog(49)) - Successfully ran Files.createDirectories /home/runner/work/ratis/ratis/ratis-test/target/test/data/cc86e3b/MiniRaftClusterWithGrpcdd0d2b4/s1/a2649fa6-a12b-4dc4-a464-f35fb90d7ad1/sm
2023-11-28 06:43:27,155 [s1-impl-thread1] TRACE util.FileUtils (LogUtils.java:supplyAndLog(69)) - Successfully supplied FileChannel.open /home/runner/work/ratis/ratis/ratis-test/target/test/data/cc86e3b/MiniRaftClusterWithGrpcdd0d2b4/s1/a2649fa6-a12b-4dc4-a464-f35fb90d7ad1/current/raft-meta.tmp with options [CREATE, WRITE]: sun.nio.ch.FileChannelImpl@2bca192b
2023-11-28 06:43:27,155 [s1-impl-thread1] TRACE util.FileUtils (LogUtils.java:runAndLog(49)) - Successfully ran Atomic Files.move /home/runner/work/ratis/ratis/ratis-test/target/test/data/cc86e3b/MiniRaftClusterWithGrpcdd0d2b4/s1/a2649fa6-a12b-4dc4-a464-f35fb90d7ad1/current/raft-meta.tmp to /home/runner/work/ratis/ratis/ratis-test/target/test/data/cc86e3b/MiniRaftClusterWithGrpcdd0d2b4/s1/a2649fa6-a12b-4dc4-a464-f35fb90d7ad1/current/raft-meta with options [REPLACE_EXISTING]
2023-11-28 06:43:27,156 [s1-impl-thread1] INFO  storage.RaftStorage (RaftStorageImpl.java:format(99)) - Storage directory /home/runner/work/ratis/ratis/ratis-test/target/test/data/cc86e3b/MiniRaftClusterWithGrpcdd0d2b4/s1/a2649fa6-a12b-4dc4-a464-f35fb90d7ad1 has been successfully formatted.
2023-11-28 06:43:27,156 [s1-impl-thread1] TRACE util.FileUtils (LogUtils.java:supplyAndLog(61)) - Failed to Files.newInputStream /home/runner/work/ratis/ratis/ratis-test/target/test/data/cc86e3b/MiniRaftClusterWithGrpcdd0d2b4/s1/a2649fa6-a12b-4dc4-a464-f35fb90d7ad1/current/raft-meta.conf with options []
java.nio.file.NoSuchFileException: /home/runner/work/ratis/ratis/ratis-test/target/test/data/cc86e3b/MiniRaftClusterWithGrpcdd0d2b4/s1/a2649fa6-a12b-4dc4-a464-f35fb90d7ad1/current/raft-meta.conf
	at java.base/sun.nio.fs.UnixException.translateToIOException(UnixException.java:92)
	at java.base/sun.nio.fs.UnixException.rethrowAsIOException(UnixException.java:111)
	at java.base/sun.nio.fs.UnixException.rethrowAsIOException(UnixException.java:116)
	at java.base/sun.nio.fs.UnixFileSystemProvider.newByteChannel(UnixFileSystemProvider.java:219)
	at java.base/java.nio.file.Files.newByteChannel(Files.java:371)
	at java.base/java.nio.file.Files.newByteChannel(Files.java:422)
	at java.base/java.nio.file.spi.FileSystemProvider.newInputStream(FileSystemProvider.java:420)
	at java.base/java.nio.file.Files.newInputStream(Files.java:156)
	at org.apache.ratis.util.FileUtils.lambda$newInputStream$2(FileUtils.java:73)
	at org.apache.ratis.util.LogUtils.supplyAndLog(LogUtils.java:58)
	at org.apache.ratis.util.FileUtils.newInputStream(FileUtils.java:72)
	at org.apache.ratis.util.FileUtils.newInputStream(FileUtils.java:68)
	at org.apache.ratis.server.storage.RaftStorageImpl.readRaftConfiguration(RaftStorageImpl.java:156)
	at org.apache.ratis.server.impl.ServerState.initialize(ServerState.java:141)
	at org.apache.ratis.server.impl.RaftServerImpl.start(RaftServerImpl.java:388)
	at org.apache.ratis.util.ConcurrentUtils.accept(ConcurrentUtils.java:203)
	at org.apache.ratis.util.ConcurrentUtils.lambda$parallelForEachAsync$4(ConcurrentUtils.java:182)
	at java.base/java.util.concurrent.ThreadPoolExecutor.runWorker(ThreadPoolExecutor.java:1128)
	at java.base/java.util.concurrent.ThreadPoolExecutor$Worker.run(ThreadPoolExecutor.java:628)
	at java.base/java.lang.Thread.run(Thread.java:829)
2023-11-28 06:43:27,156 [s1-impl-thread1] INFO  impl.SimpleStateMachine4Testing (SimpleStateMachine4Testing.java:initialize(213)) - Initializing SimpleStateMachine4Testing:uninitialized
2023-11-28 06:43:27,156 [s1-impl-thread1] INFO  impl.SimpleStateMachine4Testing (SimpleStateMachine4Testing.java:loadSnapshot(296)) - Loading snapshot null
2023-11-28 06:43:27,156 [s1-impl-thread1] INFO  server.RaftServerConfigKeys (ConfUtils.java:logGet(46)) - raft.server.log.use.memory = false (default)
2023-11-28 06:43:27,156 [s1-impl-thread1] INFO  server.RaftServerConfigKeys (ConfUtils.java:logGet(46)) - raft.server.log.purge.gap = 1024 (default)
2023-11-28 06:43:27,156 [s1-impl-thread1] INFO  server.RaftServerConfigKeys (ConfUtils.java:logGet(46)) - raft.server.log.appender.buffer.byte-limit = 4MB (=4194304) (default)
2023-11-28 06:43:27,156 [s1-impl-thread1] INFO  server.RaftServerConfigKeys (ConfUtils.java:logGet(46)) - raft.server.log.statemachine.data.read.timeout = 1000ms (default)
2023-11-28 06:43:27,156 [s1-impl-thread1] INFO  server.RaftServerConfigKeys (ConfUtils.java:logGet(46)) - raft.server.log.purge.preservation.log.num = 0 (default)
2023-11-28 06:43:27,156 [s1-impl-thread1] INFO  server.RaftServerConfigKeys (ConfUtils.java:logGet(46)) - raft.server.log.segment.size.max = 32MB (=33554432) (default)
2023-11-28 06:43:27,157 [s1-impl-thread1] INFO  server.RaftServerConfigKeys (ConfUtils.java:logGet(46)) - raft.server.log.segment.cache.num.max = 6 (default)
2023-11-28 06:43:27,157 [s1-impl-thread1] INFO  server.RaftServerConfigKeys (ConfUtils.java:logGet(46)) - raft.server.log.segment.cache.size.max = 200MB (=209715200) (default)
2023-11-28 06:43:27,157 [s1-impl-thread1] INFO  server.RaftServerConfigKeys (ConfUtils.java:logGet(46)) - raft.server.log.appender.buffer.byte-limit = 4MB (=4194304) (default)
2023-11-28 06:43:27,157 [s1-impl-thread1] INFO  util.AwaitToRun (AwaitToRun.java:start(81)) - Thread[s1@group-F35FB90D7AD1-cacheEviction-AwaitToRun,5,main] started
2023-11-28 06:43:27,157 [s1-impl-thread1] INFO  segmented.SegmentedRaftLogWorker (SegmentedRaftLogWorker.java:<init>(182)) - new s1@group-F35FB90D7AD1-SegmentedRaftLogWorker for RaftStorageImpl:Storage Directory /home/runner/work/ratis/ratis/ratis-test/target/test/data/cc86e3b/MiniRaftClusterWithGrpcdd0d2b4/s1/a2649fa6-a12b-4dc4-a464-f35fb90d7ad1
2023-11-28 06:43:27,157 [s1-impl-thread1] INFO  server.RaftServerConfigKeys (ConfUtils.java:logGet(46)) - raft.server.log.queue.byte-limit = 64MB (=67108864) (default)
2023-11-28 06:43:27,157 [s1-impl-thread1] INFO  server.RaftServerConfigKeys (ConfUtils.java:logGet(46)) - raft.server.log.queue.element-limit = 4096 (default)
2023-11-28 06:43:27,157 [s1-impl-thread1] INFO  server.RaftServerConfigKeys (ConfUtils.java:logGet(46)) - raft.server.log.segment.size.max = 32MB (=33554432) (default)
2023-11-28 06:43:27,157 [s1-impl-thread1] INFO  server.RaftServerConfigKeys (ConfUtils.java:logGet(46)) - raft.server.log.preallocated.size = 4MB (=4194304) (default)
2023-11-28 06:43:27,157 [s1-impl-thread1] INFO  server.RaftServerConfigKeys (ConfUtils.java:logGet(46)) - raft.server.log.force.sync.num = 128 (default)
2023-11-28 06:43:27,157 [s1-impl-thread1] INFO  server.RaftServerConfigKeys (ConfUtils.java:logGet(46)) - raft.server.log.statemachine.data.sync = true (default)
2023-11-28 06:43:27,157 [s1-impl-thread1] INFO  server.RaftServerConfigKeys (ConfUtils.java:logGet(46)) - raft.server.log.statemachine.data.sync.timeout = 10s (default)
2023-11-28 06:43:27,157 [s1-impl-thread1] INFO  server.RaftServerConfigKeys (ConfUtils.java:logGet(46)) - raft.server.log.statemachine.data.sync.timeout.retry = -1 (default)
2023-11-28 06:43:27,161 [s1-impl-thread1] INFO  server.RaftServerConfigKeys (ConfUtils.java:logGet(46)) - raft.server.log.write.buffer.size = 8MB (=8388608) (default)
2023-11-28 06:43:27,163 [s1-impl-thread1] INFO  server.RaftServerConfigKeys (ConfUtils.java:logGet(46)) - raft.server.log.appender.buffer.byte-limit = 4MB (=4194304) (default)
2023-11-28 06:43:27,163 [s1-impl-thread1] INFO  server.RaftServerConfigKeys (ConfUtils.java:logGet(46)) - raft.server.log.unsafe-flush.enabled = false (default)
2023-11-28 06:43:27,163 [s1-impl-thread1] INFO  server.RaftServerConfigKeys (ConfUtils.java:logGet(46)) - raft.server.log.async-flush.enabled = false (default)
2023-11-28 06:43:27,163 [s1-impl-thread1] INFO  server.RaftServerConfigKeys (ConfUtils.java:logGet(46)) - raft.server.log.statemachine.data.caching.enabled = false (default)
2023-11-28 06:43:27,163 [s1-impl-thread1] INFO  segmented.SegmentedRaftLogWorker (SegmentedRaftLogWorker.java:lambda$new$0(134)) - s1@group-F35FB90D7AD1-SegmentedRaftLogWorker: flushIndex: setUnconditionally 0 -> -1
2023-11-28 06:43:27,163 [s1-impl-thread1] INFO  segmented.SegmentedRaftLogWorker (SegmentedRaftLogWorker.java:lambda$new$0(134)) - s1@group-F35FB90D7AD1-SegmentedRaftLogWorker: safeCacheEvictIndex: setUnconditionally 0 -> -1
2023-11-28 06:43:27,164 [s1-impl-thread1] INFO  server.RaftServer$Division (RaftServerImpl.java:start(392)) - s1@group-F35FB90D7AD1: start as a follower, conf=-1: peers:[s0|localhost:35525, s1|localhost:34887, s2|localhost:39393]|listeners:[], old=null
2023-11-28 06:43:27,164 [s1-impl-thread1] INFO  server.RaftServer$Division (RaftServerImpl.java:setRole(379)) - s1@group-F35FB90D7AD1: changes role from      null to FOLLOWER at term 0 for startAsFollower
2023-11-28 06:43:27,164 [s1-impl-thread1] INFO  impl.RoleInfo (RoleInfo.java:updateAndGet(139)) - s1: start s1@group-F35FB90D7AD1-FollowerState
2023-11-28 06:43:27,164 [s1@group-F35FB90D7AD1-FollowerState] INFO  server.RaftServerConfigKeys (ConfUtils.java:logFallback(53)) - raft.server.rpc.first-election.timeout.min = 150ms (fallback to raft.server.rpc.timeout.min)
2023-11-28 06:43:27,164 [s1@group-F35FB90D7AD1-FollowerState] INFO  server.RaftServerConfigKeys (ConfUtils.java:logFallback(53)) - raft.server.rpc.first-election.timeout.max = 300ms (fallback to raft.server.rpc.timeout.max)
2023-11-28 06:43:27,164 [s1-impl-thread1] INFO  util.JmxRegister (JmxRegister.java:tryRegister(44)) - Successfully registered JMX Bean with object name Ratis:service=RaftServer,group=group-F35FB90D7AD1,id=s1
2023-11-28 06:43:27,164 [s1-impl-thread1] INFO  server.RaftServerConfigKeys (ConfUtils.java:logGet(46)) - raft.server.snapshot.trigger-when-stop.enabled = true (default)
2023-11-28 06:43:27,164 [s1-impl-thread1] INFO  server.RaftServerConfigKeys (ConfUtils.java:logGet(46)) - raft.server.snapshot.auto.trigger.enabled = false (default)
2023-11-28 06:43:27,164 [s1-impl-thread1] INFO  server.RaftServerConfigKeys (ConfUtils.java:logGet(46)) - raft.server.snapshot.retention.file.num = -1 (default)
2023-11-28 06:43:27,164 [s1-impl-thread1] INFO  server.RaftServerConfigKeys (ConfUtils.java:logGet(46)) - raft.server.log.purge.upto.snapshot.index = false (default)
2023-11-28 06:43:27,164 [Time-limited test] INFO  server.RaftServer (RaftServerProxy.java:startImpl(406)) - s1: start RPC server
2023-11-28 06:43:27,165 [Time-limited test] INFO  server.GrpcService (GrpcService.java:startImpl(302)) - s1: GrpcService started, listening on 38435
2023-11-28 06:43:27,165 [Time-limited test] INFO  server.GrpcService (GrpcService.java:startImpl(302)) - s1: GrpcService started, listening on 34887
2023-11-28 06:43:27,166 [Time-limited test] INFO  server.GrpcService (GrpcService.java:startImpl(302)) - s1: GrpcService started, listening on 44565
2023-11-28 06:43:27,166 [JvmPauseMonitor7] INFO  util.JvmPauseMonitor (JvmPauseMonitor.java:run(146)) - JvmPauseMonitor-s1: Started
2023-11-28 06:43:27,166 [s2-impl-thread1] INFO  server.RaftServerConfigKeys (ConfUtils.java:logGet(46)) - raft.server.storage.free-space.min = 0MB (=0) (default)
2023-11-28 06:43:27,166 [s2-impl-thread1] INFO  server.RaftServerConfigKeys (ConfUtils.java:logGet(46)) - raft.server.log.corruption.policy = EXCEPTION (default)
2023-11-28 06:43:27,166 [s2-impl-thread1] INFO  server.RaftServerConfigKeys (ConfUtils.java:logGet(46)) - raft.server.storage.dir = [/home/runner/work/ratis/ratis/ratis-test/target/test/data/cc86e3b/MiniRaftClusterWithGrpcdd0d2b4/s2] (custom)
2023-11-28 06:43:27,166 [s2-impl-thread1] INFO  storage.RaftStorageDirectory (RaftStorageDirectoryImpl.java:analyzeStorage(138)) - The storage directory /home/runner/work/ratis/ratis/ratis-test/target/test/data/cc86e3b/MiniRaftClusterWithGrpcdd0d2b4/s2/a2649fa6-a12b-4dc4-a464-f35fb90d7ad1 does not exist. Creating ...
2023-11-28 06:43:27,166 [s2-impl-thread1] TRACE util.FileUtils (LogUtils.java:runAndLog(49)) - Successfully ran Files.createDirectories /home/runner/work/ratis/ratis/ratis-test/target/test/data/cc86e3b/MiniRaftClusterWithGrpcdd0d2b4/s2/a2649fa6-a12b-4dc4-a464-f35fb90d7ad1
2023-11-28 06:43:27,167 [s2-impl-thread1] INFO  storage.RaftStorageDirectory (RaftStorageDirectoryImpl.java:tryLock(232)) - Lock on /home/runner/work/ratis/ratis/ratis-test/target/test/data/cc86e3b/MiniRaftClusterWithGrpcdd0d2b4/s2/a2649fa6-a12b-4dc4-a464-f35fb90d7ad1/in_use.lock acquired by nodename 4862@fv-az728-711
2023-11-28 06:43:27,167 [s2-impl-thread1] TRACE util.FileUtils (LogUtils.java:runAndLog(49)) - Successfully ran Files.createDirectories /home/runner/work/ratis/ratis/ratis-test/target/test/data/cc86e3b/MiniRaftClusterWithGrpcdd0d2b4/s2/a2649fa6-a12b-4dc4-a464-f35fb90d7ad1/current
2023-11-28 06:43:27,168 [s2-impl-thread1] TRACE util.FileUtils (LogUtils.java:runAndLog(49)) - Successfully ran Files.createDirectories /home/runner/work/ratis/ratis/ratis-test/target/test/data/cc86e3b/MiniRaftClusterWithGrpcdd0d2b4/s2/a2649fa6-a12b-4dc4-a464-f35fb90d7ad1/sm
2023-11-28 06:43:27,168 [s2-impl-thread1] TRACE util.FileUtils (LogUtils.java:supplyAndLog(69)) - Successfully supplied FileChannel.open /home/runner/work/ratis/ratis/ratis-test/target/test/data/cc86e3b/MiniRaftClusterWithGrpcdd0d2b4/s2/a2649fa6-a12b-4dc4-a464-f35fb90d7ad1/current/raft-meta.tmp with options [CREATE, WRITE]: sun.nio.ch.FileChannelImpl@1158f8d2
2023-11-28 06:43:27,169 [s2-impl-thread1] TRACE util.FileUtils (LogUtils.java:runAndLog(49)) - Successfully ran Atomic Files.move /home/runner/work/ratis/ratis/ratis-test/target/test/data/cc86e3b/MiniRaftClusterWithGrpcdd0d2b4/s2/a2649fa6-a12b-4dc4-a464-f35fb90d7ad1/current/raft-meta.tmp to /home/runner/work/ratis/ratis/ratis-test/target/test/data/cc86e3b/MiniRaftClusterWithGrpcdd0d2b4/s2/a2649fa6-a12b-4dc4-a464-f35fb90d7ad1/current/raft-meta with options [REPLACE_EXISTING]
2023-11-28 06:43:27,169 [s2-impl-thread1] INFO  storage.RaftStorage (RaftStorageImpl.java:format(99)) - Storage directory /home/runner/work/ratis/ratis/ratis-test/target/test/data/cc86e3b/MiniRaftClusterWithGrpcdd0d2b4/s2/a2649fa6-a12b-4dc4-a464-f35fb90d7ad1 has been successfully formatted.
2023-11-28 06:43:27,169 [s2-impl-thread1] TRACE util.FileUtils (LogUtils.java:supplyAndLog(61)) - Failed to Files.newInputStream /home/runner/work/ratis/ratis/ratis-test/target/test/data/cc86e3b/MiniRaftClusterWithGrpcdd0d2b4/s2/a2649fa6-a12b-4dc4-a464-f35fb90d7ad1/current/raft-meta.conf with options []
java.nio.file.NoSuchFileException: /home/runner/work/ratis/ratis/ratis-test/target/test/data/cc86e3b/MiniRaftClusterWithGrpcdd0d2b4/s2/a2649fa6-a12b-4dc4-a464-f35fb90d7ad1/current/raft-meta.conf
	at java.base/sun.nio.fs.UnixException.translateToIOException(UnixException.java:92)
	at java.base/sun.nio.fs.UnixException.rethrowAsIOException(UnixException.java:111)
	at java.base/sun.nio.fs.UnixException.rethrowAsIOException(UnixException.java:116)
	at java.base/sun.nio.fs.UnixFileSystemProvider.newByteChannel(UnixFileSystemProvider.java:219)
	at java.base/java.nio.file.Files.newByteChannel(Files.java:371)
	at java.base/java.nio.file.Files.newByteChannel(Files.java:422)
	at java.base/java.nio.file.spi.FileSystemProvider.newInputStream(FileSystemProvider.java:420)
	at java.base/java.nio.file.Files.newInputStream(Files.java:156)
	at org.apache.ratis.util.FileUtils.lambda$newInputStream$2(FileUtils.java:73)
	at org.apache.ratis.util.LogUtils.supplyAndLog(LogUtils.java:58)
	at org.apache.ratis.util.FileUtils.newInputStream(FileUtils.java:72)
	at org.apache.ratis.util.FileUtils.newInputStream(FileUtils.java:68)
	at org.apache.ratis.server.storage.RaftStorageImpl.readRaftConfiguration(RaftStorageImpl.java:156)
	at org.apache.ratis.server.impl.ServerState.initialize(ServerState.java:141)
	at org.apache.ratis.server.impl.RaftServerImpl.start(RaftServerImpl.java:388)
	at org.apache.ratis.util.ConcurrentUtils.accept(ConcurrentUtils.java:203)
	at org.apache.ratis.util.ConcurrentUtils.lambda$parallelForEachAsync$4(ConcurrentUtils.java:182)
	at java.base/java.util.concurrent.ThreadPoolExecutor.runWorker(ThreadPoolExecutor.java:1128)
	at java.base/java.util.concurrent.ThreadPoolExecutor$Worker.run(ThreadPoolExecutor.java:628)
	at java.base/java.lang.Thread.run(Thread.java:829)
2023-11-28 06:43:27,169 [s2-impl-thread1] INFO  impl.SimpleStateMachine4Testing (SimpleStateMachine4Testing.java:initialize(213)) - Initializing SimpleStateMachine4Testing:uninitialized
2023-11-28 06:43:27,169 [s2-impl-thread1] INFO  impl.SimpleStateMachine4Testing (SimpleStateMachine4Testing.java:loadSnapshot(296)) - Loading snapshot null
2023-11-28 06:43:27,169 [s2-impl-thread1] INFO  server.RaftServerConfigKeys (ConfUtils.java:logGet(46)) - raft.server.log.use.memory = false (default)
2023-11-28 06:43:27,169 [s2-impl-thread1] INFO  server.RaftServerConfigKeys (ConfUtils.java:logGet(46)) - raft.server.log.purge.gap = 1024 (default)
2023-11-28 06:43:27,169 [s2-impl-thread1] INFO  server.RaftServerConfigKeys (ConfUtils.java:logGet(46)) - raft.server.log.appender.buffer.byte-limit = 4MB (=4194304) (default)
2023-11-28 06:43:27,169 [s2-impl-thread1] INFO  server.RaftServerConfigKeys (ConfUtils.java:logGet(46)) - raft.server.log.statemachine.data.read.timeout = 1000ms (default)
2023-11-28 06:43:27,169 [s2-impl-thread1] INFO  server.RaftServerConfigKeys (ConfUtils.java:logGet(46)) - raft.server.log.purge.preservation.log.num = 0 (default)
2023-11-28 06:43:27,170 [s2-impl-thread1] INFO  server.RaftServerConfigKeys (ConfUtils.java:logGet(46)) - raft.server.log.segment.size.max = 32MB (=33554432) (default)
2023-11-28 06:43:27,170 [s2-impl-thread1] INFO  server.RaftServerConfigKeys (ConfUtils.java:logGet(46)) - raft.server.log.segment.cache.num.max = 6 (default)
2023-11-28 06:43:27,170 [s2-impl-thread1] INFO  server.RaftServerConfigKeys (ConfUtils.java:logGet(46)) - raft.server.log.segment.cache.size.max = 200MB (=209715200) (default)
2023-11-28 06:43:27,170 [s2-impl-thread1] INFO  server.RaftServerConfigKeys (ConfUtils.java:logGet(46)) - raft.server.log.appender.buffer.byte-limit = 4MB (=4194304) (default)
2023-11-28 06:43:27,170 [s2-impl-thread1] INFO  util.AwaitToRun (AwaitToRun.java:start(81)) - Thread[s2@group-F35FB90D7AD1-cacheEviction-AwaitToRun,5,main] started
2023-11-28 06:43:27,170 [s2-impl-thread1] INFO  segmented.SegmentedRaftLogWorker (SegmentedRaftLogWorker.java:<init>(182)) - new s2@group-F35FB90D7AD1-SegmentedRaftLogWorker for RaftStorageImpl:Storage Directory /home/runner/work/ratis/ratis/ratis-test/target/test/data/cc86e3b/MiniRaftClusterWithGrpcdd0d2b4/s2/a2649fa6-a12b-4dc4-a464-f35fb90d7ad1
2023-11-28 06:43:27,170 [s2-impl-thread1] INFO  server.RaftServerConfigKeys (ConfUtils.java:logGet(46)) - raft.server.log.queue.byte-limit = 64MB (=67108864) (default)
2023-11-28 06:43:27,170 [s2-impl-thread1] INFO  server.RaftServerConfigKeys (ConfUtils.java:logGet(46)) - raft.server.log.queue.element-limit = 4096 (default)
2023-11-28 06:43:27,171 [s2-impl-thread1] INFO  server.RaftServerConfigKeys (ConfUtils.java:logGet(46)) - raft.server.log.segment.size.max = 32MB (=33554432) (default)
2023-11-28 06:43:27,171 [s2-impl-thread1] INFO  server.RaftServerConfigKeys (ConfUtils.java:logGet(46)) - raft.server.log.preallocated.size = 4MB (=4194304) (default)
2023-11-28 06:43:27,171 [s2-impl-thread1] INFO  server.RaftServerConfigKeys (ConfUtils.java:logGet(46)) - raft.server.log.force.sync.num = 128 (default)
2023-11-28 06:43:27,171 [s2-impl-thread1] INFO  server.RaftServerConfigKeys (ConfUtils.java:logGet(46)) - raft.server.log.statemachine.data.sync = true (default)
2023-11-28 06:43:27,171 [s2-impl-thread1] INFO  server.RaftServerConfigKeys (ConfUtils.java:logGet(46)) - raft.server.log.statemachine.data.sync.timeout = 10s (default)
2023-11-28 06:43:27,171 [s2-impl-thread1] INFO  server.RaftServerConfigKeys (ConfUtils.java:logGet(46)) - raft.server.log.statemachine.data.sync.timeout.retry = -1 (default)
2023-11-28 06:43:27,171 [s2-impl-thread1] INFO  server.RaftServerConfigKeys (ConfUtils.java:logGet(46)) - raft.server.log.write.buffer.size = 8MB (=8388608) (default)
2023-11-28 06:43:27,173 [s2-impl-thread1] INFO  server.RaftServerConfigKeys (ConfUtils.java:logGet(46)) - raft.server.log.appender.buffer.byte-limit = 4MB (=4194304) (default)
2023-11-28 06:43:27,173 [s2-impl-thread1] INFO  server.RaftServerConfigKeys (ConfUtils.java:logGet(46)) - raft.server.log.unsafe-flush.enabled = false (default)
2023-11-28 06:43:27,173 [s2-impl-thread1] INFO  server.RaftServerConfigKeys (ConfUtils.java:logGet(46)) - raft.server.log.async-flush.enabled = false (default)
2023-11-28 06:43:27,173 [s2-impl-thread1] INFO  server.RaftServerConfigKeys (ConfUtils.java:logGet(46)) - raft.server.log.statemachine.data.caching.enabled = false (default)
2023-11-28 06:43:27,173 [s2-impl-thread1] INFO  segmented.SegmentedRaftLogWorker (SegmentedRaftLogWorker.java:lambda$new$0(134)) - s2@group-F35FB90D7AD1-SegmentedRaftLogWorker: flushIndex: setUnconditionally 0 -> -1
2023-11-28 06:43:27,173 [s2-impl-thread1] INFO  segmented.SegmentedRaftLogWorker (SegmentedRaftLogWorker.java:lambda$new$0(134)) - s2@group-F35FB90D7AD1-SegmentedRaftLogWorker: safeCacheEvictIndex: setUnconditionally 0 -> -1
2023-11-28 06:43:27,174 [s2-impl-thread1] INFO  server.RaftServer$Division (RaftServerImpl.java:start(392)) - s2@group-F35FB90D7AD1: start as a follower, conf=-1: peers:[s0|localhost:35525, s1|localhost:34887, s2|localhost:39393]|listeners:[], old=null
2023-11-28 06:43:27,174 [s2-impl-thread1] INFO  server.RaftServer$Division (RaftServerImpl.java:setRole(379)) - s2@group-F35FB90D7AD1: changes role from      null to FOLLOWER at term 0 for startAsFollower
2023-11-28 06:43:27,174 [s2-impl-thread1] INFO  impl.RoleInfo (RoleInfo.java:updateAndGet(139)) - s2: start s2@group-F35FB90D7AD1-FollowerState
2023-11-28 06:43:27,174 [s2@group-F35FB90D7AD1-FollowerState] INFO  server.RaftServerConfigKeys (ConfUtils.java:logFallback(53)) - raft.server.rpc.first-election.timeout.min = 150ms (fallback to raft.server.rpc.timeout.min)
2023-11-28 06:43:27,174 [s2-impl-thread1] INFO  util.JmxRegister (JmxRegister.java:tryRegister(44)) - Successfully registered JMX Bean with object name Ratis:service=RaftServer,group=group-F35FB90D7AD1,id=s2
2023-11-28 06:43:27,174 [s2@group-F35FB90D7AD1-FollowerState] INFO  server.RaftServerConfigKeys (ConfUtils.java:logFallback(53)) - raft.server.rpc.first-election.timeout.max = 300ms (fallback to raft.server.rpc.timeout.max)
2023-11-28 06:43:27,174 [s2-impl-thread1] INFO  server.RaftServerConfigKeys (ConfUtils.java:logGet(46)) - raft.server.snapshot.trigger-when-stop.enabled = true (default)
2023-11-28 06:43:27,174 [s2-impl-thread1] INFO  server.RaftServerConfigKeys (ConfUtils.java:logGet(46)) - raft.server.snapshot.auto.trigger.enabled = false (default)
2023-11-28 06:43:27,174 [s2-impl-thread1] INFO  server.RaftServerConfigKeys (ConfUtils.java:logGet(46)) - raft.server.snapshot.retention.file.num = -1 (default)
2023-11-28 06:43:27,174 [s2-impl-thread1] INFO  server.RaftServerConfigKeys (ConfUtils.java:logGet(46)) - raft.server.log.purge.upto.snapshot.index = false (default)
2023-11-28 06:43:27,176 [Time-limited test] INFO  server.RaftServer (RaftServerProxy.java:startImpl(406)) - s2: start RPC server
2023-11-28 06:43:27,176 [Time-limited test] INFO  server.GrpcService (GrpcService.java:startImpl(302)) - s2: GrpcService started, listening on 35163
2023-11-28 06:43:27,177 [Time-limited test] INFO  server.GrpcService (GrpcService.java:startImpl(302)) - s2: GrpcService started, listening on 39393
2023-11-28 06:43:27,177 [Time-limited test] INFO  server.GrpcService (GrpcService.java:startImpl(302)) - s2: GrpcService started, listening on 40835
2023-11-28 06:43:27,177 [grpc-default-executor-2] ERROR impl.OrderedAsync (OrderedAsync.java:lambda$sendRequest$9(247)) - client-23DA7E6A7FE2: Failed* RaftClientRequest:client-23DA7E6A7FE2->s1@group-9F468C9C58F9, cid=6, seq=1*, Watch(0), null
java.util.concurrent.CompletionException: java.io.IOException: org.apache.ratis.thirdparty.io.grpc.StatusRuntimeException: UNAVAILABLE: io exception
	at java.base/java.util.concurrent.CompletableFuture.encodeThrowable(CompletableFuture.java:331)
	at java.base/java.util.concurrent.CompletableFuture.completeThrowable(CompletableFuture.java:346)
	at java.base/java.util.concurrent.CompletableFuture$UniApply.tryFire(CompletableFuture.java:632)
	at java.base/java.util.concurrent.CompletableFuture.postComplete(CompletableFuture.java:506)
	at java.base/java.util.concurrent.CompletableFuture.completeExceptionally(CompletableFuture.java:2094)
	at org.apache.ratis.grpc.client.GrpcClientProtocolClient$AsyncStreamObservers.completeReplyExceptionally(GrpcClientProtocolClient.java:394)
	at org.apache.ratis.grpc.client.GrpcClientProtocolClient$AsyncStreamObservers.access$000(GrpcClientProtocolClient.java:300)
	at org.apache.ratis.grpc.client.GrpcClientProtocolClient$AsyncStreamObservers$1.onError(GrpcClientProtocolClient.java:331)
	at org.apache.ratis.thirdparty.io.grpc.stub.ClientCalls$StreamObserverToCallListenerAdapter.onClose(ClientCalls.java:481)
	at org.apache.ratis.thirdparty.io.grpc.PartialForwardingClientCallListener.onClose(PartialForwardingClientCallListener.java:39)
	at org.apache.ratis.thirdparty.io.grpc.ForwardingClientCallListener.onClose(ForwardingClientCallListener.java:23)
	at org.apache.ratis.grpc.metrics.intercept.client.MetricClientCallListener.onClose(MetricClientCallListener.java:47)
	at org.apache.ratis.thirdparty.io.grpc.internal.DelayedClientCall$DelayedListener$3.run(DelayedClientCall.java:489)
	at org.apache.ratis.thirdparty.io.grpc.internal.DelayedClientCall$DelayedListener.delayOrExecute(DelayedClientCall.java:453)
	at org.apache.ratis.thirdparty.io.grpc.internal.DelayedClientCall$DelayedListener.onClose(DelayedClientCall.java:486)
	at org.apache.ratis.thirdparty.io.grpc.internal.ClientCallImpl.closeObserver(ClientCallImpl.java:567)
	at org.apache.ratis.thirdparty.io.grpc.internal.ClientCallImpl.access$300(ClientCallImpl.java:71)
	at org.apache.ratis.thirdparty.io.grpc.internal.ClientCallImpl$ClientStreamListenerImpl$1StreamClosed.runInternal(ClientCallImpl.java:735)
	at org.apache.ratis.thirdparty.io.grpc.internal.ClientCallImpl$ClientStreamListenerImpl$1StreamClosed.runInContext(ClientCallImpl.java:716)
	at org.apache.ratis.thirdparty.io.grpc.internal.ContextRunnable.run(ContextRunnable.java:37)
	at org.apache.ratis.thirdparty.io.grpc.internal.SerializingExecutor.run(SerializingExecutor.java:133)
	at java.base/java.util.concurrent.ThreadPoolExecutor.runWorker(ThreadPoolExecutor.java:1128)
	at java.base/java.util.concurrent.ThreadPoolExecutor$Worker.run(ThreadPoolExecutor.java:628)
	at java.base/java.lang.Thread.run(Thread.java:829)
Caused by: java.io.IOException: org.apache.ratis.thirdparty.io.grpc.StatusRuntimeException: UNAVAILABLE: io exception
	at org.apache.ratis.grpc.GrpcUtil.unwrapException(GrpcUtil.java:99)
	at org.apache.ratis.grpc.GrpcUtil.unwrapIOException(GrpcUtil.java:159)
	at org.apache.ratis.grpc.client.GrpcClientProtocolClient$AsyncStreamObservers$1.onError(GrpcClientProtocolClient.java:330)
	... 16 more
Caused by: org.apache.ratis.thirdparty.io.grpc.StatusRuntimeException: UNAVAILABLE: io exception
	at org.apache.ratis.thirdparty.io.grpc.Status.asRuntimeException(Status.java:537)
	... 16 more
Caused by: org.apache.ratis.thirdparty.io.netty.channel.AbstractChannel$AnnotatedConnectException: finishConnect(..) failed: Connection refused: localhost/127.0.0.1:37939
Caused by: java.net.ConnectException: finishConnect(..) failed: Connection refused
	at org.apache.ratis.thirdparty.io.netty.channel.unix.Errors.newConnectException0(Errors.java:166)
	at org.apache.ratis.thirdparty.io.netty.channel.unix.Errors.handleConnectErrno(Errors.java:131)
	at org.apache.ratis.thirdparty.io.netty.channel.unix.Socket.finishConnect(Socket.java:359)
	at org.apache.ratis.thirdparty.io.netty.channel.epoll.AbstractEpollChannel$AbstractEpollUnsafe.doFinishConnect(AbstractEpollChannel.java:710)
	at org.apache.ratis.thirdparty.io.netty.channel.epoll.AbstractEpollChannel$AbstractEpollUnsafe.finishConnect(AbstractEpollChannel.java:687)
	at org.apache.ratis.thirdparty.io.netty.channel.epoll.AbstractEpollChannel$AbstractEpollUnsafe.epollOutReady(AbstractEpollChannel.java:567)
	at org.apache.ratis.thirdparty.io.netty.channel.epoll.EpollEventLoop.processReady(EpollEventLoop.java:499)
	at org.apache.ratis.thirdparty.io.netty.channel.epoll.EpollEventLoop.run(EpollEventLoop.java:407)
	at org.apache.ratis.thirdparty.io.netty.util.concurrent.SingleThreadEventExecutor$4.run(SingleThreadEventExecutor.java:997)
	at org.apache.ratis.thirdparty.io.netty.util.internal.ThreadExecutorMap$2.run(ThreadExecutorMap.java:74)
	at org.apache.ratis.thirdparty.io.netty.util.concurrent.FastThreadLocalRunnable.run(FastThreadLocalRunnable.java:30)
	at java.base/java.lang.Thread.run(Thread.java:829)
2023-11-28 06:43:27,177 [JvmPauseMonitor8] INFO  util.JvmPauseMonitor (JvmPauseMonitor.java:run(146)) - JvmPauseMonitor-s2: Started
2023-11-28 06:43:27,178 [Time-limited test] INFO  server.RaftServerConfigKeys (ConfUtils.java:logGet(46)) - raft.server.rpc.timeout.max = 300ms (default)
2023-11-28 06:43:27,179 [Time-limited test] INFO  ratis.RaftTestUtil (RaftTestUtil.java:waitForLeader(100)) - printing ALL groups
  s0:  RUNNING  FOLLOWER s0@group-F35FB90D7AD1:t0, leader=null, voted=, raftlog=Memoized:s0@group-F35FB90D7AD1-SegmentedRaftLog:OPENED:c-1, conf=-1: peers:[s0|localhost:35525, s1|localhost:34887, s2|localhost:39393]|listeners:[], old=null RUNNING
  s1:  RUNNING  FOLLOWER s1@group-F35FB90D7AD1:t0, leader=null, voted=, raftlog=Memoized:s1@group-F35FB90D7AD1-SegmentedRaftLog:OPENED:c-1, conf=-1: peers:[s0|localhost:35525, s1|localhost:34887, s2|localhost:39393]|listeners:[], old=null RUNNING
  s2:  RUNNING  FOLLOWER s2@group-F35FB90D7AD1:t0, leader=null, voted=, raftlog=Memoized:s2@group-F35FB90D7AD1-SegmentedRaftLog:OPENED:c-1, conf=-1: peers:[s0|localhost:35525, s1|localhost:34887, s2|localhost:39393]|listeners:[], old=null RUNNING
2023-11-28 06:43:27,179 [Time-limited test] WARN  ratis.RaftTestUtil (JavaUtils.java:attempt(223)) - FAILED "waitForLeader-null-(expectLeader? true)", attempt #1/100: java.lang.IllegalStateException: No leader yet : printing ALL groups
  s0:  RUNNING  FOLLOWER s0@group-F35FB90D7AD1:t0, leader=null, voted=, raftlog=Memoized:s0@group-F35FB90D7AD1-SegmentedRaftLog:OPENED:c-1, conf=-1: peers:[s0|localhost:35525, s1|localhost:34887, s2|localhost:39393]|listeners:[], old=null RUNNING
  s1:  RUNNING  FOLLOWER s1@group-F35FB90D7AD1:t0, leader=null, voted=, raftlog=Memoized:s1@group-F35FB90D7AD1-SegmentedRaftLog:OPENED:c-1, conf=-1: peers:[s0|localhost:35525, s1|localhost:34887, s2|localhost:39393]|listeners:[], old=null RUNNING
  s2:  RUNNING  FOLLOWER s2@group-F35FB90D7AD1:t0, leader=null, voted=, raftlog=Memoized:s2@group-F35FB90D7AD1-SegmentedRaftLog:OPENED:c-1, conf=-1: peers:[s0|localhost:35525, s1|localhost:34887, s2|localhost:39393]|listeners:[], old=null RUNNING, sleep 450ms and then retry.
java.lang.IllegalStateException: No leader yet : printing ALL groups
  s0:  RUNNING  FOLLOWER s0@group-F35FB90D7AD1:t0, leader=null, voted=, raftlog=Memoized:s0@group-F35FB90D7AD1-SegmentedRaftLog:OPENED:c-1, conf=-1: peers:[s0|localhost:35525, s1|localhost:34887, s2|localhost:39393]|listeners:[], old=null RUNNING
  s1:  RUNNING  FOLLOWER s1@group-F35FB90D7AD1:t0, leader=null, voted=, raftlog=Memoized:s1@group-F35FB90D7AD1-SegmentedRaftLog:OPENED:c-1, conf=-1: peers:[s0|localhost:35525, s1|localhost:34887, s2|localhost:39393]|listeners:[], old=null RUNNING
  s2:  RUNNING  FOLLOWER s2@group-F35FB90D7AD1:t0, leader=null, voted=, raftlog=Memoized:s2@group-F35FB90D7AD1-SegmentedRaftLog:OPENED:c-1, conf=-1: peers:[s0|localhost:35525, s1|localhost:34887, s2|localhost:39393]|listeners:[], old=null RUNNING
	at org.apache.ratis.server.impl.MiniRaftCluster.newIllegalStateExceptionForNoLeaders(MiniRaftCluster.java:581)
	at org.apache.ratis.RaftTestUtil.lambda$waitForLeader$1(RaftTestUtil.java:104)
	at org.apache.ratis.server.impl.MiniRaftCluster.getLeader(MiniRaftCluster.java:615)
	at org.apache.ratis.server.impl.MiniRaftCluster.getLeader(MiniRaftCluster.java:608)
	at org.apache.ratis.RaftTestUtil.lambda$waitForLeader$3(RaftTestUtil.java:112)
	at org.apache.ratis.util.JavaUtils.attempt(JavaUtils.java:217)
	at org.apache.ratis.util.JavaUtils.attemptRepeatedly(JavaUtils.java:203)
	at org.apache.ratis.RaftTestUtil.waitForLeader(RaftTestUtil.java:111)
	at org.apache.ratis.RaftTestUtil.waitForLeader(RaftTestUtil.java:92)
	at org.apache.ratis.RaftTestUtil.waitForLeader(RaftTestUtil.java:87)
	at org.apache.ratis.RetryCacheTests.runTestBasicRetry(RetryCacheTests.java:66)
	at org.apache.ratis.server.impl.MiniRaftCluster$Factory$Get.runWithNewCluster(MiniRaftCluster.java:141)
	at org.apache.ratis.server.impl.MiniRaftCluster$Factory$Get.runWithNewCluster(MiniRaftCluster.java:121)
	at org.apache.ratis.RetryCacheTests.testBasicRetry(RetryCacheTests.java:62)
	at java.base/jdk.internal.reflect.NativeMethodAccessorImpl.invoke0(Native Method)
	at java.base/jdk.internal.reflect.NativeMethodAccessorImpl.invoke(NativeMethodAccessorImpl.java:62)
	at java.base/jdk.internal.reflect.DelegatingMethodAccessorImpl.invoke(DelegatingMethodAccessorImpl.java:43)
	at java.base/java.lang.reflect.Method.invoke(Method.java:566)
	at org.junit.runners.model.FrameworkMethod$1.runReflectiveCall(FrameworkMethod.java:59)
	at org.junit.internal.runners.model.ReflectiveCallable.run(ReflectiveCallable.java:12)
	at org.junit.runners.model.FrameworkMethod.invokeExplosively(FrameworkMethod.java:56)
	at org.junit.internal.runners.statements.InvokeMethod.evaluate(InvokeMethod.java:17)
	at org.junit.internal.runners.statements.RunAfters.evaluate(RunAfters.java:27)
	at org.junit.internal.runners.statements.FailOnTimeout$CallableStatement.call(FailOnTimeout.java:299)
	at org.junit.internal.runners.statements.FailOnTimeout$CallableStatement.call(FailOnTimeout.java:293)
	at java.base/java.util.concurrent.FutureTask.run(FutureTask.java:264)
	at java.base/java.lang.Thread.run(Thread.java:829)
2023-11-28 06:43:27,282 [grpc-default-executor-3] ERROR impl.OrderedAsync (OrderedAsync.java:lambda$sendRequest$9(247)) - client-23DA7E6A7FE2: Failed* RaftClientRequest:client-23DA7E6A7FE2->s0@group-9F468C9C58F9, cid=6, seq=1*, Watch(0), null
java.util.concurrent.CompletionException: java.io.IOException: org.apache.ratis.thirdparty.io.grpc.StatusRuntimeException: UNAVAILABLE: io exception
	at java.base/java.util.concurrent.CompletableFuture.encodeThrowable(CompletableFuture.java:331)
	at java.base/java.util.concurrent.CompletableFuture.completeThrowable(CompletableFuture.java:346)
	at java.base/java.util.concurrent.CompletableFuture$UniApply.tryFire(CompletableFuture.java:632)
	at java.base/java.util.concurrent.CompletableFuture.postComplete(CompletableFuture.java:506)
	at java.base/java.util.concurrent.CompletableFuture.completeExceptionally(CompletableFuture.java:2094)
	at org.apache.ratis.grpc.client.GrpcClientProtocolClient$AsyncStreamObservers.completeReplyExceptionally(GrpcClientProtocolClient.java:394)
	at org.apache.ratis.grpc.client.GrpcClientProtocolClient$AsyncStreamObservers.access$000(GrpcClientProtocolClient.java:300)
	at org.apache.ratis.grpc.client.GrpcClientProtocolClient$AsyncStreamObservers$1.onError(GrpcClientProtocolClient.java:331)
	at org.apache.ratis.thirdparty.io.grpc.stub.ClientCalls$StreamObserverToCallListenerAdapter.onClose(ClientCalls.java:481)
	at org.apache.ratis.thirdparty.io.grpc.PartialForwardingClientCallListener.onClose(PartialForwardingClientCallListener.java:39)
	at org.apache.ratis.thirdparty.io.grpc.ForwardingClientCallListener.onClose(ForwardingClientCallListener.java:23)
	at org.apache.ratis.grpc.metrics.intercept.client.MetricClientCallListener.onClose(MetricClientCallListener.java:47)
	at org.apache.ratis.thirdparty.io.grpc.internal.DelayedClientCall$DelayedListener$3.run(DelayedClientCall.java:489)
	at org.apache.ratis.thirdparty.io.grpc.internal.DelayedClientCall$DelayedListener.delayOrExecute(DelayedClientCall.java:453)
	at org.apache.ratis.thirdparty.io.grpc.internal.DelayedClientCall$DelayedListener.onClose(DelayedClientCall.java:486)
	at org.apache.ratis.thirdparty.io.grpc.internal.ClientCallImpl.closeObserver(ClientCallImpl.java:567)
	at org.apache.ratis.thirdparty.io.grpc.internal.ClientCallImpl.access$300(ClientCallImpl.java:71)
	at org.apache.ratis.thirdparty.io.grpc.internal.ClientCallImpl$ClientStreamListenerImpl$1StreamClosed.runInternal(ClientCallImpl.java:735)
	at org.apache.ratis.thirdparty.io.grpc.internal.ClientCallImpl$ClientStreamListenerImpl$1StreamClosed.runInContext(ClientCallImpl.java:716)
	at org.apache.ratis.thirdparty.io.grpc.internal.ContextRunnable.run(ContextRunnable.java:37)
	at org.apache.ratis.thirdparty.io.grpc.internal.SerializingExecutor.run(SerializingExecutor.java:133)
	at java.base/java.util.concurrent.ThreadPoolExecutor.runWorker(ThreadPoolExecutor.java:1128)
	at java.base/java.util.concurrent.ThreadPoolExecutor$Worker.run(ThreadPoolExecutor.java:628)
	at java.base/java.lang.Thread.run(Thread.java:829)
Caused by: java.io.IOException: org.apache.ratis.thirdparty.io.grpc.StatusRuntimeException: UNAVAILABLE: io exception
	at org.apache.ratis.grpc.GrpcUtil.unwrapException(GrpcUtil.java:99)
	at org.apache.ratis.grpc.GrpcUtil.unwrapIOException(GrpcUtil.java:159)
	at org.apache.ratis.grpc.client.GrpcClientProtocolClient$AsyncStreamObservers$1.onError(GrpcClientProtocolClient.java:330)
	... 16 more
Caused by: org.apache.ratis.thirdparty.io.grpc.StatusRuntimeException: UNAVAILABLE: io exception
	at org.apache.ratis.thirdparty.io.grpc.Status.asRuntimeException(Status.java:537)
	... 16 more
Caused by: org.apache.ratis.thirdparty.io.netty.channel.AbstractChannel$AnnotatedConnectException: finishConnect(..) failed: Connection refused: localhost/127.0.0.1:43007
Caused by: java.net.ConnectException: finishConnect(..) failed: Connection refused
	at org.apache.ratis.thirdparty.io.netty.channel.unix.Errors.newConnectException0(Errors.java:166)
	at org.apache.ratis.thirdparty.io.netty.channel.unix.Errors.handleConnectErrno(Errors.java:131)
	at org.apache.ratis.thirdparty.io.netty.channel.unix.Socket.finishConnect(Socket.java:359)
	at org.apache.ratis.thirdparty.io.netty.channel.epoll.AbstractEpollChannel$AbstractEpollUnsafe.doFinishConnect(AbstractEpollChannel.java:710)
	at org.apache.ratis.thirdparty.io.netty.channel.epoll.AbstractEpollChannel$AbstractEpollUnsafe.finishConnect(AbstractEpollChannel.java:687)
	at org.apache.ratis.thirdparty.io.netty.channel.epoll.AbstractEpollChannel$AbstractEpollUnsafe.epollOutReady(AbstractEpollChannel.java:567)
	at org.apache.ratis.thirdparty.io.netty.channel.epoll.EpollEventLoop.processReady(EpollEventLoop.java:499)
	at org.apache.ratis.thirdparty.io.netty.channel.epoll.EpollEventLoop.run(EpollEventLoop.java:407)
	at org.apache.ratis.thirdparty.io.netty.util.concurrent.SingleThreadEventExecutor$4.run(SingleThreadEventExecutor.java:997)
	at org.apache.ratis.thirdparty.io.netty.util.internal.ThreadExecutorMap$2.run(ThreadExecutorMap.java:74)
	at org.apache.ratis.thirdparty.io.netty.util.concurrent.FastThreadLocalRunnable.run(FastThreadLocalRunnable.java:30)
	at java.base/java.lang.Thread.run(Thread.java:829)
2023-11-28 06:43:27,377 [s2@group-F35FB90D7AD1-FollowerState] INFO  impl.FollowerState (FollowerState.java:run(143)) - s2@group-F35FB90D7AD1-FollowerState: change to CANDIDATE, lastRpcElapsedTime:203489095ns, electionTimeout:203ms
2023-11-28 06:43:27,377 [s2@group-F35FB90D7AD1-FollowerState] INFO  impl.RoleInfo (RoleInfo.java:shutdownFollowerState(110)) - s2: shutdown s2@group-F35FB90D7AD1-FollowerState
2023-11-28 06:43:27,377 [s2@group-F35FB90D7AD1-FollowerState] INFO  server.RaftServer$Division (RaftServerImpl.java:setRole(379)) - s2@group-F35FB90D7AD1: changes role from  FOLLOWER to CANDIDATE at term 0 for changeToCandidate
2023-11-28 06:43:27,378 [s2@group-F35FB90D7AD1-FollowerState] INFO  server.RaftServerConfigKeys (ConfUtils.java:logGet(46)) - raft.server.leaderelection.pre-vote = true (default)
2023-11-28 06:43:27,378 [s2@group-F35FB90D7AD1-FollowerState] INFO  impl.RoleInfo (RoleInfo.java:updateAndGet(139)) - s2: start s2@group-F35FB90D7AD1-LeaderElection5
2023-11-28 06:43:27,378 [s2@group-F35FB90D7AD1-LeaderElection5] INFO  impl.LeaderElection (LeaderElection.java:askForVotes(323)) - s2@group-F35FB90D7AD1-LeaderElection5 PRE_VOTE round 0: submit vote requests at term 0 for -1: peers:[s0|localhost:35525, s1|localhost:34887, s2|localhost:39393]|listeners:[], old=null
2023-11-28 06:43:27,379 [s2@group-F35FB90D7AD1-LeaderElection5-1] INFO  server.GrpcServerProtocolClient (GrpcServerProtocolClient.java:<init>(65)) - Build channel for s0
2023-11-28 06:43:27,379 [s2@group-F35FB90D7AD1-LeaderElection5] INFO  server.RaftServerConfigKeys (ConfUtils.java:logFallback(53)) - raft.server.rpc.first-election.timeout.min = 150ms (fallback to raft.server.rpc.timeout.min)
2023-11-28 06:43:27,379 [s2@group-F35FB90D7AD1-LeaderElection5-2] INFO  server.GrpcServerProtocolClient (GrpcServerProtocolClient.java:<init>(65)) - Build channel for s1
2023-11-28 06:43:27,379 [s2@group-F35FB90D7AD1-LeaderElection5] INFO  server.RaftServerConfigKeys (ConfUtils.java:logFallback(53)) - raft.server.rpc.first-election.timeout.max = 300ms (fallback to raft.server.rpc.timeout.max)
2023-11-28 06:43:27,381 [s0@group-F35FB90D7AD1-FollowerState] INFO  impl.FollowerState (FollowerState.java:run(143)) - s0@group-F35FB90D7AD1-FollowerState: change to CANDIDATE, lastRpcElapsedTime:232373151ns, electionTimeout:232ms
2023-11-28 06:43:27,381 [s0@group-F35FB90D7AD1-FollowerState] INFO  impl.RoleInfo (RoleInfo.java:shutdownFollowerState(110)) - s0: shutdown s0@group-F35FB90D7AD1-FollowerState
2023-11-28 06:43:27,382 [s0@group-F35FB90D7AD1-FollowerState] INFO  server.RaftServer$Division (RaftServerImpl.java:setRole(379)) - s0@group-F35FB90D7AD1: changes role from  FOLLOWER to CANDIDATE at term 0 for changeToCandidate
2023-11-28 06:43:27,382 [s0@group-F35FB90D7AD1-FollowerState] INFO  server.RaftServerConfigKeys (ConfUtils.java:logGet(46)) - raft.server.leaderelection.pre-vote = true (default)
2023-11-28 06:43:27,382 [s0@group-F35FB90D7AD1-FollowerState] INFO  impl.RoleInfo (RoleInfo.java:updateAndGet(139)) - s0: start s0@group-F35FB90D7AD1-LeaderElection6
2023-11-28 06:43:27,383 [s0@group-F35FB90D7AD1-LeaderElection6] INFO  impl.LeaderElection (LeaderElection.java:askForVotes(323)) - s0@group-F35FB90D7AD1-LeaderElection6 PRE_VOTE round 0: submit vote requests at term 0 for -1: peers:[s0|localhost:35525, s1|localhost:34887, s2|localhost:39393]|listeners:[], old=null
2023-11-28 06:43:27,383 [s0@group-F35FB90D7AD1-LeaderElection6-1] INFO  server.GrpcServerProtocolClient (GrpcServerProtocolClient.java:<init>(65)) - Build channel for s1
2023-11-28 06:43:27,383 [s0@group-F35FB90D7AD1-LeaderElection6] INFO  server.RaftServerConfigKeys (ConfUtils.java:logFallback(53)) - raft.server.rpc.first-election.timeout.min = 150ms (fallback to raft.server.rpc.timeout.min)
2023-11-28 06:43:27,383 [s0@group-F35FB90D7AD1-LeaderElection6] INFO  server.RaftServerConfigKeys (ConfUtils.java:logFallback(53)) - raft.server.rpc.first-election.timeout.max = 300ms (fallback to raft.server.rpc.timeout.max)
2023-11-28 06:43:27,383 [s0@group-F35FB90D7AD1-LeaderElection6-2] INFO  server.GrpcServerProtocolClient (GrpcServerProtocolClient.java:<init>(65)) - Build channel for s2
2023-11-28 06:43:27,388 [grpc-default-executor-1] INFO  server.RaftServer$Division (RaftServerImpl.java:requestVote(1377)) - s1@group-F35FB90D7AD1: receive requestVote(PRE_VOTE, s2, group-F35FB90D7AD1, 0, (t:0, i:0))
2023-11-28 06:43:27,388 [grpc-default-executor-1] INFO  impl.VoteContext (VoteContext.java:log(49)) - s1@group-F35FB90D7AD1-FOLLOWER: accept PRE_VOTE from s2: our priority 0 <= candidate's priority 0
2023-11-28 06:43:27,388 [grpc-default-executor-1] INFO  server.RaftServer$Division (RaftServerImpl.java:requestVote(1410)) - s1@group-F35FB90D7AD1 replies to PRE_VOTE vote request: s2<-s1#0:OK-t0. Peer's state: s1@group-F35FB90D7AD1:t0, leader=null, voted=, raftlog=Memoized:s1@group-F35FB90D7AD1-SegmentedRaftLog:OPENED:c-1, conf=-1: peers:[s0|localhost:35525, s1|localhost:34887, s2|localhost:39393]|listeners:[], old=null
2023-11-28 06:43:27,389 [grpc-default-executor-3] INFO  server.RaftServer$Division (RaftServerImpl.java:requestVote(1377)) - s0@group-F35FB90D7AD1: receive requestVote(PRE_VOTE, s2, group-F35FB90D7AD1, 0, (t:0, i:0))
2023-11-28 06:43:27,389 [grpc-default-executor-3] INFO  impl.VoteContext (VoteContext.java:log(49)) - s0@group-F35FB90D7AD1-CANDIDATE: accept PRE_VOTE from s2: our priority 0 <= candidate's priority 0
2023-11-28 06:43:27,390 [grpc-default-executor-3] INFO  server.RaftServer$Division (RaftServerImpl.java:requestVote(1410)) - s0@group-F35FB90D7AD1 replies to PRE_VOTE vote request: s2<-s0#0:OK-t0. Peer's state: s0@group-F35FB90D7AD1:t0, leader=null, voted=, raftlog=Memoized:s0@group-F35FB90D7AD1-SegmentedRaftLog:OPENED:c-1, conf=-1: peers:[s0|localhost:35525, s1|localhost:34887, s2|localhost:39393]|listeners:[], old=null
2023-11-28 06:43:27,392 [s2@group-F35FB90D7AD1-LeaderElection5] INFO  impl.LeaderElection (LeaderElection.java:logAndReturn(89)) - s2@group-F35FB90D7AD1-LeaderElection5: PRE_VOTE PASSED received 1 response(s) and 0 exception(s):
2023-11-28 06:43:27,392 [s2@group-F35FB90D7AD1-LeaderElection5] INFO  impl.LeaderElection (LeaderElection.java:logAndReturn(93)) -   Response 0: s2<-s1#0:OK-t0
2023-11-28 06:43:27,392 [s2@group-F35FB90D7AD1-LeaderElection5] INFO  impl.LeaderElection (LeaderElection.java:askForVotes(325)) - s2@group-F35FB90D7AD1-LeaderElection5 PRE_VOTE round 0: result PASSED
2023-11-28 06:43:27,392 [s2@group-F35FB90D7AD1-LeaderElection5] TRACE util.FileUtils (LogUtils.java:supplyAndLog(69)) - Successfully supplied FileChannel.open /home/runner/work/ratis/ratis/ratis-test/target/test/data/cc86e3b/MiniRaftClusterWithGrpcdd0d2b4/s2/a2649fa6-a12b-4dc4-a464-f35fb90d7ad1/current/raft-meta.tmp with options [CREATE, WRITE]: sun.nio.ch.FileChannelImpl@5a238fd2
2023-11-28 06:43:27,393 [grpc-default-executor-2] ERROR impl.OrderedAsync (OrderedAsync.java:lambda$sendRequest$9(247)) - client-23DA7E6A7FE2: Failed* RaftClientRequest:client-23DA7E6A7FE2->s2@group-9F468C9C58F9, cid=6, seq=1*, Watch(0), null
java.util.concurrent.CompletionException: java.io.IOException: org.apache.ratis.thirdparty.io.grpc.StatusRuntimeException: UNAVAILABLE: io exception
	at java.base/java.util.concurrent.CompletableFuture.encodeThrowable(CompletableFuture.java:331)
	at java.base/java.util.concurrent.CompletableFuture.completeThrowable(CompletableFuture.java:346)
	at java.base/java.util.concurrent.CompletableFuture$UniApply.tryFire(CompletableFuture.java:632)
	at java.base/java.util.concurrent.CompletableFuture.postComplete(CompletableFuture.java:506)
	at java.base/java.util.concurrent.CompletableFuture.completeExceptionally(CompletableFuture.java:2094)
	at org.apache.ratis.grpc.client.GrpcClientProtocolClient$AsyncStreamObservers.completeReplyExceptionally(GrpcClientProtocolClient.java:394)
	at org.apache.ratis.grpc.client.GrpcClientProtocolClient$AsyncStreamObservers.access$000(GrpcClientProtocolClient.java:300)
	at org.apache.ratis.grpc.client.GrpcClientProtocolClient$AsyncStreamObservers$1.onError(GrpcClientProtocolClient.java:331)
	at org.apache.ratis.thirdparty.io.grpc.stub.ClientCalls$StreamObserverToCallListenerAdapter.onClose(ClientCalls.java:481)
	at org.apache.ratis.thirdparty.io.grpc.PartialForwardingClientCallListener.onClose(PartialForwardingClientCallListener.java:39)
	at org.apache.ratis.thirdparty.io.grpc.ForwardingClientCallListener.onClose(ForwardingClientCallListener.java:23)
	at org.apache.ratis.grpc.metrics.intercept.client.MetricClientCallListener.onClose(MetricClientCallListener.java:47)
	at org.apache.ratis.thirdparty.io.grpc.internal.DelayedClientCall$DelayedListener$3.run(DelayedClientCall.java:489)
	at org.apache.ratis.thirdparty.io.grpc.internal.DelayedClientCall$DelayedListener.delayOrExecute(DelayedClientCall.java:453)
	at org.apache.ratis.thirdparty.io.grpc.internal.DelayedClientCall$DelayedListener.onClose(DelayedClientCall.java:486)
	at org.apache.ratis.thirdparty.io.grpc.internal.ClientCallImpl.closeObserver(ClientCallImpl.java:567)
	at org.apache.ratis.thirdparty.io.grpc.internal.ClientCallImpl.access$300(ClientCallImpl.java:71)
	at org.apache.ratis.thirdparty.io.grpc.internal.ClientCallImpl$ClientStreamListenerImpl$1StreamClosed.runInternal(ClientCallImpl.java:735)
	at org.apache.ratis.thirdparty.io.grpc.internal.ClientCallImpl$ClientStreamListenerImpl$1StreamClosed.runInContext(ClientCallImpl.java:716)
	at org.apache.ratis.thirdparty.io.grpc.internal.ContextRunnable.run(ContextRunnable.java:37)
	at org.apache.ratis.thirdparty.io.grpc.internal.SerializingExecutor.run(SerializingExecutor.java:133)
	at java.base/java.util.concurrent.ThreadPoolExecutor.runWorker(ThreadPoolExecutor.java:1128)
	at java.base/java.util.concurrent.ThreadPoolExecutor$Worker.run(ThreadPoolExecutor.java:628)
	at java.base/java.lang.Thread.run(Thread.java:829)
Caused by: java.io.IOException: org.apache.ratis.thirdparty.io.grpc.StatusRuntimeException: UNAVAILABLE: io exception
	at org.apache.ratis.grpc.GrpcUtil.unwrapException(GrpcUtil.java:99)
	at org.apache.ratis.grpc.GrpcUtil.unwrapIOException(GrpcUtil.java:159)
	at org.apache.ratis.grpc.client.GrpcClientProtocolClient$AsyncStreamObservers$1.onError(GrpcClientProtocolClient.java:330)
	... 16 more
Caused by: org.apache.ratis.thirdparty.io.grpc.StatusRuntimeException: UNAVAILABLE: io exception
	at org.apache.ratis.thirdparty.io.grpc.Status.asRuntimeException(Status.java:537)
	... 16 more
Caused by: org.apache.ratis.thirdparty.io.netty.channel.AbstractChannel$AnnotatedConnectException: finishConnect(..) failed: Connection refused: localhost/127.0.0.1:37249
Caused by: java.net.ConnectException: finishConnect(..) failed: Connection refused
	at org.apache.ratis.thirdparty.io.netty.channel.unix.Errors.newConnectException0(Errors.java:166)
	at org.apache.ratis.thirdparty.io.netty.channel.unix.Errors.handleConnectErrno(Errors.java:131)
	at org.apache.ratis.thirdparty.io.netty.channel.unix.Socket.finishConnect(Socket.java:359)
	at org.apache.ratis.thirdparty.io.netty.channel.epoll.AbstractEpollChannel$AbstractEpollUnsafe.doFinishConnect(AbstractEpollChannel.java:710)
	at org.apache.ratis.thirdparty.io.netty.channel.epoll.AbstractEpollChannel$AbstractEpollUnsafe.finishConnect(AbstractEpollChannel.java:687)
	at org.apache.ratis.thirdparty.io.netty.channel.epoll.AbstractEpollChannel$AbstractEpollUnsafe.epollOutReady(AbstractEpollChannel.java:567)
	at org.apache.ratis.thirdparty.io.netty.channel.epoll.EpollEventLoop.processReady(EpollEventLoop.java:499)
	at org.apache.ratis.thirdparty.io.netty.channel.epoll.EpollEventLoop.run(EpollEventLoop.java:407)
	at org.apache.ratis.thirdparty.io.netty.util.concurrent.SingleThreadEventExecutor$4.run(SingleThreadEventExecutor.java:997)
	at org.apache.ratis.thirdparty.io.netty.util.internal.ThreadExecutorMap$2.run(ThreadExecutorMap.java:74)
	at org.apache.ratis.thirdparty.io.netty.util.concurrent.FastThreadLocalRunnable.run(FastThreadLocalRunnable.java:30)
	at java.base/java.lang.Thread.run(Thread.java:829)
2023-11-28 06:43:27,393 [s2@group-F35FB90D7AD1-LeaderElection5] TRACE util.FileUtils (LogUtils.java:runAndLog(49)) - Successfully ran Atomic Files.move /home/runner/work/ratis/ratis/ratis-test/target/test/data/cc86e3b/MiniRaftClusterWithGrpcdd0d2b4/s2/a2649fa6-a12b-4dc4-a464-f35fb90d7ad1/current/raft-meta.tmp to /home/runner/work/ratis/ratis/ratis-test/target/test/data/cc86e3b/MiniRaftClusterWithGrpcdd0d2b4/s2/a2649fa6-a12b-4dc4-a464-f35fb90d7ad1/current/raft-meta with options [REPLACE_EXISTING]
2023-11-28 06:43:27,394 [s2@group-F35FB90D7AD1-LeaderElection5] INFO  impl.LeaderElection (LeaderElection.java:askForVotes(323)) - s2@group-F35FB90D7AD1-LeaderElection5 ELECTION round 0: submit vote requests at term 1 for -1: peers:[s0|localhost:35525, s1|localhost:34887, s2|localhost:39393]|listeners:[], old=null
2023-11-28 06:43:27,394 [s2@group-F35FB90D7AD1-LeaderElection5] INFO  server.RaftServerConfigKeys (ConfUtils.java:logFallback(53)) - raft.server.rpc.first-election.timeout.min = 150ms (fallback to raft.server.rpc.timeout.min)
2023-11-28 06:43:27,394 [s2@group-F35FB90D7AD1-LeaderElection5] INFO  server.RaftServerConfigKeys (ConfUtils.java:logFallback(53)) - raft.server.rpc.first-election.timeout.max = 300ms (fallback to raft.server.rpc.timeout.max)
2023-11-28 06:43:27,397 [grpc-default-executor-3] INFO  server.RaftServer$Division (RaftServerImpl.java:requestVote(1377)) - s1@group-F35FB90D7AD1: receive requestVote(PRE_VOTE, s0, group-F35FB90D7AD1, 0, (t:0, i:0))
2023-11-28 06:43:27,399 [grpc-default-executor-1] INFO  server.RaftServer$Division (RaftServerImpl.java:requestVote(1377)) - s2@group-F35FB90D7AD1: receive requestVote(PRE_VOTE, s0, group-F35FB90D7AD1, 0, (t:0, i:0))
2023-11-28 06:43:27,399 [grpc-default-executor-1] INFO  impl.VoteContext (VoteContext.java:log(49)) - s2@group-F35FB90D7AD1-CANDIDATE: accept PRE_VOTE from s0: our priority 0 <= candidate's priority 0
2023-11-28 06:43:27,400 [grpc-default-executor-1] INFO  server.RaftServer$Division (RaftServerImpl.java:requestVote(1410)) - s2@group-F35FB90D7AD1 replies to PRE_VOTE vote request: s0<-s2#0:OK-t1. Peer's state: s2@group-F35FB90D7AD1:t1, leader=null, voted=s2, raftlog=Memoized:s2@group-F35FB90D7AD1-SegmentedRaftLog:OPENED:c-1, conf=-1: peers:[s0|localhost:35525, s1|localhost:34887, s2|localhost:39393]|listeners:[], old=null
2023-11-28 06:43:27,400 [s1@group-F35FB90D7AD1-FollowerState] INFO  server.RaftServerConfigKeys (ConfUtils.java:logFallback(53)) - raft.server.rpc.first-election.timeout.min = 150ms (fallback to raft.server.rpc.timeout.min)
2023-11-28 06:43:27,400 [s1@group-F35FB90D7AD1-FollowerState] INFO  server.RaftServerConfigKeys (ConfUtils.java:logFallback(53)) - raft.server.rpc.first-election.timeout.max = 300ms (fallback to raft.server.rpc.timeout.max)
2023-11-28 06:43:27,400 [grpc-default-executor-6] INFO  server.RaftServer$Division (RaftServerImpl.java:requestVote(1377)) - s0@group-F35FB90D7AD1: receive requestVote(ELECTION, s2, group-F35FB90D7AD1, 1, (t:0, i:0))
2023-11-28 06:43:27,400 [grpc-default-executor-3] INFO  impl.VoteContext (VoteContext.java:log(49)) - s1@group-F35FB90D7AD1-FOLLOWER: accept PRE_VOTE from s0: our priority 0 <= candidate's priority 0
2023-11-28 06:43:27,400 [grpc-default-executor-6] INFO  impl.VoteContext (VoteContext.java:log(49)) - s0@group-F35FB90D7AD1-CANDIDATE: accept ELECTION from s2: our priority 0 <= candidate's priority 0
2023-11-28 06:43:27,401 [grpc-default-executor-3] INFO  server.RaftServer$Division (RaftServerImpl.java:requestVote(1410)) - s1@group-F35FB90D7AD1 replies to PRE_VOTE vote request: s0<-s1#0:OK-t0. Peer's state: s1@group-F35FB90D7AD1:t0, leader=null, voted=, raftlog=Memoized:s1@group-F35FB90D7AD1-SegmentedRaftLog:OPENED:c-1, conf=-1: peers:[s0|localhost:35525, s1|localhost:34887, s2|localhost:39393]|listeners:[], old=null
2023-11-28 06:43:27,401 [grpc-default-executor-6] INFO  server.RaftServer$Division (RaftServerImpl.java:setRole(379)) - s0@group-F35FB90D7AD1: changes role from CANDIDATE to FOLLOWER at term 1 for candidate:s2
2023-11-28 06:43:27,401 [grpc-default-executor-6] INFO  impl.RoleInfo (RoleInfo.java:shutdownLeaderElection(130)) - s0: shutdown s0@group-F35FB90D7AD1-LeaderElection6
2023-11-28 06:43:27,401 [grpc-default-executor-6] INFO  impl.RoleInfo (RoleInfo.java:updateAndGet(139)) - s0: start s0@group-F35FB90D7AD1-FollowerState
2023-11-28 06:43:27,402 [grpc-default-executor-6] INFO  server.RaftServer$Division (RaftServerImpl.java:setFirstElection(564)) - s0@group-F35FB90D7AD1: set firstElectionSinceStartup to false for candidate:s2
2023-11-28 06:43:27,402 [s0@group-F35FB90D7AD1-LeaderElection6] INFO  impl.LeaderElection (LeaderElection.java:logAndReturn(89)) - s0@group-F35FB90D7AD1-LeaderElection6: PRE_VOTE PASSED received 1 response(s) and 0 exception(s):
2023-11-28 06:43:27,402 [s0@group-F35FB90D7AD1-LeaderElection6] INFO  impl.LeaderElection (LeaderElection.java:logAndReturn(93)) -   Response 0: s0<-s1#0:OK-t0
2023-11-28 06:43:27,402 [grpc-default-executor-6] TRACE util.FileUtils (LogUtils.java:supplyAndLog(69)) - Successfully supplied FileChannel.open /home/runner/work/ratis/ratis/ratis-test/target/test/data/cc86e3b/MiniRaftClusterWithGrpcdd0d2b4/s0/a2649fa6-a12b-4dc4-a464-f35fb90d7ad1/current/raft-meta.tmp with options [CREATE, WRITE]: sun.nio.ch.FileChannelImpl@34a501a4
2023-11-28 06:43:27,402 [s0@group-F35FB90D7AD1-LeaderElection6] INFO  impl.LeaderElection (LeaderElection.java:askForVotes(325)) - s0@group-F35FB90D7AD1-LeaderElection6 PRE_VOTE round 0: result PASSED
2023-11-28 06:43:27,403 [grpc-default-executor-6] TRACE util.FileUtils (LogUtils.java:runAndLog(49)) - Successfully ran Atomic Files.move /home/runner/work/ratis/ratis/ratis-test/target/test/data/cc86e3b/MiniRaftClusterWithGrpcdd0d2b4/s0/a2649fa6-a12b-4dc4-a464-f35fb90d7ad1/current/raft-meta.tmp to /home/runner/work/ratis/ratis/ratis-test/target/test/data/cc86e3b/MiniRaftClusterWithGrpcdd0d2b4/s0/a2649fa6-a12b-4dc4-a464-f35fb90d7ad1/current/raft-meta with options [REPLACE_EXISTING]
2023-11-28 06:43:27,403 [grpc-default-executor-6] INFO  server.RaftServer$Division (RaftServerImpl.java:requestVote(1410)) - s0@group-F35FB90D7AD1 replies to ELECTION vote request: s2<-s0#0:OK-t1. Peer's state: s0@group-F35FB90D7AD1:t1, leader=null, voted=s2, raftlog=Memoized:s0@group-F35FB90D7AD1-SegmentedRaftLog:OPENED:c-1, conf=-1: peers:[s0|localhost:35525, s1|localhost:34887, s2|localhost:39393]|listeners:[], old=null
2023-11-28 06:43:27,403 [grpc-default-executor-2] INFO  server.RaftServer$Division (RaftServerImpl.java:requestVote(1377)) - s1@group-F35FB90D7AD1: receive requestVote(ELECTION, s2, group-F35FB90D7AD1, 1, (t:0, i:0))
2023-11-28 06:43:27,403 [grpc-default-executor-2] INFO  impl.VoteContext (VoteContext.java:log(49)) - s1@group-F35FB90D7AD1-FOLLOWER: accept ELECTION from s2: our priority 0 <= candidate's priority 0
2023-11-28 06:43:27,403 [grpc-default-executor-2] INFO  server.RaftServer$Division (RaftServerImpl.java:setRole(379)) - s1@group-F35FB90D7AD1: changes role from  FOLLOWER to FOLLOWER at term 1 for candidate:s2
2023-11-28 06:43:27,403 [grpc-default-executor-2] INFO  impl.RoleInfo (RoleInfo.java:shutdownFollowerState(110)) - s1: shutdown s1@group-F35FB90D7AD1-FollowerState
2023-11-28 06:43:27,403 [s1@group-F35FB90D7AD1-FollowerState] INFO  impl.FollowerState (FollowerState.java:run(152)) - s1@group-F35FB90D7AD1-FollowerState was interrupted
2023-11-28 06:43:27,404 [grpc-default-executor-2] INFO  impl.RoleInfo (RoleInfo.java:updateAndGet(139)) - s1: start s1@group-F35FB90D7AD1-FollowerState
2023-11-28 06:43:27,404 [grpc-default-executor-2] INFO  server.RaftServer$Division (RaftServerImpl.java:setFirstElection(564)) - s1@group-F35FB90D7AD1: set firstElectionSinceStartup to false for candidate:s2
2023-11-28 06:43:27,404 [grpc-default-executor-2] TRACE util.FileUtils (LogUtils.java:supplyAndLog(69)) - Successfully supplied FileChannel.open /home/runner/work/ratis/ratis/ratis-test/target/test/data/cc86e3b/MiniRaftClusterWithGrpcdd0d2b4/s1/a2649fa6-a12b-4dc4-a464-f35fb90d7ad1/current/raft-meta.tmp with options [CREATE, WRITE]: sun.nio.ch.FileChannelImpl@609201d9
2023-11-28 06:43:27,404 [s2@group-F35FB90D7AD1-LeaderElection5] INFO  impl.LeaderElection (LeaderElection.java:logAndReturn(89)) - s2@group-F35FB90D7AD1-LeaderElection5: ELECTION PASSED received 1 response(s) and 0 exception(s):
2023-11-28 06:43:27,404 [s2@group-F35FB90D7AD1-LeaderElection5] INFO  impl.LeaderElection (LeaderElection.java:logAndReturn(93)) -   Response 0: s2<-s0#0:OK-t1
2023-11-28 06:43:27,404 [s2@group-F35FB90D7AD1-LeaderElection5] INFO  impl.LeaderElection (LeaderElection.java:askForVotes(325)) - s2@group-F35FB90D7AD1-LeaderElection5 ELECTION round 0: result PASSED
2023-11-28 06:43:27,404 [s2@group-F35FB90D7AD1-LeaderElection5] INFO  impl.RoleInfo (RoleInfo.java:shutdownLeaderElection(130)) - s2: shutdown s2@group-F35FB90D7AD1-LeaderElection5
2023-11-28 06:43:27,404 [s2@group-F35FB90D7AD1-LeaderElection5] INFO  server.RaftServer$Division (RaftServerImpl.java:setRole(379)) - s2@group-F35FB90D7AD1: changes role from CANDIDATE to LEADER at term 1 for changeToLeader
2023-11-28 06:43:27,404 [s2@group-F35FB90D7AD1-LeaderElection5] INFO  server.RaftServerConfigKeys (ConfUtils.java:logGet(46)) - raft.server.staging.catchup.gap = 1000 (default)
2023-11-28 06:43:27,404 [s2@group-F35FB90D7AD1-LeaderElection5] INFO  server.RaftServerConfigKeys (ConfUtils.java:logGet(46)) - raft.server.write.element-limit = 4096 (default)
2023-11-28 06:43:27,405 [s2@group-F35FB90D7AD1-LeaderElection5] INFO  server.RaftServerConfigKeys (ConfUtils.java:logGet(46)) - raft.server.write.byte-limit = 64MB (=67108864) (default)
2023-11-28 06:43:27,405 [s2@group-F35FB90D7AD1-LeaderElection5] INFO  server.RaftServerConfigKeys (ConfUtils.java:logGet(46)) - raft.server.watch.timeout = 10s (default)
2023-11-28 06:43:27,405 [s2@group-F35FB90D7AD1-LeaderElection5] INFO  server.RaftServerConfigKeys (ConfUtils.java:logGet(46)) - raft.server.watch.timeout.denomination = 1s (default)
2023-11-28 06:43:27,405 [s2@group-F35FB90D7AD1-LeaderElection5] INFO  server.RaftServerConfigKeys (ConfUtils.java:logGet(46)) - raft.server.watch.element-limit = 65536 (default)
2023-11-28 06:43:27,405 [grpc-default-executor-2] TRACE util.FileUtils (LogUtils.java:runAndLog(49)) - Successfully ran Atomic Files.move /home/runner/work/ratis/ratis/ratis-test/target/test/data/cc86e3b/MiniRaftClusterWithGrpcdd0d2b4/s1/a2649fa6-a12b-4dc4-a464-f35fb90d7ad1/current/raft-meta.tmp to /home/runner/work/ratis/ratis/ratis-test/target/test/data/cc86e3b/MiniRaftClusterWithGrpcdd0d2b4/s1/a2649fa6-a12b-4dc4-a464-f35fb90d7ad1/current/raft-meta with options [REPLACE_EXISTING]
2023-11-28 06:43:27,405 [s2@group-F35FB90D7AD1-LeaderElection5] INFO  server.RaftServerConfigKeys (ConfUtils.java:logGet(46)) - raft.server.read.leader.lease.enabled = false (default)
2023-11-28 06:43:27,405 [grpc-default-executor-2] INFO  server.RaftServer$Division (RaftServerImpl.java:requestVote(1410)) - s1@group-F35FB90D7AD1 replies to ELECTION vote request: s2<-s1#0:OK-t1. Peer's state: s1@group-F35FB90D7AD1:t1, leader=null, voted=s2, raftlog=Memoized:s1@group-F35FB90D7AD1-SegmentedRaftLog:OPENED:c-1, conf=-1: peers:[s0|localhost:35525, s1|localhost:34887, s2|localhost:39393]|listeners:[], old=null
2023-11-28 06:43:27,405 [s2@group-F35FB90D7AD1-LeaderElection5] INFO  server.RaftServerConfigKeys (ConfUtils.java:logGet(46)) - raft.server.read.leader.lease.timeout.ratio = 0.9 (default)
2023-11-28 06:43:27,405 [s2@group-F35FB90D7AD1-LeaderElection5] INFO  server.RaftServerConfigKeys (ConfUtils.java:logGet(46)) - raft.server.rpc.timeout.min = 150ms (default)
2023-11-28 06:43:27,405 [s2@group-F35FB90D7AD1-LeaderElection5] INFO  server.RaftServerConfigKeys (ConfUtils.java:logGet(46)) - raft.server.write.element-limit = 4096 (default)
2023-11-28 06:43:27,405 [s2@group-F35FB90D7AD1-LeaderElection5] INFO  server.RaftServerConfigKeys (ConfUtils.java:logGet(46)) - raft.server.write.follower.gap.ratio.max = -1.0 (default)
2023-11-28 06:43:27,406 [s2@group-F35FB90D7AD1-LeaderElection5] INFO  server.RaftServerConfigKeys (ConfUtils.java:logGet(46)) - raft.server.log.appender.snapshot.chunk.size.max = 16MB (=16777216) (default)
2023-11-28 06:43:27,406 [s2@group-F35FB90D7AD1-LeaderElection5] INFO  server.RaftServerConfigKeys (ConfUtils.java:logGet(46)) - raft.server.log.appender.buffer.byte-limit = 4MB (=4194304) (default)
2023-11-28 06:43:27,406 [s2@group-F35FB90D7AD1-LeaderElection5] INFO  server.RaftServerConfigKeys (ConfUtils.java:logGet(46)) - raft.server.log.appender.buffer.element-limit = 0 (default)
2023-11-28 06:43:27,406 [s2@group-F35FB90D7AD1-LeaderElection5] INFO  server.RaftServerConfigKeys (ConfUtils.java:logGet(46)) - raft.server.log.appender.wait-time.min = 1ms (default)
2023-11-28 06:43:27,406 [s2@group-F35FB90D7AD1-LeaderElection5] INFO  grpc.GrpcConfigKeys (ConfUtils.java:logGet(46)) - raft.grpc.server.leader.outstanding.appends.max = 8 (default)
2023-11-28 06:43:27,406 [s2@group-F35FB90D7AD1-LeaderElection5] INFO  server.RaftServerConfigKeys (ConfUtils.java:logGet(46)) - raft.server.rpc.request.timeout = 3000ms (default)
2023-11-28 06:43:27,406 [s2@group-F35FB90D7AD1-LeaderElection5] INFO  grpc.GrpcConfigKeys (ConfUtils.java:logGet(46)) - raft.grpc.server.install_snapshot.request.element-limit = 8 (default)
2023-11-28 06:43:27,406 [s2@group-F35FB90D7AD1-LeaderElection5] INFO  grpc.GrpcConfigKeys (ConfUtils.java:logGet(46)) - raft.grpc.server.install_snapshot.request.timeout = 3000ms (default)
2023-11-28 06:43:27,406 [s2@group-F35FB90D7AD1-LeaderElection5] INFO  server.RaftServerConfigKeys (ConfUtils.java:logGet(46)) - raft.server.log.appender.install.snapshot.enabled = true (default)
2023-11-28 06:43:27,406 [s2@group-F35FB90D7AD1-LeaderElection5] INFO  grpc.GrpcConfigKeys (ConfUtils.java:logGet(46)) - raft.grpc.server.heartbeat.channel = true (default)
2023-11-28 06:43:27,407 [s2@group-F35FB90D7AD1-LeaderElection5] INFO  server.RaftServerConfigKeys (ConfUtils.java:logGet(46)) - raft.server.log.appender.snapshot.chunk.size.max = 16MB (=16777216) (default)
2023-11-28 06:43:27,407 [s2@group-F35FB90D7AD1-LeaderElection5] INFO  server.RaftServerConfigKeys (ConfUtils.java:logGet(46)) - raft.server.log.appender.buffer.byte-limit = 4MB (=4194304) (default)
2023-11-28 06:43:27,407 [s2@group-F35FB90D7AD1-LeaderElection5] INFO  server.RaftServerConfigKeys (ConfUtils.java:logGet(46)) - raft.server.log.appender.buffer.element-limit = 0 (default)
2023-11-28 06:43:27,407 [s2@group-F35FB90D7AD1-LeaderElection5] INFO  server.RaftServerConfigKeys (ConfUtils.java:logGet(46)) - raft.server.log.appender.wait-time.min = 1ms (default)
2023-11-28 06:43:27,407 [s2@group-F35FB90D7AD1-LeaderElection5] INFO  grpc.GrpcConfigKeys (ConfUtils.java:logGet(46)) - raft.grpc.server.leader.outstanding.appends.max = 8 (default)
2023-11-28 06:43:27,407 [s2@group-F35FB90D7AD1-LeaderElection5] INFO  server.RaftServerConfigKeys (ConfUtils.java:logGet(46)) - raft.server.rpc.request.timeout = 3000ms (default)
2023-11-28 06:43:27,407 [s2@group-F35FB90D7AD1-LeaderElection5] INFO  grpc.GrpcConfigKeys (ConfUtils.java:logGet(46)) - raft.grpc.server.install_snapshot.request.element-limit = 8 (default)
2023-11-28 06:43:27,407 [s2@group-F35FB90D7AD1-LeaderElection5] INFO  grpc.GrpcConfigKeys (ConfUtils.java:logGet(46)) - raft.grpc.server.install_snapshot.request.timeout = 3000ms (default)
2023-11-28 06:43:27,407 [s2@group-F35FB90D7AD1-LeaderElection5] INFO  server.RaftServerConfigKeys (ConfUtils.java:logGet(46)) - raft.server.log.appender.install.snapshot.enabled = true (default)
2023-11-28 06:43:27,407 [s2@group-F35FB90D7AD1-LeaderElection5] INFO  grpc.GrpcConfigKeys (ConfUtils.java:logGet(46)) - raft.grpc.server.heartbeat.channel = true (default)
2023-11-28 06:43:27,407 [s2@group-F35FB90D7AD1-LeaderElection5] INFO  impl.RoleInfo (RoleInfo.java:updateAndGet(139)) - s2: start s2@group-F35FB90D7AD1-LeaderStateImpl
2023-11-28 06:43:27,407 [s2@group-F35FB90D7AD1-LeaderElection5] INFO  server.RaftServer$Division (RaftServerImpl.java:setFirstElection(564)) - s2@group-F35FB90D7AD1: set firstElectionSinceStartup to false for becomeLeader
2023-11-28 06:43:27,407 [s2@group-F35FB90D7AD1-LeaderElection5] INFO  server.RaftServer$Division (ServerState.java:setLeader(265)) - s2@group-F35FB90D7AD1: change Leader from null to s2 at term 1 for becomeLeader, leader elected after 264ms
2023-11-28 06:43:27,407 [s2@group-F35FB90D7AD1-LeaderElection5] INFO  segmented.SegmentedRaftLogWorker (SegmentedRaftLogWorker.java:startLogSegment(430)) - s2@group-F35FB90D7AD1-SegmentedRaftLogWorker: Starting segment from index:0
2023-11-28 06:43:27,408 [s2@group-F35FB90D7AD1-SegmentedRaftLogWorker] INFO  segmented.BufferedWriteChannel (BufferedWriteChannel.java:open(62)) - open log_inprogress_0 at position 0
2023-11-28 06:43:27,408 [s2@group-F35FB90D7AD1-LeaderElection5] INFO  server.RaftServer$Division (ServerState.java:setRaftConf(382)) - s2@group-F35FB90D7AD1: set configuration 0: peers:[s0|localhost:35525, s1|localhost:34887, s2|localhost:39393]|listeners:[], old=null
2023-11-28 06:43:27,415 [s2@group-F35FB90D7AD1-SegmentedRaftLogWorker] INFO  segmented.SegmentedRaftLogWorker (SegmentedRaftLogWorker.java:execute(634)) - s2@group-F35FB90D7AD1-SegmentedRaftLogWorker: created new log segment /home/runner/work/ratis/ratis/ratis-test/target/test/data/cc86e3b/MiniRaftClusterWithGrpcdd0d2b4/s2/a2649fa6-a12b-4dc4-a464-f35fb90d7ad1/current/log_inprogress_0
2023-11-28 06:43:27,417 [s1-server-thread1] INFO  server.RaftServer$Division (ServerState.java:setLeader(265)) - s1@group-F35FB90D7AD1: change Leader from null to s2 at term 1 for appendEntries, leader elected after 277ms
2023-11-28 06:43:27,420 [s0-server-thread1] INFO  server.RaftServer$Division (ServerState.java:setLeader(265)) - s0@group-F35FB90D7AD1: change Leader from null to s2 at term 1 for appendEntries, leader elected after 285ms
2023-11-28 06:43:27,423 [s1-server-thread2] DEBUG server.RaftServer$Division (RaftServerImpl.java:logAppendEntries(1504)) - s1@group-F35FB90D7AD1: receive appendEntries(s2, 1, null, -1, true, commits:[s2:c-1, s0:c-1, s1:c-1], cId:1, entries: [(t:1, i:0), CONFIGURATIONENTRY(current:id: "s0"
address: "localhost:35525"
dataStreamAddress: "localhost:43589"
clientAddress: "localhost:40577"
adminAddress: "localhost:39993"
startupRole: FOLLOWER
,id: "s1"
address: "localhost:34887"
dataStreamAddress: "localhost:33439"
clientAddress: "localhost:38435"
adminAddress: "localhost:44565"
startupRole: FOLLOWER
,id: "s2"
address: "localhost:39393"
dataStreamAddress: "localhost:35669"
clientAddress: "localhost:35163"
adminAddress: "localhost:40835"
startupRole: FOLLOWER
, old:)]
2023-11-28 06:43:27,423 [s0-server-thread2] DEBUG server.RaftServer$Division (RaftServerImpl.java:logAppendEntries(1504)) - s0@group-F35FB90D7AD1: receive appendEntries(s2, 1, null, -1, true, commits:[s2:c-1, s0:c-1, s1:c-1], cId:1, entries: [(t:1, i:0), CONFIGURATIONENTRY(current:id: "s0"
address: "localhost:35525"
dataStreamAddress: "localhost:43589"
clientAddress: "localhost:40577"
adminAddress: "localhost:39993"
startupRole: FOLLOWER
,id: "s1"
address: "localhost:34887"
dataStreamAddress: "localhost:33439"
clientAddress: "localhost:38435"
adminAddress: "localhost:44565"
startupRole: FOLLOWER
,id: "s2"
address: "localhost:39393"
dataStreamAddress: "localhost:35669"
clientAddress: "localhost:35163"
adminAddress: "localhost:40835"
startupRole: FOLLOWER
, old:)]
2023-11-28 06:43:27,423 [s1-server-thread2] INFO  server.RaftServer$Division (ServerState.java:setRaftConf(382)) - s1@group-F35FB90D7AD1: set configuration 0: peers:[s0|localhost:35525, s1|localhost:34887, s2|localhost:39393]|listeners:[], old=null
2023-11-28 06:43:27,423 [s1-server-thread2] INFO  segmented.SegmentedRaftLogWorker (SegmentedRaftLogWorker.java:startLogSegment(430)) - s1@group-F35FB90D7AD1-SegmentedRaftLogWorker: Starting segment from index:0
2023-11-28 06:43:27,423 [s0-server-thread2] INFO  server.RaftServer$Division (ServerState.java:setRaftConf(382)) - s0@group-F35FB90D7AD1: set configuration 0: peers:[s0|localhost:35525, s1|localhost:34887, s2|localhost:39393]|listeners:[], old=null
2023-11-28 06:43:27,424 [s1@group-F35FB90D7AD1-SegmentedRaftLogWorker] INFO  segmented.BufferedWriteChannel (BufferedWriteChannel.java:open(62)) - open log_inprogress_0 at position 0
2023-11-28 06:43:27,424 [s0-server-thread2] INFO  segmented.SegmentedRaftLogWorker (SegmentedRaftLogWorker.java:startLogSegment(430)) - s0@group-F35FB90D7AD1-SegmentedRaftLogWorker: Starting segment from index:0
2023-11-28 06:43:27,424 [s0@group-F35FB90D7AD1-SegmentedRaftLogWorker] INFO  segmented.BufferedWriteChannel (BufferedWriteChannel.java:open(62)) - open log_inprogress_0 at position 0
2023-11-28 06:43:27,434 [s1@group-F35FB90D7AD1-SegmentedRaftLogWorker] INFO  segmented.SegmentedRaftLogWorker (SegmentedRaftLogWorker.java:execute(634)) - s1@group-F35FB90D7AD1-SegmentedRaftLogWorker: created new log segment /home/runner/work/ratis/ratis/ratis-test/target/test/data/cc86e3b/MiniRaftClusterWithGrpcdd0d2b4/s1/a2649fa6-a12b-4dc4-a464-f35fb90d7ad1/current/log_inprogress_0
2023-11-28 06:43:27,435 [s0@group-F35FB90D7AD1-SegmentedRaftLogWorker] INFO  segmented.SegmentedRaftLogWorker (SegmentedRaftLogWorker.java:execute(634)) - s0@group-F35FB90D7AD1-SegmentedRaftLogWorker: created new log segment /home/runner/work/ratis/ratis/ratis-test/target/test/data/cc86e3b/MiniRaftClusterWithGrpcdd0d2b4/s0/a2649fa6-a12b-4dc4-a464-f35fb90d7ad1/current/log_inprogress_0
2023-11-28 06:43:27,435 [s1-server-thread2] DEBUG server.RaftServer$Division (RaftServerImpl.java:logAppendEntries(1504)) - s1@group-F35FB90D7AD1: succeeded to handle AppendEntries. Reply: s2<-s1#1:OK-t1,SUCCESS,nextIndex=1,followerCommit=-1,matchIndex=0
2023-11-28 06:43:27,435 [s0-server-thread2] DEBUG server.RaftServer$Division (RaftServerImpl.java:logAppendEntries(1504)) - s0@group-F35FB90D7AD1: succeeded to handle AppendEntries. Reply: s2<-s0#1:OK-t1,SUCCESS,nextIndex=1,followerCommit=-1,matchIndex=0
2023-11-28 06:43:27,436 [s2@group-F35FB90D7AD1-StateMachineUpdater] TRACE util.FileUtils (LogUtils.java:supplyAndLog(69)) - Successfully supplied FileChannel.open /home/runner/work/ratis/ratis/ratis-test/target/test/data/cc86e3b/MiniRaftClusterWithGrpcdd0d2b4/s2/a2649fa6-a12b-4dc4-a464-f35fb90d7ad1/current/raft-meta.conf.tmp with options [CREATE, WRITE]: sun.nio.ch.FileChannelImpl@6af4cf90
2023-11-28 06:43:27,438 [s2@group-F35FB90D7AD1-StateMachineUpdater] TRACE util.FileUtils (LogUtils.java:runAndLog(49)) - Successfully ran Atomic Files.move /home/runner/work/ratis/ratis/ratis-test/target/test/data/cc86e3b/MiniRaftClusterWithGrpcdd0d2b4/s2/a2649fa6-a12b-4dc4-a464-f35fb90d7ad1/current/raft-meta.conf.tmp to /home/runner/work/ratis/ratis/ratis-test/target/test/data/cc86e3b/MiniRaftClusterWithGrpcdd0d2b4/s2/a2649fa6-a12b-4dc4-a464-f35fb90d7ad1/current/raft-meta.conf with options [REPLACE_EXISTING]
2023-11-28 06:43:27,438 [s2@group-F35FB90D7AD1-StateMachineUpdater] INFO  server.RaftServer$Division (LeaderStateImpl.java:isApplied(316)) - leader is ready since appliedIndex == 0 >= startIndex == 0
2023-11-28 06:43:27,505 [grpc-default-executor-2] ERROR impl.OrderedAsync (OrderedAsync.java:lambda$sendRequest$9(247)) - client-23DA7E6A7FE2: Failed* RaftClientRequest:client-23DA7E6A7FE2->s1@group-9F468C9C58F9, cid=6, seq=1*, Watch(0), null
java.util.concurrent.CompletionException: java.io.IOException: org.apache.ratis.thirdparty.io.grpc.StatusRuntimeException: UNAVAILABLE: io exception
	at java.base/java.util.concurrent.CompletableFuture.encodeThrowable(CompletableFuture.java:331)
	at java.base/java.util.concurrent.CompletableFuture.completeThrowable(CompletableFuture.java:346)
	at java.base/java.util.concurrent.CompletableFuture$UniApply.tryFire(CompletableFuture.java:632)
	at java.base/java.util.concurrent.CompletableFuture.postComplete(CompletableFuture.java:506)
	at java.base/java.util.concurrent.CompletableFuture.completeExceptionally(CompletableFuture.java:2094)
	at org.apache.ratis.grpc.client.GrpcClientProtocolClient$AsyncStreamObservers.completeReplyExceptionally(GrpcClientProtocolClient.java:394)
	at org.apache.ratis.grpc.client.GrpcClientProtocolClient$AsyncStreamObservers.access$000(GrpcClientProtocolClient.java:300)
	at org.apache.ratis.grpc.client.GrpcClientProtocolClient$AsyncStreamObservers$1.onError(GrpcClientProtocolClient.java:331)
	at org.apache.ratis.thirdparty.io.grpc.stub.ClientCalls$StreamObserverToCallListenerAdapter.onClose(ClientCalls.java:481)
	at org.apache.ratis.thirdparty.io.grpc.PartialForwardingClientCallListener.onClose(PartialForwardingClientCallListener.java:39)
	at org.apache.ratis.thirdparty.io.grpc.ForwardingClientCallListener.onClose(ForwardingClientCallListener.java:23)
	at org.apache.ratis.grpc.metrics.intercept.client.MetricClientCallListener.onClose(MetricClientCallListener.java:47)
	at org.apache.ratis.thirdparty.io.grpc.internal.DelayedClientCall$DelayedListener$3.run(DelayedClientCall.java:489)
	at org.apache.ratis.thirdparty.io.grpc.internal.DelayedClientCall$DelayedListener.delayOrExecute(DelayedClientCall.java:453)
	at org.apache.ratis.thirdparty.io.grpc.internal.DelayedClientCall$DelayedListener.onClose(DelayedClientCall.java:486)
	at org.apache.ratis.thirdparty.io.grpc.internal.ClientCallImpl.closeObserver(ClientCallImpl.java:567)
	at org.apache.ratis.thirdparty.io.grpc.internal.ClientCallImpl.access$300(ClientCallImpl.java:71)
	at org.apache.ratis.thirdparty.io.grpc.internal.ClientCallImpl$ClientStreamListenerImpl$1StreamClosed.runInternal(ClientCallImpl.java:735)
	at org.apache.ratis.thirdparty.io.grpc.internal.ClientCallImpl$ClientStreamListenerImpl$1StreamClosed.runInContext(ClientCallImpl.java:716)
	at org.apache.ratis.thirdparty.io.grpc.internal.ContextRunnable.run(ContextRunnable.java:37)
	at org.apache.ratis.thirdparty.io.grpc.internal.SerializingExecutor.run(SerializingExecutor.java:133)
	at java.base/java.util.concurrent.ThreadPoolExecutor.runWorker(ThreadPoolExecutor.java:1128)
	at java.base/java.util.concurrent.ThreadPoolExecutor$Worker.run(ThreadPoolExecutor.java:628)
	at java.base/java.lang.Thread.run(Thread.java:829)
Caused by: java.io.IOException: org.apache.ratis.thirdparty.io.grpc.StatusRuntimeException: UNAVAILABLE: io exception
	at org.apache.ratis.grpc.GrpcUtil.unwrapException(GrpcUtil.java:99)
	at org.apache.ratis.grpc.GrpcUtil.unwrapIOException(GrpcUtil.java:159)
	at org.apache.ratis.grpc.client.GrpcClientProtocolClient$AsyncStreamObservers$1.onError(GrpcClientProtocolClient.java:330)
	... 16 more
Caused by: org.apache.ratis.thirdparty.io.grpc.StatusRuntimeException: UNAVAILABLE: io exception
	at org.apache.ratis.thirdparty.io.grpc.Status.asRuntimeException(Status.java:537)
	... 16 more
Caused by: org.apache.ratis.thirdparty.io.netty.channel.AbstractChannel$AnnotatedConnectException: finishConnect(..) failed: Connection refused: localhost/127.0.0.1:37939
Caused by: java.net.ConnectException: finishConnect(..) failed: Connection refused
	at org.apache.ratis.thirdparty.io.netty.channel.unix.Errors.newConnectException0(Errors.java:166)
	at org.apache.ratis.thirdparty.io.netty.channel.unix.Errors.handleConnectErrno(Errors.java:131)
	at org.apache.ratis.thirdparty.io.netty.channel.unix.Socket.finishConnect(Socket.java:359)
	at org.apache.ratis.thirdparty.io.netty.channel.epoll.AbstractEpollChannel$AbstractEpollUnsafe.doFinishConnect(AbstractEpollChannel.java:710)
	at org.apache.ratis.thirdparty.io.netty.channel.epoll.AbstractEpollChannel$AbstractEpollUnsafe.finishConnect(AbstractEpollChannel.java:687)
	at org.apache.ratis.thirdparty.io.netty.channel.epoll.AbstractEpollChannel$AbstractEpollUnsafe.epollOutReady(AbstractEpollChannel.java:567)
	at org.apache.ratis.thirdparty.io.netty.channel.epoll.EpollEventLoop.processReady(EpollEventLoop.java:499)
	at org.apache.ratis.thirdparty.io.netty.channel.epoll.EpollEventLoop.run(EpollEventLoop.java:407)
	at org.apache.ratis.thirdparty.io.netty.util.concurrent.SingleThreadEventExecutor$4.run(SingleThreadEventExecutor.java:997)
	at org.apache.ratis.thirdparty.io.netty.util.internal.ThreadExecutorMap$2.run(ThreadExecutorMap.java:74)
	at org.apache.ratis.thirdparty.io.netty.util.concurrent.FastThreadLocalRunnable.run(FastThreadLocalRunnable.java:30)
	at java.base/java.lang.Thread.run(Thread.java:829)
2023-11-28 06:43:27,514 [s1@group-F35FB90D7AD1-StateMachineUpdater] TRACE util.FileUtils (LogUtils.java:supplyAndLog(69)) - Successfully supplied FileChannel.open /home/runner/work/ratis/ratis/ratis-test/target/test/data/cc86e3b/MiniRaftClusterWithGrpcdd0d2b4/s1/a2649fa6-a12b-4dc4-a464-f35fb90d7ad1/current/raft-meta.conf.tmp with options [CREATE, WRITE]: sun.nio.ch.FileChannelImpl@251a995d
2023-11-28 06:43:27,515 [s0@group-F35FB90D7AD1-StateMachineUpdater] TRACE util.FileUtils (LogUtils.java:supplyAndLog(69)) - Successfully supplied FileChannel.open /home/runner/work/ratis/ratis/ratis-test/target/test/data/cc86e3b/MiniRaftClusterWithGrpcdd0d2b4/s0/a2649fa6-a12b-4dc4-a464-f35fb90d7ad1/current/raft-meta.conf.tmp with options [CREATE, WRITE]: sun.nio.ch.FileChannelImpl@e6e70d9
2023-11-28 06:43:27,515 [s1@group-F35FB90D7AD1-StateMachineUpdater] TRACE util.FileUtils (LogUtils.java:runAndLog(49)) - Successfully ran Atomic Files.move /home/runner/work/ratis/ratis/ratis-test/target/test/data/cc86e3b/MiniRaftClusterWithGrpcdd0d2b4/s1/a2649fa6-a12b-4dc4-a464-f35fb90d7ad1/current/raft-meta.conf.tmp to /home/runner/work/ratis/ratis/ratis-test/target/test/data/cc86e3b/MiniRaftClusterWithGrpcdd0d2b4/s1/a2649fa6-a12b-4dc4-a464-f35fb90d7ad1/current/raft-meta.conf with options [REPLACE_EXISTING]
2023-11-28 06:43:27,516 [s0@group-F35FB90D7AD1-StateMachineUpdater] TRACE util.FileUtils (LogUtils.java:runAndLog(49)) - Successfully ran Atomic Files.move /home/runner/work/ratis/ratis/ratis-test/target/test/data/cc86e3b/MiniRaftClusterWithGrpcdd0d2b4/s0/a2649fa6-a12b-4dc4-a464-f35fb90d7ad1/current/raft-meta.conf.tmp to /home/runner/work/ratis/ratis/ratis-test/target/test/data/cc86e3b/MiniRaftClusterWithGrpcdd0d2b4/s0/a2649fa6-a12b-4dc4-a464-f35fb90d7ad1/current/raft-meta.conf with options [REPLACE_EXISTING]
2023-11-28 06:43:27,609 [grpc-default-executor-3] ERROR impl.OrderedAsync (OrderedAsync.java:lambda$sendRequest$9(247)) - client-23DA7E6A7FE2: Failed* RaftClientRequest:client-23DA7E6A7FE2->s0@group-9F468C9C58F9, cid=6, seq=1*, Watch(0), null
java.util.concurrent.CompletionException: java.io.IOException: org.apache.ratis.thirdparty.io.grpc.StatusRuntimeException: UNAVAILABLE: io exception
	at java.base/java.util.concurrent.CompletableFuture.encodeThrowable(CompletableFuture.java:331)
	at java.base/java.util.concurrent.CompletableFuture.completeThrowable(CompletableFuture.java:346)
	at java.base/java.util.concurrent.CompletableFuture$UniApply.tryFire(CompletableFuture.java:632)
	at java.base/java.util.concurrent.CompletableFuture.postComplete(CompletableFuture.java:506)
	at java.base/java.util.concurrent.CompletableFuture.completeExceptionally(CompletableFuture.java:2094)
	at org.apache.ratis.grpc.client.GrpcClientProtocolClient$AsyncStreamObservers.completeReplyExceptionally(GrpcClientProtocolClient.java:394)
	at org.apache.ratis.grpc.client.GrpcClientProtocolClient$AsyncStreamObservers.access$000(GrpcClientProtocolClient.java:300)
	at org.apache.ratis.grpc.client.GrpcClientProtocolClient$AsyncStreamObservers$1.onError(GrpcClientProtocolClient.java:331)
	at org.apache.ratis.thirdparty.io.grpc.stub.ClientCalls$StreamObserverToCallListenerAdapter.onClose(ClientCalls.java:481)
	at org.apache.ratis.thirdparty.io.grpc.PartialForwardingClientCallListener.onClose(PartialForwardingClientCallListener.java:39)
	at org.apache.ratis.thirdparty.io.grpc.ForwardingClientCallListener.onClose(ForwardingClientCallListener.java:23)
	at org.apache.ratis.grpc.metrics.intercept.client.MetricClientCallListener.onClose(MetricClientCallListener.java:47)
	at org.apache.ratis.thirdparty.io.grpc.internal.DelayedClientCall$DelayedListener$3.run(DelayedClientCall.java:489)
	at org.apache.ratis.thirdparty.io.grpc.internal.DelayedClientCall$DelayedListener.delayOrExecute(DelayedClientCall.java:453)
	at org.apache.ratis.thirdparty.io.grpc.internal.DelayedClientCall$DelayedListener.onClose(DelayedClientCall.java:486)
	at org.apache.ratis.thirdparty.io.grpc.internal.ClientCallImpl.closeObserver(ClientCallImpl.java:567)
	at org.apache.ratis.thirdparty.io.grpc.internal.ClientCallImpl.access$300(ClientCallImpl.java:71)
	at org.apache.ratis.thirdparty.io.grpc.internal.ClientCallImpl$ClientStreamListenerImpl$1StreamClosed.runInternal(ClientCallImpl.java:735)
	at org.apache.ratis.thirdparty.io.grpc.internal.ClientCallImpl$ClientStreamListenerImpl$1StreamClosed.runInContext(ClientCallImpl.java:716)
	at org.apache.ratis.thirdparty.io.grpc.internal.ContextRunnable.run(ContextRunnable.java:37)
	at org.apache.ratis.thirdparty.io.grpc.internal.SerializingExecutor.run(SerializingExecutor.java:133)
	at java.base/java.util.concurrent.ThreadPoolExecutor.runWorker(ThreadPoolExecutor.java:1128)
	at java.base/java.util.concurrent.ThreadPoolExecutor$Worker.run(ThreadPoolExecutor.java:628)
	at java.base/java.lang.Thread.run(Thread.java:829)
Caused by: java.io.IOException: org.apache.ratis.thirdparty.io.grpc.StatusRuntimeException: UNAVAILABLE: io exception
	at org.apache.ratis.grpc.GrpcUtil.unwrapException(GrpcUtil.java:99)
	at org.apache.ratis.grpc.GrpcUtil.unwrapIOException(GrpcUtil.java:159)
	at org.apache.ratis.grpc.client.GrpcClientProtocolClient$AsyncStreamObservers$1.onError(GrpcClientProtocolClient.java:330)
	... 16 more
Caused by: org.apache.ratis.thirdparty.io.grpc.StatusRuntimeException: UNAVAILABLE: io exception
	at org.apache.ratis.thirdparty.io.grpc.Status.asRuntimeException(Status.java:537)
	... 16 more
Caused by: org.apache.ratis.thirdparty.io.netty.channel.AbstractChannel$AnnotatedConnectException: finishConnect(..) failed: Connection refused: localhost/127.0.0.1:43007
Caused by: java.net.ConnectException: finishConnect(..) failed: Connection refused
	at org.apache.ratis.thirdparty.io.netty.channel.unix.Errors.newConnectException0(Errors.java:166)
	at org.apache.ratis.thirdparty.io.netty.channel.unix.Errors.handleConnectErrno(Errors.java:131)
	at org.apache.ratis.thirdparty.io.netty.channel.unix.Socket.finishConnect(Socket.java:359)
	at org.apache.ratis.thirdparty.io.netty.channel.epoll.AbstractEpollChannel$AbstractEpollUnsafe.doFinishConnect(AbstractEpollChannel.java:710)
	at org.apache.ratis.thirdparty.io.netty.channel.epoll.AbstractEpollChannel$AbstractEpollUnsafe.finishConnect(AbstractEpollChannel.java:687)
	at org.apache.ratis.thirdparty.io.netty.channel.epoll.AbstractEpollChannel$AbstractEpollUnsafe.epollOutReady(AbstractEpollChannel.java:567)
	at org.apache.ratis.thirdparty.io.netty.channel.epoll.EpollEventLoop.processReady(EpollEventLoop.java:499)
	at org.apache.ratis.thirdparty.io.netty.channel.epoll.EpollEventLoop.run(EpollEventLoop.java:407)
	at org.apache.ratis.thirdparty.io.netty.util.concurrent.SingleThreadEventExecutor$4.run(SingleThreadEventExecutor.java:997)
	at org.apache.ratis.thirdparty.io.netty.util.internal.ThreadExecutorMap$2.run(ThreadExecutorMap.java:74)
	at org.apache.ratis.thirdparty.io.netty.util.concurrent.FastThreadLocalRunnable.run(FastThreadLocalRunnable.java:30)
	at java.base/java.lang.Thread.run(Thread.java:829)
2023-11-28 06:43:27,629 [Time-limited test] INFO  ratis.RaftTestUtil (RaftTestUtil.java:waitForLeader(119)) - printing ALL groups
  s0:  RUNNING  FOLLOWER s0@group-F35FB90D7AD1:t1, leader=s2, voted=s2, raftlog=Memoized:s0@group-F35FB90D7AD1-SegmentedRaftLog:OPENED:c0, conf=0: peers:[s0|localhost:35525, s1|localhost:34887, s2|localhost:39393]|listeners:[], old=null RUNNING
  s1:  RUNNING  FOLLOWER s1@group-F35FB90D7AD1:t1, leader=s2, voted=s2, raftlog=Memoized:s1@group-F35FB90D7AD1-SegmentedRaftLog:OPENED:c0, conf=0: peers:[s0|localhost:35525, s1|localhost:34887, s2|localhost:39393]|listeners:[], old=null RUNNING
  s2:  RUNNING    LEADER s2@group-F35FB90D7AD1:t1, leader=s2, voted=s2, raftlog=Memoized:s2@group-F35FB90D7AD1-SegmentedRaftLog:OPENED:c0, conf=0: peers:[s0|localhost:35525, s1|localhost:34887, s2|localhost:39393]|listeners:[], old=null RUNNING
2023-11-28 06:43:27,634 [s2-client-thread1] DEBUG server.RaftServer$Division (RaftServerImpl.java:submitClientRequestAsync(893)) - s2@group-F35FB90D7AD1: receive client request(RaftClientRequest:client-8DC7C8AD5170->s2@group-F35FB90D7AD1, cid=12, seq=null, RW, Message:6669727374206d736720...(size=30))
2023-11-28 06:43:27,635 [s2-client-thread1] DEBUG server.RaftServer$Division (LeaderStateImpl.java:addPendingRequest(517)) - s2@group-F35FB90D7AD1-LeaderStateImpl: addPendingRequest at RaftClientRequest:client-8DC7C8AD5170->s2@group-F35FB90D7AD1, cid=12, seq=null, RW, Message:6669727374206d736720...(size=30), entry=(t:1, i:1), STATEMACHINELOGENTRY, 12@client-8DC7C8AD5170
2023-11-28 06:43:27,636 [s1-server-thread2] DEBUG server.RaftServer$Division (RaftServerImpl.java:logAppendEntries(1504)) - s1@group-F35FB90D7AD1: receive appendEntries(s2, 1, (t:1, i:0), 0, true, commits:[s2:c0, s0:c0, s1:c0], cId:5, entries: [(t:1, i:1), STATEMACHINELOGENTRY, 12@client-8DC7C8AD5170]
2023-11-28 06:43:27,636 [s0-server-thread2] DEBUG server.RaftServer$Division (RaftServerImpl.java:logAppendEntries(1504)) - s0@group-F35FB90D7AD1: receive appendEntries(s2, 1, (t:1, i:0), 0, true, commits:[s2:c0, s0:c0, s1:c0], cId:6, entries: [(t:1, i:1), STATEMACHINELOGENTRY, 12@client-8DC7C8AD5170]
2023-11-28 06:43:27,637 [s1-server-thread2] DEBUG server.RaftServer$Division (RaftServerImpl.java:logAppendEntries(1504)) - s1@group-F35FB90D7AD1: succeeded to handle AppendEntries. Reply: s2<-s1#5:OK-t1,SUCCESS,nextIndex=2,followerCommit=0,matchIndex=1
2023-11-28 06:43:27,637 [s0-server-thread2] DEBUG server.RaftServer$Division (RaftServerImpl.java:logAppendEntries(1504)) - s0@group-F35FB90D7AD1: succeeded to handle AppendEntries. Reply: s2<-s0#6:OK-t1,SUCCESS,nextIndex=2,followerCommit=0,matchIndex=1
2023-11-28 06:43:27,638 [s2@group-F35FB90D7AD1-StateMachineUpdater] INFO  impl.SimpleStateMachine4Testing (SimpleStateMachine4Testing.java:applyTransaction(248)) - applyTransaction for log index 1
2023-11-28 06:43:27,638 [s2@group-F35FB90D7AD1-StateMachineUpdater] INFO  impl.SimpleStateMachine4Testing (SimpleStateMachine4Testing.java:put(205)) - s2: put 1, first msg ... -> (t:1, i:1), STATEMACHINELOGENTRY, 12@client-8DC7C8AD5170
2023-11-28 06:43:27,639 [s0-server-thread2] DEBUG server.RaftServer$Division (RaftServerImpl.java:logAppendEntries(1504)) - s0@group-F35FB90D7AD1: receive appendEntries(s2, 1, (t:1, i:1), 1, true, commits:[s2:c1, s0:c0, s1:c0], cId:7, entries: [(t:1, i:2), METADATAENTRY(c:1)]
2023-11-28 06:43:27,640 [s1-server-thread2] DEBUG server.RaftServer$Division (RaftServerImpl.java:logAppendEntries(1504)) - s1@group-F35FB90D7AD1: receive appendEntries(s2, 1, (t:1, i:1), 1, true, commits:[s2:c1, s0:c0, s1:c0], cId:6, entries: [(t:1, i:2), METADATAENTRY(c:1)]
2023-11-28 06:43:27,641 [s0-server-thread2] DEBUG server.RaftServer$Division (RaftServerImpl.java:logAppendEntries(1504)) - s0@group-F35FB90D7AD1: succeeded to handle AppendEntries. Reply: s2<-s0#7:OK-t1,SUCCESS,nextIndex=3,followerCommit=1,matchIndex=2
2023-11-28 06:43:27,641 [s0@group-F35FB90D7AD1-StateMachineUpdater] INFO  impl.SimpleStateMachine4Testing (SimpleStateMachine4Testing.java:applyTransaction(248)) - applyTransaction for log index 1
2023-11-28 06:43:27,641 [s0@group-F35FB90D7AD1-StateMachineUpdater] INFO  impl.SimpleStateMachine4Testing (SimpleStateMachine4Testing.java:put(205)) - s0: put 1, first msg ... -> (t:1, i:1), STATEMACHINELOGENTRY, 12@client-8DC7C8AD5170
2023-11-28 06:43:27,641 [s1-server-thread2] DEBUG server.RaftServer$Division (RaftServerImpl.java:logAppendEntries(1504)) - s1@group-F35FB90D7AD1: succeeded to handle AppendEntries. Reply: s2<-s1#6:OK-t1,SUCCESS,nextIndex=3,followerCommit=1,matchIndex=2
2023-11-28 06:43:27,641 [s1@group-F35FB90D7AD1-StateMachineUpdater] INFO  impl.SimpleStateMachine4Testing (SimpleStateMachine4Testing.java:applyTransaction(248)) - applyTransaction for log index 1
2023-11-28 06:43:27,641 [s1@group-F35FB90D7AD1-StateMachineUpdater] INFO  impl.SimpleStateMachine4Testing (SimpleStateMachine4Testing.java:put(205)) - s1: put 1, first msg ... -> (t:1, i:1), STATEMACHINELOGENTRY, 12@client-8DC7C8AD5170
2023-11-28 06:43:27,650 [s2-client-thread1] DEBUG server.RaftServer$Division (RaftServerImpl.java:submitClientRequestAsync(893)) - s2@group-F35FB90D7AD1: receive client request(RaftClientRequest:client-71CDE24AB066->s2@group-F35FB90D7AD1, cid=999, seq=null, RW, Message:6d657373616765)
2023-11-28 06:43:27,651 [s2-client-thread1] DEBUG server.RaftServer$Division (LeaderStateImpl.java:addPendingRequest(517)) - s2@group-F35FB90D7AD1-LeaderStateImpl: addPendingRequest at RaftClientRequest:client-71CDE24AB066->s2@group-F35FB90D7AD1, cid=999, seq=null, RW, Message:6d657373616765, entry=(t:1, i:3), STATEMACHINELOGENTRY, 999@client-71CDE24AB066
2023-11-28 06:43:27,652 [s0-server-thread2] DEBUG server.RaftServer$Division (RaftServerImpl.java:logAppendEntries(1504)) - s0@group-F35FB90D7AD1: receive appendEntries(s2, 1, (t:1, i:2), 2, true, commits:[s2:c2, s0:c1, s1:c1], cId:11, entries: [(t:1, i:3), STATEMACHINELOGENTRY, 999@client-71CDE24AB066]
2023-11-28 06:43:27,652 [s1-server-thread2] DEBUG server.RaftServer$Division (RaftServerImpl.java:logAppendEntries(1504)) - s1@group-F35FB90D7AD1: receive appendEntries(s2, 1, (t:1, i:2), 2, true, commits:[s2:c2, s0:c1, s1:c1], cId:9, entries: [(t:1, i:3), STATEMACHINELOGENTRY, 999@client-71CDE24AB066]
2023-11-28 06:43:27,652 [s0-server-thread2] DEBUG server.RaftServer$Division (RaftServerImpl.java:logAppendEntries(1504)) - s0@group-F35FB90D7AD1: succeeded to handle AppendEntries. Reply: s2<-s0#11:OK-t1,SUCCESS,nextIndex=4,followerCommit=2,matchIndex=3
2023-11-28 06:43:27,653 [s1-server-thread2] DEBUG server.RaftServer$Division (RaftServerImpl.java:logAppendEntries(1504)) - s1@group-F35FB90D7AD1: succeeded to handle AppendEntries. Reply: s2<-s1#9:OK-t1,SUCCESS,nextIndex=4,followerCommit=2,matchIndex=3
2023-11-28 06:43:27,653 [s2@group-F35FB90D7AD1-StateMachineUpdater] INFO  impl.SimpleStateMachine4Testing (SimpleStateMachine4Testing.java:applyTransaction(248)) - applyTransaction for log index 3
2023-11-28 06:43:27,653 [s2@group-F35FB90D7AD1-StateMachineUpdater] INFO  impl.SimpleStateMachine4Testing (SimpleStateMachine4Testing.java:put(205)) - s2: put 3, message -> (t:1, i:3), STATEMACHINELOGENTRY, 999@client-71CDE24AB066
2023-11-28 06:43:27,655 [s1-server-thread2] DEBUG server.RaftServer$Division (RaftServerImpl.java:logAppendEntries(1504)) - s1@group-F35FB90D7AD1: receive appendEntries(s2, 1, (t:1, i:3), 3, true, commits:[s2:c3, s0:c2, s1:c1], cId:11, entries: [(t:1, i:4), METADATAENTRY(c:3)]
2023-11-28 06:43:27,655 [s0-server-thread2] DEBUG server.RaftServer$Division (RaftServerImpl.java:logAppendEntries(1504)) - s0@group-F35FB90D7AD1: receive appendEntries(s2, 1, (t:1, i:3), 3, true, commits:[s2:c3, s0:c2, s1:c2], cId:12, entries: [(t:1, i:4), METADATAENTRY(c:3)]
2023-11-28 06:43:27,655 [s1-server-thread2] DEBUG server.RaftServer$Division (RaftServerImpl.java:logAppendEntries(1504)) - s1@group-F35FB90D7AD1: succeeded to handle AppendEntries. Reply: s2<-s1#11:OK-t1,SUCCESS,nextIndex=5,followerCommit=3,matchIndex=4
2023-11-28 06:43:27,655 [s1@group-F35FB90D7AD1-StateMachineUpdater] INFO  impl.SimpleStateMachine4Testing (SimpleStateMachine4Testing.java:applyTransaction(248)) - applyTransaction for log index 3
2023-11-28 06:43:27,655 [s1@group-F35FB90D7AD1-StateMachineUpdater] INFO  impl.SimpleStateMachine4Testing (SimpleStateMachine4Testing.java:put(205)) - s1: put 3, message -> (t:1, i:3), STATEMACHINELOGENTRY, 999@client-71CDE24AB066
2023-11-28 06:43:27,656 [s0-server-thread2] DEBUG server.RaftServer$Division (RaftServerImpl.java:logAppendEntries(1504)) - s0@group-F35FB90D7AD1: succeeded to handle AppendEntries. Reply: s2<-s0#12:OK-t1,SUCCESS,nextIndex=5,followerCommit=3,matchIndex=4
2023-11-28 06:43:27,656 [s0@group-F35FB90D7AD1-StateMachineUpdater] INFO  impl.SimpleStateMachine4Testing (SimpleStateMachine4Testing.java:applyTransaction(248)) - applyTransaction for log index 3
2023-11-28 06:43:27,656 [s0@group-F35FB90D7AD1-StateMachineUpdater] INFO  impl.SimpleStateMachine4Testing (SimpleStateMachine4Testing.java:put(205)) - s0: put 3, message -> (t:1, i:3), STATEMACHINELOGENTRY, 999@client-71CDE24AB066
2023-11-28 06:43:27,657 [s2-client-thread1] DEBUG server.RaftServer$Division (RaftServerImpl.java:submitClientRequestAsync(893)) - s2@group-F35FB90D7AD1: receive client request(RaftClientRequest:client-71CDE24AB066->s2@group-F35FB90D7AD1, cid=999, seq=null, RW, Message:6d657373616765)
2023-11-28 06:43:27,660 [s2-client-thread1] DEBUG server.RaftServer$Division (RaftServerImpl.java:submitClientRequestAsync(893)) - s2@group-F35FB90D7AD1: receive client request(RaftClientRequest:client-71CDE24AB066->s2@group-F35FB90D7AD1, cid=999, seq=null, RW, Message:6d657373616765)
2023-11-28 06:43:27,662 [s2-client-thread1] DEBUG server.RaftServer$Division (RaftServerImpl.java:submitClientRequestAsync(893)) - s2@group-F35FB90D7AD1: receive client request(RaftClientRequest:client-71CDE24AB066->s2@group-F35FB90D7AD1, cid=999, seq=null, RW, Message:6d657373616765)
2023-11-28 06:43:27,664 [s2-client-thread1] DEBUG server.RaftServer$Division (RaftServerImpl.java:submitClientRequestAsync(893)) - s2@group-F35FB90D7AD1: receive client request(RaftClientRequest:client-71CDE24AB066->s2@group-F35FB90D7AD1, cid=999, seq=null, RW, Message:6d657373616765)
2023-11-28 06:43:27,666 [s2-client-thread1] DEBUG server.RaftServer$Division (RaftServerImpl.java:submitClientRequestAsync(893)) - s2@group-F35FB90D7AD1: receive client request(RaftClientRequest:client-71CDE24AB066->s2@group-F35FB90D7AD1, cid=999, seq=null, RW, Message:6d657373616765)
2023-11-28 06:43:27,669 [Time-limited test] INFO  grpc.TestRetryCacheWithGrpc (RetryCacheTests.java:assertServer(96)) - check server s0
2023-11-28 06:43:27,712 [grpc-default-executor-2] ERROR impl.OrderedAsync (OrderedAsync.java:lambda$sendRequest$9(247)) - client-23DA7E6A7FE2: Failed* RaftClientRequest:client-23DA7E6A7FE2->s2@group-9F468C9C58F9, cid=6, seq=1*, Watch(0), null
java.util.concurrent.CompletionException: java.io.IOException: org.apache.ratis.thirdparty.io.grpc.StatusRuntimeException: UNAVAILABLE: io exception
	at java.base/java.util.concurrent.CompletableFuture.encodeThrowable(CompletableFuture.java:331)
	at java.base/java.util.concurrent.CompletableFuture.completeThrowable(CompletableFuture.java:346)
	at java.base/java.util.concurrent.CompletableFuture$UniApply.tryFire(CompletableFuture.java:632)
	at java.base/java.util.concurrent.CompletableFuture.postComplete(CompletableFuture.java:506)
	at java.base/java.util.concurrent.CompletableFuture.completeExceptionally(CompletableFuture.java:2094)
	at org.apache.ratis.grpc.client.GrpcClientProtocolClient$AsyncStreamObservers.completeReplyExceptionally(GrpcClientProtocolClient.java:394)
	at org.apache.ratis.grpc.client.GrpcClientProtocolClient$AsyncStreamObservers.access$000(GrpcClientProtocolClient.java:300)
	at org.apache.ratis.grpc.client.GrpcClientProtocolClient$AsyncStreamObservers$1.onError(GrpcClientProtocolClient.java:331)
	at org.apache.ratis.thirdparty.io.grpc.stub.ClientCalls$StreamObserverToCallListenerAdapter.onClose(ClientCalls.java:481)
	at org.apache.ratis.thirdparty.io.grpc.PartialForwardingClientCallListener.onClose(PartialForwardingClientCallListener.java:39)
	at org.apache.ratis.thirdparty.io.grpc.ForwardingClientCallListener.onClose(ForwardingClientCallListener.java:23)
	at org.apache.ratis.grpc.metrics.intercept.client.MetricClientCallListener.onClose(MetricClientCallListener.java:47)
	at org.apache.ratis.thirdparty.io.grpc.internal.DelayedClientCall$DelayedListener$3.run(DelayedClientCall.java:489)
	at org.apache.ratis.thirdparty.io.grpc.internal.DelayedClientCall$DelayedListener.delayOrExecute(DelayedClientCall.java:453)
	at org.apache.ratis.thirdparty.io.grpc.internal.DelayedClientCall$DelayedListener.onClose(DelayedClientCall.java:486)
	at org.apache.ratis.thirdparty.io.grpc.internal.ClientCallImpl.closeObserver(ClientCallImpl.java:567)
	at org.apache.ratis.thirdparty.io.grpc.internal.ClientCallImpl.access$300(ClientCallImpl.java:71)
	at org.apache.ratis.thirdparty.io.grpc.internal.ClientCallImpl$ClientStreamListenerImpl$1StreamClosed.runInternal(ClientCallImpl.java:735)
	at org.apache.ratis.thirdparty.io.grpc.internal.ClientCallImpl$ClientStreamListenerImpl$1StreamClosed.runInContext(ClientCallImpl.java:716)
	at org.apache.ratis.thirdparty.io.grpc.internal.ContextRunnable.run(ContextRunnable.java:37)
	at org.apache.ratis.thirdparty.io.grpc.internal.SerializingExecutor.run(SerializingExecutor.java:133)
	at java.base/java.util.concurrent.ThreadPoolExecutor.runWorker(ThreadPoolExecutor.java:1128)
	at java.base/java.util.concurrent.ThreadPoolExecutor$Worker.run(ThreadPoolExecutor.java:628)
	at java.base/java.lang.Thread.run(Thread.java:829)
Caused by: java.io.IOException: org.apache.ratis.thirdparty.io.grpc.StatusRuntimeException: UNAVAILABLE: io exception
	at org.apache.ratis.grpc.GrpcUtil.unwrapException(GrpcUtil.java:99)
	at org.apache.ratis.grpc.GrpcUtil.unwrapIOException(GrpcUtil.java:159)
	at org.apache.ratis.grpc.client.GrpcClientProtocolClient$AsyncStreamObservers$1.onError(GrpcClientProtocolClient.java:330)
	... 16 more
Caused by: org.apache.ratis.thirdparty.io.grpc.StatusRuntimeException: UNAVAILABLE: io exception
	at org.apache.ratis.thirdparty.io.grpc.Status.asRuntimeException(Status.java:537)
	... 16 more
Caused by: org.apache.ratis.thirdparty.io.netty.channel.AbstractChannel$AnnotatedConnectException: finishConnect(..) failed: Connection refused: localhost/127.0.0.1:37249
Caused by: java.net.ConnectException: finishConnect(..) failed: Connection refused
	at org.apache.ratis.thirdparty.io.netty.channel.unix.Errors.newConnectException0(Errors.java:166)
	at org.apache.ratis.thirdparty.io.netty.channel.unix.Errors.handleConnectErrno(Errors.java:131)
	at org.apache.ratis.thirdparty.io.netty.channel.unix.Socket.finishConnect(Socket.java:359)
	at org.apache.ratis.thirdparty.io.netty.channel.epoll.AbstractEpollChannel$AbstractEpollUnsafe.doFinishConnect(AbstractEpollChannel.java:710)
	at org.apache.ratis.thirdparty.io.netty.channel.epoll.AbstractEpollChannel$AbstractEpollUnsafe.finishConnect(AbstractEpollChannel.java:687)
	at org.apache.ratis.thirdparty.io.netty.channel.epoll.AbstractEpollChannel$AbstractEpollUnsafe.epollOutReady(AbstractEpollChannel.java:567)
	at org.apache.ratis.thirdparty.io.netty.channel.epoll.EpollEventLoop.processReady(EpollEventLoop.java:499)
	at org.apache.ratis.thirdparty.io.netty.channel.epoll.EpollEventLoop.run(EpollEventLoop.java:407)
	at org.apache.ratis.thirdparty.io.netty.util.concurrent.SingleThreadEventExecutor$4.run(SingleThreadEventExecutor.java:997)
	at org.apache.ratis.thirdparty.io.netty.util.internal.ThreadExecutorMap$2.run(ThreadExecutorMap.java:74)
	at org.apache.ratis.thirdparty.io.netty.util.concurrent.FastThreadLocalRunnable.run(FastThreadLocalRunnable.java:30)
	at java.base/java.lang.Thread.run(Thread.java:829)
2023-11-28 06:43:27,816 [grpc-default-executor-1] ERROR impl.OrderedAsync (OrderedAsync.java:lambda$sendRequest$9(247)) - client-23DA7E6A7FE2: Failed* RaftClientRequest:client-23DA7E6A7FE2->s1@group-9F468C9C58F9, cid=6, seq=1*, Watch(0), null
java.util.concurrent.CompletionException: java.io.IOException: org.apache.ratis.thirdparty.io.grpc.StatusRuntimeException: UNAVAILABLE: io exception
	at java.base/java.util.concurrent.CompletableFuture.encodeThrowable(CompletableFuture.java:331)
	at java.base/java.util.concurrent.CompletableFuture.completeThrowable(CompletableFuture.java:346)
	at java.base/java.util.concurrent.CompletableFuture$UniApply.tryFire(CompletableFuture.java:632)
	at java.base/java.util.concurrent.CompletableFuture.postComplete(CompletableFuture.java:506)
	at java.base/java.util.concurrent.CompletableFuture.completeExceptionally(CompletableFuture.java:2094)
	at org.apache.ratis.grpc.client.GrpcClientProtocolClient$AsyncStreamObservers.completeReplyExceptionally(GrpcClientProtocolClient.java:394)
	at org.apache.ratis.grpc.client.GrpcClientProtocolClient$AsyncStreamObservers.access$000(GrpcClientProtocolClient.java:300)
	at org.apache.ratis.grpc.client.GrpcClientProtocolClient$AsyncStreamObservers$1.onError(GrpcClientProtocolClient.java:331)
	at org.apache.ratis.thirdparty.io.grpc.stub.ClientCalls$StreamObserverToCallListenerAdapter.onClose(ClientCalls.java:481)
	at org.apache.ratis.thirdparty.io.grpc.PartialForwardingClientCallListener.onClose(PartialForwardingClientCallListener.java:39)
	at org.apache.ratis.thirdparty.io.grpc.ForwardingClientCallListener.onClose(ForwardingClientCallListener.java:23)
	at org.apache.ratis.grpc.metrics.intercept.client.MetricClientCallListener.onClose(MetricClientCallListener.java:47)
	at org.apache.ratis.thirdparty.io.grpc.internal.DelayedClientCall$DelayedListener$3.run(DelayedClientCall.java:489)
	at org.apache.ratis.thirdparty.io.grpc.internal.DelayedClientCall$DelayedListener.delayOrExecute(DelayedClientCall.java:453)
	at org.apache.ratis.thirdparty.io.grpc.internal.DelayedClientCall$DelayedListener.onClose(DelayedClientCall.java:486)
	at org.apache.ratis.thirdparty.io.grpc.internal.ClientCallImpl.closeObserver(ClientCallImpl.java:567)
	at org.apache.ratis.thirdparty.io.grpc.internal.ClientCallImpl.access$300(ClientCallImpl.java:71)
	at org.apache.ratis.thirdparty.io.grpc.internal.ClientCallImpl$ClientStreamListenerImpl$1StreamClosed.runInternal(ClientCallImpl.java:735)
	at org.apache.ratis.thirdparty.io.grpc.internal.ClientCallImpl$ClientStreamListenerImpl$1StreamClosed.runInContext(ClientCallImpl.java:716)
	at org.apache.ratis.thirdparty.io.grpc.internal.ContextRunnable.run(ContextRunnable.java:37)
	at org.apache.ratis.thirdparty.io.grpc.internal.SerializingExecutor.run(SerializingExecutor.java:133)
	at java.base/java.util.concurrent.ThreadPoolExecutor.runWorker(ThreadPoolExecutor.java:1128)
	at java.base/java.util.concurrent.ThreadPoolExecutor$Worker.run(ThreadPoolExecutor.java:628)
	at java.base/java.lang.Thread.run(Thread.java:829)
Caused by: java.io.IOException: org.apache.ratis.thirdparty.io.grpc.StatusRuntimeException: UNAVAILABLE: io exception
	at org.apache.ratis.grpc.GrpcUtil.unwrapException(GrpcUtil.java:99)
	at org.apache.ratis.grpc.GrpcUtil.unwrapIOException(GrpcUtil.java:159)
	at org.apache.ratis.grpc.client.GrpcClientProtocolClient$AsyncStreamObservers$1.onError(GrpcClientProtocolClient.java:330)
	... 16 more
Caused by: org.apache.ratis.thirdparty.io.grpc.StatusRuntimeException: UNAVAILABLE: io exception
	at org.apache.ratis.thirdparty.io.grpc.Status.asRuntimeException(Status.java:537)
	... 16 more
Caused by: org.apache.ratis.thirdparty.io.netty.channel.AbstractChannel$AnnotatedConnectException: finishConnect(..) failed: Connection refused: localhost/127.0.0.1:37939
Caused by: java.net.ConnectException: finishConnect(..) failed: Connection refused
	at org.apache.ratis.thirdparty.io.netty.channel.unix.Errors.newConnectException0(Errors.java:166)
	at org.apache.ratis.thirdparty.io.netty.channel.unix.Errors.handleConnectErrno(Errors.java:131)
	at org.apache.ratis.thirdparty.io.netty.channel.unix.Socket.finishConnect(Socket.java:359)
	at org.apache.ratis.thirdparty.io.netty.channel.epoll.AbstractEpollChannel$AbstractEpollUnsafe.doFinishConnect(AbstractEpollChannel.java:710)
	at org.apache.ratis.thirdparty.io.netty.channel.epoll.AbstractEpollChannel$AbstractEpollUnsafe.finishConnect(AbstractEpollChannel.java:687)
	at org.apache.ratis.thirdparty.io.netty.channel.epoll.AbstractEpollChannel$AbstractEpollUnsafe.epollOutReady(AbstractEpollChannel.java:567)
	at org.apache.ratis.thirdparty.io.netty.channel.epoll.EpollEventLoop.processReady(EpollEventLoop.java:499)
	at org.apache.ratis.thirdparty.io.netty.channel.epoll.EpollEventLoop.run(EpollEventLoop.java:407)
	at org.apache.ratis.thirdparty.io.netty.util.concurrent.SingleThreadEventExecutor$4.run(SingleThreadEventExecutor.java:997)
	at org.apache.ratis.thirdparty.io.netty.util.internal.ThreadExecutorMap$2.run(ThreadExecutorMap.java:74)
	at org.apache.ratis.thirdparty.io.netty.util.concurrent.FastThreadLocalRunnable.run(FastThreadLocalRunnable.java:30)
	at java.base/java.lang.Thread.run(Thread.java:829)
2023-11-28 06:43:27,919 [grpc-default-executor-2] ERROR impl.OrderedAsync (OrderedAsync.java:lambda$sendRequest$9(247)) - client-23DA7E6A7FE2: Failed* RaftClientRequest:client-23DA7E6A7FE2->s0@group-9F468C9C58F9, cid=6, seq=1*, Watch(0), null
java.util.concurrent.CompletionException: java.io.IOException: org.apache.ratis.thirdparty.io.grpc.StatusRuntimeException: UNAVAILABLE: io exception
	at java.base/java.util.concurrent.CompletableFuture.encodeThrowable(CompletableFuture.java:331)
	at java.base/java.util.concurrent.CompletableFuture.completeThrowable(CompletableFuture.java:346)
	at java.base/java.util.concurrent.CompletableFuture$UniApply.tryFire(CompletableFuture.java:632)
	at java.base/java.util.concurrent.CompletableFuture.postComplete(CompletableFuture.java:506)
	at java.base/java.util.concurrent.CompletableFuture.completeExceptionally(CompletableFuture.java:2094)
	at org.apache.ratis.grpc.client.GrpcClientProtocolClient$AsyncStreamObservers.completeReplyExceptionally(GrpcClientProtocolClient.java:394)
	at org.apache.ratis.grpc.client.GrpcClientProtocolClient$AsyncStreamObservers.access$000(GrpcClientProtocolClient.java:300)
	at org.apache.ratis.grpc.client.GrpcClientProtocolClient$AsyncStreamObservers$1.onError(GrpcClientProtocolClient.java:331)
	at org.apache.ratis.thirdparty.io.grpc.stub.ClientCalls$StreamObserverToCallListenerAdapter.onClose(ClientCalls.java:481)
	at org.apache.ratis.thirdparty.io.grpc.PartialForwardingClientCallListener.onClose(PartialForwardingClientCallListener.java:39)
	at org.apache.ratis.thirdparty.io.grpc.ForwardingClientCallListener.onClose(ForwardingClientCallListener.java:23)
	at org.apache.ratis.grpc.metrics.intercept.client.MetricClientCallListener.onClose(MetricClientCallListener.java:47)
	at org.apache.ratis.thirdparty.io.grpc.internal.DelayedClientCall$DelayedListener$3.run(DelayedClientCall.java:489)
	at org.apache.ratis.thirdparty.io.grpc.internal.DelayedClientCall$DelayedListener.delayOrExecute(DelayedClientCall.java:453)
	at org.apache.ratis.thirdparty.io.grpc.internal.DelayedClientCall$DelayedListener.onClose(DelayedClientCall.java:486)
	at org.apache.ratis.thirdparty.io.grpc.internal.ClientCallImpl.closeObserver(ClientCallImpl.java:567)
	at org.apache.ratis.thirdparty.io.grpc.internal.ClientCallImpl.access$300(ClientCallImpl.java:71)
	at org.apache.ratis.thirdparty.io.grpc.internal.ClientCallImpl$ClientStreamListenerImpl$1StreamClosed.runInternal(ClientCallImpl.java:735)
	at org.apache.ratis.thirdparty.io.grpc.internal.ClientCallImpl$ClientStreamListenerImpl$1StreamClosed.runInContext(ClientCallImpl.java:716)
	at org.apache.ratis.thirdparty.io.grpc.internal.ContextRunnable.run(ContextRunnable.java:37)
	at org.apache.ratis.thirdparty.io.grpc.internal.SerializingExecutor.run(SerializingExecutor.java:133)
	at java.base/java.util.concurrent.ThreadPoolExecutor.runWorker(ThreadPoolExecutor.java:1128)
	at java.base/java.util.concurrent.ThreadPoolExecutor$Worker.run(ThreadPoolExecutor.java:628)
	at java.base/java.lang.Thread.run(Thread.java:829)
Caused by: java.io.IOException: org.apache.ratis.thirdparty.io.grpc.StatusRuntimeException: UNAVAILABLE: io exception
	at org.apache.ratis.grpc.GrpcUtil.unwrapException(GrpcUtil.java:99)
	at org.apache.ratis.grpc.GrpcUtil.unwrapIOException(GrpcUtil.java:159)
	at org.apache.ratis.grpc.client.GrpcClientProtocolClient$AsyncStreamObservers$1.onError(GrpcClientProtocolClient.java:330)
	... 16 more
Caused by: org.apache.ratis.thirdparty.io.grpc.StatusRuntimeException: UNAVAILABLE: io exception
	at org.apache.ratis.thirdparty.io.grpc.Status.asRuntimeException(Status.java:537)
	... 16 more
Caused by: org.apache.ratis.thirdparty.io.netty.channel.AbstractChannel$AnnotatedConnectException: finishConnect(..) failed: Connection refused: localhost/127.0.0.1:43007
Caused by: java.net.ConnectException: finishConnect(..) failed: Connection refused
	at org.apache.ratis.thirdparty.io.netty.channel.unix.Errors.newConnectException0(Errors.java:166)
	at org.apache.ratis.thirdparty.io.netty.channel.unix.Errors.handleConnectErrno(Errors.java:131)
	at org.apache.ratis.thirdparty.io.netty.channel.unix.Socket.finishConnect(Socket.java:359)
	at org.apache.ratis.thirdparty.io.netty.channel.epoll.AbstractEpollChannel$AbstractEpollUnsafe.doFinishConnect(AbstractEpollChannel.java:710)
	at org.apache.ratis.thirdparty.io.netty.channel.epoll.AbstractEpollChannel$AbstractEpollUnsafe.finishConnect(AbstractEpollChannel.java:687)
	at org.apache.ratis.thirdparty.io.netty.channel.epoll.AbstractEpollChannel$AbstractEpollUnsafe.epollOutReady(AbstractEpollChannel.java:567)
	at org.apache.ratis.thirdparty.io.netty.channel.epoll.EpollEventLoop.processReady(EpollEventLoop.java:499)
	at org.apache.ratis.thirdparty.io.netty.channel.epoll.EpollEventLoop.run(EpollEventLoop.java:407)
	at org.apache.ratis.thirdparty.io.netty.util.concurrent.SingleThreadEventExecutor$4.run(SingleThreadEventExecutor.java:997)
	at org.apache.ratis.thirdparty.io.netty.util.internal.ThreadExecutorMap$2.run(ThreadExecutorMap.java:74)
	at org.apache.ratis.thirdparty.io.netty.util.concurrent.FastThreadLocalRunnable.run(FastThreadLocalRunnable.java:30)
	at java.base/java.lang.Thread.run(Thread.java:829)
2023-11-28 06:43:28,023 [grpc-default-executor-2] ERROR impl.OrderedAsync (OrderedAsync.java:lambda$sendRequest$9(247)) - client-23DA7E6A7FE2: Failed* RaftClientRequest:client-23DA7E6A7FE2->s2@group-9F468C9C58F9, cid=6, seq=1*, Watch(0), null
java.util.concurrent.CompletionException: java.io.IOException: org.apache.ratis.thirdparty.io.grpc.StatusRuntimeException: UNAVAILABLE: io exception
	at java.base/java.util.concurrent.CompletableFuture.encodeThrowable(CompletableFuture.java:331)
	at java.base/java.util.concurrent.CompletableFuture.completeThrowable(CompletableFuture.java:346)
	at java.base/java.util.concurrent.CompletableFuture$UniApply.tryFire(CompletableFuture.java:632)
	at java.base/java.util.concurrent.CompletableFuture.postComplete(CompletableFuture.java:506)
	at java.base/java.util.concurrent.CompletableFuture.completeExceptionally(CompletableFuture.java:2094)
	at org.apache.ratis.grpc.client.GrpcClientProtocolClient$AsyncStreamObservers.completeReplyExceptionally(GrpcClientProtocolClient.java:394)
	at org.apache.ratis.grpc.client.GrpcClientProtocolClient$AsyncStreamObservers.access$000(GrpcClientProtocolClient.java:300)
	at org.apache.ratis.grpc.client.GrpcClientProtocolClient$AsyncStreamObservers$1.onError(GrpcClientProtocolClient.java:331)
	at org.apache.ratis.thirdparty.io.grpc.stub.ClientCalls$StreamObserverToCallListenerAdapter.onClose(ClientCalls.java:481)
	at org.apache.ratis.thirdparty.io.grpc.PartialForwardingClientCallListener.onClose(PartialForwardingClientCallListener.java:39)
	at org.apache.ratis.thirdparty.io.grpc.ForwardingClientCallListener.onClose(ForwardingClientCallListener.java:23)
	at org.apache.ratis.grpc.metrics.intercept.client.MetricClientCallListener.onClose(MetricClientCallListener.java:47)
	at org.apache.ratis.thirdparty.io.grpc.internal.DelayedClientCall$DelayedListener$3.run(DelayedClientCall.java:489)
	at org.apache.ratis.thirdparty.io.grpc.internal.DelayedClientCall$DelayedListener.delayOrExecute(DelayedClientCall.java:453)
	at org.apache.ratis.thirdparty.io.grpc.internal.DelayedClientCall$DelayedListener.onClose(DelayedClientCall.java:486)
	at org.apache.ratis.thirdparty.io.grpc.internal.ClientCallImpl.closeObserver(ClientCallImpl.java:567)
	at org.apache.ratis.thirdparty.io.grpc.internal.ClientCallImpl.access$300(ClientCallImpl.java:71)
	at org.apache.ratis.thirdparty.io.grpc.internal.ClientCallImpl$ClientStreamListenerImpl$1StreamClosed.runInternal(ClientCallImpl.java:735)
	at org.apache.ratis.thirdparty.io.grpc.internal.ClientCallImpl$ClientStreamListenerImpl$1StreamClosed.runInContext(ClientCallImpl.java:716)
	at org.apache.ratis.thirdparty.io.grpc.internal.ContextRunnable.run(ContextRunnable.java:37)
	at org.apache.ratis.thirdparty.io.grpc.internal.SerializingExecutor.run(SerializingExecutor.java:133)
	at java.base/java.util.concurrent.ThreadPoolExecutor.runWorker(ThreadPoolExecutor.java:1128)
	at java.base/java.util.concurrent.ThreadPoolExecutor$Worker.run(ThreadPoolExecutor.java:628)
	at java.base/java.lang.Thread.run(Thread.java:829)
Caused by: java.io.IOException: org.apache.ratis.thirdparty.io.grpc.StatusRuntimeException: UNAVAILABLE: io exception
	at org.apache.ratis.grpc.GrpcUtil.unwrapException(GrpcUtil.java:99)
	at org.apache.ratis.grpc.GrpcUtil.unwrapIOException(GrpcUtil.java:159)
	at org.apache.ratis.grpc.client.GrpcClientProtocolClient$AsyncStreamObservers$1.onError(GrpcClientProtocolClient.java:330)
	... 16 more
Caused by: org.apache.ratis.thirdparty.io.grpc.StatusRuntimeException: UNAVAILABLE: io exception
	at org.apache.ratis.thirdparty.io.grpc.Status.asRuntimeException(Status.java:537)
	... 16 more
Caused by: org.apache.ratis.thirdparty.io.netty.channel.AbstractChannel$AnnotatedConnectException: finishConnect(..) failed: Connection refused: localhost/127.0.0.1:37249
Caused by: java.net.ConnectException: finishConnect(..) failed: Connection refused
	at org.apache.ratis.thirdparty.io.netty.channel.unix.Errors.newConnectException0(Errors.java:166)
	at org.apache.ratis.thirdparty.io.netty.channel.unix.Errors.handleConnectErrno(Errors.java:131)
	at org.apache.ratis.thirdparty.io.netty.channel.unix.Socket.finishConnect(Socket.java:359)
	at org.apache.ratis.thirdparty.io.netty.channel.epoll.AbstractEpollChannel$AbstractEpollUnsafe.doFinishConnect(AbstractEpollChannel.java:710)
	at org.apache.ratis.thirdparty.io.netty.channel.epoll.AbstractEpollChannel$AbstractEpollUnsafe.finishConnect(AbstractEpollChannel.java:687)
	at org.apache.ratis.thirdparty.io.netty.channel.epoll.AbstractEpollChannel$AbstractEpollUnsafe.epollOutReady(AbstractEpollChannel.java:567)
	at org.apache.ratis.thirdparty.io.netty.channel.epoll.EpollEventLoop.processReady(EpollEventLoop.java:499)
	at org.apache.ratis.thirdparty.io.netty.channel.epoll.EpollEventLoop.run(EpollEventLoop.java:407)
	at org.apache.ratis.thirdparty.io.netty.util.concurrent.SingleThreadEventExecutor$4.run(SingleThreadEventExecutor.java:997)
	at org.apache.ratis.thirdparty.io.netty.util.internal.ThreadExecutorMap$2.run(ThreadExecutorMap.java:74)
	at org.apache.ratis.thirdparty.io.netty.util.concurrent.FastThreadLocalRunnable.run(FastThreadLocalRunnable.java:30)
	at java.base/java.lang.Thread.run(Thread.java:829)
2023-11-28 06:43:28,127 [grpc-default-executor-2] ERROR impl.OrderedAsync (OrderedAsync.java:lambda$sendRequest$9(247)) - client-23DA7E6A7FE2: Failed* RaftClientRequest:client-23DA7E6A7FE2->s1@group-9F468C9C58F9, cid=6, seq=1*, Watch(0), null
java.util.concurrent.CompletionException: java.io.IOException: org.apache.ratis.thirdparty.io.grpc.StatusRuntimeException: UNAVAILABLE: io exception
	at java.base/java.util.concurrent.CompletableFuture.encodeThrowable(CompletableFuture.java:331)
	at java.base/java.util.concurrent.CompletableFuture.completeThrowable(CompletableFuture.java:346)
	at java.base/java.util.concurrent.CompletableFuture$UniApply.tryFire(CompletableFuture.java:632)
	at java.base/java.util.concurrent.CompletableFuture.postComplete(CompletableFuture.java:506)
	at java.base/java.util.concurrent.CompletableFuture.completeExceptionally(CompletableFuture.java:2094)
	at org.apache.ratis.grpc.client.GrpcClientProtocolClient$AsyncStreamObservers.completeReplyExceptionally(GrpcClientProtocolClient.java:394)
	at org.apache.ratis.grpc.client.GrpcClientProtocolClient$AsyncStreamObservers.access$000(GrpcClientProtocolClient.java:300)
	at org.apache.ratis.grpc.client.GrpcClientProtocolClient$AsyncStreamObservers$1.onError(GrpcClientProtocolClient.java:331)
	at org.apache.ratis.thirdparty.io.grpc.stub.ClientCalls$StreamObserverToCallListenerAdapter.onClose(ClientCalls.java:481)
	at org.apache.ratis.thirdparty.io.grpc.PartialForwardingClientCallListener.onClose(PartialForwardingClientCallListener.java:39)
	at org.apache.ratis.thirdparty.io.grpc.ForwardingClientCallListener.onClose(ForwardingClientCallListener.java:23)
	at org.apache.ratis.grpc.metrics.intercept.client.MetricClientCallListener.onClose(MetricClientCallListener.java:47)
	at org.apache.ratis.thirdparty.io.grpc.internal.DelayedClientCall$DelayedListener$3.run(DelayedClientCall.java:489)
	at org.apache.ratis.thirdparty.io.grpc.internal.DelayedClientCall$DelayedListener.delayOrExecute(DelayedClientCall.java:453)
	at org.apache.ratis.thirdparty.io.grpc.internal.DelayedClientCall$DelayedListener.onClose(DelayedClientCall.java:486)
	at org.apache.ratis.thirdparty.io.grpc.internal.ClientCallImpl.closeObserver(ClientCallImpl.java:567)
	at org.apache.ratis.thirdparty.io.grpc.internal.ClientCallImpl.access$300(ClientCallImpl.java:71)
	at org.apache.ratis.thirdparty.io.grpc.internal.ClientCallImpl$ClientStreamListenerImpl$1StreamClosed.runInternal(ClientCallImpl.java:735)
	at org.apache.ratis.thirdparty.io.grpc.internal.ClientCallImpl$ClientStreamListenerImpl$1StreamClosed.runInContext(ClientCallImpl.java:716)
	at org.apache.ratis.thirdparty.io.grpc.internal.ContextRunnable.run(ContextRunnable.java:37)
	at org.apache.ratis.thirdparty.io.grpc.internal.SerializingExecutor.run(SerializingExecutor.java:133)
	at java.base/java.util.concurrent.ThreadPoolExecutor.runWorker(ThreadPoolExecutor.java:1128)
	at java.base/java.util.concurrent.ThreadPoolExecutor$Worker.run(ThreadPoolExecutor.java:628)
	at java.base/java.lang.Thread.run(Thread.java:829)
Caused by: java.io.IOException: org.apache.ratis.thirdparty.io.grpc.StatusRuntimeException: UNAVAILABLE: io exception
	at org.apache.ratis.grpc.GrpcUtil.unwrapException(GrpcUtil.java:99)
	at org.apache.ratis.grpc.GrpcUtil.unwrapIOException(GrpcUtil.java:159)
	at org.apache.ratis.grpc.client.GrpcClientProtocolClient$AsyncStreamObservers$1.onError(GrpcClientProtocolClient.java:330)
	... 16 more
Caused by: org.apache.ratis.thirdparty.io.grpc.StatusRuntimeException: UNAVAILABLE: io exception
	at org.apache.ratis.thirdparty.io.grpc.Status.asRuntimeException(Status.java:537)
	... 16 more
Caused by: org.apache.ratis.thirdparty.io.netty.channel.AbstractChannel$AnnotatedConnectException: finishConnect(..) failed: Connection refused: localhost/127.0.0.1:37939
Caused by: java.net.ConnectException: finishConnect(..) failed: Connection refused
	at org.apache.ratis.thirdparty.io.netty.channel.unix.Errors.newConnectException0(Errors.java:166)
	at org.apache.ratis.thirdparty.io.netty.channel.unix.Errors.handleConnectErrno(Errors.java:131)
	at org.apache.ratis.thirdparty.io.netty.channel.unix.Socket.finishConnect(Socket.java:359)
	at org.apache.ratis.thirdparty.io.netty.channel.epoll.AbstractEpollChannel$AbstractEpollUnsafe.doFinishConnect(AbstractEpollChannel.java:710)
	at org.apache.ratis.thirdparty.io.netty.channel.epoll.AbstractEpollChannel$AbstractEpollUnsafe.finishConnect(AbstractEpollChannel.java:687)
	at org.apache.ratis.thirdparty.io.netty.channel.epoll.AbstractEpollChannel$AbstractEpollUnsafe.epollOutReady(AbstractEpollChannel.java:567)
	at org.apache.ratis.thirdparty.io.netty.channel.epoll.EpollEventLoop.processReady(EpollEventLoop.java:499)
	at org.apache.ratis.thirdparty.io.netty.channel.epoll.EpollEventLoop.run(EpollEventLoop.java:407)
	at org.apache.ratis.thirdparty.io.netty.util.concurrent.SingleThreadEventExecutor$4.run(SingleThreadEventExecutor.java:997)
	at org.apache.ratis.thirdparty.io.netty.util.internal.ThreadExecutorMap$2.run(ThreadExecutorMap.java:74)
	at org.apache.ratis.thirdparty.io.netty.util.concurrent.FastThreadLocalRunnable.run(FastThreadLocalRunnable.java:30)
	at java.base/java.lang.Thread.run(Thread.java:829)
2023-11-28 06:43:28,231 [grpc-default-executor-1] ERROR impl.OrderedAsync (OrderedAsync.java:lambda$sendRequest$9(247)) - client-23DA7E6A7FE2: Failed* RaftClientRequest:client-23DA7E6A7FE2->s2@group-9F468C9C58F9, cid=6, seq=1*, Watch(0), null
java.util.concurrent.CompletionException: java.io.IOException: org.apache.ratis.thirdparty.io.grpc.StatusRuntimeException: UNAVAILABLE: io exception
	at java.base/java.util.concurrent.CompletableFuture.encodeThrowable(CompletableFuture.java:331)
	at java.base/java.util.concurrent.CompletableFuture.completeThrowable(CompletableFuture.java:346)
	at java.base/java.util.concurrent.CompletableFuture$UniApply.tryFire(CompletableFuture.java:632)
	at java.base/java.util.concurrent.CompletableFuture.postComplete(CompletableFuture.java:506)
	at java.base/java.util.concurrent.CompletableFuture.completeExceptionally(CompletableFuture.java:2094)
	at org.apache.ratis.grpc.client.GrpcClientProtocolClient$AsyncStreamObservers.completeReplyExceptionally(GrpcClientProtocolClient.java:394)
	at org.apache.ratis.grpc.client.GrpcClientProtocolClient$AsyncStreamObservers.access$000(GrpcClientProtocolClient.java:300)
	at org.apache.ratis.grpc.client.GrpcClientProtocolClient$AsyncStreamObservers$1.onError(GrpcClientProtocolClient.java:331)
	at org.apache.ratis.thirdparty.io.grpc.stub.ClientCalls$StreamObserverToCallListenerAdapter.onClose(ClientCalls.java:481)
	at org.apache.ratis.thirdparty.io.grpc.PartialForwardingClientCallListener.onClose(PartialForwardingClientCallListener.java:39)
	at org.apache.ratis.thirdparty.io.grpc.ForwardingClientCallListener.onClose(ForwardingClientCallListener.java:23)
	at org.apache.ratis.grpc.metrics.intercept.client.MetricClientCallListener.onClose(MetricClientCallListener.java:47)
	at org.apache.ratis.thirdparty.io.grpc.internal.DelayedClientCall$DelayedListener$3.run(DelayedClientCall.java:489)
	at org.apache.ratis.thirdparty.io.grpc.internal.DelayedClientCall$DelayedListener.delayOrExecute(DelayedClientCall.java:453)
	at org.apache.ratis.thirdparty.io.grpc.internal.DelayedClientCall$DelayedListener.onClose(DelayedClientCall.java:486)
	at org.apache.ratis.thirdparty.io.grpc.internal.ClientCallImpl.closeObserver(ClientCallImpl.java:567)
	at org.apache.ratis.thirdparty.io.grpc.internal.ClientCallImpl.access$300(ClientCallImpl.java:71)
	at org.apache.ratis.thirdparty.io.grpc.internal.ClientCallImpl$ClientStreamListenerImpl$1StreamClosed.runInternal(ClientCallImpl.java:735)
	at org.apache.ratis.thirdparty.io.grpc.internal.ClientCallImpl$ClientStreamListenerImpl$1StreamClosed.runInContext(ClientCallImpl.java:716)
	at org.apache.ratis.thirdparty.io.grpc.internal.ContextRunnable.run(ContextRunnable.java:37)
	at org.apache.ratis.thirdparty.io.grpc.internal.SerializingExecutor.run(SerializingExecutor.java:133)
	at java.base/java.util.concurrent.ThreadPoolExecutor.runWorker(ThreadPoolExecutor.java:1128)
	at java.base/java.util.concurrent.ThreadPoolExecutor$Worker.run(ThreadPoolExecutor.java:628)
	at java.base/java.lang.Thread.run(Thread.java:829)
Caused by: java.io.IOException: org.apache.ratis.thirdparty.io.grpc.StatusRuntimeException: UNAVAILABLE: io exception
	at org.apache.ratis.grpc.GrpcUtil.unwrapException(GrpcUtil.java:99)
	at org.apache.ratis.grpc.GrpcUtil.unwrapIOException(GrpcUtil.java:159)
	at org.apache.ratis.grpc.client.GrpcClientProtocolClient$AsyncStreamObservers$1.onError(GrpcClientProtocolClient.java:330)
	... 16 more
Caused by: org.apache.ratis.thirdparty.io.grpc.StatusRuntimeException: UNAVAILABLE: io exception
	at org.apache.ratis.thirdparty.io.grpc.Status.asRuntimeException(Status.java:537)
	... 16 more
Caused by: org.apache.ratis.thirdparty.io.netty.channel.AbstractChannel$AnnotatedConnectException: finishConnect(..) failed: Connection refused: localhost/127.0.0.1:37249
Caused by: java.net.ConnectException: finishConnect(..) failed: Connection refused
	at org.apache.ratis.thirdparty.io.netty.channel.unix.Errors.newConnectException0(Errors.java:166)
	at org.apache.ratis.thirdparty.io.netty.channel.unix.Errors.handleConnectErrno(Errors.java:131)
	at org.apache.ratis.thirdparty.io.netty.channel.unix.Socket.finishConnect(Socket.java:359)
	at org.apache.ratis.thirdparty.io.netty.channel.epoll.AbstractEpollChannel$AbstractEpollUnsafe.doFinishConnect(AbstractEpollChannel.java:710)
	at org.apache.ratis.thirdparty.io.netty.channel.epoll.AbstractEpollChannel$AbstractEpollUnsafe.finishConnect(AbstractEpollChannel.java:687)
	at org.apache.ratis.thirdparty.io.netty.channel.epoll.AbstractEpollChannel$AbstractEpollUnsafe.epollOutReady(AbstractEpollChannel.java:567)
	at org.apache.ratis.thirdparty.io.netty.channel.epoll.EpollEventLoop.processReady(EpollEventLoop.java:499)
	at org.apache.ratis.thirdparty.io.netty.channel.epoll.EpollEventLoop.run(EpollEventLoop.java:407)
	at org.apache.ratis.thirdparty.io.netty.util.concurrent.SingleThreadEventExecutor$4.run(SingleThreadEventExecutor.java:997)
	at org.apache.ratis.thirdparty.io.netty.util.internal.ThreadExecutorMap$2.run(ThreadExecutorMap.java:74)
	at org.apache.ratis.thirdparty.io.netty.util.concurrent.FastThreadLocalRunnable.run(FastThreadLocalRunnable.java:30)
	at java.base/java.lang.Thread.run(Thread.java:829)
2023-11-28 06:43:28,334 [grpc-default-executor-3] ERROR impl.OrderedAsync (OrderedAsync.java:lambda$sendRequest$9(247)) - client-23DA7E6A7FE2: Failed* RaftClientRequest:client-23DA7E6A7FE2->s1@group-9F468C9C58F9, cid=6, seq=1*, Watch(0), null
java.util.concurrent.CompletionException: java.io.IOException: org.apache.ratis.thirdparty.io.grpc.StatusRuntimeException: UNAVAILABLE: io exception
	at java.base/java.util.concurrent.CompletableFuture.encodeThrowable(CompletableFuture.java:331)
	at java.base/java.util.concurrent.CompletableFuture.completeThrowable(CompletableFuture.java:346)
	at java.base/java.util.concurrent.CompletableFuture$UniApply.tryFire(CompletableFuture.java:632)
	at java.base/java.util.concurrent.CompletableFuture.postComplete(CompletableFuture.java:506)
	at java.base/java.util.concurrent.CompletableFuture.completeExceptionally(CompletableFuture.java:2094)
	at org.apache.ratis.grpc.client.GrpcClientProtocolClient$AsyncStreamObservers.completeReplyExceptionally(GrpcClientProtocolClient.java:394)
	at org.apache.ratis.grpc.client.GrpcClientProtocolClient$AsyncStreamObservers.access$000(GrpcClientProtocolClient.java:300)
	at org.apache.ratis.grpc.client.GrpcClientProtocolClient$AsyncStreamObservers$1.onError(GrpcClientProtocolClient.java:331)
	at org.apache.ratis.thirdparty.io.grpc.stub.ClientCalls$StreamObserverToCallListenerAdapter.onClose(ClientCalls.java:481)
	at org.apache.ratis.thirdparty.io.grpc.PartialForwardingClientCallListener.onClose(PartialForwardingClientCallListener.java:39)
	at org.apache.ratis.thirdparty.io.grpc.ForwardingClientCallListener.onClose(ForwardingClientCallListener.java:23)
	at org.apache.ratis.grpc.metrics.intercept.client.MetricClientCallListener.onClose(MetricClientCallListener.java:47)
	at org.apache.ratis.thirdparty.io.grpc.internal.DelayedClientCall$DelayedListener$3.run(DelayedClientCall.java:489)
	at org.apache.ratis.thirdparty.io.grpc.internal.DelayedClientCall$DelayedListener.delayOrExecute(DelayedClientCall.java:453)
	at org.apache.ratis.thirdparty.io.grpc.internal.DelayedClientCall$DelayedListener.onClose(DelayedClientCall.java:486)
	at org.apache.ratis.thirdparty.io.grpc.internal.ClientCallImpl.closeObserver(ClientCallImpl.java:567)
	at org.apache.ratis.thirdparty.io.grpc.internal.ClientCallImpl.access$300(ClientCallImpl.java:71)
	at org.apache.ratis.thirdparty.io.grpc.internal.ClientCallImpl$ClientStreamListenerImpl$1StreamClosed.runInternal(ClientCallImpl.java:735)
	at org.apache.ratis.thirdparty.io.grpc.internal.ClientCallImpl$ClientStreamListenerImpl$1StreamClosed.runInContext(ClientCallImpl.java:716)
	at org.apache.ratis.thirdparty.io.grpc.internal.ContextRunnable.run(ContextRunnable.java:37)
	at org.apache.ratis.thirdparty.io.grpc.internal.SerializingExecutor.run(SerializingExecutor.java:133)
	at java.base/java.util.concurrent.ThreadPoolExecutor.runWorker(ThreadPoolExecutor.java:1128)
	at java.base/java.util.concurrent.ThreadPoolExecutor$Worker.run(ThreadPoolExecutor.java:628)
	at java.base/java.lang.Thread.run(Thread.java:829)
Caused by: java.io.IOException: org.apache.ratis.thirdparty.io.grpc.StatusRuntimeException: UNAVAILABLE: io exception
	at org.apache.ratis.grpc.GrpcUtil.unwrapException(GrpcUtil.java:99)
	at org.apache.ratis.grpc.GrpcUtil.unwrapIOException(GrpcUtil.java:159)
	at org.apache.ratis.grpc.client.GrpcClientProtocolClient$AsyncStreamObservers$1.onError(GrpcClientProtocolClient.java:330)
	... 16 more
Caused by: org.apache.ratis.thirdparty.io.grpc.StatusRuntimeException: UNAVAILABLE: io exception
	at org.apache.ratis.thirdparty.io.grpc.Status.asRuntimeException(Status.java:537)
	... 16 more
Caused by: org.apache.ratis.thirdparty.io.netty.channel.AbstractChannel$AnnotatedConnectException: finishConnect(..) failed: Connection refused: localhost/127.0.0.1:37939
Caused by: java.net.ConnectException: finishConnect(..) failed: Connection refused
	at org.apache.ratis.thirdparty.io.netty.channel.unix.Errors.newConnectException0(Errors.java:166)
	at org.apache.ratis.thirdparty.io.netty.channel.unix.Errors.handleConnectErrno(Errors.java:131)
	at org.apache.ratis.thirdparty.io.netty.channel.unix.Socket.finishConnect(Socket.java:359)
	at org.apache.ratis.thirdparty.io.netty.channel.epoll.AbstractEpollChannel$AbstractEpollUnsafe.doFinishConnect(AbstractEpollChannel.java:710)
	at org.apache.ratis.thirdparty.io.netty.channel.epoll.AbstractEpollChannel$AbstractEpollUnsafe.finishConnect(AbstractEpollChannel.java:687)
	at org.apache.ratis.thirdparty.io.netty.channel.epoll.AbstractEpollChannel$AbstractEpollUnsafe.epollOutReady(AbstractEpollChannel.java:567)
	at org.apache.ratis.thirdparty.io.netty.channel.epoll.EpollEventLoop.processReady(EpollEventLoop.java:499)
	at org.apache.ratis.thirdparty.io.netty.channel.epoll.EpollEventLoop.run(EpollEventLoop.java:407)
	at org.apache.ratis.thirdparty.io.netty.util.concurrent.SingleThreadEventExecutor$4.run(SingleThreadEventExecutor.java:997)
	at org.apache.ratis.thirdparty.io.netty.util.internal.ThreadExecutorMap$2.run(ThreadExecutorMap.java:74)
	at org.apache.ratis.thirdparty.io.netty.util.concurrent.FastThreadLocalRunnable.run(FastThreadLocalRunnable.java:30)
	at java.base/java.lang.Thread.run(Thread.java:829)
2023-11-28 06:43:28,438 [grpc-default-executor-3] ERROR impl.OrderedAsync (OrderedAsync.java:lambda$sendRequest$9(247)) - client-23DA7E6A7FE2: Failed* RaftClientRequest:client-23DA7E6A7FE2->s0@group-9F468C9C58F9, cid=6, seq=1*, Watch(0), null
java.util.concurrent.CompletionException: java.io.IOException: org.apache.ratis.thirdparty.io.grpc.StatusRuntimeException: UNAVAILABLE: io exception
	at java.base/java.util.concurrent.CompletableFuture.encodeThrowable(CompletableFuture.java:331)
	at java.base/java.util.concurrent.CompletableFuture.completeThrowable(CompletableFuture.java:346)
	at java.base/java.util.concurrent.CompletableFuture$UniApply.tryFire(CompletableFuture.java:632)
	at java.base/java.util.concurrent.CompletableFuture.postComplete(CompletableFuture.java:506)
	at java.base/java.util.concurrent.CompletableFuture.completeExceptionally(CompletableFuture.java:2094)
	at org.apache.ratis.grpc.client.GrpcClientProtocolClient$AsyncStreamObservers.completeReplyExceptionally(GrpcClientProtocolClient.java:394)
	at org.apache.ratis.grpc.client.GrpcClientProtocolClient$AsyncStreamObservers.access$000(GrpcClientProtocolClient.java:300)
	at org.apache.ratis.grpc.client.GrpcClientProtocolClient$AsyncStreamObservers$1.onError(GrpcClientProtocolClient.java:331)
	at org.apache.ratis.thirdparty.io.grpc.stub.ClientCalls$StreamObserverToCallListenerAdapter.onClose(ClientCalls.java:481)
	at org.apache.ratis.thirdparty.io.grpc.PartialForwardingClientCallListener.onClose(PartialForwardingClientCallListener.java:39)
	at org.apache.ratis.thirdparty.io.grpc.ForwardingClientCallListener.onClose(ForwardingClientCallListener.java:23)
	at org.apache.ratis.grpc.metrics.intercept.client.MetricClientCallListener.onClose(MetricClientCallListener.java:47)
	at org.apache.ratis.thirdparty.io.grpc.internal.DelayedClientCall$DelayedListener$3.run(DelayedClientCall.java:489)
	at org.apache.ratis.thirdparty.io.grpc.internal.DelayedClientCall$DelayedListener.delayOrExecute(DelayedClientCall.java:453)
	at org.apache.ratis.thirdparty.io.grpc.internal.DelayedClientCall$DelayedListener.onClose(DelayedClientCall.java:486)
	at org.apache.ratis.thirdparty.io.grpc.internal.ClientCallImpl.closeObserver(ClientCallImpl.java:567)
	at org.apache.ratis.thirdparty.io.grpc.internal.ClientCallImpl.access$300(ClientCallImpl.java:71)
	at org.apache.ratis.thirdparty.io.grpc.internal.ClientCallImpl$ClientStreamListenerImpl$1StreamClosed.runInternal(ClientCallImpl.java:735)
	at org.apache.ratis.thirdparty.io.grpc.internal.ClientCallImpl$ClientStreamListenerImpl$1StreamClosed.runInContext(ClientCallImpl.java:716)
	at org.apache.ratis.thirdparty.io.grpc.internal.ContextRunnable.run(ContextRunnable.java:37)
	at org.apache.ratis.thirdparty.io.grpc.internal.SerializingExecutor.run(SerializingExecutor.java:133)
	at java.base/java.util.concurrent.ThreadPoolExecutor.runWorker(ThreadPoolExecutor.java:1128)
	at java.base/java.util.concurrent.ThreadPoolExecutor$Worker.run(ThreadPoolExecutor.java:628)
	at java.base/java.lang.Thread.run(Thread.java:829)
Caused by: java.io.IOException: org.apache.ratis.thirdparty.io.grpc.StatusRuntimeException: UNAVAILABLE: io exception
	at org.apache.ratis.grpc.GrpcUtil.unwrapException(GrpcUtil.java:99)
	at org.apache.ratis.grpc.GrpcUtil.unwrapIOException(GrpcUtil.java:159)
	at org.apache.ratis.grpc.client.GrpcClientProtocolClient$AsyncStreamObservers$1.onError(GrpcClientProtocolClient.java:330)
	... 16 more
Caused by: org.apache.ratis.thirdparty.io.grpc.StatusRuntimeException: UNAVAILABLE: io exception
	at org.apache.ratis.thirdparty.io.grpc.Status.asRuntimeException(Status.java:537)
	... 16 more
Caused by: org.apache.ratis.thirdparty.io.netty.channel.AbstractChannel$AnnotatedConnectException: finishConnect(..) failed: Connection refused: localhost/127.0.0.1:43007
Caused by: java.net.ConnectException: finishConnect(..) failed: Connection refused
	at org.apache.ratis.thirdparty.io.netty.channel.unix.Errors.newConnectException0(Errors.java:166)
	at org.apache.ratis.thirdparty.io.netty.channel.unix.Errors.handleConnectErrno(Errors.java:131)
	at org.apache.ratis.thirdparty.io.netty.channel.unix.Socket.finishConnect(Socket.java:359)
	at org.apache.ratis.thirdparty.io.netty.channel.epoll.AbstractEpollChannel$AbstractEpollUnsafe.doFinishConnect(AbstractEpollChannel.java:710)
	at org.apache.ratis.thirdparty.io.netty.channel.epoll.AbstractEpollChannel$AbstractEpollUnsafe.finishConnect(AbstractEpollChannel.java:687)
	at org.apache.ratis.thirdparty.io.netty.channel.epoll.AbstractEpollChannel$AbstractEpollUnsafe.epollOutReady(AbstractEpollChannel.java:567)
	at org.apache.ratis.thirdparty.io.netty.channel.epoll.EpollEventLoop.processReady(EpollEventLoop.java:499)
	at org.apache.ratis.thirdparty.io.netty.channel.epoll.EpollEventLoop.run(EpollEventLoop.java:407)
	at org.apache.ratis.thirdparty.io.netty.util.concurrent.SingleThreadEventExecutor$4.run(SingleThreadEventExecutor.java:997)
	at org.apache.ratis.thirdparty.io.netty.util.internal.ThreadExecutorMap$2.run(ThreadExecutorMap.java:74)
	at org.apache.ratis.thirdparty.io.netty.util.concurrent.FastThreadLocalRunnable.run(FastThreadLocalRunnable.java:30)
	at java.base/java.lang.Thread.run(Thread.java:829)
2023-11-28 06:43:28,542 [grpc-default-executor-3] ERROR impl.OrderedAsync (OrderedAsync.java:lambda$sendRequest$9(247)) - client-23DA7E6A7FE2: Failed* RaftClientRequest:client-23DA7E6A7FE2->s1@group-9F468C9C58F9, cid=6, seq=1*, Watch(0), null
java.util.concurrent.CompletionException: java.io.IOException: org.apache.ratis.thirdparty.io.grpc.StatusRuntimeException: UNAVAILABLE: io exception
	at java.base/java.util.concurrent.CompletableFuture.encodeThrowable(CompletableFuture.java:331)
	at java.base/java.util.concurrent.CompletableFuture.completeThrowable(CompletableFuture.java:346)
	at java.base/java.util.concurrent.CompletableFuture$UniApply.tryFire(CompletableFuture.java:632)
	at java.base/java.util.concurrent.CompletableFuture.postComplete(CompletableFuture.java:506)
	at java.base/java.util.concurrent.CompletableFuture.completeExceptionally(CompletableFuture.java:2094)
	at org.apache.ratis.grpc.client.GrpcClientProtocolClient$AsyncStreamObservers.completeReplyExceptionally(GrpcClientProtocolClient.java:394)
	at org.apache.ratis.grpc.client.GrpcClientProtocolClient$AsyncStreamObservers.access$000(GrpcClientProtocolClient.java:300)
	at org.apache.ratis.grpc.client.GrpcClientProtocolClient$AsyncStreamObservers$1.onError(GrpcClientProtocolClient.java:331)
	at org.apache.ratis.thirdparty.io.grpc.stub.ClientCalls$StreamObserverToCallListenerAdapter.onClose(ClientCalls.java:481)
	at org.apache.ratis.thirdparty.io.grpc.PartialForwardingClientCallListener.onClose(PartialForwardingClientCallListener.java:39)
	at org.apache.ratis.thirdparty.io.grpc.ForwardingClientCallListener.onClose(ForwardingClientCallListener.java:23)
	at org.apache.ratis.grpc.metrics.intercept.client.MetricClientCallListener.onClose(MetricClientCallListener.java:47)
	at org.apache.ratis.thirdparty.io.grpc.internal.DelayedClientCall$DelayedListener$3.run(DelayedClientCall.java:489)
	at org.apache.ratis.thirdparty.io.grpc.internal.DelayedClientCall$DelayedListener.delayOrExecute(DelayedClientCall.java:453)
	at org.apache.ratis.thirdparty.io.grpc.internal.DelayedClientCall$DelayedListener.onClose(DelayedClientCall.java:486)
	at org.apache.ratis.thirdparty.io.grpc.internal.ClientCallImpl.closeObserver(ClientCallImpl.java:567)
	at org.apache.ratis.thirdparty.io.grpc.internal.ClientCallImpl.access$300(ClientCallImpl.java:71)
	at org.apache.ratis.thirdparty.io.grpc.internal.ClientCallImpl$ClientStreamListenerImpl$1StreamClosed.runInternal(ClientCallImpl.java:735)
	at org.apache.ratis.thirdparty.io.grpc.internal.ClientCallImpl$ClientStreamListenerImpl$1StreamClosed.runInContext(ClientCallImpl.java:716)
	at org.apache.ratis.thirdparty.io.grpc.internal.ContextRunnable.run(ContextRunnable.java:37)
	at org.apache.ratis.thirdparty.io.grpc.internal.SerializingExecutor.run(SerializingExecutor.java:133)
	at java.base/java.util.concurrent.ThreadPoolExecutor.runWorker(ThreadPoolExecutor.java:1128)
	at java.base/java.util.concurrent.ThreadPoolExecutor$Worker.run(ThreadPoolExecutor.java:628)
	at java.base/java.lang.Thread.run(Thread.java:829)
Caused by: java.io.IOException: org.apache.ratis.thirdparty.io.grpc.StatusRuntimeException: UNAVAILABLE: io exception
	at org.apache.ratis.grpc.GrpcUtil.unwrapException(GrpcUtil.java:99)
	at org.apache.ratis.grpc.GrpcUtil.unwrapIOException(GrpcUtil.java:159)
	at org.apache.ratis.grpc.client.GrpcClientProtocolClient$AsyncStreamObservers$1.onError(GrpcClientProtocolClient.java:330)
	... 16 more
Caused by: org.apache.ratis.thirdparty.io.grpc.StatusRuntimeException: UNAVAILABLE: io exception
	at org.apache.ratis.thirdparty.io.grpc.Status.asRuntimeException(Status.java:537)
	... 16 more
Caused by: org.apache.ratis.thirdparty.io.netty.channel.AbstractChannel$AnnotatedConnectException: finishConnect(..) failed: Connection refused: localhost/127.0.0.1:37939
Caused by: java.net.ConnectException: finishConnect(..) failed: Connection refused
	at org.apache.ratis.thirdparty.io.netty.channel.unix.Errors.newConnectException0(Errors.java:166)
	at org.apache.ratis.thirdparty.io.netty.channel.unix.Errors.handleConnectErrno(Errors.java:131)
	at org.apache.ratis.thirdparty.io.netty.channel.unix.Socket.finishConnect(Socket.java:359)
	at org.apache.ratis.thirdparty.io.netty.channel.epoll.AbstractEpollChannel$AbstractEpollUnsafe.doFinishConnect(AbstractEpollChannel.java:710)
	at org.apache.ratis.thirdparty.io.netty.channel.epoll.AbstractEpollChannel$AbstractEpollUnsafe.finishConnect(AbstractEpollChannel.java:687)
	at org.apache.ratis.thirdparty.io.netty.channel.epoll.AbstractEpollChannel$AbstractEpollUnsafe.epollOutReady(AbstractEpollChannel.java:567)
	at org.apache.ratis.thirdparty.io.netty.channel.epoll.EpollEventLoop.processReady(EpollEventLoop.java:499)
	at org.apache.ratis.thirdparty.io.netty.channel.epoll.EpollEventLoop.run(EpollEventLoop.java:407)
	at org.apache.ratis.thirdparty.io.netty.util.concurrent.SingleThreadEventExecutor$4.run(SingleThreadEventExecutor.java:997)
	at org.apache.ratis.thirdparty.io.netty.util.internal.ThreadExecutorMap$2.run(ThreadExecutorMap.java:74)
	at org.apache.ratis.thirdparty.io.netty.util.concurrent.FastThreadLocalRunnable.run(FastThreadLocalRunnable.java:30)
	at java.base/java.lang.Thread.run(Thread.java:829)
2023-11-28 06:43:28,645 [grpc-default-executor-3] ERROR impl.OrderedAsync (OrderedAsync.java:lambda$sendRequest$9(247)) - client-23DA7E6A7FE2: Failed* RaftClientRequest:client-23DA7E6A7FE2->s2@group-9F468C9C58F9, cid=6, seq=1*, Watch(0), null
java.util.concurrent.CompletionException: java.io.IOException: org.apache.ratis.thirdparty.io.grpc.StatusRuntimeException: UNAVAILABLE: io exception
	at java.base/java.util.concurrent.CompletableFuture.encodeThrowable(CompletableFuture.java:331)
	at java.base/java.util.concurrent.CompletableFuture.completeThrowable(CompletableFuture.java:346)
	at java.base/java.util.concurrent.CompletableFuture$UniApply.tryFire(CompletableFuture.java:632)
	at java.base/java.util.concurrent.CompletableFuture.postComplete(CompletableFuture.java:506)
	at java.base/java.util.concurrent.CompletableFuture.completeExceptionally(CompletableFuture.java:2094)
	at org.apache.ratis.grpc.client.GrpcClientProtocolClient$AsyncStreamObservers.completeReplyExceptionally(GrpcClientProtocolClient.java:394)
	at org.apache.ratis.grpc.client.GrpcClientProtocolClient$AsyncStreamObservers.access$000(GrpcClientProtocolClient.java:300)
	at org.apache.ratis.grpc.client.GrpcClientProtocolClient$AsyncStreamObservers$1.onError(GrpcClientProtocolClient.java:331)
	at org.apache.ratis.thirdparty.io.grpc.stub.ClientCalls$StreamObserverToCallListenerAdapter.onClose(ClientCalls.java:481)
	at org.apache.ratis.thirdparty.io.grpc.PartialForwardingClientCallListener.onClose(PartialForwardingClientCallListener.java:39)
	at org.apache.ratis.thirdparty.io.grpc.ForwardingClientCallListener.onClose(ForwardingClientCallListener.java:23)
	at org.apache.ratis.grpc.metrics.intercept.client.MetricClientCallListener.onClose(MetricClientCallListener.java:47)
	at org.apache.ratis.thirdparty.io.grpc.internal.DelayedClientCall$DelayedListener$3.run(DelayedClientCall.java:489)
	at org.apache.ratis.thirdparty.io.grpc.internal.DelayedClientCall$DelayedListener.delayOrExecute(DelayedClientCall.java:453)
	at org.apache.ratis.thirdparty.io.grpc.internal.DelayedClientCall$DelayedListener.onClose(DelayedClientCall.java:486)
	at org.apache.ratis.thirdparty.io.grpc.internal.ClientCallImpl.closeObserver(ClientCallImpl.java:567)
	at org.apache.ratis.thirdparty.io.grpc.internal.ClientCallImpl.access$300(ClientCallImpl.java:71)
	at org.apache.ratis.thirdparty.io.grpc.internal.ClientCallImpl$ClientStreamListenerImpl$1StreamClosed.runInternal(ClientCallImpl.java:735)
	at org.apache.ratis.thirdparty.io.grpc.internal.ClientCallImpl$ClientStreamListenerImpl$1StreamClosed.runInContext(ClientCallImpl.java:716)
	at org.apache.ratis.thirdparty.io.grpc.internal.ContextRunnable.run(ContextRunnable.java:37)
	at org.apache.ratis.thirdparty.io.grpc.internal.SerializingExecutor.run(SerializingExecutor.java:133)
	at java.base/java.util.concurrent.ThreadPoolExecutor.runWorker(ThreadPoolExecutor.java:1128)
	at java.base/java.util.concurrent.ThreadPoolExecutor$Worker.run(ThreadPoolExecutor.java:628)
	at java.base/java.lang.Thread.run(Thread.java:829)
Caused by: java.io.IOException: org.apache.ratis.thirdparty.io.grpc.StatusRuntimeException: UNAVAILABLE: io exception
	at org.apache.ratis.grpc.GrpcUtil.unwrapException(GrpcUtil.java:99)
	at org.apache.ratis.grpc.GrpcUtil.unwrapIOException(GrpcUtil.java:159)
	at org.apache.ratis.grpc.client.GrpcClientProtocolClient$AsyncStreamObservers$1.onError(GrpcClientProtocolClient.java:330)
	... 16 more
Caused by: org.apache.ratis.thirdparty.io.grpc.StatusRuntimeException: UNAVAILABLE: io exception
	at org.apache.ratis.thirdparty.io.grpc.Status.asRuntimeException(Status.java:537)
	... 16 more
Caused by: org.apache.ratis.thirdparty.io.netty.channel.AbstractChannel$AnnotatedConnectException: finishConnect(..) failed: Connection refused: localhost/127.0.0.1:37249
Caused by: java.net.ConnectException: finishConnect(..) failed: Connection refused
	at org.apache.ratis.thirdparty.io.netty.channel.unix.Errors.newConnectException0(Errors.java:166)
	at org.apache.ratis.thirdparty.io.netty.channel.unix.Errors.handleConnectErrno(Errors.java:131)
	at org.apache.ratis.thirdparty.io.netty.channel.unix.Socket.finishConnect(Socket.java:359)
	at org.apache.ratis.thirdparty.io.netty.channel.epoll.AbstractEpollChannel$AbstractEpollUnsafe.doFinishConnect(AbstractEpollChannel.java:710)
	at org.apache.ratis.thirdparty.io.netty.channel.epoll.AbstractEpollChannel$AbstractEpollUnsafe.finishConnect(AbstractEpollChannel.java:687)
	at org.apache.ratis.thirdparty.io.netty.channel.epoll.AbstractEpollChannel$AbstractEpollUnsafe.epollOutReady(AbstractEpollChannel.java:567)
	at org.apache.ratis.thirdparty.io.netty.channel.epoll.EpollEventLoop.processReady(EpollEventLoop.java:499)
	at org.apache.ratis.thirdparty.io.netty.channel.epoll.EpollEventLoop.run(EpollEventLoop.java:407)
	at org.apache.ratis.thirdparty.io.netty.util.concurrent.SingleThreadEventExecutor$4.run(SingleThreadEventExecutor.java:997)
	at org.apache.ratis.thirdparty.io.netty.util.internal.ThreadExecutorMap$2.run(ThreadExecutorMap.java:74)
	at org.apache.ratis.thirdparty.io.netty.util.concurrent.FastThreadLocalRunnable.run(FastThreadLocalRunnable.java:30)
	at java.base/java.lang.Thread.run(Thread.java:829)
2023-11-28 06:43:28,670 [Time-limited test] INFO  grpc.TestRetryCacheWithGrpc (RetryCacheTests.java:assertServer(96)) - check server s1
2023-11-28 06:43:28,670 [Time-limited test] INFO  grpc.TestRetryCacheWithGrpc (RetryCacheTests.java:assertServer(96)) - check server s2
2023-11-28 06:43:28,671 [Time-limited test] INFO  impl.MiniRaftCluster (MiniRaftCluster.java:shutdown(831)) - ************************************************************** 
2023-11-28 06:43:28,671 [Time-limited test] INFO  impl.MiniRaftCluster (MiniRaftCluster.java:shutdown(832)) - *** 
2023-11-28 06:43:28,671 [Time-limited test] INFO  impl.MiniRaftCluster (MiniRaftCluster.java:shutdown(833)) - ***     Stopping MiniRaftClusterWithGrpc
2023-11-28 06:43:28,671 [Time-limited test] INFO  impl.MiniRaftCluster (MiniRaftCluster.java:shutdown(834)) - *** 
2023-11-28 06:43:28,671 [Time-limited test] INFO  impl.MiniRaftCluster (MiniRaftCluster.java:shutdown(835)) - ************************************************************** 
2023-11-28 06:43:28,671 [Time-limited test] INFO  impl.MiniRaftCluster (MiniRaftCluster.java:shutdown(836)) - printing ALL groups
  s0:  RUNNING  FOLLOWER s0@group-F35FB90D7AD1:t1, leader=s2, voted=s2, raftlog=Memoized:s0@group-F35FB90D7AD1-SegmentedRaftLog:OPENED:c4, conf=0: peers:[s0|localhost:35525, s1|localhost:34887, s2|localhost:39393]|listeners:[], old=null RUNNING
  s1:  RUNNING  FOLLOWER s1@group-F35FB90D7AD1:t1, leader=s2, voted=s2, raftlog=Memoized:s1@group-F35FB90D7AD1-SegmentedRaftLog:OPENED:c4, conf=0: peers:[s0|localhost:35525, s1|localhost:34887, s2|localhost:39393]|listeners:[], old=null RUNNING
  s2:  RUNNING    LEADER s2@group-F35FB90D7AD1:t1, leader=s2, voted=s2, raftlog=Memoized:s2@group-F35FB90D7AD1-SegmentedRaftLog:OPENED:c4, conf=0: peers:[s0|localhost:35525, s1|localhost:34887, s2|localhost:39393]|listeners:[], old=null RUNNING
2023-11-28 06:43:28,671 [MiniRaftCluster-7] INFO  server.RaftServer (RaftServerProxy.java:lambda$close$9(416)) - s0: close
2023-11-28 06:43:28,672 [s0-impl-thread1] INFO  server.RaftServer$Division (RaftServerImpl.java:lambda$close$3(516)) - s0@group-F35FB90D7AD1: shutdown
2023-11-28 06:43:28,672 [MiniRaftCluster-9] INFO  server.RaftServer (RaftServerProxy.java:lambda$close$9(416)) - s2: close
2023-11-28 06:43:28,673 [s0-impl-thread1] INFO  util.JmxRegister (JmxRegister.java:unregister(73)) - Successfully un-registered JMX Bean with object name Ratis:service=RaftServer,group=group-F35FB90D7AD1,id=s0
2023-11-28 06:43:28,672 [MiniRaftCluster-7] INFO  server.GrpcService (GrpcService.java:closeImpl(311)) - s0: shutdown server org.apache.ratis.grpc.server.GrpcClientProtocolService now
2023-11-28 06:43:28,673 [MiniRaftCluster-9] INFO  server.GrpcService (GrpcService.java:closeImpl(311)) - s2: shutdown server org.apache.ratis.grpc.server.GrpcClientProtocolService now
2023-11-28 06:43:28,672 [MiniRaftCluster-8] INFO  server.RaftServer (RaftServerProxy.java:lambda$close$9(416)) - s1: close
2023-11-28 06:43:28,673 [s2-impl-thread1] INFO  server.RaftServer$Division (RaftServerImpl.java:lambda$close$3(516)) - s2@group-F35FB90D7AD1: shutdown
2023-11-28 06:43:28,673 [s0-impl-thread1] INFO  impl.RoleInfo (RoleInfo.java:shutdownFollowerState(110)) - s0: shutdown s0@group-F35FB90D7AD1-FollowerState
2023-11-28 06:43:28,674 [s2-impl-thread1] INFO  util.JmxRegister (JmxRegister.java:unregister(73)) - Successfully un-registered JMX Bean with object name Ratis:service=RaftServer,group=group-F35FB90D7AD1,id=s2
2023-11-28 06:43:28,674 [s0-impl-thread1] INFO  impl.StateMachineUpdater (StateMachineUpdater.java:stopAndJoin(157)) - s0@group-F35FB90D7AD1-StateMachineUpdater: set stopIndex = 4
2023-11-28 06:43:28,674 [s0@group-F35FB90D7AD1-FollowerState] INFO  impl.FollowerState (FollowerState.java:run(152)) - s0@group-F35FB90D7AD1-FollowerState was interrupted
2023-11-28 06:43:28,674 [s2-impl-thread1] INFO  impl.RoleInfo (RoleInfo.java:shutdownLeaderState(94)) - s2: shutdown s2@group-F35FB90D7AD1-LeaderStateImpl
2023-11-28 06:43:28,674 [s0-impl-thread1] INFO  server.RaftServer$Division (ServerState.java:close(423)) - s0@group-F35FB90D7AD1: applyIndex: 4
2023-11-28 06:43:28,674 [s2@group-F35FB90D7AD1->s0-GrpcLogAppender-LogAppenderDaemon] WARN  server.GrpcLogAppender (GrpcLogAppender.java:mayWait(212)) - s2@group-F35FB90D7AD1->s0-GrpcLogAppender: Wait interrupted by java.lang.InterruptedException
2023-11-28 06:43:28,674 [s2-impl-thread1] INFO  impl.PendingRequests (PendingRequests.java:sendNotLeaderResponses(289)) - s2@group-F35FB90D7AD1-PendingRequests: sendNotLeaderResponses
2023-11-28 06:43:28,674 [s0@group-F35FB90D7AD1-cacheEviction-AwaitToRun] INFO  util.AwaitToRun (AwaitToRun.java:run(49)) - s0@group-F35FB90D7AD1-cacheEviction-AwaitToRun-AwaitForSignal is interrupted
2023-11-28 06:43:28,674 [s2@group-F35FB90D7AD1->s1-GrpcLogAppender-LogAppenderDaemon] WARN  server.GrpcLogAppender (GrpcLogAppender.java:mayWait(212)) - s2@group-F35FB90D7AD1->s1-GrpcLogAppender: Wait interrupted by java.lang.InterruptedException
2023-11-28 06:43:28,674 [grpc-default-executor-2] INFO  server.GrpcServerProtocolService (GrpcServerProtocolService.java:onCompleted(157)) - s0: Completed APPEND_ENTRIES, lastRequest: s2->s0#12-t1,previous=(t:1, i:3),leaderCommit=3,initializing? true,entries: size=1, first=(t:1, i:4), METADATAENTRY(c:3)
2023-11-28 06:43:28,674 [grpc-default-executor-1] INFO  server.GrpcServerProtocolService (GrpcServerProtocolService.java:onCompleted(157)) - s1: Completed APPEND_ENTRIES, lastRequest: s2->s1#11-t1,previous=(t:1, i:3),leaderCommit=3,initializing? true,entries: size=1, first=(t:1, i:4), METADATAENTRY(c:3)
2023-11-28 06:43:28,674 [grpc-default-executor-2] INFO  server.GrpcServerProtocolService (GrpcServerProtocolService.java:lambda$onCompleted$5(159)) - s0: Completed APPEND_ENTRIES, lastReply: null
2023-11-28 06:43:28,674 [grpc-default-executor-1] INFO  server.GrpcServerProtocolService (GrpcServerProtocolService.java:lambda$onCompleted$5(159)) - s1: Completed APPEND_ENTRIES, lastReply: null
2023-11-28 06:43:28,674 [grpc-default-executor-3] INFO  server.GrpcServerProtocolService (GrpcServerProtocolService.java:onCompleted(157)) - s0: Completed APPEND_ENTRIES, lastRequest: null
2023-11-28 06:43:28,675 [grpc-default-executor-1] INFO  server.GrpcLogAppender (GrpcLogAppender.java:onCompleted(469)) - s2@group-F35FB90D7AD1->s1-AppendLogResponseHandler: follower responses appendEntries COMPLETED
2023-11-28 06:43:28,675 [grpc-default-executor-3] INFO  server.GrpcServerProtocolService (GrpcServerProtocolService.java:lambda$onCompleted$5(159)) - s0: Completed APPEND_ENTRIES, lastReply: serverReply {
  requestorId: "s2"
  replyId: "s0"
  raftGroupId {
    id: "\242d\237\246\241+M\304\244d\363_\271\rz\321"
  }
  callId: 28
  success: true
}
term: 1
nextIndex: 5
followerCommit: 4
matchIndex: 18446744073709551615
isHearbeat: true

2023-11-28 06:43:28,675 [grpc-default-executor-3] INFO  server.GrpcServerProtocolService (GrpcServerProtocolService.java:onCompleted(157)) - s1: Completed APPEND_ENTRIES, lastRequest: null
2023-11-28 06:43:28,675 [grpc-default-executor-1] INFO  server.GrpcLogAppender (GrpcLogAppender.java:onCompleted(469)) - s2@group-F35FB90D7AD1->s0-AppendLogResponseHandler: follower responses appendEntries COMPLETED
2023-11-28 06:43:28,676 [Thread-226] INFO  server.GrpcServerProtocolClient (GrpcServerProtocolClient.java:close(103)) - s0 Close channels
2023-11-28 06:43:28,676 [Thread-229] INFO  server.GrpcServerProtocolClient (GrpcServerProtocolClient.java:close(103)) - s1 Close channels
2023-11-28 06:43:28,676 [Thread-228] INFO  server.GrpcServerProtocolClient (GrpcServerProtocolClient.java:close(103)) - s2 Close channels
2023-11-28 06:43:28,676 [Thread-227] INFO  server.GrpcServerProtocolClient (GrpcServerProtocolClient.java:close(103)) - s1 Close channels
2023-11-28 06:43:28,677 [s2-impl-thread1] INFO  impl.StateMachineUpdater (StateMachineUpdater.java:stopAndJoin(157)) - s2@group-F35FB90D7AD1-StateMachineUpdater: set stopIndex = 4
2023-11-28 06:43:28,678 [s2-impl-thread1] INFO  server.RaftServer$Division (ServerState.java:close(423)) - s2@group-F35FB90D7AD1: applyIndex: 4
2023-11-28 06:43:28,677 [MiniRaftCluster-7] INFO  server.GrpcService (GrpcService.java:closeImpl(320)) - s0: shutdown server org.apache.ratis.grpc.server.GrpcClientProtocolService successfully
2023-11-28 06:43:28,678 [MiniRaftCluster-7] INFO  server.GrpcService (GrpcService.java:closeImpl(311)) - s0: shutdown server GrpcServerProtocolService now
2023-11-28 06:43:28,678 [grpc-default-executor-3] INFO  server.GrpcServerProtocolService (GrpcServerProtocolService.java:lambda$onCompleted$5(159)) - s1: Completed APPEND_ENTRIES, lastReply: serverReply {
  requestorId: "s2"
  replyId: "s1"
  raftGroupId {
    id: "\242d\237\246\241+M\304\244d\363_\271\rz\321"
  }
  callId: 27
  success: true
}
term: 1
nextIndex: 5
followerCommit: 4
matchIndex: 18446744073709551615
isHearbeat: true

2023-11-28 06:43:28,678 [s2@group-F35FB90D7AD1-cacheEviction-AwaitToRun] INFO  util.AwaitToRun (AwaitToRun.java:run(49)) - s2@group-F35FB90D7AD1-cacheEviction-AwaitToRun-AwaitForSignal is interrupted
2023-11-28 06:43:28,678 [grpc-default-executor-3] INFO  server.GrpcLogAppender (GrpcLogAppender.java:onCompleted(469)) - s2@group-F35FB90D7AD1->s0-AppendLogResponseHandler: follower responses appendEntries COMPLETED
2023-11-28 06:43:28,678 [grpc-default-executor-3] WARN  server.GrpcLogAppender (GrpcLogAppender.java:resetClient(149)) - s2@group-F35FB90D7AD1->s0-GrpcLogAppender: Failed to getClient for s0
org.apache.ratis.protocol.exceptions.AlreadyClosedException: s2 is already CLOSED
	at org.apache.ratis.util.PeerProxyMap$PeerAndProxy.getProxy(PeerProxyMap.java:61)
	at org.apache.ratis.util.PeerProxyMap.getProxy(PeerProxyMap.java:110)
	at org.apache.ratis.grpc.server.GrpcLogAppender.getClient(GrpcLogAppender.java:121)
	at org.apache.ratis.grpc.server.GrpcLogAppender.resetClient(GrpcLogAppender.java:126)
	at org.apache.ratis.grpc.server.GrpcLogAppender.access$800(GrpcLogAppender.java:61)
	at org.apache.ratis.grpc.server.GrpcLogAppender$AppendLogResponseHandler.onCompleted(GrpcLogAppender.java:471)
	at org.apache.ratis.thirdparty.io.grpc.stub.ClientCalls$StreamObserverToCallListenerAdapter.onClose(ClientCalls.java:479)
	at org.apache.ratis.thirdparty.io.grpc.internal.ClientCallImpl.closeObserver(ClientCallImpl.java:567)
	at org.apache.ratis.thirdparty.io.grpc.internal.ClientCallImpl.access$300(ClientCallImpl.java:71)
	at org.apache.ratis.thirdparty.io.grpc.internal.ClientCallImpl$ClientStreamListenerImpl$1StreamClosed.runInternal(ClientCallImpl.java:735)
	at org.apache.ratis.thirdparty.io.grpc.internal.ClientCallImpl$ClientStreamListenerImpl$1StreamClosed.runInContext(ClientCallImpl.java:716)
	at org.apache.ratis.thirdparty.io.grpc.internal.ContextRunnable.run(ContextRunnable.java:37)
	at org.apache.ratis.thirdparty.io.grpc.internal.SerializingExecutor.run(SerializingExecutor.java:133)
	at java.base/java.util.concurrent.ThreadPoolExecutor.runWorker(ThreadPoolExecutor.java:1128)
	at java.base/java.util.concurrent.ThreadPoolExecutor$Worker.run(ThreadPoolExecutor.java:628)
	at java.base/java.lang.Thread.run(Thread.java:829)
2023-11-28 06:43:28,679 [s1-impl-thread1] INFO  server.RaftServer$Division (RaftServerImpl.java:lambda$close$3(516)) - s1@group-F35FB90D7AD1: shutdown
2023-11-28 06:43:28,679 [MiniRaftCluster-8] INFO  server.GrpcService (GrpcService.java:closeImpl(311)) - s1: shutdown server org.apache.ratis.grpc.server.GrpcClientProtocolService now
2023-11-28 06:43:28,679 [s1-impl-thread1] INFO  util.JmxRegister (JmxRegister.java:unregister(73)) - Successfully un-registered JMX Bean with object name Ratis:service=RaftServer,group=group-F35FB90D7AD1,id=s1
2023-11-28 06:43:28,679 [s1-impl-thread1] INFO  impl.RoleInfo (RoleInfo.java:shutdownFollowerState(110)) - s1: shutdown s1@group-F35FB90D7AD1-FollowerState
2023-11-28 06:43:28,679 [s1-impl-thread1] INFO  impl.StateMachineUpdater (StateMachineUpdater.java:stopAndJoin(157)) - s1@group-F35FB90D7AD1-StateMachineUpdater: set stopIndex = 4
2023-11-28 06:43:28,679 [s1@group-F35FB90D7AD1-FollowerState] INFO  impl.FollowerState (FollowerState.java:run(152)) - s1@group-F35FB90D7AD1-FollowerState was interrupted
2023-11-28 06:43:28,679 [grpc-default-executor-3] INFO  server.GrpcLogAppender (GrpcLogAppender.java:onCompleted(469)) - s2@group-F35FB90D7AD1->s1-AppendLogResponseHandler: follower responses appendEntries COMPLETED
2023-11-28 06:43:28,679 [grpc-default-executor-3] WARN  server.GrpcLogAppender (GrpcLogAppender.java:resetClient(149)) - s2@group-F35FB90D7AD1->s1-GrpcLogAppender: Failed to getClient for s1
org.apache.ratis.protocol.exceptions.AlreadyClosedException: s2 is already CLOSED
	at org.apache.ratis.util.PeerProxyMap$PeerAndProxy.getProxy(PeerProxyMap.java:61)
	at org.apache.ratis.util.PeerProxyMap.getProxy(PeerProxyMap.java:110)
	at org.apache.ratis.grpc.server.GrpcLogAppender.getClient(GrpcLogAppender.java:121)
	at org.apache.ratis.grpc.server.GrpcLogAppender.resetClient(GrpcLogAppender.java:126)
	at org.apache.ratis.grpc.server.GrpcLogAppender.access$800(GrpcLogAppender.java:61)
	at org.apache.ratis.grpc.server.GrpcLogAppender$AppendLogResponseHandler.onCompleted(GrpcLogAppender.java:471)
	at org.apache.ratis.thirdparty.io.grpc.stub.ClientCalls$StreamObserverToCallListenerAdapter.onClose(ClientCalls.java:479)
	at org.apache.ratis.thirdparty.io.grpc.internal.ClientCallImpl.closeObserver(ClientCallImpl.java:567)
	at org.apache.ratis.thirdparty.io.grpc.internal.ClientCallImpl.access$300(ClientCallImpl.java:71)
	at org.apache.ratis.thirdparty.io.grpc.internal.ClientCallImpl$ClientStreamListenerImpl$1StreamClosed.runInternal(ClientCallImpl.java:735)
	at org.apache.ratis.thirdparty.io.grpc.internal.ClientCallImpl$ClientStreamListenerImpl$1StreamClosed.runInContext(ClientCallImpl.java:716)
	at org.apache.ratis.thirdparty.io.grpc.internal.ContextRunnable.run(ContextRunnable.java:37)
	at org.apache.ratis.thirdparty.io.grpc.internal.SerializingExecutor.run(SerializingExecutor.java:133)
	at java.base/java.util.concurrent.ThreadPoolExecutor.runWorker(ThreadPoolExecutor.java:1128)
	at java.base/java.util.concurrent.ThreadPoolExecutor$Worker.run(ThreadPoolExecutor.java:628)
	at java.base/java.lang.Thread.run(Thread.java:829)
2023-11-28 06:43:28,679 [MiniRaftCluster-7] INFO  server.GrpcService (GrpcService.java:closeImpl(320)) - s0: shutdown server GrpcServerProtocolService successfully
2023-11-28 06:43:28,679 [MiniRaftCluster-7] INFO  server.GrpcService (GrpcService.java:closeImpl(311)) - s0: shutdown server org.apache.ratis.grpc.server.GrpcAdminProtocolService now
2023-11-28 06:43:28,679 [s1-impl-thread1] INFO  server.RaftServer$Division (ServerState.java:close(423)) - s1@group-F35FB90D7AD1: applyIndex: 4
2023-11-28 06:43:28,679 [MiniRaftCluster-9] INFO  server.GrpcService (GrpcService.java:closeImpl(320)) - s2: shutdown server org.apache.ratis.grpc.server.GrpcClientProtocolService successfully
2023-11-28 06:43:28,679 [MiniRaftCluster-9] INFO  server.GrpcService (GrpcService.java:closeImpl(311)) - s2: shutdown server GrpcServerProtocolService now
2023-11-28 06:43:28,679 [s1@group-F35FB90D7AD1-cacheEviction-AwaitToRun] INFO  util.AwaitToRun (AwaitToRun.java:run(49)) - s1@group-F35FB90D7AD1-cacheEviction-AwaitToRun-AwaitForSignal is interrupted
2023-11-28 06:43:28,681 [MiniRaftCluster-8] INFO  server.GrpcService (GrpcService.java:closeImpl(320)) - s1: shutdown server org.apache.ratis.grpc.server.GrpcClientProtocolService successfully
2023-11-28 06:43:28,681 [MiniRaftCluster-8] INFO  server.GrpcService (GrpcService.java:closeImpl(311)) - s1: shutdown server GrpcServerProtocolService now
2023-11-28 06:43:28,686 [MiniRaftCluster-8] INFO  server.GrpcService (GrpcService.java:closeImpl(320)) - s1: shutdown server GrpcServerProtocolService successfully
2023-11-28 06:43:28,686 [MiniRaftCluster-8] INFO  server.GrpcService (GrpcService.java:closeImpl(311)) - s1: shutdown server org.apache.ratis.grpc.server.GrpcAdminProtocolService now
2023-11-28 06:43:28,686 [MiniRaftCluster-7] INFO  server.GrpcService (GrpcService.java:closeImpl(320)) - s0: shutdown server org.apache.ratis.grpc.server.GrpcAdminProtocolService successfully
2023-11-28 06:43:28,686 [MiniRaftCluster-8] INFO  server.GrpcService (GrpcService.java:closeImpl(320)) - s1: shutdown server org.apache.ratis.grpc.server.GrpcAdminProtocolService successfully
2023-11-28 06:43:28,687 [MiniRaftCluster-9] INFO  server.GrpcService (GrpcService.java:closeImpl(320)) - s2: shutdown server GrpcServerProtocolService successfully
2023-11-28 06:43:28,687 [MiniRaftCluster-9] INFO  server.GrpcService (GrpcService.java:closeImpl(311)) - s2: shutdown server org.apache.ratis.grpc.server.GrpcAdminProtocolService now
2023-11-28 06:43:28,687 [MiniRaftCluster-9] INFO  server.GrpcService (GrpcService.java:closeImpl(320)) - s2: shutdown server org.apache.ratis.grpc.server.GrpcAdminProtocolService successfully
2023-11-28 06:43:28,747 [grpc-default-executor-1] ERROR impl.OrderedAsync (OrderedAsync.java:lambda$sendRequest$9(247)) - client-23DA7E6A7FE2: Failed* RaftClientRequest:client-23DA7E6A7FE2->s0@group-9F468C9C58F9, cid=6, seq=1*, Watch(0), null
java.util.concurrent.CompletionException: java.io.IOException: org.apache.ratis.thirdparty.io.grpc.StatusRuntimeException: UNAVAILABLE: io exception
	at java.base/java.util.concurrent.CompletableFuture.encodeThrowable(CompletableFuture.java:331)
	at java.base/java.util.concurrent.CompletableFuture.completeThrowable(CompletableFuture.java:346)
	at java.base/java.util.concurrent.CompletableFuture$UniApply.tryFire(CompletableFuture.java:632)
	at java.base/java.util.concurrent.CompletableFuture.postComplete(CompletableFuture.java:506)
	at java.base/java.util.concurrent.CompletableFuture.completeExceptionally(CompletableFuture.java:2094)
	at org.apache.ratis.grpc.client.GrpcClientProtocolClient$AsyncStreamObservers.completeReplyExceptionally(GrpcClientProtocolClient.java:394)
	at org.apache.ratis.grpc.client.GrpcClientProtocolClient$AsyncStreamObservers.access$000(GrpcClientProtocolClient.java:300)
	at org.apache.ratis.grpc.client.GrpcClientProtocolClient$AsyncStreamObservers$1.onError(GrpcClientProtocolClient.java:331)
	at org.apache.ratis.thirdparty.io.grpc.stub.ClientCalls$StreamObserverToCallListenerAdapter.onClose(ClientCalls.java:481)
	at org.apache.ratis.thirdparty.io.grpc.PartialForwardingClientCallListener.onClose(PartialForwardingClientCallListener.java:39)
	at org.apache.ratis.thirdparty.io.grpc.ForwardingClientCallListener.onClose(ForwardingClientCallListener.java:23)
	at org.apache.ratis.grpc.metrics.intercept.client.MetricClientCallListener.onClose(MetricClientCallListener.java:47)
	at org.apache.ratis.thirdparty.io.grpc.internal.DelayedClientCall$DelayedListener$3.run(DelayedClientCall.java:489)
	at org.apache.ratis.thirdparty.io.grpc.internal.DelayedClientCall$DelayedListener.delayOrExecute(DelayedClientCall.java:453)
	at org.apache.ratis.thirdparty.io.grpc.internal.DelayedClientCall$DelayedListener.onClose(DelayedClientCall.java:486)
	at org.apache.ratis.thirdparty.io.grpc.internal.ClientCallImpl.closeObserver(ClientCallImpl.java:567)
	at org.apache.ratis.thirdparty.io.grpc.internal.ClientCallImpl.access$300(ClientCallImpl.java:71)
	at org.apache.ratis.thirdparty.io.grpc.internal.ClientCallImpl$ClientStreamListenerImpl$1StreamClosed.runInternal(ClientCallImpl.java:735)
	at org.apache.ratis.thirdparty.io.grpc.internal.ClientCallImpl$ClientStreamListenerImpl$1StreamClosed.runInContext(ClientCallImpl.java:716)
	at org.apache.ratis.thirdparty.io.grpc.internal.ContextRunnable.run(ContextRunnable.java:37)
	at org.apache.ratis.thirdparty.io.grpc.internal.SerializingExecutor.run(SerializingExecutor.java:133)
	at java.base/java.util.concurrent.ThreadPoolExecutor.runWorker(ThreadPoolExecutor.java:1128)
	at java.base/java.util.concurrent.ThreadPoolExecutor$Worker.run(ThreadPoolExecutor.java:628)
	at java.base/java.lang.Thread.run(Thread.java:829)
Caused by: java.io.IOException: org.apache.ratis.thirdparty.io.grpc.StatusRuntimeException: UNAVAILABLE: io exception
	at org.apache.ratis.grpc.GrpcUtil.unwrapException(GrpcUtil.java:99)
	at org.apache.ratis.grpc.GrpcUtil.unwrapIOException(GrpcUtil.java:159)
	at org.apache.ratis.grpc.client.GrpcClientProtocolClient$AsyncStreamObservers$1.onError(GrpcClientProtocolClient.java:330)
	... 16 more
Caused by: org.apache.ratis.thirdparty.io.grpc.StatusRuntimeException: UNAVAILABLE: io exception
	at org.apache.ratis.thirdparty.io.grpc.Status.asRuntimeException(Status.java:537)
	... 16 more
Caused by: org.apache.ratis.thirdparty.io.netty.channel.AbstractChannel$AnnotatedConnectException: finishConnect(..) failed: Connection refused: localhost/127.0.0.1:43007
Caused by: java.net.ConnectException: finishConnect(..) failed: Connection refused
	at org.apache.ratis.thirdparty.io.netty.channel.unix.Errors.newConnectException0(Errors.java:166)
	at org.apache.ratis.thirdparty.io.netty.channel.unix.Errors.handleConnectErrno(Errors.java:131)
	at org.apache.ratis.thirdparty.io.netty.channel.unix.Socket.finishConnect(Socket.java:359)
	at org.apache.ratis.thirdparty.io.netty.channel.epoll.AbstractEpollChannel$AbstractEpollUnsafe.doFinishConnect(AbstractEpollChannel.java:710)
	at org.apache.ratis.thirdparty.io.netty.channel.epoll.AbstractEpollChannel$AbstractEpollUnsafe.finishConnect(AbstractEpollChannel.java:687)
	at org.apache.ratis.thirdparty.io.netty.channel.epoll.AbstractEpollChannel$AbstractEpollUnsafe.epollOutReady(AbstractEpollChannel.java:567)
	at org.apache.ratis.thirdparty.io.netty.channel.epoll.EpollEventLoop.processReady(EpollEventLoop.java:499)
	at org.apache.ratis.thirdparty.io.netty.channel.epoll.EpollEventLoop.run(EpollEventLoop.java:407)
	at org.apache.ratis.thirdparty.io.netty.util.concurrent.SingleThreadEventExecutor$4.run(SingleThreadEventExecutor.java:997)
	at org.apache.ratis.thirdparty.io.netty.util.internal.ThreadExecutorMap$2.run(ThreadExecutorMap.java:74)
	at org.apache.ratis.thirdparty.io.netty.util.concurrent.FastThreadLocalRunnable.run(FastThreadLocalRunnable.java:30)
	at java.base/java.lang.Thread.run(Thread.java:829)
2023-11-28 06:43:28,851 [grpc-default-executor-3] ERROR impl.OrderedAsync (OrderedAsync.java:lambda$sendRequest$9(247)) - client-23DA7E6A7FE2: Failed* RaftClientRequest:client-23DA7E6A7FE2->s1@group-9F468C9C58F9, cid=6, seq=1*, Watch(0), null
java.util.concurrent.CompletionException: java.io.IOException: org.apache.ratis.thirdparty.io.grpc.StatusRuntimeException: UNAVAILABLE: io exception
	at java.base/java.util.concurrent.CompletableFuture.encodeThrowable(CompletableFuture.java:331)
	at java.base/java.util.concurrent.CompletableFuture.completeThrowable(CompletableFuture.java:346)
	at java.base/java.util.concurrent.CompletableFuture$UniApply.tryFire(CompletableFuture.java:632)
	at java.base/java.util.concurrent.CompletableFuture.postComplete(CompletableFuture.java:506)
	at java.base/java.util.concurrent.CompletableFuture.completeExceptionally(CompletableFuture.java:2094)
	at org.apache.ratis.grpc.client.GrpcClientProtocolClient$AsyncStreamObservers.completeReplyExceptionally(GrpcClientProtocolClient.java:394)
	at org.apache.ratis.grpc.client.GrpcClientProtocolClient$AsyncStreamObservers.access$000(GrpcClientProtocolClient.java:300)
	at org.apache.ratis.grpc.client.GrpcClientProtocolClient$AsyncStreamObservers$1.onError(GrpcClientProtocolClient.java:331)
	at org.apache.ratis.thirdparty.io.grpc.stub.ClientCalls$StreamObserverToCallListenerAdapter.onClose(ClientCalls.java:481)
	at org.apache.ratis.thirdparty.io.grpc.PartialForwardingClientCallListener.onClose(PartialForwardingClientCallListener.java:39)
	at org.apache.ratis.thirdparty.io.grpc.ForwardingClientCallListener.onClose(ForwardingClientCallListener.java:23)
	at org.apache.ratis.grpc.metrics.intercept.client.MetricClientCallListener.onClose(MetricClientCallListener.java:47)
	at org.apache.ratis.thirdparty.io.grpc.internal.DelayedClientCall$DelayedListener$3.run(DelayedClientCall.java:489)
	at org.apache.ratis.thirdparty.io.grpc.internal.DelayedClientCall$DelayedListener.delayOrExecute(DelayedClientCall.java:453)
	at org.apache.ratis.thirdparty.io.grpc.internal.DelayedClientCall$DelayedListener.onClose(DelayedClientCall.java:486)
	at org.apache.ratis.thirdparty.io.grpc.internal.ClientCallImpl.closeObserver(ClientCallImpl.java:567)
	at org.apache.ratis.thirdparty.io.grpc.internal.ClientCallImpl.access$300(ClientCallImpl.java:71)
	at org.apache.ratis.thirdparty.io.grpc.internal.ClientCallImpl$ClientStreamListenerImpl$1StreamClosed.runInternal(ClientCallImpl.java:735)
	at org.apache.ratis.thirdparty.io.grpc.internal.ClientCallImpl$ClientStreamListenerImpl$1StreamClosed.runInContext(ClientCallImpl.java:716)
	at org.apache.ratis.thirdparty.io.grpc.internal.ContextRunnable.run(ContextRunnable.java:37)
	at org.apache.ratis.thirdparty.io.grpc.internal.SerializingExecutor.run(SerializingExecutor.java:133)
	at java.base/java.util.concurrent.ThreadPoolExecutor.runWorker(ThreadPoolExecutor.java:1128)
	at java.base/java.util.concurrent.ThreadPoolExecutor$Worker.run(ThreadPoolExecutor.java:628)
	at java.base/java.lang.Thread.run(Thread.java:829)
Caused by: java.io.IOException: org.apache.ratis.thirdparty.io.grpc.StatusRuntimeException: UNAVAILABLE: io exception
	at org.apache.ratis.grpc.GrpcUtil.unwrapException(GrpcUtil.java:99)
	at org.apache.ratis.grpc.GrpcUtil.unwrapIOException(GrpcUtil.java:159)
	at org.apache.ratis.grpc.client.GrpcClientProtocolClient$AsyncStreamObservers$1.onError(GrpcClientProtocolClient.java:330)
	... 16 more
Caused by: org.apache.ratis.thirdparty.io.grpc.StatusRuntimeException: UNAVAILABLE: io exception
	at org.apache.ratis.thirdparty.io.grpc.Status.asRuntimeException(Status.java:537)
	... 16 more
Caused by: org.apache.ratis.thirdparty.io.netty.channel.AbstractChannel$AnnotatedConnectException: finishConnect(..) failed: Connection refused: localhost/127.0.0.1:37939
Caused by: java.net.ConnectException: finishConnect(..) failed: Connection refused
	at org.apache.ratis.thirdparty.io.netty.channel.unix.Errors.newConnectException0(Errors.java:166)
	at org.apache.ratis.thirdparty.io.netty.channel.unix.Errors.handleConnectErrno(Errors.java:131)
	at org.apache.ratis.thirdparty.io.netty.channel.unix.Socket.finishConnect(Socket.java:359)
	at org.apache.ratis.thirdparty.io.netty.channel.epoll.AbstractEpollChannel$AbstractEpollUnsafe.doFinishConnect(AbstractEpollChannel.java:710)
	at org.apache.ratis.thirdparty.io.netty.channel.epoll.AbstractEpollChannel$AbstractEpollUnsafe.finishConnect(AbstractEpollChannel.java:687)
	at org.apache.ratis.thirdparty.io.netty.channel.epoll.AbstractEpollChannel$AbstractEpollUnsafe.epollOutReady(AbstractEpollChannel.java:567)
	at org.apache.ratis.thirdparty.io.netty.channel.epoll.EpollEventLoop.processReady(EpollEventLoop.java:499)
	at org.apache.ratis.thirdparty.io.netty.channel.epoll.EpollEventLoop.run(EpollEventLoop.java:407)
	at org.apache.ratis.thirdparty.io.netty.util.concurrent.SingleThreadEventExecutor$4.run(SingleThreadEventExecutor.java:997)
	at org.apache.ratis.thirdparty.io.netty.util.internal.ThreadExecutorMap$2.run(ThreadExecutorMap.java:74)
	at org.apache.ratis.thirdparty.io.netty.util.concurrent.FastThreadLocalRunnable.run(FastThreadLocalRunnable.java:30)
	at java.base/java.lang.Thread.run(Thread.java:829)
2023-11-28 06:43:28,954 [grpc-default-executor-2] ERROR impl.OrderedAsync (OrderedAsync.java:lambda$sendRequest$9(247)) - client-23DA7E6A7FE2: Failed* RaftClientRequest:client-23DA7E6A7FE2->s0@group-9F468C9C58F9, cid=6, seq=1*, Watch(0), null
java.util.concurrent.CompletionException: java.io.IOException: org.apache.ratis.thirdparty.io.grpc.StatusRuntimeException: UNAVAILABLE: io exception
	at java.base/java.util.concurrent.CompletableFuture.encodeThrowable(CompletableFuture.java:331)
	at java.base/java.util.concurrent.CompletableFuture.completeThrowable(CompletableFuture.java:346)
	at java.base/java.util.concurrent.CompletableFuture$UniApply.tryFire(CompletableFuture.java:632)
	at java.base/java.util.concurrent.CompletableFuture.postComplete(CompletableFuture.java:506)
	at java.base/java.util.concurrent.CompletableFuture.completeExceptionally(CompletableFuture.java:2094)
	at org.apache.ratis.grpc.client.GrpcClientProtocolClient$AsyncStreamObservers.completeReplyExceptionally(GrpcClientProtocolClient.java:394)
	at org.apache.ratis.grpc.client.GrpcClientProtocolClient$AsyncStreamObservers.access$000(GrpcClientProtocolClient.java:300)
	at org.apache.ratis.grpc.client.GrpcClientProtocolClient$AsyncStreamObservers$1.onError(GrpcClientProtocolClient.java:331)
	at org.apache.ratis.thirdparty.io.grpc.stub.ClientCalls$StreamObserverToCallListenerAdapter.onClose(ClientCalls.java:481)
	at org.apache.ratis.thirdparty.io.grpc.PartialForwardingClientCallListener.onClose(PartialForwardingClientCallListener.java:39)
	at org.apache.ratis.thirdparty.io.grpc.ForwardingClientCallListener.onClose(ForwardingClientCallListener.java:23)
	at org.apache.ratis.grpc.metrics.intercept.client.MetricClientCallListener.onClose(MetricClientCallListener.java:47)
	at org.apache.ratis.thirdparty.io.grpc.internal.DelayedClientCall$DelayedListener$3.run(DelayedClientCall.java:489)
	at org.apache.ratis.thirdparty.io.grpc.internal.DelayedClientCall$DelayedListener.delayOrExecute(DelayedClientCall.java:453)
	at org.apache.ratis.thirdparty.io.grpc.internal.DelayedClientCall$DelayedListener.onClose(DelayedClientCall.java:486)
	at org.apache.ratis.thirdparty.io.grpc.internal.ClientCallImpl.closeObserver(ClientCallImpl.java:567)
	at org.apache.ratis.thirdparty.io.grpc.internal.ClientCallImpl.access$300(ClientCallImpl.java:71)
	at org.apache.ratis.thirdparty.io.grpc.internal.ClientCallImpl$ClientStreamListenerImpl$1StreamClosed.runInternal(ClientCallImpl.java:735)
	at org.apache.ratis.thirdparty.io.grpc.internal.ClientCallImpl$ClientStreamListenerImpl$1StreamClosed.runInContext(ClientCallImpl.java:716)
	at org.apache.ratis.thirdparty.io.grpc.internal.ContextRunnable.run(ContextRunnable.java:37)
	at org.apache.ratis.thirdparty.io.grpc.internal.SerializingExecutor.run(SerializingExecutor.java:133)
	at java.base/java.util.concurrent.ThreadPoolExecutor.runWorker(ThreadPoolExecutor.java:1128)
	at java.base/java.util.concurrent.ThreadPoolExecutor$Worker.run(ThreadPoolExecutor.java:628)
	at java.base/java.lang.Thread.run(Thread.java:829)
Caused by: java.io.IOException: org.apache.ratis.thirdparty.io.grpc.StatusRuntimeException: UNAVAILABLE: io exception
	at org.apache.ratis.grpc.GrpcUtil.unwrapException(GrpcUtil.java:99)
	at org.apache.ratis.grpc.GrpcUtil.unwrapIOException(GrpcUtil.java:159)
	at org.apache.ratis.grpc.client.GrpcClientProtocolClient$AsyncStreamObservers$1.onError(GrpcClientProtocolClient.java:330)
	... 16 more
Caused by: org.apache.ratis.thirdparty.io.grpc.StatusRuntimeException: UNAVAILABLE: io exception
	at org.apache.ratis.thirdparty.io.grpc.Status.asRuntimeException(Status.java:537)
	... 16 more
Caused by: org.apache.ratis.thirdparty.io.netty.channel.AbstractChannel$AnnotatedConnectException: finishConnect(..) failed: Connection refused: localhost/127.0.0.1:43007
Caused by: java.net.ConnectException: finishConnect(..) failed: Connection refused
	at org.apache.ratis.thirdparty.io.netty.channel.unix.Errors.newConnectException0(Errors.java:166)
	at org.apache.ratis.thirdparty.io.netty.channel.unix.Errors.handleConnectErrno(Errors.java:131)
	at org.apache.ratis.thirdparty.io.netty.channel.unix.Socket.finishConnect(Socket.java:359)
	at org.apache.ratis.thirdparty.io.netty.channel.epoll.AbstractEpollChannel$AbstractEpollUnsafe.doFinishConnect(AbstractEpollChannel.java:710)
	at org.apache.ratis.thirdparty.io.netty.channel.epoll.AbstractEpollChannel$AbstractEpollUnsafe.finishConnect(AbstractEpollChannel.java:687)
	at org.apache.ratis.thirdparty.io.netty.channel.epoll.AbstractEpollChannel$AbstractEpollUnsafe.epollOutReady(AbstractEpollChannel.java:567)
	at org.apache.ratis.thirdparty.io.netty.channel.epoll.EpollEventLoop.processReady(EpollEventLoop.java:499)
	at org.apache.ratis.thirdparty.io.netty.channel.epoll.EpollEventLoop.run(EpollEventLoop.java:407)
	at org.apache.ratis.thirdparty.io.netty.util.concurrent.SingleThreadEventExecutor$4.run(SingleThreadEventExecutor.java:997)
	at org.apache.ratis.thirdparty.io.netty.util.internal.ThreadExecutorMap$2.run(ThreadExecutorMap.java:74)
	at org.apache.ratis.thirdparty.io.netty.util.concurrent.FastThreadLocalRunnable.run(FastThreadLocalRunnable.java:30)
	at java.base/java.lang.Thread.run(Thread.java:829)
2023-11-28 06:43:29,057 [grpc-default-executor-3] ERROR impl.OrderedAsync (OrderedAsync.java:lambda$sendRequest$9(247)) - client-23DA7E6A7FE2: Failed* RaftClientRequest:client-23DA7E6A7FE2->s2@group-9F468C9C58F9, cid=6, seq=1*, Watch(0), null
java.util.concurrent.CompletionException: java.io.IOException: org.apache.ratis.thirdparty.io.grpc.StatusRuntimeException: UNAVAILABLE: io exception
	at java.base/java.util.concurrent.CompletableFuture.encodeThrowable(CompletableFuture.java:331)
	at java.base/java.util.concurrent.CompletableFuture.completeThrowable(CompletableFuture.java:346)
	at java.base/java.util.concurrent.CompletableFuture$UniApply.tryFire(CompletableFuture.java:632)
	at java.base/java.util.concurrent.CompletableFuture.postComplete(CompletableFuture.java:506)
	at java.base/java.util.concurrent.CompletableFuture.completeExceptionally(CompletableFuture.java:2094)
	at org.apache.ratis.grpc.client.GrpcClientProtocolClient$AsyncStreamObservers.completeReplyExceptionally(GrpcClientProtocolClient.java:394)
	at org.apache.ratis.grpc.client.GrpcClientProtocolClient$AsyncStreamObservers.access$000(GrpcClientProtocolClient.java:300)
	at org.apache.ratis.grpc.client.GrpcClientProtocolClient$AsyncStreamObservers$1.onError(GrpcClientProtocolClient.java:331)
	at org.apache.ratis.thirdparty.io.grpc.stub.ClientCalls$StreamObserverToCallListenerAdapter.onClose(ClientCalls.java:481)
	at org.apache.ratis.thirdparty.io.grpc.PartialForwardingClientCallListener.onClose(PartialForwardingClientCallListener.java:39)
	at org.apache.ratis.thirdparty.io.grpc.ForwardingClientCallListener.onClose(ForwardingClientCallListener.java:23)
	at org.apache.ratis.grpc.metrics.intercept.client.MetricClientCallListener.onClose(MetricClientCallListener.java:47)
	at org.apache.ratis.thirdparty.io.grpc.internal.DelayedClientCall$DelayedListener$3.run(DelayedClientCall.java:489)
	at org.apache.ratis.thirdparty.io.grpc.internal.DelayedClientCall$DelayedListener.delayOrExecute(DelayedClientCall.java:453)
	at org.apache.ratis.thirdparty.io.grpc.internal.DelayedClientCall$DelayedListener.onClose(DelayedClientCall.java:486)
	at org.apache.ratis.thirdparty.io.grpc.internal.ClientCallImpl.closeObserver(ClientCallImpl.java:567)
	at org.apache.ratis.thirdparty.io.grpc.internal.ClientCallImpl.access$300(ClientCallImpl.java:71)
	at org.apache.ratis.thirdparty.io.grpc.internal.ClientCallImpl$ClientStreamListenerImpl$1StreamClosed.runInternal(ClientCallImpl.java:735)
	at org.apache.ratis.thirdparty.io.grpc.internal.ClientCallImpl$ClientStreamListenerImpl$1StreamClosed.runInContext(ClientCallImpl.java:716)
	at org.apache.ratis.thirdparty.io.grpc.internal.ContextRunnable.run(ContextRunnable.java:37)
	at org.apache.ratis.thirdparty.io.grpc.internal.SerializingExecutor.run(SerializingExecutor.java:133)
	at java.base/java.util.concurrent.ThreadPoolExecutor.runWorker(ThreadPoolExecutor.java:1128)
	at java.base/java.util.concurrent.ThreadPoolExecutor$Worker.run(ThreadPoolExecutor.java:628)
	at java.base/java.lang.Thread.run(Thread.java:829)
Caused by: java.io.IOException: org.apache.ratis.thirdparty.io.grpc.StatusRuntimeException: UNAVAILABLE: io exception
	at org.apache.ratis.grpc.GrpcUtil.unwrapException(GrpcUtil.java:99)
	at org.apache.ratis.grpc.GrpcUtil.unwrapIOException(GrpcUtil.java:159)
	at org.apache.ratis.grpc.client.GrpcClientProtocolClient$AsyncStreamObservers$1.onError(GrpcClientProtocolClient.java:330)
	... 16 more
Caused by: org.apache.ratis.thirdparty.io.grpc.StatusRuntimeException: UNAVAILABLE: io exception
	at org.apache.ratis.thirdparty.io.grpc.Status.asRuntimeException(Status.java:537)
	... 16 more
Caused by: org.apache.ratis.thirdparty.io.netty.channel.AbstractChannel$AnnotatedConnectException: finishConnect(..) failed: Connection refused: localhost/127.0.0.1:37249
Caused by: java.net.ConnectException: finishConnect(..) failed: Connection refused
	at org.apache.ratis.thirdparty.io.netty.channel.unix.Errors.newConnectException0(Errors.java:166)
	at org.apache.ratis.thirdparty.io.netty.channel.unix.Errors.handleConnectErrno(Errors.java:131)
	at org.apache.ratis.thirdparty.io.netty.channel.unix.Socket.finishConnect(Socket.java:359)
	at org.apache.ratis.thirdparty.io.netty.channel.epoll.AbstractEpollChannel$AbstractEpollUnsafe.doFinishConnect(AbstractEpollChannel.java:710)
	at org.apache.ratis.thirdparty.io.netty.channel.epoll.AbstractEpollChannel$AbstractEpollUnsafe.finishConnect(AbstractEpollChannel.java:687)
	at org.apache.ratis.thirdparty.io.netty.channel.epoll.AbstractEpollChannel$AbstractEpollUnsafe.epollOutReady(AbstractEpollChannel.java:567)
	at org.apache.ratis.thirdparty.io.netty.channel.epoll.EpollEventLoop.processReady(EpollEventLoop.java:499)
	at org.apache.ratis.thirdparty.io.netty.channel.epoll.EpollEventLoop.run(EpollEventLoop.java:407)
	at org.apache.ratis.thirdparty.io.netty.util.concurrent.SingleThreadEventExecutor$4.run(SingleThreadEventExecutor.java:997)
	at org.apache.ratis.thirdparty.io.netty.util.internal.ThreadExecutorMap$2.run(ThreadExecutorMap.java:74)
	at org.apache.ratis.thirdparty.io.netty.util.concurrent.FastThreadLocalRunnable.run(FastThreadLocalRunnable.java:30)
	at java.base/java.lang.Thread.run(Thread.java:829)
2023-11-28 06:43:29,159 [grpc-default-executor-1] ERROR impl.OrderedAsync (OrderedAsync.java:lambda$sendRequest$9(247)) - client-23DA7E6A7FE2: Failed* RaftClientRequest:client-23DA7E6A7FE2->s1@group-9F468C9C58F9, cid=6, seq=1*, Watch(0), null
java.util.concurrent.CompletionException: java.io.IOException: org.apache.ratis.thirdparty.io.grpc.StatusRuntimeException: UNAVAILABLE: io exception
	at java.base/java.util.concurrent.CompletableFuture.encodeThrowable(CompletableFuture.java:331)
	at java.base/java.util.concurrent.CompletableFuture.completeThrowable(CompletableFuture.java:346)
	at java.base/java.util.concurrent.CompletableFuture$UniApply.tryFire(CompletableFuture.java:632)
	at java.base/java.util.concurrent.CompletableFuture.postComplete(CompletableFuture.java:506)
	at java.base/java.util.concurrent.CompletableFuture.completeExceptionally(CompletableFuture.java:2094)
	at org.apache.ratis.grpc.client.GrpcClientProtocolClient$AsyncStreamObservers.completeReplyExceptionally(GrpcClientProtocolClient.java:394)
	at org.apache.ratis.grpc.client.GrpcClientProtocolClient$AsyncStreamObservers.access$000(GrpcClientProtocolClient.java:300)
	at org.apache.ratis.grpc.client.GrpcClientProtocolClient$AsyncStreamObservers$1.onError(GrpcClientProtocolClient.java:331)
	at org.apache.ratis.thirdparty.io.grpc.stub.ClientCalls$StreamObserverToCallListenerAdapter.onClose(ClientCalls.java:481)
	at org.apache.ratis.thirdparty.io.grpc.PartialForwardingClientCallListener.onClose(PartialForwardingClientCallListener.java:39)
	at org.apache.ratis.thirdparty.io.grpc.ForwardingClientCallListener.onClose(ForwardingClientCallListener.java:23)
	at org.apache.ratis.grpc.metrics.intercept.client.MetricClientCallListener.onClose(MetricClientCallListener.java:47)
	at org.apache.ratis.thirdparty.io.grpc.internal.DelayedClientCall$DelayedListener$3.run(DelayedClientCall.java:489)
	at org.apache.ratis.thirdparty.io.grpc.internal.DelayedClientCall$DelayedListener.delayOrExecute(DelayedClientCall.java:453)
	at org.apache.ratis.thirdparty.io.grpc.internal.DelayedClientCall$DelayedListener.onClose(DelayedClientCall.java:486)
	at org.apache.ratis.thirdparty.io.grpc.internal.ClientCallImpl.closeObserver(ClientCallImpl.java:567)
	at org.apache.ratis.thirdparty.io.grpc.internal.ClientCallImpl.access$300(ClientCallImpl.java:71)
	at org.apache.ratis.thirdparty.io.grpc.internal.ClientCallImpl$ClientStreamListenerImpl$1StreamClosed.runInternal(ClientCallImpl.java:735)
	at org.apache.ratis.thirdparty.io.grpc.internal.ClientCallImpl$ClientStreamListenerImpl$1StreamClosed.runInContext(ClientCallImpl.java:716)
	at org.apache.ratis.thirdparty.io.grpc.internal.ContextRunnable.run(ContextRunnable.java:37)
	at org.apache.ratis.thirdparty.io.grpc.internal.SerializingExecutor.run(SerializingExecutor.java:133)
	at java.base/java.util.concurrent.ThreadPoolExecutor.runWorker(ThreadPoolExecutor.java:1128)
	at java.base/java.util.concurrent.ThreadPoolExecutor$Worker.run(ThreadPoolExecutor.java:628)
	at java.base/java.lang.Thread.run(Thread.java:829)
Caused by: java.io.IOException: org.apache.ratis.thirdparty.io.grpc.StatusRuntimeException: UNAVAILABLE: io exception
	at org.apache.ratis.grpc.GrpcUtil.unwrapException(GrpcUtil.java:99)
	at org.apache.ratis.grpc.GrpcUtil.unwrapIOException(GrpcUtil.java:159)
	at org.apache.ratis.grpc.client.GrpcClientProtocolClient$AsyncStreamObservers$1.onError(GrpcClientProtocolClient.java:330)
	... 16 more
Caused by: org.apache.ratis.thirdparty.io.grpc.StatusRuntimeException: UNAVAILABLE: io exception
	at org.apache.ratis.thirdparty.io.grpc.Status.asRuntimeException(Status.java:537)
	... 16 more
Caused by: org.apache.ratis.thirdparty.io.netty.channel.AbstractChannel$AnnotatedConnectException: finishConnect(..) failed: Connection refused: localhost/127.0.0.1:37939
Caused by: java.net.ConnectException: finishConnect(..) failed: Connection refused
	at org.apache.ratis.thirdparty.io.netty.channel.unix.Errors.newConnectException0(Errors.java:166)
	at org.apache.ratis.thirdparty.io.netty.channel.unix.Errors.handleConnectErrno(Errors.java:131)
	at org.apache.ratis.thirdparty.io.netty.channel.unix.Socket.finishConnect(Socket.java:359)
	at org.apache.ratis.thirdparty.io.netty.channel.epoll.AbstractEpollChannel$AbstractEpollUnsafe.doFinishConnect(AbstractEpollChannel.java:710)
	at org.apache.ratis.thirdparty.io.netty.channel.epoll.AbstractEpollChannel$AbstractEpollUnsafe.finishConnect(AbstractEpollChannel.java:687)
	at org.apache.ratis.thirdparty.io.netty.channel.epoll.AbstractEpollChannel$AbstractEpollUnsafe.epollOutReady(AbstractEpollChannel.java:567)
	at org.apache.ratis.thirdparty.io.netty.channel.epoll.EpollEventLoop.processReady(EpollEventLoop.java:499)
	at org.apache.ratis.thirdparty.io.netty.channel.epoll.EpollEventLoop.run(EpollEventLoop.java:407)
	at org.apache.ratis.thirdparty.io.netty.util.concurrent.SingleThreadEventExecutor$4.run(SingleThreadEventExecutor.java:997)
	at org.apache.ratis.thirdparty.io.netty.util.internal.ThreadExecutorMap$2.run(ThreadExecutorMap.java:74)
	at org.apache.ratis.thirdparty.io.netty.util.concurrent.FastThreadLocalRunnable.run(FastThreadLocalRunnable.java:30)
	at java.base/java.lang.Thread.run(Thread.java:829)
2023-11-28 06:43:29,262 [grpc-default-executor-2] ERROR impl.OrderedAsync (OrderedAsync.java:lambda$sendRequest$9(247)) - client-23DA7E6A7FE2: Failed* RaftClientRequest:client-23DA7E6A7FE2->s0@group-9F468C9C58F9, cid=6, seq=1*, Watch(0), null
java.util.concurrent.CompletionException: java.io.IOException: org.apache.ratis.thirdparty.io.grpc.StatusRuntimeException: UNAVAILABLE: io exception
	at java.base/java.util.concurrent.CompletableFuture.encodeThrowable(CompletableFuture.java:331)
	at java.base/java.util.concurrent.CompletableFuture.completeThrowable(CompletableFuture.java:346)
	at java.base/java.util.concurrent.CompletableFuture$UniApply.tryFire(CompletableFuture.java:632)
	at java.base/java.util.concurrent.CompletableFuture.postComplete(CompletableFuture.java:506)
	at java.base/java.util.concurrent.CompletableFuture.completeExceptionally(CompletableFuture.java:2094)
	at org.apache.ratis.grpc.client.GrpcClientProtocolClient$AsyncStreamObservers.completeReplyExceptionally(GrpcClientProtocolClient.java:394)
	at org.apache.ratis.grpc.client.GrpcClientProtocolClient$AsyncStreamObservers.access$000(GrpcClientProtocolClient.java:300)
	at org.apache.ratis.grpc.client.GrpcClientProtocolClient$AsyncStreamObservers$1.onError(GrpcClientProtocolClient.java:331)
	at org.apache.ratis.thirdparty.io.grpc.stub.ClientCalls$StreamObserverToCallListenerAdapter.onClose(ClientCalls.java:481)
	at org.apache.ratis.thirdparty.io.grpc.PartialForwardingClientCallListener.onClose(PartialForwardingClientCallListener.java:39)
	at org.apache.ratis.thirdparty.io.grpc.ForwardingClientCallListener.onClose(ForwardingClientCallListener.java:23)
	at org.apache.ratis.grpc.metrics.intercept.client.MetricClientCallListener.onClose(MetricClientCallListener.java:47)
	at org.apache.ratis.thirdparty.io.grpc.internal.DelayedClientCall$DelayedListener$3.run(DelayedClientCall.java:489)
	at org.apache.ratis.thirdparty.io.grpc.internal.DelayedClientCall$DelayedListener.delayOrExecute(DelayedClientCall.java:453)
	at org.apache.ratis.thirdparty.io.grpc.internal.DelayedClientCall$DelayedListener.onClose(DelayedClientCall.java:486)
	at org.apache.ratis.thirdparty.io.grpc.internal.ClientCallImpl.closeObserver(ClientCallImpl.java:567)
	at org.apache.ratis.thirdparty.io.grpc.internal.ClientCallImpl.access$300(ClientCallImpl.java:71)
	at org.apache.ratis.thirdparty.io.grpc.internal.ClientCallImpl$ClientStreamListenerImpl$1StreamClosed.runInternal(ClientCallImpl.java:735)
	at org.apache.ratis.thirdparty.io.grpc.internal.ClientCallImpl$ClientStreamListenerImpl$1StreamClosed.runInContext(ClientCallImpl.java:716)
	at org.apache.ratis.thirdparty.io.grpc.internal.ContextRunnable.run(ContextRunnable.java:37)
	at org.apache.ratis.thirdparty.io.grpc.internal.SerializingExecutor.run(SerializingExecutor.java:133)
	at java.base/java.util.concurrent.ThreadPoolExecutor.runWorker(ThreadPoolExecutor.java:1128)
	at java.base/java.util.concurrent.ThreadPoolExecutor$Worker.run(ThreadPoolExecutor.java:628)
	at java.base/java.lang.Thread.run(Thread.java:829)
Caused by: java.io.IOException: org.apache.ratis.thirdparty.io.grpc.StatusRuntimeException: UNAVAILABLE: io exception
	at org.apache.ratis.grpc.GrpcUtil.unwrapException(GrpcUtil.java:99)
	at org.apache.ratis.grpc.GrpcUtil.unwrapIOException(GrpcUtil.java:159)
	at org.apache.ratis.grpc.client.GrpcClientProtocolClient$AsyncStreamObservers$1.onError(GrpcClientProtocolClient.java:330)
	... 16 more
Caused by: org.apache.ratis.thirdparty.io.grpc.StatusRuntimeException: UNAVAILABLE: io exception
	at org.apache.ratis.thirdparty.io.grpc.Status.asRuntimeException(Status.java:537)
	... 16 more
Caused by: org.apache.ratis.thirdparty.io.netty.channel.AbstractChannel$AnnotatedConnectException: finishConnect(..) failed: Connection refused: localhost/127.0.0.1:43007
Caused by: java.net.ConnectException: finishConnect(..) failed: Connection refused
	at org.apache.ratis.thirdparty.io.netty.channel.unix.Errors.newConnectException0(Errors.java:166)
	at org.apache.ratis.thirdparty.io.netty.channel.unix.Errors.handleConnectErrno(Errors.java:131)
	at org.apache.ratis.thirdparty.io.netty.channel.unix.Socket.finishConnect(Socket.java:359)
	at org.apache.ratis.thirdparty.io.netty.channel.epoll.AbstractEpollChannel$AbstractEpollUnsafe.doFinishConnect(AbstractEpollChannel.java:710)
	at org.apache.ratis.thirdparty.io.netty.channel.epoll.AbstractEpollChannel$AbstractEpollUnsafe.finishConnect(AbstractEpollChannel.java:687)
	at org.apache.ratis.thirdparty.io.netty.channel.epoll.AbstractEpollChannel$AbstractEpollUnsafe.epollOutReady(AbstractEpollChannel.java:567)
	at org.apache.ratis.thirdparty.io.netty.channel.epoll.EpollEventLoop.processReady(EpollEventLoop.java:499)
	at org.apache.ratis.thirdparty.io.netty.channel.epoll.EpollEventLoop.run(EpollEventLoop.java:407)
	at org.apache.ratis.thirdparty.io.netty.util.concurrent.SingleThreadEventExecutor$4.run(SingleThreadEventExecutor.java:997)
	at org.apache.ratis.thirdparty.io.netty.util.internal.ThreadExecutorMap$2.run(ThreadExecutorMap.java:74)
	at org.apache.ratis.thirdparty.io.netty.util.concurrent.FastThreadLocalRunnable.run(FastThreadLocalRunnable.java:30)
	at java.base/java.lang.Thread.run(Thread.java:829)
2023-11-28 06:43:29,365 [grpc-default-executor-1] ERROR impl.OrderedAsync (OrderedAsync.java:lambda$sendRequest$9(247)) - client-23DA7E6A7FE2: Failed* RaftClientRequest:client-23DA7E6A7FE2->s1@group-9F468C9C58F9, cid=6, seq=1*, Watch(0), null
java.util.concurrent.CompletionException: java.io.IOException: org.apache.ratis.thirdparty.io.grpc.StatusRuntimeException: UNAVAILABLE: io exception
	at java.base/java.util.concurrent.CompletableFuture.encodeThrowable(CompletableFuture.java:331)
	at java.base/java.util.concurrent.CompletableFuture.completeThrowable(CompletableFuture.java:346)
	at java.base/java.util.concurrent.CompletableFuture$UniApply.tryFire(CompletableFuture.java:632)
	at java.base/java.util.concurrent.CompletableFuture.postComplete(CompletableFuture.java:506)
	at java.base/java.util.concurrent.CompletableFuture.completeExceptionally(CompletableFuture.java:2094)
	at org.apache.ratis.grpc.client.GrpcClientProtocolClient$AsyncStreamObservers.completeReplyExceptionally(GrpcClientProtocolClient.java:394)
	at org.apache.ratis.grpc.client.GrpcClientProtocolClient$AsyncStreamObservers.access$000(GrpcClientProtocolClient.java:300)
	at org.apache.ratis.grpc.client.GrpcClientProtocolClient$AsyncStreamObservers$1.onError(GrpcClientProtocolClient.java:331)
	at org.apache.ratis.thirdparty.io.grpc.stub.ClientCalls$StreamObserverToCallListenerAdapter.onClose(ClientCalls.java:481)
	at org.apache.ratis.thirdparty.io.grpc.PartialForwardingClientCallListener.onClose(PartialForwardingClientCallListener.java:39)
	at org.apache.ratis.thirdparty.io.grpc.ForwardingClientCallListener.onClose(ForwardingClientCallListener.java:23)
	at org.apache.ratis.grpc.metrics.intercept.client.MetricClientCallListener.onClose(MetricClientCallListener.java:47)
	at org.apache.ratis.thirdparty.io.grpc.internal.DelayedClientCall$DelayedListener$3.run(DelayedClientCall.java:489)
	at org.apache.ratis.thirdparty.io.grpc.internal.DelayedClientCall$DelayedListener.delayOrExecute(DelayedClientCall.java:453)
	at org.apache.ratis.thirdparty.io.grpc.internal.DelayedClientCall$DelayedListener.onClose(DelayedClientCall.java:486)
	at org.apache.ratis.thirdparty.io.grpc.internal.ClientCallImpl.closeObserver(ClientCallImpl.java:567)
	at org.apache.ratis.thirdparty.io.grpc.internal.ClientCallImpl.access$300(ClientCallImpl.java:71)
	at org.apache.ratis.thirdparty.io.grpc.internal.ClientCallImpl$ClientStreamListenerImpl$1StreamClosed.runInternal(ClientCallImpl.java:735)
	at org.apache.ratis.thirdparty.io.grpc.internal.ClientCallImpl$ClientStreamListenerImpl$1StreamClosed.runInContext(ClientCallImpl.java:716)
	at org.apache.ratis.thirdparty.io.grpc.internal.ContextRunnable.run(ContextRunnable.java:37)
	at org.apache.ratis.thirdparty.io.grpc.internal.SerializingExecutor.run(SerializingExecutor.java:133)
	at java.base/java.util.concurrent.ThreadPoolExecutor.runWorker(ThreadPoolExecutor.java:1128)
	at java.base/java.util.concurrent.ThreadPoolExecutor$Worker.run(ThreadPoolExecutor.java:628)
	at java.base/java.lang.Thread.run(Thread.java:829)
Caused by: java.io.IOException: org.apache.ratis.thirdparty.io.grpc.StatusRuntimeException: UNAVAILABLE: io exception
	at org.apache.ratis.grpc.GrpcUtil.unwrapException(GrpcUtil.java:99)
	at org.apache.ratis.grpc.GrpcUtil.unwrapIOException(GrpcUtil.java:159)
	at org.apache.ratis.grpc.client.GrpcClientProtocolClient$AsyncStreamObservers$1.onError(GrpcClientProtocolClient.java:330)
	... 16 more
Caused by: org.apache.ratis.thirdparty.io.grpc.StatusRuntimeException: UNAVAILABLE: io exception
	at org.apache.ratis.thirdparty.io.grpc.Status.asRuntimeException(Status.java:537)
	... 16 more
Caused by: org.apache.ratis.thirdparty.io.netty.channel.AbstractChannel$AnnotatedConnectException: finishConnect(..) failed: Connection refused: localhost/127.0.0.1:37939
Caused by: java.net.ConnectException: finishConnect(..) failed: Connection refused
	at org.apache.ratis.thirdparty.io.netty.channel.unix.Errors.newConnectException0(Errors.java:166)
	at org.apache.ratis.thirdparty.io.netty.channel.unix.Errors.handleConnectErrno(Errors.java:131)
	at org.apache.ratis.thirdparty.io.netty.channel.unix.Socket.finishConnect(Socket.java:359)
	at org.apache.ratis.thirdparty.io.netty.channel.epoll.AbstractEpollChannel$AbstractEpollUnsafe.doFinishConnect(AbstractEpollChannel.java:710)
	at org.apache.ratis.thirdparty.io.netty.channel.epoll.AbstractEpollChannel$AbstractEpollUnsafe.finishConnect(AbstractEpollChannel.java:687)
	at org.apache.ratis.thirdparty.io.netty.channel.epoll.AbstractEpollChannel$AbstractEpollUnsafe.epollOutReady(AbstractEpollChannel.java:567)
	at org.apache.ratis.thirdparty.io.netty.channel.epoll.EpollEventLoop.processReady(EpollEventLoop.java:499)
	at org.apache.ratis.thirdparty.io.netty.channel.epoll.EpollEventLoop.run(EpollEventLoop.java:407)
	at org.apache.ratis.thirdparty.io.netty.util.concurrent.SingleThreadEventExecutor$4.run(SingleThreadEventExecutor.java:997)
	at org.apache.ratis.thirdparty.io.netty.util.internal.ThreadExecutorMap$2.run(ThreadExecutorMap.java:74)
	at org.apache.ratis.thirdparty.io.netty.util.concurrent.FastThreadLocalRunnable.run(FastThreadLocalRunnable.java:30)
	at java.base/java.lang.Thread.run(Thread.java:829)
2023-11-28 06:43:29,468 [grpc-default-executor-3] ERROR impl.OrderedAsync (OrderedAsync.java:lambda$sendRequest$9(247)) - client-23DA7E6A7FE2: Failed* RaftClientRequest:client-23DA7E6A7FE2->s0@group-9F468C9C58F9, cid=6, seq=1*, Watch(0), null
java.util.concurrent.CompletionException: java.io.IOException: org.apache.ratis.thirdparty.io.grpc.StatusRuntimeException: UNAVAILABLE: io exception
	at java.base/java.util.concurrent.CompletableFuture.encodeThrowable(CompletableFuture.java:331)
	at java.base/java.util.concurrent.CompletableFuture.completeThrowable(CompletableFuture.java:346)
	at java.base/java.util.concurrent.CompletableFuture$UniApply.tryFire(CompletableFuture.java:632)
	at java.base/java.util.concurrent.CompletableFuture.postComplete(CompletableFuture.java:506)
	at java.base/java.util.concurrent.CompletableFuture.completeExceptionally(CompletableFuture.java:2094)
	at org.apache.ratis.grpc.client.GrpcClientProtocolClient$AsyncStreamObservers.completeReplyExceptionally(GrpcClientProtocolClient.java:394)
	at org.apache.ratis.grpc.client.GrpcClientProtocolClient$AsyncStreamObservers.access$000(GrpcClientProtocolClient.java:300)
	at org.apache.ratis.grpc.client.GrpcClientProtocolClient$AsyncStreamObservers$1.onError(GrpcClientProtocolClient.java:331)
	at org.apache.ratis.thirdparty.io.grpc.stub.ClientCalls$StreamObserverToCallListenerAdapter.onClose(ClientCalls.java:481)
	at org.apache.ratis.thirdparty.io.grpc.PartialForwardingClientCallListener.onClose(PartialForwardingClientCallListener.java:39)
	at org.apache.ratis.thirdparty.io.grpc.ForwardingClientCallListener.onClose(ForwardingClientCallListener.java:23)
	at org.apache.ratis.grpc.metrics.intercept.client.MetricClientCallListener.onClose(MetricClientCallListener.java:47)
	at org.apache.ratis.thirdparty.io.grpc.internal.DelayedClientCall$DelayedListener$3.run(DelayedClientCall.java:489)
	at org.apache.ratis.thirdparty.io.grpc.internal.DelayedClientCall$DelayedListener.delayOrExecute(DelayedClientCall.java:453)
	at org.apache.ratis.thirdparty.io.grpc.internal.DelayedClientCall$DelayedListener.onClose(DelayedClientCall.java:486)
	at org.apache.ratis.thirdparty.io.grpc.internal.ClientCallImpl.closeObserver(ClientCallImpl.java:567)
	at org.apache.ratis.thirdparty.io.grpc.internal.ClientCallImpl.access$300(ClientCallImpl.java:71)
	at org.apache.ratis.thirdparty.io.grpc.internal.ClientCallImpl$ClientStreamListenerImpl$1StreamClosed.runInternal(ClientCallImpl.java:735)
	at org.apache.ratis.thirdparty.io.grpc.internal.ClientCallImpl$ClientStreamListenerImpl$1StreamClosed.runInContext(ClientCallImpl.java:716)
	at org.apache.ratis.thirdparty.io.grpc.internal.ContextRunnable.run(ContextRunnable.java:37)
	at org.apache.ratis.thirdparty.io.grpc.internal.SerializingExecutor.run(SerializingExecutor.java:133)
	at java.base/java.util.concurrent.ThreadPoolExecutor.runWorker(ThreadPoolExecutor.java:1128)
	at java.base/java.util.concurrent.ThreadPoolExecutor$Worker.run(ThreadPoolExecutor.java:628)
	at java.base/java.lang.Thread.run(Thread.java:829)
Caused by: java.io.IOException: org.apache.ratis.thirdparty.io.grpc.StatusRuntimeException: UNAVAILABLE: io exception
	at org.apache.ratis.grpc.GrpcUtil.unwrapException(GrpcUtil.java:99)
	at org.apache.ratis.grpc.GrpcUtil.unwrapIOException(GrpcUtil.java:159)
	at org.apache.ratis.grpc.client.GrpcClientProtocolClient$AsyncStreamObservers$1.onError(GrpcClientProtocolClient.java:330)
	... 16 more
Caused by: org.apache.ratis.thirdparty.io.grpc.StatusRuntimeException: UNAVAILABLE: io exception
	at org.apache.ratis.thirdparty.io.grpc.Status.asRuntimeException(Status.java:537)
	... 16 more
Caused by: org.apache.ratis.thirdparty.io.netty.channel.AbstractChannel$AnnotatedConnectException: finishConnect(..) failed: Connection refused: localhost/127.0.0.1:43007
Caused by: java.net.ConnectException: finishConnect(..) failed: Connection refused
	at org.apache.ratis.thirdparty.io.netty.channel.unix.Errors.newConnectException0(Errors.java:166)
	at org.apache.ratis.thirdparty.io.netty.channel.unix.Errors.handleConnectErrno(Errors.java:131)
	at org.apache.ratis.thirdparty.io.netty.channel.unix.Socket.finishConnect(Socket.java:359)
	at org.apache.ratis.thirdparty.io.netty.channel.epoll.AbstractEpollChannel$AbstractEpollUnsafe.doFinishConnect(AbstractEpollChannel.java:710)
	at org.apache.ratis.thirdparty.io.netty.channel.epoll.AbstractEpollChannel$AbstractEpollUnsafe.finishConnect(AbstractEpollChannel.java:687)
	at org.apache.ratis.thirdparty.io.netty.channel.epoll.AbstractEpollChannel$AbstractEpollUnsafe.epollOutReady(AbstractEpollChannel.java:567)
	at org.apache.ratis.thirdparty.io.netty.channel.epoll.EpollEventLoop.processReady(EpollEventLoop.java:499)
	at org.apache.ratis.thirdparty.io.netty.channel.epoll.EpollEventLoop.run(EpollEventLoop.java:407)
	at org.apache.ratis.thirdparty.io.netty.util.concurrent.SingleThreadEventExecutor$4.run(SingleThreadEventExecutor.java:997)
	at org.apache.ratis.thirdparty.io.netty.util.internal.ThreadExecutorMap$2.run(ThreadExecutorMap.java:74)
	at org.apache.ratis.thirdparty.io.netty.util.concurrent.FastThreadLocalRunnable.run(FastThreadLocalRunnable.java:30)
	at java.base/java.lang.Thread.run(Thread.java:829)
2023-11-28 06:43:29,571 [grpc-default-executor-2] ERROR impl.OrderedAsync (OrderedAsync.java:lambda$sendRequest$9(247)) - client-23DA7E6A7FE2: Failed* RaftClientRequest:client-23DA7E6A7FE2->s1@group-9F468C9C58F9, cid=6, seq=1*, Watch(0), null
java.util.concurrent.CompletionException: java.io.IOException: org.apache.ratis.thirdparty.io.grpc.StatusRuntimeException: UNAVAILABLE: io exception
	at java.base/java.util.concurrent.CompletableFuture.encodeThrowable(CompletableFuture.java:331)
	at java.base/java.util.concurrent.CompletableFuture.completeThrowable(CompletableFuture.java:346)
	at java.base/java.util.concurrent.CompletableFuture$UniApply.tryFire(CompletableFuture.java:632)
	at java.base/java.util.concurrent.CompletableFuture.postComplete(CompletableFuture.java:506)
	at java.base/java.util.concurrent.CompletableFuture.completeExceptionally(CompletableFuture.java:2094)
	at org.apache.ratis.grpc.client.GrpcClientProtocolClient$AsyncStreamObservers.completeReplyExceptionally(GrpcClientProtocolClient.java:394)
	at org.apache.ratis.grpc.client.GrpcClientProtocolClient$AsyncStreamObservers.access$000(GrpcClientProtocolClient.java:300)
	at org.apache.ratis.grpc.client.GrpcClientProtocolClient$AsyncStreamObservers$1.onError(GrpcClientProtocolClient.java:331)
	at org.apache.ratis.thirdparty.io.grpc.stub.ClientCalls$StreamObserverToCallListenerAdapter.onClose(ClientCalls.java:481)
	at org.apache.ratis.thirdparty.io.grpc.PartialForwardingClientCallListener.onClose(PartialForwardingClientCallListener.java:39)
	at org.apache.ratis.thirdparty.io.grpc.ForwardingClientCallListener.onClose(ForwardingClientCallListener.java:23)
	at org.apache.ratis.grpc.metrics.intercept.client.MetricClientCallListener.onClose(MetricClientCallListener.java:47)
	at org.apache.ratis.thirdparty.io.grpc.internal.DelayedClientCall$DelayedListener$3.run(DelayedClientCall.java:489)
	at org.apache.ratis.thirdparty.io.grpc.internal.DelayedClientCall$DelayedListener.delayOrExecute(DelayedClientCall.java:453)
	at org.apache.ratis.thirdparty.io.grpc.internal.DelayedClientCall$DelayedListener.onClose(DelayedClientCall.java:486)
	at org.apache.ratis.thirdparty.io.grpc.internal.ClientCallImpl.closeObserver(ClientCallImpl.java:567)
	at org.apache.ratis.thirdparty.io.grpc.internal.ClientCallImpl.access$300(ClientCallImpl.java:71)
	at org.apache.ratis.thirdparty.io.grpc.internal.ClientCallImpl$ClientStreamListenerImpl$1StreamClosed.runInternal(ClientCallImpl.java:735)
	at org.apache.ratis.thirdparty.io.grpc.internal.ClientCallImpl$ClientStreamListenerImpl$1StreamClosed.runInContext(ClientCallImpl.java:716)
	at org.apache.ratis.thirdparty.io.grpc.internal.ContextRunnable.run(ContextRunnable.java:37)
	at org.apache.ratis.thirdparty.io.grpc.internal.SerializingExecutor.run(SerializingExecutor.java:133)
	at java.base/java.util.concurrent.ThreadPoolExecutor.runWorker(ThreadPoolExecutor.java:1128)
	at java.base/java.util.concurrent.ThreadPoolExecutor$Worker.run(ThreadPoolExecutor.java:628)
	at java.base/java.lang.Thread.run(Thread.java:829)
Caused by: java.io.IOException: org.apache.ratis.thirdparty.io.grpc.StatusRuntimeException: UNAVAILABLE: io exception
	at org.apache.ratis.grpc.GrpcUtil.unwrapException(GrpcUtil.java:99)
	at org.apache.ratis.grpc.GrpcUtil.unwrapIOException(GrpcUtil.java:159)
	at org.apache.ratis.grpc.client.GrpcClientProtocolClient$AsyncStreamObservers$1.onError(GrpcClientProtocolClient.java:330)
	... 16 more
Caused by: org.apache.ratis.thirdparty.io.grpc.StatusRuntimeException: UNAVAILABLE: io exception
	at org.apache.ratis.thirdparty.io.grpc.Status.asRuntimeException(Status.java:537)
	... 16 more
Caused by: org.apache.ratis.thirdparty.io.netty.channel.AbstractChannel$AnnotatedConnectException: finishConnect(..) failed: Connection refused: localhost/127.0.0.1:37939
Caused by: java.net.ConnectException: finishConnect(..) failed: Connection refused
	at org.apache.ratis.thirdparty.io.netty.channel.unix.Errors.newConnectException0(Errors.java:166)
	at org.apache.ratis.thirdparty.io.netty.channel.unix.Errors.handleConnectErrno(Errors.java:131)
	at org.apache.ratis.thirdparty.io.netty.channel.unix.Socket.finishConnect(Socket.java:359)
	at org.apache.ratis.thirdparty.io.netty.channel.epoll.AbstractEpollChannel$AbstractEpollUnsafe.doFinishConnect(AbstractEpollChannel.java:710)
	at org.apache.ratis.thirdparty.io.netty.channel.epoll.AbstractEpollChannel$AbstractEpollUnsafe.finishConnect(AbstractEpollChannel.java:687)
	at org.apache.ratis.thirdparty.io.netty.channel.epoll.AbstractEpollChannel$AbstractEpollUnsafe.epollOutReady(AbstractEpollChannel.java:567)
	at org.apache.ratis.thirdparty.io.netty.channel.epoll.EpollEventLoop.processReady(EpollEventLoop.java:499)
	at org.apache.ratis.thirdparty.io.netty.channel.epoll.EpollEventLoop.run(EpollEventLoop.java:407)
	at org.apache.ratis.thirdparty.io.netty.util.concurrent.SingleThreadEventExecutor$4.run(SingleThreadEventExecutor.java:997)
	at org.apache.ratis.thirdparty.io.netty.util.internal.ThreadExecutorMap$2.run(ThreadExecutorMap.java:74)
	at org.apache.ratis.thirdparty.io.netty.util.concurrent.FastThreadLocalRunnable.run(FastThreadLocalRunnable.java:30)
	at java.base/java.lang.Thread.run(Thread.java:829)
2023-11-28 06:43:29,655 [s2-impl-thread1] INFO  segmented.SegmentedRaftLogWorker (SegmentedRaftLogWorker.java:close(245)) - s2@group-F35FB90D7AD1-SegmentedRaftLogWorker close()
2023-11-28 06:43:29,655 [JvmPauseMonitor8] INFO  util.JvmPauseMonitor (JvmPauseMonitor.java:run(152)) - JvmPauseMonitor-s2: Stopped
2023-11-28 06:43:29,656 [s1-impl-thread1] INFO  segmented.SegmentedRaftLogWorker (SegmentedRaftLogWorker.java:close(245)) - s1@group-F35FB90D7AD1-SegmentedRaftLogWorker close()
2023-11-28 06:43:29,656 [s0-impl-thread1] INFO  segmented.SegmentedRaftLogWorker (SegmentedRaftLogWorker.java:close(245)) - s0@group-F35FB90D7AD1-SegmentedRaftLogWorker close()
2023-11-28 06:43:29,657 [JvmPauseMonitor6] INFO  util.JvmPauseMonitor (JvmPauseMonitor.java:run(152)) - JvmPauseMonitor-s0: Stopped
2023-11-28 06:43:29,657 [JvmPauseMonitor7] INFO  util.JvmPauseMonitor (JvmPauseMonitor.java:run(152)) - JvmPauseMonitor-s1: Stopped
2023-11-28 06:43:29,657 [Time-limited test] INFO  impl.MiniRaftCluster (MiniRaftCluster.java:shutdown(855)) - MiniRaftClusterWithGrpc shutdown completed
]]></system-out>
  </testcase>
  <testcase name="testRetryOnNewLeader" classname="org.apache.ratis.grpc.TestRetryCacheWithGrpc" time="3.266">
    <system-out><![CDATA[2023-11-28 06:43:29,658 [main] INFO  util.LogUtils (Slf4jUtils.java:setLogLevel(38)) - Successfully set org.apache.ratis.conf.ConfUtils log level to WARN
2023-11-28 06:43:29,658 [main] INFO  util.LogUtils (Slf4jUtils.java:setLogLevel(38)) - Successfully set org.apache.ratis.util.FileUtils log level to TRACE
2023-11-28 06:43:29,658 [main] INFO  util.LogUtils (Slf4jUtils.java:setLogLevel(38)) - Successfully set org.apache.ratis.server.RetryCache log level to TRACE
2023-11-28 06:43:29,659 [Time-limited test] INFO  impl.MiniRaftCluster (MiniRaftCluster.java:runWithNewCluster(135)) - Running runWithNewCluster
2023-11-28 06:43:29,659 [Time-limited test] INFO  impl.MiniRaftCluster (MiniRaftCluster.java:<init>(306)) - new MiniRaftClusterWithGrpc with group-C77254A99B14:[s0|localhost:46347, s1|localhost:33829, s2|localhost:35737]
2023-11-28 06:43:29,659 [Time-limited test] INFO  impl.MiniRaftCluster (MiniRaftCluster.java:start(339)) - .............................................................. 
2023-11-28 06:43:29,660 [Time-limited test] INFO  impl.MiniRaftCluster (MiniRaftCluster.java:start(340)) - ... 
2023-11-28 06:43:29,660 [Time-limited test] INFO  impl.MiniRaftCluster (MiniRaftCluster.java:start(341)) - ...     Starting MiniRaftClusterWithGrpc
2023-11-28 06:43:29,660 [Time-limited test] INFO  impl.MiniRaftCluster (MiniRaftCluster.java:start(342)) - ... 
2023-11-28 06:43:29,660 [Time-limited test] INFO  impl.MiniRaftCluster (MiniRaftCluster.java:start(343)) - .............................................................. 
2023-11-28 06:43:29,660 [Time-limited test] INFO  impl.MiniRaftCluster (MiniRaftCluster.java:initServers(318)) - servers = {}
2023-11-28 06:43:29,660 [Time-limited test] INFO  impl.MiniRaftCluster (MiniRaftCluster.java:newRaftServer(382)) - newRaftServer: s0, group-C77254A99B14:[s0|localhost:46347, s1|localhost:33829, s2|localhost:35737], format? true
2023-11-28 06:43:29,660 [Time-limited test] TRACE util.FileUtils (FileUtils.java:deleteFully(305)) - deleteFully target/test/data/cc86e3b/MiniRaftClusterWithGrpcbe42d27/s0
2023-11-28 06:43:29,660 [Time-limited test] TRACE util.FileUtils (FileUtils.java:deleteFully(318)) - deleteFully: target/test/data/cc86e3b/MiniRaftClusterWithGrpcbe42d27/s0 does not exist.
2023-11-28 06:43:29,660 [Time-limited test] INFO  impl.MiniRaftCluster (MiniRaftCluster.java:newRaftServer(387)) - Formatted directory target/test/data/cc86e3b/MiniRaftClusterWithGrpcbe42d27/s0
2023-11-28 06:43:29,660 [Time-limited test] INFO  server.RaftServer (ConfUtils.java:logGet(46)) - raft.rpc.type = GRPC (default)
2023-11-28 06:43:29,660 [Time-limited test] INFO  grpc.GrpcConfigKeys (ConfUtils.java:logFallback(53)) - raft.grpc.admin.host = null (fallback to raft.grpc.server.host)
2023-11-28 06:43:29,660 [Time-limited test] INFO  grpc.GrpcConfigKeys (ConfUtils.java:logGet(46)) - raft.grpc.admin.port = 36365 (custom)
2023-11-28 06:43:29,660 [Time-limited test] INFO  grpc.GrpcConfigKeys (ConfUtils.java:logFallback(53)) - raft.grpc.client.host = null (fallback to raft.grpc.server.host)
2023-11-28 06:43:29,660 [Time-limited test] INFO  grpc.GrpcConfigKeys (ConfUtils.java:logGet(46)) - raft.grpc.client.port = 45715 (custom)
2023-11-28 06:43:29,660 [Time-limited test] INFO  grpc.GrpcConfigKeys (ConfUtils.java:logGet(46)) - raft.grpc.server.host = null (default)
2023-11-28 06:43:29,660 [Time-limited test] INFO  grpc.GrpcConfigKeys (ConfUtils.java:logGet(46)) - raft.grpc.server.port = 46347 (custom)
2023-11-28 06:43:29,660 [Time-limited test] INFO  server.GrpcService (ConfUtils.java:logGet(46)) - raft.grpc.message.size.max = 64MB (=67108864) (default)
2023-11-28 06:43:29,660 [Time-limited test] INFO  server.RaftServerConfigKeys (ConfUtils.java:logGet(46)) - raft.server.log.appender.buffer.byte-limit = 4MB (=4194304) (default)
2023-11-28 06:43:29,660 [Time-limited test] INFO  server.GrpcService (ConfUtils.java:logGet(46)) - raft.grpc.flow.control.window = 1MB (=1048576) (default)
2023-11-28 06:43:29,661 [Time-limited test] INFO  server.RaftServerConfigKeys (ConfUtils.java:logGet(46)) - raft.server.rpc.request.timeout = 3000ms (default)
2023-11-28 06:43:29,661 [Time-limited test] INFO  grpc.GrpcConfigKeys (ConfUtils.java:logGet(46)) - raft.grpc.server.heartbeat.channel = true (default)
2023-11-28 06:43:29,661 [Time-limited test] INFO  grpc.GrpcConfigKeys (ConfUtils.java:logGet(46)) - raft.grpc.server.async.request.thread.pool.cached = true (default)
2023-11-28 06:43:29,661 [Time-limited test] INFO  grpc.GrpcConfigKeys (ConfUtils.java:logGet(46)) - raft.grpc.server.async.request.thread.pool.size = 32 (default)
2023-11-28 06:43:29,666 [Time-limited test] INFO  impl.DataStreamServerImpl (ConfUtils.java:logGet(46)) - raft.datastream.type = DISABLED (default)
2023-11-28 06:43:29,666 [Time-limited test] INFO  server.RaftServerConfigKeys (ConfUtils.java:logGet(46)) - raft.server.sleep.deviation.threshold = 300ms (default)
2023-11-28 06:43:29,666 [Time-limited test] INFO  server.RaftServerConfigKeys (ConfUtils.java:logGet(46)) - raft.server.close.threshold = 60s (default)
2023-11-28 06:43:29,666 [Time-limited test] INFO  server.RaftServerConfigKeys (ConfUtils.java:logGet(46)) - raft.server.leaderelection.leader.step-down.wait-time = 10s (default)
2023-11-28 06:43:29,666 [Time-limited test] INFO  server.RaftServerConfigKeys (ConfUtils.java:logGet(46)) - raft.server.storage.dir = [/home/runner/work/ratis/ratis/ratis-test/target/test/data/cc86e3b/MiniRaftClusterWithGrpcbe42d27/s0] (custom)
2023-11-28 06:43:29,666 [Time-limited test] INFO  server.RaftServerConfigKeys (ConfUtils.java:logGet(46)) - raft.server.threadpool.proxy.cached = true (default)
2023-11-28 06:43:29,666 [Time-limited test] INFO  server.RaftServerConfigKeys (ConfUtils.java:logGet(46)) - raft.server.threadpool.proxy.size = 0 (default)
2023-11-28 06:43:29,667 [Time-limited test] INFO  server.RaftServer (RaftServerProxy.java:addNew(100)) - s0: addNew group-C77254A99B14:[s0|localhost:46347, s1|localhost:33829, s2|localhost:35737] returns group-C77254A99B14:java.util.concurrent.CompletableFuture@23a965af[Not completed]
2023-11-28 06:43:29,667 [Time-limited test] INFO  impl.MiniRaftCluster (MiniRaftCluster.java:newRaftServer(382)) - newRaftServer: s1, group-C77254A99B14:[s0|localhost:46347, s1|localhost:33829, s2|localhost:35737], format? true
2023-11-28 06:43:29,667 [s0-groupManagement] INFO  server.RaftServerConfigKeys (ConfUtils.java:logGet(46)) - raft.server.log.segment.size.max = 32MB (=33554432) (default)
2023-11-28 06:43:29,667 [Time-limited test] TRACE util.FileUtils (FileUtils.java:deleteFully(305)) - deleteFully target/test/data/cc86e3b/MiniRaftClusterWithGrpcbe42d27/s1
2023-11-28 06:43:29,667 [s0-groupManagement] INFO  server.RaftServerConfigKeys (ConfUtils.java:logGet(46)) - raft.server.log.preallocated.size = 4MB (=4194304) (default)
2023-11-28 06:43:29,667 [s0-groupManagement] INFO  server.RaftServerConfigKeys (ConfUtils.java:logGet(46)) - raft.server.log.write.buffer.size = 8MB (=8388608) (default)
2023-11-28 06:43:29,667 [Time-limited test] TRACE util.FileUtils (FileUtils.java:deleteFully(318)) - deleteFully: target/test/data/cc86e3b/MiniRaftClusterWithGrpcbe42d27/s1 does not exist.
2023-11-28 06:43:29,667 [Time-limited test] INFO  impl.MiniRaftCluster (MiniRaftCluster.java:newRaftServer(387)) - Formatted directory target/test/data/cc86e3b/MiniRaftClusterWithGrpcbe42d27/s1
2023-11-28 06:43:29,667 [s0-groupManagement] INFO  server.RaftServer$Division (RaftServerImpl.java:<init>(256)) - s0: new RaftServerImpl for group-C77254A99B14:[s0|localhost:46347, s1|localhost:33829, s2|localhost:35737] with SimpleStateMachine4Testing:uninitialized
2023-11-28 06:43:29,667 [s0-groupManagement] INFO  server.RaftServerConfigKeys (ConfUtils.java:logGet(46)) - raft.server.rpc.timeout.min = 150ms (default)
2023-11-28 06:43:29,667 [s0-groupManagement] INFO  server.RaftServerConfigKeys (ConfUtils.java:logGet(46)) - raft.server.rpc.timeout.max = 300ms (default)
2023-11-28 06:43:29,667 [s0-groupManagement] INFO  server.RaftServerConfigKeys (ConfUtils.java:logGet(46)) - raft.server.rpc.sleep.time = 25ms (default)
2023-11-28 06:43:29,667 [Time-limited test] INFO  server.RaftServer (ConfUtils.java:logGet(46)) - raft.rpc.type = GRPC (default)
2023-11-28 06:43:29,668 [s0-groupManagement] INFO  server.RaftServerConfigKeys (ConfUtils.java:logGet(46)) - raft.server.rpc.slowness.timeout = 60s (default)
2023-11-28 06:43:29,668 [Time-limited test] INFO  grpc.GrpcConfigKeys (ConfUtils.java:logFallback(53)) - raft.grpc.admin.host = null (fallback to raft.grpc.server.host)
2023-11-28 06:43:29,668 [s0-groupManagement] INFO  server.RaftServerConfigKeys (ConfUtils.java:logGet(46)) - raft.server.leaderelection.leader.step-down.wait-time = 10s (default)
2023-11-28 06:43:29,668 [Time-limited test] INFO  grpc.GrpcConfigKeys (ConfUtils.java:logGet(46)) - raft.grpc.admin.port = 37215 (custom)
2023-11-28 06:43:29,668 [s0-groupManagement] INFO  server.RaftServerConfigKeys (ConfUtils.java:logGet(46)) - raft.server.leaderelection.member.majority-add = false (default)
2023-11-28 06:43:29,668 [Time-limited test] INFO  grpc.GrpcConfigKeys (ConfUtils.java:logFallback(53)) - raft.grpc.client.host = null (fallback to raft.grpc.server.host)
2023-11-28 06:43:29,668 [s0-groupManagement] INFO  server.RaftServerConfigKeys (ConfUtils.java:logGet(46)) - raft.server.sleep.deviation.threshold = 300ms (default)
2023-11-28 06:43:29,668 [Time-limited test] INFO  grpc.GrpcConfigKeys (ConfUtils.java:logGet(46)) - raft.grpc.client.port = 42881 (custom)
2023-11-28 06:43:29,668 [Time-limited test] INFO  grpc.GrpcConfigKeys (ConfUtils.java:logGet(46)) - raft.grpc.server.host = null (default)
2023-11-28 06:43:29,668 [s0-groupManagement] INFO  server.RaftServer$Division (ServerState.java:<init>(113)) - s0@group-C77254A99B14: ConfigurationManager, init=-1: peers:[s0|localhost:46347, s1|localhost:33829, s2|localhost:35737]|listeners:[], old=null, confs=<EMPTY_MAP>
2023-11-28 06:43:29,668 [Time-limited test] INFO  grpc.GrpcConfigKeys (ConfUtils.java:logGet(46)) - raft.grpc.server.port = 33829 (custom)
2023-11-28 06:43:29,668 [s0-groupManagement] INFO  server.RaftServerConfigKeys (ConfUtils.java:logGet(46)) - raft.server.notification.no-leader.timeout = 60s (default)
2023-11-28 06:43:29,668 [Time-limited test] INFO  server.GrpcService (ConfUtils.java:logGet(46)) - raft.grpc.message.size.max = 64MB (=67108864) (default)
2023-11-28 06:43:29,668 [s0-groupManagement] INFO  server.RaftServerConfigKeys (ConfUtils.java:logGet(46)) - raft.server.read.timeout = 10s (default)
2023-11-28 06:43:29,668 [Time-limited test] INFO  server.RaftServerConfigKeys (ConfUtils.java:logGet(46)) - raft.server.log.appender.buffer.byte-limit = 4MB (=4194304) (default)
2023-11-28 06:43:29,668 [s0-groupManagement] INFO  server.RaftServerConfigKeys (ConfUtils.java:logGet(46)) - raft.server.retrycache.expirytime = 60s (default)
2023-11-28 06:43:29,668 [Time-limited test] INFO  server.GrpcService (ConfUtils.java:logGet(46)) - raft.grpc.flow.control.window = 1MB (=1048576) (default)
2023-11-28 06:43:29,668 [s0-groupManagement] INFO  server.RaftServerConfigKeys (ConfUtils.java:logGet(46)) - raft.server.retrycache.statistics.expirytime = 100ms (default)
2023-11-28 06:43:29,668 [Time-limited test] INFO  server.RaftServerConfigKeys (ConfUtils.java:logGet(46)) - raft.server.rpc.request.timeout = 3000ms (default)
2023-11-28 06:43:29,668 [Time-limited test] INFO  grpc.GrpcConfigKeys (ConfUtils.java:logGet(46)) - raft.grpc.server.heartbeat.channel = true (default)
2023-11-28 06:43:29,668 [s0-groupManagement] INFO  server.RaftServerConfigKeys (ConfUtils.java:logGet(46)) - raft.server.read.option = DEFAULT (default)
2023-11-28 06:43:29,668 [Time-limited test] INFO  grpc.GrpcConfigKeys (ConfUtils.java:logGet(46)) - raft.grpc.server.async.request.thread.pool.cached = true (default)
2023-11-28 06:43:29,668 [s0-groupManagement] INFO  server.RaftServerConfigKeys (ConfUtils.java:logGet(46)) - raft.server.read.read-after-write-consistent.write-index-cache.expiry-time = 60s (default)
2023-11-28 06:43:29,668 [Time-limited test] INFO  grpc.GrpcConfigKeys (ConfUtils.java:logGet(46)) - raft.grpc.server.async.request.thread.pool.size = 32 (default)
2023-11-28 06:43:29,669 [Time-limited test] INFO  impl.DataStreamServerImpl (ConfUtils.java:logGet(46)) - raft.datastream.type = DISABLED (default)
2023-11-28 06:43:29,669 [s0-groupManagement] INFO  server.RaftServerConfigKeys (ConfUtils.java:logGet(46)) - raft.server.rpc.request.timeout = 3000ms (default)
2023-11-28 06:43:29,670 [Time-limited test] INFO  server.RaftServerConfigKeys (ConfUtils.java:logGet(46)) - raft.server.sleep.deviation.threshold = 300ms (default)
2023-11-28 06:43:29,670 [s0-groupManagement] INFO  server.RaftServerConfigKeys (ConfUtils.java:logGet(46)) - raft.server.log.appender.install.snapshot.enabled = true (default)
2023-11-28 06:43:29,670 [Time-limited test] INFO  server.RaftServerConfigKeys (ConfUtils.java:logGet(46)) - raft.server.close.threshold = 60s (default)
2023-11-28 06:43:29,670 [s0-groupManagement] INFO  server.RaftServerConfigKeys (ConfUtils.java:logGet(46)) - raft.server.threadpool.server.cached = true (default)
2023-11-28 06:43:29,670 [Time-limited test] INFO  server.RaftServerConfigKeys (ConfUtils.java:logGet(46)) - raft.server.leaderelection.leader.step-down.wait-time = 10s (default)
2023-11-28 06:43:29,670 [s0-groupManagement] INFO  server.RaftServerConfigKeys (ConfUtils.java:logGet(46)) - raft.server.threadpool.server.size = 0 (default)
2023-11-28 06:43:29,670 [s0-groupManagement] INFO  server.RaftServerConfigKeys (ConfUtils.java:logGet(46)) - raft.server.threadpool.client.cached = true (default)
2023-11-28 06:43:29,670 [s0-groupManagement] INFO  server.RaftServerConfigKeys (ConfUtils.java:logGet(46)) - raft.server.threadpool.client.size = 0 (default)
2023-11-28 06:43:29,670 [Time-limited test] INFO  server.RaftServerConfigKeys (ConfUtils.java:logGet(46)) - raft.server.storage.dir = [/home/runner/work/ratis/ratis/ratis-test/target/test/data/cc86e3b/MiniRaftClusterWithGrpcbe42d27/s1] (custom)
2023-11-28 06:43:29,670 [Time-limited test] INFO  server.RaftServerConfigKeys (ConfUtils.java:logGet(46)) - raft.server.threadpool.proxy.cached = true (default)
2023-11-28 06:43:29,670 [Time-limited test] INFO  server.RaftServerConfigKeys (ConfUtils.java:logGet(46)) - raft.server.threadpool.proxy.size = 0 (default)
2023-11-28 06:43:29,670 [Time-limited test] INFO  server.RaftServer (RaftServerProxy.java:addNew(100)) - s1: addNew group-C77254A99B14:[s0|localhost:46347, s1|localhost:33829, s2|localhost:35737] returns group-C77254A99B14:java.util.concurrent.CompletableFuture@2b6a163f[Not completed]
2023-11-28 06:43:29,671 [Time-limited test] INFO  impl.MiniRaftCluster (MiniRaftCluster.java:newRaftServer(382)) - newRaftServer: s2, group-C77254A99B14:[s0|localhost:46347, s1|localhost:33829, s2|localhost:35737], format? true
2023-11-28 06:43:29,671 [s1-groupManagement] INFO  server.RaftServerConfigKeys (ConfUtils.java:logGet(46)) - raft.server.log.segment.size.max = 32MB (=33554432) (default)
2023-11-28 06:43:29,671 [Time-limited test] TRACE util.FileUtils (FileUtils.java:deleteFully(305)) - deleteFully target/test/data/cc86e3b/MiniRaftClusterWithGrpcbe42d27/s2
2023-11-28 06:43:29,671 [s1-groupManagement] INFO  server.RaftServerConfigKeys (ConfUtils.java:logGet(46)) - raft.server.log.preallocated.size = 4MB (=4194304) (default)
2023-11-28 06:43:29,671 [Time-limited test] TRACE util.FileUtils (FileUtils.java:deleteFully(318)) - deleteFully: target/test/data/cc86e3b/MiniRaftClusterWithGrpcbe42d27/s2 does not exist.
2023-11-28 06:43:29,671 [s1-groupManagement] INFO  server.RaftServerConfigKeys (ConfUtils.java:logGet(46)) - raft.server.log.write.buffer.size = 8MB (=8388608) (default)
2023-11-28 06:43:29,671 [Time-limited test] INFO  impl.MiniRaftCluster (MiniRaftCluster.java:newRaftServer(387)) - Formatted directory target/test/data/cc86e3b/MiniRaftClusterWithGrpcbe42d27/s2
2023-11-28 06:43:29,671 [s1-groupManagement] INFO  server.RaftServer$Division (RaftServerImpl.java:<init>(256)) - s1: new RaftServerImpl for group-C77254A99B14:[s0|localhost:46347, s1|localhost:33829, s2|localhost:35737] with SimpleStateMachine4Testing:uninitialized
2023-11-28 06:43:29,671 [s1-groupManagement] INFO  server.RaftServerConfigKeys (ConfUtils.java:logGet(46)) - raft.server.rpc.timeout.min = 150ms (default)
2023-11-28 06:43:29,671 [s1-groupManagement] INFO  server.RaftServerConfigKeys (ConfUtils.java:logGet(46)) - raft.server.rpc.timeout.max = 300ms (default)
2023-11-28 06:43:29,671 [s1-groupManagement] INFO  server.RaftServerConfigKeys (ConfUtils.java:logGet(46)) - raft.server.rpc.sleep.time = 25ms (default)
2023-11-28 06:43:29,671 [Time-limited test] INFO  server.RaftServer (ConfUtils.java:logGet(46)) - raft.rpc.type = GRPC (default)
2023-11-28 06:43:29,671 [s1-groupManagement] INFO  server.RaftServerConfigKeys (ConfUtils.java:logGet(46)) - raft.server.rpc.slowness.timeout = 60s (default)
2023-11-28 06:43:29,671 [s1-groupManagement] INFO  server.RaftServerConfigKeys (ConfUtils.java:logGet(46)) - raft.server.leaderelection.leader.step-down.wait-time = 10s (default)
2023-11-28 06:43:29,671 [Time-limited test] INFO  grpc.GrpcConfigKeys (ConfUtils.java:logFallback(53)) - raft.grpc.admin.host = null (fallback to raft.grpc.server.host)
2023-11-28 06:43:29,671 [s1-groupManagement] INFO  server.RaftServerConfigKeys (ConfUtils.java:logGet(46)) - raft.server.leaderelection.member.majority-add = false (default)
2023-11-28 06:43:29,671 [Time-limited test] INFO  grpc.GrpcConfigKeys (ConfUtils.java:logGet(46)) - raft.grpc.admin.port = 39639 (custom)
2023-11-28 06:43:29,671 [s1-groupManagement] INFO  server.RaftServerConfigKeys (ConfUtils.java:logGet(46)) - raft.server.sleep.deviation.threshold = 300ms (default)
2023-11-28 06:43:29,671 [Time-limited test] INFO  grpc.GrpcConfigKeys (ConfUtils.java:logFallback(53)) - raft.grpc.client.host = null (fallback to raft.grpc.server.host)
2023-11-28 06:43:29,671 [s1-groupManagement] INFO  server.RaftServer$Division (ServerState.java:<init>(113)) - s1@group-C77254A99B14: ConfigurationManager, init=-1: peers:[s0|localhost:46347, s1|localhost:33829, s2|localhost:35737]|listeners:[], old=null, confs=<EMPTY_MAP>
2023-11-28 06:43:29,671 [Time-limited test] INFO  grpc.GrpcConfigKeys (ConfUtils.java:logGet(46)) - raft.grpc.client.port = 34905 (custom)
2023-11-28 06:43:29,671 [s1-groupManagement] INFO  server.RaftServerConfigKeys (ConfUtils.java:logGet(46)) - raft.server.notification.no-leader.timeout = 60s (default)
2023-11-28 06:43:29,671 [Time-limited test] INFO  grpc.GrpcConfigKeys (ConfUtils.java:logGet(46)) - raft.grpc.server.host = null (default)
2023-11-28 06:43:29,671 [s1-groupManagement] INFO  server.RaftServerConfigKeys (ConfUtils.java:logGet(46)) - raft.server.read.timeout = 10s (default)
2023-11-28 06:43:29,671 [Time-limited test] INFO  grpc.GrpcConfigKeys (ConfUtils.java:logGet(46)) - raft.grpc.server.port = 35737 (custom)
2023-11-28 06:43:29,672 [s1-groupManagement] INFO  server.RaftServerConfigKeys (ConfUtils.java:logGet(46)) - raft.server.retrycache.expirytime = 60s (default)
2023-11-28 06:43:29,672 [Time-limited test] INFO  server.GrpcService (ConfUtils.java:logGet(46)) - raft.grpc.message.size.max = 64MB (=67108864) (default)
2023-11-28 06:43:29,672 [s1-groupManagement] INFO  server.RaftServerConfigKeys (ConfUtils.java:logGet(46)) - raft.server.retrycache.statistics.expirytime = 100ms (default)
2023-11-28 06:43:29,672 [Time-limited test] INFO  server.RaftServerConfigKeys (ConfUtils.java:logGet(46)) - raft.server.log.appender.buffer.byte-limit = 4MB (=4194304) (default)
2023-11-28 06:43:29,672 [s1-groupManagement] INFO  server.RaftServerConfigKeys (ConfUtils.java:logGet(46)) - raft.server.read.option = DEFAULT (default)
2023-11-28 06:43:29,672 [Time-limited test] INFO  server.GrpcService (ConfUtils.java:logGet(46)) - raft.grpc.flow.control.window = 1MB (=1048576) (default)
2023-11-28 06:43:29,672 [s1-groupManagement] INFO  server.RaftServerConfigKeys (ConfUtils.java:logGet(46)) - raft.server.read.read-after-write-consistent.write-index-cache.expiry-time = 60s (default)
2023-11-28 06:43:29,672 [Time-limited test] INFO  server.RaftServerConfigKeys (ConfUtils.java:logGet(46)) - raft.server.rpc.request.timeout = 3000ms (default)
2023-11-28 06:43:29,672 [Time-limited test] INFO  grpc.GrpcConfigKeys (ConfUtils.java:logGet(46)) - raft.grpc.server.heartbeat.channel = true (default)
2023-11-28 06:43:29,672 [Time-limited test] INFO  grpc.GrpcConfigKeys (ConfUtils.java:logGet(46)) - raft.grpc.server.async.request.thread.pool.cached = true (default)
2023-11-28 06:43:29,672 [Time-limited test] INFO  grpc.GrpcConfigKeys (ConfUtils.java:logGet(46)) - raft.grpc.server.async.request.thread.pool.size = 32 (default)
2023-11-28 06:43:29,673 [s1-groupManagement] INFO  server.RaftServerConfigKeys (ConfUtils.java:logGet(46)) - raft.server.rpc.request.timeout = 3000ms (default)
2023-11-28 06:43:29,673 [s1-groupManagement] INFO  server.RaftServerConfigKeys (ConfUtils.java:logGet(46)) - raft.server.log.appender.install.snapshot.enabled = true (default)
2023-11-28 06:43:29,673 [s1-groupManagement] INFO  server.RaftServerConfigKeys (ConfUtils.java:logGet(46)) - raft.server.threadpool.server.cached = true (default)
2023-11-28 06:43:29,673 [s1-groupManagement] INFO  server.RaftServerConfigKeys (ConfUtils.java:logGet(46)) - raft.server.threadpool.server.size = 0 (default)
2023-11-28 06:43:29,673 [s1-groupManagement] INFO  server.RaftServerConfigKeys (ConfUtils.java:logGet(46)) - raft.server.threadpool.client.cached = true (default)
2023-11-28 06:43:29,673 [s1-groupManagement] INFO  server.RaftServerConfigKeys (ConfUtils.java:logGet(46)) - raft.server.threadpool.client.size = 0 (default)
2023-11-28 06:43:29,673 [Time-limited test] INFO  impl.DataStreamServerImpl (ConfUtils.java:logGet(46)) - raft.datastream.type = DISABLED (default)
2023-11-28 06:43:29,673 [Time-limited test] INFO  server.RaftServerConfigKeys (ConfUtils.java:logGet(46)) - raft.server.sleep.deviation.threshold = 300ms (default)
2023-11-28 06:43:29,673 [Time-limited test] INFO  server.RaftServerConfigKeys (ConfUtils.java:logGet(46)) - raft.server.close.threshold = 60s (default)
2023-11-28 06:43:29,673 [Time-limited test] INFO  server.RaftServerConfigKeys (ConfUtils.java:logGet(46)) - raft.server.leaderelection.leader.step-down.wait-time = 10s (default)
2023-11-28 06:43:29,673 [Time-limited test] INFO  server.RaftServerConfigKeys (ConfUtils.java:logGet(46)) - raft.server.storage.dir = [/home/runner/work/ratis/ratis/ratis-test/target/test/data/cc86e3b/MiniRaftClusterWithGrpcbe42d27/s2] (custom)
2023-11-28 06:43:29,673 [Time-limited test] INFO  server.RaftServerConfigKeys (ConfUtils.java:logGet(46)) - raft.server.threadpool.proxy.cached = true (default)
2023-11-28 06:43:29,673 [Time-limited test] INFO  server.RaftServerConfigKeys (ConfUtils.java:logGet(46)) - raft.server.threadpool.proxy.size = 0 (default)
2023-11-28 06:43:29,674 [Time-limited test] INFO  server.RaftServer (RaftServerProxy.java:addNew(100)) - s2: addNew group-C77254A99B14:[s0|localhost:46347, s1|localhost:33829, s2|localhost:35737] returns group-C77254A99B14:java.util.concurrent.CompletableFuture@4b4ec408[Not completed]
2023-11-28 06:43:29,674 [s2-groupManagement] INFO  server.RaftServerConfigKeys (ConfUtils.java:logGet(46)) - raft.server.log.segment.size.max = 32MB (=33554432) (default)
2023-11-28 06:43:29,674 [s0-impl-thread1] INFO  server.RaftServerConfigKeys (ConfUtils.java:logGet(46)) - raft.server.storage.free-space.min = 0MB (=0) (default)
2023-11-28 06:43:29,674 [s2-groupManagement] INFO  server.RaftServerConfigKeys (ConfUtils.java:logGet(46)) - raft.server.log.preallocated.size = 4MB (=4194304) (default)
2023-11-28 06:43:29,674 [s0-impl-thread1] INFO  server.RaftServerConfigKeys (ConfUtils.java:logGet(46)) - raft.server.log.corruption.policy = EXCEPTION (default)
2023-11-28 06:43:29,674 [s2-groupManagement] INFO  server.RaftServerConfigKeys (ConfUtils.java:logGet(46)) - raft.server.log.write.buffer.size = 8MB (=8388608) (default)
2023-11-28 06:43:29,674 [s2-groupManagement] INFO  server.RaftServer$Division (RaftServerImpl.java:<init>(256)) - s2: new RaftServerImpl for group-C77254A99B14:[s0|localhost:46347, s1|localhost:33829, s2|localhost:35737] with SimpleStateMachine4Testing:uninitialized
2023-11-28 06:43:29,674 [s0-impl-thread1] INFO  server.RaftServerConfigKeys (ConfUtils.java:logGet(46)) - raft.server.storage.dir = [/home/runner/work/ratis/ratis/ratis-test/target/test/data/cc86e3b/MiniRaftClusterWithGrpcbe42d27/s0] (custom)
2023-11-28 06:43:29,674 [s2-groupManagement] INFO  server.RaftServerConfigKeys (ConfUtils.java:logGet(46)) - raft.server.rpc.timeout.min = 150ms (default)
2023-11-28 06:43:29,674 [s2-groupManagement] INFO  server.RaftServerConfigKeys (ConfUtils.java:logGet(46)) - raft.server.rpc.timeout.max = 300ms (default)
2023-11-28 06:43:29,674 [s2-groupManagement] INFO  server.RaftServerConfigKeys (ConfUtils.java:logGet(46)) - raft.server.rpc.sleep.time = 25ms (default)
2023-11-28 06:43:29,674 [s2-groupManagement] INFO  server.RaftServerConfigKeys (ConfUtils.java:logGet(46)) - raft.server.rpc.slowness.timeout = 60s (default)
2023-11-28 06:43:29,674 [s0-impl-thread1] INFO  storage.RaftStorageDirectory (RaftStorageDirectoryImpl.java:analyzeStorage(138)) - The storage directory /home/runner/work/ratis/ratis/ratis-test/target/test/data/cc86e3b/MiniRaftClusterWithGrpcbe42d27/s0/3d8ff755-ef6a-4c2e-b59e-c77254a99b14 does not exist. Creating ...
2023-11-28 06:43:29,674 [s2-groupManagement] INFO  server.RaftServerConfigKeys (ConfUtils.java:logGet(46)) - raft.server.leaderelection.leader.step-down.wait-time = 10s (default)
2023-11-28 06:43:29,674 [s2-groupManagement] INFO  server.RaftServerConfigKeys (ConfUtils.java:logGet(46)) - raft.server.leaderelection.member.majority-add = false (default)
2023-11-28 06:43:29,674 [s2-groupManagement] INFO  server.RaftServerConfigKeys (ConfUtils.java:logGet(46)) - raft.server.sleep.deviation.threshold = 300ms (default)
2023-11-28 06:43:29,675 [s2-groupManagement] INFO  server.RaftServer$Division (ServerState.java:<init>(113)) - s2@group-C77254A99B14: ConfigurationManager, init=-1: peers:[s0|localhost:46347, s1|localhost:33829, s2|localhost:35737]|listeners:[], old=null, confs=<EMPTY_MAP>
2023-11-28 06:43:29,675 [s2-groupManagement] INFO  server.RaftServerConfigKeys (ConfUtils.java:logGet(46)) - raft.server.notification.no-leader.timeout = 60s (default)
2023-11-28 06:43:29,675 [s2-groupManagement] INFO  server.RaftServerConfigKeys (ConfUtils.java:logGet(46)) - raft.server.read.timeout = 10s (default)
2023-11-28 06:43:29,675 [s2-groupManagement] INFO  server.RaftServerConfigKeys (ConfUtils.java:logGet(46)) - raft.server.retrycache.expirytime = 60s (default)
2023-11-28 06:43:29,675 [s0-impl-thread1] TRACE util.FileUtils (LogUtils.java:runAndLog(49)) - Successfully ran Files.createDirectories /home/runner/work/ratis/ratis/ratis-test/target/test/data/cc86e3b/MiniRaftClusterWithGrpcbe42d27/s0/3d8ff755-ef6a-4c2e-b59e-c77254a99b14
2023-11-28 06:43:29,675 [s2-groupManagement] INFO  server.RaftServerConfigKeys (ConfUtils.java:logGet(46)) - raft.server.retrycache.statistics.expirytime = 100ms (default)
2023-11-28 06:43:29,675 [s2-groupManagement] INFO  server.RaftServerConfigKeys (ConfUtils.java:logGet(46)) - raft.server.read.option = DEFAULT (default)
2023-11-28 06:43:29,675 [s2-groupManagement] INFO  server.RaftServerConfigKeys (ConfUtils.java:logGet(46)) - raft.server.read.read-after-write-consistent.write-index-cache.expiry-time = 60s (default)
2023-11-28 06:43:29,676 [s2-groupManagement] INFO  server.RaftServerConfigKeys (ConfUtils.java:logGet(46)) - raft.server.rpc.request.timeout = 3000ms (default)
2023-11-28 06:43:29,676 [s2-groupManagement] INFO  server.RaftServerConfigKeys (ConfUtils.java:logGet(46)) - raft.server.log.appender.install.snapshot.enabled = true (default)
2023-11-28 06:43:29,676 [s0-impl-thread1] INFO  storage.RaftStorageDirectory (RaftStorageDirectoryImpl.java:tryLock(232)) - Lock on /home/runner/work/ratis/ratis/ratis-test/target/test/data/cc86e3b/MiniRaftClusterWithGrpcbe42d27/s0/3d8ff755-ef6a-4c2e-b59e-c77254a99b14/in_use.lock acquired by nodename 4862@fv-az728-711
2023-11-28 06:43:29,676 [s2-groupManagement] INFO  server.RaftServerConfigKeys (ConfUtils.java:logGet(46)) - raft.server.threadpool.server.cached = true (default)
2023-11-28 06:43:29,676 [s2-groupManagement] INFO  server.RaftServerConfigKeys (ConfUtils.java:logGet(46)) - raft.server.threadpool.server.size = 0 (default)
2023-11-28 06:43:29,676 [s0-impl-thread1] TRACE util.FileUtils (LogUtils.java:runAndLog(49)) - Successfully ran Files.createDirectories /home/runner/work/ratis/ratis/ratis-test/target/test/data/cc86e3b/MiniRaftClusterWithGrpcbe42d27/s0/3d8ff755-ef6a-4c2e-b59e-c77254a99b14/current
2023-11-28 06:43:29,676 [s2-groupManagement] INFO  server.RaftServerConfigKeys (ConfUtils.java:logGet(46)) - raft.server.threadpool.client.cached = true (default)
2023-11-28 06:43:29,676 [s2-groupManagement] INFO  server.RaftServerConfigKeys (ConfUtils.java:logGet(46)) - raft.server.threadpool.client.size = 0 (default)
2023-11-28 06:43:29,676 [s0-impl-thread1] TRACE util.FileUtils (LogUtils.java:runAndLog(49)) - Successfully ran Files.createDirectories /home/runner/work/ratis/ratis/ratis-test/target/test/data/cc86e3b/MiniRaftClusterWithGrpcbe42d27/s0/3d8ff755-ef6a-4c2e-b59e-c77254a99b14/sm
2023-11-28 06:43:29,676 [s0-impl-thread1] TRACE util.FileUtils (LogUtils.java:supplyAndLog(69)) - Successfully supplied FileChannel.open /home/runner/work/ratis/ratis/ratis-test/target/test/data/cc86e3b/MiniRaftClusterWithGrpcbe42d27/s0/3d8ff755-ef6a-4c2e-b59e-c77254a99b14/current/raft-meta.tmp with options [CREATE, WRITE]: sun.nio.ch.FileChannelImpl@d4e2f8
2023-11-28 06:43:29,677 [s0-impl-thread1] TRACE util.FileUtils (LogUtils.java:runAndLog(49)) - Successfully ran Atomic Files.move /home/runner/work/ratis/ratis/ratis-test/target/test/data/cc86e3b/MiniRaftClusterWithGrpcbe42d27/s0/3d8ff755-ef6a-4c2e-b59e-c77254a99b14/current/raft-meta.tmp to /home/runner/work/ratis/ratis/ratis-test/target/test/data/cc86e3b/MiniRaftClusterWithGrpcbe42d27/s0/3d8ff755-ef6a-4c2e-b59e-c77254a99b14/current/raft-meta with options [REPLACE_EXISTING]
2023-11-28 06:43:29,677 [s0-impl-thread1] INFO  storage.RaftStorage (RaftStorageImpl.java:format(99)) - Storage directory /home/runner/work/ratis/ratis/ratis-test/target/test/data/cc86e3b/MiniRaftClusterWithGrpcbe42d27/s0/3d8ff755-ef6a-4c2e-b59e-c77254a99b14 has been successfully formatted.
2023-11-28 06:43:29,677 [s0-impl-thread1] TRACE util.FileUtils (LogUtils.java:supplyAndLog(61)) - Failed to Files.newInputStream /home/runner/work/ratis/ratis/ratis-test/target/test/data/cc86e3b/MiniRaftClusterWithGrpcbe42d27/s0/3d8ff755-ef6a-4c2e-b59e-c77254a99b14/current/raft-meta.conf with options []
java.nio.file.NoSuchFileException: /home/runner/work/ratis/ratis/ratis-test/target/test/data/cc86e3b/MiniRaftClusterWithGrpcbe42d27/s0/3d8ff755-ef6a-4c2e-b59e-c77254a99b14/current/raft-meta.conf
	at java.base/sun.nio.fs.UnixException.translateToIOException(UnixException.java:92)
	at java.base/sun.nio.fs.UnixException.rethrowAsIOException(UnixException.java:111)
	at java.base/sun.nio.fs.UnixException.rethrowAsIOException(UnixException.java:116)
	at java.base/sun.nio.fs.UnixFileSystemProvider.newByteChannel(UnixFileSystemProvider.java:219)
	at java.base/java.nio.file.Files.newByteChannel(Files.java:371)
	at java.base/java.nio.file.Files.newByteChannel(Files.java:422)
	at java.base/java.nio.file.spi.FileSystemProvider.newInputStream(FileSystemProvider.java:420)
	at java.base/java.nio.file.Files.newInputStream(Files.java:156)
	at org.apache.ratis.util.FileUtils.lambda$newInputStream$2(FileUtils.java:73)
	at org.apache.ratis.util.LogUtils.supplyAndLog(LogUtils.java:58)
	at org.apache.ratis.util.FileUtils.newInputStream(FileUtils.java:72)
	at org.apache.ratis.util.FileUtils.newInputStream(FileUtils.java:68)
	at org.apache.ratis.server.storage.RaftStorageImpl.readRaftConfiguration(RaftStorageImpl.java:156)
	at org.apache.ratis.server.impl.ServerState.initialize(ServerState.java:141)
	at org.apache.ratis.server.impl.RaftServerImpl.start(RaftServerImpl.java:388)
	at org.apache.ratis.util.ConcurrentUtils.accept(ConcurrentUtils.java:203)
	at org.apache.ratis.util.ConcurrentUtils.lambda$parallelForEachAsync$4(ConcurrentUtils.java:182)
	at java.base/java.util.concurrent.ThreadPoolExecutor.runWorker(ThreadPoolExecutor.java:1128)
	at java.base/java.util.concurrent.ThreadPoolExecutor$Worker.run(ThreadPoolExecutor.java:628)
	at java.base/java.lang.Thread.run(Thread.java:829)
2023-11-28 06:43:29,677 [s0-impl-thread1] INFO  impl.SimpleStateMachine4Testing (SimpleStateMachine4Testing.java:initialize(213)) - Initializing SimpleStateMachine4Testing:uninitialized
2023-11-28 06:43:29,677 [s0-impl-thread1] INFO  impl.SimpleStateMachine4Testing (SimpleStateMachine4Testing.java:loadSnapshot(296)) - Loading snapshot null
2023-11-28 06:43:29,677 [s0-impl-thread1] INFO  server.RaftServerConfigKeys (ConfUtils.java:logGet(46)) - raft.server.log.use.memory = false (default)
2023-11-28 06:43:29,678 [s0-impl-thread1] INFO  server.RaftServerConfigKeys (ConfUtils.java:logGet(46)) - raft.server.log.purge.gap = 1024 (default)
2023-11-28 06:43:29,678 [s0-impl-thread1] INFO  server.RaftServerConfigKeys (ConfUtils.java:logGet(46)) - raft.server.log.appender.buffer.byte-limit = 4MB (=4194304) (default)
2023-11-28 06:43:29,678 [s0-impl-thread1] INFO  server.RaftServerConfigKeys (ConfUtils.java:logGet(46)) - raft.server.log.statemachine.data.read.timeout = 1000ms (default)
2023-11-28 06:43:29,678 [s0-impl-thread1] INFO  server.RaftServerConfigKeys (ConfUtils.java:logGet(46)) - raft.server.log.purge.preservation.log.num = 0 (default)
2023-11-28 06:43:29,678 [s0-impl-thread1] INFO  server.RaftServerConfigKeys (ConfUtils.java:logGet(46)) - raft.server.log.segment.size.max = 32MB (=33554432) (default)
2023-11-28 06:43:29,678 [s0-impl-thread1] INFO  server.RaftServerConfigKeys (ConfUtils.java:logGet(46)) - raft.server.log.segment.cache.num.max = 6 (default)
2023-11-28 06:43:29,678 [s0-impl-thread1] INFO  server.RaftServerConfigKeys (ConfUtils.java:logGet(46)) - raft.server.log.segment.cache.size.max = 200MB (=209715200) (default)
2023-11-28 06:43:29,678 [s0-impl-thread1] INFO  server.RaftServerConfigKeys (ConfUtils.java:logGet(46)) - raft.server.log.appender.buffer.byte-limit = 4MB (=4194304) (default)
2023-11-28 06:43:29,679 [s0-impl-thread1] INFO  util.AwaitToRun (AwaitToRun.java:start(81)) - Thread[s0@group-C77254A99B14-cacheEviction-AwaitToRun,5,main] started
2023-11-28 06:43:29,679 [s0-impl-thread1] INFO  segmented.SegmentedRaftLogWorker (SegmentedRaftLogWorker.java:<init>(182)) - new s0@group-C77254A99B14-SegmentedRaftLogWorker for RaftStorageImpl:Storage Directory /home/runner/work/ratis/ratis/ratis-test/target/test/data/cc86e3b/MiniRaftClusterWithGrpcbe42d27/s0/3d8ff755-ef6a-4c2e-b59e-c77254a99b14
2023-11-28 06:43:29,679 [s0-impl-thread1] INFO  server.RaftServerConfigKeys (ConfUtils.java:logGet(46)) - raft.server.log.queue.byte-limit = 64MB (=67108864) (default)
2023-11-28 06:43:29,679 [s0-impl-thread1] INFO  server.RaftServerConfigKeys (ConfUtils.java:logGet(46)) - raft.server.log.queue.element-limit = 4096 (default)
2023-11-28 06:43:29,679 [s0-impl-thread1] INFO  server.RaftServerConfigKeys (ConfUtils.java:logGet(46)) - raft.server.log.segment.size.max = 32MB (=33554432) (default)
2023-11-28 06:43:29,679 [s0-impl-thread1] INFO  server.RaftServerConfigKeys (ConfUtils.java:logGet(46)) - raft.server.log.preallocated.size = 4MB (=4194304) (default)
2023-11-28 06:43:29,679 [s0-impl-thread1] INFO  server.RaftServerConfigKeys (ConfUtils.java:logGet(46)) - raft.server.log.force.sync.num = 128 (default)
2023-11-28 06:43:29,679 [s0-impl-thread1] INFO  server.RaftServerConfigKeys (ConfUtils.java:logGet(46)) - raft.server.log.statemachine.data.sync = true (default)
2023-11-28 06:43:29,679 [s0-impl-thread1] INFO  server.RaftServerConfigKeys (ConfUtils.java:logGet(46)) - raft.server.log.statemachine.data.sync.timeout = 10s (default)
2023-11-28 06:43:29,679 [s0-impl-thread1] INFO  server.RaftServerConfigKeys (ConfUtils.java:logGet(46)) - raft.server.log.statemachine.data.sync.timeout.retry = -1 (default)
2023-11-28 06:43:29,680 [s0-impl-thread1] INFO  server.RaftServerConfigKeys (ConfUtils.java:logGet(46)) - raft.server.log.write.buffer.size = 8MB (=8388608) (default)
2023-11-28 06:43:29,680 [grpc-default-executor-1] ERROR impl.OrderedAsync (OrderedAsync.java:lambda$sendRequest$9(247)) - client-23DA7E6A7FE2: Failed* RaftClientRequest:client-23DA7E6A7FE2->s2@group-9F468C9C58F9, cid=6, seq=1*, Watch(0), null
java.util.concurrent.CompletionException: java.io.IOException: org.apache.ratis.thirdparty.io.grpc.StatusRuntimeException: UNAVAILABLE: io exception
	at java.base/java.util.concurrent.CompletableFuture.encodeThrowable(CompletableFuture.java:331)
	at java.base/java.util.concurrent.CompletableFuture.completeThrowable(CompletableFuture.java:346)
	at java.base/java.util.concurrent.CompletableFuture$UniApply.tryFire(CompletableFuture.java:632)
	at java.base/java.util.concurrent.CompletableFuture.postComplete(CompletableFuture.java:506)
	at java.base/java.util.concurrent.CompletableFuture.completeExceptionally(CompletableFuture.java:2094)
	at org.apache.ratis.grpc.client.GrpcClientProtocolClient$AsyncStreamObservers.completeReplyExceptionally(GrpcClientProtocolClient.java:394)
	at org.apache.ratis.grpc.client.GrpcClientProtocolClient$AsyncStreamObservers.access$000(GrpcClientProtocolClient.java:300)
	at org.apache.ratis.grpc.client.GrpcClientProtocolClient$AsyncStreamObservers$1.onError(GrpcClientProtocolClient.java:331)
	at org.apache.ratis.thirdparty.io.grpc.stub.ClientCalls$StreamObserverToCallListenerAdapter.onClose(ClientCalls.java:481)
	at org.apache.ratis.thirdparty.io.grpc.PartialForwardingClientCallListener.onClose(PartialForwardingClientCallListener.java:39)
	at org.apache.ratis.thirdparty.io.grpc.ForwardingClientCallListener.onClose(ForwardingClientCallListener.java:23)
	at org.apache.ratis.grpc.metrics.intercept.client.MetricClientCallListener.onClose(MetricClientCallListener.java:47)
	at org.apache.ratis.thirdparty.io.grpc.internal.DelayedClientCall$DelayedListener$3.run(DelayedClientCall.java:489)
	at org.apache.ratis.thirdparty.io.grpc.internal.DelayedClientCall$DelayedListener.delayOrExecute(DelayedClientCall.java:453)
	at org.apache.ratis.thirdparty.io.grpc.internal.DelayedClientCall$DelayedListener.onClose(DelayedClientCall.java:486)
	at org.apache.ratis.thirdparty.io.grpc.internal.ClientCallImpl.closeObserver(ClientCallImpl.java:567)
	at org.apache.ratis.thirdparty.io.grpc.internal.ClientCallImpl.access$300(ClientCallImpl.java:71)
	at org.apache.ratis.thirdparty.io.grpc.internal.ClientCallImpl$ClientStreamListenerImpl$1StreamClosed.runInternal(ClientCallImpl.java:735)
	at org.apache.ratis.thirdparty.io.grpc.internal.ClientCallImpl$ClientStreamListenerImpl$1StreamClosed.runInContext(ClientCallImpl.java:716)
	at org.apache.ratis.thirdparty.io.grpc.internal.ContextRunnable.run(ContextRunnable.java:37)
	at org.apache.ratis.thirdparty.io.grpc.internal.SerializingExecutor.run(SerializingExecutor.java:133)
	at java.base/java.util.concurrent.ThreadPoolExecutor.runWorker(ThreadPoolExecutor.java:1128)
	at java.base/java.util.concurrent.ThreadPoolExecutor$Worker.run(ThreadPoolExecutor.java:628)
	at java.base/java.lang.Thread.run(Thread.java:829)
Caused by: java.io.IOException: org.apache.ratis.thirdparty.io.grpc.StatusRuntimeException: UNAVAILABLE: io exception
	at org.apache.ratis.grpc.GrpcUtil.unwrapException(GrpcUtil.java:99)
	at org.apache.ratis.grpc.GrpcUtil.unwrapIOException(GrpcUtil.java:159)
	at org.apache.ratis.grpc.client.GrpcClientProtocolClient$AsyncStreamObservers$1.onError(GrpcClientProtocolClient.java:330)
	... 16 more
Caused by: org.apache.ratis.thirdparty.io.grpc.StatusRuntimeException: UNAVAILABLE: io exception
	at org.apache.ratis.thirdparty.io.grpc.Status.asRuntimeException(Status.java:537)
	... 16 more
Caused by: org.apache.ratis.thirdparty.io.netty.channel.AbstractChannel$AnnotatedConnectException: finishConnect(..) failed: Connection refused: localhost/127.0.0.1:37249
Caused by: java.net.ConnectException: finishConnect(..) failed: Connection refused
	at org.apache.ratis.thirdparty.io.netty.channel.unix.Errors.newConnectException0(Errors.java:166)
	at org.apache.ratis.thirdparty.io.netty.channel.unix.Errors.handleConnectErrno(Errors.java:131)
	at org.apache.ratis.thirdparty.io.netty.channel.unix.Socket.finishConnect(Socket.java:359)
	at org.apache.ratis.thirdparty.io.netty.channel.epoll.AbstractEpollChannel$AbstractEpollUnsafe.doFinishConnect(AbstractEpollChannel.java:710)
	at org.apache.ratis.thirdparty.io.netty.channel.epoll.AbstractEpollChannel$AbstractEpollUnsafe.finishConnect(AbstractEpollChannel.java:687)
	at org.apache.ratis.thirdparty.io.netty.channel.epoll.AbstractEpollChannel$AbstractEpollUnsafe.epollOutReady(AbstractEpollChannel.java:567)
	at org.apache.ratis.thirdparty.io.netty.channel.epoll.EpollEventLoop.processReady(EpollEventLoop.java:499)
	at org.apache.ratis.thirdparty.io.netty.channel.epoll.EpollEventLoop.run(EpollEventLoop.java:407)
	at org.apache.ratis.thirdparty.io.netty.util.concurrent.SingleThreadEventExecutor$4.run(SingleThreadEventExecutor.java:997)
	at org.apache.ratis.thirdparty.io.netty.util.internal.ThreadExecutorMap$2.run(ThreadExecutorMap.java:74)
	at org.apache.ratis.thirdparty.io.netty.util.concurrent.FastThreadLocalRunnable.run(FastThreadLocalRunnable.java:30)
	at java.base/java.lang.Thread.run(Thread.java:829)
2023-11-28 06:43:29,681 [s0-impl-thread1] INFO  server.RaftServerConfigKeys (ConfUtils.java:logGet(46)) - raft.server.log.appender.buffer.byte-limit = 4MB (=4194304) (default)
2023-11-28 06:43:29,681 [s0-impl-thread1] INFO  server.RaftServerConfigKeys (ConfUtils.java:logGet(46)) - raft.server.log.unsafe-flush.enabled = false (default)
2023-11-28 06:43:29,681 [s0-impl-thread1] INFO  server.RaftServerConfigKeys (ConfUtils.java:logGet(46)) - raft.server.log.async-flush.enabled = false (default)
2023-11-28 06:43:29,682 [s0-impl-thread1] INFO  server.RaftServerConfigKeys (ConfUtils.java:logGet(46)) - raft.server.log.statemachine.data.caching.enabled = false (default)
2023-11-28 06:43:29,682 [s0-impl-thread1] INFO  segmented.SegmentedRaftLogWorker (SegmentedRaftLogWorker.java:lambda$new$0(134)) - s0@group-C77254A99B14-SegmentedRaftLogWorker: flushIndex: setUnconditionally 0 -> -1
2023-11-28 06:43:29,682 [s0-impl-thread1] INFO  segmented.SegmentedRaftLogWorker (SegmentedRaftLogWorker.java:lambda$new$0(134)) - s0@group-C77254A99B14-SegmentedRaftLogWorker: safeCacheEvictIndex: setUnconditionally 0 -> -1
2023-11-28 06:43:29,682 [s0-impl-thread1] INFO  server.RaftServer$Division (RaftServerImpl.java:start(392)) - s0@group-C77254A99B14: start as a follower, conf=-1: peers:[s0|localhost:46347, s1|localhost:33829, s2|localhost:35737]|listeners:[], old=null
2023-11-28 06:43:29,682 [s0-impl-thread1] INFO  server.RaftServer$Division (RaftServerImpl.java:setRole(379)) - s0@group-C77254A99B14: changes role from      null to FOLLOWER at term 0 for startAsFollower
2023-11-28 06:43:29,682 [s0-impl-thread1] INFO  impl.RoleInfo (RoleInfo.java:updateAndGet(139)) - s0: start s0@group-C77254A99B14-FollowerState
2023-11-28 06:43:29,682 [s0@group-C77254A99B14-FollowerState] INFO  server.RaftServerConfigKeys (ConfUtils.java:logFallback(53)) - raft.server.rpc.first-election.timeout.min = 150ms (fallback to raft.server.rpc.timeout.min)
2023-11-28 06:43:29,682 [s0@group-C77254A99B14-FollowerState] INFO  server.RaftServerConfigKeys (ConfUtils.java:logFallback(53)) - raft.server.rpc.first-election.timeout.max = 300ms (fallback to raft.server.rpc.timeout.max)
2023-11-28 06:43:29,682 [s0-impl-thread1] INFO  util.JmxRegister (JmxRegister.java:tryRegister(44)) - Successfully registered JMX Bean with object name Ratis:service=RaftServer,group=group-C77254A99B14,id=s0
2023-11-28 06:43:29,682 [s0-impl-thread1] INFO  server.RaftServerConfigKeys (ConfUtils.java:logGet(46)) - raft.server.snapshot.trigger-when-stop.enabled = true (default)
2023-11-28 06:43:29,682 [s0-impl-thread1] INFO  server.RaftServerConfigKeys (ConfUtils.java:logGet(46)) - raft.server.snapshot.auto.trigger.enabled = false (default)
2023-11-28 06:43:29,682 [s0-impl-thread1] INFO  server.RaftServerConfigKeys (ConfUtils.java:logGet(46)) - raft.server.snapshot.retention.file.num = -1 (default)
2023-11-28 06:43:29,682 [s0-impl-thread1] INFO  server.RaftServerConfigKeys (ConfUtils.java:logGet(46)) - raft.server.log.purge.upto.snapshot.index = false (default)
2023-11-28 06:43:29,683 [Time-limited test] INFO  server.RaftServer (RaftServerProxy.java:startImpl(406)) - s0: start RPC server
2023-11-28 06:43:29,683 [Time-limited test] INFO  server.GrpcService (GrpcService.java:startImpl(302)) - s0: GrpcService started, listening on 45715
2023-11-28 06:43:29,683 [Time-limited test] INFO  server.GrpcService (GrpcService.java:startImpl(302)) - s0: GrpcService started, listening on 46347
2023-11-28 06:43:29,684 [Time-limited test] INFO  server.GrpcService (GrpcService.java:startImpl(302)) - s0: GrpcService started, listening on 36365
2023-11-28 06:43:29,684 [JvmPauseMonitor9] INFO  util.JvmPauseMonitor (JvmPauseMonitor.java:run(146)) - JvmPauseMonitor-s0: Started
2023-11-28 06:43:29,684 [s1-impl-thread1] INFO  server.RaftServerConfigKeys (ConfUtils.java:logGet(46)) - raft.server.storage.free-space.min = 0MB (=0) (default)
2023-11-28 06:43:29,684 [s1-impl-thread1] INFO  server.RaftServerConfigKeys (ConfUtils.java:logGet(46)) - raft.server.log.corruption.policy = EXCEPTION (default)
2023-11-28 06:43:29,684 [s1-impl-thread1] INFO  server.RaftServerConfigKeys (ConfUtils.java:logGet(46)) - raft.server.storage.dir = [/home/runner/work/ratis/ratis/ratis-test/target/test/data/cc86e3b/MiniRaftClusterWithGrpcbe42d27/s1] (custom)
2023-11-28 06:43:29,684 [s1-impl-thread1] INFO  storage.RaftStorageDirectory (RaftStorageDirectoryImpl.java:analyzeStorage(138)) - The storage directory /home/runner/work/ratis/ratis/ratis-test/target/test/data/cc86e3b/MiniRaftClusterWithGrpcbe42d27/s1/3d8ff755-ef6a-4c2e-b59e-c77254a99b14 does not exist. Creating ...
2023-11-28 06:43:29,685 [s1-impl-thread1] TRACE util.FileUtils (LogUtils.java:runAndLog(49)) - Successfully ran Files.createDirectories /home/runner/work/ratis/ratis/ratis-test/target/test/data/cc86e3b/MiniRaftClusterWithGrpcbe42d27/s1/3d8ff755-ef6a-4c2e-b59e-c77254a99b14
2023-11-28 06:43:29,685 [s1-impl-thread1] INFO  storage.RaftStorageDirectory (RaftStorageDirectoryImpl.java:tryLock(232)) - Lock on /home/runner/work/ratis/ratis/ratis-test/target/test/data/cc86e3b/MiniRaftClusterWithGrpcbe42d27/s1/3d8ff755-ef6a-4c2e-b59e-c77254a99b14/in_use.lock acquired by nodename 4862@fv-az728-711
2023-11-28 06:43:29,685 [s1-impl-thread1] TRACE util.FileUtils (LogUtils.java:runAndLog(49)) - Successfully ran Files.createDirectories /home/runner/work/ratis/ratis/ratis-test/target/test/data/cc86e3b/MiniRaftClusterWithGrpcbe42d27/s1/3d8ff755-ef6a-4c2e-b59e-c77254a99b14/current
2023-11-28 06:43:29,685 [s1-impl-thread1] TRACE util.FileUtils (LogUtils.java:runAndLog(49)) - Successfully ran Files.createDirectories /home/runner/work/ratis/ratis/ratis-test/target/test/data/cc86e3b/MiniRaftClusterWithGrpcbe42d27/s1/3d8ff755-ef6a-4c2e-b59e-c77254a99b14/sm
2023-11-28 06:43:29,685 [s1-impl-thread1] TRACE util.FileUtils (LogUtils.java:supplyAndLog(69)) - Successfully supplied FileChannel.open /home/runner/work/ratis/ratis/ratis-test/target/test/data/cc86e3b/MiniRaftClusterWithGrpcbe42d27/s1/3d8ff755-ef6a-4c2e-b59e-c77254a99b14/current/raft-meta.tmp with options [CREATE, WRITE]: sun.nio.ch.FileChannelImpl@14b1ca2c
2023-11-28 06:43:29,687 [s1-impl-thread1] TRACE util.FileUtils (LogUtils.java:runAndLog(49)) - Successfully ran Atomic Files.move /home/runner/work/ratis/ratis/ratis-test/target/test/data/cc86e3b/MiniRaftClusterWithGrpcbe42d27/s1/3d8ff755-ef6a-4c2e-b59e-c77254a99b14/current/raft-meta.tmp to /home/runner/work/ratis/ratis/ratis-test/target/test/data/cc86e3b/MiniRaftClusterWithGrpcbe42d27/s1/3d8ff755-ef6a-4c2e-b59e-c77254a99b14/current/raft-meta with options [REPLACE_EXISTING]
2023-11-28 06:43:29,687 [s1-impl-thread1] INFO  storage.RaftStorage (RaftStorageImpl.java:format(99)) - Storage directory /home/runner/work/ratis/ratis/ratis-test/target/test/data/cc86e3b/MiniRaftClusterWithGrpcbe42d27/s1/3d8ff755-ef6a-4c2e-b59e-c77254a99b14 has been successfully formatted.
2023-11-28 06:43:29,687 [s1-impl-thread1] TRACE util.FileUtils (LogUtils.java:supplyAndLog(61)) - Failed to Files.newInputStream /home/runner/work/ratis/ratis/ratis-test/target/test/data/cc86e3b/MiniRaftClusterWithGrpcbe42d27/s1/3d8ff755-ef6a-4c2e-b59e-c77254a99b14/current/raft-meta.conf with options []
java.nio.file.NoSuchFileException: /home/runner/work/ratis/ratis/ratis-test/target/test/data/cc86e3b/MiniRaftClusterWithGrpcbe42d27/s1/3d8ff755-ef6a-4c2e-b59e-c77254a99b14/current/raft-meta.conf
	at java.base/sun.nio.fs.UnixException.translateToIOException(UnixException.java:92)
	at java.base/sun.nio.fs.UnixException.rethrowAsIOException(UnixException.java:111)
	at java.base/sun.nio.fs.UnixException.rethrowAsIOException(UnixException.java:116)
	at java.base/sun.nio.fs.UnixFileSystemProvider.newByteChannel(UnixFileSystemProvider.java:219)
	at java.base/java.nio.file.Files.newByteChannel(Files.java:371)
	at java.base/java.nio.file.Files.newByteChannel(Files.java:422)
	at java.base/java.nio.file.spi.FileSystemProvider.newInputStream(FileSystemProvider.java:420)
	at java.base/java.nio.file.Files.newInputStream(Files.java:156)
	at org.apache.ratis.util.FileUtils.lambda$newInputStream$2(FileUtils.java:73)
	at org.apache.ratis.util.LogUtils.supplyAndLog(LogUtils.java:58)
	at org.apache.ratis.util.FileUtils.newInputStream(FileUtils.java:72)
	at org.apache.ratis.util.FileUtils.newInputStream(FileUtils.java:68)
	at org.apache.ratis.server.storage.RaftStorageImpl.readRaftConfiguration(RaftStorageImpl.java:156)
	at org.apache.ratis.server.impl.ServerState.initialize(ServerState.java:141)
	at org.apache.ratis.server.impl.RaftServerImpl.start(RaftServerImpl.java:388)
	at org.apache.ratis.util.ConcurrentUtils.accept(ConcurrentUtils.java:203)
	at org.apache.ratis.util.ConcurrentUtils.lambda$parallelForEachAsync$4(ConcurrentUtils.java:182)
	at java.base/java.util.concurrent.ThreadPoolExecutor.runWorker(ThreadPoolExecutor.java:1128)
	at java.base/java.util.concurrent.ThreadPoolExecutor$Worker.run(ThreadPoolExecutor.java:628)
	at java.base/java.lang.Thread.run(Thread.java:829)
2023-11-28 06:43:29,687 [s1-impl-thread1] INFO  impl.SimpleStateMachine4Testing (SimpleStateMachine4Testing.java:initialize(213)) - Initializing SimpleStateMachine4Testing:uninitialized
2023-11-28 06:43:29,687 [s1-impl-thread1] INFO  impl.SimpleStateMachine4Testing (SimpleStateMachine4Testing.java:loadSnapshot(296)) - Loading snapshot null
2023-11-28 06:43:29,687 [s1-impl-thread1] INFO  server.RaftServerConfigKeys (ConfUtils.java:logGet(46)) - raft.server.log.use.memory = false (default)
2023-11-28 06:43:29,688 [s1-impl-thread1] INFO  server.RaftServerConfigKeys (ConfUtils.java:logGet(46)) - raft.server.log.purge.gap = 1024 (default)
2023-11-28 06:43:29,688 [s1-impl-thread1] INFO  server.RaftServerConfigKeys (ConfUtils.java:logGet(46)) - raft.server.log.appender.buffer.byte-limit = 4MB (=4194304) (default)
2023-11-28 06:43:29,688 [s1-impl-thread1] INFO  server.RaftServerConfigKeys (ConfUtils.java:logGet(46)) - raft.server.log.statemachine.data.read.timeout = 1000ms (default)
2023-11-28 06:43:29,688 [s1-impl-thread1] INFO  server.RaftServerConfigKeys (ConfUtils.java:logGet(46)) - raft.server.log.purge.preservation.log.num = 0 (default)
2023-11-28 06:43:29,688 [s1-impl-thread1] INFO  server.RaftServerConfigKeys (ConfUtils.java:logGet(46)) - raft.server.log.segment.size.max = 32MB (=33554432) (default)
2023-11-28 06:43:29,688 [s1-impl-thread1] INFO  server.RaftServerConfigKeys (ConfUtils.java:logGet(46)) - raft.server.log.segment.cache.num.max = 6 (default)
2023-11-28 06:43:29,688 [s1-impl-thread1] INFO  server.RaftServerConfigKeys (ConfUtils.java:logGet(46)) - raft.server.log.segment.cache.size.max = 200MB (=209715200) (default)
2023-11-28 06:43:29,688 [s1-impl-thread1] INFO  server.RaftServerConfigKeys (ConfUtils.java:logGet(46)) - raft.server.log.appender.buffer.byte-limit = 4MB (=4194304) (default)
2023-11-28 06:43:29,688 [s1-impl-thread1] INFO  util.AwaitToRun (AwaitToRun.java:start(81)) - Thread[s1@group-C77254A99B14-cacheEviction-AwaitToRun,5,main] started
2023-11-28 06:43:29,688 [s1-impl-thread1] INFO  segmented.SegmentedRaftLogWorker (SegmentedRaftLogWorker.java:<init>(182)) - new s1@group-C77254A99B14-SegmentedRaftLogWorker for RaftStorageImpl:Storage Directory /home/runner/work/ratis/ratis/ratis-test/target/test/data/cc86e3b/MiniRaftClusterWithGrpcbe42d27/s1/3d8ff755-ef6a-4c2e-b59e-c77254a99b14
2023-11-28 06:43:29,688 [s1-impl-thread1] INFO  server.RaftServerConfigKeys (ConfUtils.java:logGet(46)) - raft.server.log.queue.byte-limit = 64MB (=67108864) (default)
2023-11-28 06:43:29,688 [s1-impl-thread1] INFO  server.RaftServerConfigKeys (ConfUtils.java:logGet(46)) - raft.server.log.queue.element-limit = 4096 (default)
2023-11-28 06:43:29,688 [s1-impl-thread1] INFO  server.RaftServerConfigKeys (ConfUtils.java:logGet(46)) - raft.server.log.segment.size.max = 32MB (=33554432) (default)
2023-11-28 06:43:29,689 [s1-impl-thread1] INFO  server.RaftServerConfigKeys (ConfUtils.java:logGet(46)) - raft.server.log.preallocated.size = 4MB (=4194304) (default)
2023-11-28 06:43:29,689 [s1-impl-thread1] INFO  server.RaftServerConfigKeys (ConfUtils.java:logGet(46)) - raft.server.log.force.sync.num = 128 (default)
2023-11-28 06:43:29,689 [s1-impl-thread1] INFO  server.RaftServerConfigKeys (ConfUtils.java:logGet(46)) - raft.server.log.statemachine.data.sync = true (default)
2023-11-28 06:43:29,689 [s1-impl-thread1] INFO  server.RaftServerConfigKeys (ConfUtils.java:logGet(46)) - raft.server.log.statemachine.data.sync.timeout = 10s (default)
2023-11-28 06:43:29,689 [s1-impl-thread1] INFO  server.RaftServerConfigKeys (ConfUtils.java:logGet(46)) - raft.server.log.statemachine.data.sync.timeout.retry = -1 (default)
2023-11-28 06:43:29,689 [s1-impl-thread1] INFO  server.RaftServerConfigKeys (ConfUtils.java:logGet(46)) - raft.server.log.write.buffer.size = 8MB (=8388608) (default)
2023-11-28 06:43:29,690 [s1-impl-thread1] INFO  server.RaftServerConfigKeys (ConfUtils.java:logGet(46)) - raft.server.log.appender.buffer.byte-limit = 4MB (=4194304) (default)
2023-11-28 06:43:29,690 [s1-impl-thread1] INFO  server.RaftServerConfigKeys (ConfUtils.java:logGet(46)) - raft.server.log.unsafe-flush.enabled = false (default)
2023-11-28 06:43:29,690 [s1-impl-thread1] INFO  server.RaftServerConfigKeys (ConfUtils.java:logGet(46)) - raft.server.log.async-flush.enabled = false (default)
2023-11-28 06:43:29,690 [s1-impl-thread1] INFO  server.RaftServerConfigKeys (ConfUtils.java:logGet(46)) - raft.server.log.statemachine.data.caching.enabled = false (default)
2023-11-28 06:43:29,690 [s1-impl-thread1] INFO  segmented.SegmentedRaftLogWorker (SegmentedRaftLogWorker.java:lambda$new$0(134)) - s1@group-C77254A99B14-SegmentedRaftLogWorker: flushIndex: setUnconditionally 0 -> -1
2023-11-28 06:43:29,690 [s1-impl-thread1] INFO  segmented.SegmentedRaftLogWorker (SegmentedRaftLogWorker.java:lambda$new$0(134)) - s1@group-C77254A99B14-SegmentedRaftLogWorker: safeCacheEvictIndex: setUnconditionally 0 -> -1
2023-11-28 06:43:29,691 [s1-impl-thread1] INFO  server.RaftServer$Division (RaftServerImpl.java:start(392)) - s1@group-C77254A99B14: start as a follower, conf=-1: peers:[s0|localhost:46347, s1|localhost:33829, s2|localhost:35737]|listeners:[], old=null
2023-11-28 06:43:29,691 [s1-impl-thread1] INFO  server.RaftServer$Division (RaftServerImpl.java:setRole(379)) - s1@group-C77254A99B14: changes role from      null to FOLLOWER at term 0 for startAsFollower
2023-11-28 06:43:29,691 [s1-impl-thread1] INFO  impl.RoleInfo (RoleInfo.java:updateAndGet(139)) - s1: start s1@group-C77254A99B14-FollowerState
2023-11-28 06:43:29,691 [s1@group-C77254A99B14-FollowerState] INFO  server.RaftServerConfigKeys (ConfUtils.java:logFallback(53)) - raft.server.rpc.first-election.timeout.min = 150ms (fallback to raft.server.rpc.timeout.min)
2023-11-28 06:43:29,691 [s1-impl-thread1] INFO  util.JmxRegister (JmxRegister.java:tryRegister(44)) - Successfully registered JMX Bean with object name Ratis:service=RaftServer,group=group-C77254A99B14,id=s1
2023-11-28 06:43:29,691 [s1@group-C77254A99B14-FollowerState] INFO  server.RaftServerConfigKeys (ConfUtils.java:logFallback(53)) - raft.server.rpc.first-election.timeout.max = 300ms (fallback to raft.server.rpc.timeout.max)
2023-11-28 06:43:29,691 [s1-impl-thread1] INFO  server.RaftServerConfigKeys (ConfUtils.java:logGet(46)) - raft.server.snapshot.trigger-when-stop.enabled = true (default)
2023-11-28 06:43:29,691 [s1-impl-thread1] INFO  server.RaftServerConfigKeys (ConfUtils.java:logGet(46)) - raft.server.snapshot.auto.trigger.enabled = false (default)
2023-11-28 06:43:29,691 [s1-impl-thread1] INFO  server.RaftServerConfigKeys (ConfUtils.java:logGet(46)) - raft.server.snapshot.retention.file.num = -1 (default)
2023-11-28 06:43:29,691 [s1-impl-thread1] INFO  server.RaftServerConfigKeys (ConfUtils.java:logGet(46)) - raft.server.log.purge.upto.snapshot.index = false (default)
2023-11-28 06:43:29,691 [Time-limited test] INFO  server.RaftServer (RaftServerProxy.java:startImpl(406)) - s1: start RPC server
2023-11-28 06:43:29,692 [Time-limited test] INFO  server.GrpcService (GrpcService.java:startImpl(302)) - s1: GrpcService started, listening on 42881
2023-11-28 06:43:29,692 [Time-limited test] INFO  server.GrpcService (GrpcService.java:startImpl(302)) - s1: GrpcService started, listening on 33829
2023-11-28 06:43:29,692 [Time-limited test] INFO  server.GrpcService (GrpcService.java:startImpl(302)) - s1: GrpcService started, listening on 37215
2023-11-28 06:43:29,692 [JvmPauseMonitor10] INFO  util.JvmPauseMonitor (JvmPauseMonitor.java:run(146)) - JvmPauseMonitor-s1: Started
2023-11-28 06:43:29,692 [s2-impl-thread1] INFO  server.RaftServerConfigKeys (ConfUtils.java:logGet(46)) - raft.server.storage.free-space.min = 0MB (=0) (default)
2023-11-28 06:43:29,692 [s2-impl-thread1] INFO  server.RaftServerConfigKeys (ConfUtils.java:logGet(46)) - raft.server.log.corruption.policy = EXCEPTION (default)
2023-11-28 06:43:29,693 [s2-impl-thread1] INFO  server.RaftServerConfigKeys (ConfUtils.java:logGet(46)) - raft.server.storage.dir = [/home/runner/work/ratis/ratis/ratis-test/target/test/data/cc86e3b/MiniRaftClusterWithGrpcbe42d27/s2] (custom)
2023-11-28 06:43:29,693 [s2-impl-thread1] INFO  storage.RaftStorageDirectory (RaftStorageDirectoryImpl.java:analyzeStorage(138)) - The storage directory /home/runner/work/ratis/ratis/ratis-test/target/test/data/cc86e3b/MiniRaftClusterWithGrpcbe42d27/s2/3d8ff755-ef6a-4c2e-b59e-c77254a99b14 does not exist. Creating ...
2023-11-28 06:43:29,693 [s2-impl-thread1] TRACE util.FileUtils (LogUtils.java:runAndLog(49)) - Successfully ran Files.createDirectories /home/runner/work/ratis/ratis/ratis-test/target/test/data/cc86e3b/MiniRaftClusterWithGrpcbe42d27/s2/3d8ff755-ef6a-4c2e-b59e-c77254a99b14
2023-11-28 06:43:29,694 [s2-impl-thread1] INFO  storage.RaftStorageDirectory (RaftStorageDirectoryImpl.java:tryLock(232)) - Lock on /home/runner/work/ratis/ratis/ratis-test/target/test/data/cc86e3b/MiniRaftClusterWithGrpcbe42d27/s2/3d8ff755-ef6a-4c2e-b59e-c77254a99b14/in_use.lock acquired by nodename 4862@fv-az728-711
2023-11-28 06:43:29,694 [s2-impl-thread1] TRACE util.FileUtils (LogUtils.java:runAndLog(49)) - Successfully ran Files.createDirectories /home/runner/work/ratis/ratis/ratis-test/target/test/data/cc86e3b/MiniRaftClusterWithGrpcbe42d27/s2/3d8ff755-ef6a-4c2e-b59e-c77254a99b14/current
2023-11-28 06:43:29,694 [s2-impl-thread1] TRACE util.FileUtils (LogUtils.java:runAndLog(49)) - Successfully ran Files.createDirectories /home/runner/work/ratis/ratis/ratis-test/target/test/data/cc86e3b/MiniRaftClusterWithGrpcbe42d27/s2/3d8ff755-ef6a-4c2e-b59e-c77254a99b14/sm
2023-11-28 06:43:29,694 [s2-impl-thread1] TRACE util.FileUtils (LogUtils.java:supplyAndLog(69)) - Successfully supplied FileChannel.open /home/runner/work/ratis/ratis/ratis-test/target/test/data/cc86e3b/MiniRaftClusterWithGrpcbe42d27/s2/3d8ff755-ef6a-4c2e-b59e-c77254a99b14/current/raft-meta.tmp with options [CREATE, WRITE]: sun.nio.ch.FileChannelImpl@2ccc6717
2023-11-28 06:43:29,695 [s2-impl-thread1] TRACE util.FileUtils (LogUtils.java:runAndLog(49)) - Successfully ran Atomic Files.move /home/runner/work/ratis/ratis/ratis-test/target/test/data/cc86e3b/MiniRaftClusterWithGrpcbe42d27/s2/3d8ff755-ef6a-4c2e-b59e-c77254a99b14/current/raft-meta.tmp to /home/runner/work/ratis/ratis/ratis-test/target/test/data/cc86e3b/MiniRaftClusterWithGrpcbe42d27/s2/3d8ff755-ef6a-4c2e-b59e-c77254a99b14/current/raft-meta with options [REPLACE_EXISTING]
2023-11-28 06:43:29,695 [s2-impl-thread1] INFO  storage.RaftStorage (RaftStorageImpl.java:format(99)) - Storage directory /home/runner/work/ratis/ratis/ratis-test/target/test/data/cc86e3b/MiniRaftClusterWithGrpcbe42d27/s2/3d8ff755-ef6a-4c2e-b59e-c77254a99b14 has been successfully formatted.
2023-11-28 06:43:29,695 [s2-impl-thread1] TRACE util.FileUtils (LogUtils.java:supplyAndLog(61)) - Failed to Files.newInputStream /home/runner/work/ratis/ratis/ratis-test/target/test/data/cc86e3b/MiniRaftClusterWithGrpcbe42d27/s2/3d8ff755-ef6a-4c2e-b59e-c77254a99b14/current/raft-meta.conf with options []
java.nio.file.NoSuchFileException: /home/runner/work/ratis/ratis/ratis-test/target/test/data/cc86e3b/MiniRaftClusterWithGrpcbe42d27/s2/3d8ff755-ef6a-4c2e-b59e-c77254a99b14/current/raft-meta.conf
	at java.base/sun.nio.fs.UnixException.translateToIOException(UnixException.java:92)
	at java.base/sun.nio.fs.UnixException.rethrowAsIOException(UnixException.java:111)
	at java.base/sun.nio.fs.UnixException.rethrowAsIOException(UnixException.java:116)
	at java.base/sun.nio.fs.UnixFileSystemProvider.newByteChannel(UnixFileSystemProvider.java:219)
	at java.base/java.nio.file.Files.newByteChannel(Files.java:371)
	at java.base/java.nio.file.Files.newByteChannel(Files.java:422)
	at java.base/java.nio.file.spi.FileSystemProvider.newInputStream(FileSystemProvider.java:420)
	at java.base/java.nio.file.Files.newInputStream(Files.java:156)
	at org.apache.ratis.util.FileUtils.lambda$newInputStream$2(FileUtils.java:73)
	at org.apache.ratis.util.LogUtils.supplyAndLog(LogUtils.java:58)
	at org.apache.ratis.util.FileUtils.newInputStream(FileUtils.java:72)
	at org.apache.ratis.util.FileUtils.newInputStream(FileUtils.java:68)
	at org.apache.ratis.server.storage.RaftStorageImpl.readRaftConfiguration(RaftStorageImpl.java:156)
	at org.apache.ratis.server.impl.ServerState.initialize(ServerState.java:141)
	at org.apache.ratis.server.impl.RaftServerImpl.start(RaftServerImpl.java:388)
	at org.apache.ratis.util.ConcurrentUtils.accept(ConcurrentUtils.java:203)
	at org.apache.ratis.util.ConcurrentUtils.lambda$parallelForEachAsync$4(ConcurrentUtils.java:182)
	at java.base/java.util.concurrent.ThreadPoolExecutor.runWorker(ThreadPoolExecutor.java:1128)
	at java.base/java.util.concurrent.ThreadPoolExecutor$Worker.run(ThreadPoolExecutor.java:628)
	at java.base/java.lang.Thread.run(Thread.java:829)
2023-11-28 06:43:29,695 [s2-impl-thread1] INFO  impl.SimpleStateMachine4Testing (SimpleStateMachine4Testing.java:initialize(213)) - Initializing SimpleStateMachine4Testing:uninitialized
2023-11-28 06:43:29,696 [s2-impl-thread1] INFO  impl.SimpleStateMachine4Testing (SimpleStateMachine4Testing.java:loadSnapshot(296)) - Loading snapshot null
2023-11-28 06:43:29,696 [s2-impl-thread1] INFO  server.RaftServerConfigKeys (ConfUtils.java:logGet(46)) - raft.server.log.use.memory = false (default)
2023-11-28 06:43:29,696 [s2-impl-thread1] INFO  server.RaftServerConfigKeys (ConfUtils.java:logGet(46)) - raft.server.log.purge.gap = 1024 (default)
2023-11-28 06:43:29,696 [s2-impl-thread1] INFO  server.RaftServerConfigKeys (ConfUtils.java:logGet(46)) - raft.server.log.appender.buffer.byte-limit = 4MB (=4194304) (default)
2023-11-28 06:43:29,696 [s2-impl-thread1] INFO  server.RaftServerConfigKeys (ConfUtils.java:logGet(46)) - raft.server.log.statemachine.data.read.timeout = 1000ms (default)
2023-11-28 06:43:29,696 [s2-impl-thread1] INFO  server.RaftServerConfigKeys (ConfUtils.java:logGet(46)) - raft.server.log.purge.preservation.log.num = 0 (default)
2023-11-28 06:43:29,696 [s2-impl-thread1] INFO  server.RaftServerConfigKeys (ConfUtils.java:logGet(46)) - raft.server.log.segment.size.max = 32MB (=33554432) (default)
2023-11-28 06:43:29,696 [s2-impl-thread1] INFO  server.RaftServerConfigKeys (ConfUtils.java:logGet(46)) - raft.server.log.segment.cache.num.max = 6 (default)
2023-11-28 06:43:29,696 [s2-impl-thread1] INFO  server.RaftServerConfigKeys (ConfUtils.java:logGet(46)) - raft.server.log.segment.cache.size.max = 200MB (=209715200) (default)
2023-11-28 06:43:29,696 [s2-impl-thread1] INFO  server.RaftServerConfigKeys (ConfUtils.java:logGet(46)) - raft.server.log.appender.buffer.byte-limit = 4MB (=4194304) (default)
2023-11-28 06:43:29,697 [s2-impl-thread1] INFO  util.AwaitToRun (AwaitToRun.java:start(81)) - Thread[s2@group-C77254A99B14-cacheEviction-AwaitToRun,5,main] started
2023-11-28 06:43:29,697 [s2-impl-thread1] INFO  segmented.SegmentedRaftLogWorker (SegmentedRaftLogWorker.java:<init>(182)) - new s2@group-C77254A99B14-SegmentedRaftLogWorker for RaftStorageImpl:Storage Directory /home/runner/work/ratis/ratis/ratis-test/target/test/data/cc86e3b/MiniRaftClusterWithGrpcbe42d27/s2/3d8ff755-ef6a-4c2e-b59e-c77254a99b14
2023-11-28 06:43:29,697 [s2-impl-thread1] INFO  server.RaftServerConfigKeys (ConfUtils.java:logGet(46)) - raft.server.log.queue.byte-limit = 64MB (=67108864) (default)
2023-11-28 06:43:29,697 [s2-impl-thread1] INFO  server.RaftServerConfigKeys (ConfUtils.java:logGet(46)) - raft.server.log.queue.element-limit = 4096 (default)
2023-11-28 06:43:29,697 [s2-impl-thread1] INFO  server.RaftServerConfigKeys (ConfUtils.java:logGet(46)) - raft.server.log.segment.size.max = 32MB (=33554432) (default)
2023-11-28 06:43:29,697 [s2-impl-thread1] INFO  server.RaftServerConfigKeys (ConfUtils.java:logGet(46)) - raft.server.log.preallocated.size = 4MB (=4194304) (default)
2023-11-28 06:43:29,697 [s2-impl-thread1] INFO  server.RaftServerConfigKeys (ConfUtils.java:logGet(46)) - raft.server.log.force.sync.num = 128 (default)
2023-11-28 06:43:29,697 [s2-impl-thread1] INFO  server.RaftServerConfigKeys (ConfUtils.java:logGet(46)) - raft.server.log.statemachine.data.sync = true (default)
2023-11-28 06:43:29,697 [s2-impl-thread1] INFO  server.RaftServerConfigKeys (ConfUtils.java:logGet(46)) - raft.server.log.statemachine.data.sync.timeout = 10s (default)
2023-11-28 06:43:29,697 [s2-impl-thread1] INFO  server.RaftServerConfigKeys (ConfUtils.java:logGet(46)) - raft.server.log.statemachine.data.sync.timeout.retry = -1 (default)
2023-11-28 06:43:29,697 [s2-impl-thread1] INFO  server.RaftServerConfigKeys (ConfUtils.java:logGet(46)) - raft.server.log.write.buffer.size = 8MB (=8388608) (default)
2023-11-28 06:43:29,699 [s2-impl-thread1] INFO  server.RaftServerConfigKeys (ConfUtils.java:logGet(46)) - raft.server.log.appender.buffer.byte-limit = 4MB (=4194304) (default)
2023-11-28 06:43:29,699 [s2-impl-thread1] INFO  server.RaftServerConfigKeys (ConfUtils.java:logGet(46)) - raft.server.log.unsafe-flush.enabled = false (default)
2023-11-28 06:43:29,699 [s2-impl-thread1] INFO  server.RaftServerConfigKeys (ConfUtils.java:logGet(46)) - raft.server.log.async-flush.enabled = false (default)
2023-11-28 06:43:29,699 [s2-impl-thread1] INFO  server.RaftServerConfigKeys (ConfUtils.java:logGet(46)) - raft.server.log.statemachine.data.caching.enabled = false (default)
2023-11-28 06:43:29,699 [s2-impl-thread1] INFO  segmented.SegmentedRaftLogWorker (SegmentedRaftLogWorker.java:lambda$new$0(134)) - s2@group-C77254A99B14-SegmentedRaftLogWorker: flushIndex: setUnconditionally 0 -> -1
2023-11-28 06:43:29,699 [s2-impl-thread1] INFO  segmented.SegmentedRaftLogWorker (SegmentedRaftLogWorker.java:lambda$new$0(134)) - s2@group-C77254A99B14-SegmentedRaftLogWorker: safeCacheEvictIndex: setUnconditionally 0 -> -1
2023-11-28 06:43:29,699 [s2-impl-thread1] INFO  server.RaftServer$Division (RaftServerImpl.java:start(392)) - s2@group-C77254A99B14: start as a follower, conf=-1: peers:[s0|localhost:46347, s1|localhost:33829, s2|localhost:35737]|listeners:[], old=null
2023-11-28 06:43:29,699 [s2-impl-thread1] INFO  server.RaftServer$Division (RaftServerImpl.java:setRole(379)) - s2@group-C77254A99B14: changes role from      null to FOLLOWER at term 0 for startAsFollower
2023-11-28 06:43:29,699 [s2-impl-thread1] INFO  impl.RoleInfo (RoleInfo.java:updateAndGet(139)) - s2: start s2@group-C77254A99B14-FollowerState
2023-11-28 06:43:29,699 [s2@group-C77254A99B14-FollowerState] INFO  server.RaftServerConfigKeys (ConfUtils.java:logFallback(53)) - raft.server.rpc.first-election.timeout.min = 150ms (fallback to raft.server.rpc.timeout.min)
2023-11-28 06:43:29,699 [s2-impl-thread1] INFO  util.JmxRegister (JmxRegister.java:tryRegister(44)) - Successfully registered JMX Bean with object name Ratis:service=RaftServer,group=group-C77254A99B14,id=s2
2023-11-28 06:43:29,699 [s2@group-C77254A99B14-FollowerState] INFO  server.RaftServerConfigKeys (ConfUtils.java:logFallback(53)) - raft.server.rpc.first-election.timeout.max = 300ms (fallback to raft.server.rpc.timeout.max)
2023-11-28 06:43:29,699 [s2-impl-thread1] INFO  server.RaftServerConfigKeys (ConfUtils.java:logGet(46)) - raft.server.snapshot.trigger-when-stop.enabled = true (default)
2023-11-28 06:43:29,699 [s2-impl-thread1] INFO  server.RaftServerConfigKeys (ConfUtils.java:logGet(46)) - raft.server.snapshot.auto.trigger.enabled = false (default)
2023-11-28 06:43:29,699 [s2-impl-thread1] INFO  server.RaftServerConfigKeys (ConfUtils.java:logGet(46)) - raft.server.snapshot.retention.file.num = -1 (default)
2023-11-28 06:43:29,699 [s2-impl-thread1] INFO  server.RaftServerConfigKeys (ConfUtils.java:logGet(46)) - raft.server.log.purge.upto.snapshot.index = false (default)
2023-11-28 06:43:29,700 [Time-limited test] INFO  server.RaftServer (RaftServerProxy.java:startImpl(406)) - s2: start RPC server
2023-11-28 06:43:29,700 [Time-limited test] INFO  server.GrpcService (GrpcService.java:startImpl(302)) - s2: GrpcService started, listening on 34905
2023-11-28 06:43:29,701 [Time-limited test] INFO  server.GrpcService (GrpcService.java:startImpl(302)) - s2: GrpcService started, listening on 35737
2023-11-28 06:43:29,701 [Time-limited test] INFO  server.GrpcService (GrpcService.java:startImpl(302)) - s2: GrpcService started, listening on 39639
2023-11-28 06:43:29,701 [JvmPauseMonitor11] INFO  util.JvmPauseMonitor (JvmPauseMonitor.java:run(146)) - JvmPauseMonitor-s2: Started
2023-11-28 06:43:29,701 [Time-limited test] INFO  server.RaftServerConfigKeys (ConfUtils.java:logGet(46)) - raft.server.rpc.timeout.max = 300ms (default)
2023-11-28 06:43:29,701 [Time-limited test] INFO  ratis.RaftTestUtil (RaftTestUtil.java:waitForLeader(100)) - printing ALL groups
  s0:  RUNNING  FOLLOWER s0@group-C77254A99B14:t0, leader=null, voted=, raftlog=Memoized:s0@group-C77254A99B14-SegmentedRaftLog:OPENED:c-1, conf=-1: peers:[s0|localhost:46347, s1|localhost:33829, s2|localhost:35737]|listeners:[], old=null RUNNING
  s1:  RUNNING  FOLLOWER s1@group-C77254A99B14:t0, leader=null, voted=, raftlog=Memoized:s1@group-C77254A99B14-SegmentedRaftLog:OPENED:c-1, conf=-1: peers:[s0|localhost:46347, s1|localhost:33829, s2|localhost:35737]|listeners:[], old=null RUNNING
  s2:  RUNNING  FOLLOWER s2@group-C77254A99B14:t0, leader=null, voted=, raftlog=Memoized:s2@group-C77254A99B14-SegmentedRaftLog:OPENED:c-1, conf=-1: peers:[s0|localhost:46347, s1|localhost:33829, s2|localhost:35737]|listeners:[], old=null RUNNING
2023-11-28 06:43:29,701 [Time-limited test] WARN  ratis.RaftTestUtil (JavaUtils.java:attempt(223)) - FAILED "waitForLeader-null-(expectLeader? true)", attempt #1/100: java.lang.IllegalStateException: No leader yet : printing ALL groups
  s0:  RUNNING  FOLLOWER s0@group-C77254A99B14:t0, leader=null, voted=, raftlog=Memoized:s0@group-C77254A99B14-SegmentedRaftLog:OPENED:c-1, conf=-1: peers:[s0|localhost:46347, s1|localhost:33829, s2|localhost:35737]|listeners:[], old=null RUNNING
  s1:  RUNNING  FOLLOWER s1@group-C77254A99B14:t0, leader=null, voted=, raftlog=Memoized:s1@group-C77254A99B14-SegmentedRaftLog:OPENED:c-1, conf=-1: peers:[s0|localhost:46347, s1|localhost:33829, s2|localhost:35737]|listeners:[], old=null RUNNING
  s2:  RUNNING  FOLLOWER s2@group-C77254A99B14:t0, leader=null, voted=, raftlog=Memoized:s2@group-C77254A99B14-SegmentedRaftLog:OPENED:c-1, conf=-1: peers:[s0|localhost:46347, s1|localhost:33829, s2|localhost:35737]|listeners:[], old=null RUNNING, sleep 450ms and then retry.
java.lang.IllegalStateException: No leader yet : printing ALL groups
  s0:  RUNNING  FOLLOWER s0@group-C77254A99B14:t0, leader=null, voted=, raftlog=Memoized:s0@group-C77254A99B14-SegmentedRaftLog:OPENED:c-1, conf=-1: peers:[s0|localhost:46347, s1|localhost:33829, s2|localhost:35737]|listeners:[], old=null RUNNING
  s1:  RUNNING  FOLLOWER s1@group-C77254A99B14:t0, leader=null, voted=, raftlog=Memoized:s1@group-C77254A99B14-SegmentedRaftLog:OPENED:c-1, conf=-1: peers:[s0|localhost:46347, s1|localhost:33829, s2|localhost:35737]|listeners:[], old=null RUNNING
  s2:  RUNNING  FOLLOWER s2@group-C77254A99B14:t0, leader=null, voted=, raftlog=Memoized:s2@group-C77254A99B14-SegmentedRaftLog:OPENED:c-1, conf=-1: peers:[s0|localhost:46347, s1|localhost:33829, s2|localhost:35737]|listeners:[], old=null RUNNING
	at org.apache.ratis.server.impl.MiniRaftCluster.newIllegalStateExceptionForNoLeaders(MiniRaftCluster.java:581)
	at org.apache.ratis.RaftTestUtil.lambda$waitForLeader$1(RaftTestUtil.java:104)
	at org.apache.ratis.server.impl.MiniRaftCluster.getLeader(MiniRaftCluster.java:615)
	at org.apache.ratis.server.impl.MiniRaftCluster.getLeader(MiniRaftCluster.java:608)
	at org.apache.ratis.RaftTestUtil.lambda$waitForLeader$3(RaftTestUtil.java:112)
	at org.apache.ratis.util.JavaUtils.attempt(JavaUtils.java:217)
	at org.apache.ratis.util.JavaUtils.attemptRepeatedly(JavaUtils.java:203)
	at org.apache.ratis.RaftTestUtil.waitForLeader(RaftTestUtil.java:111)
	at org.apache.ratis.RaftTestUtil.waitForLeader(RaftTestUtil.java:92)
	at org.apache.ratis.RaftTestUtil.waitForLeader(RaftTestUtil.java:87)
	at org.apache.ratis.RetryCacheTests.runTestRetryOnNewLeader(RetryCacheTests.java:127)
	at org.apache.ratis.server.impl.MiniRaftCluster$Factory$Get.runWithNewCluster(MiniRaftCluster.java:141)
	at org.apache.ratis.server.impl.MiniRaftCluster$Factory$Get.runWithNewCluster(MiniRaftCluster.java:121)
	at org.apache.ratis.RetryCacheTests.testRetryOnNewLeader(RetryCacheTests.java:123)
	at java.base/jdk.internal.reflect.NativeMethodAccessorImpl.invoke0(Native Method)
	at java.base/jdk.internal.reflect.NativeMethodAccessorImpl.invoke(NativeMethodAccessorImpl.java:62)
	at java.base/jdk.internal.reflect.DelegatingMethodAccessorImpl.invoke(DelegatingMethodAccessorImpl.java:43)
	at java.base/java.lang.reflect.Method.invoke(Method.java:566)
	at org.junit.runners.model.FrameworkMethod$1.runReflectiveCall(FrameworkMethod.java:59)
	at org.junit.internal.runners.model.ReflectiveCallable.run(ReflectiveCallable.java:12)
	at org.junit.runners.model.FrameworkMethod.invokeExplosively(FrameworkMethod.java:56)
	at org.junit.internal.runners.statements.InvokeMethod.evaluate(InvokeMethod.java:17)
	at org.junit.internal.runners.statements.RunAfters.evaluate(RunAfters.java:27)
	at org.junit.internal.runners.statements.FailOnTimeout$CallableStatement.call(FailOnTimeout.java:299)
	at org.junit.internal.runners.statements.FailOnTimeout$CallableStatement.call(FailOnTimeout.java:293)
	at java.base/java.util.concurrent.FutureTask.run(FutureTask.java:264)
	at java.base/java.lang.Thread.run(Thread.java:829)
2023-11-28 06:43:29,784 [grpc-default-executor-3] ERROR impl.OrderedAsync (OrderedAsync.java:lambda$sendRequest$9(247)) - client-23DA7E6A7FE2: Failed* RaftClientRequest:client-23DA7E6A7FE2->s0@group-9F468C9C58F9, cid=6, seq=1*, Watch(0), null
java.util.concurrent.CompletionException: java.io.IOException: org.apache.ratis.thirdparty.io.grpc.StatusRuntimeException: UNAVAILABLE: io exception
	at java.base/java.util.concurrent.CompletableFuture.encodeThrowable(CompletableFuture.java:331)
	at java.base/java.util.concurrent.CompletableFuture.completeThrowable(CompletableFuture.java:346)
	at java.base/java.util.concurrent.CompletableFuture$UniApply.tryFire(CompletableFuture.java:632)
	at java.base/java.util.concurrent.CompletableFuture.postComplete(CompletableFuture.java:506)
	at java.base/java.util.concurrent.CompletableFuture.completeExceptionally(CompletableFuture.java:2094)
	at org.apache.ratis.grpc.client.GrpcClientProtocolClient$AsyncStreamObservers.completeReplyExceptionally(GrpcClientProtocolClient.java:394)
	at org.apache.ratis.grpc.client.GrpcClientProtocolClient$AsyncStreamObservers.access$000(GrpcClientProtocolClient.java:300)
	at org.apache.ratis.grpc.client.GrpcClientProtocolClient$AsyncStreamObservers$1.onError(GrpcClientProtocolClient.java:331)
	at org.apache.ratis.thirdparty.io.grpc.stub.ClientCalls$StreamObserverToCallListenerAdapter.onClose(ClientCalls.java:481)
	at org.apache.ratis.thirdparty.io.grpc.PartialForwardingClientCallListener.onClose(PartialForwardingClientCallListener.java:39)
	at org.apache.ratis.thirdparty.io.grpc.ForwardingClientCallListener.onClose(ForwardingClientCallListener.java:23)
	at org.apache.ratis.grpc.metrics.intercept.client.MetricClientCallListener.onClose(MetricClientCallListener.java:47)
	at org.apache.ratis.thirdparty.io.grpc.internal.DelayedClientCall$DelayedListener$3.run(DelayedClientCall.java:489)
	at org.apache.ratis.thirdparty.io.grpc.internal.DelayedClientCall$DelayedListener.delayOrExecute(DelayedClientCall.java:453)
	at org.apache.ratis.thirdparty.io.grpc.internal.DelayedClientCall$DelayedListener.onClose(DelayedClientCall.java:486)
	at org.apache.ratis.thirdparty.io.grpc.internal.ClientCallImpl.closeObserver(ClientCallImpl.java:567)
	at org.apache.ratis.thirdparty.io.grpc.internal.ClientCallImpl.access$300(ClientCallImpl.java:71)
	at org.apache.ratis.thirdparty.io.grpc.internal.ClientCallImpl$ClientStreamListenerImpl$1StreamClosed.runInternal(ClientCallImpl.java:735)
	at org.apache.ratis.thirdparty.io.grpc.internal.ClientCallImpl$ClientStreamListenerImpl$1StreamClosed.runInContext(ClientCallImpl.java:716)
	at org.apache.ratis.thirdparty.io.grpc.internal.ContextRunnable.run(ContextRunnable.java:37)
	at org.apache.ratis.thirdparty.io.grpc.internal.SerializingExecutor.run(SerializingExecutor.java:133)
	at java.base/java.util.concurrent.ThreadPoolExecutor.runWorker(ThreadPoolExecutor.java:1128)
	at java.base/java.util.concurrent.ThreadPoolExecutor$Worker.run(ThreadPoolExecutor.java:628)
	at java.base/java.lang.Thread.run(Thread.java:829)
Caused by: java.io.IOException: org.apache.ratis.thirdparty.io.grpc.StatusRuntimeException: UNAVAILABLE: io exception
	at org.apache.ratis.grpc.GrpcUtil.unwrapException(GrpcUtil.java:99)
	at org.apache.ratis.grpc.GrpcUtil.unwrapIOException(GrpcUtil.java:159)
	at org.apache.ratis.grpc.client.GrpcClientProtocolClient$AsyncStreamObservers$1.onError(GrpcClientProtocolClient.java:330)
	... 16 more
Caused by: org.apache.ratis.thirdparty.io.grpc.StatusRuntimeException: UNAVAILABLE: io exception
	at org.apache.ratis.thirdparty.io.grpc.Status.asRuntimeException(Status.java:537)
	... 16 more
Caused by: org.apache.ratis.thirdparty.io.netty.channel.AbstractChannel$AnnotatedConnectException: finishConnect(..) failed: Connection refused: localhost/127.0.0.1:43007
Caused by: java.net.ConnectException: finishConnect(..) failed: Connection refused
	at org.apache.ratis.thirdparty.io.netty.channel.unix.Errors.newConnectException0(Errors.java:166)
	at org.apache.ratis.thirdparty.io.netty.channel.unix.Errors.handleConnectErrno(Errors.java:131)
	at org.apache.ratis.thirdparty.io.netty.channel.unix.Socket.finishConnect(Socket.java:359)
	at org.apache.ratis.thirdparty.io.netty.channel.epoll.AbstractEpollChannel$AbstractEpollUnsafe.doFinishConnect(AbstractEpollChannel.java:710)
	at org.apache.ratis.thirdparty.io.netty.channel.epoll.AbstractEpollChannel$AbstractEpollUnsafe.finishConnect(AbstractEpollChannel.java:687)
	at org.apache.ratis.thirdparty.io.netty.channel.epoll.AbstractEpollChannel$AbstractEpollUnsafe.epollOutReady(AbstractEpollChannel.java:567)
	at org.apache.ratis.thirdparty.io.netty.channel.epoll.EpollEventLoop.processReady(EpollEventLoop.java:499)
	at org.apache.ratis.thirdparty.io.netty.channel.epoll.EpollEventLoop.run(EpollEventLoop.java:407)
	at org.apache.ratis.thirdparty.io.netty.util.concurrent.SingleThreadEventExecutor$4.run(SingleThreadEventExecutor.java:997)
	at org.apache.ratis.thirdparty.io.netty.util.internal.ThreadExecutorMap$2.run(ThreadExecutorMap.java:74)
	at org.apache.ratis.thirdparty.io.netty.util.concurrent.FastThreadLocalRunnable.run(FastThreadLocalRunnable.java:30)
	at java.base/java.lang.Thread.run(Thread.java:829)
2023-11-28 06:43:29,834 [s0@group-C77254A99B14-FollowerState] INFO  impl.FollowerState (FollowerState.java:run(143)) - s0@group-C77254A99B14-FollowerState: change to CANDIDATE, lastRpcElapsedTime:152368400ns, electionTimeout:152ms
2023-11-28 06:43:29,835 [s0@group-C77254A99B14-FollowerState] INFO  impl.RoleInfo (RoleInfo.java:shutdownFollowerState(110)) - s0: shutdown s0@group-C77254A99B14-FollowerState
2023-11-28 06:43:29,835 [s0@group-C77254A99B14-FollowerState] INFO  server.RaftServer$Division (RaftServerImpl.java:setRole(379)) - s0@group-C77254A99B14: changes role from  FOLLOWER to CANDIDATE at term 0 for changeToCandidate
2023-11-28 06:43:29,835 [s0@group-C77254A99B14-FollowerState] INFO  server.RaftServerConfigKeys (ConfUtils.java:logGet(46)) - raft.server.leaderelection.pre-vote = true (default)
2023-11-28 06:43:29,835 [s0@group-C77254A99B14-FollowerState] INFO  impl.RoleInfo (RoleInfo.java:updateAndGet(139)) - s0: start s0@group-C77254A99B14-LeaderElection7
2023-11-28 06:43:29,835 [s0@group-C77254A99B14-LeaderElection7] INFO  impl.LeaderElection (LeaderElection.java:askForVotes(323)) - s0@group-C77254A99B14-LeaderElection7 PRE_VOTE round 0: submit vote requests at term 0 for -1: peers:[s0|localhost:46347, s1|localhost:33829, s2|localhost:35737]|listeners:[], old=null
2023-11-28 06:43:29,836 [s0@group-C77254A99B14-LeaderElection7-1] INFO  server.GrpcServerProtocolClient (GrpcServerProtocolClient.java:<init>(65)) - Build channel for s1
2023-11-28 06:43:29,836 [s0@group-C77254A99B14-LeaderElection7] INFO  server.RaftServerConfigKeys (ConfUtils.java:logFallback(53)) - raft.server.rpc.first-election.timeout.min = 150ms (fallback to raft.server.rpc.timeout.min)
2023-11-28 06:43:29,836 [s0@group-C77254A99B14-LeaderElection7-2] INFO  server.GrpcServerProtocolClient (GrpcServerProtocolClient.java:<init>(65)) - Build channel for s2
2023-11-28 06:43:29,836 [s0@group-C77254A99B14-LeaderElection7] INFO  server.RaftServerConfigKeys (ConfUtils.java:logFallback(53)) - raft.server.rpc.first-election.timeout.max = 300ms (fallback to raft.server.rpc.timeout.max)
2023-11-28 06:43:29,840 [grpc-default-executor-3] INFO  server.RaftServer$Division (RaftServerImpl.java:requestVote(1377)) - s2@group-C77254A99B14: receive requestVote(PRE_VOTE, s0, group-C77254A99B14, 0, (t:0, i:0))
2023-11-28 06:43:29,840 [grpc-default-executor-3] INFO  impl.VoteContext (VoteContext.java:log(49)) - s2@group-C77254A99B14-FOLLOWER: accept PRE_VOTE from s0: our priority 0 <= candidate's priority 0
2023-11-28 06:43:29,840 [grpc-default-executor-3] INFO  server.RaftServer$Division (RaftServerImpl.java:requestVote(1410)) - s2@group-C77254A99B14 replies to PRE_VOTE vote request: s0<-s2#0:OK-t0. Peer's state: s2@group-C77254A99B14:t0, leader=null, voted=, raftlog=Memoized:s2@group-C77254A99B14-SegmentedRaftLog:OPENED:c-1, conf=-1: peers:[s0|localhost:46347, s1|localhost:33829, s2|localhost:35737]|listeners:[], old=null
2023-11-28 06:43:29,841 [grpc-default-executor-3] INFO  server.RaftServer$Division (RaftServerImpl.java:requestVote(1377)) - s1@group-C77254A99B14: receive requestVote(PRE_VOTE, s0, group-C77254A99B14, 0, (t:0, i:0))
2023-11-28 06:43:29,841 [grpc-default-executor-3] INFO  impl.VoteContext (VoteContext.java:log(49)) - s1@group-C77254A99B14-FOLLOWER: accept PRE_VOTE from s0: our priority 0 <= candidate's priority 0
2023-11-28 06:43:29,841 [grpc-default-executor-3] INFO  server.RaftServer$Division (RaftServerImpl.java:requestVote(1410)) - s1@group-C77254A99B14 replies to PRE_VOTE vote request: s0<-s1#0:OK-t0. Peer's state: s1@group-C77254A99B14:t0, leader=null, voted=, raftlog=Memoized:s1@group-C77254A99B14-SegmentedRaftLog:OPENED:c-1, conf=-1: peers:[s0|localhost:46347, s1|localhost:33829, s2|localhost:35737]|listeners:[], old=null
2023-11-28 06:43:29,842 [s0@group-C77254A99B14-LeaderElection7] INFO  impl.LeaderElection (LeaderElection.java:logAndReturn(89)) - s0@group-C77254A99B14-LeaderElection7: PRE_VOTE PASSED received 1 response(s) and 0 exception(s):
2023-11-28 06:43:29,842 [s0@group-C77254A99B14-LeaderElection7] INFO  impl.LeaderElection (LeaderElection.java:logAndReturn(93)) -   Response 0: s0<-s2#0:OK-t0
2023-11-28 06:43:29,842 [s0@group-C77254A99B14-LeaderElection7] INFO  impl.LeaderElection (LeaderElection.java:askForVotes(325)) - s0@group-C77254A99B14-LeaderElection7 PRE_VOTE round 0: result PASSED
2023-11-28 06:43:29,842 [s0@group-C77254A99B14-LeaderElection7] TRACE util.FileUtils (LogUtils.java:supplyAndLog(69)) - Successfully supplied FileChannel.open /home/runner/work/ratis/ratis/ratis-test/target/test/data/cc86e3b/MiniRaftClusterWithGrpcbe42d27/s0/3d8ff755-ef6a-4c2e-b59e-c77254a99b14/current/raft-meta.tmp with options [CREATE, WRITE]: sun.nio.ch.FileChannelImpl@2c4a378
2023-11-28 06:43:29,843 [s0@group-C77254A99B14-LeaderElection7] TRACE util.FileUtils (LogUtils.java:runAndLog(49)) - Successfully ran Atomic Files.move /home/runner/work/ratis/ratis/ratis-test/target/test/data/cc86e3b/MiniRaftClusterWithGrpcbe42d27/s0/3d8ff755-ef6a-4c2e-b59e-c77254a99b14/current/raft-meta.tmp to /home/runner/work/ratis/ratis/ratis-test/target/test/data/cc86e3b/MiniRaftClusterWithGrpcbe42d27/s0/3d8ff755-ef6a-4c2e-b59e-c77254a99b14/current/raft-meta with options [REPLACE_EXISTING]
2023-11-28 06:43:29,843 [s0@group-C77254A99B14-LeaderElection7] INFO  impl.LeaderElection (LeaderElection.java:askForVotes(323)) - s0@group-C77254A99B14-LeaderElection7 ELECTION round 0: submit vote requests at term 1 for -1: peers:[s0|localhost:46347, s1|localhost:33829, s2|localhost:35737]|listeners:[], old=null
2023-11-28 06:43:29,844 [s0@group-C77254A99B14-LeaderElection7] INFO  server.RaftServerConfigKeys (ConfUtils.java:logFallback(53)) - raft.server.rpc.first-election.timeout.min = 150ms (fallback to raft.server.rpc.timeout.min)
2023-11-28 06:43:29,844 [s0@group-C77254A99B14-LeaderElection7] INFO  server.RaftServerConfigKeys (ConfUtils.java:logFallback(53)) - raft.server.rpc.first-election.timeout.max = 300ms (fallback to raft.server.rpc.timeout.max)
2023-11-28 06:43:29,845 [grpc-default-executor-3] INFO  server.RaftServer$Division (RaftServerImpl.java:requestVote(1377)) - s1@group-C77254A99B14: receive requestVote(ELECTION, s0, group-C77254A99B14, 1, (t:0, i:0))
2023-11-28 06:43:29,845 [grpc-default-executor-3] INFO  impl.VoteContext (VoteContext.java:log(49)) - s1@group-C77254A99B14-FOLLOWER: accept ELECTION from s0: our priority 0 <= candidate's priority 0
2023-11-28 06:43:29,845 [grpc-default-executor-3] INFO  server.RaftServer$Division (RaftServerImpl.java:setRole(379)) - s1@group-C77254A99B14: changes role from  FOLLOWER to FOLLOWER at term 1 for candidate:s0
2023-11-28 06:43:29,845 [grpc-default-executor-3] INFO  impl.RoleInfo (RoleInfo.java:shutdownFollowerState(110)) - s1: shutdown s1@group-C77254A99B14-FollowerState
2023-11-28 06:43:29,845 [s1@group-C77254A99B14-FollowerState] INFO  impl.FollowerState (FollowerState.java:run(152)) - s1@group-C77254A99B14-FollowerState was interrupted
2023-11-28 06:43:29,845 [grpc-default-executor-3] INFO  impl.RoleInfo (RoleInfo.java:updateAndGet(139)) - s1: start s1@group-C77254A99B14-FollowerState
2023-11-28 06:43:29,845 [grpc-default-executor-3] INFO  server.RaftServer$Division (RaftServerImpl.java:setFirstElection(564)) - s1@group-C77254A99B14: set firstElectionSinceStartup to false for candidate:s0
2023-11-28 06:43:29,845 [grpc-default-executor-2] INFO  server.RaftServer$Division (RaftServerImpl.java:requestVote(1377)) - s2@group-C77254A99B14: receive requestVote(ELECTION, s0, group-C77254A99B14, 1, (t:0, i:0))
2023-11-28 06:43:29,845 [grpc-default-executor-3] TRACE util.FileUtils (LogUtils.java:supplyAndLog(69)) - Successfully supplied FileChannel.open /home/runner/work/ratis/ratis/ratis-test/target/test/data/cc86e3b/MiniRaftClusterWithGrpcbe42d27/s1/3d8ff755-ef6a-4c2e-b59e-c77254a99b14/current/raft-meta.tmp with options [CREATE, WRITE]: sun.nio.ch.FileChannelImpl@6e9f52ab
2023-11-28 06:43:29,848 [grpc-default-executor-3] TRACE util.FileUtils (LogUtils.java:runAndLog(49)) - Successfully ran Atomic Files.move /home/runner/work/ratis/ratis/ratis-test/target/test/data/cc86e3b/MiniRaftClusterWithGrpcbe42d27/s1/3d8ff755-ef6a-4c2e-b59e-c77254a99b14/current/raft-meta.tmp to /home/runner/work/ratis/ratis/ratis-test/target/test/data/cc86e3b/MiniRaftClusterWithGrpcbe42d27/s1/3d8ff755-ef6a-4c2e-b59e-c77254a99b14/current/raft-meta with options [REPLACE_EXISTING]
2023-11-28 06:43:29,848 [grpc-default-executor-2] INFO  impl.VoteContext (VoteContext.java:log(49)) - s2@group-C77254A99B14-FOLLOWER: accept ELECTION from s0: our priority 0 <= candidate's priority 0
2023-11-28 06:43:29,848 [grpc-default-executor-3] INFO  server.RaftServer$Division (RaftServerImpl.java:requestVote(1410)) - s1@group-C77254A99B14 replies to ELECTION vote request: s0<-s1#0:OK-t1. Peer's state: s1@group-C77254A99B14:t1, leader=null, voted=s0, raftlog=Memoized:s1@group-C77254A99B14-SegmentedRaftLog:OPENED:c-1, conf=-1: peers:[s0|localhost:46347, s1|localhost:33829, s2|localhost:35737]|listeners:[], old=null
2023-11-28 06:43:29,848 [grpc-default-executor-2] INFO  server.RaftServer$Division (RaftServerImpl.java:setRole(379)) - s2@group-C77254A99B14: changes role from  FOLLOWER to FOLLOWER at term 1 for candidate:s0
2023-11-28 06:43:29,848 [grpc-default-executor-2] INFO  impl.RoleInfo (RoleInfo.java:shutdownFollowerState(110)) - s2: shutdown s2@group-C77254A99B14-FollowerState
2023-11-28 06:43:29,848 [grpc-default-executor-2] INFO  impl.RoleInfo (RoleInfo.java:updateAndGet(139)) - s2: start s2@group-C77254A99B14-FollowerState
2023-11-28 06:43:29,848 [grpc-default-executor-2] INFO  server.RaftServer$Division (RaftServerImpl.java:setFirstElection(564)) - s2@group-C77254A99B14: set firstElectionSinceStartup to false for candidate:s0
2023-11-28 06:43:29,849 [grpc-default-executor-2] TRACE util.FileUtils (LogUtils.java:supplyAndLog(69)) - Successfully supplied FileChannel.open /home/runner/work/ratis/ratis/ratis-test/target/test/data/cc86e3b/MiniRaftClusterWithGrpcbe42d27/s2/3d8ff755-ef6a-4c2e-b59e-c77254a99b14/current/raft-meta.tmp with options [CREATE, WRITE]: sun.nio.ch.FileChannelImpl@1cbcfbe7
2023-11-28 06:43:29,849 [s2@group-C77254A99B14-FollowerState] INFO  impl.FollowerState (FollowerState.java:run(152)) - s2@group-C77254A99B14-FollowerState was interrupted
2023-11-28 06:43:29,849 [s0@group-C77254A99B14-LeaderElection7] INFO  impl.LeaderElection (LeaderElection.java:logAndReturn(89)) - s0@group-C77254A99B14-LeaderElection7: ELECTION PASSED received 1 response(s) and 0 exception(s):
2023-11-28 06:43:29,849 [s0@group-C77254A99B14-LeaderElection7] INFO  impl.LeaderElection (LeaderElection.java:logAndReturn(93)) -   Response 0: s0<-s1#0:OK-t1
2023-11-28 06:43:29,849 [s0@group-C77254A99B14-LeaderElection7] INFO  impl.LeaderElection (LeaderElection.java:askForVotes(325)) - s0@group-C77254A99B14-LeaderElection7 ELECTION round 0: result PASSED
2023-11-28 06:43:29,849 [s0@group-C77254A99B14-LeaderElection7] INFO  impl.RoleInfo (RoleInfo.java:shutdownLeaderElection(130)) - s0: shutdown s0@group-C77254A99B14-LeaderElection7
2023-11-28 06:43:29,849 [s0@group-C77254A99B14-LeaderElection7] INFO  server.RaftServer$Division (RaftServerImpl.java:setRole(379)) - s0@group-C77254A99B14: changes role from CANDIDATE to LEADER at term 1 for changeToLeader
2023-11-28 06:43:29,850 [s0@group-C77254A99B14-LeaderElection7] INFO  server.RaftServerConfigKeys (ConfUtils.java:logGet(46)) - raft.server.staging.catchup.gap = 1000 (default)
2023-11-28 06:43:29,850 [s0@group-C77254A99B14-LeaderElection7] INFO  server.RaftServerConfigKeys (ConfUtils.java:logGet(46)) - raft.server.write.element-limit = 4096 (default)
2023-11-28 06:43:29,850 [s0@group-C77254A99B14-LeaderElection7] INFO  server.RaftServerConfigKeys (ConfUtils.java:logGet(46)) - raft.server.write.byte-limit = 64MB (=67108864) (default)
2023-11-28 06:43:29,850 [s0@group-C77254A99B14-LeaderElection7] INFO  server.RaftServerConfigKeys (ConfUtils.java:logGet(46)) - raft.server.watch.timeout = 10s (default)
2023-11-28 06:43:29,850 [s0@group-C77254A99B14-LeaderElection7] INFO  server.RaftServerConfigKeys (ConfUtils.java:logGet(46)) - raft.server.watch.timeout.denomination = 1s (default)
2023-11-28 06:43:29,850 [s0@group-C77254A99B14-LeaderElection7] INFO  server.RaftServerConfigKeys (ConfUtils.java:logGet(46)) - raft.server.watch.element-limit = 65536 (default)
2023-11-28 06:43:29,850 [grpc-default-executor-2] TRACE util.FileUtils (LogUtils.java:runAndLog(49)) - Successfully ran Atomic Files.move /home/runner/work/ratis/ratis/ratis-test/target/test/data/cc86e3b/MiniRaftClusterWithGrpcbe42d27/s2/3d8ff755-ef6a-4c2e-b59e-c77254a99b14/current/raft-meta.tmp to /home/runner/work/ratis/ratis/ratis-test/target/test/data/cc86e3b/MiniRaftClusterWithGrpcbe42d27/s2/3d8ff755-ef6a-4c2e-b59e-c77254a99b14/current/raft-meta with options [REPLACE_EXISTING]
2023-11-28 06:43:29,850 [s0@group-C77254A99B14-LeaderElection7] INFO  server.RaftServerConfigKeys (ConfUtils.java:logGet(46)) - raft.server.read.leader.lease.enabled = false (default)
2023-11-28 06:43:29,850 [grpc-default-executor-2] INFO  server.RaftServer$Division (RaftServerImpl.java:requestVote(1410)) - s2@group-C77254A99B14 replies to ELECTION vote request: s0<-s2#0:OK-t1. Peer's state: s2@group-C77254A99B14:t1, leader=null, voted=s0, raftlog=Memoized:s2@group-C77254A99B14-SegmentedRaftLog:OPENED:c-1, conf=-1: peers:[s0|localhost:46347, s1|localhost:33829, s2|localhost:35737]|listeners:[], old=null
2023-11-28 06:43:29,850 [s0@group-C77254A99B14-LeaderElection7] INFO  server.RaftServerConfigKeys (ConfUtils.java:logGet(46)) - raft.server.read.leader.lease.timeout.ratio = 0.9 (default)
2023-11-28 06:43:29,850 [s0@group-C77254A99B14-LeaderElection7] INFO  server.RaftServerConfigKeys (ConfUtils.java:logGet(46)) - raft.server.rpc.timeout.min = 150ms (default)
2023-11-28 06:43:29,850 [s0@group-C77254A99B14-LeaderElection7] INFO  server.RaftServerConfigKeys (ConfUtils.java:logGet(46)) - raft.server.write.element-limit = 4096 (default)
2023-11-28 06:43:29,850 [s0@group-C77254A99B14-LeaderElection7] INFO  server.RaftServerConfigKeys (ConfUtils.java:logGet(46)) - raft.server.write.follower.gap.ratio.max = -1.0 (default)
2023-11-28 06:43:29,851 [s0@group-C77254A99B14-LeaderElection7] INFO  server.RaftServerConfigKeys (ConfUtils.java:logGet(46)) - raft.server.log.appender.snapshot.chunk.size.max = 16MB (=16777216) (default)
2023-11-28 06:43:29,851 [s0@group-C77254A99B14-LeaderElection7] INFO  server.RaftServerConfigKeys (ConfUtils.java:logGet(46)) - raft.server.log.appender.buffer.byte-limit = 4MB (=4194304) (default)
2023-11-28 06:43:29,851 [s0@group-C77254A99B14-LeaderElection7] INFO  server.RaftServerConfigKeys (ConfUtils.java:logGet(46)) - raft.server.log.appender.buffer.element-limit = 0 (default)
2023-11-28 06:43:29,851 [s0@group-C77254A99B14-LeaderElection7] INFO  server.RaftServerConfigKeys (ConfUtils.java:logGet(46)) - raft.server.log.appender.wait-time.min = 1ms (default)
2023-11-28 06:43:29,851 [s0@group-C77254A99B14-LeaderElection7] INFO  grpc.GrpcConfigKeys (ConfUtils.java:logGet(46)) - raft.grpc.server.leader.outstanding.appends.max = 8 (default)
2023-11-28 06:43:29,851 [s0@group-C77254A99B14-LeaderElection7] INFO  server.RaftServerConfigKeys (ConfUtils.java:logGet(46)) - raft.server.rpc.request.timeout = 3000ms (default)
2023-11-28 06:43:29,851 [s0@group-C77254A99B14-LeaderElection7] INFO  grpc.GrpcConfigKeys (ConfUtils.java:logGet(46)) - raft.grpc.server.install_snapshot.request.element-limit = 8 (default)
2023-11-28 06:43:29,851 [s0@group-C77254A99B14-LeaderElection7] INFO  grpc.GrpcConfigKeys (ConfUtils.java:logGet(46)) - raft.grpc.server.install_snapshot.request.timeout = 3000ms (default)
2023-11-28 06:43:29,851 [s0@group-C77254A99B14-LeaderElection7] INFO  server.RaftServerConfigKeys (ConfUtils.java:logGet(46)) - raft.server.log.appender.install.snapshot.enabled = true (default)
2023-11-28 06:43:29,851 [s0@group-C77254A99B14-LeaderElection7] INFO  grpc.GrpcConfigKeys (ConfUtils.java:logGet(46)) - raft.grpc.server.heartbeat.channel = true (default)
2023-11-28 06:43:29,852 [s0@group-C77254A99B14-LeaderElection7] INFO  server.RaftServerConfigKeys (ConfUtils.java:logGet(46)) - raft.server.log.appender.snapshot.chunk.size.max = 16MB (=16777216) (default)
2023-11-28 06:43:29,852 [s0@group-C77254A99B14-LeaderElection7] INFO  server.RaftServerConfigKeys (ConfUtils.java:logGet(46)) - raft.server.log.appender.buffer.byte-limit = 4MB (=4194304) (default)
2023-11-28 06:43:29,852 [s0@group-C77254A99B14-LeaderElection7] INFO  server.RaftServerConfigKeys (ConfUtils.java:logGet(46)) - raft.server.log.appender.buffer.element-limit = 0 (default)
2023-11-28 06:43:29,852 [s0@group-C77254A99B14-LeaderElection7] INFO  server.RaftServerConfigKeys (ConfUtils.java:logGet(46)) - raft.server.log.appender.wait-time.min = 1ms (default)
2023-11-28 06:43:29,852 [s0@group-C77254A99B14-LeaderElection7] INFO  grpc.GrpcConfigKeys (ConfUtils.java:logGet(46)) - raft.grpc.server.leader.outstanding.appends.max = 8 (default)
2023-11-28 06:43:29,852 [s0@group-C77254A99B14-LeaderElection7] INFO  server.RaftServerConfigKeys (ConfUtils.java:logGet(46)) - raft.server.rpc.request.timeout = 3000ms (default)
2023-11-28 06:43:29,852 [s0@group-C77254A99B14-LeaderElection7] INFO  grpc.GrpcConfigKeys (ConfUtils.java:logGet(46)) - raft.grpc.server.install_snapshot.request.element-limit = 8 (default)
2023-11-28 06:43:29,852 [s0@group-C77254A99B14-LeaderElection7] INFO  grpc.GrpcConfigKeys (ConfUtils.java:logGet(46)) - raft.grpc.server.install_snapshot.request.timeout = 3000ms (default)
2023-11-28 06:43:29,852 [s0@group-C77254A99B14-LeaderElection7] INFO  server.RaftServerConfigKeys (ConfUtils.java:logGet(46)) - raft.server.log.appender.install.snapshot.enabled = true (default)
2023-11-28 06:43:29,852 [s0@group-C77254A99B14-LeaderElection7] INFO  grpc.GrpcConfigKeys (ConfUtils.java:logGet(46)) - raft.grpc.server.heartbeat.channel = true (default)
2023-11-28 06:43:29,852 [s0@group-C77254A99B14-LeaderElection7] INFO  impl.RoleInfo (RoleInfo.java:updateAndGet(139)) - s0: start s0@group-C77254A99B14-LeaderStateImpl
2023-11-28 06:43:29,852 [s0@group-C77254A99B14-LeaderElection7] INFO  server.RaftServer$Division (RaftServerImpl.java:setFirstElection(564)) - s0@group-C77254A99B14: set firstElectionSinceStartup to false for becomeLeader
2023-11-28 06:43:29,852 [s0@group-C77254A99B14-LeaderElection7] INFO  server.RaftServer$Division (ServerState.java:setLeader(265)) - s0@group-C77254A99B14: change Leader from null to s0 at term 1 for becomeLeader, leader elected after 184ms
2023-11-28 06:43:29,852 [s0@group-C77254A99B14-LeaderElection7] INFO  segmented.SegmentedRaftLogWorker (SegmentedRaftLogWorker.java:startLogSegment(430)) - s0@group-C77254A99B14-SegmentedRaftLogWorker: Starting segment from index:0
2023-11-28 06:43:29,853 [s0@group-C77254A99B14-LeaderElection7] INFO  server.RaftServer$Division (ServerState.java:setRaftConf(382)) - s0@group-C77254A99B14: set configuration 0: peers:[s0|localhost:46347, s1|localhost:33829, s2|localhost:35737]|listeners:[], old=null
2023-11-28 06:43:29,853 [s0@group-C77254A99B14-SegmentedRaftLogWorker] INFO  segmented.BufferedWriteChannel (BufferedWriteChannel.java:open(62)) - open log_inprogress_0 at position 0
2023-11-28 06:43:29,861 [s0@group-C77254A99B14-SegmentedRaftLogWorker] INFO  segmented.SegmentedRaftLogWorker (SegmentedRaftLogWorker.java:execute(634)) - s0@group-C77254A99B14-SegmentedRaftLogWorker: created new log segment /home/runner/work/ratis/ratis/ratis-test/target/test/data/cc86e3b/MiniRaftClusterWithGrpcbe42d27/s0/3d8ff755-ef6a-4c2e-b59e-c77254a99b14/current/log_inprogress_0
2023-11-28 06:43:29,862 [s1-server-thread1] INFO  server.RaftServer$Division (ServerState.java:setLeader(265)) - s1@group-C77254A99B14: change Leader from null to s0 at term 1 for appendEntries, leader elected after 190ms
2023-11-28 06:43:29,864 [s2-server-thread1] INFO  server.RaftServer$Division (ServerState.java:setLeader(265)) - s2@group-C77254A99B14: change Leader from null to s0 at term 1 for appendEntries, leader elected after 188ms
2023-11-28 06:43:29,864 [s1-server-thread2] DEBUG server.RaftServer$Division (RaftServerImpl.java:logAppendEntries(1504)) - s1@group-C77254A99B14: receive appendEntries(s0, 1, null, -1, true, commits:[s0:c-1, s1:c-1, s2:c-1], cId:1, entries: [(t:1, i:0), CONFIGURATIONENTRY(current:id: "s0"
address: "localhost:46347"
dataStreamAddress: "localhost:40101"
clientAddress: "localhost:45715"
adminAddress: "localhost:36365"
startupRole: FOLLOWER
,id: "s1"
address: "localhost:33829"
dataStreamAddress: "localhost:46145"
clientAddress: "localhost:42881"
adminAddress: "localhost:37215"
startupRole: FOLLOWER
,id: "s2"
address: "localhost:35737"
dataStreamAddress: "localhost:44471"
clientAddress: "localhost:34905"
adminAddress: "localhost:39639"
startupRole: FOLLOWER
, old:)]
2023-11-28 06:43:29,864 [s1-server-thread2] INFO  server.RaftServer$Division (ServerState.java:setRaftConf(382)) - s1@group-C77254A99B14: set configuration 0: peers:[s0|localhost:46347, s1|localhost:33829, s2|localhost:35737]|listeners:[], old=null
2023-11-28 06:43:29,864 [s2-server-thread2] DEBUG server.RaftServer$Division (RaftServerImpl.java:logAppendEntries(1504)) - s2@group-C77254A99B14: receive appendEntries(s0, 1, null, -1, true, commits:[s0:c-1, s1:c-1, s2:c-1], cId:1, entries: [(t:1, i:0), CONFIGURATIONENTRY(current:id: "s0"
address: "localhost:46347"
dataStreamAddress: "localhost:40101"
clientAddress: "localhost:45715"
adminAddress: "localhost:36365"
startupRole: FOLLOWER
,id: "s1"
address: "localhost:33829"
dataStreamAddress: "localhost:46145"
clientAddress: "localhost:42881"
adminAddress: "localhost:37215"
startupRole: FOLLOWER
,id: "s2"
address: "localhost:35737"
dataStreamAddress: "localhost:44471"
clientAddress: "localhost:34905"
adminAddress: "localhost:39639"
startupRole: FOLLOWER
, old:)]
2023-11-28 06:43:29,865 [s1-server-thread2] INFO  segmented.SegmentedRaftLogWorker (SegmentedRaftLogWorker.java:startLogSegment(430)) - s1@group-C77254A99B14-SegmentedRaftLogWorker: Starting segment from index:0
2023-11-28 06:43:29,865 [s2-server-thread2] INFO  server.RaftServer$Division (ServerState.java:setRaftConf(382)) - s2@group-C77254A99B14: set configuration 0: peers:[s0|localhost:46347, s1|localhost:33829, s2|localhost:35737]|listeners:[], old=null
2023-11-28 06:43:29,865 [s2-server-thread2] INFO  segmented.SegmentedRaftLogWorker (SegmentedRaftLogWorker.java:startLogSegment(430)) - s2@group-C77254A99B14-SegmentedRaftLogWorker: Starting segment from index:0
2023-11-28 06:43:29,865 [s1@group-C77254A99B14-SegmentedRaftLogWorker] INFO  segmented.BufferedWriteChannel (BufferedWriteChannel.java:open(62)) - open log_inprogress_0 at position 0
2023-11-28 06:43:29,866 [s2@group-C77254A99B14-SegmentedRaftLogWorker] INFO  segmented.BufferedWriteChannel (BufferedWriteChannel.java:open(62)) - open log_inprogress_0 at position 0
2023-11-28 06:43:29,875 [s2@group-C77254A99B14-SegmentedRaftLogWorker] INFO  segmented.SegmentedRaftLogWorker (SegmentedRaftLogWorker.java:execute(634)) - s2@group-C77254A99B14-SegmentedRaftLogWorker: created new log segment /home/runner/work/ratis/ratis/ratis-test/target/test/data/cc86e3b/MiniRaftClusterWithGrpcbe42d27/s2/3d8ff755-ef6a-4c2e-b59e-c77254a99b14/current/log_inprogress_0
2023-11-28 06:43:29,876 [s2-server-thread3] DEBUG server.RaftServer$Division (RaftServerImpl.java:logAppendEntries(1504)) - s2@group-C77254A99B14: succeeded to handle AppendEntries. Reply: s0<-s2#1:OK-t1,SUCCESS,nextIndex=1,followerCommit=-1,matchIndex=0
2023-11-28 06:43:29,876 [s1@group-C77254A99B14-SegmentedRaftLogWorker] INFO  segmented.SegmentedRaftLogWorker (SegmentedRaftLogWorker.java:execute(634)) - s1@group-C77254A99B14-SegmentedRaftLogWorker: created new log segment /home/runner/work/ratis/ratis/ratis-test/target/test/data/cc86e3b/MiniRaftClusterWithGrpcbe42d27/s1/3d8ff755-ef6a-4c2e-b59e-c77254a99b14/current/log_inprogress_0
2023-11-28 06:43:29,877 [s1-server-thread2] DEBUG server.RaftServer$Division (RaftServerImpl.java:logAppendEntries(1504)) - s1@group-C77254A99B14: succeeded to handle AppendEntries. Reply: s0<-s1#1:OK-t1,SUCCESS,nextIndex=1,followerCommit=-1,matchIndex=0
2023-11-28 06:43:29,877 [s0@group-C77254A99B14-StateMachineUpdater] TRACE util.FileUtils (LogUtils.java:supplyAndLog(69)) - Successfully supplied FileChannel.open /home/runner/work/ratis/ratis/ratis-test/target/test/data/cc86e3b/MiniRaftClusterWithGrpcbe42d27/s0/3d8ff755-ef6a-4c2e-b59e-c77254a99b14/current/raft-meta.conf.tmp with options [CREATE, WRITE]: sun.nio.ch.FileChannelImpl@30539434
2023-11-28 06:43:29,879 [s0@group-C77254A99B14-StateMachineUpdater] TRACE util.FileUtils (LogUtils.java:runAndLog(49)) - Successfully ran Atomic Files.move /home/runner/work/ratis/ratis/ratis-test/target/test/data/cc86e3b/MiniRaftClusterWithGrpcbe42d27/s0/3d8ff755-ef6a-4c2e-b59e-c77254a99b14/current/raft-meta.conf.tmp to /home/runner/work/ratis/ratis/ratis-test/target/test/data/cc86e3b/MiniRaftClusterWithGrpcbe42d27/s0/3d8ff755-ef6a-4c2e-b59e-c77254a99b14/current/raft-meta.conf with options [REPLACE_EXISTING]
2023-11-28 06:43:29,879 [s0@group-C77254A99B14-StateMachineUpdater] INFO  server.RaftServer$Division (LeaderStateImpl.java:isApplied(316)) - leader is ready since appliedIndex == 0 >= startIndex == 0
2023-11-28 06:43:29,887 [grpc-default-executor-3] ERROR impl.OrderedAsync (OrderedAsync.java:lambda$sendRequest$9(247)) - client-23DA7E6A7FE2: Failed* RaftClientRequest:client-23DA7E6A7FE2->s1@group-9F468C9C58F9, cid=6, seq=1*, Watch(0), null
java.util.concurrent.CompletionException: java.io.IOException: org.apache.ratis.thirdparty.io.grpc.StatusRuntimeException: UNAVAILABLE: io exception
	at java.base/java.util.concurrent.CompletableFuture.encodeThrowable(CompletableFuture.java:331)
	at java.base/java.util.concurrent.CompletableFuture.completeThrowable(CompletableFuture.java:346)
	at java.base/java.util.concurrent.CompletableFuture$UniApply.tryFire(CompletableFuture.java:632)
	at java.base/java.util.concurrent.CompletableFuture.postComplete(CompletableFuture.java:506)
	at java.base/java.util.concurrent.CompletableFuture.completeExceptionally(CompletableFuture.java:2094)
	at org.apache.ratis.grpc.client.GrpcClientProtocolClient$AsyncStreamObservers.completeReplyExceptionally(GrpcClientProtocolClient.java:394)
	at org.apache.ratis.grpc.client.GrpcClientProtocolClient$AsyncStreamObservers.access$000(GrpcClientProtocolClient.java:300)
	at org.apache.ratis.grpc.client.GrpcClientProtocolClient$AsyncStreamObservers$1.onError(GrpcClientProtocolClient.java:331)
	at org.apache.ratis.thirdparty.io.grpc.stub.ClientCalls$StreamObserverToCallListenerAdapter.onClose(ClientCalls.java:481)
	at org.apache.ratis.thirdparty.io.grpc.PartialForwardingClientCallListener.onClose(PartialForwardingClientCallListener.java:39)
	at org.apache.ratis.thirdparty.io.grpc.ForwardingClientCallListener.onClose(ForwardingClientCallListener.java:23)
	at org.apache.ratis.grpc.metrics.intercept.client.MetricClientCallListener.onClose(MetricClientCallListener.java:47)
	at org.apache.ratis.thirdparty.io.grpc.internal.DelayedClientCall$DelayedListener$3.run(DelayedClientCall.java:489)
	at org.apache.ratis.thirdparty.io.grpc.internal.DelayedClientCall$DelayedListener.delayOrExecute(DelayedClientCall.java:453)
	at org.apache.ratis.thirdparty.io.grpc.internal.DelayedClientCall$DelayedListener.onClose(DelayedClientCall.java:486)
	at org.apache.ratis.thirdparty.io.grpc.internal.ClientCallImpl.closeObserver(ClientCallImpl.java:567)
	at org.apache.ratis.thirdparty.io.grpc.internal.ClientCallImpl.access$300(ClientCallImpl.java:71)
	at org.apache.ratis.thirdparty.io.grpc.internal.ClientCallImpl$ClientStreamListenerImpl$1StreamClosed.runInternal(ClientCallImpl.java:735)
	at org.apache.ratis.thirdparty.io.grpc.internal.ClientCallImpl$ClientStreamListenerImpl$1StreamClosed.runInContext(ClientCallImpl.java:716)
	at org.apache.ratis.thirdparty.io.grpc.internal.ContextRunnable.run(ContextRunnable.java:37)
	at org.apache.ratis.thirdparty.io.grpc.internal.SerializingExecutor.run(SerializingExecutor.java:133)
	at java.base/java.util.concurrent.ThreadPoolExecutor.runWorker(ThreadPoolExecutor.java:1128)
	at java.base/java.util.concurrent.ThreadPoolExecutor$Worker.run(ThreadPoolExecutor.java:628)
	at java.base/java.lang.Thread.run(Thread.java:829)
Caused by: java.io.IOException: org.apache.ratis.thirdparty.io.grpc.StatusRuntimeException: UNAVAILABLE: io exception
	at org.apache.ratis.grpc.GrpcUtil.unwrapException(GrpcUtil.java:99)
	at org.apache.ratis.grpc.GrpcUtil.unwrapIOException(GrpcUtil.java:159)
	at org.apache.ratis.grpc.client.GrpcClientProtocolClient$AsyncStreamObservers$1.onError(GrpcClientProtocolClient.java:330)
	... 16 more
Caused by: org.apache.ratis.thirdparty.io.grpc.StatusRuntimeException: UNAVAILABLE: io exception
	at org.apache.ratis.thirdparty.io.grpc.Status.asRuntimeException(Status.java:537)
	... 16 more
Caused by: org.apache.ratis.thirdparty.io.netty.channel.AbstractChannel$AnnotatedConnectException: finishConnect(..) failed: Connection refused: localhost/127.0.0.1:37939
Caused by: java.net.ConnectException: finishConnect(..) failed: Connection refused
	at org.apache.ratis.thirdparty.io.netty.channel.unix.Errors.newConnectException0(Errors.java:166)
	at org.apache.ratis.thirdparty.io.netty.channel.unix.Errors.handleConnectErrno(Errors.java:131)
	at org.apache.ratis.thirdparty.io.netty.channel.unix.Socket.finishConnect(Socket.java:359)
	at org.apache.ratis.thirdparty.io.netty.channel.epoll.AbstractEpollChannel$AbstractEpollUnsafe.doFinishConnect(AbstractEpollChannel.java:710)
	at org.apache.ratis.thirdparty.io.netty.channel.epoll.AbstractEpollChannel$AbstractEpollUnsafe.finishConnect(AbstractEpollChannel.java:687)
	at org.apache.ratis.thirdparty.io.netty.channel.epoll.AbstractEpollChannel$AbstractEpollUnsafe.epollOutReady(AbstractEpollChannel.java:567)
	at org.apache.ratis.thirdparty.io.netty.channel.epoll.EpollEventLoop.processReady(EpollEventLoop.java:499)
	at org.apache.ratis.thirdparty.io.netty.channel.epoll.EpollEventLoop.run(EpollEventLoop.java:407)
	at org.apache.ratis.thirdparty.io.netty.util.concurrent.SingleThreadEventExecutor$4.run(SingleThreadEventExecutor.java:997)
	at org.apache.ratis.thirdparty.io.netty.util.internal.ThreadExecutorMap$2.run(ThreadExecutorMap.java:74)
	at org.apache.ratis.thirdparty.io.netty.util.concurrent.FastThreadLocalRunnable.run(FastThreadLocalRunnable.java:30)
	at java.base/java.lang.Thread.run(Thread.java:829)
2023-11-28 06:43:29,966 [s1@group-C77254A99B14-StateMachineUpdater] TRACE util.FileUtils (LogUtils.java:supplyAndLog(69)) - Successfully supplied FileChannel.open /home/runner/work/ratis/ratis/ratis-test/target/test/data/cc86e3b/MiniRaftClusterWithGrpcbe42d27/s1/3d8ff755-ef6a-4c2e-b59e-c77254a99b14/current/raft-meta.conf.tmp with options [CREATE, WRITE]: sun.nio.ch.FileChannelImpl@2235dc8c
2023-11-28 06:43:29,966 [s2@group-C77254A99B14-StateMachineUpdater] TRACE util.FileUtils (LogUtils.java:supplyAndLog(69)) - Successfully supplied FileChannel.open /home/runner/work/ratis/ratis/ratis-test/target/test/data/cc86e3b/MiniRaftClusterWithGrpcbe42d27/s2/3d8ff755-ef6a-4c2e-b59e-c77254a99b14/current/raft-meta.conf.tmp with options [CREATE, WRITE]: sun.nio.ch.FileChannelImpl@56063440
2023-11-28 06:43:29,968 [s2@group-C77254A99B14-StateMachineUpdater] TRACE util.FileUtils (LogUtils.java:runAndLog(49)) - Successfully ran Atomic Files.move /home/runner/work/ratis/ratis/ratis-test/target/test/data/cc86e3b/MiniRaftClusterWithGrpcbe42d27/s2/3d8ff755-ef6a-4c2e-b59e-c77254a99b14/current/raft-meta.conf.tmp to /home/runner/work/ratis/ratis/ratis-test/target/test/data/cc86e3b/MiniRaftClusterWithGrpcbe42d27/s2/3d8ff755-ef6a-4c2e-b59e-c77254a99b14/current/raft-meta.conf with options [REPLACE_EXISTING]
2023-11-28 06:43:29,968 [s1@group-C77254A99B14-StateMachineUpdater] TRACE util.FileUtils (LogUtils.java:runAndLog(49)) - Successfully ran Atomic Files.move /home/runner/work/ratis/ratis/ratis-test/target/test/data/cc86e3b/MiniRaftClusterWithGrpcbe42d27/s1/3d8ff755-ef6a-4c2e-b59e-c77254a99b14/current/raft-meta.conf.tmp to /home/runner/work/ratis/ratis/ratis-test/target/test/data/cc86e3b/MiniRaftClusterWithGrpcbe42d27/s1/3d8ff755-ef6a-4c2e-b59e-c77254a99b14/current/raft-meta.conf with options [REPLACE_EXISTING]
2023-11-28 06:43:29,991 [grpc-default-executor-3] ERROR impl.OrderedAsync (OrderedAsync.java:lambda$sendRequest$9(247)) - client-23DA7E6A7FE2: Failed* RaftClientRequest:client-23DA7E6A7FE2->s0@group-9F468C9C58F9, cid=6, seq=1*, Watch(0), null
java.util.concurrent.CompletionException: java.io.IOException: org.apache.ratis.thirdparty.io.grpc.StatusRuntimeException: UNAVAILABLE: io exception
	at java.base/java.util.concurrent.CompletableFuture.encodeThrowable(CompletableFuture.java:331)
	at java.base/java.util.concurrent.CompletableFuture.completeThrowable(CompletableFuture.java:346)
	at java.base/java.util.concurrent.CompletableFuture$UniApply.tryFire(CompletableFuture.java:632)
	at java.base/java.util.concurrent.CompletableFuture.postComplete(CompletableFuture.java:506)
	at java.base/java.util.concurrent.CompletableFuture.completeExceptionally(CompletableFuture.java:2094)
	at org.apache.ratis.grpc.client.GrpcClientProtocolClient$AsyncStreamObservers.completeReplyExceptionally(GrpcClientProtocolClient.java:394)
	at org.apache.ratis.grpc.client.GrpcClientProtocolClient$AsyncStreamObservers.access$000(GrpcClientProtocolClient.java:300)
	at org.apache.ratis.grpc.client.GrpcClientProtocolClient$AsyncStreamObservers$1.onError(GrpcClientProtocolClient.java:331)
	at org.apache.ratis.thirdparty.io.grpc.stub.ClientCalls$StreamObserverToCallListenerAdapter.onClose(ClientCalls.java:481)
	at org.apache.ratis.thirdparty.io.grpc.PartialForwardingClientCallListener.onClose(PartialForwardingClientCallListener.java:39)
	at org.apache.ratis.thirdparty.io.grpc.ForwardingClientCallListener.onClose(ForwardingClientCallListener.java:23)
	at org.apache.ratis.grpc.metrics.intercept.client.MetricClientCallListener.onClose(MetricClientCallListener.java:47)
	at org.apache.ratis.thirdparty.io.grpc.internal.DelayedClientCall$DelayedListener$3.run(DelayedClientCall.java:489)
	at org.apache.ratis.thirdparty.io.grpc.internal.DelayedClientCall$DelayedListener.delayOrExecute(DelayedClientCall.java:453)
	at org.apache.ratis.thirdparty.io.grpc.internal.DelayedClientCall$DelayedListener.onClose(DelayedClientCall.java:486)
	at org.apache.ratis.thirdparty.io.grpc.internal.ClientCallImpl.closeObserver(ClientCallImpl.java:567)
	at org.apache.ratis.thirdparty.io.grpc.internal.ClientCallImpl.access$300(ClientCallImpl.java:71)
	at org.apache.ratis.thirdparty.io.grpc.internal.ClientCallImpl$ClientStreamListenerImpl$1StreamClosed.runInternal(ClientCallImpl.java:735)
	at org.apache.ratis.thirdparty.io.grpc.internal.ClientCallImpl$ClientStreamListenerImpl$1StreamClosed.runInContext(ClientCallImpl.java:716)
	at org.apache.ratis.thirdparty.io.grpc.internal.ContextRunnable.run(ContextRunnable.java:37)
	at org.apache.ratis.thirdparty.io.grpc.internal.SerializingExecutor.run(SerializingExecutor.java:133)
	at java.base/java.util.concurrent.ThreadPoolExecutor.runWorker(ThreadPoolExecutor.java:1128)
	at java.base/java.util.concurrent.ThreadPoolExecutor$Worker.run(ThreadPoolExecutor.java:628)
	at java.base/java.lang.Thread.run(Thread.java:829)
Caused by: java.io.IOException: org.apache.ratis.thirdparty.io.grpc.StatusRuntimeException: UNAVAILABLE: io exception
	at org.apache.ratis.grpc.GrpcUtil.unwrapException(GrpcUtil.java:99)
	at org.apache.ratis.grpc.GrpcUtil.unwrapIOException(GrpcUtil.java:159)
	at org.apache.ratis.grpc.client.GrpcClientProtocolClient$AsyncStreamObservers$1.onError(GrpcClientProtocolClient.java:330)
	... 16 more
Caused by: org.apache.ratis.thirdparty.io.grpc.StatusRuntimeException: UNAVAILABLE: io exception
	at org.apache.ratis.thirdparty.io.grpc.Status.asRuntimeException(Status.java:537)
	... 16 more
Caused by: org.apache.ratis.thirdparty.io.netty.channel.AbstractChannel$AnnotatedConnectException: finishConnect(..) failed: Connection refused: localhost/127.0.0.1:43007
Caused by: java.net.ConnectException: finishConnect(..) failed: Connection refused
	at org.apache.ratis.thirdparty.io.netty.channel.unix.Errors.newConnectException0(Errors.java:166)
	at org.apache.ratis.thirdparty.io.netty.channel.unix.Errors.handleConnectErrno(Errors.java:131)
	at org.apache.ratis.thirdparty.io.netty.channel.unix.Socket.finishConnect(Socket.java:359)
	at org.apache.ratis.thirdparty.io.netty.channel.epoll.AbstractEpollChannel$AbstractEpollUnsafe.doFinishConnect(AbstractEpollChannel.java:710)
	at org.apache.ratis.thirdparty.io.netty.channel.epoll.AbstractEpollChannel$AbstractEpollUnsafe.finishConnect(AbstractEpollChannel.java:687)
	at org.apache.ratis.thirdparty.io.netty.channel.epoll.AbstractEpollChannel$AbstractEpollUnsafe.epollOutReady(AbstractEpollChannel.java:567)
	at org.apache.ratis.thirdparty.io.netty.channel.epoll.EpollEventLoop.processReady(EpollEventLoop.java:499)
	at org.apache.ratis.thirdparty.io.netty.channel.epoll.EpollEventLoop.run(EpollEventLoop.java:407)
	at org.apache.ratis.thirdparty.io.netty.util.concurrent.SingleThreadEventExecutor$4.run(SingleThreadEventExecutor.java:997)
	at org.apache.ratis.thirdparty.io.netty.util.internal.ThreadExecutorMap$2.run(ThreadExecutorMap.java:74)
	at org.apache.ratis.thirdparty.io.netty.util.concurrent.FastThreadLocalRunnable.run(FastThreadLocalRunnable.java:30)
	at java.base/java.lang.Thread.run(Thread.java:829)
2023-11-28 06:43:30,094 [grpc-default-executor-2] ERROR impl.OrderedAsync (OrderedAsync.java:lambda$sendRequest$9(247)) - client-23DA7E6A7FE2: Failed* RaftClientRequest:client-23DA7E6A7FE2->s2@group-9F468C9C58F9, cid=6, seq=1*, Watch(0), null
java.util.concurrent.CompletionException: java.io.IOException: org.apache.ratis.thirdparty.io.grpc.StatusRuntimeException: UNAVAILABLE: io exception
	at java.base/java.util.concurrent.CompletableFuture.encodeThrowable(CompletableFuture.java:331)
	at java.base/java.util.concurrent.CompletableFuture.completeThrowable(CompletableFuture.java:346)
	at java.base/java.util.concurrent.CompletableFuture$UniApply.tryFire(CompletableFuture.java:632)
	at java.base/java.util.concurrent.CompletableFuture.postComplete(CompletableFuture.java:506)
	at java.base/java.util.concurrent.CompletableFuture.completeExceptionally(CompletableFuture.java:2094)
	at org.apache.ratis.grpc.client.GrpcClientProtocolClient$AsyncStreamObservers.completeReplyExceptionally(GrpcClientProtocolClient.java:394)
	at org.apache.ratis.grpc.client.GrpcClientProtocolClient$AsyncStreamObservers.access$000(GrpcClientProtocolClient.java:300)
	at org.apache.ratis.grpc.client.GrpcClientProtocolClient$AsyncStreamObservers$1.onError(GrpcClientProtocolClient.java:331)
	at org.apache.ratis.thirdparty.io.grpc.stub.ClientCalls$StreamObserverToCallListenerAdapter.onClose(ClientCalls.java:481)
	at org.apache.ratis.thirdparty.io.grpc.PartialForwardingClientCallListener.onClose(PartialForwardingClientCallListener.java:39)
	at org.apache.ratis.thirdparty.io.grpc.ForwardingClientCallListener.onClose(ForwardingClientCallListener.java:23)
	at org.apache.ratis.grpc.metrics.intercept.client.MetricClientCallListener.onClose(MetricClientCallListener.java:47)
	at org.apache.ratis.thirdparty.io.grpc.internal.DelayedClientCall$DelayedListener$3.run(DelayedClientCall.java:489)
	at org.apache.ratis.thirdparty.io.grpc.internal.DelayedClientCall$DelayedListener.delayOrExecute(DelayedClientCall.java:453)
	at org.apache.ratis.thirdparty.io.grpc.internal.DelayedClientCall$DelayedListener.onClose(DelayedClientCall.java:486)
	at org.apache.ratis.thirdparty.io.grpc.internal.ClientCallImpl.closeObserver(ClientCallImpl.java:567)
	at org.apache.ratis.thirdparty.io.grpc.internal.ClientCallImpl.access$300(ClientCallImpl.java:71)
	at org.apache.ratis.thirdparty.io.grpc.internal.ClientCallImpl$ClientStreamListenerImpl$1StreamClosed.runInternal(ClientCallImpl.java:735)
	at org.apache.ratis.thirdparty.io.grpc.internal.ClientCallImpl$ClientStreamListenerImpl$1StreamClosed.runInContext(ClientCallImpl.java:716)
	at org.apache.ratis.thirdparty.io.grpc.internal.ContextRunnable.run(ContextRunnable.java:37)
	at org.apache.ratis.thirdparty.io.grpc.internal.SerializingExecutor.run(SerializingExecutor.java:133)
	at java.base/java.util.concurrent.ThreadPoolExecutor.runWorker(ThreadPoolExecutor.java:1128)
	at java.base/java.util.concurrent.ThreadPoolExecutor$Worker.run(ThreadPoolExecutor.java:628)
	at java.base/java.lang.Thread.run(Thread.java:829)
Caused by: java.io.IOException: org.apache.ratis.thirdparty.io.grpc.StatusRuntimeException: UNAVAILABLE: io exception
	at org.apache.ratis.grpc.GrpcUtil.unwrapException(GrpcUtil.java:99)
	at org.apache.ratis.grpc.GrpcUtil.unwrapIOException(GrpcUtil.java:159)
	at org.apache.ratis.grpc.client.GrpcClientProtocolClient$AsyncStreamObservers$1.onError(GrpcClientProtocolClient.java:330)
	... 16 more
Caused by: org.apache.ratis.thirdparty.io.grpc.StatusRuntimeException: UNAVAILABLE: io exception
	at org.apache.ratis.thirdparty.io.grpc.Status.asRuntimeException(Status.java:537)
	... 16 more
Caused by: org.apache.ratis.thirdparty.io.netty.channel.AbstractChannel$AnnotatedConnectException: finishConnect(..) failed: Connection refused: localhost/127.0.0.1:37249
Caused by: java.net.ConnectException: finishConnect(..) failed: Connection refused
	at org.apache.ratis.thirdparty.io.netty.channel.unix.Errors.newConnectException0(Errors.java:166)
	at org.apache.ratis.thirdparty.io.netty.channel.unix.Errors.handleConnectErrno(Errors.java:131)
	at org.apache.ratis.thirdparty.io.netty.channel.unix.Socket.finishConnect(Socket.java:359)
	at org.apache.ratis.thirdparty.io.netty.channel.epoll.AbstractEpollChannel$AbstractEpollUnsafe.doFinishConnect(AbstractEpollChannel.java:710)
	at org.apache.ratis.thirdparty.io.netty.channel.epoll.AbstractEpollChannel$AbstractEpollUnsafe.finishConnect(AbstractEpollChannel.java:687)
	at org.apache.ratis.thirdparty.io.netty.channel.epoll.AbstractEpollChannel$AbstractEpollUnsafe.epollOutReady(AbstractEpollChannel.java:567)
	at org.apache.ratis.thirdparty.io.netty.channel.epoll.EpollEventLoop.processReady(EpollEventLoop.java:499)
	at org.apache.ratis.thirdparty.io.netty.channel.epoll.EpollEventLoop.run(EpollEventLoop.java:407)
	at org.apache.ratis.thirdparty.io.netty.util.concurrent.SingleThreadEventExecutor$4.run(SingleThreadEventExecutor.java:997)
	at org.apache.ratis.thirdparty.io.netty.util.internal.ThreadExecutorMap$2.run(ThreadExecutorMap.java:74)
	at org.apache.ratis.thirdparty.io.netty.util.concurrent.FastThreadLocalRunnable.run(FastThreadLocalRunnable.java:30)
	at java.base/java.lang.Thread.run(Thread.java:829)
2023-11-28 06:43:30,152 [Time-limited test] INFO  ratis.RaftTestUtil (RaftTestUtil.java:waitForLeader(119)) - printing ALL groups
  s0:  RUNNING    LEADER s0@group-C77254A99B14:t1, leader=s0, voted=s0, raftlog=Memoized:s0@group-C77254A99B14-SegmentedRaftLog:OPENED:c0, conf=0: peers:[s0|localhost:46347, s1|localhost:33829, s2|localhost:35737]|listeners:[], old=null RUNNING
  s1:  RUNNING  FOLLOWER s1@group-C77254A99B14:t1, leader=s0, voted=s0, raftlog=Memoized:s1@group-C77254A99B14-SegmentedRaftLog:OPENED:c0, conf=0: peers:[s0|localhost:46347, s1|localhost:33829, s2|localhost:35737]|listeners:[], old=null RUNNING
  s2:  RUNNING  FOLLOWER s2@group-C77254A99B14:t1, leader=s0, voted=s0, raftlog=Memoized:s2@group-C77254A99B14-SegmentedRaftLog:OPENED:c0, conf=0: peers:[s0|localhost:46347, s1|localhost:33829, s2|localhost:35737]|listeners:[], old=null RUNNING
2023-11-28 06:43:30,156 [s0-client-thread1] DEBUG server.RaftServer$Division (RaftServerImpl.java:submitClientRequestAsync(893)) - s0@group-C77254A99B14: receive client request(RaftClientRequest:client-AA2355131804->s0@group-C77254A99B14, cid=13, seq=null, RW, Message:6669727374206d736720...(size=30))
2023-11-28 06:43:30,157 [s0-client-thread1] DEBUG server.RaftServer$Division (LeaderStateImpl.java:addPendingRequest(517)) - s0@group-C77254A99B14-LeaderStateImpl: addPendingRequest at RaftClientRequest:client-AA2355131804->s0@group-C77254A99B14, cid=13, seq=null, RW, Message:6669727374206d736720...(size=30), entry=(t:1, i:1), STATEMACHINELOGENTRY, 13@client-AA2355131804
2023-11-28 06:43:30,158 [s1-server-thread1] DEBUG server.RaftServer$Division (RaftServerImpl.java:logAppendEntries(1504)) - s1@group-C77254A99B14: receive appendEntries(s0, 1, (t:1, i:0), 0, true, commits:[s0:c0, s1:c0, s2:c0], cId:6, entries: [(t:1, i:1), STATEMACHINELOGENTRY, 13@client-AA2355131804]
2023-11-28 06:43:30,158 [s2-server-thread2] DEBUG server.RaftServer$Division (RaftServerImpl.java:logAppendEntries(1504)) - s2@group-C77254A99B14: receive appendEntries(s0, 1, (t:1, i:0), 0, true, commits:[s0:c0, s1:c0, s2:c0], cId:8, entries: [(t:1, i:1), STATEMACHINELOGENTRY, 13@client-AA2355131804]
2023-11-28 06:43:30,162 [s1-server-thread1] DEBUG server.RaftServer$Division (RaftServerImpl.java:logAppendEntries(1504)) - s1@group-C77254A99B14: succeeded to handle AppendEntries. Reply: s0<-s1#6:OK-t1,SUCCESS,nextIndex=2,followerCommit=0,matchIndex=1
2023-11-28 06:43:30,162 [s2-server-thread2] DEBUG server.RaftServer$Division (RaftServerImpl.java:logAppendEntries(1504)) - s2@group-C77254A99B14: succeeded to handle AppendEntries. Reply: s0<-s2#8:OK-t1,SUCCESS,nextIndex=2,followerCommit=0,matchIndex=1
2023-11-28 06:43:30,163 [s0@group-C77254A99B14-StateMachineUpdater] INFO  impl.SimpleStateMachine4Testing (SimpleStateMachine4Testing.java:applyTransaction(248)) - applyTransaction for log index 1
2023-11-28 06:43:30,163 [s0@group-C77254A99B14-StateMachineUpdater] INFO  impl.SimpleStateMachine4Testing (SimpleStateMachine4Testing.java:put(205)) - s0: put 1, first msg ... -> (t:1, i:1), STATEMACHINELOGENTRY, 13@client-AA2355131804
2023-11-28 06:43:30,163 [s2-server-thread2] DEBUG server.RaftServer$Division (RaftServerImpl.java:logAppendEntries(1504)) - s2@group-C77254A99B14: receive appendEntries(s0, 1, (t:1, i:1), 1, true, commits:[s0:c1, s1:c0, s2:c0], cId:9, entries: [(t:1, i:2), METADATAENTRY(c:1)]
2023-11-28 06:43:30,164 [s1-server-thread1] DEBUG server.RaftServer$Division (RaftServerImpl.java:logAppendEntries(1504)) - s1@group-C77254A99B14: receive appendEntries(s0, 1, (t:1, i:1), 1, true, commits:[s0:c1, s1:c0, s2:c0], cId:7, entries: [(t:1, i:2), METADATAENTRY(c:1)]
2023-11-28 06:43:30,164 [s1-server-thread1] DEBUG server.RaftServer$Division (RaftServerImpl.java:logAppendEntries(1504)) - s1@group-C77254A99B14: succeeded to handle AppendEntries. Reply: s0<-s1#7:OK-t1,SUCCESS,nextIndex=3,followerCommit=1,matchIndex=2
2023-11-28 06:43:30,164 [s1@group-C77254A99B14-StateMachineUpdater] INFO  impl.SimpleStateMachine4Testing (SimpleStateMachine4Testing.java:applyTransaction(248)) - applyTransaction for log index 1
2023-11-28 06:43:30,164 [s1@group-C77254A99B14-StateMachineUpdater] INFO  impl.SimpleStateMachine4Testing (SimpleStateMachine4Testing.java:put(205)) - s1: put 1, first msg ... -> (t:1, i:1), STATEMACHINELOGENTRY, 13@client-AA2355131804
2023-11-28 06:43:30,165 [s2-server-thread2] DEBUG server.RaftServer$Division (RaftServerImpl.java:logAppendEntries(1504)) - s2@group-C77254A99B14: succeeded to handle AppendEntries. Reply: s0<-s2#9:OK-t1,SUCCESS,nextIndex=3,followerCommit=1,matchIndex=2
2023-11-28 06:43:30,165 [s2@group-C77254A99B14-StateMachineUpdater] INFO  impl.SimpleStateMachine4Testing (SimpleStateMachine4Testing.java:applyTransaction(248)) - applyTransaction for log index 1
2023-11-28 06:43:30,166 [s2@group-C77254A99B14-StateMachineUpdater] INFO  impl.SimpleStateMachine4Testing (SimpleStateMachine4Testing.java:put(205)) - s2: put 1, first msg ... -> (t:1, i:1), STATEMACHINELOGENTRY, 13@client-AA2355131804
2023-11-28 06:43:30,169 [s0-client-thread1] DEBUG server.RaftServer$Division (RaftServerImpl.java:submitClientRequestAsync(893)) - s0@group-C77254A99B14: receive client request(RaftClientRequest:client-5A13D73C9023->s0@group-C77254A99B14, cid=999, seq=null, RW, Message:6d657373616765)
2023-11-28 06:43:30,169 [s0-client-thread1] DEBUG server.RaftServer$Division (LeaderStateImpl.java:addPendingRequest(517)) - s0@group-C77254A99B14-LeaderStateImpl: addPendingRequest at RaftClientRequest:client-5A13D73C9023->s0@group-C77254A99B14, cid=999, seq=null, RW, Message:6d657373616765, entry=(t:1, i:3), STATEMACHINELOGENTRY, 999@client-5A13D73C9023
2023-11-28 06:43:30,170 [s1-server-thread1] DEBUG server.RaftServer$Division (RaftServerImpl.java:logAppendEntries(1504)) - s1@group-C77254A99B14: receive appendEntries(s0, 1, (t:1, i:2), 2, true, commits:[s0:c2, s1:c1, s2:c1], cId:10, entries: [(t:1, i:3), STATEMACHINELOGENTRY, 999@client-5A13D73C9023]
2023-11-28 06:43:30,170 [s2-server-thread2] DEBUG server.RaftServer$Division (RaftServerImpl.java:logAppendEntries(1504)) - s2@group-C77254A99B14: receive appendEntries(s0, 1, (t:1, i:2), 2, true, commits:[s0:c2, s1:c1, s2:c1], cId:14, entries: [(t:1, i:3), STATEMACHINELOGENTRY, 999@client-5A13D73C9023]
2023-11-28 06:43:30,171 [s1-server-thread1] DEBUG server.RaftServer$Division (RaftServerImpl.java:logAppendEntries(1504)) - s1@group-C77254A99B14: succeeded to handle AppendEntries. Reply: s0<-s1#10:OK-t1,SUCCESS,nextIndex=4,followerCommit=2,matchIndex=3
2023-11-28 06:43:30,171 [s2-server-thread2] DEBUG server.RaftServer$Division (RaftServerImpl.java:logAppendEntries(1504)) - s2@group-C77254A99B14: succeeded to handle AppendEntries. Reply: s0<-s2#14:OK-t1,SUCCESS,nextIndex=4,followerCommit=2,matchIndex=3
2023-11-28 06:43:30,172 [s0@group-C77254A99B14-StateMachineUpdater] INFO  impl.SimpleStateMachine4Testing (SimpleStateMachine4Testing.java:applyTransaction(248)) - applyTransaction for log index 3
2023-11-28 06:43:30,172 [s0@group-C77254A99B14-StateMachineUpdater] INFO  impl.SimpleStateMachine4Testing (SimpleStateMachine4Testing.java:put(205)) - s0: put 3, message -> (t:1, i:3), STATEMACHINELOGENTRY, 999@client-5A13D73C9023
2023-11-28 06:43:30,173 [s1-server-thread1] DEBUG server.RaftServer$Division (RaftServerImpl.java:logAppendEntries(1504)) - s1@group-C77254A99B14: receive appendEntries(s0, 1, (t:1, i:3), 3, true, commits:[s0:c3, s1:c2, s2:c2], cId:11, entries: [(t:1, i:4), METADATAENTRY(c:3)]
2023-11-28 06:43:30,173 [s1-server-thread1] DEBUG server.RaftServer$Division (RaftServerImpl.java:logAppendEntries(1504)) - s1@group-C77254A99B14: succeeded to handle AppendEntries. Reply: s0<-s1#11:OK-t1,SUCCESS,nextIndex=5,followerCommit=3,matchIndex=4
2023-11-28 06:43:30,173 [s2-server-thread2] DEBUG server.RaftServer$Division (RaftServerImpl.java:logAppendEntries(1504)) - s2@group-C77254A99B14: receive appendEntries(s0, 1, (t:1, i:3), 3, true, commits:[s0:c3, s1:c2, s2:c2], cId:15, entries: [(t:1, i:4), METADATAENTRY(c:3)]
2023-11-28 06:43:30,173 [s1@group-C77254A99B14-StateMachineUpdater] INFO  impl.SimpleStateMachine4Testing (SimpleStateMachine4Testing.java:applyTransaction(248)) - applyTransaction for log index 3
2023-11-28 06:43:30,173 [s1@group-C77254A99B14-StateMachineUpdater] INFO  impl.SimpleStateMachine4Testing (SimpleStateMachine4Testing.java:put(205)) - s1: put 3, message -> (t:1, i:3), STATEMACHINELOGENTRY, 999@client-5A13D73C9023
2023-11-28 06:43:30,174 [s2-server-thread2] DEBUG server.RaftServer$Division (RaftServerImpl.java:logAppendEntries(1504)) - s2@group-C77254A99B14: succeeded to handle AppendEntries. Reply: s0<-s2#15:OK-t1,SUCCESS,nextIndex=5,followerCommit=3,matchIndex=4
2023-11-28 06:43:30,174 [s2@group-C77254A99B14-StateMachineUpdater] INFO  impl.SimpleStateMachine4Testing (SimpleStateMachine4Testing.java:applyTransaction(248)) - applyTransaction for log index 3
2023-11-28 06:43:30,174 [s2@group-C77254A99B14-StateMachineUpdater] INFO  impl.SimpleStateMachine4Testing (SimpleStateMachine4Testing.java:put(205)) - s2: put 3, message -> (t:1, i:3), STATEMACHINELOGENTRY, 999@client-5A13D73C9023
2023-11-28 06:43:30,178 [Time-limited test] INFO  impl.MiniRaftCluster (MiniRaftCluster.java:addNewPeers(464)) - Add new peers [s3, s4]
2023-11-28 06:43:30,179 [Time-limited test] INFO  impl.MiniRaftCluster (MiniRaftCluster.java:newRaftServer(382)) - newRaftServer: s3, group-C77254A99B14:[s3, s4, s0|localhost:46347, s1|localhost:33829, s2|localhost:35737], format? true
2023-11-28 06:43:30,179 [Time-limited test] TRACE util.FileUtils (FileUtils.java:deleteFully(305)) - deleteFully target/test/data/cc86e3b/MiniRaftClusterWithGrpcbe42d27/s3
2023-11-28 06:43:30,179 [Time-limited test] TRACE util.FileUtils (FileUtils.java:deleteFully(318)) - deleteFully: target/test/data/cc86e3b/MiniRaftClusterWithGrpcbe42d27/s3 does not exist.
2023-11-28 06:43:30,179 [Time-limited test] INFO  impl.MiniRaftCluster (MiniRaftCluster.java:newRaftServer(387)) - Formatted directory target/test/data/cc86e3b/MiniRaftClusterWithGrpcbe42d27/s3
2023-11-28 06:43:30,179 [Time-limited test] INFO  server.RaftServer (ConfUtils.java:logGet(46)) - raft.rpc.type = GRPC (default)
2023-11-28 06:43:30,179 [Time-limited test] INFO  grpc.GrpcConfigKeys (ConfUtils.java:logFallback(53)) - raft.grpc.admin.host = null (fallback to raft.grpc.server.host)
2023-11-28 06:43:30,179 [Time-limited test] INFO  grpc.GrpcConfigKeys (ConfUtils.java:logFallback(53)) - raft.grpc.admin.port = 40731 (fallback to raft.grpc.server.port)
2023-11-28 06:43:30,179 [Time-limited test] INFO  grpc.GrpcConfigKeys (ConfUtils.java:logFallback(53)) - raft.grpc.client.host = null (fallback to raft.grpc.server.host)
2023-11-28 06:43:30,179 [Time-limited test] INFO  grpc.GrpcConfigKeys (ConfUtils.java:logFallback(53)) - raft.grpc.client.port = 40731 (fallback to raft.grpc.server.port)
2023-11-28 06:43:30,179 [Time-limited test] INFO  grpc.GrpcConfigKeys (ConfUtils.java:logGet(46)) - raft.grpc.server.host = null (default)
2023-11-28 06:43:30,179 [Time-limited test] INFO  grpc.GrpcConfigKeys (ConfUtils.java:logGet(46)) - raft.grpc.server.port = 40731 (custom)
2023-11-28 06:43:30,179 [Time-limited test] INFO  server.GrpcService (ConfUtils.java:logGet(46)) - raft.grpc.message.size.max = 64MB (=67108864) (default)
2023-11-28 06:43:30,179 [Time-limited test] INFO  server.RaftServerConfigKeys (ConfUtils.java:logGet(46)) - raft.server.log.appender.buffer.byte-limit = 4MB (=4194304) (default)
2023-11-28 06:43:30,179 [Time-limited test] INFO  server.GrpcService (ConfUtils.java:logGet(46)) - raft.grpc.flow.control.window = 1MB (=1048576) (default)
2023-11-28 06:43:30,179 [Time-limited test] INFO  server.RaftServerConfigKeys (ConfUtils.java:logGet(46)) - raft.server.rpc.request.timeout = 3000ms (default)
2023-11-28 06:43:30,180 [Time-limited test] INFO  grpc.GrpcConfigKeys (ConfUtils.java:logGet(46)) - raft.grpc.server.heartbeat.channel = true (default)
2023-11-28 06:43:30,180 [Time-limited test] INFO  grpc.GrpcConfigKeys (ConfUtils.java:logGet(46)) - raft.grpc.server.async.request.thread.pool.cached = true (default)
2023-11-28 06:43:30,180 [Time-limited test] INFO  grpc.GrpcConfigKeys (ConfUtils.java:logGet(46)) - raft.grpc.server.async.request.thread.pool.size = 32 (default)
2023-11-28 06:43:30,180 [Time-limited test] INFO  impl.DataStreamServerImpl (ConfUtils.java:logGet(46)) - raft.datastream.type = DISABLED (default)
2023-11-28 06:43:30,180 [Time-limited test] INFO  server.RaftServerConfigKeys (ConfUtils.java:logGet(46)) - raft.server.sleep.deviation.threshold = 300ms (default)
2023-11-28 06:43:30,180 [Time-limited test] INFO  server.RaftServerConfigKeys (ConfUtils.java:logGet(46)) - raft.server.close.threshold = 60s (default)
2023-11-28 06:43:30,180 [Time-limited test] INFO  server.RaftServerConfigKeys (ConfUtils.java:logGet(46)) - raft.server.leaderelection.leader.step-down.wait-time = 10s (default)
2023-11-28 06:43:30,180 [Time-limited test] INFO  server.RaftServerConfigKeys (ConfUtils.java:logGet(46)) - raft.server.storage.dir = [/home/runner/work/ratis/ratis/ratis-test/target/test/data/cc86e3b/MiniRaftClusterWithGrpcbe42d27/s3] (custom)
2023-11-28 06:43:30,180 [Time-limited test] INFO  server.RaftServerConfigKeys (ConfUtils.java:logGet(46)) - raft.server.threadpool.proxy.cached = true (default)
2023-11-28 06:43:30,180 [Time-limited test] INFO  server.RaftServerConfigKeys (ConfUtils.java:logGet(46)) - raft.server.threadpool.proxy.size = 0 (default)
2023-11-28 06:43:30,181 [Time-limited test] INFO  server.RaftServer (RaftServerProxy.java:addNew(100)) - s3: addNew group-C77254A99B14:[s3, s4, s0|localhost:46347, s1|localhost:33829, s2|localhost:35737] returns group-C77254A99B14:java.util.concurrent.CompletableFuture@6f9120f[Not completed]
2023-11-28 06:43:30,181 [Time-limited test] INFO  impl.MiniRaftCluster (MiniRaftCluster.java:newRaftServer(382)) - newRaftServer: s4, group-C77254A99B14:[s3, s4, s0|localhost:46347, s1|localhost:33829, s2|localhost:35737], format? true
2023-11-28 06:43:30,181 [s3-groupManagement] INFO  server.RaftServerConfigKeys (ConfUtils.java:logGet(46)) - raft.server.log.segment.size.max = 32MB (=33554432) (default)
2023-11-28 06:43:30,181 [Time-limited test] TRACE util.FileUtils (FileUtils.java:deleteFully(305)) - deleteFully target/test/data/cc86e3b/MiniRaftClusterWithGrpcbe42d27/s4
2023-11-28 06:43:30,181 [s3-groupManagement] INFO  server.RaftServerConfigKeys (ConfUtils.java:logGet(46)) - raft.server.log.preallocated.size = 4MB (=4194304) (default)
2023-11-28 06:43:30,181 [s3-groupManagement] INFO  server.RaftServerConfigKeys (ConfUtils.java:logGet(46)) - raft.server.log.write.buffer.size = 8MB (=8388608) (default)
2023-11-28 06:43:30,181 [Time-limited test] TRACE util.FileUtils (FileUtils.java:deleteFully(318)) - deleteFully: target/test/data/cc86e3b/MiniRaftClusterWithGrpcbe42d27/s4 does not exist.
2023-11-28 06:43:30,181 [Time-limited test] INFO  impl.MiniRaftCluster (MiniRaftCluster.java:newRaftServer(387)) - Formatted directory target/test/data/cc86e3b/MiniRaftClusterWithGrpcbe42d27/s4
2023-11-28 06:43:30,181 [s3-groupManagement] INFO  server.RaftServer$Division (RaftServerImpl.java:<init>(256)) - s3: new RaftServerImpl for group-C77254A99B14:[s3, s4, s0|localhost:46347, s1|localhost:33829, s2|localhost:35737] with SimpleStateMachine4Testing:uninitialized
2023-11-28 06:43:30,181 [s3-groupManagement] INFO  server.RaftServerConfigKeys (ConfUtils.java:logGet(46)) - raft.server.rpc.timeout.min = 150ms (default)
2023-11-28 06:43:30,181 [s3-groupManagement] INFO  server.RaftServerConfigKeys (ConfUtils.java:logGet(46)) - raft.server.rpc.timeout.max = 300ms (default)
2023-11-28 06:43:30,181 [s3-groupManagement] INFO  server.RaftServerConfigKeys (ConfUtils.java:logGet(46)) - raft.server.rpc.sleep.time = 25ms (default)
2023-11-28 06:43:30,181 [Time-limited test] INFO  server.RaftServer (ConfUtils.java:logGet(46)) - raft.rpc.type = GRPC (default)
2023-11-28 06:43:30,181 [s3-groupManagement] INFO  server.RaftServerConfigKeys (ConfUtils.java:logGet(46)) - raft.server.rpc.slowness.timeout = 60s (default)
2023-11-28 06:43:30,181 [Time-limited test] INFO  grpc.GrpcConfigKeys (ConfUtils.java:logFallback(53)) - raft.grpc.admin.host = null (fallback to raft.grpc.server.host)
2023-11-28 06:43:30,181 [s3-groupManagement] INFO  server.RaftServerConfigKeys (ConfUtils.java:logGet(46)) - raft.server.leaderelection.leader.step-down.wait-time = 10s (default)
2023-11-28 06:43:30,181 [Time-limited test] INFO  grpc.GrpcConfigKeys (ConfUtils.java:logFallback(53)) - raft.grpc.admin.port = 41087 (fallback to raft.grpc.server.port)
2023-11-28 06:43:30,181 [s3-groupManagement] INFO  server.RaftServerConfigKeys (ConfUtils.java:logGet(46)) - raft.server.leaderelection.member.majority-add = false (default)
2023-11-28 06:43:30,182 [Time-limited test] INFO  grpc.GrpcConfigKeys (ConfUtils.java:logFallback(53)) - raft.grpc.client.host = null (fallback to raft.grpc.server.host)
2023-11-28 06:43:30,182 [s3-groupManagement] INFO  server.RaftServerConfigKeys (ConfUtils.java:logGet(46)) - raft.server.sleep.deviation.threshold = 300ms (default)
2023-11-28 06:43:30,182 [Time-limited test] INFO  grpc.GrpcConfigKeys (ConfUtils.java:logFallback(53)) - raft.grpc.client.port = 41087 (fallback to raft.grpc.server.port)
2023-11-28 06:43:30,182 [s3-groupManagement] INFO  server.RaftServer$Division (ServerState.java:<init>(113)) - s3@group-C77254A99B14: ConfigurationManager, init=-1: peers:[s3, s4, s0|localhost:46347, s1|localhost:33829, s2|localhost:35737]|listeners:[], old=null, confs=<EMPTY_MAP>
2023-11-28 06:43:30,182 [Time-limited test] INFO  grpc.GrpcConfigKeys (ConfUtils.java:logGet(46)) - raft.grpc.server.host = null (default)
2023-11-28 06:43:30,182 [s3-groupManagement] INFO  server.RaftServerConfigKeys (ConfUtils.java:logGet(46)) - raft.server.notification.no-leader.timeout = 60s (default)
2023-11-28 06:43:30,182 [Time-limited test] INFO  grpc.GrpcConfigKeys (ConfUtils.java:logGet(46)) - raft.grpc.server.port = 41087 (custom)
2023-11-28 06:43:30,182 [s3-groupManagement] INFO  server.RaftServerConfigKeys (ConfUtils.java:logGet(46)) - raft.server.read.timeout = 10s (default)
2023-11-28 06:43:30,182 [Time-limited test] INFO  server.GrpcService (ConfUtils.java:logGet(46)) - raft.grpc.message.size.max = 64MB (=67108864) (default)
2023-11-28 06:43:30,182 [s3-groupManagement] INFO  server.RaftServerConfigKeys (ConfUtils.java:logGet(46)) - raft.server.retrycache.expirytime = 60s (default)
2023-11-28 06:43:30,182 [Time-limited test] INFO  server.RaftServerConfigKeys (ConfUtils.java:logGet(46)) - raft.server.log.appender.buffer.byte-limit = 4MB (=4194304) (default)
2023-11-28 06:43:30,182 [s3-groupManagement] INFO  server.RaftServerConfigKeys (ConfUtils.java:logGet(46)) - raft.server.retrycache.statistics.expirytime = 100ms (default)
2023-11-28 06:43:30,182 [Time-limited test] INFO  server.GrpcService (ConfUtils.java:logGet(46)) - raft.grpc.flow.control.window = 1MB (=1048576) (default)
2023-11-28 06:43:30,182 [Time-limited test] INFO  server.RaftServerConfigKeys (ConfUtils.java:logGet(46)) - raft.server.rpc.request.timeout = 3000ms (default)
2023-11-28 06:43:30,182 [s3-groupManagement] INFO  server.RaftServerConfigKeys (ConfUtils.java:logGet(46)) - raft.server.read.option = DEFAULT (default)
2023-11-28 06:43:30,182 [Time-limited test] INFO  grpc.GrpcConfigKeys (ConfUtils.java:logGet(46)) - raft.grpc.server.heartbeat.channel = true (default)
2023-11-28 06:43:30,182 [s3-groupManagement] INFO  server.RaftServerConfigKeys (ConfUtils.java:logGet(46)) - raft.server.read.read-after-write-consistent.write-index-cache.expiry-time = 60s (default)
2023-11-28 06:43:30,182 [Time-limited test] INFO  grpc.GrpcConfigKeys (ConfUtils.java:logGet(46)) - raft.grpc.server.async.request.thread.pool.cached = true (default)
2023-11-28 06:43:30,182 [Time-limited test] INFO  grpc.GrpcConfigKeys (ConfUtils.java:logGet(46)) - raft.grpc.server.async.request.thread.pool.size = 32 (default)
2023-11-28 06:43:30,183 [Time-limited test] INFO  impl.DataStreamServerImpl (ConfUtils.java:logGet(46)) - raft.datastream.type = DISABLED (default)
2023-11-28 06:43:30,183 [Time-limited test] INFO  server.RaftServerConfigKeys (ConfUtils.java:logGet(46)) - raft.server.sleep.deviation.threshold = 300ms (default)
2023-11-28 06:43:30,183 [s3-groupManagement] INFO  server.RaftServerConfigKeys (ConfUtils.java:logGet(46)) - raft.server.rpc.request.timeout = 3000ms (default)
2023-11-28 06:43:30,183 [Time-limited test] INFO  server.RaftServerConfigKeys (ConfUtils.java:logGet(46)) - raft.server.close.threshold = 60s (default)
2023-11-28 06:43:30,183 [s3-groupManagement] INFO  server.RaftServerConfigKeys (ConfUtils.java:logGet(46)) - raft.server.log.appender.install.snapshot.enabled = true (default)
2023-11-28 06:43:30,183 [Time-limited test] INFO  server.RaftServerConfigKeys (ConfUtils.java:logGet(46)) - raft.server.leaderelection.leader.step-down.wait-time = 10s (default)
2023-11-28 06:43:30,183 [s3-groupManagement] INFO  server.RaftServerConfigKeys (ConfUtils.java:logGet(46)) - raft.server.threadpool.server.cached = true (default)
2023-11-28 06:43:30,183 [s3-groupManagement] INFO  server.RaftServerConfigKeys (ConfUtils.java:logGet(46)) - raft.server.threadpool.server.size = 0 (default)
2023-11-28 06:43:30,183 [s3-groupManagement] INFO  server.RaftServerConfigKeys (ConfUtils.java:logGet(46)) - raft.server.threadpool.client.cached = true (default)
2023-11-28 06:43:30,183 [Time-limited test] INFO  server.RaftServerConfigKeys (ConfUtils.java:logGet(46)) - raft.server.storage.dir = [/home/runner/work/ratis/ratis/ratis-test/target/test/data/cc86e3b/MiniRaftClusterWithGrpcbe42d27/s4] (custom)
2023-11-28 06:43:30,183 [s3-groupManagement] INFO  server.RaftServerConfigKeys (ConfUtils.java:logGet(46)) - raft.server.threadpool.client.size = 0 (default)
2023-11-28 06:43:30,183 [Time-limited test] INFO  server.RaftServerConfigKeys (ConfUtils.java:logGet(46)) - raft.server.threadpool.proxy.cached = true (default)
2023-11-28 06:43:30,183 [Time-limited test] INFO  server.RaftServerConfigKeys (ConfUtils.java:logGet(46)) - raft.server.threadpool.proxy.size = 0 (default)
2023-11-28 06:43:30,184 [Time-limited test] INFO  server.RaftServer (RaftServerProxy.java:addNew(100)) - s4: addNew group-C77254A99B14:[s3, s4, s0|localhost:46347, s1|localhost:33829, s2|localhost:35737] returns group-C77254A99B14:java.util.concurrent.CompletableFuture@711a3d85[Not completed]
2023-11-28 06:43:30,184 [s4-groupManagement] INFO  server.RaftServerConfigKeys (ConfUtils.java:logGet(46)) - raft.server.log.segment.size.max = 32MB (=33554432) (default)
2023-11-28 06:43:30,184 [s3-impl-thread1] INFO  server.RaftServerConfigKeys (ConfUtils.java:logGet(46)) - raft.server.storage.free-space.min = 0MB (=0) (default)
2023-11-28 06:43:30,184 [s4-groupManagement] INFO  server.RaftServerConfigKeys (ConfUtils.java:logGet(46)) - raft.server.log.preallocated.size = 4MB (=4194304) (default)
2023-11-28 06:43:30,184 [s3-impl-thread1] INFO  server.RaftServerConfigKeys (ConfUtils.java:logGet(46)) - raft.server.log.corruption.policy = EXCEPTION (default)
2023-11-28 06:43:30,184 [s4-groupManagement] INFO  server.RaftServerConfigKeys (ConfUtils.java:logGet(46)) - raft.server.log.write.buffer.size = 8MB (=8388608) (default)
2023-11-28 06:43:30,184 [s4-groupManagement] INFO  server.RaftServer$Division (RaftServerImpl.java:<init>(256)) - s4: new RaftServerImpl for group-C77254A99B14:[s3, s4, s0|localhost:46347, s1|localhost:33829, s2|localhost:35737] with SimpleStateMachine4Testing:uninitialized
2023-11-28 06:43:30,184 [s3-impl-thread1] INFO  server.RaftServerConfigKeys (ConfUtils.java:logGet(46)) - raft.server.storage.dir = [/home/runner/work/ratis/ratis/ratis-test/target/test/data/cc86e3b/MiniRaftClusterWithGrpcbe42d27/s3] (custom)
2023-11-28 06:43:30,184 [s4-groupManagement] INFO  server.RaftServerConfigKeys (ConfUtils.java:logGet(46)) - raft.server.rpc.timeout.min = 150ms (default)
2023-11-28 06:43:30,184 [s4-groupManagement] INFO  server.RaftServerConfigKeys (ConfUtils.java:logGet(46)) - raft.server.rpc.timeout.max = 300ms (default)
2023-11-28 06:43:30,184 [s4-groupManagement] INFO  server.RaftServerConfigKeys (ConfUtils.java:logGet(46)) - raft.server.rpc.sleep.time = 25ms (default)
2023-11-28 06:43:30,184 [s4-groupManagement] INFO  server.RaftServerConfigKeys (ConfUtils.java:logGet(46)) - raft.server.rpc.slowness.timeout = 60s (default)
2023-11-28 06:43:30,184 [s3-impl-thread1] INFO  storage.RaftStorageDirectory (RaftStorageDirectoryImpl.java:analyzeStorage(138)) - The storage directory /home/runner/work/ratis/ratis/ratis-test/target/test/data/cc86e3b/MiniRaftClusterWithGrpcbe42d27/s3/3d8ff755-ef6a-4c2e-b59e-c77254a99b14 does not exist. Creating ...
2023-11-28 06:43:30,184 [s4-groupManagement] INFO  server.RaftServerConfigKeys (ConfUtils.java:logGet(46)) - raft.server.leaderelection.leader.step-down.wait-time = 10s (default)
2023-11-28 06:43:30,184 [s4-groupManagement] INFO  server.RaftServerConfigKeys (ConfUtils.java:logGet(46)) - raft.server.leaderelection.member.majority-add = false (default)
2023-11-28 06:43:30,184 [s4-groupManagement] INFO  server.RaftServerConfigKeys (ConfUtils.java:logGet(46)) - raft.server.sleep.deviation.threshold = 300ms (default)
2023-11-28 06:43:30,184 [s4-groupManagement] INFO  server.RaftServer$Division (ServerState.java:<init>(113)) - s4@group-C77254A99B14: ConfigurationManager, init=-1: peers:[s3, s4, s0|localhost:46347, s1|localhost:33829, s2|localhost:35737]|listeners:[], old=null, confs=<EMPTY_MAP>
2023-11-28 06:43:30,184 [s4-groupManagement] INFO  server.RaftServerConfigKeys (ConfUtils.java:logGet(46)) - raft.server.notification.no-leader.timeout = 60s (default)
2023-11-28 06:43:30,184 [s4-groupManagement] INFO  server.RaftServerConfigKeys (ConfUtils.java:logGet(46)) - raft.server.read.timeout = 10s (default)
2023-11-28 06:43:30,184 [s3-impl-thread1] TRACE util.FileUtils (LogUtils.java:runAndLog(49)) - Successfully ran Files.createDirectories /home/runner/work/ratis/ratis/ratis-test/target/test/data/cc86e3b/MiniRaftClusterWithGrpcbe42d27/s3/3d8ff755-ef6a-4c2e-b59e-c77254a99b14
2023-11-28 06:43:30,184 [s4-groupManagement] INFO  server.RaftServerConfigKeys (ConfUtils.java:logGet(46)) - raft.server.retrycache.expirytime = 60s (default)
2023-11-28 06:43:30,185 [s4-groupManagement] INFO  server.RaftServerConfigKeys (ConfUtils.java:logGet(46)) - raft.server.retrycache.statistics.expirytime = 100ms (default)
2023-11-28 06:43:30,185 [s4-groupManagement] INFO  server.RaftServerConfigKeys (ConfUtils.java:logGet(46)) - raft.server.read.option = DEFAULT (default)
2023-11-28 06:43:30,185 [s4-groupManagement] INFO  server.RaftServerConfigKeys (ConfUtils.java:logGet(46)) - raft.server.read.read-after-write-consistent.write-index-cache.expiry-time = 60s (default)
2023-11-28 06:43:30,185 [s3-impl-thread1] INFO  storage.RaftStorageDirectory (RaftStorageDirectoryImpl.java:tryLock(232)) - Lock on /home/runner/work/ratis/ratis/ratis-test/target/test/data/cc86e3b/MiniRaftClusterWithGrpcbe42d27/s3/3d8ff755-ef6a-4c2e-b59e-c77254a99b14/in_use.lock acquired by nodename 4862@fv-az728-711
2023-11-28 06:43:30,185 [s3-impl-thread1] TRACE util.FileUtils (LogUtils.java:runAndLog(49)) - Successfully ran Files.createDirectories /home/runner/work/ratis/ratis/ratis-test/target/test/data/cc86e3b/MiniRaftClusterWithGrpcbe42d27/s3/3d8ff755-ef6a-4c2e-b59e-c77254a99b14/current
2023-11-28 06:43:30,185 [s4-groupManagement] INFO  server.RaftServerConfigKeys (ConfUtils.java:logGet(46)) - raft.server.rpc.request.timeout = 3000ms (default)
2023-11-28 06:43:30,185 [s4-groupManagement] INFO  server.RaftServerConfigKeys (ConfUtils.java:logGet(46)) - raft.server.log.appender.install.snapshot.enabled = true (default)
2023-11-28 06:43:30,185 [s3-impl-thread1] TRACE util.FileUtils (LogUtils.java:runAndLog(49)) - Successfully ran Files.createDirectories /home/runner/work/ratis/ratis/ratis-test/target/test/data/cc86e3b/MiniRaftClusterWithGrpcbe42d27/s3/3d8ff755-ef6a-4c2e-b59e-c77254a99b14/sm
2023-11-28 06:43:30,185 [s4-groupManagement] INFO  server.RaftServerConfigKeys (ConfUtils.java:logGet(46)) - raft.server.threadpool.server.cached = true (default)
2023-11-28 06:43:30,185 [s4-groupManagement] INFO  server.RaftServerConfigKeys (ConfUtils.java:logGet(46)) - raft.server.threadpool.server.size = 0 (default)
2023-11-28 06:43:30,186 [s3-impl-thread1] TRACE util.FileUtils (LogUtils.java:supplyAndLog(69)) - Successfully supplied FileChannel.open /home/runner/work/ratis/ratis/ratis-test/target/test/data/cc86e3b/MiniRaftClusterWithGrpcbe42d27/s3/3d8ff755-ef6a-4c2e-b59e-c77254a99b14/current/raft-meta.tmp with options [CREATE, WRITE]: sun.nio.ch.FileChannelImpl@3446d43f
2023-11-28 06:43:30,186 [s4-groupManagement] INFO  server.RaftServerConfigKeys (ConfUtils.java:logGet(46)) - raft.server.threadpool.client.cached = true (default)
2023-11-28 06:43:30,186 [s4-groupManagement] INFO  server.RaftServerConfigKeys (ConfUtils.java:logGet(46)) - raft.server.threadpool.client.size = 0 (default)
2023-11-28 06:43:30,186 [s3-impl-thread1] TRACE util.FileUtils (LogUtils.java:runAndLog(49)) - Successfully ran Atomic Files.move /home/runner/work/ratis/ratis/ratis-test/target/test/data/cc86e3b/MiniRaftClusterWithGrpcbe42d27/s3/3d8ff755-ef6a-4c2e-b59e-c77254a99b14/current/raft-meta.tmp to /home/runner/work/ratis/ratis/ratis-test/target/test/data/cc86e3b/MiniRaftClusterWithGrpcbe42d27/s3/3d8ff755-ef6a-4c2e-b59e-c77254a99b14/current/raft-meta with options [REPLACE_EXISTING]
2023-11-28 06:43:30,186 [s3-impl-thread1] INFO  storage.RaftStorage (RaftStorageImpl.java:format(99)) - Storage directory /home/runner/work/ratis/ratis/ratis-test/target/test/data/cc86e3b/MiniRaftClusterWithGrpcbe42d27/s3/3d8ff755-ef6a-4c2e-b59e-c77254a99b14 has been successfully formatted.
2023-11-28 06:43:30,186 [s3-impl-thread1] TRACE util.FileUtils (LogUtils.java:supplyAndLog(61)) - Failed to Files.newInputStream /home/runner/work/ratis/ratis/ratis-test/target/test/data/cc86e3b/MiniRaftClusterWithGrpcbe42d27/s3/3d8ff755-ef6a-4c2e-b59e-c77254a99b14/current/raft-meta.conf with options []
java.nio.file.NoSuchFileException: /home/runner/work/ratis/ratis/ratis-test/target/test/data/cc86e3b/MiniRaftClusterWithGrpcbe42d27/s3/3d8ff755-ef6a-4c2e-b59e-c77254a99b14/current/raft-meta.conf
	at java.base/sun.nio.fs.UnixException.translateToIOException(UnixException.java:92)
	at java.base/sun.nio.fs.UnixException.rethrowAsIOException(UnixException.java:111)
	at java.base/sun.nio.fs.UnixException.rethrowAsIOException(UnixException.java:116)
	at java.base/sun.nio.fs.UnixFileSystemProvider.newByteChannel(UnixFileSystemProvider.java:219)
	at java.base/java.nio.file.Files.newByteChannel(Files.java:371)
	at java.base/java.nio.file.Files.newByteChannel(Files.java:422)
	at java.base/java.nio.file.spi.FileSystemProvider.newInputStream(FileSystemProvider.java:420)
	at java.base/java.nio.file.Files.newInputStream(Files.java:156)
	at org.apache.ratis.util.FileUtils.lambda$newInputStream$2(FileUtils.java:73)
	at org.apache.ratis.util.LogUtils.supplyAndLog(LogUtils.java:58)
	at org.apache.ratis.util.FileUtils.newInputStream(FileUtils.java:72)
	at org.apache.ratis.util.FileUtils.newInputStream(FileUtils.java:68)
	at org.apache.ratis.server.storage.RaftStorageImpl.readRaftConfiguration(RaftStorageImpl.java:156)
	at org.apache.ratis.server.impl.ServerState.initialize(ServerState.java:141)
	at org.apache.ratis.server.impl.RaftServerImpl.start(RaftServerImpl.java:388)
	at org.apache.ratis.util.ConcurrentUtils.accept(ConcurrentUtils.java:203)
	at org.apache.ratis.util.ConcurrentUtils.lambda$parallelForEachAsync$4(ConcurrentUtils.java:182)
	at java.base/java.util.concurrent.ThreadPoolExecutor.runWorker(ThreadPoolExecutor.java:1128)
	at java.base/java.util.concurrent.ThreadPoolExecutor$Worker.run(ThreadPoolExecutor.java:628)
	at java.base/java.lang.Thread.run(Thread.java:829)
2023-11-28 06:43:30,187 [s3-impl-thread1] INFO  impl.SimpleStateMachine4Testing (SimpleStateMachine4Testing.java:initialize(213)) - Initializing SimpleStateMachine4Testing:uninitialized
2023-11-28 06:43:30,187 [s3-impl-thread1] INFO  impl.SimpleStateMachine4Testing (SimpleStateMachine4Testing.java:loadSnapshot(296)) - Loading snapshot null
2023-11-28 06:43:30,187 [s3-impl-thread1] INFO  server.RaftServerConfigKeys (ConfUtils.java:logGet(46)) - raft.server.log.use.memory = false (default)
2023-11-28 06:43:30,187 [s3-impl-thread1] INFO  server.RaftServerConfigKeys (ConfUtils.java:logGet(46)) - raft.server.log.purge.gap = 1024 (default)
2023-11-28 06:43:30,187 [s3-impl-thread1] INFO  server.RaftServerConfigKeys (ConfUtils.java:logGet(46)) - raft.server.log.appender.buffer.byte-limit = 4MB (=4194304) (default)
2023-11-28 06:43:30,187 [s3-impl-thread1] INFO  server.RaftServerConfigKeys (ConfUtils.java:logGet(46)) - raft.server.log.statemachine.data.read.timeout = 1000ms (default)
2023-11-28 06:43:30,187 [s3-impl-thread1] INFO  server.RaftServerConfigKeys (ConfUtils.java:logGet(46)) - raft.server.log.purge.preservation.log.num = 0 (default)
2023-11-28 06:43:30,187 [s3-impl-thread1] INFO  server.RaftServerConfigKeys (ConfUtils.java:logGet(46)) - raft.server.log.segment.size.max = 32MB (=33554432) (default)
2023-11-28 06:43:30,187 [s3-impl-thread1] INFO  server.RaftServerConfigKeys (ConfUtils.java:logGet(46)) - raft.server.log.segment.cache.num.max = 6 (default)
2023-11-28 06:43:30,187 [s3-impl-thread1] INFO  server.RaftServerConfigKeys (ConfUtils.java:logGet(46)) - raft.server.log.segment.cache.size.max = 200MB (=209715200) (default)
2023-11-28 06:43:30,187 [s3-impl-thread1] INFO  server.RaftServerConfigKeys (ConfUtils.java:logGet(46)) - raft.server.log.appender.buffer.byte-limit = 4MB (=4194304) (default)
2023-11-28 06:43:30,187 [s3-impl-thread1] INFO  util.AwaitToRun (AwaitToRun.java:start(81)) - Thread[s3@group-C77254A99B14-cacheEviction-AwaitToRun,5,main] started
2023-11-28 06:43:30,187 [s3-impl-thread1] INFO  segmented.SegmentedRaftLogWorker (SegmentedRaftLogWorker.java:<init>(182)) - new s3@group-C77254A99B14-SegmentedRaftLogWorker for RaftStorageImpl:Storage Directory /home/runner/work/ratis/ratis/ratis-test/target/test/data/cc86e3b/MiniRaftClusterWithGrpcbe42d27/s3/3d8ff755-ef6a-4c2e-b59e-c77254a99b14
2023-11-28 06:43:30,187 [s3-impl-thread1] INFO  server.RaftServerConfigKeys (ConfUtils.java:logGet(46)) - raft.server.log.queue.byte-limit = 64MB (=67108864) (default)
2023-11-28 06:43:30,187 [s3-impl-thread1] INFO  server.RaftServerConfigKeys (ConfUtils.java:logGet(46)) - raft.server.log.queue.element-limit = 4096 (default)
2023-11-28 06:43:30,187 [s3-impl-thread1] INFO  server.RaftServerConfigKeys (ConfUtils.java:logGet(46)) - raft.server.log.segment.size.max = 32MB (=33554432) (default)
2023-11-28 06:43:30,187 [s3-impl-thread1] INFO  server.RaftServerConfigKeys (ConfUtils.java:logGet(46)) - raft.server.log.preallocated.size = 4MB (=4194304) (default)
2023-11-28 06:43:30,187 [s3-impl-thread1] INFO  server.RaftServerConfigKeys (ConfUtils.java:logGet(46)) - raft.server.log.force.sync.num = 128 (default)
2023-11-28 06:43:30,187 [s3-impl-thread1] INFO  server.RaftServerConfigKeys (ConfUtils.java:logGet(46)) - raft.server.log.statemachine.data.sync = true (default)
2023-11-28 06:43:30,188 [s3-impl-thread1] INFO  server.RaftServerConfigKeys (ConfUtils.java:logGet(46)) - raft.server.log.statemachine.data.sync.timeout = 10s (default)
2023-11-28 06:43:30,188 [s3-impl-thread1] INFO  server.RaftServerConfigKeys (ConfUtils.java:logGet(46)) - raft.server.log.statemachine.data.sync.timeout.retry = -1 (default)
2023-11-28 06:43:30,188 [s3-impl-thread1] INFO  server.RaftServerConfigKeys (ConfUtils.java:logGet(46)) - raft.server.log.write.buffer.size = 8MB (=8388608) (default)
2023-11-28 06:43:30,189 [s3-impl-thread1] INFO  server.RaftServerConfigKeys (ConfUtils.java:logGet(46)) - raft.server.log.appender.buffer.byte-limit = 4MB (=4194304) (default)
2023-11-28 06:43:30,189 [s3-impl-thread1] INFO  server.RaftServerConfigKeys (ConfUtils.java:logGet(46)) - raft.server.log.unsafe-flush.enabled = false (default)
2023-11-28 06:43:30,189 [s3-impl-thread1] INFO  server.RaftServerConfigKeys (ConfUtils.java:logGet(46)) - raft.server.log.async-flush.enabled = false (default)
2023-11-28 06:43:30,189 [s3-impl-thread1] INFO  server.RaftServerConfigKeys (ConfUtils.java:logGet(46)) - raft.server.log.statemachine.data.caching.enabled = false (default)
2023-11-28 06:43:30,189 [s3-impl-thread1] INFO  segmented.SegmentedRaftLogWorker (SegmentedRaftLogWorker.java:lambda$new$0(134)) - s3@group-C77254A99B14-SegmentedRaftLogWorker: flushIndex: setUnconditionally 0 -> -1
2023-11-28 06:43:30,189 [s3-impl-thread1] INFO  segmented.SegmentedRaftLogWorker (SegmentedRaftLogWorker.java:lambda$new$0(134)) - s3@group-C77254A99B14-SegmentedRaftLogWorker: safeCacheEvictIndex: setUnconditionally 0 -> -1
2023-11-28 06:43:30,189 [s3-impl-thread1] INFO  server.RaftServer$Division (RaftServerImpl.java:start(392)) - s3@group-C77254A99B14: start as a follower, conf=-1: peers:[s3, s4, s0|localhost:46347, s1|localhost:33829, s2|localhost:35737]|listeners:[], old=null
2023-11-28 06:43:30,189 [s3-impl-thread1] INFO  server.RaftServer$Division (RaftServerImpl.java:setRole(379)) - s3@group-C77254A99B14: changes role from      null to FOLLOWER at term 0 for startAsFollower
2023-11-28 06:43:30,189 [s3-impl-thread1] INFO  impl.RoleInfo (RoleInfo.java:updateAndGet(139)) - s3: start s3@group-C77254A99B14-FollowerState
2023-11-28 06:43:30,190 [s3@group-C77254A99B14-FollowerState] INFO  server.RaftServerConfigKeys (ConfUtils.java:logFallback(53)) - raft.server.rpc.first-election.timeout.min = 150ms (fallback to raft.server.rpc.timeout.min)
2023-11-28 06:43:30,190 [s3@group-C77254A99B14-FollowerState] INFO  server.RaftServerConfigKeys (ConfUtils.java:logFallback(53)) - raft.server.rpc.first-election.timeout.max = 300ms (fallback to raft.server.rpc.timeout.max)
2023-11-28 06:43:30,190 [s3-impl-thread1] INFO  util.JmxRegister (JmxRegister.java:tryRegister(44)) - Successfully registered JMX Bean with object name Ratis:service=RaftServer,group=group-C77254A99B14,id=s3
2023-11-28 06:43:30,190 [s3-impl-thread1] INFO  server.RaftServerConfigKeys (ConfUtils.java:logGet(46)) - raft.server.snapshot.trigger-when-stop.enabled = true (default)
2023-11-28 06:43:30,190 [s3-impl-thread1] INFO  server.RaftServerConfigKeys (ConfUtils.java:logGet(46)) - raft.server.snapshot.auto.trigger.enabled = false (default)
2023-11-28 06:43:30,190 [s3-impl-thread1] INFO  server.RaftServerConfigKeys (ConfUtils.java:logGet(46)) - raft.server.snapshot.retention.file.num = -1 (default)
2023-11-28 06:43:30,190 [s3-impl-thread1] INFO  server.RaftServerConfigKeys (ConfUtils.java:logGet(46)) - raft.server.log.purge.upto.snapshot.index = false (default)
2023-11-28 06:43:30,190 [Time-limited test] INFO  server.RaftServer (RaftServerProxy.java:startImpl(406)) - s3: start RPC server
2023-11-28 06:43:30,190 [Time-limited test] INFO  server.GrpcService (GrpcService.java:startImpl(302)) - s3: GrpcService started, listening on 40731
2023-11-28 06:43:30,191 [s4-impl-thread1] INFO  server.RaftServerConfigKeys (ConfUtils.java:logGet(46)) - raft.server.storage.free-space.min = 0MB (=0) (default)
2023-11-28 06:43:30,191 [JvmPauseMonitor12] INFO  util.JvmPauseMonitor (JvmPauseMonitor.java:run(146)) - JvmPauseMonitor-s3: Started
2023-11-28 06:43:30,191 [s4-impl-thread1] INFO  server.RaftServerConfigKeys (ConfUtils.java:logGet(46)) - raft.server.log.corruption.policy = EXCEPTION (default)
2023-11-28 06:43:30,191 [s4-impl-thread1] INFO  server.RaftServerConfigKeys (ConfUtils.java:logGet(46)) - raft.server.storage.dir = [/home/runner/work/ratis/ratis/ratis-test/target/test/data/cc86e3b/MiniRaftClusterWithGrpcbe42d27/s4] (custom)
2023-11-28 06:43:30,191 [s4-impl-thread1] INFO  storage.RaftStorageDirectory (RaftStorageDirectoryImpl.java:analyzeStorage(138)) - The storage directory /home/runner/work/ratis/ratis/ratis-test/target/test/data/cc86e3b/MiniRaftClusterWithGrpcbe42d27/s4/3d8ff755-ef6a-4c2e-b59e-c77254a99b14 does not exist. Creating ...
2023-11-28 06:43:30,191 [s4-impl-thread1] TRACE util.FileUtils (LogUtils.java:runAndLog(49)) - Successfully ran Files.createDirectories /home/runner/work/ratis/ratis/ratis-test/target/test/data/cc86e3b/MiniRaftClusterWithGrpcbe42d27/s4/3d8ff755-ef6a-4c2e-b59e-c77254a99b14
2023-11-28 06:43:30,192 [s4-impl-thread1] INFO  storage.RaftStorageDirectory (RaftStorageDirectoryImpl.java:tryLock(232)) - Lock on /home/runner/work/ratis/ratis/ratis-test/target/test/data/cc86e3b/MiniRaftClusterWithGrpcbe42d27/s4/3d8ff755-ef6a-4c2e-b59e-c77254a99b14/in_use.lock acquired by nodename 4862@fv-az728-711
2023-11-28 06:43:30,192 [s4-impl-thread1] TRACE util.FileUtils (LogUtils.java:runAndLog(49)) - Successfully ran Files.createDirectories /home/runner/work/ratis/ratis/ratis-test/target/test/data/cc86e3b/MiniRaftClusterWithGrpcbe42d27/s4/3d8ff755-ef6a-4c2e-b59e-c77254a99b14/current
2023-11-28 06:43:30,192 [s4-impl-thread1] TRACE util.FileUtils (LogUtils.java:runAndLog(49)) - Successfully ran Files.createDirectories /home/runner/work/ratis/ratis/ratis-test/target/test/data/cc86e3b/MiniRaftClusterWithGrpcbe42d27/s4/3d8ff755-ef6a-4c2e-b59e-c77254a99b14/sm
2023-11-28 06:43:30,192 [s4-impl-thread1] TRACE util.FileUtils (LogUtils.java:supplyAndLog(69)) - Successfully supplied FileChannel.open /home/runner/work/ratis/ratis/ratis-test/target/test/data/cc86e3b/MiniRaftClusterWithGrpcbe42d27/s4/3d8ff755-ef6a-4c2e-b59e-c77254a99b14/current/raft-meta.tmp with options [CREATE, WRITE]: sun.nio.ch.FileChannelImpl@1ee5ca15
2023-11-28 06:43:30,193 [s4-impl-thread1] TRACE util.FileUtils (LogUtils.java:runAndLog(49)) - Successfully ran Atomic Files.move /home/runner/work/ratis/ratis/ratis-test/target/test/data/cc86e3b/MiniRaftClusterWithGrpcbe42d27/s4/3d8ff755-ef6a-4c2e-b59e-c77254a99b14/current/raft-meta.tmp to /home/runner/work/ratis/ratis/ratis-test/target/test/data/cc86e3b/MiniRaftClusterWithGrpcbe42d27/s4/3d8ff755-ef6a-4c2e-b59e-c77254a99b14/current/raft-meta with options [REPLACE_EXISTING]
2023-11-28 06:43:30,193 [s4-impl-thread1] INFO  storage.RaftStorage (RaftStorageImpl.java:format(99)) - Storage directory /home/runner/work/ratis/ratis/ratis-test/target/test/data/cc86e3b/MiniRaftClusterWithGrpcbe42d27/s4/3d8ff755-ef6a-4c2e-b59e-c77254a99b14 has been successfully formatted.
2023-11-28 06:43:30,193 [s4-impl-thread1] TRACE util.FileUtils (LogUtils.java:supplyAndLog(61)) - Failed to Files.newInputStream /home/runner/work/ratis/ratis/ratis-test/target/test/data/cc86e3b/MiniRaftClusterWithGrpcbe42d27/s4/3d8ff755-ef6a-4c2e-b59e-c77254a99b14/current/raft-meta.conf with options []
java.nio.file.NoSuchFileException: /home/runner/work/ratis/ratis/ratis-test/target/test/data/cc86e3b/MiniRaftClusterWithGrpcbe42d27/s4/3d8ff755-ef6a-4c2e-b59e-c77254a99b14/current/raft-meta.conf
	at java.base/sun.nio.fs.UnixException.translateToIOException(UnixException.java:92)
	at java.base/sun.nio.fs.UnixException.rethrowAsIOException(UnixException.java:111)
	at java.base/sun.nio.fs.UnixException.rethrowAsIOException(UnixException.java:116)
	at java.base/sun.nio.fs.UnixFileSystemProvider.newByteChannel(UnixFileSystemProvider.java:219)
	at java.base/java.nio.file.Files.newByteChannel(Files.java:371)
	at java.base/java.nio.file.Files.newByteChannel(Files.java:422)
	at java.base/java.nio.file.spi.FileSystemProvider.newInputStream(FileSystemProvider.java:420)
	at java.base/java.nio.file.Files.newInputStream(Files.java:156)
	at org.apache.ratis.util.FileUtils.lambda$newInputStream$2(FileUtils.java:73)
	at org.apache.ratis.util.LogUtils.supplyAndLog(LogUtils.java:58)
	at org.apache.ratis.util.FileUtils.newInputStream(FileUtils.java:72)
	at org.apache.ratis.util.FileUtils.newInputStream(FileUtils.java:68)
	at org.apache.ratis.server.storage.RaftStorageImpl.readRaftConfiguration(RaftStorageImpl.java:156)
	at org.apache.ratis.server.impl.ServerState.initialize(ServerState.java:141)
	at org.apache.ratis.server.impl.RaftServerImpl.start(RaftServerImpl.java:388)
	at org.apache.ratis.util.ConcurrentUtils.accept(ConcurrentUtils.java:203)
	at org.apache.ratis.util.ConcurrentUtils.lambda$parallelForEachAsync$4(ConcurrentUtils.java:182)
	at java.base/java.util.concurrent.ThreadPoolExecutor.runWorker(ThreadPoolExecutor.java:1128)
	at java.base/java.util.concurrent.ThreadPoolExecutor$Worker.run(ThreadPoolExecutor.java:628)
	at java.base/java.lang.Thread.run(Thread.java:829)
2023-11-28 06:43:30,193 [s4-impl-thread1] INFO  impl.SimpleStateMachine4Testing (SimpleStateMachine4Testing.java:initialize(213)) - Initializing SimpleStateMachine4Testing:uninitialized
2023-11-28 06:43:30,193 [s4-impl-thread1] INFO  impl.SimpleStateMachine4Testing (SimpleStateMachine4Testing.java:loadSnapshot(296)) - Loading snapshot null
2023-11-28 06:43:30,193 [s4-impl-thread1] INFO  server.RaftServerConfigKeys (ConfUtils.java:logGet(46)) - raft.server.log.use.memory = false (default)
2023-11-28 06:43:30,194 [s4-impl-thread1] INFO  server.RaftServerConfigKeys (ConfUtils.java:logGet(46)) - raft.server.log.purge.gap = 1024 (default)
2023-11-28 06:43:30,194 [s4-impl-thread1] INFO  server.RaftServerConfigKeys (ConfUtils.java:logGet(46)) - raft.server.log.appender.buffer.byte-limit = 4MB (=4194304) (default)
2023-11-28 06:43:30,194 [s4-impl-thread1] INFO  server.RaftServerConfigKeys (ConfUtils.java:logGet(46)) - raft.server.log.statemachine.data.read.timeout = 1000ms (default)
2023-11-28 06:43:30,194 [s4-impl-thread1] INFO  server.RaftServerConfigKeys (ConfUtils.java:logGet(46)) - raft.server.log.purge.preservation.log.num = 0 (default)
2023-11-28 06:43:30,194 [s4-impl-thread1] INFO  server.RaftServerConfigKeys (ConfUtils.java:logGet(46)) - raft.server.log.segment.size.max = 32MB (=33554432) (default)
2023-11-28 06:43:30,194 [s4-impl-thread1] INFO  server.RaftServerConfigKeys (ConfUtils.java:logGet(46)) - raft.server.log.segment.cache.num.max = 6 (default)
2023-11-28 06:43:30,194 [s4-impl-thread1] INFO  server.RaftServerConfigKeys (ConfUtils.java:logGet(46)) - raft.server.log.segment.cache.size.max = 200MB (=209715200) (default)
2023-11-28 06:43:30,194 [s4-impl-thread1] INFO  server.RaftServerConfigKeys (ConfUtils.java:logGet(46)) - raft.server.log.appender.buffer.byte-limit = 4MB (=4194304) (default)
2023-11-28 06:43:30,194 [s4-impl-thread1] INFO  util.AwaitToRun (AwaitToRun.java:start(81)) - Thread[s4@group-C77254A99B14-cacheEviction-AwaitToRun,5,main] started
2023-11-28 06:43:30,194 [s4-impl-thread1] INFO  segmented.SegmentedRaftLogWorker (SegmentedRaftLogWorker.java:<init>(182)) - new s4@group-C77254A99B14-SegmentedRaftLogWorker for RaftStorageImpl:Storage Directory /home/runner/work/ratis/ratis/ratis-test/target/test/data/cc86e3b/MiniRaftClusterWithGrpcbe42d27/s4/3d8ff755-ef6a-4c2e-b59e-c77254a99b14
2023-11-28 06:43:30,195 [s4-impl-thread1] INFO  server.RaftServerConfigKeys (ConfUtils.java:logGet(46)) - raft.server.log.queue.byte-limit = 64MB (=67108864) (default)
2023-11-28 06:43:30,195 [s4-impl-thread1] INFO  server.RaftServerConfigKeys (ConfUtils.java:logGet(46)) - raft.server.log.queue.element-limit = 4096 (default)
2023-11-28 06:43:30,195 [s4-impl-thread1] INFO  server.RaftServerConfigKeys (ConfUtils.java:logGet(46)) - raft.server.log.segment.size.max = 32MB (=33554432) (default)
2023-11-28 06:43:30,195 [s4-impl-thread1] INFO  server.RaftServerConfigKeys (ConfUtils.java:logGet(46)) - raft.server.log.preallocated.size = 4MB (=4194304) (default)
2023-11-28 06:43:30,195 [s4-impl-thread1] INFO  server.RaftServerConfigKeys (ConfUtils.java:logGet(46)) - raft.server.log.force.sync.num = 128 (default)
2023-11-28 06:43:30,195 [s4-impl-thread1] INFO  server.RaftServerConfigKeys (ConfUtils.java:logGet(46)) - raft.server.log.statemachine.data.sync = true (default)
2023-11-28 06:43:30,195 [s4-impl-thread1] INFO  server.RaftServerConfigKeys (ConfUtils.java:logGet(46)) - raft.server.log.statemachine.data.sync.timeout = 10s (default)
2023-11-28 06:43:30,195 [s4-impl-thread1] INFO  server.RaftServerConfigKeys (ConfUtils.java:logGet(46)) - raft.server.log.statemachine.data.sync.timeout.retry = -1 (default)
2023-11-28 06:43:30,195 [s4-impl-thread1] INFO  server.RaftServerConfigKeys (ConfUtils.java:logGet(46)) - raft.server.log.write.buffer.size = 8MB (=8388608) (default)
2023-11-28 06:43:30,198 [s4-impl-thread1] INFO  server.RaftServerConfigKeys (ConfUtils.java:logGet(46)) - raft.server.log.appender.buffer.byte-limit = 4MB (=4194304) (default)
2023-11-28 06:43:30,198 [s4-impl-thread1] INFO  server.RaftServerConfigKeys (ConfUtils.java:logGet(46)) - raft.server.log.unsafe-flush.enabled = false (default)
2023-11-28 06:43:30,198 [s4-impl-thread1] INFO  server.RaftServerConfigKeys (ConfUtils.java:logGet(46)) - raft.server.log.async-flush.enabled = false (default)
2023-11-28 06:43:30,198 [s4-impl-thread1] INFO  server.RaftServerConfigKeys (ConfUtils.java:logGet(46)) - raft.server.log.statemachine.data.caching.enabled = false (default)
2023-11-28 06:43:30,198 [s4-impl-thread1] INFO  segmented.SegmentedRaftLogWorker (SegmentedRaftLogWorker.java:lambda$new$0(134)) - s4@group-C77254A99B14-SegmentedRaftLogWorker: flushIndex: setUnconditionally 0 -> -1
2023-11-28 06:43:30,198 [s4-impl-thread1] INFO  segmented.SegmentedRaftLogWorker (SegmentedRaftLogWorker.java:lambda$new$0(134)) - s4@group-C77254A99B14-SegmentedRaftLogWorker: safeCacheEvictIndex: setUnconditionally 0 -> -1
2023-11-28 06:43:30,198 [s4-impl-thread1] INFO  server.RaftServer$Division (RaftServerImpl.java:start(392)) - s4@group-C77254A99B14: start as a follower, conf=-1: peers:[s3, s4, s0|localhost:46347, s1|localhost:33829, s2|localhost:35737]|listeners:[], old=null
2023-11-28 06:43:30,198 [s4-impl-thread1] INFO  server.RaftServer$Division (RaftServerImpl.java:setRole(379)) - s4@group-C77254A99B14: changes role from      null to FOLLOWER at term 0 for startAsFollower
2023-11-28 06:43:30,198 [s4-impl-thread1] INFO  impl.RoleInfo (RoleInfo.java:updateAndGet(139)) - s4: start s4@group-C77254A99B14-FollowerState
2023-11-28 06:43:30,204 [grpc-default-executor-2] ERROR impl.OrderedAsync (OrderedAsync.java:lambda$sendRequest$9(247)) - client-23DA7E6A7FE2: Failed* RaftClientRequest:client-23DA7E6A7FE2->s1@group-9F468C9C58F9, cid=6, seq=1*, Watch(0), null
java.util.concurrent.CompletionException: java.io.IOException: org.apache.ratis.thirdparty.io.grpc.StatusRuntimeException: UNAVAILABLE: io exception
	at java.base/java.util.concurrent.CompletableFuture.encodeThrowable(CompletableFuture.java:331)
	at java.base/java.util.concurrent.CompletableFuture.completeThrowable(CompletableFuture.java:346)
	at java.base/java.util.concurrent.CompletableFuture$UniApply.tryFire(CompletableFuture.java:632)
	at java.base/java.util.concurrent.CompletableFuture.postComplete(CompletableFuture.java:506)
	at java.base/java.util.concurrent.CompletableFuture.completeExceptionally(CompletableFuture.java:2094)
	at org.apache.ratis.grpc.client.GrpcClientProtocolClient$AsyncStreamObservers.completeReplyExceptionally(GrpcClientProtocolClient.java:394)
	at org.apache.ratis.grpc.client.GrpcClientProtocolClient$AsyncStreamObservers.access$000(GrpcClientProtocolClient.java:300)
	at org.apache.ratis.grpc.client.GrpcClientProtocolClient$AsyncStreamObservers$1.onError(GrpcClientProtocolClient.java:331)
	at org.apache.ratis.thirdparty.io.grpc.stub.ClientCalls$StreamObserverToCallListenerAdapter.onClose(ClientCalls.java:481)
	at org.apache.ratis.thirdparty.io.grpc.PartialForwardingClientCallListener.onClose(PartialForwardingClientCallListener.java:39)
	at org.apache.ratis.thirdparty.io.grpc.ForwardingClientCallListener.onClose(ForwardingClientCallListener.java:23)
	at org.apache.ratis.grpc.metrics.intercept.client.MetricClientCallListener.onClose(MetricClientCallListener.java:47)
	at org.apache.ratis.thirdparty.io.grpc.internal.DelayedClientCall$DelayedListener$3.run(DelayedClientCall.java:489)
	at org.apache.ratis.thirdparty.io.grpc.internal.DelayedClientCall$DelayedListener.delayOrExecute(DelayedClientCall.java:453)
	at org.apache.ratis.thirdparty.io.grpc.internal.DelayedClientCall$DelayedListener.onClose(DelayedClientCall.java:486)
	at org.apache.ratis.thirdparty.io.grpc.internal.ClientCallImpl.closeObserver(ClientCallImpl.java:567)
	at org.apache.ratis.thirdparty.io.grpc.internal.ClientCallImpl.access$300(ClientCallImpl.java:71)
	at org.apache.ratis.thirdparty.io.grpc.internal.ClientCallImpl$ClientStreamListenerImpl$1StreamClosed.runInternal(ClientCallImpl.java:735)
	at org.apache.ratis.thirdparty.io.grpc.internal.ClientCallImpl$ClientStreamListenerImpl$1StreamClosed.runInContext(ClientCallImpl.java:716)
	at org.apache.ratis.thirdparty.io.grpc.internal.ContextRunnable.run(ContextRunnable.java:37)
	at org.apache.ratis.thirdparty.io.grpc.internal.SerializingExecutor.run(SerializingExecutor.java:133)
	at java.base/java.util.concurrent.ThreadPoolExecutor.runWorker(ThreadPoolExecutor.java:1128)
	at java.base/java.util.concurrent.ThreadPoolExecutor$Worker.run(ThreadPoolExecutor.java:628)
	at java.base/java.lang.Thread.run(Thread.java:829)
Caused by: java.io.IOException: org.apache.ratis.thirdparty.io.grpc.StatusRuntimeException: UNAVAILABLE: io exception
	at org.apache.ratis.grpc.GrpcUtil.unwrapException(GrpcUtil.java:99)
	at org.apache.ratis.grpc.GrpcUtil.unwrapIOException(GrpcUtil.java:159)
	at org.apache.ratis.grpc.client.GrpcClientProtocolClient$AsyncStreamObservers$1.onError(GrpcClientProtocolClient.java:330)
	... 16 more
Caused by: org.apache.ratis.thirdparty.io.grpc.StatusRuntimeException: UNAVAILABLE: io exception
	at org.apache.ratis.thirdparty.io.grpc.Status.asRuntimeException(Status.java:537)
	... 16 more
Caused by: org.apache.ratis.thirdparty.io.netty.channel.AbstractChannel$AnnotatedConnectException: finishConnect(..) failed: Connection refused: localhost/127.0.0.1:37939
Caused by: java.net.ConnectException: finishConnect(..) failed: Connection refused
	at org.apache.ratis.thirdparty.io.netty.channel.unix.Errors.newConnectException0(Errors.java:166)
	at org.apache.ratis.thirdparty.io.netty.channel.unix.Errors.handleConnectErrno(Errors.java:131)
	at org.apache.ratis.thirdparty.io.netty.channel.unix.Socket.finishConnect(Socket.java:359)
	at org.apache.ratis.thirdparty.io.netty.channel.epoll.AbstractEpollChannel$AbstractEpollUnsafe.doFinishConnect(AbstractEpollChannel.java:710)
	at org.apache.ratis.thirdparty.io.netty.channel.epoll.AbstractEpollChannel$AbstractEpollUnsafe.finishConnect(AbstractEpollChannel.java:687)
	at org.apache.ratis.thirdparty.io.netty.channel.epoll.AbstractEpollChannel$AbstractEpollUnsafe.epollOutReady(AbstractEpollChannel.java:567)
	at org.apache.ratis.thirdparty.io.netty.channel.epoll.EpollEventLoop.processReady(EpollEventLoop.java:499)
	at org.apache.ratis.thirdparty.io.netty.channel.epoll.EpollEventLoop.run(EpollEventLoop.java:407)
	at org.apache.ratis.thirdparty.io.netty.util.concurrent.SingleThreadEventExecutor$4.run(SingleThreadEventExecutor.java:997)
	at org.apache.ratis.thirdparty.io.netty.util.internal.ThreadExecutorMap$2.run(ThreadExecutorMap.java:74)
	at org.apache.ratis.thirdparty.io.netty.util.concurrent.FastThreadLocalRunnable.run(FastThreadLocalRunnable.java:30)
	at java.base/java.lang.Thread.run(Thread.java:829)
2023-11-28 06:43:30,204 [s4-impl-thread1] INFO  util.JmxRegister (JmxRegister.java:tryRegister(44)) - Successfully registered JMX Bean with object name Ratis:service=RaftServer,group=group-C77254A99B14,id=s4
2023-11-28 06:43:30,204 [s4@group-C77254A99B14-FollowerState] INFO  server.RaftServerConfigKeys (ConfUtils.java:logFallback(53)) - raft.server.rpc.first-election.timeout.min = 150ms (fallback to raft.server.rpc.timeout.min)
2023-11-28 06:43:30,204 [s4-impl-thread1] INFO  server.RaftServerConfigKeys (ConfUtils.java:logGet(46)) - raft.server.snapshot.trigger-when-stop.enabled = true (default)
2023-11-28 06:43:30,205 [s4@group-C77254A99B14-FollowerState] INFO  server.RaftServerConfigKeys (ConfUtils.java:logFallback(53)) - raft.server.rpc.first-election.timeout.max = 300ms (fallback to raft.server.rpc.timeout.max)
2023-11-28 06:43:30,205 [s4-impl-thread1] INFO  server.RaftServerConfigKeys (ConfUtils.java:logGet(46)) - raft.server.snapshot.auto.trigger.enabled = false (default)
2023-11-28 06:43:30,205 [s4-impl-thread1] INFO  server.RaftServerConfigKeys (ConfUtils.java:logGet(46)) - raft.server.snapshot.retention.file.num = -1 (default)
2023-11-28 06:43:30,205 [s4-impl-thread1] INFO  server.RaftServerConfigKeys (ConfUtils.java:logGet(46)) - raft.server.log.purge.upto.snapshot.index = false (default)
2023-11-28 06:43:30,205 [Time-limited test] INFO  server.RaftServer (RaftServerProxy.java:startImpl(406)) - s4: start RPC server
2023-11-28 06:43:30,206 [Time-limited test] INFO  server.GrpcService (GrpcService.java:startImpl(302)) - s4: GrpcService started, listening on 41087
2023-11-28 06:43:30,206 [JvmPauseMonitor13] INFO  util.JvmPauseMonitor (JvmPauseMonitor.java:run(146)) - JvmPauseMonitor-s4: Started
2023-11-28 06:43:30,207 [Time-limited test] INFO  server.RaftServerConfigKeys (ConfUtils.java:logGet(46)) - raft.server.rpc.timeout.max = 300ms (default)
2023-11-28 06:43:30,207 [Time-limited test] INFO  ratis.RaftTestUtil (RaftTestUtil.java:waitForLeader(100)) - printing ALL groups
  s3:  RUNNING  FOLLOWER s3@group-C77254A99B14:t0, leader=null, voted=, raftlog=Memoized:s3@group-C77254A99B14-SegmentedRaftLog:OPENED:c-1, conf=-1: peers:[s3, s4, s0|localhost:46347, s1|localhost:33829, s2|localhost:35737]|listeners:[], old=null RUNNING
  s4:  RUNNING  FOLLOWER s4@group-C77254A99B14:t0, leader=null, voted=, raftlog=Memoized:s4@group-C77254A99B14-SegmentedRaftLog:OPENED:c-1, conf=-1: peers:[s3, s4, s0|localhost:46347, s1|localhost:33829, s2|localhost:35737]|listeners:[], old=null RUNNING
  s0:  RUNNING    LEADER s0@group-C77254A99B14:t1, leader=s0, voted=s0, raftlog=Memoized:s0@group-C77254A99B14-SegmentedRaftLog:OPENED:c4, conf=0: peers:[s0|localhost:46347, s1|localhost:33829, s2|localhost:35737]|listeners:[], old=null RUNNING
  s1:  RUNNING  FOLLOWER s1@group-C77254A99B14:t1, leader=s0, voted=s0, raftlog=Memoized:s1@group-C77254A99B14-SegmentedRaftLog:OPENED:c3, conf=0: peers:[s0|localhost:46347, s1|localhost:33829, s2|localhost:35737]|listeners:[], old=null RUNNING
  s2:  RUNNING  FOLLOWER s2@group-C77254A99B14:t1, leader=s0, voted=s0, raftlog=Memoized:s2@group-C77254A99B14-SegmentedRaftLog:OPENED:c3, conf=0: peers:[s0|localhost:46347, s1|localhost:33829, s2|localhost:35737]|listeners:[], old=null RUNNING
2023-11-28 06:43:30,207 [Time-limited test] INFO  ratis.RaftTestUtil (RaftTestUtil.java:waitForLeader(119)) - printing ALL groups
  s3:  RUNNING  FOLLOWER s3@group-C77254A99B14:t0, leader=null, voted=, raftlog=Memoized:s3@group-C77254A99B14-SegmentedRaftLog:OPENED:c-1, conf=-1: peers:[s3, s4, s0|localhost:46347, s1|localhost:33829, s2|localhost:35737]|listeners:[], old=null RUNNING
  s4:  RUNNING  FOLLOWER s4@group-C77254A99B14:t0, leader=null, voted=, raftlog=Memoized:s4@group-C77254A99B14-SegmentedRaftLog:OPENED:c-1, conf=-1: peers:[s3, s4, s0|localhost:46347, s1|localhost:33829, s2|localhost:35737]|listeners:[], old=null RUNNING
  s0:  RUNNING    LEADER s0@group-C77254A99B14:t1, leader=s0, voted=s0, raftlog=Memoized:s0@group-C77254A99B14-SegmentedRaftLog:OPENED:c4, conf=0: peers:[s0|localhost:46347, s1|localhost:33829, s2|localhost:35737]|listeners:[], old=null RUNNING
  s1:  RUNNING  FOLLOWER s1@group-C77254A99B14:t1, leader=s0, voted=s0, raftlog=Memoized:s1@group-C77254A99B14-SegmentedRaftLog:OPENED:c3, conf=0: peers:[s0|localhost:46347, s1|localhost:33829, s2|localhost:35737]|listeners:[], old=null RUNNING
  s2:  RUNNING  FOLLOWER s2@group-C77254A99B14:t1, leader=s0, voted=s0, raftlog=Memoized:s2@group-C77254A99B14-SegmentedRaftLog:OPENED:c3, conf=0: peers:[s0|localhost:46347, s1|localhost:33829, s2|localhost:35737]|listeners:[], old=null RUNNING
2023-11-28 06:43:30,208 [Time-limited test] INFO  impl.MiniRaftCluster (MiniRaftCluster.java:setConfiguration(819)) - Start changing the configuration: [s3|0.0.0.0:40731, s4|0.0.0.0:41087, s0|localhost:46347, s1|localhost:33829, s2|localhost:35737]
2023-11-28 06:43:30,216 [s3-server-thread1] INFO  server.RaftServer$Division (RaftServerImpl.java:setConfigurationAsync(1264)) - s3@group-C77254A99B14: receive setConfiguration SetConfigurationRequest:client-8045BF7C9592->s3@group-C77254A99B14, cid=14, seq=null, RW, null, SET_UNCONDITIONALLY, servers:[s3|0.0.0.0:40731, s4|0.0.0.0:41087, s0|localhost:46347, s1|localhost:33829, s2|localhost:35737], listeners:[]
2023-11-28 06:43:30,308 [grpc-default-executor-2] ERROR impl.OrderedAsync (OrderedAsync.java:lambda$sendRequest$9(247)) - client-23DA7E6A7FE2: Failed* RaftClientRequest:client-23DA7E6A7FE2->s2@group-9F468C9C58F9, cid=6, seq=1*, Watch(0), null
java.util.concurrent.CompletionException: java.io.IOException: org.apache.ratis.thirdparty.io.grpc.StatusRuntimeException: UNAVAILABLE: io exception
	at java.base/java.util.concurrent.CompletableFuture.encodeThrowable(CompletableFuture.java:331)
	at java.base/java.util.concurrent.CompletableFuture.completeThrowable(CompletableFuture.java:346)
	at java.base/java.util.concurrent.CompletableFuture$UniApply.tryFire(CompletableFuture.java:632)
	at java.base/java.util.concurrent.CompletableFuture.postComplete(CompletableFuture.java:506)
	at java.base/java.util.concurrent.CompletableFuture.completeExceptionally(CompletableFuture.java:2094)
	at org.apache.ratis.grpc.client.GrpcClientProtocolClient$AsyncStreamObservers.completeReplyExceptionally(GrpcClientProtocolClient.java:394)
	at org.apache.ratis.grpc.client.GrpcClientProtocolClient$AsyncStreamObservers.access$000(GrpcClientProtocolClient.java:300)
	at org.apache.ratis.grpc.client.GrpcClientProtocolClient$AsyncStreamObservers$1.onError(GrpcClientProtocolClient.java:331)
	at org.apache.ratis.thirdparty.io.grpc.stub.ClientCalls$StreamObserverToCallListenerAdapter.onClose(ClientCalls.java:481)
	at org.apache.ratis.thirdparty.io.grpc.PartialForwardingClientCallListener.onClose(PartialForwardingClientCallListener.java:39)
	at org.apache.ratis.thirdparty.io.grpc.ForwardingClientCallListener.onClose(ForwardingClientCallListener.java:23)
	at org.apache.ratis.grpc.metrics.intercept.client.MetricClientCallListener.onClose(MetricClientCallListener.java:47)
	at org.apache.ratis.thirdparty.io.grpc.internal.DelayedClientCall$DelayedListener$3.run(DelayedClientCall.java:489)
	at org.apache.ratis.thirdparty.io.grpc.internal.DelayedClientCall$DelayedListener.delayOrExecute(DelayedClientCall.java:453)
	at org.apache.ratis.thirdparty.io.grpc.internal.DelayedClientCall$DelayedListener.onClose(DelayedClientCall.java:486)
	at org.apache.ratis.thirdparty.io.grpc.internal.ClientCallImpl.closeObserver(ClientCallImpl.java:567)
	at org.apache.ratis.thirdparty.io.grpc.internal.ClientCallImpl.access$300(ClientCallImpl.java:71)
	at org.apache.ratis.thirdparty.io.grpc.internal.ClientCallImpl$ClientStreamListenerImpl$1StreamClosed.runInternal(ClientCallImpl.java:735)
	at org.apache.ratis.thirdparty.io.grpc.internal.ClientCallImpl$ClientStreamListenerImpl$1StreamClosed.runInContext(ClientCallImpl.java:716)
	at org.apache.ratis.thirdparty.io.grpc.internal.ContextRunnable.run(ContextRunnable.java:37)
	at org.apache.ratis.thirdparty.io.grpc.internal.SerializingExecutor.run(SerializingExecutor.java:133)
	at java.base/java.util.concurrent.ThreadPoolExecutor.runWorker(ThreadPoolExecutor.java:1128)
	at java.base/java.util.concurrent.ThreadPoolExecutor$Worker.run(ThreadPoolExecutor.java:628)
	at java.base/java.lang.Thread.run(Thread.java:829)
Caused by: java.io.IOException: org.apache.ratis.thirdparty.io.grpc.StatusRuntimeException: UNAVAILABLE: io exception
	at org.apache.ratis.grpc.GrpcUtil.unwrapException(GrpcUtil.java:99)
	at org.apache.ratis.grpc.GrpcUtil.unwrapIOException(GrpcUtil.java:159)
	at org.apache.ratis.grpc.client.GrpcClientProtocolClient$AsyncStreamObservers$1.onError(GrpcClientProtocolClient.java:330)
	... 16 more
Caused by: org.apache.ratis.thirdparty.io.grpc.StatusRuntimeException: UNAVAILABLE: io exception
	at org.apache.ratis.thirdparty.io.grpc.Status.asRuntimeException(Status.java:537)
	... 16 more
Caused by: org.apache.ratis.thirdparty.io.netty.channel.AbstractChannel$AnnotatedConnectException: finishConnect(..) failed: Connection refused: localhost/127.0.0.1:37249
Caused by: java.net.ConnectException: finishConnect(..) failed: Connection refused
	at org.apache.ratis.thirdparty.io.netty.channel.unix.Errors.newConnectException0(Errors.java:166)
	at org.apache.ratis.thirdparty.io.netty.channel.unix.Errors.handleConnectErrno(Errors.java:131)
	at org.apache.ratis.thirdparty.io.netty.channel.unix.Socket.finishConnect(Socket.java:359)
	at org.apache.ratis.thirdparty.io.netty.channel.epoll.AbstractEpollChannel$AbstractEpollUnsafe.doFinishConnect(AbstractEpollChannel.java:710)
	at org.apache.ratis.thirdparty.io.netty.channel.epoll.AbstractEpollChannel$AbstractEpollUnsafe.finishConnect(AbstractEpollChannel.java:687)
	at org.apache.ratis.thirdparty.io.netty.channel.epoll.AbstractEpollChannel$AbstractEpollUnsafe.epollOutReady(AbstractEpollChannel.java:567)
	at org.apache.ratis.thirdparty.io.netty.channel.epoll.EpollEventLoop.processReady(EpollEventLoop.java:499)
	at org.apache.ratis.thirdparty.io.netty.channel.epoll.EpollEventLoop.run(EpollEventLoop.java:407)
	at org.apache.ratis.thirdparty.io.netty.util.concurrent.SingleThreadEventExecutor$4.run(SingleThreadEventExecutor.java:997)
	at org.apache.ratis.thirdparty.io.netty.util.internal.ThreadExecutorMap$2.run(ThreadExecutorMap.java:74)
	at org.apache.ratis.thirdparty.io.netty.util.concurrent.FastThreadLocalRunnable.run(FastThreadLocalRunnable.java:30)
	at java.base/java.lang.Thread.run(Thread.java:829)
2023-11-28 06:43:30,320 [s1-server-thread2] INFO  server.RaftServer$Division (RaftServerImpl.java:setConfigurationAsync(1264)) - s1@group-C77254A99B14: receive setConfiguration SetConfigurationRequest:client-8045BF7C9592->s1@group-C77254A99B14, cid=14, seq=null, RW, null, SET_UNCONDITIONALLY, servers:[s3|0.0.0.0:40731, s4|0.0.0.0:41087, s0|localhost:46347, s1|localhost:33829, s2|localhost:35737], listeners:[]
2023-11-28 06:43:30,347 [s3@group-C77254A99B14-FollowerState] INFO  impl.FollowerState (FollowerState.java:run(143)) - s3@group-C77254A99B14-FollowerState: change to CANDIDATE, lastRpcElapsedTime:157321420ns, electionTimeout:157ms
2023-11-28 06:43:30,347 [s3@group-C77254A99B14-FollowerState] INFO  impl.RoleInfo (RoleInfo.java:shutdownFollowerState(110)) - s3: shutdown s3@group-C77254A99B14-FollowerState
2023-11-28 06:43:30,347 [s3@group-C77254A99B14-FollowerState] INFO  server.RaftServer$Division (RaftServerImpl.java:setRole(379)) - s3@group-C77254A99B14: changes role from  FOLLOWER to CANDIDATE at term 0 for changeToCandidate
2023-11-28 06:43:30,347 [s3@group-C77254A99B14-FollowerState] INFO  server.RaftServerConfigKeys (ConfUtils.java:logGet(46)) - raft.server.leaderelection.pre-vote = true (default)
2023-11-28 06:43:30,347 [s3@group-C77254A99B14-FollowerState] INFO  impl.RoleInfo (RoleInfo.java:updateAndGet(139)) - s3: start s3@group-C77254A99B14-LeaderElection8
2023-11-28 06:43:30,348 [s3@group-C77254A99B14-LeaderElection8] INFO  impl.LeaderElection (LeaderElection.java:askForVotes(323)) - s3@group-C77254A99B14-LeaderElection8 PRE_VOTE round 0: submit vote requests at term 0 for -1: peers:[s3, s4, s0|localhost:46347, s1|localhost:33829, s2|localhost:35737]|listeners:[], old=null
2023-11-28 06:43:30,348 [s3@group-C77254A99B14-LeaderElection8-1] INFO  server.GrpcServerProtocolClient (GrpcServerProtocolClient.java:<init>(65)) - Build channel for s4
2023-11-28 06:43:30,348 [s3@group-C77254A99B14-LeaderElection8-2] INFO  server.GrpcServerProtocolClient (GrpcServerProtocolClient.java:<init>(65)) - Build channel for s0
2023-11-28 06:43:30,348 [s3@group-C77254A99B14-LeaderElection8-3] INFO  server.GrpcServerProtocolClient (GrpcServerProtocolClient.java:<init>(65)) - Build channel for s1
2023-11-28 06:43:30,348 [s3@group-C77254A99B14-LeaderElection8] INFO  server.RaftServerConfigKeys (ConfUtils.java:logFallback(53)) - raft.server.rpc.first-election.timeout.min = 150ms (fallback to raft.server.rpc.timeout.min)
2023-11-28 06:43:30,348 [s3@group-C77254A99B14-LeaderElection8-4] INFO  server.GrpcServerProtocolClient (GrpcServerProtocolClient.java:<init>(65)) - Build channel for s2
2023-11-28 06:43:30,348 [s3@group-C77254A99B14-LeaderElection8] INFO  server.RaftServerConfigKeys (ConfUtils.java:logFallback(53)) - raft.server.rpc.first-election.timeout.max = 300ms (fallback to raft.server.rpc.timeout.max)
2023-11-28 06:43:30,349 [s3@group-C77254A99B14-LeaderElection8] INFO  impl.LeaderElection (LogUtils.java:infoOrTrace(136)) - s3@group-C77254A99B14-LeaderElection8 got exception when requesting votes: java.util.concurrent.ExecutionException: java.lang.NullPointerException: target
2023-11-28 06:43:30,352 [grpc-default-executor-2] INFO  server.RaftServer$Division (RaftServerImpl.java:requestVote(1377)) - s2@group-C77254A99B14: receive requestVote(PRE_VOTE, s3, group-C77254A99B14, 0, (t:0, i:0))
2023-11-28 06:43:30,352 [grpc-default-executor-2] INFO  impl.VoteContext (VoteContext.java:log(49)) - s2@group-C77254A99B14-FOLLOWER: reject PRE_VOTE from s3: s3 is not in current conf [s0|localhost:46347, s1|localhost:33829, s2|localhost:35737]
2023-11-28 06:43:30,352 [grpc-default-executor-2] INFO  server.RaftServer$Division (RaftServerImpl.java:requestVote(1410)) - s2@group-C77254A99B14 replies to PRE_VOTE vote request: s3<-s2#0:FAIL-t1. Peer's state: s2@group-C77254A99B14:t1, leader=s0, voted=s0, raftlog=Memoized:s2@group-C77254A99B14-SegmentedRaftLog:OPENED:c4, conf=0: peers:[s0|localhost:46347, s1|localhost:33829, s2|localhost:35737]|listeners:[], old=null
2023-11-28 06:43:30,353 [s3@group-C77254A99B14-LeaderElection8] INFO  impl.LeaderElection (LeaderElection.java:logAndReturn(89)) - s3@group-C77254A99B14-LeaderElection8: PRE_VOTE DISCOVERED_A_NEW_TERM (term=1) received 1 response(s) and 1 exception(s):
2023-11-28 06:43:30,353 [s3@group-C77254A99B14-LeaderElection8] INFO  impl.LeaderElection (LeaderElection.java:logAndReturn(93)) -   Response 0: s3<-s2#0:FAIL-t1
2023-11-28 06:43:30,353 [grpc-default-executor-1] INFO  server.RaftServer$Division (RaftServerImpl.java:requestVote(1377)) - s1@group-C77254A99B14: receive requestVote(PRE_VOTE, s3, group-C77254A99B14, 0, (t:0, i:0))
2023-11-28 06:43:30,353 [grpc-default-executor-1] INFO  impl.VoteContext (VoteContext.java:log(49)) - s1@group-C77254A99B14-FOLLOWER: reject PRE_VOTE from s3: s3 is not in current conf [s0|localhost:46347, s1|localhost:33829, s2|localhost:35737]
2023-11-28 06:43:30,353 [grpc-default-executor-1] INFO  server.RaftServer$Division (RaftServerImpl.java:requestVote(1410)) - s1@group-C77254A99B14 replies to PRE_VOTE vote request: s3<-s1#0:FAIL-t1. Peer's state: s1@group-C77254A99B14:t1, leader=s0, voted=s0, raftlog=Memoized:s1@group-C77254A99B14-SegmentedRaftLog:OPENED:c4, conf=0: peers:[s0|localhost:46347, s1|localhost:33829, s2|localhost:35737]|listeners:[], old=null
2023-11-28 06:43:30,353 [s3@group-C77254A99B14-LeaderElection8] INFO  impl.LeaderElection (LogUtils.java:infoOrTrace(136)) -   Exception 1: java.util.concurrent.ExecutionException: java.lang.NullPointerException: target
2023-11-28 06:43:30,353 [s3@group-C77254A99B14-LeaderElection8] INFO  impl.LeaderElection (LeaderElection.java:askForVotes(325)) - s3@group-C77254A99B14-LeaderElection8 PRE_VOTE round 0: result DISCOVERED_A_NEW_TERM (term=1)
2023-11-28 06:43:30,353 [s3@group-C77254A99B14-LeaderElection8] INFO  server.RaftServer$Division (RaftServerImpl.java:setRole(379)) - s3@group-C77254A99B14: changes role from CANDIDATE to FOLLOWER at term 1 for DISCOVERED_A_NEW_TERM (term=1)
2023-11-28 06:43:30,353 [s3@group-C77254A99B14-LeaderElection8] INFO  impl.RoleInfo (RoleInfo.java:shutdownLeaderElection(130)) - s3: shutdown s3@group-C77254A99B14-LeaderElection8
2023-11-28 06:43:30,353 [s3@group-C77254A99B14-LeaderElection8] INFO  impl.RoleInfo (RoleInfo.java:updateAndGet(139)) - s3: start s3@group-C77254A99B14-FollowerState
2023-11-28 06:43:30,355 [s3@group-C77254A99B14-LeaderElection8] INFO  server.RaftServer$Division (RaftServerImpl.java:setFirstElection(564)) - s3@group-C77254A99B14: set firstElectionSinceStartup to false for DISCOVERED_A_NEW_TERM (term=1)
2023-11-28 06:43:30,355 [s3@group-C77254A99B14-LeaderElection8] TRACE util.FileUtils (LogUtils.java:supplyAndLog(69)) - Successfully supplied FileChannel.open /home/runner/work/ratis/ratis/ratis-test/target/test/data/cc86e3b/MiniRaftClusterWithGrpcbe42d27/s3/3d8ff755-ef6a-4c2e-b59e-c77254a99b14/current/raft-meta.tmp with options [CREATE, WRITE]: sun.nio.ch.FileChannelImpl@144ab047
2023-11-28 06:43:30,357 [s3@group-C77254A99B14-LeaderElection8] TRACE util.FileUtils (LogUtils.java:runAndLog(49)) - Successfully ran Atomic Files.move /home/runner/work/ratis/ratis/ratis-test/target/test/data/cc86e3b/MiniRaftClusterWithGrpcbe42d27/s3/3d8ff755-ef6a-4c2e-b59e-c77254a99b14/current/raft-meta.tmp to /home/runner/work/ratis/ratis/ratis-test/target/test/data/cc86e3b/MiniRaftClusterWithGrpcbe42d27/s3/3d8ff755-ef6a-4c2e-b59e-c77254a99b14/current/raft-meta with options [REPLACE_EXISTING]
2023-11-28 06:43:30,357 [grpc-default-executor-1] INFO  server.RaftServer$Division (RaftServerImpl.java:requestVote(1377)) - s0@group-C77254A99B14: receive requestVote(PRE_VOTE, s3, group-C77254A99B14, 0, (t:0, i:0))
2023-11-28 06:43:30,357 [grpc-default-executor-1] INFO  impl.VoteContext (VoteContext.java:log(49)) - s0@group-C77254A99B14-LEADER: reject PRE_VOTE from s3: s3 is not in current conf [s0|localhost:46347, s1|localhost:33829, s2|localhost:35737]
2023-11-28 06:43:30,357 [grpc-default-executor-1] INFO  server.RaftServer$Division (RaftServerImpl.java:requestVote(1410)) - s0@group-C77254A99B14 replies to PRE_VOTE vote request: s3<-s0#0:FAIL-t1. Peer's state: s0@group-C77254A99B14:t1, leader=s0, voted=s0, raftlog=Memoized:s0@group-C77254A99B14-SegmentedRaftLog:OPENED:c4, conf=0: peers:[s0|localhost:46347, s1|localhost:33829, s2|localhost:35737]|listeners:[], old=null
2023-11-28 06:43:30,411 [grpc-default-executor-2] ERROR impl.OrderedAsync (OrderedAsync.java:lambda$sendRequest$9(247)) - client-23DA7E6A7FE2: Failed* RaftClientRequest:client-23DA7E6A7FE2->s0@group-9F468C9C58F9, cid=6, seq=1*, Watch(0), null
java.util.concurrent.CompletionException: java.io.IOException: org.apache.ratis.thirdparty.io.grpc.StatusRuntimeException: UNAVAILABLE: io exception
	at java.base/java.util.concurrent.CompletableFuture.encodeThrowable(CompletableFuture.java:331)
	at java.base/java.util.concurrent.CompletableFuture.completeThrowable(CompletableFuture.java:346)
	at java.base/java.util.concurrent.CompletableFuture$UniApply.tryFire(CompletableFuture.java:632)
	at java.base/java.util.concurrent.CompletableFuture.postComplete(CompletableFuture.java:506)
	at java.base/java.util.concurrent.CompletableFuture.completeExceptionally(CompletableFuture.java:2094)
	at org.apache.ratis.grpc.client.GrpcClientProtocolClient$AsyncStreamObservers.completeReplyExceptionally(GrpcClientProtocolClient.java:394)
	at org.apache.ratis.grpc.client.GrpcClientProtocolClient$AsyncStreamObservers.access$000(GrpcClientProtocolClient.java:300)
	at org.apache.ratis.grpc.client.GrpcClientProtocolClient$AsyncStreamObservers$1.onError(GrpcClientProtocolClient.java:331)
	at org.apache.ratis.thirdparty.io.grpc.stub.ClientCalls$StreamObserverToCallListenerAdapter.onClose(ClientCalls.java:481)
	at org.apache.ratis.thirdparty.io.grpc.PartialForwardingClientCallListener.onClose(PartialForwardingClientCallListener.java:39)
	at org.apache.ratis.thirdparty.io.grpc.ForwardingClientCallListener.onClose(ForwardingClientCallListener.java:23)
	at org.apache.ratis.grpc.metrics.intercept.client.MetricClientCallListener.onClose(MetricClientCallListener.java:47)
	at org.apache.ratis.thirdparty.io.grpc.internal.DelayedClientCall$DelayedListener$3.run(DelayedClientCall.java:489)
	at org.apache.ratis.thirdparty.io.grpc.internal.DelayedClientCall$DelayedListener.delayOrExecute(DelayedClientCall.java:453)
	at org.apache.ratis.thirdparty.io.grpc.internal.DelayedClientCall$DelayedListener.onClose(DelayedClientCall.java:486)
	at org.apache.ratis.thirdparty.io.grpc.internal.ClientCallImpl.closeObserver(ClientCallImpl.java:567)
	at org.apache.ratis.thirdparty.io.grpc.internal.ClientCallImpl.access$300(ClientCallImpl.java:71)
	at org.apache.ratis.thirdparty.io.grpc.internal.ClientCallImpl$ClientStreamListenerImpl$1StreamClosed.runInternal(ClientCallImpl.java:735)
	at org.apache.ratis.thirdparty.io.grpc.internal.ClientCallImpl$ClientStreamListenerImpl$1StreamClosed.runInContext(ClientCallImpl.java:716)
	at org.apache.ratis.thirdparty.io.grpc.internal.ContextRunnable.run(ContextRunnable.java:37)
	at org.apache.ratis.thirdparty.io.grpc.internal.SerializingExecutor.run(SerializingExecutor.java:133)
	at java.base/java.util.concurrent.ThreadPoolExecutor.runWorker(ThreadPoolExecutor.java:1128)
	at java.base/java.util.concurrent.ThreadPoolExecutor$Worker.run(ThreadPoolExecutor.java:628)
	at java.base/java.lang.Thread.run(Thread.java:829)
Caused by: java.io.IOException: org.apache.ratis.thirdparty.io.grpc.StatusRuntimeException: UNAVAILABLE: io exception
	at org.apache.ratis.grpc.GrpcUtil.unwrapException(GrpcUtil.java:99)
	at org.apache.ratis.grpc.GrpcUtil.unwrapIOException(GrpcUtil.java:159)
	at org.apache.ratis.grpc.client.GrpcClientProtocolClient$AsyncStreamObservers$1.onError(GrpcClientProtocolClient.java:330)
	... 16 more
Caused by: org.apache.ratis.thirdparty.io.grpc.StatusRuntimeException: UNAVAILABLE: io exception
	at org.apache.ratis.thirdparty.io.grpc.Status.asRuntimeException(Status.java:537)
	... 16 more
Caused by: org.apache.ratis.thirdparty.io.netty.channel.AbstractChannel$AnnotatedConnectException: finishConnect(..) failed: Connection refused: localhost/127.0.0.1:43007
Caused by: java.net.ConnectException: finishConnect(..) failed: Connection refused
	at org.apache.ratis.thirdparty.io.netty.channel.unix.Errors.newConnectException0(Errors.java:166)
	at org.apache.ratis.thirdparty.io.netty.channel.unix.Errors.handleConnectErrno(Errors.java:131)
	at org.apache.ratis.thirdparty.io.netty.channel.unix.Socket.finishConnect(Socket.java:359)
	at org.apache.ratis.thirdparty.io.netty.channel.epoll.AbstractEpollChannel$AbstractEpollUnsafe.doFinishConnect(AbstractEpollChannel.java:710)
	at org.apache.ratis.thirdparty.io.netty.channel.epoll.AbstractEpollChannel$AbstractEpollUnsafe.finishConnect(AbstractEpollChannel.java:687)
	at org.apache.ratis.thirdparty.io.netty.channel.epoll.AbstractEpollChannel$AbstractEpollUnsafe.epollOutReady(AbstractEpollChannel.java:567)
	at org.apache.ratis.thirdparty.io.netty.channel.epoll.EpollEventLoop.processReady(EpollEventLoop.java:499)
	at org.apache.ratis.thirdparty.io.netty.channel.epoll.EpollEventLoop.run(EpollEventLoop.java:407)
	at org.apache.ratis.thirdparty.io.netty.util.concurrent.SingleThreadEventExecutor$4.run(SingleThreadEventExecutor.java:997)
	at org.apache.ratis.thirdparty.io.netty.util.internal.ThreadExecutorMap$2.run(ThreadExecutorMap.java:74)
	at org.apache.ratis.thirdparty.io.netty.util.concurrent.FastThreadLocalRunnable.run(FastThreadLocalRunnable.java:30)
	at java.base/java.lang.Thread.run(Thread.java:829)
2023-11-28 06:43:30,425 [s0-server-thread1] INFO  server.RaftServer$Division (RaftServerImpl.java:setConfigurationAsync(1264)) - s0@group-C77254A99B14: receive setConfiguration SetConfigurationRequest:client-8045BF7C9592->s0@group-C77254A99B14, cid=14, seq=null, RW, null, SET_UNCONDITIONALLY, servers:[s3|0.0.0.0:40731, s4|0.0.0.0:41087, s0|localhost:46347, s1|localhost:33829, s2|localhost:35737], listeners:[]
2023-11-28 06:43:30,426 [s0-server-thread1] INFO  server.RaftServer$Division (LeaderStateImpl.java:startSetConfiguration(483)) - s0@group-C77254A99B14-LeaderStateImpl: startSetConfiguration SetConfigurationRequest:client-8045BF7C9592->s0@group-C77254A99B14, cid=14, seq=null, RW, null, SET_UNCONDITIONALLY, servers:[s3|0.0.0.0:40731, s4|0.0.0.0:41087, s0|localhost:46347, s1|localhost:33829, s2|localhost:35737], listeners:[]
2023-11-28 06:43:30,427 [s0-server-thread1] INFO  server.RaftServerConfigKeys (ConfUtils.java:logGet(46)) - raft.server.log.appender.snapshot.chunk.size.max = 16MB (=16777216) (default)
2023-11-28 06:43:30,427 [s0-server-thread1] INFO  server.RaftServerConfigKeys (ConfUtils.java:logGet(46)) - raft.server.log.appender.buffer.byte-limit = 4MB (=4194304) (default)
2023-11-28 06:43:30,427 [s0-server-thread1] INFO  server.RaftServerConfigKeys (ConfUtils.java:logGet(46)) - raft.server.log.appender.buffer.element-limit = 0 (default)
2023-11-28 06:43:30,427 [s0-server-thread1] INFO  server.RaftServerConfigKeys (ConfUtils.java:logGet(46)) - raft.server.log.appender.wait-time.min = 1ms (default)
2023-11-28 06:43:30,427 [s0-server-thread1] INFO  grpc.GrpcConfigKeys (ConfUtils.java:logGet(46)) - raft.grpc.server.leader.outstanding.appends.max = 8 (default)
2023-11-28 06:43:30,427 [s0-server-thread1] INFO  server.RaftServerConfigKeys (ConfUtils.java:logGet(46)) - raft.server.rpc.request.timeout = 3000ms (default)
2023-11-28 06:43:30,427 [s0-server-thread1] INFO  grpc.GrpcConfigKeys (ConfUtils.java:logGet(46)) - raft.grpc.server.install_snapshot.request.element-limit = 8 (default)
2023-11-28 06:43:30,427 [s0-server-thread1] INFO  grpc.GrpcConfigKeys (ConfUtils.java:logGet(46)) - raft.grpc.server.install_snapshot.request.timeout = 3000ms (default)
2023-11-28 06:43:30,427 [s0-server-thread1] INFO  server.RaftServerConfigKeys (ConfUtils.java:logGet(46)) - raft.server.log.appender.install.snapshot.enabled = true (default)
2023-11-28 06:43:30,427 [s0-server-thread1] INFO  grpc.GrpcConfigKeys (ConfUtils.java:logGet(46)) - raft.grpc.server.heartbeat.channel = true (default)
2023-11-28 06:43:30,428 [s0-server-thread1] INFO  server.RaftServerConfigKeys (ConfUtils.java:logGet(46)) - raft.server.log.appender.snapshot.chunk.size.max = 16MB (=16777216) (default)
2023-11-28 06:43:30,428 [s0-server-thread1] INFO  server.RaftServerConfigKeys (ConfUtils.java:logGet(46)) - raft.server.log.appender.buffer.byte-limit = 4MB (=4194304) (default)
2023-11-28 06:43:30,428 [s0-server-thread1] INFO  server.RaftServerConfigKeys (ConfUtils.java:logGet(46)) - raft.server.log.appender.buffer.element-limit = 0 (default)
2023-11-28 06:43:30,428 [s0-server-thread1] INFO  server.RaftServerConfigKeys (ConfUtils.java:logGet(46)) - raft.server.log.appender.wait-time.min = 1ms (default)
2023-11-28 06:43:30,428 [s0-server-thread1] INFO  grpc.GrpcConfigKeys (ConfUtils.java:logGet(46)) - raft.grpc.server.leader.outstanding.appends.max = 8 (default)
2023-11-28 06:43:30,428 [s0-server-thread1] INFO  server.RaftServerConfigKeys (ConfUtils.java:logGet(46)) - raft.server.rpc.request.timeout = 3000ms (default)
2023-11-28 06:43:30,428 [s0-server-thread1] INFO  grpc.GrpcConfigKeys (ConfUtils.java:logGet(46)) - raft.grpc.server.install_snapshot.request.element-limit = 8 (default)
2023-11-28 06:43:30,428 [s0-server-thread1] INFO  grpc.GrpcConfigKeys (ConfUtils.java:logGet(46)) - raft.grpc.server.install_snapshot.request.timeout = 3000ms (default)
2023-11-28 06:43:30,428 [s0-server-thread1] INFO  server.RaftServerConfigKeys (ConfUtils.java:logGet(46)) - raft.server.log.appender.install.snapshot.enabled = true (default)
2023-11-28 06:43:30,428 [s0-server-thread1] INFO  grpc.GrpcConfigKeys (ConfUtils.java:logGet(46)) - raft.grpc.server.heartbeat.channel = true (default)
2023-11-28 06:43:30,429 [s0@group-C77254A99B14->s4-GrpcLogAppender-LogAppenderDaemon] INFO  leader.FollowerInfo (FollowerInfoImpl.java:setAttemptedToInstallSnapshot(154)) - Follower s0@group-C77254A99B14->s4 acknowledged installing snapshot
2023-11-28 06:43:30,429 [s0@group-C77254A99B14->s3-GrpcLogAppender-LogAppenderDaemon] INFO  leader.FollowerInfo (FollowerInfoImpl.java:setAttemptedToInstallSnapshot(154)) - Follower s0@group-C77254A99B14->s3 acknowledged installing snapshot
2023-11-28 06:43:30,430 [s0@group-C77254A99B14->s3-GrpcLogAppender-LogAppenderDaemon] INFO  server.GrpcServerProtocolClient (GrpcServerProtocolClient.java:<init>(65)) - Build channel for s3
2023-11-28 06:43:30,430 [s0@group-C77254A99B14->s4-GrpcLogAppender-LogAppenderDaemon] INFO  server.GrpcServerProtocolClient (GrpcServerProtocolClient.java:<init>(65)) - Build channel for s4
2023-11-28 06:43:30,435 [s3-server-thread1] INFO  server.RaftServer$Division (ServerState.java:setLeader(265)) - s3@group-C77254A99B14: change Leader from null to s0 at term 1 for appendEntries, leader elected after 252ms
2023-11-28 06:43:30,436 [s4-server-thread1] TRACE util.FileUtils (LogUtils.java:supplyAndLog(69)) - Successfully supplied FileChannel.open /home/runner/work/ratis/ratis/ratis-test/target/test/data/cc86e3b/MiniRaftClusterWithGrpcbe42d27/s4/3d8ff755-ef6a-4c2e-b59e-c77254a99b14/current/raft-meta.tmp with options [CREATE, WRITE]: sun.nio.ch.FileChannelImpl@66b34cc8
2023-11-28 06:43:30,438 [s3-server-thread2] DEBUG server.RaftServer$Division (RaftServerImpl.java:logAppendEntries(1504)) - s3@group-C77254A99B14: receive appendEntries(s0, 1, null, 4, false, commits:[s0:c4, s1:c4, s2:c4, s3:c-1, s4:c-1], cId:1, entries: [(t:1, i:0), CONFIGURATIONENTRY(current:id: "s0"
address: "localhost:46347"
dataStreamAddress: "localhost:40101"
clientAddress: "localhost:45715"
adminAddress: "localhost:36365"
startupRole: FOLLOWER
,id: "s1"
address: "localhost:33829"
dataStreamAddress: "localhost:46145"
clientAddress: "localhost:42881"
adminAddress: "localhost:37215"
startupRole: FOLLOWER
,id: "s2"
address: "localhost:35737"
dataStreamAddress: "localhost:44471"
clientAddress: "localhost:34905"
adminAddress: "localhost:39639"
startupRole: FOLLOWER
, old:), (t:1, i:1), STATEMACHINELOGENTRY, 13@client-AA2355131804, (t:1, i:2), METADATAENTRY(c:1), (t:1, i:3), STATEMACHINELOGENTRY, 999@client-5A13D73C9023, (t:1, i:4), METADATAENTRY(c:3)]
2023-11-28 06:43:30,441 [s4-server-thread1] TRACE util.FileUtils (LogUtils.java:runAndLog(49)) - Successfully ran Atomic Files.move /home/runner/work/ratis/ratis/ratis-test/target/test/data/cc86e3b/MiniRaftClusterWithGrpcbe42d27/s4/3d8ff755-ef6a-4c2e-b59e-c77254a99b14/current/raft-meta.tmp to /home/runner/work/ratis/ratis/ratis-test/target/test/data/cc86e3b/MiniRaftClusterWithGrpcbe42d27/s4/3d8ff755-ef6a-4c2e-b59e-c77254a99b14/current/raft-meta with options [REPLACE_EXISTING]
2023-11-28 06:43:30,441 [s3-server-thread2] INFO  server.RaftServer$Division (ServerState.java:setRaftConf(382)) - s3@group-C77254A99B14: set configuration 0: peers:[s0|localhost:46347, s1|localhost:33829, s2|localhost:35737]|listeners:[], old=null
2023-11-28 06:43:30,441 [s4-server-thread1] INFO  server.RaftServer$Division (RaftServerImpl.java:setFirstElection(564)) - s4@group-C77254A99B14: set firstElectionSinceStartup to false for appendEntries
2023-11-28 06:43:30,441 [s3-server-thread2] INFO  segmented.SegmentedRaftLogWorker (SegmentedRaftLogWorker.java:startLogSegment(430)) - s3@group-C77254A99B14-SegmentedRaftLogWorker: Starting segment from index:0
2023-11-28 06:43:30,441 [s4-server-thread1] INFO  server.RaftServer$Division (ServerState.java:setLeader(265)) - s4@group-C77254A99B14: change Leader from null to s0 at term 1 for appendEntries, leader elected after 256ms
2023-11-28 06:43:30,442 [s3@group-C77254A99B14-SegmentedRaftLogWorker] INFO  segmented.BufferedWriteChannel (BufferedWriteChannel.java:open(62)) - open log_inprogress_0 at position 0
2023-11-28 06:43:30,442 [s4-server-thread2] DEBUG server.RaftServer$Division (RaftServerImpl.java:logAppendEntries(1504)) - s4@group-C77254A99B14: receive appendEntries(s0, 1, null, 4, false, commits:[s0:c4, s1:c4, s2:c4, s3:c-1, s4:c-1], cId:1, entries: [(t:1, i:0), CONFIGURATIONENTRY(current:id: "s0"
address: "localhost:46347"
dataStreamAddress: "localhost:40101"
clientAddress: "localhost:45715"
adminAddress: "localhost:36365"
startupRole: FOLLOWER
,id: "s1"
address: "localhost:33829"
dataStreamAddress: "localhost:46145"
clientAddress: "localhost:42881"
adminAddress: "localhost:37215"
startupRole: FOLLOWER
,id: "s2"
address: "localhost:35737"
dataStreamAddress: "localhost:44471"
clientAddress: "localhost:34905"
adminAddress: "localhost:39639"
startupRole: FOLLOWER
, old:), (t:1, i:1), STATEMACHINELOGENTRY, 13@client-AA2355131804, (t:1, i:2), METADATAENTRY(c:1), (t:1, i:3), STATEMACHINELOGENTRY, 999@client-5A13D73C9023, (t:1, i:4), METADATAENTRY(c:3)]
2023-11-28 06:43:30,445 [s4-server-thread2] INFO  server.RaftServer$Division (ServerState.java:setRaftConf(382)) - s4@group-C77254A99B14: set configuration 0: peers:[s0|localhost:46347, s1|localhost:33829, s2|localhost:35737]|listeners:[], old=null
2023-11-28 06:43:30,445 [s4-server-thread2] INFO  segmented.SegmentedRaftLogWorker (SegmentedRaftLogWorker.java:startLogSegment(430)) - s4@group-C77254A99B14-SegmentedRaftLogWorker: Starting segment from index:0
2023-11-28 06:43:30,446 [s4@group-C77254A99B14-SegmentedRaftLogWorker] INFO  segmented.BufferedWriteChannel (BufferedWriteChannel.java:open(62)) - open log_inprogress_0 at position 0
2023-11-28 06:43:30,448 [s3@group-C77254A99B14-SegmentedRaftLogWorker] INFO  segmented.SegmentedRaftLogWorker (SegmentedRaftLogWorker.java:execute(634)) - s3@group-C77254A99B14-SegmentedRaftLogWorker: created new log segment /home/runner/work/ratis/ratis/ratis-test/target/test/data/cc86e3b/MiniRaftClusterWithGrpcbe42d27/s3/3d8ff755-ef6a-4c2e-b59e-c77254a99b14/current/log_inprogress_0
2023-11-28 06:43:30,450 [s3-server-thread2] DEBUG server.RaftServer$Division (RaftServerImpl.java:logAppendEntries(1504)) - s3@group-C77254A99B14: succeeded to handle AppendEntries. Reply: s0<-s3#1:OK-t1,SUCCESS,nextIndex=5,followerCommit=4,matchIndex=4
2023-11-28 06:43:30,450 [s3@group-C77254A99B14-StateMachineUpdater] TRACE util.FileUtils (LogUtils.java:supplyAndLog(69)) - Successfully supplied FileChannel.open /home/runner/work/ratis/ratis/ratis-test/target/test/data/cc86e3b/MiniRaftClusterWithGrpcbe42d27/s3/3d8ff755-ef6a-4c2e-b59e-c77254a99b14/current/raft-meta.conf.tmp with options [CREATE, WRITE]: sun.nio.ch.FileChannelImpl@20964fab
2023-11-28 06:43:30,453 [s0@group-C77254A99B14-LeaderStateImpl] INFO  server.RaftServer$Division (ServerState.java:setRaftConf(382)) - s0@group-C77254A99B14: set configuration 5: peers:[s3|0.0.0.0:40731, s4|0.0.0.0:41087, s0|localhost:46347, s1|localhost:33829, s2|localhost:35737]|listeners:[], old=peers:[s0|localhost:46347, s1|localhost:33829, s2|localhost:35737]|listeners:[]
2023-11-28 06:43:30,453 [s3@group-C77254A99B14-StateMachineUpdater] TRACE util.FileUtils (LogUtils.java:runAndLog(49)) - Successfully ran Atomic Files.move /home/runner/work/ratis/ratis/ratis-test/target/test/data/cc86e3b/MiniRaftClusterWithGrpcbe42d27/s3/3d8ff755-ef6a-4c2e-b59e-c77254a99b14/current/raft-meta.conf.tmp to /home/runner/work/ratis/ratis/ratis-test/target/test/data/cc86e3b/MiniRaftClusterWithGrpcbe42d27/s3/3d8ff755-ef6a-4c2e-b59e-c77254a99b14/current/raft-meta.conf with options [REPLACE_EXISTING]
2023-11-28 06:43:30,454 [s3@group-C77254A99B14-StateMachineUpdater] INFO  impl.SimpleStateMachine4Testing (SimpleStateMachine4Testing.java:applyTransaction(248)) - applyTransaction for log index 1
2023-11-28 06:43:30,454 [s3@group-C77254A99B14-StateMachineUpdater] INFO  impl.SimpleStateMachine4Testing (SimpleStateMachine4Testing.java:put(205)) - s3: put 1, first msg ... -> (t:1, i:1), STATEMACHINELOGENTRY, 13@client-AA2355131804
2023-11-28 06:43:30,454 [s3@group-C77254A99B14-StateMachineUpdater] INFO  impl.SimpleStateMachine4Testing (SimpleStateMachine4Testing.java:applyTransaction(248)) - applyTransaction for log index 3
2023-11-28 06:43:30,454 [s3@group-C77254A99B14-StateMachineUpdater] INFO  impl.SimpleStateMachine4Testing (SimpleStateMachine4Testing.java:put(205)) - s3: put 3, message -> (t:1, i:3), STATEMACHINELOGENTRY, 999@client-5A13D73C9023
2023-11-28 06:43:30,455 [s2-server-thread3] DEBUG server.RaftServer$Division (RaftServerImpl.java:logAppendEntries(1504)) - s2@group-C77254A99B14: receive appendEntries(s0, 1, (t:1, i:4), 4, true, commits:[s0:c4, s1:c4, s2:c4, s3:c4, s4:c-1], cId:23, entries: [(t:1, i:5), CONFIGURATIONENTRY(current:id: "s3"
address: "0.0.0.0:40731"
clientAddress: "0.0.0.0:40731"
adminAddress: "0.0.0.0:40731"
startupRole: FOLLOWER
,id: "s4"
address: "0.0.0.0:41087"
clientAddress: "0.0.0.0:41087"
adminAddress: "0.0.0.0:41087"
startupRole: FOLLOWER
,id: "s0"
address: "localhost:46347"
dataStreamAddress: "localhost:40101"
clientAddress: "localhost:45715"
adminAddress: "localhost:36365"
startupRole: FOLLOWER
,id: "s1"
address: "localhost:33829"
dataStreamAddress: "localhost:46145"
clientAddress: "localhost:42881"
adminAddress: "localhost:37215"
startupRole: FOLLOWER
,id: "s2"
address: "localhost:35737"
dataStreamAddress: "localhost:44471"
clientAddress: "localhost:34905"
adminAddress: "localhost:39639"
startupRole: FOLLOWER
, old:id: "s0"
address: "localhost:46347"
dataStreamAddress: "localhost:40101"
clientAddress: "localhost:45715"
adminAddress: "localhost:36365"
startupRole: FOLLOWER
,id: "s1"
address: "localhost:33829"
dataStreamAddress: "localhost:46145"
clientAddress: "localhost:42881"
adminAddress: "localhost:37215"
startupRole: FOLLOWER
,id: "s2"
address: "localhost:35737"
dataStreamAddress: "localhost:44471"
clientAddress: "localhost:34905"
adminAddress: "localhost:39639"
startupRole: FOLLOWER
)]
2023-11-28 06:43:30,455 [s4@group-C77254A99B14-SegmentedRaftLogWorker] INFO  segmented.SegmentedRaftLogWorker (SegmentedRaftLogWorker.java:execute(634)) - s4@group-C77254A99B14-SegmentedRaftLogWorker: created new log segment /home/runner/work/ratis/ratis/ratis-test/target/test/data/cc86e3b/MiniRaftClusterWithGrpcbe42d27/s4/3d8ff755-ef6a-4c2e-b59e-c77254a99b14/current/log_inprogress_0
2023-11-28 06:43:30,456 [s1-server-thread2] DEBUG server.RaftServer$Division (RaftServerImpl.java:logAppendEntries(1504)) - s1@group-C77254A99B14: receive appendEntries(s0, 1, (t:1, i:4), 4, true, commits:[s0:c4, s1:c4, s2:c4, s3:c4, s4:c-1], cId:17, entries: [(t:1, i:5), CONFIGURATIONENTRY(current:id: "s3"
address: "0.0.0.0:40731"
clientAddress: "0.0.0.0:40731"
adminAddress: "0.0.0.0:40731"
startupRole: FOLLOWER
,id: "s4"
address: "0.0.0.0:41087"
clientAddress: "0.0.0.0:41087"
adminAddress: "0.0.0.0:41087"
startupRole: FOLLOWER
,id: "s0"
address: "localhost:46347"
dataStreamAddress: "localhost:40101"
clientAddress: "localhost:45715"
adminAddress: "localhost:36365"
startupRole: FOLLOWER
,id: "s1"
address: "localhost:33829"
dataStreamAddress: "localhost:46145"
clientAddress: "localhost:42881"
adminAddress: "localhost:37215"
startupRole: FOLLOWER
,id: "s2"
address: "localhost:35737"
dataStreamAddress: "localhost:44471"
clientAddress: "localhost:34905"
adminAddress: "localhost:39639"
startupRole: FOLLOWER
, old:id: "s0"
address: "localhost:46347"
dataStreamAddress: "localhost:40101"
clientAddress: "localhost:45715"
adminAddress: "localhost:36365"
startupRole: FOLLOWER
,id: "s1"
address: "localhost:33829"
dataStreamAddress: "localhost:46145"
clientAddress: "localhost:42881"
adminAddress: "localhost:37215"
startupRole: FOLLOWER
,id: "s2"
address: "localhost:35737"
dataStreamAddress: "localhost:44471"
clientAddress: "localhost:34905"
adminAddress: "localhost:39639"
startupRole: FOLLOWER
)]
2023-11-28 06:43:30,456 [s4-server-thread3] DEBUG server.RaftServer$Division (RaftServerImpl.java:logAppendEntries(1504)) - s4@group-C77254A99B14: receive appendEntries(s0, 1, (t:1, i:4), 4, false, commits:[s0:c4, s1:c4, s2:c4, s3:c4, s4:c-1], cId:3, entries: [(t:1, i:5), CONFIGURATIONENTRY(current:id: "s3"
address: "0.0.0.0:40731"
clientAddress: "0.0.0.0:40731"
adminAddress: "0.0.0.0:40731"
startupRole: FOLLOWER
,id: "s4"
address: "0.0.0.0:41087"
clientAddress: "0.0.0.0:41087"
adminAddress: "0.0.0.0:41087"
startupRole: FOLLOWER
,id: "s0"
address: "localhost:46347"
dataStreamAddress: "localhost:40101"
clientAddress: "localhost:45715"
adminAddress: "localhost:36365"
startupRole: FOLLOWER
,id: "s1"
address: "localhost:33829"
dataStreamAddress: "localhost:46145"
clientAddress: "localhost:42881"
adminAddress: "localhost:37215"
startupRole: FOLLOWER
,id: "s2"
address: "localhost:35737"
dataStreamAddress: "localhost:44471"
clientAddress: "localhost:34905"
adminAddress: "localhost:39639"
startupRole: FOLLOWER
, old:id: "s0"
address: "localhost:46347"
dataStreamAddress: "localhost:40101"
clientAddress: "localhost:45715"
adminAddress: "localhost:36365"
startupRole: FOLLOWER
,id: "s1"
address: "localhost:33829"
dataStreamAddress: "localhost:46145"
clientAddress: "localhost:42881"
adminAddress: "localhost:37215"
startupRole: FOLLOWER
,id: "s2"
address: "localhost:35737"
dataStreamAddress: "localhost:44471"
clientAddress: "localhost:34905"
adminAddress: "localhost:39639"
startupRole: FOLLOWER
)]
2023-11-28 06:43:30,456 [s1-server-thread2] INFO  server.RaftServer$Division (ServerState.java:setRaftConf(382)) - s1@group-C77254A99B14: set configuration 5: peers:[s3|0.0.0.0:40731, s4|0.0.0.0:41087, s0|localhost:46347, s1|localhost:33829, s2|localhost:35737]|listeners:[], old=peers:[s0|localhost:46347, s1|localhost:33829, s2|localhost:35737]|listeners:[]
2023-11-28 06:43:30,456 [s4-server-thread3] INFO  server.RaftServer$Division (ServerState.java:setRaftConf(382)) - s4@group-C77254A99B14: set configuration 5: peers:[s3|0.0.0.0:40731, s4|0.0.0.0:41087, s0|localhost:46347, s1|localhost:33829, s2|localhost:35737]|listeners:[], old=peers:[s0|localhost:46347, s1|localhost:33829, s2|localhost:35737]|listeners:[]
2023-11-28 06:43:30,456 [s2-server-thread3] INFO  server.RaftServer$Division (ServerState.java:setRaftConf(382)) - s2@group-C77254A99B14: set configuration 5: peers:[s3|0.0.0.0:40731, s4|0.0.0.0:41087, s0|localhost:46347, s1|localhost:33829, s2|localhost:35737]|listeners:[], old=peers:[s0|localhost:46347, s1|localhost:33829, s2|localhost:35737]|listeners:[]
2023-11-28 06:43:30,456 [s4@group-C77254A99B14-StateMachineUpdater] TRACE util.FileUtils (LogUtils.java:supplyAndLog(69)) - Successfully supplied FileChannel.open /home/runner/work/ratis/ratis/ratis-test/target/test/data/cc86e3b/MiniRaftClusterWithGrpcbe42d27/s4/3d8ff755-ef6a-4c2e-b59e-c77254a99b14/current/raft-meta.conf.tmp with options [CREATE, WRITE]: sun.nio.ch.FileChannelImpl@430e2f3a
2023-11-28 06:43:30,457 [s1-server-thread2] DEBUG server.RaftServer$Division (RaftServerImpl.java:logAppendEntries(1504)) - s1@group-C77254A99B14: succeeded to handle AppendEntries. Reply: s0<-s1#17:OK-t1,SUCCESS,nextIndex=6,followerCommit=4,matchIndex=5
2023-11-28 06:43:30,457 [s3-server-thread2] DEBUG server.RaftServer$Division (RaftServerImpl.java:logAppendEntries(1504)) - s3@group-C77254A99B14: receive appendEntries(s0, 1, (t:1, i:4), 4, true, commits:[s0:c4, s1:c4, s2:c4, s3:c4, s4:c-1], cId:2, entries: [(t:1, i:5), CONFIGURATIONENTRY(current:id: "s3"
address: "0.0.0.0:40731"
clientAddress: "0.0.0.0:40731"
adminAddress: "0.0.0.0:40731"
startupRole: FOLLOWER
,id: "s4"
address: "0.0.0.0:41087"
clientAddress: "0.0.0.0:41087"
adminAddress: "0.0.0.0:41087"
startupRole: FOLLOWER
,id: "s0"
address: "localhost:46347"
dataStreamAddress: "localhost:40101"
clientAddress: "localhost:45715"
adminAddress: "localhost:36365"
startupRole: FOLLOWER
,id: "s1"
address: "localhost:33829"
dataStreamAddress: "localhost:46145"
clientAddress: "localhost:42881"
adminAddress: "localhost:37215"
startupRole: FOLLOWER
,id: "s2"
address: "localhost:35737"
dataStreamAddress: "localhost:44471"
clientAddress: "localhost:34905"
adminAddress: "localhost:39639"
startupRole: FOLLOWER
, old:id: "s0"
address: "localhost:46347"
dataStreamAddress: "localhost:40101"
clientAddress: "localhost:45715"
adminAddress: "localhost:36365"
startupRole: FOLLOWER
,id: "s1"
address: "localhost:33829"
dataStreamAddress: "localhost:46145"
clientAddress: "localhost:42881"
adminAddress: "localhost:37215"
startupRole: FOLLOWER
,id: "s2"
address: "localhost:35737"
dataStreamAddress: "localhost:44471"
clientAddress: "localhost:34905"
adminAddress: "localhost:39639"
startupRole: FOLLOWER
)]
2023-11-28 06:43:30,457 [s3-server-thread2] INFO  server.RaftServer$Division (ServerState.java:setRaftConf(382)) - s3@group-C77254A99B14: set configuration 5: peers:[s3|0.0.0.0:40731, s4|0.0.0.0:41087, s0|localhost:46347, s1|localhost:33829, s2|localhost:35737]|listeners:[], old=peers:[s0|localhost:46347, s1|localhost:33829, s2|localhost:35737]|listeners:[]
2023-11-28 06:43:30,458 [s2-server-thread3] DEBUG server.RaftServer$Division (RaftServerImpl.java:logAppendEntries(1504)) - s2@group-C77254A99B14: succeeded to handle AppendEntries. Reply: s0<-s2#23:OK-t1,SUCCESS,nextIndex=6,followerCommit=4,matchIndex=5
2023-11-28 06:43:30,458 [s4-server-thread3] DEBUG server.RaftServer$Division (RaftServerImpl.java:logAppendEntries(1504)) - s4@group-C77254A99B14: succeeded to handle AppendEntries. Reply: s0<-s4#3:OK-t1,SUCCESS,nextIndex=6,followerCommit=4,matchIndex=5
2023-11-28 06:43:30,459 [s0@group-C77254A99B14-StateMachineUpdater] TRACE util.FileUtils (LogUtils.java:supplyAndLog(69)) - Successfully supplied FileChannel.open /home/runner/work/ratis/ratis/ratis-test/target/test/data/cc86e3b/MiniRaftClusterWithGrpcbe42d27/s0/3d8ff755-ef6a-4c2e-b59e-c77254a99b14/current/raft-meta.conf.tmp with options [CREATE, WRITE]: sun.nio.ch.FileChannelImpl@3aabff44
2023-11-28 06:43:30,459 [s1-server-thread2] DEBUG server.RaftServer$Division (RaftServerImpl.java:logAppendEntries(1504)) - s1@group-C77254A99B14: receive appendEntries(s0, 1, (t:1, i:5), 5, true, commits:[s0:c5, s1:c4, s2:c4, s3:c4, s4:c-1], cId:18, entries: [(t:1, i:6), METADATAENTRY(c:5)]
2023-11-28 06:43:30,459 [s4@group-C77254A99B14-StateMachineUpdater] TRACE util.FileUtils (LogUtils.java:runAndLog(49)) - Successfully ran Atomic Files.move /home/runner/work/ratis/ratis/ratis-test/target/test/data/cc86e3b/MiniRaftClusterWithGrpcbe42d27/s4/3d8ff755-ef6a-4c2e-b59e-c77254a99b14/current/raft-meta.conf.tmp to /home/runner/work/ratis/ratis/ratis-test/target/test/data/cc86e3b/MiniRaftClusterWithGrpcbe42d27/s4/3d8ff755-ef6a-4c2e-b59e-c77254a99b14/current/raft-meta.conf with options [REPLACE_EXISTING]
2023-11-28 06:43:30,459 [s4@group-C77254A99B14-StateMachineUpdater] INFO  impl.SimpleStateMachine4Testing (SimpleStateMachine4Testing.java:applyTransaction(248)) - applyTransaction for log index 1
2023-11-28 06:43:30,460 [s4@group-C77254A99B14-StateMachineUpdater] INFO  impl.SimpleStateMachine4Testing (SimpleStateMachine4Testing.java:put(205)) - s4: put 1, first msg ... -> (t:1, i:1), STATEMACHINELOGENTRY, 13@client-AA2355131804
2023-11-28 06:43:30,460 [s4@group-C77254A99B14-StateMachineUpdater] INFO  impl.SimpleStateMachine4Testing (SimpleStateMachine4Testing.java:applyTransaction(248)) - applyTransaction for log index 3
2023-11-28 06:43:30,460 [s0@group-C77254A99B14-LeaderStateImpl] INFO  server.RaftServer$Division (ServerState.java:setRaftConf(382)) - s0@group-C77254A99B14: set configuration 7: peers:[s3|0.0.0.0:40731, s4|0.0.0.0:41087, s0|localhost:46347, s1|localhost:33829, s2|localhost:35737]|listeners:[], old=null
2023-11-28 06:43:30,460 [s4@group-C77254A99B14-StateMachineUpdater] INFO  impl.SimpleStateMachine4Testing (SimpleStateMachine4Testing.java:put(205)) - s4: put 3, message -> (t:1, i:3), STATEMACHINELOGENTRY, 999@client-5A13D73C9023
2023-11-28 06:43:30,460 [s3-server-thread1] DEBUG server.RaftServer$Division (RaftServerImpl.java:logAppendEntries(1504)) - s3@group-C77254A99B14: succeeded to handle AppendEntries. Reply: s0<-s3#2:OK-t1,SUCCESS,nextIndex=6,followerCommit=4,matchIndex=5
2023-11-28 06:43:30,461 [s2-server-thread3] DEBUG server.RaftServer$Division (RaftServerImpl.java:logAppendEntries(1504)) - s2@group-C77254A99B14: receive appendEntries(s0, 1, (t:1, i:5), 5, true, commits:[s0:c5, s1:c4, s2:c4, s3:c4, s4:c-1], cId:24, entries: [(t:1, i:6), METADATAENTRY(c:5)]
2023-11-28 06:43:30,461 [s3-server-thread2] DEBUG server.RaftServer$Division (RaftServerImpl.java:logAppendEntries(1504)) - s3@group-C77254A99B14: receive appendEntries(s0, 1, (t:1, i:5), 5, true, commits:[s0:c5, s1:c4, s2:c4, s3:c4, s4:c-1], cId:3, entries: [(t:1, i:6), METADATAENTRY(c:5)]
2023-11-28 06:43:30,461 [s2-server-thread3] DEBUG server.RaftServer$Division (RaftServerImpl.java:logAppendEntries(1504)) - s2@group-C77254A99B14: succeeded to handle AppendEntries. Reply: s0<-s2#24:OK-t1,SUCCESS,nextIndex=7,followerCommit=5,matchIndex=6
2023-11-28 06:43:30,461 [s1-server-thread2] DEBUG server.RaftServer$Division (RaftServerImpl.java:logAppendEntries(1504)) - s1@group-C77254A99B14: succeeded to handle AppendEntries. Reply: s0<-s1#18:OK-t1,SUCCESS,nextIndex=7,followerCommit=5,matchIndex=6
2023-11-28 06:43:30,461 [s1@group-C77254A99B14-StateMachineUpdater] TRACE util.FileUtils (LogUtils.java:supplyAndLog(69)) - Successfully supplied FileChannel.open /home/runner/work/ratis/ratis/ratis-test/target/test/data/cc86e3b/MiniRaftClusterWithGrpcbe42d27/s1/3d8ff755-ef6a-4c2e-b59e-c77254a99b14/current/raft-meta.conf.tmp with options [CREATE, WRITE]: sun.nio.ch.FileChannelImpl@2cf236ba
2023-11-28 06:43:30,462 [s2@group-C77254A99B14-StateMachineUpdater] TRACE util.FileUtils (LogUtils.java:supplyAndLog(69)) - Successfully supplied FileChannel.open /home/runner/work/ratis/ratis/ratis-test/target/test/data/cc86e3b/MiniRaftClusterWithGrpcbe42d27/s2/3d8ff755-ef6a-4c2e-b59e-c77254a99b14/current/raft-meta.conf.tmp with options [CREATE, WRITE]: sun.nio.ch.FileChannelImpl@58c1c0f0
2023-11-28 06:43:30,462 [s3-server-thread2] DEBUG server.RaftServer$Division (RaftServerImpl.java:logAppendEntries(1504)) - s3@group-C77254A99B14: succeeded to handle AppendEntries. Reply: s0<-s3#3:OK-t1,SUCCESS,nextIndex=7,followerCommit=5,matchIndex=6
2023-11-28 06:43:30,463 [s4-server-thread2] DEBUG server.RaftServer$Division (RaftServerImpl.java:logAppendEntries(1504)) - s4@group-C77254A99B14: succeeded to handle AppendEntries. Reply: s0<-s4#1:OK-t1,SUCCESS,nextIndex=5,followerCommit=4,matchIndex=4
2023-11-28 06:43:30,463 [s3@group-C77254A99B14-StateMachineUpdater] TRACE util.FileUtils (LogUtils.java:supplyAndLog(69)) - Successfully supplied FileChannel.open /home/runner/work/ratis/ratis/ratis-test/target/test/data/cc86e3b/MiniRaftClusterWithGrpcbe42d27/s3/3d8ff755-ef6a-4c2e-b59e-c77254a99b14/current/raft-meta.conf.tmp with options [CREATE, WRITE]: sun.nio.ch.FileChannelImpl@2e51b5c9
2023-11-28 06:43:30,464 [s1@group-C77254A99B14-StateMachineUpdater] TRACE util.FileUtils (LogUtils.java:runAndLog(49)) - Successfully ran Atomic Files.move /home/runner/work/ratis/ratis/ratis-test/target/test/data/cc86e3b/MiniRaftClusterWithGrpcbe42d27/s1/3d8ff755-ef6a-4c2e-b59e-c77254a99b14/current/raft-meta.conf.tmp to /home/runner/work/ratis/ratis/ratis-test/target/test/data/cc86e3b/MiniRaftClusterWithGrpcbe42d27/s1/3d8ff755-ef6a-4c2e-b59e-c77254a99b14/current/raft-meta.conf with options [REPLACE_EXISTING]
2023-11-28 06:43:30,466 [s3-server-thread2] DEBUG server.RaftServer$Division (RaftServerImpl.java:logAppendEntries(1504)) - s3@group-C77254A99B14: receive appendEntries(s0, 1, (t:1, i:6), 5, true, commits:[s0:c5, s1:c4, s2:c4, s3:c4, s4:c-1], cId:4, entries: [(t:1, i:7), CONFIGURATIONENTRY(current:id: "s3"
address: "0.0.0.0:40731"
clientAddress: "0.0.0.0:40731"
adminAddress: "0.0.0.0:40731"
startupRole: FOLLOWER
,id: "s4"
address: "0.0.0.0:41087"
clientAddress: "0.0.0.0:41087"
adminAddress: "0.0.0.0:41087"
startupRole: FOLLOWER
,id: "s0"
address: "localhost:46347"
dataStreamAddress: "localhost:40101"
clientAddress: "localhost:45715"
adminAddress: "localhost:36365"
startupRole: FOLLOWER
,id: "s1"
address: "localhost:33829"
dataStreamAddress: "localhost:46145"
clientAddress: "localhost:42881"
adminAddress: "localhost:37215"
startupRole: FOLLOWER
,id: "s2"
address: "localhost:35737"
dataStreamAddress: "localhost:44471"
clientAddress: "localhost:34905"
adminAddress: "localhost:39639"
startupRole: FOLLOWER
, old:)]
2023-11-28 06:43:30,466 [s3-server-thread2] INFO  server.RaftServer$Division (ServerState.java:setRaftConf(382)) - s3@group-C77254A99B14: set configuration 7: peers:[s3|0.0.0.0:40731, s4|0.0.0.0:41087, s0|localhost:46347, s1|localhost:33829, s2|localhost:35737]|listeners:[], old=null
2023-11-28 06:43:30,467 [s1-server-thread2] DEBUG server.RaftServer$Division (RaftServerImpl.java:logAppendEntries(1504)) - s1@group-C77254A99B14: receive appendEntries(s0, 1, (t:1, i:6), 5, true, commits:[s0:c5, s1:c4, s2:c4, s3:c4, s4:c-1], cId:19, entries: [(t:1, i:7), CONFIGURATIONENTRY(current:id: "s3"
address: "0.0.0.0:40731"
clientAddress: "0.0.0.0:40731"
adminAddress: "0.0.0.0:40731"
startupRole: FOLLOWER
,id: "s4"
address: "0.0.0.0:41087"
clientAddress: "0.0.0.0:41087"
adminAddress: "0.0.0.0:41087"
startupRole: FOLLOWER
,id: "s0"
address: "localhost:46347"
dataStreamAddress: "localhost:40101"
clientAddress: "localhost:45715"
adminAddress: "localhost:36365"
startupRole: FOLLOWER
,id: "s1"
address: "localhost:33829"
dataStreamAddress: "localhost:46145"
clientAddress: "localhost:42881"
adminAddress: "localhost:37215"
startupRole: FOLLOWER
,id: "s2"
address: "localhost:35737"
dataStreamAddress: "localhost:44471"
clientAddress: "localhost:34905"
adminAddress: "localhost:39639"
startupRole: FOLLOWER
, old:)]
2023-11-28 06:43:30,467 [s1-server-thread2] INFO  server.RaftServer$Division (ServerState.java:setRaftConf(382)) - s1@group-C77254A99B14: set configuration 7: peers:[s3|0.0.0.0:40731, s4|0.0.0.0:41087, s0|localhost:46347, s1|localhost:33829, s2|localhost:35737]|listeners:[], old=null
2023-11-28 06:43:30,467 [s2-server-thread3] DEBUG server.RaftServer$Division (RaftServerImpl.java:logAppendEntries(1504)) - s2@group-C77254A99B14: receive appendEntries(s0, 1, (t:1, i:6), 5, true, commits:[s0:c5, s1:c4, s2:c4, s3:c4, s4:c-1], cId:25, entries: [(t:1, i:7), CONFIGURATIONENTRY(current:id: "s3"
address: "0.0.0.0:40731"
clientAddress: "0.0.0.0:40731"
adminAddress: "0.0.0.0:40731"
startupRole: FOLLOWER
,id: "s4"
address: "0.0.0.0:41087"
clientAddress: "0.0.0.0:41087"
adminAddress: "0.0.0.0:41087"
startupRole: FOLLOWER
,id: "s0"
address: "localhost:46347"
dataStreamAddress: "localhost:40101"
clientAddress: "localhost:45715"
adminAddress: "localhost:36365"
startupRole: FOLLOWER
,id: "s1"
address: "localhost:33829"
dataStreamAddress: "localhost:46145"
clientAddress: "localhost:42881"
adminAddress: "localhost:37215"
startupRole: FOLLOWER
,id: "s2"
address: "localhost:35737"
dataStreamAddress: "localhost:44471"
clientAddress: "localhost:34905"
adminAddress: "localhost:39639"
startupRole: FOLLOWER
, old:)]
2023-11-28 06:43:30,467 [s3-server-thread2] DEBUG server.RaftServer$Division (RaftServerImpl.java:logAppendEntries(1504)) - s3@group-C77254A99B14: succeeded to handle AppendEntries. Reply: s0<-s3#4:OK-t1,SUCCESS,nextIndex=8,followerCommit=5,matchIndex=7
2023-11-28 06:43:30,467 [s2-server-thread3] INFO  server.RaftServer$Division (ServerState.java:setRaftConf(382)) - s2@group-C77254A99B14: set configuration 7: peers:[s3|0.0.0.0:40731, s4|0.0.0.0:41087, s0|localhost:46347, s1|localhost:33829, s2|localhost:35737]|listeners:[], old=null
2023-11-28 06:43:30,468 [s0@group-C77254A99B14-StateMachineUpdater] TRACE util.FileUtils (LogUtils.java:runAndLog(49)) - Successfully ran Atomic Files.move /home/runner/work/ratis/ratis/ratis-test/target/test/data/cc86e3b/MiniRaftClusterWithGrpcbe42d27/s0/3d8ff755-ef6a-4c2e-b59e-c77254a99b14/current/raft-meta.conf.tmp to /home/runner/work/ratis/ratis/ratis-test/target/test/data/cc86e3b/MiniRaftClusterWithGrpcbe42d27/s0/3d8ff755-ef6a-4c2e-b59e-c77254a99b14/current/raft-meta.conf with options [REPLACE_EXISTING]
2023-11-28 06:43:30,468 [s3@group-C77254A99B14-StateMachineUpdater] TRACE util.FileUtils (LogUtils.java:runAndLog(49)) - Successfully ran Atomic Files.move /home/runner/work/ratis/ratis/ratis-test/target/test/data/cc86e3b/MiniRaftClusterWithGrpcbe42d27/s3/3d8ff755-ef6a-4c2e-b59e-c77254a99b14/current/raft-meta.conf.tmp to /home/runner/work/ratis/ratis/ratis-test/target/test/data/cc86e3b/MiniRaftClusterWithGrpcbe42d27/s3/3d8ff755-ef6a-4c2e-b59e-c77254a99b14/current/raft-meta.conf with options [REPLACE_EXISTING]
2023-11-28 06:43:30,468 [s2-server-thread3] DEBUG server.RaftServer$Division (RaftServerImpl.java:logAppendEntries(1504)) - s2@group-C77254A99B14: succeeded to handle AppendEntries. Reply: s0<-s2#25:OK-t1,SUCCESS,nextIndex=8,followerCommit=5,matchIndex=7
2023-11-28 06:43:30,468 [s1-server-thread2] DEBUG server.RaftServer$Division (RaftServerImpl.java:logAppendEntries(1504)) - s1@group-C77254A99B14: succeeded to handle AppendEntries. Reply: s0<-s1#19:OK-t1,SUCCESS,nextIndex=8,followerCommit=5,matchIndex=7
2023-11-28 06:43:30,469 [s2@group-C77254A99B14-StateMachineUpdater] TRACE util.FileUtils (LogUtils.java:runAndLog(49)) - Successfully ran Atomic Files.move /home/runner/work/ratis/ratis/ratis-test/target/test/data/cc86e3b/MiniRaftClusterWithGrpcbe42d27/s2/3d8ff755-ef6a-4c2e-b59e-c77254a99b14/current/raft-meta.conf.tmp to /home/runner/work/ratis/ratis/ratis-test/target/test/data/cc86e3b/MiniRaftClusterWithGrpcbe42d27/s2/3d8ff755-ef6a-4c2e-b59e-c77254a99b14/current/raft-meta.conf with options [REPLACE_EXISTING]
2023-11-28 06:43:30,470 [s0@group-C77254A99B14-StateMachineUpdater] TRACE util.FileUtils (LogUtils.java:supplyAndLog(69)) - Successfully supplied FileChannel.open /home/runner/work/ratis/ratis/ratis-test/target/test/data/cc86e3b/MiniRaftClusterWithGrpcbe42d27/s0/3d8ff755-ef6a-4c2e-b59e-c77254a99b14/current/raft-meta.conf.tmp with options [CREATE, WRITE]: sun.nio.ch.FileChannelImpl@7fa96675
2023-11-28 06:43:30,470 [s4-server-thread2] DEBUG server.RaftServer$Division (RaftServerImpl.java:logAppendEntries(1504)) - s4@group-C77254A99B14: receive appendEntries(s0, 1, (t:1, i:5), 5, true, commits:[s0:c5, s1:c4, s2:c4, s3:c4, s4:c-1], cId:4, entries: [(t:1, i:6), METADATAENTRY(c:5), (t:1, i:7), CONFIGURATIONENTRY(current:id: "s3"
address: "0.0.0.0:40731"
clientAddress: "0.0.0.0:40731"
adminAddress: "0.0.0.0:40731"
startupRole: FOLLOWER
,id: "s4"
address: "0.0.0.0:41087"
clientAddress: "0.0.0.0:41087"
adminAddress: "0.0.0.0:41087"
startupRole: FOLLOWER
,id: "s0"
address: "localhost:46347"
dataStreamAddress: "localhost:40101"
clientAddress: "localhost:45715"
adminAddress: "localhost:36365"
startupRole: FOLLOWER
,id: "s1"
address: "localhost:33829"
dataStreamAddress: "localhost:46145"
clientAddress: "localhost:42881"
adminAddress: "localhost:37215"
startupRole: FOLLOWER
,id: "s2"
address: "localhost:35737"
dataStreamAddress: "localhost:44471"
clientAddress: "localhost:34905"
adminAddress: "localhost:39639"
startupRole: FOLLOWER
, old:)]
2023-11-28 06:43:30,471 [s4-server-thread2] INFO  server.RaftServer$Division (ServerState.java:setRaftConf(382)) - s4@group-C77254A99B14: set configuration 7: peers:[s3|0.0.0.0:40731, s4|0.0.0.0:41087, s0|localhost:46347, s1|localhost:33829, s2|localhost:35737]|listeners:[], old=null
2023-11-28 06:43:30,471 [s4-server-thread3] DEBUG server.RaftServer$Division (RaftServerImpl.java:logAppendEntries(1504)) - s4@group-C77254A99B14: succeeded to handle AppendEntries. Reply: s0<-s4#4:OK-t1,SUCCESS,nextIndex=8,followerCommit=5,matchIndex=7
2023-11-28 06:43:30,471 [s4@group-C77254A99B14-StateMachineUpdater] TRACE util.FileUtils (LogUtils.java:supplyAndLog(69)) - Successfully supplied FileChannel.open /home/runner/work/ratis/ratis/ratis-test/target/test/data/cc86e3b/MiniRaftClusterWithGrpcbe42d27/s4/3d8ff755-ef6a-4c2e-b59e-c77254a99b14/current/raft-meta.conf.tmp with options [CREATE, WRITE]: sun.nio.ch.FileChannelImpl@4dc9d92b
2023-11-28 06:43:30,471 [s1-server-thread2] DEBUG server.RaftServer$Division (RaftServerImpl.java:logAppendEntries(1504)) - s1@group-C77254A99B14: receive appendEntries(s0, 1, (t:1, i:7), 7, true, commits:[s0:c7, s1:c5, s2:c5, s3:c5, s4:c4], cId:20, entries: [(t:1, i:8), METADATAENTRY(c:7)]
2023-11-28 06:43:30,472 [s3-server-thread2] DEBUG server.RaftServer$Division (RaftServerImpl.java:logAppendEntries(1504)) - s3@group-C77254A99B14: receive appendEntries(s0, 1, (t:1, i:7), 7, true, commits:[s0:c7, s1:c5, s2:c5, s3:c5, s4:c4], cId:7, entries: [(t:1, i:8), METADATAENTRY(c:7)]
2023-11-28 06:43:30,472 [s1-server-thread2] DEBUG server.RaftServer$Division (RaftServerImpl.java:logAppendEntries(1504)) - s1@group-C77254A99B14: succeeded to handle AppendEntries. Reply: s0<-s1#20:OK-t1,SUCCESS,nextIndex=9,followerCommit=7,matchIndex=8
2023-11-28 06:43:30,472 [s2-server-thread3] DEBUG server.RaftServer$Division (RaftServerImpl.java:logAppendEntries(1504)) - s2@group-C77254A99B14: receive appendEntries(s0, 1, (t:1, i:7), 7, true, commits:[s0:c7, s1:c5, s2:c5, s3:c5, s4:c4], cId:26, entries: [(t:1, i:8), METADATAENTRY(c:7)]
2023-11-28 06:43:30,472 [s1@group-C77254A99B14-StateMachineUpdater] TRACE util.FileUtils (LogUtils.java:supplyAndLog(69)) - Successfully supplied FileChannel.open /home/runner/work/ratis/ratis/ratis-test/target/test/data/cc86e3b/MiniRaftClusterWithGrpcbe42d27/s1/3d8ff755-ef6a-4c2e-b59e-c77254a99b14/current/raft-meta.conf.tmp with options [CREATE, WRITE]: sun.nio.ch.FileChannelImpl@28cdb7fc
2023-11-28 06:43:30,473 [s4-server-thread1] DEBUG server.RaftServer$Division (RaftServerImpl.java:logAppendEntries(1504)) - s4@group-C77254A99B14: receive appendEntries(s0, 1, (t:1, i:7), 7, true, commits:[s0:c7, s1:c5, s2:c5, s3:c5, s4:c4], cId:5, entries: [(t:1, i:8), METADATAENTRY(c:7)]
2023-11-28 06:43:30,473 [s2-server-thread3] DEBUG server.RaftServer$Division (RaftServerImpl.java:logAppendEntries(1504)) - s2@group-C77254A99B14: succeeded to handle AppendEntries. Reply: s0<-s2#26:OK-t1,SUCCESS,nextIndex=9,followerCommit=7,matchIndex=8
2023-11-28 06:43:30,473 [s4-server-thread1] DEBUG server.RaftServer$Division (RaftServerImpl.java:logAppendEntries(1504)) - s4@group-C77254A99B14: succeeded to handle AppendEntries. Reply: s0<-s4#5:OK-t1,SUCCESS,nextIndex=9,followerCommit=7,matchIndex=8
2023-11-28 06:43:30,473 [s2@group-C77254A99B14-StateMachineUpdater] TRACE util.FileUtils (LogUtils.java:supplyAndLog(69)) - Successfully supplied FileChannel.open /home/runner/work/ratis/ratis/ratis-test/target/test/data/cc86e3b/MiniRaftClusterWithGrpcbe42d27/s2/3d8ff755-ef6a-4c2e-b59e-c77254a99b14/current/raft-meta.conf.tmp with options [CREATE, WRITE]: sun.nio.ch.FileChannelImpl@5cfe5f30
2023-11-28 06:43:30,473 [s3-server-thread2] DEBUG server.RaftServer$Division (RaftServerImpl.java:logAppendEntries(1504)) - s3@group-C77254A99B14: succeeded to handle AppendEntries. Reply: s0<-s3#7:OK-t1,SUCCESS,nextIndex=9,followerCommit=7,matchIndex=8
2023-11-28 06:43:30,475 [s3@group-C77254A99B14-StateMachineUpdater] TRACE util.FileUtils (LogUtils.java:supplyAndLog(69)) - Successfully supplied FileChannel.open /home/runner/work/ratis/ratis/ratis-test/target/test/data/cc86e3b/MiniRaftClusterWithGrpcbe42d27/s3/3d8ff755-ef6a-4c2e-b59e-c77254a99b14/current/raft-meta.conf.tmp with options [CREATE, WRITE]: sun.nio.ch.FileChannelImpl@2a6e24db
2023-11-28 06:43:30,475 [s1@group-C77254A99B14-StateMachineUpdater] TRACE util.FileUtils (LogUtils.java:runAndLog(49)) - Successfully ran Atomic Files.move /home/runner/work/ratis/ratis/ratis-test/target/test/data/cc86e3b/MiniRaftClusterWithGrpcbe42d27/s1/3d8ff755-ef6a-4c2e-b59e-c77254a99b14/current/raft-meta.conf.tmp to /home/runner/work/ratis/ratis/ratis-test/target/test/data/cc86e3b/MiniRaftClusterWithGrpcbe42d27/s1/3d8ff755-ef6a-4c2e-b59e-c77254a99b14/current/raft-meta.conf with options [REPLACE_EXISTING]
2023-11-28 06:43:30,475 [s2@group-C77254A99B14-StateMachineUpdater] TRACE util.FileUtils (LogUtils.java:runAndLog(49)) - Successfully ran Atomic Files.move /home/runner/work/ratis/ratis/ratis-test/target/test/data/cc86e3b/MiniRaftClusterWithGrpcbe42d27/s2/3d8ff755-ef6a-4c2e-b59e-c77254a99b14/current/raft-meta.conf.tmp to /home/runner/work/ratis/ratis/ratis-test/target/test/data/cc86e3b/MiniRaftClusterWithGrpcbe42d27/s2/3d8ff755-ef6a-4c2e-b59e-c77254a99b14/current/raft-meta.conf with options [REPLACE_EXISTING]
2023-11-28 06:43:30,477 [s0@group-C77254A99B14-StateMachineUpdater] TRACE util.FileUtils (LogUtils.java:runAndLog(49)) - Successfully ran Atomic Files.move /home/runner/work/ratis/ratis/ratis-test/target/test/data/cc86e3b/MiniRaftClusterWithGrpcbe42d27/s0/3d8ff755-ef6a-4c2e-b59e-c77254a99b14/current/raft-meta.conf.tmp to /home/runner/work/ratis/ratis/ratis-test/target/test/data/cc86e3b/MiniRaftClusterWithGrpcbe42d27/s0/3d8ff755-ef6a-4c2e-b59e-c77254a99b14/current/raft-meta.conf with options [REPLACE_EXISTING]
2023-11-28 06:43:30,477 [s3@group-C77254A99B14-StateMachineUpdater] TRACE util.FileUtils (LogUtils.java:runAndLog(49)) - Successfully ran Atomic Files.move /home/runner/work/ratis/ratis/ratis-test/target/test/data/cc86e3b/MiniRaftClusterWithGrpcbe42d27/s3/3d8ff755-ef6a-4c2e-b59e-c77254a99b14/current/raft-meta.conf.tmp to /home/runner/work/ratis/ratis/ratis-test/target/test/data/cc86e3b/MiniRaftClusterWithGrpcbe42d27/s3/3d8ff755-ef6a-4c2e-b59e-c77254a99b14/current/raft-meta.conf with options [REPLACE_EXISTING]
2023-11-28 06:43:30,478 [s4@group-C77254A99B14-StateMachineUpdater] TRACE util.FileUtils (LogUtils.java:runAndLog(49)) - Successfully ran Atomic Files.move /home/runner/work/ratis/ratis/ratis-test/target/test/data/cc86e3b/MiniRaftClusterWithGrpcbe42d27/s4/3d8ff755-ef6a-4c2e-b59e-c77254a99b14/current/raft-meta.conf.tmp to /home/runner/work/ratis/ratis/ratis-test/target/test/data/cc86e3b/MiniRaftClusterWithGrpcbe42d27/s4/3d8ff755-ef6a-4c2e-b59e-c77254a99b14/current/raft-meta.conf with options [REPLACE_EXISTING]
2023-11-28 06:43:30,478 [s4@group-C77254A99B14-StateMachineUpdater] TRACE util.FileUtils (LogUtils.java:supplyAndLog(69)) - Successfully supplied FileChannel.open /home/runner/work/ratis/ratis/ratis-test/target/test/data/cc86e3b/MiniRaftClusterWithGrpcbe42d27/s4/3d8ff755-ef6a-4c2e-b59e-c77254a99b14/current/raft-meta.conf.tmp with options [CREATE, WRITE]: sun.nio.ch.FileChannelImpl@49f6444a
2023-11-28 06:43:30,481 [s4@group-C77254A99B14-StateMachineUpdater] TRACE util.FileUtils (LogUtils.java:runAndLog(49)) - Successfully ran Atomic Files.move /home/runner/work/ratis/ratis/ratis-test/target/test/data/cc86e3b/MiniRaftClusterWithGrpcbe42d27/s4/3d8ff755-ef6a-4c2e-b59e-c77254a99b14/current/raft-meta.conf.tmp to /home/runner/work/ratis/ratis/ratis-test/target/test/data/cc86e3b/MiniRaftClusterWithGrpcbe42d27/s4/3d8ff755-ef6a-4c2e-b59e-c77254a99b14/current/raft-meta.conf with options [REPLACE_EXISTING]
2023-11-28 06:43:30,486 [Time-limited test] INFO  impl.MiniRaftCluster (MiniRaftCluster.java:setConfiguration(819)) - Start changing the configuration: [s3|0.0.0.0:40731, s4|0.0.0.0:41087, s2|localhost:35737]
2023-11-28 06:43:30,490 [s3-server-thread2] INFO  server.RaftServer$Division (RaftServerImpl.java:setConfigurationAsync(1264)) - s3@group-C77254A99B14: receive setConfiguration SetConfigurationRequest:client-AAAB28B19680->s3@group-C77254A99B14, cid=15, seq=null, RW, null, SET_UNCONDITIONALLY, servers:[s3|0.0.0.0:40731, s4|0.0.0.0:41087, s2|localhost:35737], listeners:[]
2023-11-28 06:43:30,516 [grpc-default-executor-2] ERROR impl.OrderedAsync (OrderedAsync.java:lambda$sendRequest$9(247)) - client-23DA7E6A7FE2: Failed* RaftClientRequest:client-23DA7E6A7FE2->s2@group-9F468C9C58F9, cid=6, seq=1*, Watch(0), null
java.util.concurrent.CompletionException: java.io.IOException: org.apache.ratis.thirdparty.io.grpc.StatusRuntimeException: UNAVAILABLE: io exception
	at java.base/java.util.concurrent.CompletableFuture.encodeThrowable(CompletableFuture.java:331)
	at java.base/java.util.concurrent.CompletableFuture.completeThrowable(CompletableFuture.java:346)
	at java.base/java.util.concurrent.CompletableFuture$UniApply.tryFire(CompletableFuture.java:632)
	at java.base/java.util.concurrent.CompletableFuture.postComplete(CompletableFuture.java:506)
	at java.base/java.util.concurrent.CompletableFuture.completeExceptionally(CompletableFuture.java:2094)
	at org.apache.ratis.grpc.client.GrpcClientProtocolClient$AsyncStreamObservers.completeReplyExceptionally(GrpcClientProtocolClient.java:394)
	at org.apache.ratis.grpc.client.GrpcClientProtocolClient$AsyncStreamObservers.access$000(GrpcClientProtocolClient.java:300)
	at org.apache.ratis.grpc.client.GrpcClientProtocolClient$AsyncStreamObservers$1.onError(GrpcClientProtocolClient.java:331)
	at org.apache.ratis.thirdparty.io.grpc.stub.ClientCalls$StreamObserverToCallListenerAdapter.onClose(ClientCalls.java:481)
	at org.apache.ratis.thirdparty.io.grpc.PartialForwardingClientCallListener.onClose(PartialForwardingClientCallListener.java:39)
	at org.apache.ratis.thirdparty.io.grpc.ForwardingClientCallListener.onClose(ForwardingClientCallListener.java:23)
	at org.apache.ratis.grpc.metrics.intercept.client.MetricClientCallListener.onClose(MetricClientCallListener.java:47)
	at org.apache.ratis.thirdparty.io.grpc.internal.DelayedClientCall$DelayedListener$3.run(DelayedClientCall.java:489)
	at org.apache.ratis.thirdparty.io.grpc.internal.DelayedClientCall$DelayedListener.delayOrExecute(DelayedClientCall.java:453)
	at org.apache.ratis.thirdparty.io.grpc.internal.DelayedClientCall$DelayedListener.onClose(DelayedClientCall.java:486)
	at org.apache.ratis.thirdparty.io.grpc.internal.ClientCallImpl.closeObserver(ClientCallImpl.java:567)
	at org.apache.ratis.thirdparty.io.grpc.internal.ClientCallImpl.access$300(ClientCallImpl.java:71)
	at org.apache.ratis.thirdparty.io.grpc.internal.ClientCallImpl$ClientStreamListenerImpl$1StreamClosed.runInternal(ClientCallImpl.java:735)
	at org.apache.ratis.thirdparty.io.grpc.internal.ClientCallImpl$ClientStreamListenerImpl$1StreamClosed.runInContext(ClientCallImpl.java:716)
	at org.apache.ratis.thirdparty.io.grpc.internal.ContextRunnable.run(ContextRunnable.java:37)
	at org.apache.ratis.thirdparty.io.grpc.internal.SerializingExecutor.run(SerializingExecutor.java:133)
	at java.base/java.util.concurrent.ThreadPoolExecutor.runWorker(ThreadPoolExecutor.java:1128)
	at java.base/java.util.concurrent.ThreadPoolExecutor$Worker.run(ThreadPoolExecutor.java:628)
	at java.base/java.lang.Thread.run(Thread.java:829)
Caused by: java.io.IOException: org.apache.ratis.thirdparty.io.grpc.StatusRuntimeException: UNAVAILABLE: io exception
	at org.apache.ratis.grpc.GrpcUtil.unwrapException(GrpcUtil.java:99)
	at org.apache.ratis.grpc.GrpcUtil.unwrapIOException(GrpcUtil.java:159)
	at org.apache.ratis.grpc.client.GrpcClientProtocolClient$AsyncStreamObservers$1.onError(GrpcClientProtocolClient.java:330)
	... 16 more
Caused by: org.apache.ratis.thirdparty.io.grpc.StatusRuntimeException: UNAVAILABLE: io exception
	at org.apache.ratis.thirdparty.io.grpc.Status.asRuntimeException(Status.java:537)
	... 16 more
Caused by: org.apache.ratis.thirdparty.io.netty.channel.AbstractChannel$AnnotatedConnectException: finishConnect(..) failed: Connection refused: localhost/127.0.0.1:37249
Caused by: java.net.ConnectException: finishConnect(..) failed: Connection refused
	at org.apache.ratis.thirdparty.io.netty.channel.unix.Errors.newConnectException0(Errors.java:166)
	at org.apache.ratis.thirdparty.io.netty.channel.unix.Errors.handleConnectErrno(Errors.java:131)
	at org.apache.ratis.thirdparty.io.netty.channel.unix.Socket.finishConnect(Socket.java:359)
	at org.apache.ratis.thirdparty.io.netty.channel.epoll.AbstractEpollChannel$AbstractEpollUnsafe.doFinishConnect(AbstractEpollChannel.java:710)
	at org.apache.ratis.thirdparty.io.netty.channel.epoll.AbstractEpollChannel$AbstractEpollUnsafe.finishConnect(AbstractEpollChannel.java:687)
	at org.apache.ratis.thirdparty.io.netty.channel.epoll.AbstractEpollChannel$AbstractEpollUnsafe.epollOutReady(AbstractEpollChannel.java:567)
	at org.apache.ratis.thirdparty.io.netty.channel.epoll.EpollEventLoop.processReady(EpollEventLoop.java:499)
	at org.apache.ratis.thirdparty.io.netty.channel.epoll.EpollEventLoop.run(EpollEventLoop.java:407)
	at org.apache.ratis.thirdparty.io.netty.util.concurrent.SingleThreadEventExecutor$4.run(SingleThreadEventExecutor.java:997)
	at org.apache.ratis.thirdparty.io.netty.util.internal.ThreadExecutorMap$2.run(ThreadExecutorMap.java:74)
	at org.apache.ratis.thirdparty.io.netty.util.concurrent.FastThreadLocalRunnable.run(FastThreadLocalRunnable.java:30)
	at java.base/java.lang.Thread.run(Thread.java:829)
2023-11-28 06:43:30,597 [s0-server-thread1] INFO  server.RaftServer$Division (RaftServerImpl.java:setConfigurationAsync(1264)) - s0@group-C77254A99B14: receive setConfiguration SetConfigurationRequest:client-AAAB28B19680->s0@group-C77254A99B14, cid=15, seq=null, RW, null, SET_UNCONDITIONALLY, servers:[s3|0.0.0.0:40731, s4|0.0.0.0:41087, s2|localhost:35737], listeners:[]
2023-11-28 06:43:30,598 [s0-server-thread1] INFO  server.RaftServer$Division (LeaderStateImpl.java:startSetConfiguration(483)) - s0@group-C77254A99B14-LeaderStateImpl: startSetConfiguration SetConfigurationRequest:client-AAAB28B19680->s0@group-C77254A99B14, cid=15, seq=null, RW, null, SET_UNCONDITIONALLY, servers:[s3|0.0.0.0:40731, s4|0.0.0.0:41087, s2|localhost:35737], listeners:[]
2023-11-28 06:43:30,598 [s0-server-thread1] INFO  server.RaftServer$Division (ServerState.java:setRaftConf(382)) - s0@group-C77254A99B14: set configuration 9: peers:[s3|0.0.0.0:40731, s4|0.0.0.0:41087, s2|localhost:35737]|listeners:[], old=peers:[s3|0.0.0.0:40731, s4|0.0.0.0:41087, s0|localhost:46347, s1|localhost:33829, s2|localhost:35737]|listeners:[]
2023-11-28 06:43:30,600 [s2-server-thread2] DEBUG server.RaftServer$Division (RaftServerImpl.java:logAppendEntries(1504)) - s2@group-C77254A99B14: receive appendEntries(s0, 1, (t:1, i:8), 8, true, commits:[s0:c8, s1:c8, s2:c8, s3:c8, s4:c8], cId:32, entries: [(t:1, i:9), CONFIGURATIONENTRY(current:id: "s3"
address: "0.0.0.0:40731"
clientAddress: "0.0.0.0:40731"
adminAddress: "0.0.0.0:40731"
startupRole: FOLLOWER
,id: "s4"
address: "0.0.0.0:41087"
clientAddress: "0.0.0.0:41087"
adminAddress: "0.0.0.0:41087"
startupRole: FOLLOWER
,id: "s2"
address: "localhost:35737"
dataStreamAddress: "localhost:44471"
clientAddress: "localhost:34905"
adminAddress: "localhost:39639"
startupRole: FOLLOWER
, old:id: "s3"
address: "0.0.0.0:40731"
clientAddress: "0.0.0.0:40731"
adminAddress: "0.0.0.0:40731"
startupRole: FOLLOWER
,id: "s4"
address: "0.0.0.0:41087"
clientAddress: "0.0.0.0:41087"
adminAddress: "0.0.0.0:41087"
startupRole: FOLLOWER
,id: "s0"
address: "localhost:46347"
dataStreamAddress: "localhost:40101"
clientAddress: "localhost:45715"
adminAddress: "localhost:36365"
startupRole: FOLLOWER
,id: "s1"
address: "localhost:33829"
dataStreamAddress: "localhost:46145"
clientAddress: "localhost:42881"
adminAddress: "localhost:37215"
startupRole: FOLLOWER
,id: "s2"
address: "localhost:35737"
dataStreamAddress: "localhost:44471"
clientAddress: "localhost:34905"
adminAddress: "localhost:39639"
startupRole: FOLLOWER
)]
2023-11-28 06:43:30,600 [s4-server-thread2] DEBUG server.RaftServer$Division (RaftServerImpl.java:logAppendEntries(1504)) - s4@group-C77254A99B14: receive appendEntries(s0, 1, (t:1, i:8), 8, true, commits:[s0:c8, s1:c8, s2:c8, s3:c8, s4:c8], cId:11, entries: [(t:1, i:9), CONFIGURATIONENTRY(current:id: "s3"
address: "0.0.0.0:40731"
clientAddress: "0.0.0.0:40731"
adminAddress: "0.0.0.0:40731"
startupRole: FOLLOWER
,id: "s4"
address: "0.0.0.0:41087"
clientAddress: "0.0.0.0:41087"
adminAddress: "0.0.0.0:41087"
startupRole: FOLLOWER
,id: "s2"
address: "localhost:35737"
dataStreamAddress: "localhost:44471"
clientAddress: "localhost:34905"
adminAddress: "localhost:39639"
startupRole: FOLLOWER
, old:id: "s3"
address: "0.0.0.0:40731"
clientAddress: "0.0.0.0:40731"
adminAddress: "0.0.0.0:40731"
startupRole: FOLLOWER
,id: "s4"
address: "0.0.0.0:41087"
clientAddress: "0.0.0.0:41087"
adminAddress: "0.0.0.0:41087"
startupRole: FOLLOWER
,id: "s0"
address: "localhost:46347"
dataStreamAddress: "localhost:40101"
clientAddress: "localhost:45715"
adminAddress: "localhost:36365"
startupRole: FOLLOWER
,id: "s1"
address: "localhost:33829"
dataStreamAddress: "localhost:46145"
clientAddress: "localhost:42881"
adminAddress: "localhost:37215"
startupRole: FOLLOWER
,id: "s2"
address: "localhost:35737"
dataStreamAddress: "localhost:44471"
clientAddress: "localhost:34905"
adminAddress: "localhost:39639"
startupRole: FOLLOWER
)]
2023-11-28 06:43:30,600 [s4-server-thread2] INFO  server.RaftServer$Division (ServerState.java:setRaftConf(382)) - s4@group-C77254A99B14: set configuration 9: peers:[s3|0.0.0.0:40731, s4|0.0.0.0:41087, s2|localhost:35737]|listeners:[], old=peers:[s3|0.0.0.0:40731, s4|0.0.0.0:41087, s0|localhost:46347, s1|localhost:33829, s2|localhost:35737]|listeners:[]
2023-11-28 06:43:30,600 [s2-server-thread2] INFO  server.RaftServer$Division (ServerState.java:setRaftConf(382)) - s2@group-C77254A99B14: set configuration 9: peers:[s3|0.0.0.0:40731, s4|0.0.0.0:41087, s2|localhost:35737]|listeners:[], old=peers:[s3|0.0.0.0:40731, s4|0.0.0.0:41087, s0|localhost:46347, s1|localhost:33829, s2|localhost:35737]|listeners:[]
2023-11-28 06:43:30,601 [s3-server-thread1] DEBUG server.RaftServer$Division (RaftServerImpl.java:logAppendEntries(1504)) - s3@group-C77254A99B14: receive appendEntries(s0, 1, (t:1, i:8), 8, true, commits:[s0:c8, s1:c8, s2:c8, s3:c8, s4:c8], cId:16, entries: [(t:1, i:9), CONFIGURATIONENTRY(current:id: "s3"
address: "0.0.0.0:40731"
clientAddress: "0.0.0.0:40731"
adminAddress: "0.0.0.0:40731"
startupRole: FOLLOWER
,id: "s4"
address: "0.0.0.0:41087"
clientAddress: "0.0.0.0:41087"
adminAddress: "0.0.0.0:41087"
startupRole: FOLLOWER
,id: "s2"
address: "localhost:35737"
dataStreamAddress: "localhost:44471"
clientAddress: "localhost:34905"
adminAddress: "localhost:39639"
startupRole: FOLLOWER
, old:id: "s3"
address: "0.0.0.0:40731"
clientAddress: "0.0.0.0:40731"
adminAddress: "0.0.0.0:40731"
startupRole: FOLLOWER
,id: "s4"
address: "0.0.0.0:41087"
clientAddress: "0.0.0.0:41087"
adminAddress: "0.0.0.0:41087"
startupRole: FOLLOWER
,id: "s0"
address: "localhost:46347"
dataStreamAddress: "localhost:40101"
clientAddress: "localhost:45715"
adminAddress: "localhost:36365"
startupRole: FOLLOWER
,id: "s1"
address: "localhost:33829"
dataStreamAddress: "localhost:46145"
clientAddress: "localhost:42881"
adminAddress: "localhost:37215"
startupRole: FOLLOWER
,id: "s2"
address: "localhost:35737"
dataStreamAddress: "localhost:44471"
clientAddress: "localhost:34905"
adminAddress: "localhost:39639"
startupRole: FOLLOWER
)]
2023-11-28 06:43:30,601 [s3-server-thread1] INFO  server.RaftServer$Division (ServerState.java:setRaftConf(382)) - s3@group-C77254A99B14: set configuration 9: peers:[s3|0.0.0.0:40731, s4|0.0.0.0:41087, s2|localhost:35737]|listeners:[], old=peers:[s3|0.0.0.0:40731, s4|0.0.0.0:41087, s0|localhost:46347, s1|localhost:33829, s2|localhost:35737]|listeners:[]
2023-11-28 06:43:30,601 [s4-server-thread2] DEBUG server.RaftServer$Division (RaftServerImpl.java:logAppendEntries(1504)) - s4@group-C77254A99B14: succeeded to handle AppendEntries. Reply: s0<-s4#11:OK-t1,SUCCESS,nextIndex=10,followerCommit=8,matchIndex=9
2023-11-28 06:43:30,601 [s2-server-thread2] DEBUG server.RaftServer$Division (RaftServerImpl.java:logAppendEntries(1504)) - s2@group-C77254A99B14: succeeded to handle AppendEntries. Reply: s0<-s2#32:OK-t1,SUCCESS,nextIndex=10,followerCommit=8,matchIndex=9
2023-11-28 06:43:30,602 [s1-server-thread1] DEBUG server.RaftServer$Division (RaftServerImpl.java:logAppendEntries(1504)) - s1@group-C77254A99B14: receive appendEntries(s0, 1, (t:1, i:8), 8, true, commits:[s0:c8, s1:c8, s2:c8, s3:c8, s4:c8], cId:27, entries: [(t:1, i:9), CONFIGURATIONENTRY(current:id: "s3"
address: "0.0.0.0:40731"
clientAddress: "0.0.0.0:40731"
adminAddress: "0.0.0.0:40731"
startupRole: FOLLOWER
,id: "s4"
address: "0.0.0.0:41087"
clientAddress: "0.0.0.0:41087"
adminAddress: "0.0.0.0:41087"
startupRole: FOLLOWER
,id: "s2"
address: "localhost:35737"
dataStreamAddress: "localhost:44471"
clientAddress: "localhost:34905"
adminAddress: "localhost:39639"
startupRole: FOLLOWER
, old:id: "s3"
address: "0.0.0.0:40731"
clientAddress: "0.0.0.0:40731"
adminAddress: "0.0.0.0:40731"
startupRole: FOLLOWER
,id: "s4"
address: "0.0.0.0:41087"
clientAddress: "0.0.0.0:41087"
adminAddress: "0.0.0.0:41087"
startupRole: FOLLOWER
,id: "s0"
address: "localhost:46347"
dataStreamAddress: "localhost:40101"
clientAddress: "localhost:45715"
adminAddress: "localhost:36365"
startupRole: FOLLOWER
,id: "s1"
address: "localhost:33829"
dataStreamAddress: "localhost:46145"
clientAddress: "localhost:42881"
adminAddress: "localhost:37215"
startupRole: FOLLOWER
,id: "s2"
address: "localhost:35737"
dataStreamAddress: "localhost:44471"
clientAddress: "localhost:34905"
adminAddress: "localhost:39639"
startupRole: FOLLOWER
)]
2023-11-28 06:43:30,602 [s1-server-thread1] INFO  server.RaftServer$Division (ServerState.java:setRaftConf(382)) - s1@group-C77254A99B14: set configuration 9: peers:[s3|0.0.0.0:40731, s4|0.0.0.0:41087, s2|localhost:35737]|listeners:[], old=peers:[s3|0.0.0.0:40731, s4|0.0.0.0:41087, s0|localhost:46347, s1|localhost:33829, s2|localhost:35737]|listeners:[]
2023-11-28 06:43:30,603 [s3-server-thread1] DEBUG server.RaftServer$Division (RaftServerImpl.java:logAppendEntries(1504)) - s3@group-C77254A99B14: succeeded to handle AppendEntries. Reply: s0<-s3#16:OK-t1,SUCCESS,nextIndex=10,followerCommit=8,matchIndex=9
2023-11-28 06:43:30,603 [s1-server-thread1] DEBUG server.RaftServer$Division (RaftServerImpl.java:logAppendEntries(1504)) - s1@group-C77254A99B14: succeeded to handle AppendEntries. Reply: s0<-s1#27:OK-t1,SUCCESS,nextIndex=10,followerCommit=8,matchIndex=9
2023-11-28 06:43:30,604 [s0@group-C77254A99B14-LeaderStateImpl] INFO  server.RaftServer$Division (ServerState.java:setRaftConf(382)) - s0@group-C77254A99B14: set configuration 11: peers:[s3|0.0.0.0:40731, s4|0.0.0.0:41087, s2|localhost:35737]|listeners:[], old=null
2023-11-28 06:43:30,604 [s0@group-C77254A99B14-StateMachineUpdater] TRACE util.FileUtils (LogUtils.java:supplyAndLog(69)) - Successfully supplied FileChannel.open /home/runner/work/ratis/ratis/ratis-test/target/test/data/cc86e3b/MiniRaftClusterWithGrpcbe42d27/s0/3d8ff755-ef6a-4c2e-b59e-c77254a99b14/current/raft-meta.conf.tmp with options [CREATE, WRITE]: sun.nio.ch.FileChannelImpl@53f7bf80
2023-11-28 06:43:30,605 [s0@group-C77254A99B14->s1-GrpcLogAppender-LogAppenderDaemon] WARN  server.GrpcLogAppender (GrpcLogAppender.java:mayWait(212)) - s0@group-C77254A99B14->s1-GrpcLogAppender: Wait interrupted by java.lang.InterruptedException
2023-11-28 06:43:30,608 [grpc-default-executor-2] INFO  server.GrpcServerProtocolService (GrpcServerProtocolService.java:onCompleted(157)) - s1: Completed APPEND_ENTRIES, lastRequest: null
2023-11-28 06:43:30,608 [s2-server-thread2] DEBUG server.RaftServer$Division (RaftServerImpl.java:logAppendEntries(1504)) - s2@group-C77254A99B14: receive appendEntries(s0, 1, (t:1, i:9), 9, true, commits:[s0:c9, s2:c8, s3:c8, s4:c8], cId:33, entries: [(t:1, i:10), METADATAENTRY(c:9), (t:1, i:11), CONFIGURATIONENTRY(current:id: "s3"
address: "0.0.0.0:40731"
clientAddress: "0.0.0.0:40731"
adminAddress: "0.0.0.0:40731"
startupRole: FOLLOWER
,id: "s4"
address: "0.0.0.0:41087"
clientAddress: "0.0.0.0:41087"
adminAddress: "0.0.0.0:41087"
startupRole: FOLLOWER
,id: "s2"
address: "localhost:35737"
dataStreamAddress: "localhost:44471"
clientAddress: "localhost:34905"
adminAddress: "localhost:39639"
startupRole: FOLLOWER
, old:)]
2023-11-28 06:43:30,608 [s2-server-thread2] INFO  server.RaftServer$Division (ServerState.java:setRaftConf(382)) - s2@group-C77254A99B14: set configuration 11: peers:[s3|0.0.0.0:40731, s4|0.0.0.0:41087, s2|localhost:35737]|listeners:[], old=null
2023-11-28 06:43:30,608 [grpc-default-executor-2] INFO  server.GrpcServerProtocolService (GrpcServerProtocolService.java:lambda$onCompleted$5(159)) - s1: Completed APPEND_ENTRIES, lastReply: serverReply {
  requestorId: "s0"
  replyId: "s1"
  raftGroupId {
    id: "=\217\367U\357jL.\265\236\307rT\251\233\024"
  }
  callId: 26
  success: true
}
term: 1
nextIndex: 9
followerCommit: 8
matchIndex: 18446744073709551615
isHearbeat: true

2023-11-28 06:43:30,609 [s4-server-thread2] DEBUG server.RaftServer$Division (RaftServerImpl.java:logAppendEntries(1504)) - s4@group-C77254A99B14: receive appendEntries(s0, 1, (t:1, i:9), 9, true, commits:[s0:c9, s2:c8, s3:c8, s4:c8], cId:12, entries: [(t:1, i:10), METADATAENTRY(c:9), (t:1, i:11), CONFIGURATIONENTRY(current:id: "s3"
address: "0.0.0.0:40731"
clientAddress: "0.0.0.0:40731"
adminAddress: "0.0.0.0:40731"
startupRole: FOLLOWER
,id: "s4"
address: "0.0.0.0:41087"
clientAddress: "0.0.0.0:41087"
adminAddress: "0.0.0.0:41087"
startupRole: FOLLOWER
,id: "s2"
address: "localhost:35737"
dataStreamAddress: "localhost:44471"
clientAddress: "localhost:34905"
adminAddress: "localhost:39639"
startupRole: FOLLOWER
, old:)]
2023-11-28 06:43:30,609 [grpc-default-executor-5] INFO  server.GrpcLogAppender (GrpcLogAppender.java:onCompleted(469)) - s0@group-C77254A99B14->s1-AppendLogResponseHandler: follower responses appendEntries COMPLETED
2023-11-28 06:43:30,610 [grpc-default-executor-5] INFO  leader.LogAppender (LogAppenderBase.java:lambda$getNextIndexForError$0(215)) - Decrease nextIndex to 9
2023-11-28 06:43:30,610 [grpc-default-executor-5] INFO  leader.LogAppender (LogAppenderBase.java:lambda$getNextIndexForError$0(215)) - Decrease nextIndex to 9
2023-11-28 06:43:30,610 [grpc-default-executor-5] INFO  leader.FollowerInfo (FollowerInfoImpl.java:info(70)) - s0@group-C77254A99B14->s1: computeNextIndex nextIndex: updateUnconditionally 11 -> 9
2023-11-28 06:43:30,610 [s1-server-thread1] DEBUG server.RaftServer$Division (RaftServerImpl.java:logAppendEntries(1504)) - s1@group-C77254A99B14: receive appendEntries(s0, 1, (t:1, i:9), 9, true, commits:[s0:c9, s1:c8, s2:c8, s3:c8, s4:c8], cId:28, entries: [(t:1, i:10), METADATAENTRY(c:9)]
2023-11-28 06:43:30,610 [s2-server-thread2] DEBUG server.RaftServer$Division (RaftServerImpl.java:logAppendEntries(1504)) - s2@group-C77254A99B14: succeeded to handle AppendEntries. Reply: s0<-s2#33:OK-t1,SUCCESS,nextIndex=12,followerCommit=9,matchIndex=11
2023-11-28 06:43:30,610 [s2@group-C77254A99B14-StateMachineUpdater] TRACE util.FileUtils (LogUtils.java:supplyAndLog(69)) - Successfully supplied FileChannel.open /home/runner/work/ratis/ratis/ratis-test/target/test/data/cc86e3b/MiniRaftClusterWithGrpcbe42d27/s2/3d8ff755-ef6a-4c2e-b59e-c77254a99b14/current/raft-meta.conf.tmp with options [CREATE, WRITE]: sun.nio.ch.FileChannelImpl@19fccacb
2023-11-28 06:43:30,610 [grpc-default-executor-3] INFO  server.GrpcServerProtocolService (GrpcServerProtocolService.java:onCompleted(157)) - s1: Completed APPEND_ENTRIES, lastRequest: s0->s1#28-t1,previous=(t:1, i:9),leaderCommit=9,initializing? true,entries: size=1, first=(t:1, i:10), METADATAENTRY(c:9)
2023-11-28 06:43:30,611 [s1-server-thread1] DEBUG server.RaftServer$Division (RaftServerImpl.java:logAppendEntries(1504)) - s1@group-C77254A99B14: succeeded to handle AppendEntries. Reply: s0<-s1#28:OK-t1,SUCCESS,nextIndex=11,followerCommit=9,matchIndex=10
2023-11-28 06:43:30,611 [s1-server-thread1] INFO  server.GrpcServerProtocolService (GrpcServerProtocolService.java:lambda$onCompleted$5(159)) - s1: Completed APPEND_ENTRIES, lastReply: null
2023-11-28 06:43:30,611 [s1@group-C77254A99B14-StateMachineUpdater] TRACE util.FileUtils (LogUtils.java:supplyAndLog(69)) - Successfully supplied FileChannel.open /home/runner/work/ratis/ratis/ratis-test/target/test/data/cc86e3b/MiniRaftClusterWithGrpcbe42d27/s1/3d8ff755-ef6a-4c2e-b59e-c77254a99b14/current/raft-meta.conf.tmp with options [CREATE, WRITE]: sun.nio.ch.FileChannelImpl@6dcf3c81
2023-11-28 06:43:30,611 [s4-server-thread2] INFO  server.RaftServer$Division (ServerState.java:setRaftConf(382)) - s4@group-C77254A99B14: set configuration 11: peers:[s3|0.0.0.0:40731, s4|0.0.0.0:41087, s2|localhost:35737]|listeners:[], old=null
2023-11-28 06:43:30,611 [s3-server-thread1] DEBUG server.RaftServer$Division (RaftServerImpl.java:logAppendEntries(1504)) - s3@group-C77254A99B14: receive appendEntries(s0, 1, (t:1, i:9), 9, true, commits:[s0:c9, s2:c8, s3:c8, s4:c8], cId:17, entries: [(t:1, i:10), METADATAENTRY(c:9), (t:1, i:11), CONFIGURATIONENTRY(current:id: "s3"
address: "0.0.0.0:40731"
clientAddress: "0.0.0.0:40731"
adminAddress: "0.0.0.0:40731"
startupRole: FOLLOWER
,id: "s4"
address: "0.0.0.0:41087"
clientAddress: "0.0.0.0:41087"
adminAddress: "0.0.0.0:41087"
startupRole: FOLLOWER
,id: "s2"
address: "localhost:35737"
dataStreamAddress: "localhost:44471"
clientAddress: "localhost:34905"
adminAddress: "localhost:39639"
startupRole: FOLLOWER
, old:)]
2023-11-28 06:43:30,611 [s3-server-thread1] INFO  server.RaftServer$Division (ServerState.java:setRaftConf(382)) - s3@group-C77254A99B14: set configuration 11: peers:[s3|0.0.0.0:40731, s4|0.0.0.0:41087, s2|localhost:35737]|listeners:[], old=null
2023-11-28 06:43:30,611 [s0@group-C77254A99B14-StateMachineUpdater] TRACE util.FileUtils (LogUtils.java:runAndLog(49)) - Successfully ran Atomic Files.move /home/runner/work/ratis/ratis/ratis-test/target/test/data/cc86e3b/MiniRaftClusterWithGrpcbe42d27/s0/3d8ff755-ef6a-4c2e-b59e-c77254a99b14/current/raft-meta.conf.tmp to /home/runner/work/ratis/ratis/ratis-test/target/test/data/cc86e3b/MiniRaftClusterWithGrpcbe42d27/s0/3d8ff755-ef6a-4c2e-b59e-c77254a99b14/current/raft-meta.conf with options [REPLACE_EXISTING]
2023-11-28 06:43:30,612 [s4-server-thread2] DEBUG server.RaftServer$Division (RaftServerImpl.java:logAppendEntries(1504)) - s4@group-C77254A99B14: succeeded to handle AppendEntries. Reply: s0<-s4#12:OK-t1,SUCCESS,nextIndex=12,followerCommit=9,matchIndex=11
2023-11-28 06:43:30,612 [s4@group-C77254A99B14-StateMachineUpdater] TRACE util.FileUtils (LogUtils.java:supplyAndLog(69)) - Successfully supplied FileChannel.open /home/runner/work/ratis/ratis/ratis-test/target/test/data/cc86e3b/MiniRaftClusterWithGrpcbe42d27/s4/3d8ff755-ef6a-4c2e-b59e-c77254a99b14/current/raft-meta.conf.tmp with options [CREATE, WRITE]: sun.nio.ch.FileChannelImpl@cf4d310
2023-11-28 06:43:30,613 [s3-server-thread1] DEBUG server.RaftServer$Division (RaftServerImpl.java:logAppendEntries(1504)) - s3@group-C77254A99B14: succeeded to handle AppendEntries. Reply: s0<-s3#17:OK-t1,SUCCESS,nextIndex=12,followerCommit=9,matchIndex=11
2023-11-28 06:43:30,613 [s3@group-C77254A99B14-StateMachineUpdater] TRACE util.FileUtils (LogUtils.java:supplyAndLog(69)) - Successfully supplied FileChannel.open /home/runner/work/ratis/ratis/ratis-test/target/test/data/cc86e3b/MiniRaftClusterWithGrpcbe42d27/s3/3d8ff755-ef6a-4c2e-b59e-c77254a99b14/current/raft-meta.conf.tmp with options [CREATE, WRITE]: sun.nio.ch.FileChannelImpl@6f6cbff2
2023-11-28 06:43:30,613 [grpc-default-executor-3] INFO  server.GrpcLogAppender (GrpcLogAppender.java:onCompleted(469)) - s0@group-C77254A99B14->s1-AppendLogResponseHandler: follower responses appendEntries COMPLETED
2023-11-28 06:43:30,614 [s0@group-C77254A99B14-LeaderStateImpl] INFO  server.RaftServer$Division (LeaderStateImpl.java:checkAndUpdateConfiguration(968)) - s0@group-C77254A99B14-LeaderStateImpl is not included in the new configuration 11: peers:[s3|0.0.0.0:40731, s4|0.0.0.0:41087, s2|localhost:35737]|listeners:[], old=null. Will shutdown server...
2023-11-28 06:43:30,614 [s2@group-C77254A99B14-StateMachineUpdater] TRACE util.FileUtils (LogUtils.java:runAndLog(49)) - Successfully ran Atomic Files.move /home/runner/work/ratis/ratis/ratis-test/target/test/data/cc86e3b/MiniRaftClusterWithGrpcbe42d27/s2/3d8ff755-ef6a-4c2e-b59e-c77254a99b14/current/raft-meta.conf.tmp to /home/runner/work/ratis/ratis/ratis-test/target/test/data/cc86e3b/MiniRaftClusterWithGrpcbe42d27/s2/3d8ff755-ef6a-4c2e-b59e-c77254a99b14/current/raft-meta.conf with options [REPLACE_EXISTING]
2023-11-28 06:43:30,615 [s2-server-thread2] DEBUG server.RaftServer$Division (RaftServerImpl.java:logAppendEntries(1504)) - s2@group-C77254A99B14: receive appendEntries(s0, 1, (t:1, i:11), 11, true, commits:[s0:c11, s2:c9, s3:c8, s4:c9], cId:34, entries: [(t:1, i:12), METADATAENTRY(c:11)]
2023-11-28 06:43:30,615 [s4-server-thread2] DEBUG server.RaftServer$Division (RaftServerImpl.java:logAppendEntries(1504)) - s4@group-C77254A99B14: receive appendEntries(s0, 1, (t:1, i:11), 11, true, commits:[s0:c11, s2:c9, s3:c8, s4:c9], cId:14, entries: [(t:1, i:12), METADATAENTRY(c:11)]
2023-11-28 06:43:30,616 [s2-server-thread2] DEBUG server.RaftServer$Division (RaftServerImpl.java:logAppendEntries(1504)) - s2@group-C77254A99B14: succeeded to handle AppendEntries. Reply: s0<-s2#34:OK-t1,SUCCESS,nextIndex=13,followerCommit=11,matchIndex=12
2023-11-28 06:43:30,616 [s4-server-thread2] DEBUG server.RaftServer$Division (RaftServerImpl.java:logAppendEntries(1504)) - s4@group-C77254A99B14: succeeded to handle AppendEntries. Reply: s0<-s4#14:OK-t1,SUCCESS,nextIndex=13,followerCommit=11,matchIndex=12
2023-11-28 06:43:30,617 [s2@group-C77254A99B14-StateMachineUpdater] TRACE util.FileUtils (LogUtils.java:supplyAndLog(69)) - Successfully supplied FileChannel.open /home/runner/work/ratis/ratis/ratis-test/target/test/data/cc86e3b/MiniRaftClusterWithGrpcbe42d27/s2/3d8ff755-ef6a-4c2e-b59e-c77254a99b14/current/raft-meta.conf.tmp with options [CREATE, WRITE]: sun.nio.ch.FileChannelImpl@7e3f4980
2023-11-28 06:43:30,617 [s0@group-C77254A99B14-StateMachineUpdater] TRACE util.FileUtils (LogUtils.java:supplyAndLog(69)) - Successfully supplied FileChannel.open /home/runner/work/ratis/ratis/ratis-test/target/test/data/cc86e3b/MiniRaftClusterWithGrpcbe42d27/s0/3d8ff755-ef6a-4c2e-b59e-c77254a99b14/current/raft-meta.conf.tmp with options [CREATE, WRITE]: sun.nio.ch.FileChannelImpl@4e1c5fac
2023-11-28 06:43:30,617 [s3@group-C77254A99B14-StateMachineUpdater] TRACE util.FileUtils (LogUtils.java:runAndLog(49)) - Successfully ran Atomic Files.move /home/runner/work/ratis/ratis/ratis-test/target/test/data/cc86e3b/MiniRaftClusterWithGrpcbe42d27/s3/3d8ff755-ef6a-4c2e-b59e-c77254a99b14/current/raft-meta.conf.tmp to /home/runner/work/ratis/ratis/ratis-test/target/test/data/cc86e3b/MiniRaftClusterWithGrpcbe42d27/s3/3d8ff755-ef6a-4c2e-b59e-c77254a99b14/current/raft-meta.conf with options [REPLACE_EXISTING]
2023-11-28 06:43:30,618 [s3-server-thread1] DEBUG server.RaftServer$Division (RaftServerImpl.java:logAppendEntries(1504)) - s3@group-C77254A99B14: receive appendEntries(s0, 1, (t:1, i:11), 11, true, commits:[s0:c11, s2:c9, s3:c8, s4:c9], cId:21, entries: [(t:1, i:12), METADATAENTRY(c:11)]
2023-11-28 06:43:30,619 [s2@group-C77254A99B14-StateMachineUpdater] TRACE util.FileUtils (LogUtils.java:runAndLog(49)) - Successfully ran Atomic Files.move /home/runner/work/ratis/ratis/ratis-test/target/test/data/cc86e3b/MiniRaftClusterWithGrpcbe42d27/s2/3d8ff755-ef6a-4c2e-b59e-c77254a99b14/current/raft-meta.conf.tmp to /home/runner/work/ratis/ratis/ratis-test/target/test/data/cc86e3b/MiniRaftClusterWithGrpcbe42d27/s2/3d8ff755-ef6a-4c2e-b59e-c77254a99b14/current/raft-meta.conf with options [REPLACE_EXISTING]
2023-11-28 06:43:30,619 [s4@group-C77254A99B14-StateMachineUpdater] TRACE util.FileUtils (LogUtils.java:runAndLog(49)) - Successfully ran Atomic Files.move /home/runner/work/ratis/ratis/ratis-test/target/test/data/cc86e3b/MiniRaftClusterWithGrpcbe42d27/s4/3d8ff755-ef6a-4c2e-b59e-c77254a99b14/current/raft-meta.conf.tmp to /home/runner/work/ratis/ratis/ratis-test/target/test/data/cc86e3b/MiniRaftClusterWithGrpcbe42d27/s4/3d8ff755-ef6a-4c2e-b59e-c77254a99b14/current/raft-meta.conf with options [REPLACE_EXISTING]
2023-11-28 06:43:30,620 [s4@group-C77254A99B14-StateMachineUpdater] TRACE util.FileUtils (LogUtils.java:supplyAndLog(69)) - Successfully supplied FileChannel.open /home/runner/work/ratis/ratis/ratis-test/target/test/data/cc86e3b/MiniRaftClusterWithGrpcbe42d27/s4/3d8ff755-ef6a-4c2e-b59e-c77254a99b14/current/raft-meta.conf.tmp with options [CREATE, WRITE]: sun.nio.ch.FileChannelImpl@3eb14a4b
2023-11-28 06:43:30,621 [s3-server-thread1] DEBUG server.RaftServer$Division (RaftServerImpl.java:logAppendEntries(1504)) - s3@group-C77254A99B14: succeeded to handle AppendEntries. Reply: s0<-s3#21:OK-t1,SUCCESS,nextIndex=13,followerCommit=11,matchIndex=12
2023-11-28 06:43:30,621 [grpc-default-executor-1] ERROR impl.OrderedAsync (OrderedAsync.java:lambda$sendRequest$9(247)) - client-23DA7E6A7FE2: Failed* RaftClientRequest:client-23DA7E6A7FE2->s1@group-9F468C9C58F9, cid=6, seq=1*, Watch(0), null
java.util.concurrent.CompletionException: java.io.IOException: org.apache.ratis.thirdparty.io.grpc.StatusRuntimeException: UNAVAILABLE: io exception
	at java.base/java.util.concurrent.CompletableFuture.encodeThrowable(CompletableFuture.java:331)
	at java.base/java.util.concurrent.CompletableFuture.completeThrowable(CompletableFuture.java:346)
	at java.base/java.util.concurrent.CompletableFuture$UniApply.tryFire(CompletableFuture.java:632)
	at java.base/java.util.concurrent.CompletableFuture.postComplete(CompletableFuture.java:506)
	at java.base/java.util.concurrent.CompletableFuture.completeExceptionally(CompletableFuture.java:2094)
	at org.apache.ratis.grpc.client.GrpcClientProtocolClient$AsyncStreamObservers.completeReplyExceptionally(GrpcClientProtocolClient.java:394)
	at org.apache.ratis.grpc.client.GrpcClientProtocolClient$AsyncStreamObservers.access$000(GrpcClientProtocolClient.java:300)
	at org.apache.ratis.grpc.client.GrpcClientProtocolClient$AsyncStreamObservers$1.onError(GrpcClientProtocolClient.java:331)
	at org.apache.ratis.thirdparty.io.grpc.stub.ClientCalls$StreamObserverToCallListenerAdapter.onClose(ClientCalls.java:481)
	at org.apache.ratis.thirdparty.io.grpc.PartialForwardingClientCallListener.onClose(PartialForwardingClientCallListener.java:39)
	at org.apache.ratis.thirdparty.io.grpc.ForwardingClientCallListener.onClose(ForwardingClientCallListener.java:23)
	at org.apache.ratis.grpc.metrics.intercept.client.MetricClientCallListener.onClose(MetricClientCallListener.java:47)
	at org.apache.ratis.thirdparty.io.grpc.internal.DelayedClientCall$DelayedListener$3.run(DelayedClientCall.java:489)
	at org.apache.ratis.thirdparty.io.grpc.internal.DelayedClientCall$DelayedListener.drainPendingCallbacks(DelayedClientCall.java:528)
	at org.apache.ratis.thirdparty.io.grpc.internal.DelayedClientCall$1DrainListenerRunnable.runInContext(DelayedClientCall.java:317)
	at org.apache.ratis.thirdparty.io.grpc.internal.ContextRunnable.run(ContextRunnable.java:37)
	at java.base/java.util.concurrent.ThreadPoolExecutor.runWorker(ThreadPoolExecutor.java:1128)
	at java.base/java.util.concurrent.ThreadPoolExecutor$Worker.run(ThreadPoolExecutor.java:628)
	at java.base/java.lang.Thread.run(Thread.java:829)
Caused by: java.io.IOException: org.apache.ratis.thirdparty.io.grpc.StatusRuntimeException: UNAVAILABLE: io exception
	at org.apache.ratis.grpc.GrpcUtil.unwrapException(GrpcUtil.java:99)
	at org.apache.ratis.grpc.GrpcUtil.unwrapIOException(GrpcUtil.java:159)
	at org.apache.ratis.grpc.client.GrpcClientProtocolClient$AsyncStreamObservers$1.onError(GrpcClientProtocolClient.java:330)
	... 11 more
Caused by: org.apache.ratis.thirdparty.io.grpc.StatusRuntimeException: UNAVAILABLE: io exception
	at org.apache.ratis.thirdparty.io.grpc.Status.asRuntimeException(Status.java:537)
	... 11 more
Caused by: org.apache.ratis.thirdparty.io.netty.channel.AbstractChannel$AnnotatedConnectException: finishConnect(..) failed: Connection refused: localhost/127.0.0.1:37939
Caused by: java.net.ConnectException: finishConnect(..) failed: Connection refused
	at org.apache.ratis.thirdparty.io.netty.channel.unix.Errors.newConnectException0(Errors.java:166)
	at org.apache.ratis.thirdparty.io.netty.channel.unix.Errors.handleConnectErrno(Errors.java:131)
	at org.apache.ratis.thirdparty.io.netty.channel.unix.Socket.finishConnect(Socket.java:359)
	at org.apache.ratis.thirdparty.io.netty.channel.epoll.AbstractEpollChannel$AbstractEpollUnsafe.doFinishConnect(AbstractEpollChannel.java:710)
	at org.apache.ratis.thirdparty.io.netty.channel.epoll.AbstractEpollChannel$AbstractEpollUnsafe.finishConnect(AbstractEpollChannel.java:687)
	at org.apache.ratis.thirdparty.io.netty.channel.epoll.AbstractEpollChannel$AbstractEpollUnsafe.epollOutReady(AbstractEpollChannel.java:567)
	at org.apache.ratis.thirdparty.io.netty.channel.epoll.EpollEventLoop.processReady(EpollEventLoop.java:499)
	at org.apache.ratis.thirdparty.io.netty.channel.epoll.EpollEventLoop.run(EpollEventLoop.java:407)
	at org.apache.ratis.thirdparty.io.netty.util.concurrent.SingleThreadEventExecutor$4.run(SingleThreadEventExecutor.java:997)
	at org.apache.ratis.thirdparty.io.netty.util.internal.ThreadExecutorMap$2.run(ThreadExecutorMap.java:74)
	at org.apache.ratis.thirdparty.io.netty.util.concurrent.FastThreadLocalRunnable.run(FastThreadLocalRunnable.java:30)
	at java.base/java.lang.Thread.run(Thread.java:829)
2023-11-28 06:43:30,622 [s1@group-C77254A99B14-StateMachineUpdater] TRACE util.FileUtils (LogUtils.java:runAndLog(49)) - Successfully ran Atomic Files.move /home/runner/work/ratis/ratis/ratis-test/target/test/data/cc86e3b/MiniRaftClusterWithGrpcbe42d27/s1/3d8ff755-ef6a-4c2e-b59e-c77254a99b14/current/raft-meta.conf.tmp to /home/runner/work/ratis/ratis/ratis-test/target/test/data/cc86e3b/MiniRaftClusterWithGrpcbe42d27/s1/3d8ff755-ef6a-4c2e-b59e-c77254a99b14/current/raft-meta.conf with options [REPLACE_EXISTING]
2023-11-28 06:43:30,622 [s3@group-C77254A99B14-StateMachineUpdater] TRACE util.FileUtils (LogUtils.java:supplyAndLog(69)) - Successfully supplied FileChannel.open /home/runner/work/ratis/ratis/ratis-test/target/test/data/cc86e3b/MiniRaftClusterWithGrpcbe42d27/s3/3d8ff755-ef6a-4c2e-b59e-c77254a99b14/current/raft-meta.conf.tmp with options [CREATE, WRITE]: sun.nio.ch.FileChannelImpl@7d155ea3
2023-11-28 06:43:30,622 [s4@group-C77254A99B14-StateMachineUpdater] TRACE util.FileUtils (LogUtils.java:runAndLog(49)) - Successfully ran Atomic Files.move /home/runner/work/ratis/ratis/ratis-test/target/test/data/cc86e3b/MiniRaftClusterWithGrpcbe42d27/s4/3d8ff755-ef6a-4c2e-b59e-c77254a99b14/current/raft-meta.conf.tmp to /home/runner/work/ratis/ratis/ratis-test/target/test/data/cc86e3b/MiniRaftClusterWithGrpcbe42d27/s4/3d8ff755-ef6a-4c2e-b59e-c77254a99b14/current/raft-meta.conf with options [REPLACE_EXISTING]
2023-11-28 06:43:30,622 [s0@group-C77254A99B14-StateMachineUpdater] TRACE util.FileUtils (LogUtils.java:runAndLog(49)) - Successfully ran Atomic Files.move /home/runner/work/ratis/ratis/ratis-test/target/test/data/cc86e3b/MiniRaftClusterWithGrpcbe42d27/s0/3d8ff755-ef6a-4c2e-b59e-c77254a99b14/current/raft-meta.conf.tmp to /home/runner/work/ratis/ratis/ratis-test/target/test/data/cc86e3b/MiniRaftClusterWithGrpcbe42d27/s0/3d8ff755-ef6a-4c2e-b59e-c77254a99b14/current/raft-meta.conf with options [REPLACE_EXISTING]
2023-11-28 06:43:30,624 [s3@group-C77254A99B14-StateMachineUpdater] TRACE util.FileUtils (LogUtils.java:runAndLog(49)) - Successfully ran Atomic Files.move /home/runner/work/ratis/ratis/ratis-test/target/test/data/cc86e3b/MiniRaftClusterWithGrpcbe42d27/s3/3d8ff755-ef6a-4c2e-b59e-c77254a99b14/current/raft-meta.conf.tmp to /home/runner/work/ratis/ratis/ratis-test/target/test/data/cc86e3b/MiniRaftClusterWithGrpcbe42d27/s3/3d8ff755-ef6a-4c2e-b59e-c77254a99b14/current/raft-meta.conf with options [REPLACE_EXISTING]
2023-11-28 06:43:30,630 [Time-limited test] INFO  server.RaftServerConfigKeys (ConfUtils.java:logGet(46)) - raft.server.rpc.timeout.max = 300ms (default)
2023-11-28 06:43:30,630 [Time-limited test] INFO  ratis.RaftTestUtil (RaftTestUtil.java:waitForLeader(100)) - printing ALL groups
  s3:  RUNNING  FOLLOWER s3@group-C77254A99B14:t1, leader=s0, voted=null, raftlog=Memoized:s3@group-C77254A99B14-SegmentedRaftLog:OPENED:c11, conf=11: peers:[s3|0.0.0.0:40731, s4|0.0.0.0:41087, s2|localhost:35737]|listeners:[], old=null RUNNING
  s4:  RUNNING  FOLLOWER s4@group-C77254A99B14:t1, leader=s0, voted=null, raftlog=Memoized:s4@group-C77254A99B14-SegmentedRaftLog:OPENED:c11, conf=11: peers:[s3|0.0.0.0:40731, s4|0.0.0.0:41087, s2|localhost:35737]|listeners:[], old=null RUNNING
  s0:  RUNNING    LEADER s0@group-C77254A99B14:t1, leader=s0, voted=s0, raftlog=Memoized:s0@group-C77254A99B14-SegmentedRaftLog:OPENED:c11, conf=11: peers:[s3|0.0.0.0:40731, s4|0.0.0.0:41087, s2|localhost:35737]|listeners:[], old=null RUNNING
  s1:  RUNNING  FOLLOWER s1@group-C77254A99B14:t1, leader=s0, voted=s0, raftlog=Memoized:s1@group-C77254A99B14-SegmentedRaftLog:OPENED:c9, conf=9: peers:[s3|0.0.0.0:40731, s4|0.0.0.0:41087, s2|localhost:35737]|listeners:[], old=peers:[s3|0.0.0.0:40731, s4|0.0.0.0:41087, s0|localhost:46347, s1|localhost:33829, s2|localhost:35737]|listeners:[] RUNNING
  s2:  RUNNING  FOLLOWER s2@group-C77254A99B14:t1, leader=s0, voted=s0, raftlog=Memoized:s2@group-C77254A99B14-SegmentedRaftLog:OPENED:c11, conf=11: peers:[s3|0.0.0.0:40731, s4|0.0.0.0:41087, s2|localhost:35737]|listeners:[], old=null RUNNING
2023-11-28 06:43:30,630 [Time-limited test] INFO  ratis.RaftTestUtil (RaftTestUtil.java:waitForLeader(119)) - printing ALL groups
  s3:  RUNNING  FOLLOWER s3@group-C77254A99B14:t1, leader=s0, voted=null, raftlog=Memoized:s3@group-C77254A99B14-SegmentedRaftLog:OPENED:c11, conf=11: peers:[s3|0.0.0.0:40731, s4|0.0.0.0:41087, s2|localhost:35737]|listeners:[], old=null RUNNING
  s4:  RUNNING  FOLLOWER s4@group-C77254A99B14:t1, leader=s0, voted=null, raftlog=Memoized:s4@group-C77254A99B14-SegmentedRaftLog:OPENED:c11, conf=11: peers:[s3|0.0.0.0:40731, s4|0.0.0.0:41087, s2|localhost:35737]|listeners:[], old=null RUNNING
  s0:  RUNNING    LEADER s0@group-C77254A99B14:t1, leader=s0, voted=s0, raftlog=Memoized:s0@group-C77254A99B14-SegmentedRaftLog:OPENED:c11, conf=11: peers:[s3|0.0.0.0:40731, s4|0.0.0.0:41087, s2|localhost:35737]|listeners:[], old=null RUNNING
  s1:  RUNNING  FOLLOWER s1@group-C77254A99B14:t1, leader=s0, voted=s0, raftlog=Memoized:s1@group-C77254A99B14-SegmentedRaftLog:OPENED:c9, conf=9: peers:[s3|0.0.0.0:40731, s4|0.0.0.0:41087, s2|localhost:35737]|listeners:[], old=peers:[s3|0.0.0.0:40731, s4|0.0.0.0:41087, s0|localhost:46347, s1|localhost:33829, s2|localhost:35737]|listeners:[] RUNNING
  s2:  RUNNING  FOLLOWER s2@group-C77254A99B14:t1, leader=s0, voted=s0, raftlog=Memoized:s2@group-C77254A99B14-SegmentedRaftLog:OPENED:c11, conf=11: peers:[s3|0.0.0.0:40731, s4|0.0.0.0:41087, s2|localhost:35737]|listeners:[], old=null RUNNING
2023-11-28 06:43:30,630 [Time-limited test] WARN  grpc.TestRetryCacheWithGrpc (JavaUtils.java:attempt(223)) - FAILED "wait for a leader different than s0", attempt #1/10: java.lang.AssertionError: Values should be different. Actual: s0, sleep 100ms and then retry.
java.lang.AssertionError: Values should be different. Actual: s0
	at org.junit.Assert.fail(Assert.java:89)
	at org.junit.Assert.failEquals(Assert.java:187)
	at org.junit.Assert.assertNotEquals(Assert.java:163)
	at org.junit.Assert.assertNotEquals(Assert.java:177)
	at org.apache.ratis.RetryCacheTests.lambda$runTestRetryOnNewLeader$1(RetryCacheTests.java:148)
	at org.apache.ratis.util.JavaUtils.attempt(JavaUtils.java:217)
	at org.apache.ratis.util.JavaUtils.attemptRepeatedly(JavaUtils.java:203)
	at org.apache.ratis.RetryCacheTests.runTestRetryOnNewLeader(RetryCacheTests.java:146)
	at org.apache.ratis.server.impl.MiniRaftCluster$Factory$Get.runWithNewCluster(MiniRaftCluster.java:141)
	at org.apache.ratis.server.impl.MiniRaftCluster$Factory$Get.runWithNewCluster(MiniRaftCluster.java:121)
	at org.apache.ratis.RetryCacheTests.testRetryOnNewLeader(RetryCacheTests.java:123)
	at java.base/jdk.internal.reflect.NativeMethodAccessorImpl.invoke0(Native Method)
	at java.base/jdk.internal.reflect.NativeMethodAccessorImpl.invoke(NativeMethodAccessorImpl.java:62)
	at java.base/jdk.internal.reflect.DelegatingMethodAccessorImpl.invoke(DelegatingMethodAccessorImpl.java:43)
	at java.base/java.lang.reflect.Method.invoke(Method.java:566)
	at org.junit.runners.model.FrameworkMethod$1.runReflectiveCall(FrameworkMethod.java:59)
	at org.junit.internal.runners.model.ReflectiveCallable.run(ReflectiveCallable.java:12)
	at org.junit.runners.model.FrameworkMethod.invokeExplosively(FrameworkMethod.java:56)
	at org.junit.internal.runners.statements.InvokeMethod.evaluate(InvokeMethod.java:17)
	at org.junit.internal.runners.statements.RunAfters.evaluate(RunAfters.java:27)
	at org.junit.internal.runners.statements.FailOnTimeout$CallableStatement.call(FailOnTimeout.java:299)
	at org.junit.internal.runners.statements.FailOnTimeout$CallableStatement.call(FailOnTimeout.java:293)
	at java.base/java.util.concurrent.FutureTask.run(FutureTask.java:264)
	at java.base/java.lang.Thread.run(Thread.java:829)
2023-11-28 06:43:30,723 [grpc-default-executor-5] ERROR impl.OrderedAsync (OrderedAsync.java:lambda$sendRequest$9(247)) - client-23DA7E6A7FE2: Failed* RaftClientRequest:client-23DA7E6A7FE2->s0@group-9F468C9C58F9, cid=6, seq=1*, Watch(0), null
java.util.concurrent.CompletionException: java.io.IOException: org.apache.ratis.thirdparty.io.grpc.StatusRuntimeException: UNAVAILABLE: io exception
	at java.base/java.util.concurrent.CompletableFuture.encodeThrowable(CompletableFuture.java:331)
	at java.base/java.util.concurrent.CompletableFuture.completeThrowable(CompletableFuture.java:346)
	at java.base/java.util.concurrent.CompletableFuture$UniApply.tryFire(CompletableFuture.java:632)
	at java.base/java.util.concurrent.CompletableFuture.postComplete(CompletableFuture.java:506)
	at java.base/java.util.concurrent.CompletableFuture.completeExceptionally(CompletableFuture.java:2094)
	at org.apache.ratis.grpc.client.GrpcClientProtocolClient$AsyncStreamObservers.completeReplyExceptionally(GrpcClientProtocolClient.java:394)
	at org.apache.ratis.grpc.client.GrpcClientProtocolClient$AsyncStreamObservers.access$000(GrpcClientProtocolClient.java:300)
	at org.apache.ratis.grpc.client.GrpcClientProtocolClient$AsyncStreamObservers$1.onError(GrpcClientProtocolClient.java:331)
	at org.apache.ratis.thirdparty.io.grpc.stub.ClientCalls$StreamObserverToCallListenerAdapter.onClose(ClientCalls.java:481)
	at org.apache.ratis.thirdparty.io.grpc.PartialForwardingClientCallListener.onClose(PartialForwardingClientCallListener.java:39)
	at org.apache.ratis.thirdparty.io.grpc.ForwardingClientCallListener.onClose(ForwardingClientCallListener.java:23)
	at org.apache.ratis.grpc.metrics.intercept.client.MetricClientCallListener.onClose(MetricClientCallListener.java:47)
	at org.apache.ratis.thirdparty.io.grpc.internal.DelayedClientCall$DelayedListener$3.run(DelayedClientCall.java:489)
	at org.apache.ratis.thirdparty.io.grpc.internal.DelayedClientCall$DelayedListener.delayOrExecute(DelayedClientCall.java:453)
	at org.apache.ratis.thirdparty.io.grpc.internal.DelayedClientCall$DelayedListener.onClose(DelayedClientCall.java:486)
	at org.apache.ratis.thirdparty.io.grpc.internal.ClientCallImpl.closeObserver(ClientCallImpl.java:567)
	at org.apache.ratis.thirdparty.io.grpc.internal.ClientCallImpl.access$300(ClientCallImpl.java:71)
	at org.apache.ratis.thirdparty.io.grpc.internal.ClientCallImpl$ClientStreamListenerImpl$1StreamClosed.runInternal(ClientCallImpl.java:735)
	at org.apache.ratis.thirdparty.io.grpc.internal.ClientCallImpl$ClientStreamListenerImpl$1StreamClosed.runInContext(ClientCallImpl.java:716)
	at org.apache.ratis.thirdparty.io.grpc.internal.ContextRunnable.run(ContextRunnable.java:37)
	at org.apache.ratis.thirdparty.io.grpc.internal.SerializingExecutor.run(SerializingExecutor.java:133)
	at java.base/java.util.concurrent.ThreadPoolExecutor.runWorker(ThreadPoolExecutor.java:1128)
	at java.base/java.util.concurrent.ThreadPoolExecutor$Worker.run(ThreadPoolExecutor.java:628)
	at java.base/java.lang.Thread.run(Thread.java:829)
Caused by: java.io.IOException: org.apache.ratis.thirdparty.io.grpc.StatusRuntimeException: UNAVAILABLE: io exception
	at org.apache.ratis.grpc.GrpcUtil.unwrapException(GrpcUtil.java:99)
	at org.apache.ratis.grpc.GrpcUtil.unwrapIOException(GrpcUtil.java:159)
	at org.apache.ratis.grpc.client.GrpcClientProtocolClient$AsyncStreamObservers$1.onError(GrpcClientProtocolClient.java:330)
	... 16 more
Caused by: org.apache.ratis.thirdparty.io.grpc.StatusRuntimeException: UNAVAILABLE: io exception
	at org.apache.ratis.thirdparty.io.grpc.Status.asRuntimeException(Status.java:537)
	... 16 more
Caused by: org.apache.ratis.thirdparty.io.netty.channel.AbstractChannel$AnnotatedConnectException: finishConnect(..) failed: Connection refused: localhost/127.0.0.1:43007
Caused by: java.net.ConnectException: finishConnect(..) failed: Connection refused
	at org.apache.ratis.thirdparty.io.netty.channel.unix.Errors.newConnectException0(Errors.java:166)
	at org.apache.ratis.thirdparty.io.netty.channel.unix.Errors.handleConnectErrno(Errors.java:131)
	at org.apache.ratis.thirdparty.io.netty.channel.unix.Socket.finishConnect(Socket.java:359)
	at org.apache.ratis.thirdparty.io.netty.channel.epoll.AbstractEpollChannel$AbstractEpollUnsafe.doFinishConnect(AbstractEpollChannel.java:710)
	at org.apache.ratis.thirdparty.io.netty.channel.epoll.AbstractEpollChannel$AbstractEpollUnsafe.finishConnect(AbstractEpollChannel.java:687)
	at org.apache.ratis.thirdparty.io.netty.channel.epoll.AbstractEpollChannel$AbstractEpollUnsafe.epollOutReady(AbstractEpollChannel.java:567)
	at org.apache.ratis.thirdparty.io.netty.channel.epoll.EpollEventLoop.processReady(EpollEventLoop.java:499)
	at org.apache.ratis.thirdparty.io.netty.channel.epoll.EpollEventLoop.run(EpollEventLoop.java:407)
	at org.apache.ratis.thirdparty.io.netty.util.concurrent.SingleThreadEventExecutor$4.run(SingleThreadEventExecutor.java:997)
	at org.apache.ratis.thirdparty.io.netty.util.internal.ThreadExecutorMap$2.run(ThreadExecutorMap.java:74)
	at org.apache.ratis.thirdparty.io.netty.util.concurrent.FastThreadLocalRunnable.run(FastThreadLocalRunnable.java:30)
	at java.base/java.lang.Thread.run(Thread.java:829)
2023-11-28 06:43:30,730 [Time-limited test] INFO  server.RaftServerConfigKeys (ConfUtils.java:logGet(46)) - raft.server.rpc.timeout.max = 300ms (default)
2023-11-28 06:43:30,730 [Time-limited test] INFO  ratis.RaftTestUtil (RaftTestUtil.java:waitForLeader(100)) - printing ALL groups
  s3:  RUNNING  FOLLOWER s3@group-C77254A99B14:t1, leader=s0, voted=null, raftlog=Memoized:s3@group-C77254A99B14-SegmentedRaftLog:OPENED:c11, conf=11: peers:[s3|0.0.0.0:40731, s4|0.0.0.0:41087, s2|localhost:35737]|listeners:[], old=null RUNNING
  s4:  RUNNING  FOLLOWER s4@group-C77254A99B14:t1, leader=s0, voted=null, raftlog=Memoized:s4@group-C77254A99B14-SegmentedRaftLog:OPENED:c11, conf=11: peers:[s3|0.0.0.0:40731, s4|0.0.0.0:41087, s2|localhost:35737]|listeners:[], old=null RUNNING
  s0:  RUNNING    LEADER s0@group-C77254A99B14:t1, leader=s0, voted=s0, raftlog=Memoized:s0@group-C77254A99B14-SegmentedRaftLog:OPENED:c11, conf=11: peers:[s3|0.0.0.0:40731, s4|0.0.0.0:41087, s2|localhost:35737]|listeners:[], old=null RUNNING
  s1:  RUNNING  FOLLOWER s1@group-C77254A99B14:t1, leader=s0, voted=s0, raftlog=Memoized:s1@group-C77254A99B14-SegmentedRaftLog:OPENED:c9, conf=9: peers:[s3|0.0.0.0:40731, s4|0.0.0.0:41087, s2|localhost:35737]|listeners:[], old=peers:[s3|0.0.0.0:40731, s4|0.0.0.0:41087, s0|localhost:46347, s1|localhost:33829, s2|localhost:35737]|listeners:[] RUNNING
  s2:  RUNNING  FOLLOWER s2@group-C77254A99B14:t1, leader=s0, voted=s0, raftlog=Memoized:s2@group-C77254A99B14-SegmentedRaftLog:OPENED:c11, conf=11: peers:[s3|0.0.0.0:40731, s4|0.0.0.0:41087, s2|localhost:35737]|listeners:[], old=null RUNNING
2023-11-28 06:43:30,731 [Time-limited test] INFO  ratis.RaftTestUtil (RaftTestUtil.java:waitForLeader(119)) - printing ALL groups
  s3:  RUNNING  FOLLOWER s3@group-C77254A99B14:t1, leader=s0, voted=null, raftlog=Memoized:s3@group-C77254A99B14-SegmentedRaftLog:OPENED:c11, conf=11: peers:[s3|0.0.0.0:40731, s4|0.0.0.0:41087, s2|localhost:35737]|listeners:[], old=null RUNNING
  s4:  RUNNING  FOLLOWER s4@group-C77254A99B14:t1, leader=s0, voted=null, raftlog=Memoized:s4@group-C77254A99B14-SegmentedRaftLog:OPENED:c11, conf=11: peers:[s3|0.0.0.0:40731, s4|0.0.0.0:41087, s2|localhost:35737]|listeners:[], old=null RUNNING
  s0:  RUNNING    LEADER s0@group-C77254A99B14:t1, leader=s0, voted=s0, raftlog=Memoized:s0@group-C77254A99B14-SegmentedRaftLog:OPENED:c11, conf=11: peers:[s3|0.0.0.0:40731, s4|0.0.0.0:41087, s2|localhost:35737]|listeners:[], old=null RUNNING
  s1:  RUNNING  FOLLOWER s1@group-C77254A99B14:t1, leader=s0, voted=s0, raftlog=Memoized:s1@group-C77254A99B14-SegmentedRaftLog:OPENED:c9, conf=9: peers:[s3|0.0.0.0:40731, s4|0.0.0.0:41087, s2|localhost:35737]|listeners:[], old=peers:[s3|0.0.0.0:40731, s4|0.0.0.0:41087, s0|localhost:46347, s1|localhost:33829, s2|localhost:35737]|listeners:[] RUNNING
  s2:  RUNNING  FOLLOWER s2@group-C77254A99B14:t1, leader=s0, voted=s0, raftlog=Memoized:s2@group-C77254A99B14-SegmentedRaftLog:OPENED:c11, conf=11: peers:[s3|0.0.0.0:40731, s4|0.0.0.0:41087, s2|localhost:35737]|listeners:[], old=null RUNNING
2023-11-28 06:43:30,731 [Time-limited test] WARN  grpc.TestRetryCacheWithGrpc (JavaUtils.java:attempt(223)) - FAILED "wait for a leader different than s0", attempt #2/10: java.lang.AssertionError: Values should be different. Actual: s0, sleep 100ms and then retry.
java.lang.AssertionError: Values should be different. Actual: s0
	at org.junit.Assert.fail(Assert.java:89)
	at org.junit.Assert.failEquals(Assert.java:187)
	at org.junit.Assert.assertNotEquals(Assert.java:163)
	at org.junit.Assert.assertNotEquals(Assert.java:177)
	at org.apache.ratis.RetryCacheTests.lambda$runTestRetryOnNewLeader$1(RetryCacheTests.java:148)
	at org.apache.ratis.util.JavaUtils.attempt(JavaUtils.java:217)
	at org.apache.ratis.util.JavaUtils.attemptRepeatedly(JavaUtils.java:203)
	at org.apache.ratis.RetryCacheTests.runTestRetryOnNewLeader(RetryCacheTests.java:146)
	at org.apache.ratis.server.impl.MiniRaftCluster$Factory$Get.runWithNewCluster(MiniRaftCluster.java:141)
	at org.apache.ratis.server.impl.MiniRaftCluster$Factory$Get.runWithNewCluster(MiniRaftCluster.java:121)
	at org.apache.ratis.RetryCacheTests.testRetryOnNewLeader(RetryCacheTests.java:123)
	at java.base/jdk.internal.reflect.NativeMethodAccessorImpl.invoke0(Native Method)
	at java.base/jdk.internal.reflect.NativeMethodAccessorImpl.invoke(NativeMethodAccessorImpl.java:62)
	at java.base/jdk.internal.reflect.DelegatingMethodAccessorImpl.invoke(DelegatingMethodAccessorImpl.java:43)
	at java.base/java.lang.reflect.Method.invoke(Method.java:566)
	at org.junit.runners.model.FrameworkMethod$1.runReflectiveCall(FrameworkMethod.java:59)
	at org.junit.internal.runners.model.ReflectiveCallable.run(ReflectiveCallable.java:12)
	at org.junit.runners.model.FrameworkMethod.invokeExplosively(FrameworkMethod.java:56)
	at org.junit.internal.runners.statements.InvokeMethod.evaluate(InvokeMethod.java:17)
	at org.junit.internal.runners.statements.RunAfters.evaluate(RunAfters.java:27)
	at org.junit.internal.runners.statements.FailOnTimeout$CallableStatement.call(FailOnTimeout.java:299)
	at org.junit.internal.runners.statements.FailOnTimeout$CallableStatement.call(FailOnTimeout.java:293)
	at java.base/java.util.concurrent.FutureTask.run(FutureTask.java:264)
	at java.base/java.lang.Thread.run(Thread.java:829)
2023-11-28 06:43:30,764 [s0@group-C77254A99B14-LeaderStateImpl] INFO  server.RaftServer$Division (RaftServerImpl.java:lambda$close$3(516)) - s0@group-C77254A99B14: shutdown
2023-11-28 06:43:30,764 [s0@group-C77254A99B14-LeaderStateImpl] INFO  util.JmxRegister (JmxRegister.java:unregister(73)) - Successfully un-registered JMX Bean with object name Ratis:service=RaftServer,group=group-C77254A99B14,id=s0
2023-11-28 06:43:30,764 [s0@group-C77254A99B14-LeaderStateImpl] INFO  impl.RoleInfo (RoleInfo.java:shutdownLeaderState(94)) - s0: shutdown s0@group-C77254A99B14-LeaderStateImpl
2023-11-28 06:43:30,764 [s0@group-C77254A99B14->s2-GrpcLogAppender-LogAppenderDaemon] WARN  server.GrpcLogAppender (GrpcLogAppender.java:mayWait(212)) - s0@group-C77254A99B14->s2-GrpcLogAppender: Wait interrupted by java.lang.InterruptedException
2023-11-28 06:43:30,764 [s0@group-C77254A99B14-LeaderStateImpl] INFO  impl.PendingRequests (PendingRequests.java:sendNotLeaderResponses(289)) - s0@group-C77254A99B14-PendingRequests: sendNotLeaderResponses
2023-11-28 06:43:30,764 [s0@group-C77254A99B14->s4-GrpcLogAppender-LogAppenderDaemon] WARN  server.GrpcLogAppender (GrpcLogAppender.java:mayWait(212)) - s0@group-C77254A99B14->s4-GrpcLogAppender: Wait interrupted by java.lang.InterruptedException
2023-11-28 06:43:30,764 [s0@group-C77254A99B14->s3-GrpcLogAppender-LogAppenderDaemon] WARN  server.GrpcLogAppender (GrpcLogAppender.java:mayWait(212)) - s0@group-C77254A99B14->s3-GrpcLogAppender: Wait interrupted by java.lang.InterruptedException
2023-11-28 06:43:30,765 [s0@group-C77254A99B14-LeaderStateImpl] INFO  impl.StateMachineUpdater (StateMachineUpdater.java:stopAndJoin(157)) - s0@group-C77254A99B14-StateMachineUpdater: set stopIndex = 11
2023-11-28 06:43:30,765 [grpc-default-executor-1] INFO  server.GrpcServerProtocolService (GrpcServerProtocolService.java:onCompleted(157)) - s4: Completed APPEND_ENTRIES, lastRequest: s0->s4#14-t1,previous=(t:1, i:11),leaderCommit=11,initializing? true,entries: size=1, first=(t:1, i:12), METADATAENTRY(c:11)
2023-11-28 06:43:30,765 [grpc-default-executor-1] INFO  server.GrpcServerProtocolService (GrpcServerProtocolService.java:lambda$onCompleted$5(159)) - s4: Completed APPEND_ENTRIES, lastReply: null
2023-11-28 06:43:30,765 [grpc-default-executor-7] INFO  server.GrpcServerProtocolService (GrpcServerProtocolService.java:onCompleted(157)) - s3: Completed APPEND_ENTRIES, lastRequest: s0->s3#21-t1,previous=(t:1, i:11),leaderCommit=11,initializing? true,entries: size=1, first=(t:1, i:12), METADATAENTRY(c:11)
2023-11-28 06:43:30,766 [grpc-default-executor-7] INFO  server.GrpcServerProtocolService (GrpcServerProtocolService.java:lambda$onCompleted$5(159)) - s3: Completed APPEND_ENTRIES, lastReply: null
2023-11-28 06:43:30,766 [grpc-default-executor-2] INFO  server.GrpcServerProtocolService (GrpcServerProtocolService.java:onCompleted(157)) - s3: Completed APPEND_ENTRIES, lastRequest: null
2023-11-28 06:43:30,766 [grpc-default-executor-6] INFO  server.GrpcServerProtocolService (GrpcServerProtocolService.java:onCompleted(157)) - s4: Completed APPEND_ENTRIES, lastRequest: null
2023-11-28 06:43:30,765 [grpc-default-executor-5] INFO  server.GrpcServerProtocolService (GrpcServerProtocolService.java:onCompleted(157)) - s2: Completed APPEND_ENTRIES, lastRequest: s0->s2#34-t1,previous=(t:1, i:11),leaderCommit=11,initializing? true,entries: size=1, first=(t:1, i:12), METADATAENTRY(c:11)
2023-11-28 06:43:30,766 [grpc-default-executor-5] INFO  server.GrpcServerProtocolService (GrpcServerProtocolService.java:lambda$onCompleted$5(159)) - s2: Completed APPEND_ENTRIES, lastReply: null
2023-11-28 06:43:30,765 [grpc-default-executor-3] INFO  server.GrpcServerProtocolService (GrpcServerProtocolService.java:onCompleted(157)) - s2: Completed APPEND_ENTRIES, lastRequest: null
2023-11-28 06:43:30,766 [grpc-default-executor-2] INFO  server.GrpcServerProtocolService (GrpcServerProtocolService.java:lambda$onCompleted$5(159)) - s3: Completed APPEND_ENTRIES, lastReply: serverReply {
  requestorId: "s0"
  replyId: "s3"
  raftGroupId {
    id: "=\217\367U\357jL.\265\236\307rT\251\233\024"
  }
  callId: 23
  success: true
}
term: 1
nextIndex: 13
followerCommit: 11
matchIndex: 18446744073709551615
isHearbeat: true

2023-11-28 06:43:30,767 [grpc-default-executor-2] INFO  server.GrpcLogAppender (GrpcLogAppender.java:onCompleted(469)) - s0@group-C77254A99B14->s4-AppendLogResponseHandler: follower responses appendEntries COMPLETED
2023-11-28 06:43:30,767 [grpc-default-executor-1] INFO  server.GrpcLogAppender (GrpcLogAppender.java:onCompleted(469)) - s0@group-C77254A99B14->s2-AppendLogResponseHandler: follower responses appendEntries COMPLETED
2023-11-28 06:43:30,767 [grpc-default-executor-2] INFO  server.GrpcLogAppender (GrpcLogAppender.java:onCompleted(469)) - s0@group-C77254A99B14->s3-AppendLogResponseHandler: follower responses appendEntries COMPLETED
2023-11-28 06:43:30,767 [grpc-default-executor-1] INFO  server.GrpcLogAppender (GrpcLogAppender.java:onCompleted(469)) - s0@group-C77254A99B14->s3-AppendLogResponseHandler: follower responses appendEntries COMPLETED
2023-11-28 06:43:30,768 [s0@group-C77254A99B14-LeaderStateImpl] INFO  server.RaftServer$Division (ServerState.java:close(423)) - s0@group-C77254A99B14: applyIndex: 11
2023-11-28 06:43:30,768 [grpc-default-executor-3] INFO  server.GrpcServerProtocolService (GrpcServerProtocolService.java:lambda$onCompleted$5(159)) - s2: Completed APPEND_ENTRIES, lastReply: serverReply {
  requestorId: "s0"
  replyId: "s2"
  raftGroupId {
    id: "=\217\367U\357jL.\265\236\307rT\251\233\024"
  }
  callId: 36
  success: true
}
term: 1
nextIndex: 13
followerCommit: 11
matchIndex: 18446744073709551615
isHearbeat: true

2023-11-28 06:43:30,768 [grpc-default-executor-6] INFO  server.GrpcServerProtocolService (GrpcServerProtocolService.java:lambda$onCompleted$5(159)) - s4: Completed APPEND_ENTRIES, lastReply: serverReply {
  requestorId: "s0"
  replyId: "s4"
  raftGroupId {
    id: "=\217\367U\357jL.\265\236\307rT\251\233\024"
  }
  callId: 15
  success: true
}
term: 1
nextIndex: 13
followerCommit: 11
matchIndex: 18446744073709551615
isHearbeat: true

2023-11-28 06:43:30,768 [s0@group-C77254A99B14-cacheEviction-AwaitToRun] INFO  util.AwaitToRun (AwaitToRun.java:run(49)) - s0@group-C77254A99B14-cacheEviction-AwaitToRun-AwaitForSignal is interrupted
2023-11-28 06:43:30,769 [grpc-default-executor-7] INFO  server.GrpcLogAppender (GrpcLogAppender.java:onCompleted(469)) - s0@group-C77254A99B14->s2-AppendLogResponseHandler: follower responses appendEntries COMPLETED
2023-11-28 06:43:30,769 [grpc-default-executor-6] INFO  server.GrpcLogAppender (GrpcLogAppender.java:onCompleted(469)) - s0@group-C77254A99B14->s4-AppendLogResponseHandler: follower responses appendEntries COMPLETED
2023-11-28 06:43:30,826 [grpc-default-executor-7] ERROR impl.OrderedAsync (OrderedAsync.java:lambda$sendRequest$9(247)) - client-23DA7E6A7FE2: Failed* RaftClientRequest:client-23DA7E6A7FE2->s2@group-9F468C9C58F9, cid=6, seq=1*, Watch(0), null
java.util.concurrent.CompletionException: java.io.IOException: org.apache.ratis.thirdparty.io.grpc.StatusRuntimeException: UNAVAILABLE: io exception
	at java.base/java.util.concurrent.CompletableFuture.encodeThrowable(CompletableFuture.java:331)
	at java.base/java.util.concurrent.CompletableFuture.completeThrowable(CompletableFuture.java:346)
	at java.base/java.util.concurrent.CompletableFuture$UniApply.tryFire(CompletableFuture.java:632)
	at java.base/java.util.concurrent.CompletableFuture.postComplete(CompletableFuture.java:506)
	at java.base/java.util.concurrent.CompletableFuture.completeExceptionally(CompletableFuture.java:2094)
	at org.apache.ratis.grpc.client.GrpcClientProtocolClient$AsyncStreamObservers.completeReplyExceptionally(GrpcClientProtocolClient.java:394)
	at org.apache.ratis.grpc.client.GrpcClientProtocolClient$AsyncStreamObservers.access$000(GrpcClientProtocolClient.java:300)
	at org.apache.ratis.grpc.client.GrpcClientProtocolClient$AsyncStreamObservers$1.onError(GrpcClientProtocolClient.java:331)
	at org.apache.ratis.thirdparty.io.grpc.stub.ClientCalls$StreamObserverToCallListenerAdapter.onClose(ClientCalls.java:481)
	at org.apache.ratis.thirdparty.io.grpc.PartialForwardingClientCallListener.onClose(PartialForwardingClientCallListener.java:39)
	at org.apache.ratis.thirdparty.io.grpc.ForwardingClientCallListener.onClose(ForwardingClientCallListener.java:23)
	at org.apache.ratis.grpc.metrics.intercept.client.MetricClientCallListener.onClose(MetricClientCallListener.java:47)
	at org.apache.ratis.thirdparty.io.grpc.internal.DelayedClientCall$DelayedListener$3.run(DelayedClientCall.java:489)
	at org.apache.ratis.thirdparty.io.grpc.internal.DelayedClientCall$DelayedListener.delayOrExecute(DelayedClientCall.java:453)
	at org.apache.ratis.thirdparty.io.grpc.internal.DelayedClientCall$DelayedListener.onClose(DelayedClientCall.java:486)
	at org.apache.ratis.thirdparty.io.grpc.internal.ClientCallImpl.closeObserver(ClientCallImpl.java:567)
	at org.apache.ratis.thirdparty.io.grpc.internal.ClientCallImpl.access$300(ClientCallImpl.java:71)
	at org.apache.ratis.thirdparty.io.grpc.internal.ClientCallImpl$ClientStreamListenerImpl$1StreamClosed.runInternal(ClientCallImpl.java:735)
	at org.apache.ratis.thirdparty.io.grpc.internal.ClientCallImpl$ClientStreamListenerImpl$1StreamClosed.runInContext(ClientCallImpl.java:716)
	at org.apache.ratis.thirdparty.io.grpc.internal.ContextRunnable.run(ContextRunnable.java:37)
	at org.apache.ratis.thirdparty.io.grpc.internal.SerializingExecutor.run(SerializingExecutor.java:133)
	at java.base/java.util.concurrent.ThreadPoolExecutor.runWorker(ThreadPoolExecutor.java:1128)
	at java.base/java.util.concurrent.ThreadPoolExecutor$Worker.run(ThreadPoolExecutor.java:628)
	at java.base/java.lang.Thread.run(Thread.java:829)
Caused by: java.io.IOException: org.apache.ratis.thirdparty.io.grpc.StatusRuntimeException: UNAVAILABLE: io exception
	at org.apache.ratis.grpc.GrpcUtil.unwrapException(GrpcUtil.java:99)
	at org.apache.ratis.grpc.GrpcUtil.unwrapIOException(GrpcUtil.java:159)
	at org.apache.ratis.grpc.client.GrpcClientProtocolClient$AsyncStreamObservers$1.onError(GrpcClientProtocolClient.java:330)
	... 16 more
Caused by: org.apache.ratis.thirdparty.io.grpc.StatusRuntimeException: UNAVAILABLE: io exception
	at org.apache.ratis.thirdparty.io.grpc.Status.asRuntimeException(Status.java:537)
	... 16 more
Caused by: org.apache.ratis.thirdparty.io.netty.channel.AbstractChannel$AnnotatedConnectException: finishConnect(..) failed: Connection refused: localhost/127.0.0.1:37249
Caused by: java.net.ConnectException: finishConnect(..) failed: Connection refused
	at org.apache.ratis.thirdparty.io.netty.channel.unix.Errors.newConnectException0(Errors.java:166)
	at org.apache.ratis.thirdparty.io.netty.channel.unix.Errors.handleConnectErrno(Errors.java:131)
	at org.apache.ratis.thirdparty.io.netty.channel.unix.Socket.finishConnect(Socket.java:359)
	at org.apache.ratis.thirdparty.io.netty.channel.epoll.AbstractEpollChannel$AbstractEpollUnsafe.doFinishConnect(AbstractEpollChannel.java:710)
	at org.apache.ratis.thirdparty.io.netty.channel.epoll.AbstractEpollChannel$AbstractEpollUnsafe.finishConnect(AbstractEpollChannel.java:687)
	at org.apache.ratis.thirdparty.io.netty.channel.epoll.AbstractEpollChannel$AbstractEpollUnsafe.epollOutReady(AbstractEpollChannel.java:567)
	at org.apache.ratis.thirdparty.io.netty.channel.epoll.EpollEventLoop.processReady(EpollEventLoop.java:499)
	at org.apache.ratis.thirdparty.io.netty.channel.epoll.EpollEventLoop.run(EpollEventLoop.java:407)
	at org.apache.ratis.thirdparty.io.netty.util.concurrent.SingleThreadEventExecutor$4.run(SingleThreadEventExecutor.java:997)
	at org.apache.ratis.thirdparty.io.netty.util.internal.ThreadExecutorMap$2.run(ThreadExecutorMap.java:74)
	at org.apache.ratis.thirdparty.io.netty.util.concurrent.FastThreadLocalRunnable.run(FastThreadLocalRunnable.java:30)
	at java.base/java.lang.Thread.run(Thread.java:829)
2023-11-28 06:43:30,831 [Time-limited test] INFO  server.RaftServerConfigKeys (ConfUtils.java:logGet(46)) - raft.server.rpc.timeout.max = 300ms (default)
2023-11-28 06:43:30,831 [Time-limited test] INFO  ratis.RaftTestUtil (RaftTestUtil.java:waitForLeader(100)) - printing ALL groups
  s3:  RUNNING  FOLLOWER s3@group-C77254A99B14:t1, leader=s0, voted=null, raftlog=Memoized:s3@group-C77254A99B14-SegmentedRaftLog:OPENED:c11, conf=11: peers:[s3|0.0.0.0:40731, s4|0.0.0.0:41087, s2|localhost:35737]|listeners:[], old=null RUNNING
  s4:  RUNNING  FOLLOWER s4@group-C77254A99B14:t1, leader=s0, voted=null, raftlog=Memoized:s4@group-C77254A99B14-SegmentedRaftLog:OPENED:c11, conf=11: peers:[s3|0.0.0.0:40731, s4|0.0.0.0:41087, s2|localhost:35737]|listeners:[], old=null RUNNING
  s0:  RUNNING    LEADER s0@group-C77254A99B14:t1, leader=s0, voted=s0, raftlog=Memoized:s0@group-C77254A99B14-SegmentedRaftLog:CLOSED:c11, conf=11: peers:[s3|0.0.0.0:40731, s4|0.0.0.0:41087, s2|localhost:35737]|listeners:[], old=null CLOSING
  s1:  RUNNING  FOLLOWER s1@group-C77254A99B14:t1, leader=s0, voted=s0, raftlog=Memoized:s1@group-C77254A99B14-SegmentedRaftLog:OPENED:c9, conf=9: peers:[s3|0.0.0.0:40731, s4|0.0.0.0:41087, s2|localhost:35737]|listeners:[], old=peers:[s3|0.0.0.0:40731, s4|0.0.0.0:41087, s0|localhost:46347, s1|localhost:33829, s2|localhost:35737]|listeners:[] RUNNING
  s2:  RUNNING  FOLLOWER s2@group-C77254A99B14:t1, leader=s0, voted=s0, raftlog=Memoized:s2@group-C77254A99B14-SegmentedRaftLog:OPENED:c11, conf=11: peers:[s3|0.0.0.0:40731, s4|0.0.0.0:41087, s2|localhost:35737]|listeners:[], old=null RUNNING
2023-11-28 06:43:30,832 [Time-limited test] WARN  ratis.RaftTestUtil (JavaUtils.java:attempt(223)) - FAILED "waitForLeader-null-(expectLeader? true)", attempt #1/100: java.lang.IllegalStateException: No leader yet : printing ALL groups
  s3:  RUNNING  FOLLOWER s3@group-C77254A99B14:t1, leader=s0, voted=null, raftlog=Memoized:s3@group-C77254A99B14-SegmentedRaftLog:OPENED:c11, conf=11: peers:[s3|0.0.0.0:40731, s4|0.0.0.0:41087, s2|localhost:35737]|listeners:[], old=null RUNNING
  s4:  RUNNING  FOLLOWER s4@group-C77254A99B14:t1, leader=s0, voted=null, raftlog=Memoized:s4@group-C77254A99B14-SegmentedRaftLog:OPENED:c11, conf=11: peers:[s3|0.0.0.0:40731, s4|0.0.0.0:41087, s2|localhost:35737]|listeners:[], old=null RUNNING
  s0:  RUNNING    LEADER s0@group-C77254A99B14:t1, leader=s0, voted=s0, raftlog=Memoized:s0@group-C77254A99B14-SegmentedRaftLog:CLOSED:c11, conf=11: peers:[s3|0.0.0.0:40731, s4|0.0.0.0:41087, s2|localhost:35737]|listeners:[], old=null CLOSING
  s1:  RUNNING  FOLLOWER s1@group-C77254A99B14:t1, leader=s0, voted=s0, raftlog=Memoized:s1@group-C77254A99B14-SegmentedRaftLog:OPENED:c9, conf=9: peers:[s3|0.0.0.0:40731, s4|0.0.0.0:41087, s2|localhost:35737]|listeners:[], old=peers:[s3|0.0.0.0:40731, s4|0.0.0.0:41087, s0|localhost:46347, s1|localhost:33829, s2|localhost:35737]|listeners:[] RUNNING
  s2:  RUNNING  FOLLOWER s2@group-C77254A99B14:t1, leader=s0, voted=s0, raftlog=Memoized:s2@group-C77254A99B14-SegmentedRaftLog:OPENED:c11, conf=11: peers:[s3|0.0.0.0:40731, s4|0.0.0.0:41087, s2|localhost:35737]|listeners:[], old=null RUNNING, sleep 450ms and then retry.
java.lang.IllegalStateException: No leader yet : printing ALL groups
  s3:  RUNNING  FOLLOWER s3@group-C77254A99B14:t1, leader=s0, voted=null, raftlog=Memoized:s3@group-C77254A99B14-SegmentedRaftLog:OPENED:c11, conf=11: peers:[s3|0.0.0.0:40731, s4|0.0.0.0:41087, s2|localhost:35737]|listeners:[], old=null RUNNING
  s4:  RUNNING  FOLLOWER s4@group-C77254A99B14:t1, leader=s0, voted=null, raftlog=Memoized:s4@group-C77254A99B14-SegmentedRaftLog:OPENED:c11, conf=11: peers:[s3|0.0.0.0:40731, s4|0.0.0.0:41087, s2|localhost:35737]|listeners:[], old=null RUNNING
  s0:  RUNNING    LEADER s0@group-C77254A99B14:t1, leader=s0, voted=s0, raftlog=Memoized:s0@group-C77254A99B14-SegmentedRaftLog:CLOSED:c11, conf=11: peers:[s3|0.0.0.0:40731, s4|0.0.0.0:41087, s2|localhost:35737]|listeners:[], old=null CLOSING
  s1:  RUNNING  FOLLOWER s1@group-C77254A99B14:t1, leader=s0, voted=s0, raftlog=Memoized:s1@group-C77254A99B14-SegmentedRaftLog:OPENED:c9, conf=9: peers:[s3|0.0.0.0:40731, s4|0.0.0.0:41087, s2|localhost:35737]|listeners:[], old=peers:[s3|0.0.0.0:40731, s4|0.0.0.0:41087, s0|localhost:46347, s1|localhost:33829, s2|localhost:35737]|listeners:[] RUNNING
  s2:  RUNNING  FOLLOWER s2@group-C77254A99B14:t1, leader=s0, voted=s0, raftlog=Memoized:s2@group-C77254A99B14-SegmentedRaftLog:OPENED:c11, conf=11: peers:[s3|0.0.0.0:40731, s4|0.0.0.0:41087, s2|localhost:35737]|listeners:[], old=null RUNNING
	at org.apache.ratis.server.impl.MiniRaftCluster.newIllegalStateExceptionForNoLeaders(MiniRaftCluster.java:581)
	at org.apache.ratis.RaftTestUtil.lambda$waitForLeader$1(RaftTestUtil.java:104)
	at org.apache.ratis.server.impl.MiniRaftCluster.getLeader(MiniRaftCluster.java:615)
	at org.apache.ratis.server.impl.MiniRaftCluster.getLeader(MiniRaftCluster.java:608)
	at org.apache.ratis.RaftTestUtil.lambda$waitForLeader$3(RaftTestUtil.java:112)
	at org.apache.ratis.util.JavaUtils.attempt(JavaUtils.java:217)
	at org.apache.ratis.util.JavaUtils.attemptRepeatedly(JavaUtils.java:203)
	at org.apache.ratis.RaftTestUtil.waitForLeader(RaftTestUtil.java:111)
	at org.apache.ratis.RaftTestUtil.waitForLeader(RaftTestUtil.java:92)
	at org.apache.ratis.RaftTestUtil.waitForLeader(RaftTestUtil.java:87)
	at org.apache.ratis.RetryCacheTests.lambda$runTestRetryOnNewLeader$1(RetryCacheTests.java:147)
	at org.apache.ratis.util.JavaUtils.attempt(JavaUtils.java:217)
	at org.apache.ratis.util.JavaUtils.attemptRepeatedly(JavaUtils.java:203)
	at org.apache.ratis.RetryCacheTests.runTestRetryOnNewLeader(RetryCacheTests.java:146)
	at org.apache.ratis.server.impl.MiniRaftCluster$Factory$Get.runWithNewCluster(MiniRaftCluster.java:141)
	at org.apache.ratis.server.impl.MiniRaftCluster$Factory$Get.runWithNewCluster(MiniRaftCluster.java:121)
	at org.apache.ratis.RetryCacheTests.testRetryOnNewLeader(RetryCacheTests.java:123)
	at java.base/jdk.internal.reflect.NativeMethodAccessorImpl.invoke0(Native Method)
	at java.base/jdk.internal.reflect.NativeMethodAccessorImpl.invoke(NativeMethodAccessorImpl.java:62)
	at java.base/jdk.internal.reflect.DelegatingMethodAccessorImpl.invoke(DelegatingMethodAccessorImpl.java:43)
	at java.base/java.lang.reflect.Method.invoke(Method.java:566)
	at org.junit.runners.model.FrameworkMethod$1.runReflectiveCall(FrameworkMethod.java:59)
	at org.junit.internal.runners.model.ReflectiveCallable.run(ReflectiveCallable.java:12)
	at org.junit.runners.model.FrameworkMethod.invokeExplosively(FrameworkMethod.java:56)
	at org.junit.internal.runners.statements.InvokeMethod.evaluate(InvokeMethod.java:17)
	at org.junit.internal.runners.statements.RunAfters.evaluate(RunAfters.java:27)
	at org.junit.internal.runners.statements.FailOnTimeout$CallableStatement.call(FailOnTimeout.java:299)
	at org.junit.internal.runners.statements.FailOnTimeout$CallableStatement.call(FailOnTimeout.java:293)
	at java.base/java.util.concurrent.FutureTask.run(FutureTask.java:264)
	at java.base/java.lang.Thread.run(Thread.java:829)
2023-11-28 06:43:30,884 [s2@group-C77254A99B14-FollowerState] INFO  impl.FollowerState (FollowerState.java:run(143)) - s2@group-C77254A99B14-FollowerState: change to CANDIDATE, lastRpcElapsedTime:188634558ns, electionTimeout:167ms
2023-11-28 06:43:30,884 [s2@group-C77254A99B14-FollowerState] INFO  impl.RoleInfo (RoleInfo.java:shutdownFollowerState(110)) - s2: shutdown s2@group-C77254A99B14-FollowerState
2023-11-28 06:43:30,884 [s2@group-C77254A99B14-FollowerState] INFO  server.RaftServer$Division (RaftServerImpl.java:setRole(379)) - s2@group-C77254A99B14: changes role from  FOLLOWER to CANDIDATE at term 1 for changeToCandidate
2023-11-28 06:43:30,884 [s2@group-C77254A99B14-FollowerState] INFO  server.RaftServerConfigKeys (ConfUtils.java:logGet(46)) - raft.server.leaderelection.pre-vote = true (default)
2023-11-28 06:43:30,884 [s2@group-C77254A99B14-FollowerState] INFO  impl.RoleInfo (RoleInfo.java:updateAndGet(139)) - s2: start s2@group-C77254A99B14-LeaderElection9
2023-11-28 06:43:30,884 [s2@group-C77254A99B14-LeaderElection9] INFO  server.RaftServer$Division (ServerState.java:setLeader(265)) - s2@group-C77254A99B14: change Leader from s0 to null at term 1 for PRE_VOTE
2023-11-28 06:43:30,884 [s2@group-C77254A99B14-LeaderElection9] INFO  impl.LeaderElection (LeaderElection.java:askForVotes(323)) - s2@group-C77254A99B14-LeaderElection9 PRE_VOTE round 0: submit vote requests at term 1 for 11: peers:[s3|0.0.0.0:40731, s4|0.0.0.0:41087, s2|localhost:35737]|listeners:[], old=null
2023-11-28 06:43:30,884 [s2@group-C77254A99B14-LeaderElection9-1] INFO  server.GrpcServerProtocolClient (GrpcServerProtocolClient.java:<init>(65)) - Build channel for s3
2023-11-28 06:43:30,884 [s2@group-C77254A99B14-LeaderElection9-2] INFO  server.GrpcServerProtocolClient (GrpcServerProtocolClient.java:<init>(65)) - Build channel for s4
2023-11-28 06:43:30,888 [grpc-default-executor-7] INFO  server.RaftServer$Division (RaftServerImpl.java:requestVote(1377)) - s3@group-C77254A99B14: receive requestVote(PRE_VOTE, s2, group-C77254A99B14, 1, (t:1, i:12))
2023-11-28 06:43:30,888 [grpc-default-executor-6] INFO  server.RaftServer$Division (RaftServerImpl.java:requestVote(1377)) - s4@group-C77254A99B14: receive requestVote(PRE_VOTE, s2, group-C77254A99B14, 1, (t:1, i:12))
2023-11-28 06:43:30,888 [grpc-default-executor-7] INFO  impl.VoteContext (VoteContext.java:log(49)) - s3@group-C77254A99B14-FOLLOWER: accept PRE_VOTE from s2: our priority 0 <= candidate's priority 0
2023-11-28 06:43:30,888 [grpc-default-executor-6] INFO  impl.VoteContext (VoteContext.java:log(49)) - s4@group-C77254A99B14-FOLLOWER: accept PRE_VOTE from s2: our priority 0 <= candidate's priority 0
2023-11-28 06:43:30,888 [grpc-default-executor-7] INFO  server.RaftServer$Division (RaftServerImpl.java:requestVote(1410)) - s3@group-C77254A99B14 replies to PRE_VOTE vote request: s2<-s3#0:OK-t1. Peer's state: s3@group-C77254A99B14:t1, leader=s0, voted=null, raftlog=Memoized:s3@group-C77254A99B14-SegmentedRaftLog:OPENED:c11, conf=11: peers:[s3|0.0.0.0:40731, s4|0.0.0.0:41087, s2|localhost:35737]|listeners:[], old=null
2023-11-28 06:43:30,888 [grpc-default-executor-6] INFO  server.RaftServer$Division (RaftServerImpl.java:requestVote(1410)) - s4@group-C77254A99B14 replies to PRE_VOTE vote request: s2<-s4#0:OK-t1. Peer's state: s4@group-C77254A99B14:t1, leader=s0, voted=null, raftlog=Memoized:s4@group-C77254A99B14-SegmentedRaftLog:OPENED:c11, conf=11: peers:[s3|0.0.0.0:40731, s4|0.0.0.0:41087, s2|localhost:35737]|listeners:[], old=null
2023-11-28 06:43:30,889 [s2@group-C77254A99B14-LeaderElection9] INFO  impl.LeaderElection (LeaderElection.java:logAndReturn(89)) - s2@group-C77254A99B14-LeaderElection9: PRE_VOTE PASSED received 1 response(s) and 0 exception(s):
2023-11-28 06:43:30,889 [s2@group-C77254A99B14-LeaderElection9] INFO  impl.LeaderElection (LeaderElection.java:logAndReturn(93)) -   Response 0: s2<-s4#0:OK-t1
2023-11-28 06:43:30,889 [s2@group-C77254A99B14-LeaderElection9] INFO  impl.LeaderElection (LeaderElection.java:askForVotes(325)) - s2@group-C77254A99B14-LeaderElection9 PRE_VOTE round 0: result PASSED
2023-11-28 06:43:30,889 [s2@group-C77254A99B14-LeaderElection9] TRACE util.FileUtils (LogUtils.java:supplyAndLog(69)) - Successfully supplied FileChannel.open /home/runner/work/ratis/ratis/ratis-test/target/test/data/cc86e3b/MiniRaftClusterWithGrpcbe42d27/s2/3d8ff755-ef6a-4c2e-b59e-c77254a99b14/current/raft-meta.tmp with options [CREATE, WRITE]: sun.nio.ch.FileChannelImpl@6e6677db
2023-11-28 06:43:30,890 [s2@group-C77254A99B14-LeaderElection9] TRACE util.FileUtils (LogUtils.java:runAndLog(49)) - Successfully ran Atomic Files.move /home/runner/work/ratis/ratis/ratis-test/target/test/data/cc86e3b/MiniRaftClusterWithGrpcbe42d27/s2/3d8ff755-ef6a-4c2e-b59e-c77254a99b14/current/raft-meta.tmp to /home/runner/work/ratis/ratis/ratis-test/target/test/data/cc86e3b/MiniRaftClusterWithGrpcbe42d27/s2/3d8ff755-ef6a-4c2e-b59e-c77254a99b14/current/raft-meta with options [REPLACE_EXISTING]
2023-11-28 06:43:30,891 [s2@group-C77254A99B14-LeaderElection9] INFO  impl.LeaderElection (LeaderElection.java:askForVotes(323)) - s2@group-C77254A99B14-LeaderElection9 ELECTION round 0: submit vote requests at term 2 for 11: peers:[s3|0.0.0.0:40731, s4|0.0.0.0:41087, s2|localhost:35737]|listeners:[], old=null
2023-11-28 06:43:30,892 [grpc-default-executor-7] INFO  server.RaftServer$Division (RaftServerImpl.java:requestVote(1377)) - s3@group-C77254A99B14: receive requestVote(ELECTION, s2, group-C77254A99B14, 2, (t:1, i:12))
2023-11-28 06:43:30,892 [grpc-default-executor-7] INFO  impl.VoteContext (VoteContext.java:log(49)) - s3@group-C77254A99B14-FOLLOWER: accept ELECTION from s2: our priority 0 <= candidate's priority 0
2023-11-28 06:43:30,892 [grpc-default-executor-7] INFO  server.RaftServer$Division (ServerState.java:setLeader(265)) - s3@group-C77254A99B14: change Leader from s0 to null at term 2 for updateCurrentTerm
2023-11-28 06:43:30,892 [grpc-default-executor-7] INFO  server.RaftServer$Division (RaftServerImpl.java:setRole(379)) - s3@group-C77254A99B14: changes role from  FOLLOWER to FOLLOWER at term 2 for candidate:s2
2023-11-28 06:43:30,892 [grpc-default-executor-7] INFO  impl.RoleInfo (RoleInfo.java:shutdownFollowerState(110)) - s3: shutdown s3@group-C77254A99B14-FollowerState
2023-11-28 06:43:30,892 [grpc-default-executor-7] INFO  impl.RoleInfo (RoleInfo.java:updateAndGet(139)) - s3: start s3@group-C77254A99B14-FollowerState
2023-11-28 06:43:30,892 [s3@group-C77254A99B14-FollowerState] INFO  impl.FollowerState (FollowerState.java:run(152)) - s3@group-C77254A99B14-FollowerState was interrupted
2023-11-28 06:43:30,892 [grpc-default-executor-7] TRACE util.FileUtils (LogUtils.java:supplyAndLog(69)) - Successfully supplied FileChannel.open /home/runner/work/ratis/ratis/ratis-test/target/test/data/cc86e3b/MiniRaftClusterWithGrpcbe42d27/s3/3d8ff755-ef6a-4c2e-b59e-c77254a99b14/current/raft-meta.tmp with options [CREATE, WRITE]: sun.nio.ch.FileChannelImpl@34f06c26
2023-11-28 06:43:30,893 [grpc-default-executor-6] INFO  server.RaftServer$Division (RaftServerImpl.java:requestVote(1377)) - s4@group-C77254A99B14: receive requestVote(ELECTION, s2, group-C77254A99B14, 2, (t:1, i:12))
2023-11-28 06:43:30,893 [grpc-default-executor-6] INFO  impl.VoteContext (VoteContext.java:log(49)) - s4@group-C77254A99B14-FOLLOWER: accept ELECTION from s2: our priority 0 <= candidate's priority 0
2023-11-28 06:43:30,893 [grpc-default-executor-6] INFO  server.RaftServer$Division (ServerState.java:setLeader(265)) - s4@group-C77254A99B14: change Leader from s0 to null at term 2 for updateCurrentTerm
2023-11-28 06:43:30,893 [grpc-default-executor-6] INFO  server.RaftServer$Division (RaftServerImpl.java:setRole(379)) - s4@group-C77254A99B14: changes role from  FOLLOWER to FOLLOWER at term 2 for candidate:s2
2023-11-28 06:43:30,893 [grpc-default-executor-6] INFO  impl.RoleInfo (RoleInfo.java:shutdownFollowerState(110)) - s4: shutdown s4@group-C77254A99B14-FollowerState
2023-11-28 06:43:30,893 [s4@group-C77254A99B14-FollowerState] INFO  impl.FollowerState (FollowerState.java:run(152)) - s4@group-C77254A99B14-FollowerState was interrupted
2023-11-28 06:43:30,893 [grpc-default-executor-6] INFO  impl.RoleInfo (RoleInfo.java:updateAndGet(139)) - s4: start s4@group-C77254A99B14-FollowerState
2023-11-28 06:43:30,893 [grpc-default-executor-6] TRACE util.FileUtils (LogUtils.java:supplyAndLog(69)) - Successfully supplied FileChannel.open /home/runner/work/ratis/ratis/ratis-test/target/test/data/cc86e3b/MiniRaftClusterWithGrpcbe42d27/s4/3d8ff755-ef6a-4c2e-b59e-c77254a99b14/current/raft-meta.tmp with options [CREATE, WRITE]: sun.nio.ch.FileChannelImpl@3a5b26b6
2023-11-28 06:43:30,893 [grpc-default-executor-7] TRACE util.FileUtils (LogUtils.java:runAndLog(49)) - Successfully ran Atomic Files.move /home/runner/work/ratis/ratis/ratis-test/target/test/data/cc86e3b/MiniRaftClusterWithGrpcbe42d27/s3/3d8ff755-ef6a-4c2e-b59e-c77254a99b14/current/raft-meta.tmp to /home/runner/work/ratis/ratis/ratis-test/target/test/data/cc86e3b/MiniRaftClusterWithGrpcbe42d27/s3/3d8ff755-ef6a-4c2e-b59e-c77254a99b14/current/raft-meta with options [REPLACE_EXISTING]
2023-11-28 06:43:30,894 [grpc-default-executor-7] INFO  server.RaftServer$Division (RaftServerImpl.java:requestVote(1410)) - s3@group-C77254A99B14 replies to ELECTION vote request: s2<-s3#0:OK-t2. Peer's state: s3@group-C77254A99B14:t2, leader=null, voted=s2, raftlog=Memoized:s3@group-C77254A99B14-SegmentedRaftLog:OPENED:c11, conf=11: peers:[s3|0.0.0.0:40731, s4|0.0.0.0:41087, s2|localhost:35737]|listeners:[], old=null
2023-11-28 06:43:30,894 [s2@group-C77254A99B14-LeaderElection9] INFO  impl.LeaderElection (LeaderElection.java:logAndReturn(89)) - s2@group-C77254A99B14-LeaderElection9: ELECTION PASSED received 1 response(s) and 0 exception(s):
2023-11-28 06:43:30,894 [s2@group-C77254A99B14-LeaderElection9] INFO  impl.LeaderElection (LeaderElection.java:logAndReturn(93)) -   Response 0: s2<-s3#0:OK-t2
2023-11-28 06:43:30,894 [s2@group-C77254A99B14-LeaderElection9] INFO  impl.LeaderElection (LeaderElection.java:askForVotes(325)) - s2@group-C77254A99B14-LeaderElection9 ELECTION round 0: result PASSED
2023-11-28 06:43:30,894 [s2@group-C77254A99B14-LeaderElection9] INFO  impl.RoleInfo (RoleInfo.java:shutdownLeaderElection(130)) - s2: shutdown s2@group-C77254A99B14-LeaderElection9
2023-11-28 06:43:30,894 [s2@group-C77254A99B14-LeaderElection9] INFO  server.RaftServer$Division (RaftServerImpl.java:setRole(379)) - s2@group-C77254A99B14: changes role from CANDIDATE to LEADER at term 2 for changeToLeader
2023-11-28 06:43:30,894 [s2@group-C77254A99B14-LeaderElection9] INFO  server.RaftServerConfigKeys (ConfUtils.java:logGet(46)) - raft.server.staging.catchup.gap = 1000 (default)
2023-11-28 06:43:30,895 [s2@group-C77254A99B14-LeaderElection9] INFO  server.RaftServerConfigKeys (ConfUtils.java:logGet(46)) - raft.server.write.element-limit = 4096 (default)
2023-11-28 06:43:30,895 [s2@group-C77254A99B14-LeaderElection9] INFO  server.RaftServerConfigKeys (ConfUtils.java:logGet(46)) - raft.server.write.byte-limit = 64MB (=67108864) (default)
2023-11-28 06:43:30,895 [grpc-default-executor-6] TRACE util.FileUtils (LogUtils.java:runAndLog(49)) - Successfully ran Atomic Files.move /home/runner/work/ratis/ratis/ratis-test/target/test/data/cc86e3b/MiniRaftClusterWithGrpcbe42d27/s4/3d8ff755-ef6a-4c2e-b59e-c77254a99b14/current/raft-meta.tmp to /home/runner/work/ratis/ratis/ratis-test/target/test/data/cc86e3b/MiniRaftClusterWithGrpcbe42d27/s4/3d8ff755-ef6a-4c2e-b59e-c77254a99b14/current/raft-meta with options [REPLACE_EXISTING]
2023-11-28 06:43:30,895 [grpc-default-executor-6] INFO  server.RaftServer$Division (RaftServerImpl.java:requestVote(1410)) - s4@group-C77254A99B14 replies to ELECTION vote request: s2<-s4#0:OK-t2. Peer's state: s4@group-C77254A99B14:t2, leader=null, voted=s2, raftlog=Memoized:s4@group-C77254A99B14-SegmentedRaftLog:OPENED:c11, conf=11: peers:[s3|0.0.0.0:40731, s4|0.0.0.0:41087, s2|localhost:35737]|listeners:[], old=null
2023-11-28 06:43:30,895 [s2@group-C77254A99B14-LeaderElection9] INFO  server.RaftServerConfigKeys (ConfUtils.java:logGet(46)) - raft.server.watch.timeout = 10s (default)
2023-11-28 06:43:30,895 [s2@group-C77254A99B14-LeaderElection9] INFO  server.RaftServerConfigKeys (ConfUtils.java:logGet(46)) - raft.server.watch.timeout.denomination = 1s (default)
2023-11-28 06:43:30,895 [s2@group-C77254A99B14-LeaderElection9] INFO  server.RaftServerConfigKeys (ConfUtils.java:logGet(46)) - raft.server.watch.element-limit = 65536 (default)
2023-11-28 06:43:30,895 [s2@group-C77254A99B14-LeaderElection9] INFO  server.RaftServerConfigKeys (ConfUtils.java:logGet(46)) - raft.server.read.leader.lease.enabled = false (default)
2023-11-28 06:43:30,895 [s2@group-C77254A99B14-LeaderElection9] INFO  server.RaftServerConfigKeys (ConfUtils.java:logGet(46)) - raft.server.read.leader.lease.timeout.ratio = 0.9 (default)
2023-11-28 06:43:30,895 [s2@group-C77254A99B14-LeaderElection9] INFO  server.RaftServerConfigKeys (ConfUtils.java:logGet(46)) - raft.server.rpc.timeout.min = 150ms (default)
2023-11-28 06:43:30,895 [s2@group-C77254A99B14-LeaderElection9] INFO  server.RaftServerConfigKeys (ConfUtils.java:logGet(46)) - raft.server.write.element-limit = 4096 (default)
2023-11-28 06:43:30,895 [s2@group-C77254A99B14-LeaderElection9] INFO  server.RaftServerConfigKeys (ConfUtils.java:logGet(46)) - raft.server.write.follower.gap.ratio.max = -1.0 (default)
2023-11-28 06:43:30,895 [s2@group-C77254A99B14-LeaderElection9] INFO  server.RaftServerConfigKeys (ConfUtils.java:logGet(46)) - raft.server.log.appender.snapshot.chunk.size.max = 16MB (=16777216) (default)
2023-11-28 06:43:30,895 [s2@group-C77254A99B14-LeaderElection9] INFO  server.RaftServerConfigKeys (ConfUtils.java:logGet(46)) - raft.server.log.appender.buffer.byte-limit = 4MB (=4194304) (default)
2023-11-28 06:43:30,896 [s2@group-C77254A99B14-LeaderElection9] INFO  server.RaftServerConfigKeys (ConfUtils.java:logGet(46)) - raft.server.log.appender.buffer.element-limit = 0 (default)
2023-11-28 06:43:30,896 [s2@group-C77254A99B14-LeaderElection9] INFO  server.RaftServerConfigKeys (ConfUtils.java:logGet(46)) - raft.server.log.appender.wait-time.min = 1ms (default)
2023-11-28 06:43:30,896 [s2@group-C77254A99B14-LeaderElection9] INFO  grpc.GrpcConfigKeys (ConfUtils.java:logGet(46)) - raft.grpc.server.leader.outstanding.appends.max = 8 (default)
2023-11-28 06:43:30,896 [s2@group-C77254A99B14-LeaderElection9] INFO  server.RaftServerConfigKeys (ConfUtils.java:logGet(46)) - raft.server.rpc.request.timeout = 3000ms (default)
2023-11-28 06:43:30,896 [s2@group-C77254A99B14-LeaderElection9] INFO  grpc.GrpcConfigKeys (ConfUtils.java:logGet(46)) - raft.grpc.server.install_snapshot.request.element-limit = 8 (default)
2023-11-28 06:43:30,896 [s2@group-C77254A99B14-LeaderElection9] INFO  grpc.GrpcConfigKeys (ConfUtils.java:logGet(46)) - raft.grpc.server.install_snapshot.request.timeout = 3000ms (default)
2023-11-28 06:43:30,896 [s2@group-C77254A99B14-LeaderElection9] INFO  server.RaftServerConfigKeys (ConfUtils.java:logGet(46)) - raft.server.log.appender.install.snapshot.enabled = true (default)
2023-11-28 06:43:30,896 [s2@group-C77254A99B14-LeaderElection9] INFO  grpc.GrpcConfigKeys (ConfUtils.java:logGet(46)) - raft.grpc.server.heartbeat.channel = true (default)
2023-11-28 06:43:30,896 [s2@group-C77254A99B14-LeaderElection9] INFO  server.RaftServerConfigKeys (ConfUtils.java:logGet(46)) - raft.server.log.appender.snapshot.chunk.size.max = 16MB (=16777216) (default)
2023-11-28 06:43:30,896 [s2@group-C77254A99B14-LeaderElection9] INFO  server.RaftServerConfigKeys (ConfUtils.java:logGet(46)) - raft.server.log.appender.buffer.byte-limit = 4MB (=4194304) (default)
2023-11-28 06:43:30,896 [s2@group-C77254A99B14-LeaderElection9] INFO  server.RaftServerConfigKeys (ConfUtils.java:logGet(46)) - raft.server.log.appender.buffer.element-limit = 0 (default)
2023-11-28 06:43:30,896 [s2@group-C77254A99B14-LeaderElection9] INFO  server.RaftServerConfigKeys (ConfUtils.java:logGet(46)) - raft.server.log.appender.wait-time.min = 1ms (default)
2023-11-28 06:43:30,896 [s2@group-C77254A99B14-LeaderElection9] INFO  grpc.GrpcConfigKeys (ConfUtils.java:logGet(46)) - raft.grpc.server.leader.outstanding.appends.max = 8 (default)
2023-11-28 06:43:30,896 [s2@group-C77254A99B14-LeaderElection9] INFO  server.RaftServerConfigKeys (ConfUtils.java:logGet(46)) - raft.server.rpc.request.timeout = 3000ms (default)
2023-11-28 06:43:30,896 [s2@group-C77254A99B14-LeaderElection9] INFO  grpc.GrpcConfigKeys (ConfUtils.java:logGet(46)) - raft.grpc.server.install_snapshot.request.element-limit = 8 (default)
2023-11-28 06:43:30,896 [s2@group-C77254A99B14-LeaderElection9] INFO  grpc.GrpcConfigKeys (ConfUtils.java:logGet(46)) - raft.grpc.server.install_snapshot.request.timeout = 3000ms (default)
2023-11-28 06:43:30,896 [s2@group-C77254A99B14-LeaderElection9] INFO  server.RaftServerConfigKeys (ConfUtils.java:logGet(46)) - raft.server.log.appender.install.snapshot.enabled = true (default)
2023-11-28 06:43:30,896 [s2@group-C77254A99B14-LeaderElection9] INFO  grpc.GrpcConfigKeys (ConfUtils.java:logGet(46)) - raft.grpc.server.heartbeat.channel = true (default)
2023-11-28 06:43:30,897 [s2@group-C77254A99B14-LeaderElection9] INFO  impl.RoleInfo (RoleInfo.java:updateAndGet(139)) - s2: start s2@group-C77254A99B14-LeaderStateImpl
2023-11-28 06:43:30,897 [s2@group-C77254A99B14-LeaderElection9] INFO  server.RaftServer$Division (ServerState.java:setLeader(265)) - s2@group-C77254A99B14: change Leader from null to s2 at term 2 for becomeLeader, leader elected after 12ms
2023-11-28 06:43:30,897 [s2@group-C77254A99B14-LeaderElection9] INFO  segmented.SegmentedRaftLogWorker (SegmentedRaftLogWorker.java:rollLogSegment(435)) - s2@group-C77254A99B14-SegmentedRaftLogWorker: Rolling segment log-0_12 to index:12
2023-11-28 06:43:30,897 [s2@group-C77254A99B14-LeaderElection9] INFO  server.RaftServer$Division (ServerState.java:setRaftConf(382)) - s2@group-C77254A99B14: set configuration 13: peers:[s3|0.0.0.0:40731, s4|0.0.0.0:41087, s2|localhost:35737]|listeners:[], old=null
2023-11-28 06:43:30,898 [s2@group-C77254A99B14-SegmentedRaftLogWorker] TRACE util.FileUtils (LogUtils.java:runAndLog(49)) - Successfully ran Atomic Files.move /home/runner/work/ratis/ratis/ratis-test/target/test/data/cc86e3b/MiniRaftClusterWithGrpcbe42d27/s2/3d8ff755-ef6a-4c2e-b59e-c77254a99b14/current/log_inprogress_0 to /home/runner/work/ratis/ratis/ratis-test/target/test/data/cc86e3b/MiniRaftClusterWithGrpcbe42d27/s2/3d8ff755-ef6a-4c2e-b59e-c77254a99b14/current/log_0-12
2023-11-28 06:43:30,898 [s2@group-C77254A99B14-SegmentedRaftLogWorker] INFO  segmented.SegmentedRaftLogWorker (SegmentedRaftLogWorker.java:execute(591)) - s2@group-C77254A99B14-SegmentedRaftLogWorker: Rolled log segment from /home/runner/work/ratis/ratis/ratis-test/target/test/data/cc86e3b/MiniRaftClusterWithGrpcbe42d27/s2/3d8ff755-ef6a-4c2e-b59e-c77254a99b14/current/log_inprogress_0 to /home/runner/work/ratis/ratis/ratis-test/target/test/data/cc86e3b/MiniRaftClusterWithGrpcbe42d27/s2/3d8ff755-ef6a-4c2e-b59e-c77254a99b14/current/log_0-12
2023-11-28 06:43:30,898 [s2@group-C77254A99B14-SegmentedRaftLogWorker] INFO  segmented.BufferedWriteChannel (BufferedWriteChannel.java:open(62)) - open log_inprogress_13 at position 0
2023-11-28 06:43:30,904 [s3-server-thread2] INFO  server.RaftServer$Division (ServerState.java:setLeader(265)) - s3@group-C77254A99B14: change Leader from null to s2 at term 2 for appendEntries, leader elected after 12ms
2023-11-28 06:43:30,905 [s4-server-thread3] INFO  server.RaftServer$Division (ServerState.java:setLeader(265)) - s4@group-C77254A99B14: change Leader from null to s2 at term 2 for appendEntries, leader elected after 11ms
2023-11-28 06:43:30,906 [s2@group-C77254A99B14-SegmentedRaftLogWorker] INFO  segmented.SegmentedRaftLogWorker (SegmentedRaftLogWorker.java:execute(634)) - s2@group-C77254A99B14-SegmentedRaftLogWorker: created new log segment /home/runner/work/ratis/ratis/ratis-test/target/test/data/cc86e3b/MiniRaftClusterWithGrpcbe42d27/s2/3d8ff755-ef6a-4c2e-b59e-c77254a99b14/current/log_inprogress_13
2023-11-28 06:43:30,907 [s3-server-thread1] DEBUG server.RaftServer$Division (RaftServerImpl.java:logAppendEntries(1504)) - s3@group-C77254A99B14: receive appendEntries(s2, 2, (t:1, i:12), 11, true, commits:[s2:c11, s3:c11, s4:c11], cId:1, entries: [(t:2, i:13), CONFIGURATIONENTRY(current:id: "s3"
address: "0.0.0.0:40731"
clientAddress: "0.0.0.0:40731"
adminAddress: "0.0.0.0:40731"
startupRole: FOLLOWER
,id: "s4"
address: "0.0.0.0:41087"
clientAddress: "0.0.0.0:41087"
adminAddress: "0.0.0.0:41087"
startupRole: FOLLOWER
,id: "s2"
address: "localhost:35737"
dataStreamAddress: "localhost:44471"
clientAddress: "localhost:34905"
adminAddress: "localhost:39639"
startupRole: FOLLOWER
, old:)]
2023-11-28 06:43:30,907 [s4-server-thread2] DEBUG server.RaftServer$Division (RaftServerImpl.java:logAppendEntries(1504)) - s4@group-C77254A99B14: receive appendEntries(s2, 2, (t:1, i:12), 11, true, commits:[s2:c11, s3:c11, s4:c11], cId:1, entries: [(t:2, i:13), CONFIGURATIONENTRY(current:id: "s3"
address: "0.0.0.0:40731"
clientAddress: "0.0.0.0:40731"
adminAddress: "0.0.0.0:40731"
startupRole: FOLLOWER
,id: "s4"
address: "0.0.0.0:41087"
clientAddress: "0.0.0.0:41087"
adminAddress: "0.0.0.0:41087"
startupRole: FOLLOWER
,id: "s2"
address: "localhost:35737"
dataStreamAddress: "localhost:44471"
clientAddress: "localhost:34905"
adminAddress: "localhost:39639"
startupRole: FOLLOWER
, old:)]
2023-11-28 06:43:30,907 [s3-server-thread1] INFO  server.RaftServer$Division (ServerState.java:setRaftConf(382)) - s3@group-C77254A99B14: set configuration 13: peers:[s3|0.0.0.0:40731, s4|0.0.0.0:41087, s2|localhost:35737]|listeners:[], old=null
2023-11-28 06:43:30,907 [s4-server-thread2] INFO  server.RaftServer$Division (ServerState.java:setRaftConf(382)) - s4@group-C77254A99B14: set configuration 13: peers:[s3|0.0.0.0:40731, s4|0.0.0.0:41087, s2|localhost:35737]|listeners:[], old=null
2023-11-28 06:43:30,907 [s3-server-thread1] INFO  segmented.SegmentedRaftLogWorker (SegmentedRaftLogWorker.java:rollLogSegment(435)) - s3@group-C77254A99B14-SegmentedRaftLogWorker: Rolling segment log-0_12 to index:12
2023-11-28 06:43:30,907 [s4-server-thread2] INFO  segmented.SegmentedRaftLogWorker (SegmentedRaftLogWorker.java:rollLogSegment(435)) - s4@group-C77254A99B14-SegmentedRaftLogWorker: Rolling segment log-0_12 to index:12
2023-11-28 06:43:30,908 [s3@group-C77254A99B14-SegmentedRaftLogWorker] TRACE util.FileUtils (LogUtils.java:runAndLog(49)) - Successfully ran Atomic Files.move /home/runner/work/ratis/ratis/ratis-test/target/test/data/cc86e3b/MiniRaftClusterWithGrpcbe42d27/s3/3d8ff755-ef6a-4c2e-b59e-c77254a99b14/current/log_inprogress_0 to /home/runner/work/ratis/ratis/ratis-test/target/test/data/cc86e3b/MiniRaftClusterWithGrpcbe42d27/s3/3d8ff755-ef6a-4c2e-b59e-c77254a99b14/current/log_0-12
2023-11-28 06:43:30,908 [s3@group-C77254A99B14-SegmentedRaftLogWorker] INFO  segmented.SegmentedRaftLogWorker (SegmentedRaftLogWorker.java:execute(591)) - s3@group-C77254A99B14-SegmentedRaftLogWorker: Rolled log segment from /home/runner/work/ratis/ratis/ratis-test/target/test/data/cc86e3b/MiniRaftClusterWithGrpcbe42d27/s3/3d8ff755-ef6a-4c2e-b59e-c77254a99b14/current/log_inprogress_0 to /home/runner/work/ratis/ratis/ratis-test/target/test/data/cc86e3b/MiniRaftClusterWithGrpcbe42d27/s3/3d8ff755-ef6a-4c2e-b59e-c77254a99b14/current/log_0-12
2023-11-28 06:43:30,908 [s4@group-C77254A99B14-SegmentedRaftLogWorker] TRACE util.FileUtils (LogUtils.java:runAndLog(49)) - Successfully ran Atomic Files.move /home/runner/work/ratis/ratis/ratis-test/target/test/data/cc86e3b/MiniRaftClusterWithGrpcbe42d27/s4/3d8ff755-ef6a-4c2e-b59e-c77254a99b14/current/log_inprogress_0 to /home/runner/work/ratis/ratis/ratis-test/target/test/data/cc86e3b/MiniRaftClusterWithGrpcbe42d27/s4/3d8ff755-ef6a-4c2e-b59e-c77254a99b14/current/log_0-12
2023-11-28 06:43:30,908 [s4@group-C77254A99B14-SegmentedRaftLogWorker] INFO  segmented.SegmentedRaftLogWorker (SegmentedRaftLogWorker.java:execute(591)) - s4@group-C77254A99B14-SegmentedRaftLogWorker: Rolled log segment from /home/runner/work/ratis/ratis/ratis-test/target/test/data/cc86e3b/MiniRaftClusterWithGrpcbe42d27/s4/3d8ff755-ef6a-4c2e-b59e-c77254a99b14/current/log_inprogress_0 to /home/runner/work/ratis/ratis/ratis-test/target/test/data/cc86e3b/MiniRaftClusterWithGrpcbe42d27/s4/3d8ff755-ef6a-4c2e-b59e-c77254a99b14/current/log_0-12
2023-11-28 06:43:30,908 [s3@group-C77254A99B14-SegmentedRaftLogWorker] INFO  segmented.BufferedWriteChannel (BufferedWriteChannel.java:open(62)) - open log_inprogress_13 at position 0
2023-11-28 06:43:30,908 [s4@group-C77254A99B14-SegmentedRaftLogWorker] INFO  segmented.BufferedWriteChannel (BufferedWriteChannel.java:open(62)) - open log_inprogress_13 at position 0
2023-11-28 06:43:30,916 [s1@group-C77254A99B14-FollowerState] INFO  impl.FollowerState (FollowerState.java:run(143)) - s1@group-C77254A99B14-FollowerState: change to CANDIDATE, lastRpcElapsedTime:305842555ns, electionTimeout:221ms
2023-11-28 06:43:30,916 [s1@group-C77254A99B14-FollowerState] INFO  impl.RoleInfo (RoleInfo.java:shutdownFollowerState(110)) - s1: shutdown s1@group-C77254A99B14-FollowerState
2023-11-28 06:43:30,916 [s1@group-C77254A99B14-FollowerState] INFO  server.RaftServer$Division (RaftServerImpl.java:setRole(379)) - s1@group-C77254A99B14: changes role from  FOLLOWER to CANDIDATE at term 1 for changeToCandidate
2023-11-28 06:43:30,917 [s1@group-C77254A99B14-FollowerState] INFO  server.RaftServerConfigKeys (ConfUtils.java:logGet(46)) - raft.server.leaderelection.pre-vote = true (default)
2023-11-28 06:43:30,917 [s1@group-C77254A99B14-FollowerState] INFO  impl.RoleInfo (RoleInfo.java:updateAndGet(139)) - s1: start s1@group-C77254A99B14-LeaderElection10
2023-11-28 06:43:30,917 [s1@group-C77254A99B14-LeaderElection10] INFO  server.RaftServer$Division (ServerState.java:setLeader(265)) - s1@group-C77254A99B14: change Leader from s0 to null at term 1 for PRE_VOTE
2023-11-28 06:43:30,917 [s1@group-C77254A99B14-LeaderElection10] INFO  impl.LeaderElection (LeaderElection.java:askForVotes(323)) - s1@group-C77254A99B14-LeaderElection10 PRE_VOTE round 0: submit vote requests at term 1 for 9: peers:[s3|0.0.0.0:40731, s4|0.0.0.0:41087, s2|localhost:35737]|listeners:[], old=peers:[s3|0.0.0.0:40731, s4|0.0.0.0:41087, s0|localhost:46347, s1|localhost:33829, s2|localhost:35737]|listeners:[]
2023-11-28 06:43:30,917 [s1@group-C77254A99B14-LeaderElection10] INFO  impl.LeaderElection (LeaderElection.java:askForVotes(325)) - s1@group-C77254A99B14-LeaderElection10 PRE_VOTE round 0: result NOT_IN_CONF (term=1)
2023-11-28 06:43:30,917 [s1@group-C77254A99B14-LeaderElection10] INFO  server.RaftServer (RaftServerProxy.java:lambda$close$9(416)) - s1: close
2023-11-28 06:43:30,917 [s1-impl-thread1] INFO  server.RaftServer$Division (RaftServerImpl.java:lambda$close$3(516)) - s1@group-C77254A99B14: shutdown
2023-11-28 06:43:30,917 [s1@group-C77254A99B14-LeaderElection10] INFO  server.GrpcService (GrpcService.java:closeImpl(311)) - s1: shutdown server org.apache.ratis.grpc.server.GrpcClientProtocolService now
2023-11-28 06:43:30,917 [s1-impl-thread1] INFO  util.JmxRegister (JmxRegister.java:unregister(73)) - Successfully un-registered JMX Bean with object name Ratis:service=RaftServer,group=group-C77254A99B14,id=s1
2023-11-28 06:43:30,917 [s1-impl-thread1] INFO  impl.RoleInfo (RoleInfo.java:shutdownLeaderElection(130)) - s1: shutdown s1@group-C77254A99B14-LeaderElection10
2023-11-28 06:43:30,917 [s1-impl-thread1] INFO  impl.StateMachineUpdater (StateMachineUpdater.java:stopAndJoin(157)) - s1@group-C77254A99B14-StateMachineUpdater: set stopIndex = 9
2023-11-28 06:43:30,917 [s1-impl-thread1] INFO  server.RaftServer$Division (ServerState.java:close(423)) - s1@group-C77254A99B14: applyIndex: 9
2023-11-28 06:43:30,918 [s1@group-C77254A99B14-cacheEviction-AwaitToRun] INFO  util.AwaitToRun (AwaitToRun.java:run(49)) - s1@group-C77254A99B14-cacheEviction-AwaitToRun-AwaitForSignal is interrupted
2023-11-28 06:43:30,918 [s3@group-C77254A99B14-SegmentedRaftLogWorker] INFO  segmented.SegmentedRaftLogWorker (SegmentedRaftLogWorker.java:execute(634)) - s3@group-C77254A99B14-SegmentedRaftLogWorker: created new log segment /home/runner/work/ratis/ratis/ratis-test/target/test/data/cc86e3b/MiniRaftClusterWithGrpcbe42d27/s3/3d8ff755-ef6a-4c2e-b59e-c77254a99b14/current/log_inprogress_13
2023-11-28 06:43:30,918 [s1@group-C77254A99B14-LeaderElection10] INFO  server.GrpcService (GrpcService.java:closeImpl(320)) - s1: shutdown server org.apache.ratis.grpc.server.GrpcClientProtocolService successfully
2023-11-28 06:43:30,918 [s1@group-C77254A99B14-LeaderElection10] INFO  server.GrpcService (GrpcService.java:closeImpl(311)) - s1: shutdown server GrpcServerProtocolService now
2023-11-28 06:43:30,918 [s4@group-C77254A99B14-SegmentedRaftLogWorker] INFO  segmented.SegmentedRaftLogWorker (SegmentedRaftLogWorker.java:execute(634)) - s4@group-C77254A99B14-SegmentedRaftLogWorker: created new log segment /home/runner/work/ratis/ratis/ratis-test/target/test/data/cc86e3b/MiniRaftClusterWithGrpcbe42d27/s4/3d8ff755-ef6a-4c2e-b59e-c77254a99b14/current/log_inprogress_13
2023-11-28 06:43:30,918 [s3-server-thread1] DEBUG server.RaftServer$Division (RaftServerImpl.java:logAppendEntries(1504)) - s3@group-C77254A99B14: succeeded to handle AppendEntries. Reply: s2<-s3#1:OK-t2,SUCCESS,nextIndex=14,followerCommit=11,matchIndex=13
2023-11-28 06:43:30,919 [s4-server-thread2] DEBUG server.RaftServer$Division (RaftServerImpl.java:logAppendEntries(1504)) - s4@group-C77254A99B14: succeeded to handle AppendEntries. Reply: s2<-s4#1:OK-t2,SUCCESS,nextIndex=14,followerCommit=11,matchIndex=13
2023-11-28 06:43:30,920 [s2@group-C77254A99B14-StateMachineUpdater] TRACE util.FileUtils (LogUtils.java:supplyAndLog(69)) - Successfully supplied FileChannel.open /home/runner/work/ratis/ratis/ratis-test/target/test/data/cc86e3b/MiniRaftClusterWithGrpcbe42d27/s2/3d8ff755-ef6a-4c2e-b59e-c77254a99b14/current/raft-meta.conf.tmp with options [CREATE, WRITE]: sun.nio.ch.FileChannelImpl@282fd0f7
2023-11-28 06:43:30,920 [s3-server-thread1] DEBUG server.RaftServer$Division (RaftServerImpl.java:logAppendEntries(1504)) - s3@group-C77254A99B14: receive appendEntries(s2, 2, (t:2, i:13), 13, true, commits:[s2:c13, s3:c11, s4:c11], cId:2, entries: [(t:2, i:14), METADATAENTRY(c:13)]
2023-11-28 06:43:30,921 [s4-server-thread2] DEBUG server.RaftServer$Division (RaftServerImpl.java:logAppendEntries(1504)) - s4@group-C77254A99B14: receive appendEntries(s2, 2, (t:2, i:13), 13, true, commits:[s2:c13, s3:c11, s4:c11], cId:2, entries: [(t:2, i:14), METADATAENTRY(c:13)]
2023-11-28 06:43:30,921 [s2@group-C77254A99B14-StateMachineUpdater] TRACE util.FileUtils (LogUtils.java:runAndLog(49)) - Successfully ran Atomic Files.move /home/runner/work/ratis/ratis/ratis-test/target/test/data/cc86e3b/MiniRaftClusterWithGrpcbe42d27/s2/3d8ff755-ef6a-4c2e-b59e-c77254a99b14/current/raft-meta.conf.tmp to /home/runner/work/ratis/ratis/ratis-test/target/test/data/cc86e3b/MiniRaftClusterWithGrpcbe42d27/s2/3d8ff755-ef6a-4c2e-b59e-c77254a99b14/current/raft-meta.conf with options [REPLACE_EXISTING]
2023-11-28 06:43:30,921 [s2@group-C77254A99B14-StateMachineUpdater] INFO  server.RaftServer$Division (LeaderStateImpl.java:isApplied(316)) - leader is ready since appliedIndex == 13 >= startIndex == 13
2023-11-28 06:43:30,921 [s1@group-C77254A99B14-LeaderElection10] INFO  server.GrpcService (GrpcService.java:closeImpl(320)) - s1: shutdown server GrpcServerProtocolService successfully
2023-11-28 06:43:30,921 [s1@group-C77254A99B14-LeaderElection10] INFO  server.GrpcService (GrpcService.java:closeImpl(311)) - s1: shutdown server org.apache.ratis.grpc.server.GrpcAdminProtocolService now
2023-11-28 06:43:30,922 [s4-server-thread2] DEBUG server.RaftServer$Division (RaftServerImpl.java:logAppendEntries(1504)) - s4@group-C77254A99B14: succeeded to handle AppendEntries. Reply: s2<-s4#2:OK-t2,SUCCESS,nextIndex=15,followerCommit=13,matchIndex=14
2023-11-28 06:43:30,922 [s4@group-C77254A99B14-StateMachineUpdater] TRACE util.FileUtils (LogUtils.java:supplyAndLog(69)) - Successfully supplied FileChannel.open /home/runner/work/ratis/ratis/ratis-test/target/test/data/cc86e3b/MiniRaftClusterWithGrpcbe42d27/s4/3d8ff755-ef6a-4c2e-b59e-c77254a99b14/current/raft-meta.conf.tmp with options [CREATE, WRITE]: sun.nio.ch.FileChannelImpl@3d32dc37
2023-11-28 06:43:30,922 [s3-server-thread1] DEBUG server.RaftServer$Division (RaftServerImpl.java:logAppendEntries(1504)) - s3@group-C77254A99B14: succeeded to handle AppendEntries. Reply: s2<-s3#2:OK-t2,SUCCESS,nextIndex=15,followerCommit=13,matchIndex=14
2023-11-28 06:43:30,923 [s3@group-C77254A99B14-StateMachineUpdater] TRACE util.FileUtils (LogUtils.java:supplyAndLog(69)) - Successfully supplied FileChannel.open /home/runner/work/ratis/ratis/ratis-test/target/test/data/cc86e3b/MiniRaftClusterWithGrpcbe42d27/s3/3d8ff755-ef6a-4c2e-b59e-c77254a99b14/current/raft-meta.conf.tmp with options [CREATE, WRITE]: sun.nio.ch.FileChannelImpl@5ec95335
2023-11-28 06:43:30,923 [s4@group-C77254A99B14-StateMachineUpdater] TRACE util.FileUtils (LogUtils.java:runAndLog(49)) - Successfully ran Atomic Files.move /home/runner/work/ratis/ratis/ratis-test/target/test/data/cc86e3b/MiniRaftClusterWithGrpcbe42d27/s4/3d8ff755-ef6a-4c2e-b59e-c77254a99b14/current/raft-meta.conf.tmp to /home/runner/work/ratis/ratis/ratis-test/target/test/data/cc86e3b/MiniRaftClusterWithGrpcbe42d27/s4/3d8ff755-ef6a-4c2e-b59e-c77254a99b14/current/raft-meta.conf with options [REPLACE_EXISTING]
2023-11-28 06:43:30,924 [s3@group-C77254A99B14-StateMachineUpdater] TRACE util.FileUtils (LogUtils.java:runAndLog(49)) - Successfully ran Atomic Files.move /home/runner/work/ratis/ratis/ratis-test/target/test/data/cc86e3b/MiniRaftClusterWithGrpcbe42d27/s3/3d8ff755-ef6a-4c2e-b59e-c77254a99b14/current/raft-meta.conf.tmp to /home/runner/work/ratis/ratis/ratis-test/target/test/data/cc86e3b/MiniRaftClusterWithGrpcbe42d27/s3/3d8ff755-ef6a-4c2e-b59e-c77254a99b14/current/raft-meta.conf with options [REPLACE_EXISTING]
2023-11-28 06:43:30,928 [s1@group-C77254A99B14-LeaderElection10] INFO  server.GrpcService (GrpcService.java:closeImpl(320)) - s1: shutdown server org.apache.ratis.grpc.server.GrpcAdminProtocolService successfully
2023-11-28 06:43:30,930 [grpc-default-executor-6] ERROR impl.OrderedAsync (OrderedAsync.java:lambda$sendRequest$9(247)) - client-23DA7E6A7FE2: Failed* RaftClientRequest:client-23DA7E6A7FE2->s0@group-9F468C9C58F9, cid=6, seq=1*, Watch(0), null
java.util.concurrent.CompletionException: java.io.IOException: org.apache.ratis.thirdparty.io.grpc.StatusRuntimeException: UNAVAILABLE: io exception
	at java.base/java.util.concurrent.CompletableFuture.encodeThrowable(CompletableFuture.java:331)
	at java.base/java.util.concurrent.CompletableFuture.completeThrowable(CompletableFuture.java:346)
	at java.base/java.util.concurrent.CompletableFuture$UniApply.tryFire(CompletableFuture.java:632)
	at java.base/java.util.concurrent.CompletableFuture.postComplete(CompletableFuture.java:506)
	at java.base/java.util.concurrent.CompletableFuture.completeExceptionally(CompletableFuture.java:2094)
	at org.apache.ratis.grpc.client.GrpcClientProtocolClient$AsyncStreamObservers.completeReplyExceptionally(GrpcClientProtocolClient.java:394)
	at org.apache.ratis.grpc.client.GrpcClientProtocolClient$AsyncStreamObservers.access$000(GrpcClientProtocolClient.java:300)
	at org.apache.ratis.grpc.client.GrpcClientProtocolClient$AsyncStreamObservers$1.onError(GrpcClientProtocolClient.java:331)
	at org.apache.ratis.thirdparty.io.grpc.stub.ClientCalls$StreamObserverToCallListenerAdapter.onClose(ClientCalls.java:481)
	at org.apache.ratis.thirdparty.io.grpc.PartialForwardingClientCallListener.onClose(PartialForwardingClientCallListener.java:39)
	at org.apache.ratis.thirdparty.io.grpc.ForwardingClientCallListener.onClose(ForwardingClientCallListener.java:23)
	at org.apache.ratis.grpc.metrics.intercept.client.MetricClientCallListener.onClose(MetricClientCallListener.java:47)
	at org.apache.ratis.thirdparty.io.grpc.internal.DelayedClientCall$DelayedListener$3.run(DelayedClientCall.java:489)
	at org.apache.ratis.thirdparty.io.grpc.internal.DelayedClientCall$DelayedListener.delayOrExecute(DelayedClientCall.java:453)
	at org.apache.ratis.thirdparty.io.grpc.internal.DelayedClientCall$DelayedListener.onClose(DelayedClientCall.java:486)
	at org.apache.ratis.thirdparty.io.grpc.internal.ClientCallImpl.closeObserver(ClientCallImpl.java:567)
	at org.apache.ratis.thirdparty.io.grpc.internal.ClientCallImpl.access$300(ClientCallImpl.java:71)
	at org.apache.ratis.thirdparty.io.grpc.internal.ClientCallImpl$ClientStreamListenerImpl$1StreamClosed.runInternal(ClientCallImpl.java:735)
	at org.apache.ratis.thirdparty.io.grpc.internal.ClientCallImpl$ClientStreamListenerImpl$1StreamClosed.runInContext(ClientCallImpl.java:716)
	at org.apache.ratis.thirdparty.io.grpc.internal.ContextRunnable.run(ContextRunnable.java:37)
	at org.apache.ratis.thirdparty.io.grpc.internal.SerializingExecutor.run(SerializingExecutor.java:133)
	at java.base/java.util.concurrent.ThreadPoolExecutor.runWorker(ThreadPoolExecutor.java:1128)
	at java.base/java.util.concurrent.ThreadPoolExecutor$Worker.run(ThreadPoolExecutor.java:628)
	at java.base/java.lang.Thread.run(Thread.java:829)
Caused by: java.io.IOException: org.apache.ratis.thirdparty.io.grpc.StatusRuntimeException: UNAVAILABLE: io exception
	at org.apache.ratis.grpc.GrpcUtil.unwrapException(GrpcUtil.java:99)
	at org.apache.ratis.grpc.GrpcUtil.unwrapIOException(GrpcUtil.java:159)
	at org.apache.ratis.grpc.client.GrpcClientProtocolClient$AsyncStreamObservers$1.onError(GrpcClientProtocolClient.java:330)
	... 16 more
Caused by: org.apache.ratis.thirdparty.io.grpc.StatusRuntimeException: UNAVAILABLE: io exception
	at org.apache.ratis.thirdparty.io.grpc.Status.asRuntimeException(Status.java:537)
	... 16 more
Caused by: org.apache.ratis.thirdparty.io.netty.channel.AbstractChannel$AnnotatedConnectException: finishConnect(..) failed: Connection refused: localhost/127.0.0.1:43007
Caused by: java.net.ConnectException: finishConnect(..) failed: Connection refused
	at org.apache.ratis.thirdparty.io.netty.channel.unix.Errors.newConnectException0(Errors.java:166)
	at org.apache.ratis.thirdparty.io.netty.channel.unix.Errors.handleConnectErrno(Errors.java:131)
	at org.apache.ratis.thirdparty.io.netty.channel.unix.Socket.finishConnect(Socket.java:359)
	at org.apache.ratis.thirdparty.io.netty.channel.epoll.AbstractEpollChannel$AbstractEpollUnsafe.doFinishConnect(AbstractEpollChannel.java:710)
	at org.apache.ratis.thirdparty.io.netty.channel.epoll.AbstractEpollChannel$AbstractEpollUnsafe.finishConnect(AbstractEpollChannel.java:687)
	at org.apache.ratis.thirdparty.io.netty.channel.epoll.AbstractEpollChannel$AbstractEpollUnsafe.epollOutReady(AbstractEpollChannel.java:567)
	at org.apache.ratis.thirdparty.io.netty.channel.epoll.EpollEventLoop.processReady(EpollEventLoop.java:499)
	at org.apache.ratis.thirdparty.io.netty.channel.epoll.EpollEventLoop.run(EpollEventLoop.java:407)
	at org.apache.ratis.thirdparty.io.netty.util.concurrent.SingleThreadEventExecutor$4.run(SingleThreadEventExecutor.java:997)
	at org.apache.ratis.thirdparty.io.netty.util.internal.ThreadExecutorMap$2.run(ThreadExecutorMap.java:74)
	at org.apache.ratis.thirdparty.io.netty.util.concurrent.FastThreadLocalRunnable.run(FastThreadLocalRunnable.java:30)
	at java.base/java.lang.Thread.run(Thread.java:829)
2023-11-28 06:43:31,033 [grpc-default-executor-6] ERROR impl.OrderedAsync (OrderedAsync.java:lambda$sendRequest$9(247)) - client-23DA7E6A7FE2: Failed* RaftClientRequest:client-23DA7E6A7FE2->s1@group-9F468C9C58F9, cid=6, seq=1*, Watch(0), null
java.util.concurrent.CompletionException: java.io.IOException: org.apache.ratis.thirdparty.io.grpc.StatusRuntimeException: UNAVAILABLE: io exception
	at java.base/java.util.concurrent.CompletableFuture.encodeThrowable(CompletableFuture.java:331)
	at java.base/java.util.concurrent.CompletableFuture.completeThrowable(CompletableFuture.java:346)
	at java.base/java.util.concurrent.CompletableFuture$UniApply.tryFire(CompletableFuture.java:632)
	at java.base/java.util.concurrent.CompletableFuture.postComplete(CompletableFuture.java:506)
	at java.base/java.util.concurrent.CompletableFuture.completeExceptionally(CompletableFuture.java:2094)
	at org.apache.ratis.grpc.client.GrpcClientProtocolClient$AsyncStreamObservers.completeReplyExceptionally(GrpcClientProtocolClient.java:394)
	at org.apache.ratis.grpc.client.GrpcClientProtocolClient$AsyncStreamObservers.access$000(GrpcClientProtocolClient.java:300)
	at org.apache.ratis.grpc.client.GrpcClientProtocolClient$AsyncStreamObservers$1.onError(GrpcClientProtocolClient.java:331)
	at org.apache.ratis.thirdparty.io.grpc.stub.ClientCalls$StreamObserverToCallListenerAdapter.onClose(ClientCalls.java:481)
	at org.apache.ratis.thirdparty.io.grpc.PartialForwardingClientCallListener.onClose(PartialForwardingClientCallListener.java:39)
	at org.apache.ratis.thirdparty.io.grpc.ForwardingClientCallListener.onClose(ForwardingClientCallListener.java:23)
	at org.apache.ratis.grpc.metrics.intercept.client.MetricClientCallListener.onClose(MetricClientCallListener.java:47)
	at org.apache.ratis.thirdparty.io.grpc.internal.DelayedClientCall$DelayedListener$3.run(DelayedClientCall.java:489)
	at org.apache.ratis.thirdparty.io.grpc.internal.DelayedClientCall$DelayedListener.delayOrExecute(DelayedClientCall.java:453)
	at org.apache.ratis.thirdparty.io.grpc.internal.DelayedClientCall$DelayedListener.onClose(DelayedClientCall.java:486)
	at org.apache.ratis.thirdparty.io.grpc.internal.ClientCallImpl.closeObserver(ClientCallImpl.java:567)
	at org.apache.ratis.thirdparty.io.grpc.internal.ClientCallImpl.access$300(ClientCallImpl.java:71)
	at org.apache.ratis.thirdparty.io.grpc.internal.ClientCallImpl$ClientStreamListenerImpl$1StreamClosed.runInternal(ClientCallImpl.java:735)
	at org.apache.ratis.thirdparty.io.grpc.internal.ClientCallImpl$ClientStreamListenerImpl$1StreamClosed.runInContext(ClientCallImpl.java:716)
	at org.apache.ratis.thirdparty.io.grpc.internal.ContextRunnable.run(ContextRunnable.java:37)
	at org.apache.ratis.thirdparty.io.grpc.internal.SerializingExecutor.run(SerializingExecutor.java:133)
	at java.base/java.util.concurrent.ThreadPoolExecutor.runWorker(ThreadPoolExecutor.java:1128)
	at java.base/java.util.concurrent.ThreadPoolExecutor$Worker.run(ThreadPoolExecutor.java:628)
	at java.base/java.lang.Thread.run(Thread.java:829)
Caused by: java.io.IOException: org.apache.ratis.thirdparty.io.grpc.StatusRuntimeException: UNAVAILABLE: io exception
	at org.apache.ratis.grpc.GrpcUtil.unwrapException(GrpcUtil.java:99)
	at org.apache.ratis.grpc.GrpcUtil.unwrapIOException(GrpcUtil.java:159)
	at org.apache.ratis.grpc.client.GrpcClientProtocolClient$AsyncStreamObservers$1.onError(GrpcClientProtocolClient.java:330)
	... 16 more
Caused by: org.apache.ratis.thirdparty.io.grpc.StatusRuntimeException: UNAVAILABLE: io exception
	at org.apache.ratis.thirdparty.io.grpc.Status.asRuntimeException(Status.java:537)
	... 16 more
Caused by: org.apache.ratis.thirdparty.io.netty.channel.AbstractChannel$AnnotatedConnectException: finishConnect(..) failed: Connection refused: localhost/127.0.0.1:37939
Caused by: java.net.ConnectException: finishConnect(..) failed: Connection refused
	at org.apache.ratis.thirdparty.io.netty.channel.unix.Errors.newConnectException0(Errors.java:166)
	at org.apache.ratis.thirdparty.io.netty.channel.unix.Errors.handleConnectErrno(Errors.java:131)
	at org.apache.ratis.thirdparty.io.netty.channel.unix.Socket.finishConnect(Socket.java:359)
	at org.apache.ratis.thirdparty.io.netty.channel.epoll.AbstractEpollChannel$AbstractEpollUnsafe.doFinishConnect(AbstractEpollChannel.java:710)
	at org.apache.ratis.thirdparty.io.netty.channel.epoll.AbstractEpollChannel$AbstractEpollUnsafe.finishConnect(AbstractEpollChannel.java:687)
	at org.apache.ratis.thirdparty.io.netty.channel.epoll.AbstractEpollChannel$AbstractEpollUnsafe.epollOutReady(AbstractEpollChannel.java:567)
	at org.apache.ratis.thirdparty.io.netty.channel.epoll.EpollEventLoop.processReady(EpollEventLoop.java:499)
	at org.apache.ratis.thirdparty.io.netty.channel.epoll.EpollEventLoop.run(EpollEventLoop.java:407)
	at org.apache.ratis.thirdparty.io.netty.util.concurrent.SingleThreadEventExecutor$4.run(SingleThreadEventExecutor.java:997)
	at org.apache.ratis.thirdparty.io.netty.util.internal.ThreadExecutorMap$2.run(ThreadExecutorMap.java:74)
	at org.apache.ratis.thirdparty.io.netty.util.concurrent.FastThreadLocalRunnable.run(FastThreadLocalRunnable.java:30)
	at java.base/java.lang.Thread.run(Thread.java:829)
2023-11-28 06:43:31,135 [grpc-default-executor-3] ERROR impl.OrderedAsync (OrderedAsync.java:lambda$sendRequest$9(247)) - client-23DA7E6A7FE2: Failed* RaftClientRequest:client-23DA7E6A7FE2->s0@group-9F468C9C58F9, cid=6, seq=1*, Watch(0), null
java.util.concurrent.CompletionException: java.io.IOException: org.apache.ratis.thirdparty.io.grpc.StatusRuntimeException: UNAVAILABLE: io exception
	at java.base/java.util.concurrent.CompletableFuture.encodeThrowable(CompletableFuture.java:331)
	at java.base/java.util.concurrent.CompletableFuture.completeThrowable(CompletableFuture.java:346)
	at java.base/java.util.concurrent.CompletableFuture$UniApply.tryFire(CompletableFuture.java:632)
	at java.base/java.util.concurrent.CompletableFuture.postComplete(CompletableFuture.java:506)
	at java.base/java.util.concurrent.CompletableFuture.completeExceptionally(CompletableFuture.java:2094)
	at org.apache.ratis.grpc.client.GrpcClientProtocolClient$AsyncStreamObservers.completeReplyExceptionally(GrpcClientProtocolClient.java:394)
	at org.apache.ratis.grpc.client.GrpcClientProtocolClient$AsyncStreamObservers.access$000(GrpcClientProtocolClient.java:300)
	at org.apache.ratis.grpc.client.GrpcClientProtocolClient$AsyncStreamObservers$1.onError(GrpcClientProtocolClient.java:331)
	at org.apache.ratis.thirdparty.io.grpc.stub.ClientCalls$StreamObserverToCallListenerAdapter.onClose(ClientCalls.java:481)
	at org.apache.ratis.thirdparty.io.grpc.PartialForwardingClientCallListener.onClose(PartialForwardingClientCallListener.java:39)
	at org.apache.ratis.thirdparty.io.grpc.ForwardingClientCallListener.onClose(ForwardingClientCallListener.java:23)
	at org.apache.ratis.grpc.metrics.intercept.client.MetricClientCallListener.onClose(MetricClientCallListener.java:47)
	at org.apache.ratis.thirdparty.io.grpc.internal.DelayedClientCall$DelayedListener$3.run(DelayedClientCall.java:489)
	at org.apache.ratis.thirdparty.io.grpc.internal.DelayedClientCall$DelayedListener.delayOrExecute(DelayedClientCall.java:453)
	at org.apache.ratis.thirdparty.io.grpc.internal.DelayedClientCall$DelayedListener.onClose(DelayedClientCall.java:486)
	at org.apache.ratis.thirdparty.io.grpc.internal.ClientCallImpl.closeObserver(ClientCallImpl.java:567)
	at org.apache.ratis.thirdparty.io.grpc.internal.ClientCallImpl.access$300(ClientCallImpl.java:71)
	at org.apache.ratis.thirdparty.io.grpc.internal.ClientCallImpl$ClientStreamListenerImpl$1StreamClosed.runInternal(ClientCallImpl.java:735)
	at org.apache.ratis.thirdparty.io.grpc.internal.ClientCallImpl$ClientStreamListenerImpl$1StreamClosed.runInContext(ClientCallImpl.java:716)
	at org.apache.ratis.thirdparty.io.grpc.internal.ContextRunnable.run(ContextRunnable.java:37)
	at org.apache.ratis.thirdparty.io.grpc.internal.SerializingExecutor.run(SerializingExecutor.java:133)
	at java.base/java.util.concurrent.ThreadPoolExecutor.runWorker(ThreadPoolExecutor.java:1128)
	at java.base/java.util.concurrent.ThreadPoolExecutor$Worker.run(ThreadPoolExecutor.java:628)
	at java.base/java.lang.Thread.run(Thread.java:829)
Caused by: java.io.IOException: org.apache.ratis.thirdparty.io.grpc.StatusRuntimeException: UNAVAILABLE: io exception
	at org.apache.ratis.grpc.GrpcUtil.unwrapException(GrpcUtil.java:99)
	at org.apache.ratis.grpc.GrpcUtil.unwrapIOException(GrpcUtil.java:159)
	at org.apache.ratis.grpc.client.GrpcClientProtocolClient$AsyncStreamObservers$1.onError(GrpcClientProtocolClient.java:330)
	... 16 more
Caused by: org.apache.ratis.thirdparty.io.grpc.StatusRuntimeException: UNAVAILABLE: io exception
	at org.apache.ratis.thirdparty.io.grpc.Status.asRuntimeException(Status.java:537)
	... 16 more
Caused by: org.apache.ratis.thirdparty.io.netty.channel.AbstractChannel$AnnotatedConnectException: finishConnect(..) failed: Connection refused: localhost/127.0.0.1:43007
Caused by: java.net.ConnectException: finishConnect(..) failed: Connection refused
	at org.apache.ratis.thirdparty.io.netty.channel.unix.Errors.newConnectException0(Errors.java:166)
	at org.apache.ratis.thirdparty.io.netty.channel.unix.Errors.handleConnectErrno(Errors.java:131)
	at org.apache.ratis.thirdparty.io.netty.channel.unix.Socket.finishConnect(Socket.java:359)
	at org.apache.ratis.thirdparty.io.netty.channel.epoll.AbstractEpollChannel$AbstractEpollUnsafe.doFinishConnect(AbstractEpollChannel.java:710)
	at org.apache.ratis.thirdparty.io.netty.channel.epoll.AbstractEpollChannel$AbstractEpollUnsafe.finishConnect(AbstractEpollChannel.java:687)
	at org.apache.ratis.thirdparty.io.netty.channel.epoll.AbstractEpollChannel$AbstractEpollUnsafe.epollOutReady(AbstractEpollChannel.java:567)
	at org.apache.ratis.thirdparty.io.netty.channel.epoll.EpollEventLoop.processReady(EpollEventLoop.java:499)
	at org.apache.ratis.thirdparty.io.netty.channel.epoll.EpollEventLoop.run(EpollEventLoop.java:407)
	at org.apache.ratis.thirdparty.io.netty.util.concurrent.SingleThreadEventExecutor$4.run(SingleThreadEventExecutor.java:997)
	at org.apache.ratis.thirdparty.io.netty.util.internal.ThreadExecutorMap$2.run(ThreadExecutorMap.java:74)
	at org.apache.ratis.thirdparty.io.netty.util.concurrent.FastThreadLocalRunnable.run(FastThreadLocalRunnable.java:30)
	at java.base/java.lang.Thread.run(Thread.java:829)
2023-11-28 06:43:31,238 [grpc-default-executor-7] ERROR impl.OrderedAsync (OrderedAsync.java:lambda$sendRequest$9(247)) - client-23DA7E6A7FE2: Failed* RaftClientRequest:client-23DA7E6A7FE2->s1@group-9F468C9C58F9, cid=6, seq=1*, Watch(0), null
java.util.concurrent.CompletionException: java.io.IOException: org.apache.ratis.thirdparty.io.grpc.StatusRuntimeException: UNAVAILABLE: io exception
	at java.base/java.util.concurrent.CompletableFuture.encodeThrowable(CompletableFuture.java:331)
	at java.base/java.util.concurrent.CompletableFuture.completeThrowable(CompletableFuture.java:346)
	at java.base/java.util.concurrent.CompletableFuture$UniApply.tryFire(CompletableFuture.java:632)
	at java.base/java.util.concurrent.CompletableFuture.postComplete(CompletableFuture.java:506)
	at java.base/java.util.concurrent.CompletableFuture.completeExceptionally(CompletableFuture.java:2094)
	at org.apache.ratis.grpc.client.GrpcClientProtocolClient$AsyncStreamObservers.completeReplyExceptionally(GrpcClientProtocolClient.java:394)
	at org.apache.ratis.grpc.client.GrpcClientProtocolClient$AsyncStreamObservers.access$000(GrpcClientProtocolClient.java:300)
	at org.apache.ratis.grpc.client.GrpcClientProtocolClient$AsyncStreamObservers$1.onError(GrpcClientProtocolClient.java:331)
	at org.apache.ratis.thirdparty.io.grpc.stub.ClientCalls$StreamObserverToCallListenerAdapter.onClose(ClientCalls.java:481)
	at org.apache.ratis.thirdparty.io.grpc.PartialForwardingClientCallListener.onClose(PartialForwardingClientCallListener.java:39)
	at org.apache.ratis.thirdparty.io.grpc.ForwardingClientCallListener.onClose(ForwardingClientCallListener.java:23)
	at org.apache.ratis.grpc.metrics.intercept.client.MetricClientCallListener.onClose(MetricClientCallListener.java:47)
	at org.apache.ratis.thirdparty.io.grpc.internal.DelayedClientCall$DelayedListener$3.run(DelayedClientCall.java:489)
	at org.apache.ratis.thirdparty.io.grpc.internal.DelayedClientCall$DelayedListener.delayOrExecute(DelayedClientCall.java:453)
	at org.apache.ratis.thirdparty.io.grpc.internal.DelayedClientCall$DelayedListener.onClose(DelayedClientCall.java:486)
	at org.apache.ratis.thirdparty.io.grpc.internal.ClientCallImpl.closeObserver(ClientCallImpl.java:567)
	at org.apache.ratis.thirdparty.io.grpc.internal.ClientCallImpl.access$300(ClientCallImpl.java:71)
	at org.apache.ratis.thirdparty.io.grpc.internal.ClientCallImpl$ClientStreamListenerImpl$1StreamClosed.runInternal(ClientCallImpl.java:735)
	at org.apache.ratis.thirdparty.io.grpc.internal.ClientCallImpl$ClientStreamListenerImpl$1StreamClosed.runInContext(ClientCallImpl.java:716)
	at org.apache.ratis.thirdparty.io.grpc.internal.ContextRunnable.run(ContextRunnable.java:37)
	at org.apache.ratis.thirdparty.io.grpc.internal.SerializingExecutor.run(SerializingExecutor.java:133)
	at java.base/java.util.concurrent.ThreadPoolExecutor.runWorker(ThreadPoolExecutor.java:1128)
	at java.base/java.util.concurrent.ThreadPoolExecutor$Worker.run(ThreadPoolExecutor.java:628)
	at java.base/java.lang.Thread.run(Thread.java:829)
Caused by: java.io.IOException: org.apache.ratis.thirdparty.io.grpc.StatusRuntimeException: UNAVAILABLE: io exception
	at org.apache.ratis.grpc.GrpcUtil.unwrapException(GrpcUtil.java:99)
	at org.apache.ratis.grpc.GrpcUtil.unwrapIOException(GrpcUtil.java:159)
	at org.apache.ratis.grpc.client.GrpcClientProtocolClient$AsyncStreamObservers$1.onError(GrpcClientProtocolClient.java:330)
	... 16 more
Caused by: org.apache.ratis.thirdparty.io.grpc.StatusRuntimeException: UNAVAILABLE: io exception
	at org.apache.ratis.thirdparty.io.grpc.Status.asRuntimeException(Status.java:537)
	... 16 more
Caused by: org.apache.ratis.thirdparty.io.netty.channel.AbstractChannel$AnnotatedConnectException: finishConnect(..) failed: Connection refused: localhost/127.0.0.1:37939
Caused by: java.net.ConnectException: finishConnect(..) failed: Connection refused
	at org.apache.ratis.thirdparty.io.netty.channel.unix.Errors.newConnectException0(Errors.java:166)
	at org.apache.ratis.thirdparty.io.netty.channel.unix.Errors.handleConnectErrno(Errors.java:131)
	at org.apache.ratis.thirdparty.io.netty.channel.unix.Socket.finishConnect(Socket.java:359)
	at org.apache.ratis.thirdparty.io.netty.channel.epoll.AbstractEpollChannel$AbstractEpollUnsafe.doFinishConnect(AbstractEpollChannel.java:710)
	at org.apache.ratis.thirdparty.io.netty.channel.epoll.AbstractEpollChannel$AbstractEpollUnsafe.finishConnect(AbstractEpollChannel.java:687)
	at org.apache.ratis.thirdparty.io.netty.channel.epoll.AbstractEpollChannel$AbstractEpollUnsafe.epollOutReady(AbstractEpollChannel.java:567)
	at org.apache.ratis.thirdparty.io.netty.channel.epoll.EpollEventLoop.processReady(EpollEventLoop.java:499)
	at org.apache.ratis.thirdparty.io.netty.channel.epoll.EpollEventLoop.run(EpollEventLoop.java:407)
	at org.apache.ratis.thirdparty.io.netty.util.concurrent.SingleThreadEventExecutor$4.run(SingleThreadEventExecutor.java:997)
	at org.apache.ratis.thirdparty.io.netty.util.internal.ThreadExecutorMap$2.run(ThreadExecutorMap.java:74)
	at org.apache.ratis.thirdparty.io.netty.util.concurrent.FastThreadLocalRunnable.run(FastThreadLocalRunnable.java:30)
	at java.base/java.lang.Thread.run(Thread.java:829)
2023-11-28 06:43:31,282 [Time-limited test] INFO  ratis.RaftTestUtil (RaftTestUtil.java:waitForLeader(119)) - printing ALL groups
  s3:  RUNNING  FOLLOWER s3@group-C77254A99B14:t2, leader=s2, voted=s2, raftlog=Memoized:s3@group-C77254A99B14-SegmentedRaftLog:OPENED:c14, conf=13: peers:[s3|0.0.0.0:40731, s4|0.0.0.0:41087, s2|localhost:35737]|listeners:[], old=null RUNNING
  s4:  RUNNING  FOLLOWER s4@group-C77254A99B14:t2, leader=s2, voted=s2, raftlog=Memoized:s4@group-C77254A99B14-SegmentedRaftLog:OPENED:c14, conf=13: peers:[s3|0.0.0.0:40731, s4|0.0.0.0:41087, s2|localhost:35737]|listeners:[], old=null RUNNING
  s0:  RUNNING    LEADER s0@group-C77254A99B14:t1, leader=s0, voted=s0, raftlog=Memoized:s0@group-C77254A99B14-SegmentedRaftLog:CLOSED:c11, conf=11: peers:[s3|0.0.0.0:40731, s4|0.0.0.0:41087, s2|localhost:35737]|listeners:[], old=null CLOSING
  s1:  CLOSING CANDIDATE s1@group-C77254A99B14:t1, leader=null, voted=s0, raftlog=Memoized:s1@group-C77254A99B14-SegmentedRaftLog:CLOSED:c9, conf=9: peers:[s3|0.0.0.0:40731, s4|0.0.0.0:41087, s2|localhost:35737]|listeners:[], old=peers:[s3|0.0.0.0:40731, s4|0.0.0.0:41087, s0|localhost:46347, s1|localhost:33829, s2|localhost:35737]|listeners:[] CLOSING
  s2:  RUNNING    LEADER s2@group-C77254A99B14:t2, leader=s2, voted=s2, raftlog=Memoized:s2@group-C77254A99B14-SegmentedRaftLog:OPENED:c14, conf=13: peers:[s3|0.0.0.0:40731, s4|0.0.0.0:41087, s2|localhost:35737]|listeners:[], old=null RUNNING
2023-11-28 06:43:31,285 [s2-client-thread1] DEBUG server.RaftServer$Division (RaftServerImpl.java:submitClientRequestAsync(893)) - s2@group-C77254A99B14: receive client request(RaftClientRequest:client-5A13D73C9023->s2@group-C77254A99B14, cid=999, seq=null, RW, Message:6d657373616765)
2023-11-28 06:43:31,286 [Time-limited test] INFO  grpc.TestRetryCacheWithGrpc (RetryCacheTests.java:runTestRetryOnNewLeader(159)) - successfully sent out the retry request_0
2023-11-28 06:43:31,340 [grpc-default-executor-3] ERROR impl.OrderedAsync (OrderedAsync.java:lambda$sendRequest$9(247)) - client-23DA7E6A7FE2: Failed* RaftClientRequest:client-23DA7E6A7FE2->s0@group-9F468C9C58F9, cid=6, seq=1*, Watch(0), null
java.util.concurrent.CompletionException: java.io.IOException: org.apache.ratis.thirdparty.io.grpc.StatusRuntimeException: UNAVAILABLE: io exception
	at java.base/java.util.concurrent.CompletableFuture.encodeThrowable(CompletableFuture.java:331)
	at java.base/java.util.concurrent.CompletableFuture.completeThrowable(CompletableFuture.java:346)
	at java.base/java.util.concurrent.CompletableFuture$UniApply.tryFire(CompletableFuture.java:632)
	at java.base/java.util.concurrent.CompletableFuture.postComplete(CompletableFuture.java:506)
	at java.base/java.util.concurrent.CompletableFuture.completeExceptionally(CompletableFuture.java:2094)
	at org.apache.ratis.grpc.client.GrpcClientProtocolClient$AsyncStreamObservers.completeReplyExceptionally(GrpcClientProtocolClient.java:394)
	at org.apache.ratis.grpc.client.GrpcClientProtocolClient$AsyncStreamObservers.access$000(GrpcClientProtocolClient.java:300)
	at org.apache.ratis.grpc.client.GrpcClientProtocolClient$AsyncStreamObservers$1.onError(GrpcClientProtocolClient.java:331)
	at org.apache.ratis.thirdparty.io.grpc.stub.ClientCalls$StreamObserverToCallListenerAdapter.onClose(ClientCalls.java:481)
	at org.apache.ratis.thirdparty.io.grpc.PartialForwardingClientCallListener.onClose(PartialForwardingClientCallListener.java:39)
	at org.apache.ratis.thirdparty.io.grpc.ForwardingClientCallListener.onClose(ForwardingClientCallListener.java:23)
	at org.apache.ratis.grpc.metrics.intercept.client.MetricClientCallListener.onClose(MetricClientCallListener.java:47)
	at org.apache.ratis.thirdparty.io.grpc.internal.DelayedClientCall$DelayedListener$3.run(DelayedClientCall.java:489)
	at org.apache.ratis.thirdparty.io.grpc.internal.DelayedClientCall$DelayedListener.delayOrExecute(DelayedClientCall.java:453)
	at org.apache.ratis.thirdparty.io.grpc.internal.DelayedClientCall$DelayedListener.onClose(DelayedClientCall.java:486)
	at org.apache.ratis.thirdparty.io.grpc.internal.ClientCallImpl.closeObserver(ClientCallImpl.java:567)
	at org.apache.ratis.thirdparty.io.grpc.internal.ClientCallImpl.access$300(ClientCallImpl.java:71)
	at org.apache.ratis.thirdparty.io.grpc.internal.ClientCallImpl$ClientStreamListenerImpl$1StreamClosed.runInternal(ClientCallImpl.java:735)
	at org.apache.ratis.thirdparty.io.grpc.internal.ClientCallImpl$ClientStreamListenerImpl$1StreamClosed.runInContext(ClientCallImpl.java:716)
	at org.apache.ratis.thirdparty.io.grpc.internal.ContextRunnable.run(ContextRunnable.java:37)
	at org.apache.ratis.thirdparty.io.grpc.internal.SerializingExecutor.run(SerializingExecutor.java:133)
	at java.base/java.util.concurrent.ThreadPoolExecutor.runWorker(ThreadPoolExecutor.java:1128)
	at java.base/java.util.concurrent.ThreadPoolExecutor$Worker.run(ThreadPoolExecutor.java:628)
	at java.base/java.lang.Thread.run(Thread.java:829)
Caused by: java.io.IOException: org.apache.ratis.thirdparty.io.grpc.StatusRuntimeException: UNAVAILABLE: io exception
	at org.apache.ratis.grpc.GrpcUtil.unwrapException(GrpcUtil.java:99)
	at org.apache.ratis.grpc.GrpcUtil.unwrapIOException(GrpcUtil.java:159)
	at org.apache.ratis.grpc.client.GrpcClientProtocolClient$AsyncStreamObservers$1.onError(GrpcClientProtocolClient.java:330)
	... 16 more
Caused by: org.apache.ratis.thirdparty.io.grpc.StatusRuntimeException: UNAVAILABLE: io exception
	at org.apache.ratis.thirdparty.io.grpc.Status.asRuntimeException(Status.java:537)
	... 16 more
Caused by: org.apache.ratis.thirdparty.io.netty.channel.AbstractChannel$AnnotatedConnectException: finishConnect(..) failed: Connection refused: localhost/127.0.0.1:43007
Caused by: java.net.ConnectException: finishConnect(..) failed: Connection refused
	at org.apache.ratis.thirdparty.io.netty.channel.unix.Errors.newConnectException0(Errors.java:166)
	at org.apache.ratis.thirdparty.io.netty.channel.unix.Errors.handleConnectErrno(Errors.java:131)
	at org.apache.ratis.thirdparty.io.netty.channel.unix.Socket.finishConnect(Socket.java:359)
	at org.apache.ratis.thirdparty.io.netty.channel.epoll.AbstractEpollChannel$AbstractEpollUnsafe.doFinishConnect(AbstractEpollChannel.java:710)
	at org.apache.ratis.thirdparty.io.netty.channel.epoll.AbstractEpollChannel$AbstractEpollUnsafe.finishConnect(AbstractEpollChannel.java:687)
	at org.apache.ratis.thirdparty.io.netty.channel.epoll.AbstractEpollChannel$AbstractEpollUnsafe.epollOutReady(AbstractEpollChannel.java:567)
	at org.apache.ratis.thirdparty.io.netty.channel.epoll.EpollEventLoop.processReady(EpollEventLoop.java:499)
	at org.apache.ratis.thirdparty.io.netty.channel.epoll.EpollEventLoop.run(EpollEventLoop.java:407)
	at org.apache.ratis.thirdparty.io.netty.util.concurrent.SingleThreadEventExecutor$4.run(SingleThreadEventExecutor.java:997)
	at org.apache.ratis.thirdparty.io.netty.util.internal.ThreadExecutorMap$2.run(ThreadExecutorMap.java:74)
	at org.apache.ratis.thirdparty.io.netty.util.concurrent.FastThreadLocalRunnable.run(FastThreadLocalRunnable.java:30)
	at java.base/java.lang.Thread.run(Thread.java:829)
2023-11-28 06:43:31,388 [s2-client-thread1] DEBUG server.RaftServer$Division (RaftServerImpl.java:submitClientRequestAsync(893)) - s2@group-C77254A99B14: receive client request(RaftClientRequest:client-5A13D73C9023->s2@group-C77254A99B14, cid=999, seq=null, RW, Message:6d657373616765)
2023-11-28 06:43:31,388 [Time-limited test] INFO  grpc.TestRetryCacheWithGrpc (RetryCacheTests.java:runTestRetryOnNewLeader(159)) - successfully sent out the retry request_1
2023-11-28 06:43:31,441 [grpc-default-executor-6] ERROR impl.OrderedAsync (OrderedAsync.java:lambda$sendRequest$9(247)) - client-23DA7E6A7FE2: Failed* RaftClientRequest:client-23DA7E6A7FE2->s1@group-9F468C9C58F9, cid=6, seq=1*, Watch(0), null
java.util.concurrent.CompletionException: java.io.IOException: org.apache.ratis.thirdparty.io.grpc.StatusRuntimeException: UNAVAILABLE: io exception
	at java.base/java.util.concurrent.CompletableFuture.encodeThrowable(CompletableFuture.java:331)
	at java.base/java.util.concurrent.CompletableFuture.completeThrowable(CompletableFuture.java:346)
	at java.base/java.util.concurrent.CompletableFuture$UniApply.tryFire(CompletableFuture.java:632)
	at java.base/java.util.concurrent.CompletableFuture.postComplete(CompletableFuture.java:506)
	at java.base/java.util.concurrent.CompletableFuture.completeExceptionally(CompletableFuture.java:2094)
	at org.apache.ratis.grpc.client.GrpcClientProtocolClient$AsyncStreamObservers.completeReplyExceptionally(GrpcClientProtocolClient.java:394)
	at org.apache.ratis.grpc.client.GrpcClientProtocolClient$AsyncStreamObservers.access$000(GrpcClientProtocolClient.java:300)
	at org.apache.ratis.grpc.client.GrpcClientProtocolClient$AsyncStreamObservers$1.onError(GrpcClientProtocolClient.java:331)
	at org.apache.ratis.thirdparty.io.grpc.stub.ClientCalls$StreamObserverToCallListenerAdapter.onClose(ClientCalls.java:481)
	at org.apache.ratis.thirdparty.io.grpc.PartialForwardingClientCallListener.onClose(PartialForwardingClientCallListener.java:39)
	at org.apache.ratis.thirdparty.io.grpc.ForwardingClientCallListener.onClose(ForwardingClientCallListener.java:23)
	at org.apache.ratis.grpc.metrics.intercept.client.MetricClientCallListener.onClose(MetricClientCallListener.java:47)
	at org.apache.ratis.thirdparty.io.grpc.internal.DelayedClientCall$DelayedListener$3.run(DelayedClientCall.java:489)
	at org.apache.ratis.thirdparty.io.grpc.internal.DelayedClientCall$DelayedListener.delayOrExecute(DelayedClientCall.java:453)
	at org.apache.ratis.thirdparty.io.grpc.internal.DelayedClientCall$DelayedListener.onClose(DelayedClientCall.java:486)
	at org.apache.ratis.thirdparty.io.grpc.internal.ClientCallImpl.closeObserver(ClientCallImpl.java:567)
	at org.apache.ratis.thirdparty.io.grpc.internal.ClientCallImpl.access$300(ClientCallImpl.java:71)
	at org.apache.ratis.thirdparty.io.grpc.internal.ClientCallImpl$ClientStreamListenerImpl$1StreamClosed.runInternal(ClientCallImpl.java:735)
	at org.apache.ratis.thirdparty.io.grpc.internal.ClientCallImpl$ClientStreamListenerImpl$1StreamClosed.runInContext(ClientCallImpl.java:716)
	at org.apache.ratis.thirdparty.io.grpc.internal.ContextRunnable.run(ContextRunnable.java:37)
	at org.apache.ratis.thirdparty.io.grpc.internal.SerializingExecutor.run(SerializingExecutor.java:133)
	at java.base/java.util.concurrent.ThreadPoolExecutor.runWorker(ThreadPoolExecutor.java:1128)
	at java.base/java.util.concurrent.ThreadPoolExecutor$Worker.run(ThreadPoolExecutor.java:628)
	at java.base/java.lang.Thread.run(Thread.java:829)
Caused by: java.io.IOException: org.apache.ratis.thirdparty.io.grpc.StatusRuntimeException: UNAVAILABLE: io exception
	at org.apache.ratis.grpc.GrpcUtil.unwrapException(GrpcUtil.java:99)
	at org.apache.ratis.grpc.GrpcUtil.unwrapIOException(GrpcUtil.java:159)
	at org.apache.ratis.grpc.client.GrpcClientProtocolClient$AsyncStreamObservers$1.onError(GrpcClientProtocolClient.java:330)
	... 16 more
Caused by: org.apache.ratis.thirdparty.io.grpc.StatusRuntimeException: UNAVAILABLE: io exception
	at org.apache.ratis.thirdparty.io.grpc.Status.asRuntimeException(Status.java:537)
	... 16 more
Caused by: org.apache.ratis.thirdparty.io.netty.channel.AbstractChannel$AnnotatedConnectException: finishConnect(..) failed: Connection refused: localhost/127.0.0.1:37939
Caused by: java.net.ConnectException: finishConnect(..) failed: Connection refused
	at org.apache.ratis.thirdparty.io.netty.channel.unix.Errors.newConnectException0(Errors.java:166)
	at org.apache.ratis.thirdparty.io.netty.channel.unix.Errors.handleConnectErrno(Errors.java:131)
	at org.apache.ratis.thirdparty.io.netty.channel.unix.Socket.finishConnect(Socket.java:359)
	at org.apache.ratis.thirdparty.io.netty.channel.epoll.AbstractEpollChannel$AbstractEpollUnsafe.doFinishConnect(AbstractEpollChannel.java:710)
	at org.apache.ratis.thirdparty.io.netty.channel.epoll.AbstractEpollChannel$AbstractEpollUnsafe.finishConnect(AbstractEpollChannel.java:687)
	at org.apache.ratis.thirdparty.io.netty.channel.epoll.AbstractEpollChannel$AbstractEpollUnsafe.epollOutReady(AbstractEpollChannel.java:567)
	at org.apache.ratis.thirdparty.io.netty.channel.epoll.EpollEventLoop.processReady(EpollEventLoop.java:499)
	at org.apache.ratis.thirdparty.io.netty.channel.epoll.EpollEventLoop.run(EpollEventLoop.java:407)
	at org.apache.ratis.thirdparty.io.netty.util.concurrent.SingleThreadEventExecutor$4.run(SingleThreadEventExecutor.java:997)
	at org.apache.ratis.thirdparty.io.netty.util.internal.ThreadExecutorMap$2.run(ThreadExecutorMap.java:74)
	at org.apache.ratis.thirdparty.io.netty.util.concurrent.FastThreadLocalRunnable.run(FastThreadLocalRunnable.java:30)
	at java.base/java.lang.Thread.run(Thread.java:829)
2023-11-28 06:43:31,489 [s2-client-thread1] DEBUG server.RaftServer$Division (RaftServerImpl.java:submitClientRequestAsync(893)) - s2@group-C77254A99B14: receive client request(RaftClientRequest:client-5A13D73C9023->s2@group-C77254A99B14, cid=999, seq=null, RW, Message:6d657373616765)
2023-11-28 06:43:31,490 [Time-limited test] INFO  grpc.TestRetryCacheWithGrpc (RetryCacheTests.java:runTestRetryOnNewLeader(159)) - successfully sent out the retry request_2
2023-11-28 06:43:31,544 [grpc-default-executor-6] ERROR impl.OrderedAsync (OrderedAsync.java:lambda$sendRequest$9(247)) - client-23DA7E6A7FE2: Failed* RaftClientRequest:client-23DA7E6A7FE2->s2@group-9F468C9C58F9, cid=6, seq=1*, Watch(0), null
java.util.concurrent.CompletionException: java.io.IOException: org.apache.ratis.thirdparty.io.grpc.StatusRuntimeException: UNAVAILABLE: io exception
	at java.base/java.util.concurrent.CompletableFuture.encodeThrowable(CompletableFuture.java:331)
	at java.base/java.util.concurrent.CompletableFuture.completeThrowable(CompletableFuture.java:346)
	at java.base/java.util.concurrent.CompletableFuture$UniApply.tryFire(CompletableFuture.java:632)
	at java.base/java.util.concurrent.CompletableFuture.postComplete(CompletableFuture.java:506)
	at java.base/java.util.concurrent.CompletableFuture.completeExceptionally(CompletableFuture.java:2094)
	at org.apache.ratis.grpc.client.GrpcClientProtocolClient$AsyncStreamObservers.completeReplyExceptionally(GrpcClientProtocolClient.java:394)
	at org.apache.ratis.grpc.client.GrpcClientProtocolClient$AsyncStreamObservers.access$000(GrpcClientProtocolClient.java:300)
	at org.apache.ratis.grpc.client.GrpcClientProtocolClient$AsyncStreamObservers$1.onError(GrpcClientProtocolClient.java:331)
	at org.apache.ratis.thirdparty.io.grpc.stub.ClientCalls$StreamObserverToCallListenerAdapter.onClose(ClientCalls.java:481)
	at org.apache.ratis.thirdparty.io.grpc.PartialForwardingClientCallListener.onClose(PartialForwardingClientCallListener.java:39)
	at org.apache.ratis.thirdparty.io.grpc.ForwardingClientCallListener.onClose(ForwardingClientCallListener.java:23)
	at org.apache.ratis.grpc.metrics.intercept.client.MetricClientCallListener.onClose(MetricClientCallListener.java:47)
	at org.apache.ratis.thirdparty.io.grpc.internal.DelayedClientCall$DelayedListener$3.run(DelayedClientCall.java:489)
	at org.apache.ratis.thirdparty.io.grpc.internal.DelayedClientCall$DelayedListener.delayOrExecute(DelayedClientCall.java:453)
	at org.apache.ratis.thirdparty.io.grpc.internal.DelayedClientCall$DelayedListener.onClose(DelayedClientCall.java:486)
	at org.apache.ratis.thirdparty.io.grpc.internal.ClientCallImpl.closeObserver(ClientCallImpl.java:567)
	at org.apache.ratis.thirdparty.io.grpc.internal.ClientCallImpl.access$300(ClientCallImpl.java:71)
	at org.apache.ratis.thirdparty.io.grpc.internal.ClientCallImpl$ClientStreamListenerImpl$1StreamClosed.runInternal(ClientCallImpl.java:735)
	at org.apache.ratis.thirdparty.io.grpc.internal.ClientCallImpl$ClientStreamListenerImpl$1StreamClosed.runInContext(ClientCallImpl.java:716)
	at org.apache.ratis.thirdparty.io.grpc.internal.ContextRunnable.run(ContextRunnable.java:37)
	at org.apache.ratis.thirdparty.io.grpc.internal.SerializingExecutor.run(SerializingExecutor.java:133)
	at java.base/java.util.concurrent.ThreadPoolExecutor.runWorker(ThreadPoolExecutor.java:1128)
	at java.base/java.util.concurrent.ThreadPoolExecutor$Worker.run(ThreadPoolExecutor.java:628)
	at java.base/java.lang.Thread.run(Thread.java:829)
Caused by: java.io.IOException: org.apache.ratis.thirdparty.io.grpc.StatusRuntimeException: UNAVAILABLE: io exception
	at org.apache.ratis.grpc.GrpcUtil.unwrapException(GrpcUtil.java:99)
	at org.apache.ratis.grpc.GrpcUtil.unwrapIOException(GrpcUtil.java:159)
	at org.apache.ratis.grpc.client.GrpcClientProtocolClient$AsyncStreamObservers$1.onError(GrpcClientProtocolClient.java:330)
	... 16 more
Caused by: org.apache.ratis.thirdparty.io.grpc.StatusRuntimeException: UNAVAILABLE: io exception
	at org.apache.ratis.thirdparty.io.grpc.Status.asRuntimeException(Status.java:537)
	... 16 more
Caused by: org.apache.ratis.thirdparty.io.netty.channel.AbstractChannel$AnnotatedConnectException: finishConnect(..) failed: Connection refused: localhost/127.0.0.1:37249
Caused by: java.net.ConnectException: finishConnect(..) failed: Connection refused
	at org.apache.ratis.thirdparty.io.netty.channel.unix.Errors.newConnectException0(Errors.java:166)
	at org.apache.ratis.thirdparty.io.netty.channel.unix.Errors.handleConnectErrno(Errors.java:131)
	at org.apache.ratis.thirdparty.io.netty.channel.unix.Socket.finishConnect(Socket.java:359)
	at org.apache.ratis.thirdparty.io.netty.channel.epoll.AbstractEpollChannel$AbstractEpollUnsafe.doFinishConnect(AbstractEpollChannel.java:710)
	at org.apache.ratis.thirdparty.io.netty.channel.epoll.AbstractEpollChannel$AbstractEpollUnsafe.finishConnect(AbstractEpollChannel.java:687)
	at org.apache.ratis.thirdparty.io.netty.channel.epoll.AbstractEpollChannel$AbstractEpollUnsafe.epollOutReady(AbstractEpollChannel.java:567)
	at org.apache.ratis.thirdparty.io.netty.channel.epoll.EpollEventLoop.processReady(EpollEventLoop.java:499)
	at org.apache.ratis.thirdparty.io.netty.channel.epoll.EpollEventLoop.run(EpollEventLoop.java:407)
	at org.apache.ratis.thirdparty.io.netty.util.concurrent.SingleThreadEventExecutor$4.run(SingleThreadEventExecutor.java:997)
	at org.apache.ratis.thirdparty.io.netty.util.internal.ThreadExecutorMap$2.run(ThreadExecutorMap.java:74)
	at org.apache.ratis.thirdparty.io.netty.util.concurrent.FastThreadLocalRunnable.run(FastThreadLocalRunnable.java:30)
	at java.base/java.lang.Thread.run(Thread.java:829)
2023-11-28 06:43:31,591 [s2-client-thread1] DEBUG server.RaftServer$Division (RaftServerImpl.java:submitClientRequestAsync(893)) - s2@group-C77254A99B14: receive client request(RaftClientRequest:client-5A13D73C9023->s2@group-C77254A99B14, cid=999, seq=null, RW, Message:6d657373616765)
2023-11-28 06:43:31,592 [Time-limited test] INFO  grpc.TestRetryCacheWithGrpc (RetryCacheTests.java:runTestRetryOnNewLeader(159)) - successfully sent out the retry request_3
2023-11-28 06:43:31,612 [s1-impl-thread1] INFO  segmented.SegmentedRaftLogWorker (SegmentedRaftLogWorker.java:close(245)) - s1@group-C77254A99B14-SegmentedRaftLogWorker close()
2023-11-28 06:43:31,612 [JvmPauseMonitor10] INFO  util.JvmPauseMonitor (JvmPauseMonitor.java:run(152)) - JvmPauseMonitor-s1: Stopped
2023-11-28 06:43:31,615 [s0@group-C77254A99B14-LeaderStateImpl] INFO  segmented.SegmentedRaftLogWorker (SegmentedRaftLogWorker.java:close(245)) - s0@group-C77254A99B14-SegmentedRaftLogWorker close()
2023-11-28 06:43:31,646 [grpc-default-executor-6] ERROR impl.OrderedAsync (OrderedAsync.java:lambda$sendRequest$9(247)) - client-23DA7E6A7FE2: Failed* RaftClientRequest:client-23DA7E6A7FE2->s0@group-9F468C9C58F9, cid=6, seq=1*, Watch(0), null
java.util.concurrent.CompletionException: java.io.IOException: org.apache.ratis.thirdparty.io.grpc.StatusRuntimeException: UNAVAILABLE: io exception
	at java.base/java.util.concurrent.CompletableFuture.encodeThrowable(CompletableFuture.java:331)
	at java.base/java.util.concurrent.CompletableFuture.completeThrowable(CompletableFuture.java:346)
	at java.base/java.util.concurrent.CompletableFuture$UniApply.tryFire(CompletableFuture.java:632)
	at java.base/java.util.concurrent.CompletableFuture.postComplete(CompletableFuture.java:506)
	at java.base/java.util.concurrent.CompletableFuture.completeExceptionally(CompletableFuture.java:2094)
	at org.apache.ratis.grpc.client.GrpcClientProtocolClient$AsyncStreamObservers.completeReplyExceptionally(GrpcClientProtocolClient.java:394)
	at org.apache.ratis.grpc.client.GrpcClientProtocolClient$AsyncStreamObservers.access$000(GrpcClientProtocolClient.java:300)
	at org.apache.ratis.grpc.client.GrpcClientProtocolClient$AsyncStreamObservers$1.onError(GrpcClientProtocolClient.java:331)
	at org.apache.ratis.thirdparty.io.grpc.stub.ClientCalls$StreamObserverToCallListenerAdapter.onClose(ClientCalls.java:481)
	at org.apache.ratis.thirdparty.io.grpc.PartialForwardingClientCallListener.onClose(PartialForwardingClientCallListener.java:39)
	at org.apache.ratis.thirdparty.io.grpc.ForwardingClientCallListener.onClose(ForwardingClientCallListener.java:23)
	at org.apache.ratis.grpc.metrics.intercept.client.MetricClientCallListener.onClose(MetricClientCallListener.java:47)
	at org.apache.ratis.thirdparty.io.grpc.internal.DelayedClientCall$DelayedListener$3.run(DelayedClientCall.java:489)
	at org.apache.ratis.thirdparty.io.grpc.internal.DelayedClientCall$DelayedListener.delayOrExecute(DelayedClientCall.java:453)
	at org.apache.ratis.thirdparty.io.grpc.internal.DelayedClientCall$DelayedListener.onClose(DelayedClientCall.java:486)
	at org.apache.ratis.thirdparty.io.grpc.internal.ClientCallImpl.closeObserver(ClientCallImpl.java:567)
	at org.apache.ratis.thirdparty.io.grpc.internal.ClientCallImpl.access$300(ClientCallImpl.java:71)
	at org.apache.ratis.thirdparty.io.grpc.internal.ClientCallImpl$ClientStreamListenerImpl$1StreamClosed.runInternal(ClientCallImpl.java:735)
	at org.apache.ratis.thirdparty.io.grpc.internal.ClientCallImpl$ClientStreamListenerImpl$1StreamClosed.runInContext(ClientCallImpl.java:716)
	at org.apache.ratis.thirdparty.io.grpc.internal.ContextRunnable.run(ContextRunnable.java:37)
	at org.apache.ratis.thirdparty.io.grpc.internal.SerializingExecutor.run(SerializingExecutor.java:133)
	at java.base/java.util.concurrent.ThreadPoolExecutor.runWorker(ThreadPoolExecutor.java:1128)
	at java.base/java.util.concurrent.ThreadPoolExecutor$Worker.run(ThreadPoolExecutor.java:628)
	at java.base/java.lang.Thread.run(Thread.java:829)
Caused by: java.io.IOException: org.apache.ratis.thirdparty.io.grpc.StatusRuntimeException: UNAVAILABLE: io exception
	at org.apache.ratis.grpc.GrpcUtil.unwrapException(GrpcUtil.java:99)
	at org.apache.ratis.grpc.GrpcUtil.unwrapIOException(GrpcUtil.java:159)
	at org.apache.ratis.grpc.client.GrpcClientProtocolClient$AsyncStreamObservers$1.onError(GrpcClientProtocolClient.java:330)
	... 16 more
Caused by: org.apache.ratis.thirdparty.io.grpc.StatusRuntimeException: UNAVAILABLE: io exception
	at org.apache.ratis.thirdparty.io.grpc.Status.asRuntimeException(Status.java:537)
	... 16 more
Caused by: org.apache.ratis.thirdparty.io.netty.channel.AbstractChannel$AnnotatedConnectException: finishConnect(..) failed: Connection refused: localhost/127.0.0.1:43007
Caused by: java.net.ConnectException: finishConnect(..) failed: Connection refused
	at org.apache.ratis.thirdparty.io.netty.channel.unix.Errors.newConnectException0(Errors.java:166)
	at org.apache.ratis.thirdparty.io.netty.channel.unix.Errors.handleConnectErrno(Errors.java:131)
	at org.apache.ratis.thirdparty.io.netty.channel.unix.Socket.finishConnect(Socket.java:359)
	at org.apache.ratis.thirdparty.io.netty.channel.epoll.AbstractEpollChannel$AbstractEpollUnsafe.doFinishConnect(AbstractEpollChannel.java:710)
	at org.apache.ratis.thirdparty.io.netty.channel.epoll.AbstractEpollChannel$AbstractEpollUnsafe.finishConnect(AbstractEpollChannel.java:687)
	at org.apache.ratis.thirdparty.io.netty.channel.epoll.AbstractEpollChannel$AbstractEpollUnsafe.epollOutReady(AbstractEpollChannel.java:567)
	at org.apache.ratis.thirdparty.io.netty.channel.epoll.EpollEventLoop.processReady(EpollEventLoop.java:499)
	at org.apache.ratis.thirdparty.io.netty.channel.epoll.EpollEventLoop.run(EpollEventLoop.java:407)
	at org.apache.ratis.thirdparty.io.netty.util.concurrent.SingleThreadEventExecutor$4.run(SingleThreadEventExecutor.java:997)
	at org.apache.ratis.thirdparty.io.netty.util.internal.ThreadExecutorMap$2.run(ThreadExecutorMap.java:74)
	at org.apache.ratis.thirdparty.io.netty.util.concurrent.FastThreadLocalRunnable.run(FastThreadLocalRunnable.java:30)
	at java.base/java.lang.Thread.run(Thread.java:829)
2023-11-28 06:43:31,693 [s2-client-thread1] DEBUG server.RaftServer$Division (RaftServerImpl.java:submitClientRequestAsync(893)) - s2@group-C77254A99B14: receive client request(RaftClientRequest:client-5A13D73C9023->s2@group-C77254A99B14, cid=999, seq=null, RW, Message:6d657373616765)
2023-11-28 06:43:31,694 [Time-limited test] INFO  grpc.TestRetryCacheWithGrpc (RetryCacheTests.java:runTestRetryOnNewLeader(159)) - successfully sent out the retry request_4
2023-11-28 06:43:31,748 [grpc-default-executor-6] ERROR impl.OrderedAsync (OrderedAsync.java:lambda$sendRequest$9(247)) - client-23DA7E6A7FE2: Failed* RaftClientRequest:client-23DA7E6A7FE2->s2@group-9F468C9C58F9, cid=6, seq=1*, Watch(0), null
java.util.concurrent.CompletionException: java.io.IOException: org.apache.ratis.thirdparty.io.grpc.StatusRuntimeException: UNAVAILABLE: io exception
	at java.base/java.util.concurrent.CompletableFuture.encodeThrowable(CompletableFuture.java:331)
	at java.base/java.util.concurrent.CompletableFuture.completeThrowable(CompletableFuture.java:346)
	at java.base/java.util.concurrent.CompletableFuture$UniApply.tryFire(CompletableFuture.java:632)
	at java.base/java.util.concurrent.CompletableFuture.postComplete(CompletableFuture.java:506)
	at java.base/java.util.concurrent.CompletableFuture.completeExceptionally(CompletableFuture.java:2094)
	at org.apache.ratis.grpc.client.GrpcClientProtocolClient$AsyncStreamObservers.completeReplyExceptionally(GrpcClientProtocolClient.java:394)
	at org.apache.ratis.grpc.client.GrpcClientProtocolClient$AsyncStreamObservers.access$000(GrpcClientProtocolClient.java:300)
	at org.apache.ratis.grpc.client.GrpcClientProtocolClient$AsyncStreamObservers$1.onError(GrpcClientProtocolClient.java:331)
	at org.apache.ratis.thirdparty.io.grpc.stub.ClientCalls$StreamObserverToCallListenerAdapter.onClose(ClientCalls.java:481)
	at org.apache.ratis.thirdparty.io.grpc.PartialForwardingClientCallListener.onClose(PartialForwardingClientCallListener.java:39)
	at org.apache.ratis.thirdparty.io.grpc.ForwardingClientCallListener.onClose(ForwardingClientCallListener.java:23)
	at org.apache.ratis.grpc.metrics.intercept.client.MetricClientCallListener.onClose(MetricClientCallListener.java:47)
	at org.apache.ratis.thirdparty.io.grpc.internal.DelayedClientCall$DelayedListener$3.run(DelayedClientCall.java:489)
	at org.apache.ratis.thirdparty.io.grpc.internal.DelayedClientCall$DelayedListener.delayOrExecute(DelayedClientCall.java:453)
	at org.apache.ratis.thirdparty.io.grpc.internal.DelayedClientCall$DelayedListener.onClose(DelayedClientCall.java:486)
	at org.apache.ratis.thirdparty.io.grpc.internal.ClientCallImpl.closeObserver(ClientCallImpl.java:567)
	at org.apache.ratis.thirdparty.io.grpc.internal.ClientCallImpl.access$300(ClientCallImpl.java:71)
	at org.apache.ratis.thirdparty.io.grpc.internal.ClientCallImpl$ClientStreamListenerImpl$1StreamClosed.runInternal(ClientCallImpl.java:735)
	at org.apache.ratis.thirdparty.io.grpc.internal.ClientCallImpl$ClientStreamListenerImpl$1StreamClosed.runInContext(ClientCallImpl.java:716)
	at org.apache.ratis.thirdparty.io.grpc.internal.ContextRunnable.run(ContextRunnable.java:37)
	at org.apache.ratis.thirdparty.io.grpc.internal.SerializingExecutor.run(SerializingExecutor.java:133)
	at java.base/java.util.concurrent.ThreadPoolExecutor.runWorker(ThreadPoolExecutor.java:1128)
	at java.base/java.util.concurrent.ThreadPoolExecutor$Worker.run(ThreadPoolExecutor.java:628)
	at java.base/java.lang.Thread.run(Thread.java:829)
Caused by: java.io.IOException: org.apache.ratis.thirdparty.io.grpc.StatusRuntimeException: UNAVAILABLE: io exception
	at org.apache.ratis.grpc.GrpcUtil.unwrapException(GrpcUtil.java:99)
	at org.apache.ratis.grpc.GrpcUtil.unwrapIOException(GrpcUtil.java:159)
	at org.apache.ratis.grpc.client.GrpcClientProtocolClient$AsyncStreamObservers$1.onError(GrpcClientProtocolClient.java:330)
	... 16 more
Caused by: org.apache.ratis.thirdparty.io.grpc.StatusRuntimeException: UNAVAILABLE: io exception
	at org.apache.ratis.thirdparty.io.grpc.Status.asRuntimeException(Status.java:537)
	... 16 more
Caused by: org.apache.ratis.thirdparty.io.netty.channel.AbstractChannel$AnnotatedConnectException: finishConnect(..) failed: Connection refused: localhost/127.0.0.1:37249
Caused by: java.net.ConnectException: finishConnect(..) failed: Connection refused
	at org.apache.ratis.thirdparty.io.netty.channel.unix.Errors.newConnectException0(Errors.java:166)
	at org.apache.ratis.thirdparty.io.netty.channel.unix.Errors.handleConnectErrno(Errors.java:131)
	at org.apache.ratis.thirdparty.io.netty.channel.unix.Socket.finishConnect(Socket.java:359)
	at org.apache.ratis.thirdparty.io.netty.channel.epoll.AbstractEpollChannel$AbstractEpollUnsafe.doFinishConnect(AbstractEpollChannel.java:710)
	at org.apache.ratis.thirdparty.io.netty.channel.epoll.AbstractEpollChannel$AbstractEpollUnsafe.finishConnect(AbstractEpollChannel.java:687)
	at org.apache.ratis.thirdparty.io.netty.channel.epoll.AbstractEpollChannel$AbstractEpollUnsafe.epollOutReady(AbstractEpollChannel.java:567)
	at org.apache.ratis.thirdparty.io.netty.channel.epoll.EpollEventLoop.processReady(EpollEventLoop.java:499)
	at org.apache.ratis.thirdparty.io.netty.channel.epoll.EpollEventLoop.run(EpollEventLoop.java:407)
	at org.apache.ratis.thirdparty.io.netty.util.concurrent.SingleThreadEventExecutor$4.run(SingleThreadEventExecutor.java:997)
	at org.apache.ratis.thirdparty.io.netty.util.internal.ThreadExecutorMap$2.run(ThreadExecutorMap.java:74)
	at org.apache.ratis.thirdparty.io.netty.util.concurrent.FastThreadLocalRunnable.run(FastThreadLocalRunnable.java:30)
	at java.base/java.lang.Thread.run(Thread.java:829)
2023-11-28 06:43:31,796 [s2-client-thread1] DEBUG server.RaftServer$Division (RaftServerImpl.java:submitClientRequestAsync(893)) - s2@group-C77254A99B14: receive client request(RaftClientRequest:client-5A13D73C9023->s2@group-C77254A99B14, cid=999, seq=null, RW, Message:6d657373616765)
2023-11-28 06:43:31,796 [Time-limited test] INFO  grpc.TestRetryCacheWithGrpc (RetryCacheTests.java:runTestRetryOnNewLeader(159)) - successfully sent out the retry request_5
2023-11-28 06:43:31,851 [grpc-default-executor-6] ERROR impl.OrderedAsync (OrderedAsync.java:lambda$sendRequest$9(247)) - client-23DA7E6A7FE2: Failed* RaftClientRequest:client-23DA7E6A7FE2->s1@group-9F468C9C58F9, cid=6, seq=1*, Watch(0), null
java.util.concurrent.CompletionException: java.io.IOException: org.apache.ratis.thirdparty.io.grpc.StatusRuntimeException: UNAVAILABLE: io exception
	at java.base/java.util.concurrent.CompletableFuture.encodeThrowable(CompletableFuture.java:331)
	at java.base/java.util.concurrent.CompletableFuture.completeThrowable(CompletableFuture.java:346)
	at java.base/java.util.concurrent.CompletableFuture$UniApply.tryFire(CompletableFuture.java:632)
	at java.base/java.util.concurrent.CompletableFuture.postComplete(CompletableFuture.java:506)
	at java.base/java.util.concurrent.CompletableFuture.completeExceptionally(CompletableFuture.java:2094)
	at org.apache.ratis.grpc.client.GrpcClientProtocolClient$AsyncStreamObservers.completeReplyExceptionally(GrpcClientProtocolClient.java:394)
	at org.apache.ratis.grpc.client.GrpcClientProtocolClient$AsyncStreamObservers.access$000(GrpcClientProtocolClient.java:300)
	at org.apache.ratis.grpc.client.GrpcClientProtocolClient$AsyncStreamObservers$1.onError(GrpcClientProtocolClient.java:331)
	at org.apache.ratis.thirdparty.io.grpc.stub.ClientCalls$StreamObserverToCallListenerAdapter.onClose(ClientCalls.java:481)
	at org.apache.ratis.thirdparty.io.grpc.PartialForwardingClientCallListener.onClose(PartialForwardingClientCallListener.java:39)
	at org.apache.ratis.thirdparty.io.grpc.ForwardingClientCallListener.onClose(ForwardingClientCallListener.java:23)
	at org.apache.ratis.grpc.metrics.intercept.client.MetricClientCallListener.onClose(MetricClientCallListener.java:47)
	at org.apache.ratis.thirdparty.io.grpc.internal.DelayedClientCall$DelayedListener$3.run(DelayedClientCall.java:489)
	at org.apache.ratis.thirdparty.io.grpc.internal.DelayedClientCall$DelayedListener.delayOrExecute(DelayedClientCall.java:453)
	at org.apache.ratis.thirdparty.io.grpc.internal.DelayedClientCall$DelayedListener.onClose(DelayedClientCall.java:486)
	at org.apache.ratis.thirdparty.io.grpc.internal.ClientCallImpl.closeObserver(ClientCallImpl.java:567)
	at org.apache.ratis.thirdparty.io.grpc.internal.ClientCallImpl.access$300(ClientCallImpl.java:71)
	at org.apache.ratis.thirdparty.io.grpc.internal.ClientCallImpl$ClientStreamListenerImpl$1StreamClosed.runInternal(ClientCallImpl.java:735)
	at org.apache.ratis.thirdparty.io.grpc.internal.ClientCallImpl$ClientStreamListenerImpl$1StreamClosed.runInContext(ClientCallImpl.java:716)
	at org.apache.ratis.thirdparty.io.grpc.internal.ContextRunnable.run(ContextRunnable.java:37)
	at org.apache.ratis.thirdparty.io.grpc.internal.SerializingExecutor.run(SerializingExecutor.java:133)
	at java.base/java.util.concurrent.ThreadPoolExecutor.runWorker(ThreadPoolExecutor.java:1128)
	at java.base/java.util.concurrent.ThreadPoolExecutor$Worker.run(ThreadPoolExecutor.java:628)
	at java.base/java.lang.Thread.run(Thread.java:829)
Caused by: java.io.IOException: org.apache.ratis.thirdparty.io.grpc.StatusRuntimeException: UNAVAILABLE: io exception
	at org.apache.ratis.grpc.GrpcUtil.unwrapException(GrpcUtil.java:99)
	at org.apache.ratis.grpc.GrpcUtil.unwrapIOException(GrpcUtil.java:159)
	at org.apache.ratis.grpc.client.GrpcClientProtocolClient$AsyncStreamObservers$1.onError(GrpcClientProtocolClient.java:330)
	... 16 more
Caused by: org.apache.ratis.thirdparty.io.grpc.StatusRuntimeException: UNAVAILABLE: io exception
	at org.apache.ratis.thirdparty.io.grpc.Status.asRuntimeException(Status.java:537)
	... 16 more
Caused by: org.apache.ratis.thirdparty.io.netty.channel.AbstractChannel$AnnotatedConnectException: finishConnect(..) failed: Connection refused: localhost/127.0.0.1:37939
Caused by: java.net.ConnectException: finishConnect(..) failed: Connection refused
	at org.apache.ratis.thirdparty.io.netty.channel.unix.Errors.newConnectException0(Errors.java:166)
	at org.apache.ratis.thirdparty.io.netty.channel.unix.Errors.handleConnectErrno(Errors.java:131)
	at org.apache.ratis.thirdparty.io.netty.channel.unix.Socket.finishConnect(Socket.java:359)
	at org.apache.ratis.thirdparty.io.netty.channel.epoll.AbstractEpollChannel$AbstractEpollUnsafe.doFinishConnect(AbstractEpollChannel.java:710)
	at org.apache.ratis.thirdparty.io.netty.channel.epoll.AbstractEpollChannel$AbstractEpollUnsafe.finishConnect(AbstractEpollChannel.java:687)
	at org.apache.ratis.thirdparty.io.netty.channel.epoll.AbstractEpollChannel$AbstractEpollUnsafe.epollOutReady(AbstractEpollChannel.java:567)
	at org.apache.ratis.thirdparty.io.netty.channel.epoll.EpollEventLoop.processReady(EpollEventLoop.java:499)
	at org.apache.ratis.thirdparty.io.netty.channel.epoll.EpollEventLoop.run(EpollEventLoop.java:407)
	at org.apache.ratis.thirdparty.io.netty.util.concurrent.SingleThreadEventExecutor$4.run(SingleThreadEventExecutor.java:997)
	at org.apache.ratis.thirdparty.io.netty.util.internal.ThreadExecutorMap$2.run(ThreadExecutorMap.java:74)
	at org.apache.ratis.thirdparty.io.netty.util.concurrent.FastThreadLocalRunnable.run(FastThreadLocalRunnable.java:30)
	at java.base/java.lang.Thread.run(Thread.java:829)
2023-11-28 06:43:31,898 [s2-client-thread1] DEBUG server.RaftServer$Division (RaftServerImpl.java:submitClientRequestAsync(893)) - s2@group-C77254A99B14: receive client request(RaftClientRequest:client-5A13D73C9023->s2@group-C77254A99B14, cid=999, seq=null, RW, Message:6d657373616765)
2023-11-28 06:43:31,899 [Time-limited test] INFO  grpc.TestRetryCacheWithGrpc (RetryCacheTests.java:runTestRetryOnNewLeader(159)) - successfully sent out the retry request_6
2023-11-28 06:43:31,953 [grpc-default-executor-6] ERROR impl.OrderedAsync (OrderedAsync.java:lambda$sendRequest$9(247)) - client-23DA7E6A7FE2: Failed* RaftClientRequest:client-23DA7E6A7FE2->s0@group-9F468C9C58F9, cid=6, seq=1*, Watch(0), null
java.util.concurrent.CompletionException: java.io.IOException: org.apache.ratis.thirdparty.io.grpc.StatusRuntimeException: UNAVAILABLE: io exception
	at java.base/java.util.concurrent.CompletableFuture.encodeThrowable(CompletableFuture.java:331)
	at java.base/java.util.concurrent.CompletableFuture.completeThrowable(CompletableFuture.java:346)
	at java.base/java.util.concurrent.CompletableFuture$UniApply.tryFire(CompletableFuture.java:632)
	at java.base/java.util.concurrent.CompletableFuture.postComplete(CompletableFuture.java:506)
	at java.base/java.util.concurrent.CompletableFuture.completeExceptionally(CompletableFuture.java:2094)
	at org.apache.ratis.grpc.client.GrpcClientProtocolClient$AsyncStreamObservers.completeReplyExceptionally(GrpcClientProtocolClient.java:394)
	at org.apache.ratis.grpc.client.GrpcClientProtocolClient$AsyncStreamObservers.access$000(GrpcClientProtocolClient.java:300)
	at org.apache.ratis.grpc.client.GrpcClientProtocolClient$AsyncStreamObservers$1.onError(GrpcClientProtocolClient.java:331)
	at org.apache.ratis.thirdparty.io.grpc.stub.ClientCalls$StreamObserverToCallListenerAdapter.onClose(ClientCalls.java:481)
	at org.apache.ratis.thirdparty.io.grpc.PartialForwardingClientCallListener.onClose(PartialForwardingClientCallListener.java:39)
	at org.apache.ratis.thirdparty.io.grpc.ForwardingClientCallListener.onClose(ForwardingClientCallListener.java:23)
	at org.apache.ratis.grpc.metrics.intercept.client.MetricClientCallListener.onClose(MetricClientCallListener.java:47)
	at org.apache.ratis.thirdparty.io.grpc.internal.DelayedClientCall$DelayedListener$3.run(DelayedClientCall.java:489)
	at org.apache.ratis.thirdparty.io.grpc.internal.DelayedClientCall$DelayedListener.delayOrExecute(DelayedClientCall.java:453)
	at org.apache.ratis.thirdparty.io.grpc.internal.DelayedClientCall$DelayedListener.onClose(DelayedClientCall.java:486)
	at org.apache.ratis.thirdparty.io.grpc.internal.ClientCallImpl.closeObserver(ClientCallImpl.java:567)
	at org.apache.ratis.thirdparty.io.grpc.internal.ClientCallImpl.access$300(ClientCallImpl.java:71)
	at org.apache.ratis.thirdparty.io.grpc.internal.ClientCallImpl$ClientStreamListenerImpl$1StreamClosed.runInternal(ClientCallImpl.java:735)
	at org.apache.ratis.thirdparty.io.grpc.internal.ClientCallImpl$ClientStreamListenerImpl$1StreamClosed.runInContext(ClientCallImpl.java:716)
	at org.apache.ratis.thirdparty.io.grpc.internal.ContextRunnable.run(ContextRunnable.java:37)
	at org.apache.ratis.thirdparty.io.grpc.internal.SerializingExecutor.run(SerializingExecutor.java:133)
	at java.base/java.util.concurrent.ThreadPoolExecutor.runWorker(ThreadPoolExecutor.java:1128)
	at java.base/java.util.concurrent.ThreadPoolExecutor$Worker.run(ThreadPoolExecutor.java:628)
	at java.base/java.lang.Thread.run(Thread.java:829)
Caused by: java.io.IOException: org.apache.ratis.thirdparty.io.grpc.StatusRuntimeException: UNAVAILABLE: io exception
	at org.apache.ratis.grpc.GrpcUtil.unwrapException(GrpcUtil.java:99)
	at org.apache.ratis.grpc.GrpcUtil.unwrapIOException(GrpcUtil.java:159)
	at org.apache.ratis.grpc.client.GrpcClientProtocolClient$AsyncStreamObservers$1.onError(GrpcClientProtocolClient.java:330)
	... 16 more
Caused by: org.apache.ratis.thirdparty.io.grpc.StatusRuntimeException: UNAVAILABLE: io exception
	at org.apache.ratis.thirdparty.io.grpc.Status.asRuntimeException(Status.java:537)
	... 16 more
Caused by: org.apache.ratis.thirdparty.io.netty.channel.AbstractChannel$AnnotatedConnectException: finishConnect(..) failed: Connection refused: localhost/127.0.0.1:43007
Caused by: java.net.ConnectException: finishConnect(..) failed: Connection refused
	at org.apache.ratis.thirdparty.io.netty.channel.unix.Errors.newConnectException0(Errors.java:166)
	at org.apache.ratis.thirdparty.io.netty.channel.unix.Errors.handleConnectErrno(Errors.java:131)
	at org.apache.ratis.thirdparty.io.netty.channel.unix.Socket.finishConnect(Socket.java:359)
	at org.apache.ratis.thirdparty.io.netty.channel.epoll.AbstractEpollChannel$AbstractEpollUnsafe.doFinishConnect(AbstractEpollChannel.java:710)
	at org.apache.ratis.thirdparty.io.netty.channel.epoll.AbstractEpollChannel$AbstractEpollUnsafe.finishConnect(AbstractEpollChannel.java:687)
	at org.apache.ratis.thirdparty.io.netty.channel.epoll.AbstractEpollChannel$AbstractEpollUnsafe.epollOutReady(AbstractEpollChannel.java:567)
	at org.apache.ratis.thirdparty.io.netty.channel.epoll.EpollEventLoop.processReady(EpollEventLoop.java:499)
	at org.apache.ratis.thirdparty.io.netty.channel.epoll.EpollEventLoop.run(EpollEventLoop.java:407)
	at org.apache.ratis.thirdparty.io.netty.util.concurrent.SingleThreadEventExecutor$4.run(SingleThreadEventExecutor.java:997)
	at org.apache.ratis.thirdparty.io.netty.util.internal.ThreadExecutorMap$2.run(ThreadExecutorMap.java:74)
	at org.apache.ratis.thirdparty.io.netty.util.concurrent.FastThreadLocalRunnable.run(FastThreadLocalRunnable.java:30)
	at java.base/java.lang.Thread.run(Thread.java:829)
2023-11-28 06:43:32,000 [s2-client-thread1] DEBUG server.RaftServer$Division (RaftServerImpl.java:submitClientRequestAsync(893)) - s2@group-C77254A99B14: receive client request(RaftClientRequest:client-5A13D73C9023->s2@group-C77254A99B14, cid=999, seq=null, RW, Message:6d657373616765)
2023-11-28 06:43:32,001 [Time-limited test] INFO  grpc.TestRetryCacheWithGrpc (RetryCacheTests.java:runTestRetryOnNewLeader(159)) - successfully sent out the retry request_7
2023-11-28 06:43:32,056 [grpc-default-executor-3] ERROR impl.OrderedAsync (OrderedAsync.java:lambda$sendRequest$9(247)) - client-23DA7E6A7FE2: Failed* RaftClientRequest:client-23DA7E6A7FE2->s2@group-9F468C9C58F9, cid=6, seq=1*, Watch(0), null
java.util.concurrent.CompletionException: java.io.IOException: org.apache.ratis.thirdparty.io.grpc.StatusRuntimeException: UNAVAILABLE: io exception
	at java.base/java.util.concurrent.CompletableFuture.encodeThrowable(CompletableFuture.java:331)
	at java.base/java.util.concurrent.CompletableFuture.completeThrowable(CompletableFuture.java:346)
	at java.base/java.util.concurrent.CompletableFuture$UniApply.tryFire(CompletableFuture.java:632)
	at java.base/java.util.concurrent.CompletableFuture.postComplete(CompletableFuture.java:506)
	at java.base/java.util.concurrent.CompletableFuture.completeExceptionally(CompletableFuture.java:2094)
	at org.apache.ratis.grpc.client.GrpcClientProtocolClient$AsyncStreamObservers.completeReplyExceptionally(GrpcClientProtocolClient.java:394)
	at org.apache.ratis.grpc.client.GrpcClientProtocolClient$AsyncStreamObservers.access$000(GrpcClientProtocolClient.java:300)
	at org.apache.ratis.grpc.client.GrpcClientProtocolClient$AsyncStreamObservers$1.onError(GrpcClientProtocolClient.java:331)
	at org.apache.ratis.thirdparty.io.grpc.stub.ClientCalls$StreamObserverToCallListenerAdapter.onClose(ClientCalls.java:481)
	at org.apache.ratis.thirdparty.io.grpc.PartialForwardingClientCallListener.onClose(PartialForwardingClientCallListener.java:39)
	at org.apache.ratis.thirdparty.io.grpc.ForwardingClientCallListener.onClose(ForwardingClientCallListener.java:23)
	at org.apache.ratis.grpc.metrics.intercept.client.MetricClientCallListener.onClose(MetricClientCallListener.java:47)
	at org.apache.ratis.thirdparty.io.grpc.internal.DelayedClientCall$DelayedListener$3.run(DelayedClientCall.java:489)
	at org.apache.ratis.thirdparty.io.grpc.internal.DelayedClientCall$DelayedListener.delayOrExecute(DelayedClientCall.java:453)
	at org.apache.ratis.thirdparty.io.grpc.internal.DelayedClientCall$DelayedListener.onClose(DelayedClientCall.java:486)
	at org.apache.ratis.thirdparty.io.grpc.internal.ClientCallImpl.closeObserver(ClientCallImpl.java:567)
	at org.apache.ratis.thirdparty.io.grpc.internal.ClientCallImpl.access$300(ClientCallImpl.java:71)
	at org.apache.ratis.thirdparty.io.grpc.internal.ClientCallImpl$ClientStreamListenerImpl$1StreamClosed.runInternal(ClientCallImpl.java:735)
	at org.apache.ratis.thirdparty.io.grpc.internal.ClientCallImpl$ClientStreamListenerImpl$1StreamClosed.runInContext(ClientCallImpl.java:716)
	at org.apache.ratis.thirdparty.io.grpc.internal.ContextRunnable.run(ContextRunnable.java:37)
	at org.apache.ratis.thirdparty.io.grpc.internal.SerializingExecutor.run(SerializingExecutor.java:133)
	at java.base/java.util.concurrent.ThreadPoolExecutor.runWorker(ThreadPoolExecutor.java:1128)
	at java.base/java.util.concurrent.ThreadPoolExecutor$Worker.run(ThreadPoolExecutor.java:628)
	at java.base/java.lang.Thread.run(Thread.java:829)
Caused by: java.io.IOException: org.apache.ratis.thirdparty.io.grpc.StatusRuntimeException: UNAVAILABLE: io exception
	at org.apache.ratis.grpc.GrpcUtil.unwrapException(GrpcUtil.java:99)
	at org.apache.ratis.grpc.GrpcUtil.unwrapIOException(GrpcUtil.java:159)
	at org.apache.ratis.grpc.client.GrpcClientProtocolClient$AsyncStreamObservers$1.onError(GrpcClientProtocolClient.java:330)
	... 16 more
Caused by: org.apache.ratis.thirdparty.io.grpc.StatusRuntimeException: UNAVAILABLE: io exception
	at org.apache.ratis.thirdparty.io.grpc.Status.asRuntimeException(Status.java:537)
	... 16 more
Caused by: org.apache.ratis.thirdparty.io.netty.channel.AbstractChannel$AnnotatedConnectException: finishConnect(..) failed: Connection refused: localhost/127.0.0.1:37249
Caused by: java.net.ConnectException: finishConnect(..) failed: Connection refused
	at org.apache.ratis.thirdparty.io.netty.channel.unix.Errors.newConnectException0(Errors.java:166)
	at org.apache.ratis.thirdparty.io.netty.channel.unix.Errors.handleConnectErrno(Errors.java:131)
	at org.apache.ratis.thirdparty.io.netty.channel.unix.Socket.finishConnect(Socket.java:359)
	at org.apache.ratis.thirdparty.io.netty.channel.epoll.AbstractEpollChannel$AbstractEpollUnsafe.doFinishConnect(AbstractEpollChannel.java:710)
	at org.apache.ratis.thirdparty.io.netty.channel.epoll.AbstractEpollChannel$AbstractEpollUnsafe.finishConnect(AbstractEpollChannel.java:687)
	at org.apache.ratis.thirdparty.io.netty.channel.epoll.AbstractEpollChannel$AbstractEpollUnsafe.epollOutReady(AbstractEpollChannel.java:567)
	at org.apache.ratis.thirdparty.io.netty.channel.epoll.EpollEventLoop.processReady(EpollEventLoop.java:499)
	at org.apache.ratis.thirdparty.io.netty.channel.epoll.EpollEventLoop.run(EpollEventLoop.java:407)
	at org.apache.ratis.thirdparty.io.netty.util.concurrent.SingleThreadEventExecutor$4.run(SingleThreadEventExecutor.java:997)
	at org.apache.ratis.thirdparty.io.netty.util.internal.ThreadExecutorMap$2.run(ThreadExecutorMap.java:74)
	at org.apache.ratis.thirdparty.io.netty.util.concurrent.FastThreadLocalRunnable.run(FastThreadLocalRunnable.java:30)
	at java.base/java.lang.Thread.run(Thread.java:829)
2023-11-28 06:43:32,102 [s2-client-thread1] DEBUG server.RaftServer$Division (RaftServerImpl.java:submitClientRequestAsync(893)) - s2@group-C77254A99B14: receive client request(RaftClientRequest:client-5A13D73C9023->s2@group-C77254A99B14, cid=999, seq=null, RW, Message:6d657373616765)
2023-11-28 06:43:32,103 [Time-limited test] INFO  grpc.TestRetryCacheWithGrpc (RetryCacheTests.java:runTestRetryOnNewLeader(159)) - successfully sent out the retry request_8
2023-11-28 06:43:32,158 [grpc-default-executor-3] ERROR impl.OrderedAsync (OrderedAsync.java:lambda$sendRequest$9(247)) - client-23DA7E6A7FE2: Failed* RaftClientRequest:client-23DA7E6A7FE2->s1@group-9F468C9C58F9, cid=6, seq=1*, Watch(0), null
java.util.concurrent.CompletionException: java.io.IOException: org.apache.ratis.thirdparty.io.grpc.StatusRuntimeException: UNAVAILABLE: io exception
	at java.base/java.util.concurrent.CompletableFuture.encodeThrowable(CompletableFuture.java:331)
	at java.base/java.util.concurrent.CompletableFuture.completeThrowable(CompletableFuture.java:346)
	at java.base/java.util.concurrent.CompletableFuture$UniApply.tryFire(CompletableFuture.java:632)
	at java.base/java.util.concurrent.CompletableFuture.postComplete(CompletableFuture.java:506)
	at java.base/java.util.concurrent.CompletableFuture.completeExceptionally(CompletableFuture.java:2094)
	at org.apache.ratis.grpc.client.GrpcClientProtocolClient$AsyncStreamObservers.completeReplyExceptionally(GrpcClientProtocolClient.java:394)
	at org.apache.ratis.grpc.client.GrpcClientProtocolClient$AsyncStreamObservers.access$000(GrpcClientProtocolClient.java:300)
	at org.apache.ratis.grpc.client.GrpcClientProtocolClient$AsyncStreamObservers$1.onError(GrpcClientProtocolClient.java:331)
	at org.apache.ratis.thirdparty.io.grpc.stub.ClientCalls$StreamObserverToCallListenerAdapter.onClose(ClientCalls.java:481)
	at org.apache.ratis.thirdparty.io.grpc.PartialForwardingClientCallListener.onClose(PartialForwardingClientCallListener.java:39)
	at org.apache.ratis.thirdparty.io.grpc.ForwardingClientCallListener.onClose(ForwardingClientCallListener.java:23)
	at org.apache.ratis.grpc.metrics.intercept.client.MetricClientCallListener.onClose(MetricClientCallListener.java:47)
	at org.apache.ratis.thirdparty.io.grpc.internal.DelayedClientCall$DelayedListener$3.run(DelayedClientCall.java:489)
	at org.apache.ratis.thirdparty.io.grpc.internal.DelayedClientCall$DelayedListener.delayOrExecute(DelayedClientCall.java:453)
	at org.apache.ratis.thirdparty.io.grpc.internal.DelayedClientCall$DelayedListener.onClose(DelayedClientCall.java:486)
	at org.apache.ratis.thirdparty.io.grpc.internal.ClientCallImpl.closeObserver(ClientCallImpl.java:567)
	at org.apache.ratis.thirdparty.io.grpc.internal.ClientCallImpl.access$300(ClientCallImpl.java:71)
	at org.apache.ratis.thirdparty.io.grpc.internal.ClientCallImpl$ClientStreamListenerImpl$1StreamClosed.runInternal(ClientCallImpl.java:735)
	at org.apache.ratis.thirdparty.io.grpc.internal.ClientCallImpl$ClientStreamListenerImpl$1StreamClosed.runInContext(ClientCallImpl.java:716)
	at org.apache.ratis.thirdparty.io.grpc.internal.ContextRunnable.run(ContextRunnable.java:37)
	at org.apache.ratis.thirdparty.io.grpc.internal.SerializingExecutor.run(SerializingExecutor.java:133)
	at java.base/java.util.concurrent.ThreadPoolExecutor.runWorker(ThreadPoolExecutor.java:1128)
	at java.base/java.util.concurrent.ThreadPoolExecutor$Worker.run(ThreadPoolExecutor.java:628)
	at java.base/java.lang.Thread.run(Thread.java:829)
Caused by: java.io.IOException: org.apache.ratis.thirdparty.io.grpc.StatusRuntimeException: UNAVAILABLE: io exception
	at org.apache.ratis.grpc.GrpcUtil.unwrapException(GrpcUtil.java:99)
	at org.apache.ratis.grpc.GrpcUtil.unwrapIOException(GrpcUtil.java:159)
	at org.apache.ratis.grpc.client.GrpcClientProtocolClient$AsyncStreamObservers$1.onError(GrpcClientProtocolClient.java:330)
	... 16 more
Caused by: org.apache.ratis.thirdparty.io.grpc.StatusRuntimeException: UNAVAILABLE: io exception
	at org.apache.ratis.thirdparty.io.grpc.Status.asRuntimeException(Status.java:537)
	... 16 more
Caused by: org.apache.ratis.thirdparty.io.netty.channel.AbstractChannel$AnnotatedConnectException: finishConnect(..) failed: Connection refused: localhost/127.0.0.1:37939
Caused by: java.net.ConnectException: finishConnect(..) failed: Connection refused
	at org.apache.ratis.thirdparty.io.netty.channel.unix.Errors.newConnectException0(Errors.java:166)
	at org.apache.ratis.thirdparty.io.netty.channel.unix.Errors.handleConnectErrno(Errors.java:131)
	at org.apache.ratis.thirdparty.io.netty.channel.unix.Socket.finishConnect(Socket.java:359)
	at org.apache.ratis.thirdparty.io.netty.channel.epoll.AbstractEpollChannel$AbstractEpollUnsafe.doFinishConnect(AbstractEpollChannel.java:710)
	at org.apache.ratis.thirdparty.io.netty.channel.epoll.AbstractEpollChannel$AbstractEpollUnsafe.finishConnect(AbstractEpollChannel.java:687)
	at org.apache.ratis.thirdparty.io.netty.channel.epoll.AbstractEpollChannel$AbstractEpollUnsafe.epollOutReady(AbstractEpollChannel.java:567)
	at org.apache.ratis.thirdparty.io.netty.channel.epoll.EpollEventLoop.processReady(EpollEventLoop.java:499)
	at org.apache.ratis.thirdparty.io.netty.channel.epoll.EpollEventLoop.run(EpollEventLoop.java:407)
	at org.apache.ratis.thirdparty.io.netty.util.concurrent.SingleThreadEventExecutor$4.run(SingleThreadEventExecutor.java:997)
	at org.apache.ratis.thirdparty.io.netty.util.internal.ThreadExecutorMap$2.run(ThreadExecutorMap.java:74)
	at org.apache.ratis.thirdparty.io.netty.util.concurrent.FastThreadLocalRunnable.run(FastThreadLocalRunnable.java:30)
	at java.base/java.lang.Thread.run(Thread.java:829)
2023-11-28 06:43:32,204 [s2-client-thread1] DEBUG server.RaftServer$Division (RaftServerImpl.java:submitClientRequestAsync(893)) - s2@group-C77254A99B14: receive client request(RaftClientRequest:client-5A13D73C9023->s2@group-C77254A99B14, cid=999, seq=null, RW, Message:6d657373616765)
2023-11-28 06:43:32,204 [Time-limited test] INFO  grpc.TestRetryCacheWithGrpc (RetryCacheTests.java:runTestRetryOnNewLeader(159)) - successfully sent out the retry request_9
2023-11-28 06:43:32,260 [grpc-default-executor-7] ERROR impl.OrderedAsync (OrderedAsync.java:lambda$sendRequest$9(247)) - client-23DA7E6A7FE2: Failed* RaftClientRequest:client-23DA7E6A7FE2->s0@group-9F468C9C58F9, cid=6, seq=1*, Watch(0), null
java.util.concurrent.CompletionException: java.io.IOException: org.apache.ratis.thirdparty.io.grpc.StatusRuntimeException: UNAVAILABLE: io exception
	at java.base/java.util.concurrent.CompletableFuture.encodeThrowable(CompletableFuture.java:331)
	at java.base/java.util.concurrent.CompletableFuture.completeThrowable(CompletableFuture.java:346)
	at java.base/java.util.concurrent.CompletableFuture$UniApply.tryFire(CompletableFuture.java:632)
	at java.base/java.util.concurrent.CompletableFuture.postComplete(CompletableFuture.java:506)
	at java.base/java.util.concurrent.CompletableFuture.completeExceptionally(CompletableFuture.java:2094)
	at org.apache.ratis.grpc.client.GrpcClientProtocolClient$AsyncStreamObservers.completeReplyExceptionally(GrpcClientProtocolClient.java:394)
	at org.apache.ratis.grpc.client.GrpcClientProtocolClient$AsyncStreamObservers.access$000(GrpcClientProtocolClient.java:300)
	at org.apache.ratis.grpc.client.GrpcClientProtocolClient$AsyncStreamObservers$1.onError(GrpcClientProtocolClient.java:331)
	at org.apache.ratis.thirdparty.io.grpc.stub.ClientCalls$StreamObserverToCallListenerAdapter.onClose(ClientCalls.java:481)
	at org.apache.ratis.thirdparty.io.grpc.PartialForwardingClientCallListener.onClose(PartialForwardingClientCallListener.java:39)
	at org.apache.ratis.thirdparty.io.grpc.ForwardingClientCallListener.onClose(ForwardingClientCallListener.java:23)
	at org.apache.ratis.grpc.metrics.intercept.client.MetricClientCallListener.onClose(MetricClientCallListener.java:47)
	at org.apache.ratis.thirdparty.io.grpc.internal.DelayedClientCall$DelayedListener$3.run(DelayedClientCall.java:489)
	at org.apache.ratis.thirdparty.io.grpc.internal.DelayedClientCall$DelayedListener.delayOrExecute(DelayedClientCall.java:453)
	at org.apache.ratis.thirdparty.io.grpc.internal.DelayedClientCall$DelayedListener.onClose(DelayedClientCall.java:486)
	at org.apache.ratis.thirdparty.io.grpc.internal.ClientCallImpl.closeObserver(ClientCallImpl.java:567)
	at org.apache.ratis.thirdparty.io.grpc.internal.ClientCallImpl.access$300(ClientCallImpl.java:71)
	at org.apache.ratis.thirdparty.io.grpc.internal.ClientCallImpl$ClientStreamListenerImpl$1StreamClosed.runInternal(ClientCallImpl.java:735)
	at org.apache.ratis.thirdparty.io.grpc.internal.ClientCallImpl$ClientStreamListenerImpl$1StreamClosed.runInContext(ClientCallImpl.java:716)
	at org.apache.ratis.thirdparty.io.grpc.internal.ContextRunnable.run(ContextRunnable.java:37)
	at org.apache.ratis.thirdparty.io.grpc.internal.SerializingExecutor.run(SerializingExecutor.java:133)
	at java.base/java.util.concurrent.ThreadPoolExecutor.runWorker(ThreadPoolExecutor.java:1128)
	at java.base/java.util.concurrent.ThreadPoolExecutor$Worker.run(ThreadPoolExecutor.java:628)
	at java.base/java.lang.Thread.run(Thread.java:829)
Caused by: java.io.IOException: org.apache.ratis.thirdparty.io.grpc.StatusRuntimeException: UNAVAILABLE: io exception
	at org.apache.ratis.grpc.GrpcUtil.unwrapException(GrpcUtil.java:99)
	at org.apache.ratis.grpc.GrpcUtil.unwrapIOException(GrpcUtil.java:159)
	at org.apache.ratis.grpc.client.GrpcClientProtocolClient$AsyncStreamObservers$1.onError(GrpcClientProtocolClient.java:330)
	... 16 more
Caused by: org.apache.ratis.thirdparty.io.grpc.StatusRuntimeException: UNAVAILABLE: io exception
	at org.apache.ratis.thirdparty.io.grpc.Status.asRuntimeException(Status.java:537)
	... 16 more
Caused by: org.apache.ratis.thirdparty.io.netty.channel.AbstractChannel$AnnotatedConnectException: finishConnect(..) failed: Connection refused: localhost/127.0.0.1:43007
Caused by: java.net.ConnectException: finishConnect(..) failed: Connection refused
	at org.apache.ratis.thirdparty.io.netty.channel.unix.Errors.newConnectException0(Errors.java:166)
	at org.apache.ratis.thirdparty.io.netty.channel.unix.Errors.handleConnectErrno(Errors.java:131)
	at org.apache.ratis.thirdparty.io.netty.channel.unix.Socket.finishConnect(Socket.java:359)
	at org.apache.ratis.thirdparty.io.netty.channel.epoll.AbstractEpollChannel$AbstractEpollUnsafe.doFinishConnect(AbstractEpollChannel.java:710)
	at org.apache.ratis.thirdparty.io.netty.channel.epoll.AbstractEpollChannel$AbstractEpollUnsafe.finishConnect(AbstractEpollChannel.java:687)
	at org.apache.ratis.thirdparty.io.netty.channel.epoll.AbstractEpollChannel$AbstractEpollUnsafe.epollOutReady(AbstractEpollChannel.java:567)
	at org.apache.ratis.thirdparty.io.netty.channel.epoll.EpollEventLoop.processReady(EpollEventLoop.java:499)
	at org.apache.ratis.thirdparty.io.netty.channel.epoll.EpollEventLoop.run(EpollEventLoop.java:407)
	at org.apache.ratis.thirdparty.io.netty.util.concurrent.SingleThreadEventExecutor$4.run(SingleThreadEventExecutor.java:997)
	at org.apache.ratis.thirdparty.io.netty.util.internal.ThreadExecutorMap$2.run(ThreadExecutorMap.java:74)
	at org.apache.ratis.thirdparty.io.netty.util.concurrent.FastThreadLocalRunnable.run(FastThreadLocalRunnable.java:30)
	at java.base/java.lang.Thread.run(Thread.java:829)
2023-11-28 06:43:32,306 [Time-limited test] INFO  impl.MiniRaftCluster (MiniRaftCluster.java:shutdown(831)) - ************************************************************** 
2023-11-28 06:43:32,306 [Time-limited test] INFO  impl.MiniRaftCluster (MiniRaftCluster.java:shutdown(832)) - *** 
2023-11-28 06:43:32,306 [Time-limited test] INFO  impl.MiniRaftCluster (MiniRaftCluster.java:shutdown(833)) - ***     Stopping MiniRaftClusterWithGrpc
2023-11-28 06:43:32,306 [Time-limited test] INFO  impl.MiniRaftCluster (MiniRaftCluster.java:shutdown(834)) - *** 
2023-11-28 06:43:32,306 [Time-limited test] INFO  impl.MiniRaftCluster (MiniRaftCluster.java:shutdown(835)) - ************************************************************** 
2023-11-28 06:43:32,306 [Time-limited test] INFO  impl.MiniRaftCluster (MiniRaftCluster.java:shutdown(836)) - printing ALL groups
  s3:  RUNNING  FOLLOWER s3@group-C77254A99B14:t2, leader=s2, voted=s2, raftlog=Memoized:s3@group-C77254A99B14-SegmentedRaftLog:OPENED:c14, conf=13: peers:[s3|0.0.0.0:40731, s4|0.0.0.0:41087, s2|localhost:35737]|listeners:[], old=null RUNNING
  s4:  RUNNING  FOLLOWER s4@group-C77254A99B14:t2, leader=s2, voted=s2, raftlog=Memoized:s4@group-C77254A99B14-SegmentedRaftLog:OPENED:c14, conf=13: peers:[s3|0.0.0.0:40731, s4|0.0.0.0:41087, s2|localhost:35737]|listeners:[], old=null RUNNING
  s0:  RUNNING    LEADER s0@group-C77254A99B14:t1, leader=s0, voted=s0, raftlog=Memoized:s0@group-C77254A99B14-SegmentedRaftLog:CLOSED:c11, conf=11: peers:[s3|0.0.0.0:40731, s4|0.0.0.0:41087, s2|localhost:35737]|listeners:[], old=null CLOSED
  s1:   CLOSED CANDIDATE s1@group-C77254A99B14:t1, leader=null, voted=s0, raftlog=Memoized:s1@group-C77254A99B14-SegmentedRaftLog:CLOSED:c9, conf=9: peers:[s3|0.0.0.0:40731, s4|0.0.0.0:41087, s2|localhost:35737]|listeners:[], old=peers:[s3|0.0.0.0:40731, s4|0.0.0.0:41087, s0|localhost:46347, s1|localhost:33829, s2|localhost:35737]|listeners:[] CLOSED
  s2:  RUNNING    LEADER s2@group-C77254A99B14:t2, leader=s2, voted=s2, raftlog=Memoized:s2@group-C77254A99B14-SegmentedRaftLog:OPENED:c14, conf=13: peers:[s3|0.0.0.0:40731, s4|0.0.0.0:41087, s2|localhost:35737]|listeners:[], old=null RUNNING
2023-11-28 06:43:32,306 [MiniRaftCluster-10] INFO  server.RaftServer (RaftServerProxy.java:lambda$close$9(416)) - s3: close
2023-11-28 06:43:32,306 [MiniRaftCluster-11] INFO  server.RaftServer (RaftServerProxy.java:lambda$close$9(416)) - s4: close
2023-11-28 06:43:32,307 [MiniRaftCluster-11] INFO  server.GrpcService (GrpcService.java:closeImpl(311)) - s4: shutdown server GrpcServerProtocolService now
2023-11-28 06:43:32,307 [s3-impl-thread1] INFO  server.RaftServer$Division (RaftServerImpl.java:lambda$close$3(516)) - s3@group-C77254A99B14: shutdown
2023-11-28 06:43:32,307 [s4-impl-thread1] INFO  server.RaftServer$Division (RaftServerImpl.java:lambda$close$3(516)) - s4@group-C77254A99B14: shutdown
2023-11-28 06:43:32,307 [MiniRaftCluster-10] INFO  server.GrpcService (GrpcService.java:closeImpl(311)) - s3: shutdown server GrpcServerProtocolService now
2023-11-28 06:43:32,307 [s4-impl-thread1] INFO  util.JmxRegister (JmxRegister.java:unregister(73)) - Successfully un-registered JMX Bean with object name Ratis:service=RaftServer,group=group-C77254A99B14,id=s4
2023-11-28 06:43:32,307 [s4-impl-thread1] INFO  impl.RoleInfo (RoleInfo.java:shutdownFollowerState(110)) - s4: shutdown s4@group-C77254A99B14-FollowerState
2023-11-28 06:43:32,307 [s4-impl-thread1] INFO  impl.StateMachineUpdater (StateMachineUpdater.java:stopAndJoin(157)) - s4@group-C77254A99B14-StateMachineUpdater: set stopIndex = 14
2023-11-28 06:43:32,307 [s4@group-C77254A99B14-FollowerState] INFO  impl.FollowerState (FollowerState.java:run(152)) - s4@group-C77254A99B14-FollowerState was interrupted
2023-11-28 06:43:32,307 [s3-impl-thread1] INFO  util.JmxRegister (JmxRegister.java:unregister(73)) - Successfully un-registered JMX Bean with object name Ratis:service=RaftServer,group=group-C77254A99B14,id=s3
2023-11-28 06:43:32,307 [s3-impl-thread1] INFO  impl.RoleInfo (RoleInfo.java:shutdownFollowerState(110)) - s3: shutdown s3@group-C77254A99B14-FollowerState
2023-11-28 06:43:32,307 [s3-impl-thread1] INFO  impl.StateMachineUpdater (StateMachineUpdater.java:stopAndJoin(157)) - s3@group-C77254A99B14-StateMachineUpdater: set stopIndex = 14
2023-11-28 06:43:32,307 [s3@group-C77254A99B14-FollowerState] INFO  impl.FollowerState (FollowerState.java:run(152)) - s3@group-C77254A99B14-FollowerState was interrupted
2023-11-28 06:43:32,307 [s3-impl-thread1] INFO  server.RaftServer$Division (ServerState.java:close(423)) - s3@group-C77254A99B14: applyIndex: 14
2023-11-28 06:43:32,308 [s3@group-C77254A99B14-cacheEviction-AwaitToRun] INFO  util.AwaitToRun (AwaitToRun.java:run(49)) - s3@group-C77254A99B14-cacheEviction-AwaitToRun-AwaitForSignal is interrupted
2023-11-28 06:43:32,308 [s4-impl-thread1] INFO  server.RaftServer$Division (ServerState.java:close(423)) - s4@group-C77254A99B14: applyIndex: 14
2023-11-28 06:43:32,308 [s4@group-C77254A99B14-cacheEviction-AwaitToRun] INFO  util.AwaitToRun (AwaitToRun.java:run(49)) - s4@group-C77254A99B14-cacheEviction-AwaitToRun-AwaitForSignal is interrupted
2023-11-28 06:43:32,308 [MiniRaftCluster-14] INFO  server.RaftServer (RaftServerProxy.java:lambda$close$9(416)) - s2: close
2023-11-28 06:43:32,308 [MiniRaftCluster-12] INFO  server.RaftServer (RaftServerProxy.java:lambda$close$9(416)) - s0: close
2023-11-28 06:43:32,309 [grpc-default-executor-6] WARN  server.GrpcServerProtocolService (LogUtils.java:warn(121)) - s4: APPEND_ENTRIES onError, lastRequest: null: org.apache.ratis.thirdparty.io.grpc.StatusRuntimeException: CANCELLED: client cancelled
2023-11-28 06:43:32,309 [grpc-default-executor-3] WARN  server.GrpcServerProtocolService (LogUtils.java:warn(121)) - s4: APPEND_ENTRIES onError, lastRequest: s2->s4#2-t2,previous=(t:2, i:13),leaderCommit=13,initializing? true,entries: size=1, first=(t:2, i:14), METADATAENTRY(c:13): org.apache.ratis.thirdparty.io.grpc.StatusRuntimeException: CANCELLED: client cancelled
2023-11-28 06:43:32,310 [grpc-default-executor-3] WARN  server.GrpcLogAppender (LogUtils.java:warn(121)) - s2@group-C77254A99B14->s4-AppendLogResponseHandler: Failed appendEntries: org.apache.ratis.thirdparty.io.grpc.StatusRuntimeException: CANCELLED: RST_STREAM closed stream. HTTP/2 error code: CANCEL
2023-11-28 06:43:32,310 [grpc-default-executor-7] WARN  server.GrpcLogAppender (LogUtils.java:warn(121)) - s2@group-C77254A99B14->s4-AppendLogResponseHandler: Failed appendEntries: org.apache.ratis.thirdparty.io.grpc.StatusRuntimeException: CANCELLED: RST_STREAM closed stream. HTTP/2 error code: CANCEL
2023-11-28 06:43:32,310 [grpc-default-executor-7] WARN  server.GrpcLogAppender (GrpcLogAppender.java:resetClient(140)) - s2@group-C77254A99B14->s4-GrpcLogAppender: Follower failed and request == null,  keep nextIndex (15) unchanged and retry.
2023-11-28 06:43:32,310 [grpc-default-executor-3] WARN  server.GrpcLogAppender (GrpcLogAppender.java:resetClient(140)) - s2@group-C77254A99B14->s4-GrpcLogAppender: Follower failed and request == null,  keep nextIndex (15) unchanged and retry.
2023-11-28 06:43:32,311 [grpc-default-executor-5] WARN  server.GrpcServerProtocolService (LogUtils.java:warn(121)) - s3: APPEND_ENTRIES onError, lastRequest: s2->s3#2-t2,previous=(t:2, i:13),leaderCommit=13,initializing? true,entries: size=1, first=(t:2, i:14), METADATAENTRY(c:13): org.apache.ratis.thirdparty.io.grpc.StatusRuntimeException: CANCELLED: client cancelled
2023-11-28 06:43:32,311 [grpc-default-executor-7] WARN  server.GrpcServerProtocolService (LogUtils.java:warn(121)) - s3: APPEND_ENTRIES onError, lastRequest: null: org.apache.ratis.thirdparty.io.grpc.StatusRuntimeException: CANCELLED: client cancelled
2023-11-28 06:43:32,311 [grpc-default-executor-1] WARN  server.GrpcLogAppender (LogUtils.java:warn(121)) - s2@group-C77254A99B14->s3-AppendLogResponseHandler: Failed appendEntries: org.apache.ratis.thirdparty.io.grpc.StatusRuntimeException: CANCELLED: RST_STREAM closed stream. HTTP/2 error code: CANCEL
2023-11-28 06:43:32,311 [grpc-default-executor-2] WARN  server.GrpcLogAppender (LogUtils.java:warn(121)) - s2@group-C77254A99B14->s3-AppendLogResponseHandler: Failed appendEntries: org.apache.ratis.thirdparty.io.grpc.StatusRuntimeException: CANCELLED: RST_STREAM closed stream. HTTP/2 error code: CANCEL
2023-11-28 06:43:32,311 [grpc-default-executor-1] WARN  server.GrpcLogAppender (GrpcLogAppender.java:resetClient(140)) - s2@group-C77254A99B14->s3-GrpcLogAppender: Follower failed and request == null,  keep nextIndex (15) unchanged and retry.
2023-11-28 06:43:32,311 [grpc-default-executor-2] WARN  server.GrpcLogAppender (GrpcLogAppender.java:resetClient(140)) - s2@group-C77254A99B14->s3-GrpcLogAppender: Follower failed and request == null,  keep nextIndex (15) unchanged and retry.
2023-11-28 06:43:32,311 [s2-impl-thread1] INFO  server.RaftServer$Division (RaftServerImpl.java:lambda$close$3(516)) - s2@group-C77254A99B14: shutdown
2023-11-28 06:43:32,311 [s2-impl-thread1] INFO  util.JmxRegister (JmxRegister.java:unregister(73)) - Successfully un-registered JMX Bean with object name Ratis:service=RaftServer,group=group-C77254A99B14,id=s2
2023-11-28 06:43:32,312 [s2-impl-thread1] INFO  impl.RoleInfo (RoleInfo.java:shutdownLeaderState(94)) - s2: shutdown s2@group-C77254A99B14-LeaderStateImpl
2023-11-28 06:43:32,312 [MiniRaftCluster-11] INFO  server.GrpcService (GrpcService.java:closeImpl(320)) - s4: shutdown server GrpcServerProtocolService successfully
2023-11-28 06:43:32,311 [MiniRaftCluster-12] INFO  server.GrpcService (GrpcService.java:closeImpl(311)) - s0: shutdown server org.apache.ratis.grpc.server.GrpcClientProtocolService now
2023-11-28 06:43:32,311 [MiniRaftCluster-14] INFO  server.GrpcService (GrpcService.java:closeImpl(311)) - s2: shutdown server org.apache.ratis.grpc.server.GrpcClientProtocolService now
2023-11-28 06:43:32,312 [s2-impl-thread1] INFO  impl.PendingRequests (PendingRequests.java:sendNotLeaderResponses(289)) - s2@group-C77254A99B14-PendingRequests: sendNotLeaderResponses
2023-11-28 06:43:32,312 [s2@group-C77254A99B14->s4-GrpcLogAppender-LogAppenderDaemon] WARN  server.GrpcLogAppender (GrpcLogAppender.java:mayWait(212)) - s2@group-C77254A99B14->s4-GrpcLogAppender: Wait interrupted by java.lang.InterruptedException
2023-11-28 06:43:32,312 [s2@group-C77254A99B14->s3-GrpcLogAppender-LogAppenderDaemon] WARN  server.GrpcLogAppender (GrpcLogAppender.java:mayWait(212)) - s2@group-C77254A99B14->s3-GrpcLogAppender: Wait interrupted by java.lang.InterruptedException
2023-11-28 06:43:32,313 [Thread-384] INFO  server.GrpcServerProtocolClient (GrpcServerProtocolClient.java:close(103)) - s0 Close channels
2023-11-28 06:43:32,313 [Thread-382] INFO  server.GrpcServerProtocolClient (GrpcServerProtocolClient.java:close(103)) - s3 Close channels
2023-11-28 06:43:32,315 [Thread-381] INFO  server.GrpcServerProtocolClient (GrpcServerProtocolClient.java:close(103)) - s3 Close channels
2023-11-28 06:43:32,316 [s2-impl-thread1] INFO  impl.StateMachineUpdater (StateMachineUpdater.java:stopAndJoin(157)) - s2@group-C77254A99B14-StateMachineUpdater: set stopIndex = 14
2023-11-28 06:43:32,316 [s2-impl-thread1] INFO  server.RaftServer$Division (ServerState.java:close(423)) - s2@group-C77254A99B14: applyIndex: 14
2023-11-28 06:43:32,316 [s2@group-C77254A99B14-cacheEviction-AwaitToRun] INFO  util.AwaitToRun (AwaitToRun.java:run(49)) - s2@group-C77254A99B14-cacheEviction-AwaitToRun-AwaitForSignal is interrupted
2023-11-28 06:43:32,317 [Thread-387] INFO  server.GrpcServerProtocolClient (GrpcServerProtocolClient.java:close(103)) - s4 Close channels
2023-11-28 06:43:32,317 [Thread-386] INFO  server.GrpcServerProtocolClient (GrpcServerProtocolClient.java:close(103)) - s4 Close channels
2023-11-28 06:43:32,317 [MiniRaftCluster-14] INFO  server.GrpcService (GrpcService.java:closeImpl(320)) - s2: shutdown server org.apache.ratis.grpc.server.GrpcClientProtocolService successfully
2023-11-28 06:43:32,317 [MiniRaftCluster-14] INFO  server.GrpcService (GrpcService.java:closeImpl(311)) - s2: shutdown server GrpcServerProtocolService now
2023-11-28 06:43:32,318 [Thread-385] INFO  server.GrpcServerProtocolClient (GrpcServerProtocolClient.java:close(103)) - s1 Close channels
2023-11-28 06:43:32,318 [Thread-393] INFO  server.GrpcServerProtocolClient (GrpcServerProtocolClient.java:close(103)) - s1 Close channels
2023-11-28 06:43:32,319 [Thread-395] INFO  server.GrpcServerProtocolClient (GrpcServerProtocolClient.java:close(103)) - s2 Close channels
2023-11-28 06:43:32,319 [Thread-392] INFO  server.GrpcServerProtocolClient (GrpcServerProtocolClient.java:close(103)) - s2 Close channels
2023-11-28 06:43:32,319 [MiniRaftCluster-12] INFO  server.GrpcService (GrpcService.java:closeImpl(320)) - s0: shutdown server org.apache.ratis.grpc.server.GrpcClientProtocolService successfully
2023-11-28 06:43:32,319 [MiniRaftCluster-12] INFO  server.GrpcService (GrpcService.java:closeImpl(311)) - s0: shutdown server GrpcServerProtocolService now
2023-11-28 06:43:32,319 [MiniRaftCluster-10] INFO  server.GrpcService (GrpcService.java:closeImpl(320)) - s3: shutdown server GrpcServerProtocolService successfully
2023-11-28 06:43:32,321 [MiniRaftCluster-14] INFO  server.GrpcService (GrpcService.java:closeImpl(320)) - s2: shutdown server GrpcServerProtocolService successfully
2023-11-28 06:43:32,321 [MiniRaftCluster-14] INFO  server.GrpcService (GrpcService.java:closeImpl(311)) - s2: shutdown server org.apache.ratis.grpc.server.GrpcAdminProtocolService now
2023-11-28 06:43:32,324 [MiniRaftCluster-12] INFO  server.GrpcService (GrpcService.java:closeImpl(320)) - s0: shutdown server GrpcServerProtocolService successfully
2023-11-28 06:43:32,324 [MiniRaftCluster-12] INFO  server.GrpcService (GrpcService.java:closeImpl(311)) - s0: shutdown server org.apache.ratis.grpc.server.GrpcAdminProtocolService now
2023-11-28 06:43:32,324 [MiniRaftCluster-14] INFO  server.GrpcService (GrpcService.java:closeImpl(320)) - s2: shutdown server org.apache.ratis.grpc.server.GrpcAdminProtocolService successfully
2023-11-28 06:43:32,324 [MiniRaftCluster-12] INFO  server.GrpcService (GrpcService.java:closeImpl(320)) - s0: shutdown server org.apache.ratis.grpc.server.GrpcAdminProtocolService successfully
2023-11-28 06:43:32,325 [JvmPauseMonitor9] INFO  util.JvmPauseMonitor (JvmPauseMonitor.java:run(152)) - JvmPauseMonitor-s0: Stopped
2023-11-28 06:43:32,362 [grpc-default-executor-1] ERROR impl.OrderedAsync (OrderedAsync.java:lambda$sendRequest$9(247)) - client-23DA7E6A7FE2: Failed* RaftClientRequest:client-23DA7E6A7FE2->s2@group-9F468C9C58F9, cid=6, seq=1*, Watch(0), null
java.util.concurrent.CompletionException: java.io.IOException: org.apache.ratis.thirdparty.io.grpc.StatusRuntimeException: UNAVAILABLE: io exception
	at java.base/java.util.concurrent.CompletableFuture.encodeThrowable(CompletableFuture.java:331)
	at java.base/java.util.concurrent.CompletableFuture.completeThrowable(CompletableFuture.java:346)
	at java.base/java.util.concurrent.CompletableFuture$UniApply.tryFire(CompletableFuture.java:632)
	at java.base/java.util.concurrent.CompletableFuture.postComplete(CompletableFuture.java:506)
	at java.base/java.util.concurrent.CompletableFuture.completeExceptionally(CompletableFuture.java:2094)
	at org.apache.ratis.grpc.client.GrpcClientProtocolClient$AsyncStreamObservers.completeReplyExceptionally(GrpcClientProtocolClient.java:394)
	at org.apache.ratis.grpc.client.GrpcClientProtocolClient$AsyncStreamObservers.access$000(GrpcClientProtocolClient.java:300)
	at org.apache.ratis.grpc.client.GrpcClientProtocolClient$AsyncStreamObservers$1.onError(GrpcClientProtocolClient.java:331)
	at org.apache.ratis.thirdparty.io.grpc.stub.ClientCalls$StreamObserverToCallListenerAdapter.onClose(ClientCalls.java:481)
	at org.apache.ratis.thirdparty.io.grpc.PartialForwardingClientCallListener.onClose(PartialForwardingClientCallListener.java:39)
	at org.apache.ratis.thirdparty.io.grpc.ForwardingClientCallListener.onClose(ForwardingClientCallListener.java:23)
	at org.apache.ratis.grpc.metrics.intercept.client.MetricClientCallListener.onClose(MetricClientCallListener.java:47)
	at org.apache.ratis.thirdparty.io.grpc.internal.DelayedClientCall$DelayedListener$3.run(DelayedClientCall.java:489)
	at org.apache.ratis.thirdparty.io.grpc.internal.DelayedClientCall$DelayedListener.delayOrExecute(DelayedClientCall.java:453)
	at org.apache.ratis.thirdparty.io.grpc.internal.DelayedClientCall$DelayedListener.onClose(DelayedClientCall.java:486)
	at org.apache.ratis.thirdparty.io.grpc.internal.ClientCallImpl.closeObserver(ClientCallImpl.java:567)
	at org.apache.ratis.thirdparty.io.grpc.internal.ClientCallImpl.access$300(ClientCallImpl.java:71)
	at org.apache.ratis.thirdparty.io.grpc.internal.ClientCallImpl$ClientStreamListenerImpl$1StreamClosed.runInternal(ClientCallImpl.java:735)
	at org.apache.ratis.thirdparty.io.grpc.internal.ClientCallImpl$ClientStreamListenerImpl$1StreamClosed.runInContext(ClientCallImpl.java:716)
	at org.apache.ratis.thirdparty.io.grpc.internal.ContextRunnable.run(ContextRunnable.java:37)
	at org.apache.ratis.thirdparty.io.grpc.internal.SerializingExecutor.run(SerializingExecutor.java:133)
	at java.base/java.util.concurrent.ThreadPoolExecutor.runWorker(ThreadPoolExecutor.java:1128)
	at java.base/java.util.concurrent.ThreadPoolExecutor$Worker.run(ThreadPoolExecutor.java:628)
	at java.base/java.lang.Thread.run(Thread.java:829)
Caused by: java.io.IOException: org.apache.ratis.thirdparty.io.grpc.StatusRuntimeException: UNAVAILABLE: io exception
	at org.apache.ratis.grpc.GrpcUtil.unwrapException(GrpcUtil.java:99)
	at org.apache.ratis.grpc.GrpcUtil.unwrapIOException(GrpcUtil.java:159)
	at org.apache.ratis.grpc.client.GrpcClientProtocolClient$AsyncStreamObservers$1.onError(GrpcClientProtocolClient.java:330)
	... 16 more
Caused by: org.apache.ratis.thirdparty.io.grpc.StatusRuntimeException: UNAVAILABLE: io exception
	at org.apache.ratis.thirdparty.io.grpc.Status.asRuntimeException(Status.java:537)
	... 16 more
Caused by: org.apache.ratis.thirdparty.io.netty.channel.AbstractChannel$AnnotatedConnectException: finishConnect(..) failed: Connection refused: localhost/127.0.0.1:37249
Caused by: java.net.ConnectException: finishConnect(..) failed: Connection refused
	at org.apache.ratis.thirdparty.io.netty.channel.unix.Errors.newConnectException0(Errors.java:166)
	at org.apache.ratis.thirdparty.io.netty.channel.unix.Errors.handleConnectErrno(Errors.java:131)
	at org.apache.ratis.thirdparty.io.netty.channel.unix.Socket.finishConnect(Socket.java:359)
	at org.apache.ratis.thirdparty.io.netty.channel.epoll.AbstractEpollChannel$AbstractEpollUnsafe.doFinishConnect(AbstractEpollChannel.java:710)
	at org.apache.ratis.thirdparty.io.netty.channel.epoll.AbstractEpollChannel$AbstractEpollUnsafe.finishConnect(AbstractEpollChannel.java:687)
	at org.apache.ratis.thirdparty.io.netty.channel.epoll.AbstractEpollChannel$AbstractEpollUnsafe.epollOutReady(AbstractEpollChannel.java:567)
	at org.apache.ratis.thirdparty.io.netty.channel.epoll.EpollEventLoop.processReady(EpollEventLoop.java:499)
	at org.apache.ratis.thirdparty.io.netty.channel.epoll.EpollEventLoop.run(EpollEventLoop.java:407)
	at org.apache.ratis.thirdparty.io.netty.util.concurrent.SingleThreadEventExecutor$4.run(SingleThreadEventExecutor.java:997)
	at org.apache.ratis.thirdparty.io.netty.util.internal.ThreadExecutorMap$2.run(ThreadExecutorMap.java:74)
	at org.apache.ratis.thirdparty.io.netty.util.concurrent.FastThreadLocalRunnable.run(FastThreadLocalRunnable.java:30)
	at java.base/java.lang.Thread.run(Thread.java:829)
2023-11-28 06:43:32,465 [grpc-default-executor-2] ERROR impl.OrderedAsync (OrderedAsync.java:lambda$sendRequest$9(247)) - client-23DA7E6A7FE2: Failed* RaftClientRequest:client-23DA7E6A7FE2->s0@group-9F468C9C58F9, cid=6, seq=1*, Watch(0), null
java.util.concurrent.CompletionException: java.io.IOException: org.apache.ratis.thirdparty.io.grpc.StatusRuntimeException: UNAVAILABLE: io exception
	at java.base/java.util.concurrent.CompletableFuture.encodeThrowable(CompletableFuture.java:331)
	at java.base/java.util.concurrent.CompletableFuture.completeThrowable(CompletableFuture.java:346)
	at java.base/java.util.concurrent.CompletableFuture$UniApply.tryFire(CompletableFuture.java:632)
	at java.base/java.util.concurrent.CompletableFuture.postComplete(CompletableFuture.java:506)
	at java.base/java.util.concurrent.CompletableFuture.completeExceptionally(CompletableFuture.java:2094)
	at org.apache.ratis.grpc.client.GrpcClientProtocolClient$AsyncStreamObservers.completeReplyExceptionally(GrpcClientProtocolClient.java:394)
	at org.apache.ratis.grpc.client.GrpcClientProtocolClient$AsyncStreamObservers.access$000(GrpcClientProtocolClient.java:300)
	at org.apache.ratis.grpc.client.GrpcClientProtocolClient$AsyncStreamObservers$1.onError(GrpcClientProtocolClient.java:331)
	at org.apache.ratis.thirdparty.io.grpc.stub.ClientCalls$StreamObserverToCallListenerAdapter.onClose(ClientCalls.java:481)
	at org.apache.ratis.thirdparty.io.grpc.PartialForwardingClientCallListener.onClose(PartialForwardingClientCallListener.java:39)
	at org.apache.ratis.thirdparty.io.grpc.ForwardingClientCallListener.onClose(ForwardingClientCallListener.java:23)
	at org.apache.ratis.grpc.metrics.intercept.client.MetricClientCallListener.onClose(MetricClientCallListener.java:47)
	at org.apache.ratis.thirdparty.io.grpc.internal.DelayedClientCall$DelayedListener$3.run(DelayedClientCall.java:489)
	at org.apache.ratis.thirdparty.io.grpc.internal.DelayedClientCall$DelayedListener.delayOrExecute(DelayedClientCall.java:453)
	at org.apache.ratis.thirdparty.io.grpc.internal.DelayedClientCall$DelayedListener.onClose(DelayedClientCall.java:486)
	at org.apache.ratis.thirdparty.io.grpc.internal.ClientCallImpl.closeObserver(ClientCallImpl.java:567)
	at org.apache.ratis.thirdparty.io.grpc.internal.ClientCallImpl.access$300(ClientCallImpl.java:71)
	at org.apache.ratis.thirdparty.io.grpc.internal.ClientCallImpl$ClientStreamListenerImpl$1StreamClosed.runInternal(ClientCallImpl.java:735)
	at org.apache.ratis.thirdparty.io.grpc.internal.ClientCallImpl$ClientStreamListenerImpl$1StreamClosed.runInContext(ClientCallImpl.java:716)
	at org.apache.ratis.thirdparty.io.grpc.internal.ContextRunnable.run(ContextRunnable.java:37)
	at org.apache.ratis.thirdparty.io.grpc.internal.SerializingExecutor.run(SerializingExecutor.java:133)
	at java.base/java.util.concurrent.ThreadPoolExecutor.runWorker(ThreadPoolExecutor.java:1128)
	at java.base/java.util.concurrent.ThreadPoolExecutor$Worker.run(ThreadPoolExecutor.java:628)
	at java.base/java.lang.Thread.run(Thread.java:829)
Caused by: java.io.IOException: org.apache.ratis.thirdparty.io.grpc.StatusRuntimeException: UNAVAILABLE: io exception
	at org.apache.ratis.grpc.GrpcUtil.unwrapException(GrpcUtil.java:99)
	at org.apache.ratis.grpc.GrpcUtil.unwrapIOException(GrpcUtil.java:159)
	at org.apache.ratis.grpc.client.GrpcClientProtocolClient$AsyncStreamObservers$1.onError(GrpcClientProtocolClient.java:330)
	... 16 more
Caused by: org.apache.ratis.thirdparty.io.grpc.StatusRuntimeException: UNAVAILABLE: io exception
	at org.apache.ratis.thirdparty.io.grpc.Status.asRuntimeException(Status.java:537)
	... 16 more
Caused by: org.apache.ratis.thirdparty.io.netty.channel.AbstractChannel$AnnotatedConnectException: finishConnect(..) failed: Connection refused: localhost/127.0.0.1:43007
Caused by: java.net.ConnectException: finishConnect(..) failed: Connection refused
	at org.apache.ratis.thirdparty.io.netty.channel.unix.Errors.newConnectException0(Errors.java:166)
	at org.apache.ratis.thirdparty.io.netty.channel.unix.Errors.handleConnectErrno(Errors.java:131)
	at org.apache.ratis.thirdparty.io.netty.channel.unix.Socket.finishConnect(Socket.java:359)
	at org.apache.ratis.thirdparty.io.netty.channel.epoll.AbstractEpollChannel$AbstractEpollUnsafe.doFinishConnect(AbstractEpollChannel.java:710)
	at org.apache.ratis.thirdparty.io.netty.channel.epoll.AbstractEpollChannel$AbstractEpollUnsafe.finishConnect(AbstractEpollChannel.java:687)
	at org.apache.ratis.thirdparty.io.netty.channel.epoll.AbstractEpollChannel$AbstractEpollUnsafe.epollOutReady(AbstractEpollChannel.java:567)
	at org.apache.ratis.thirdparty.io.netty.channel.epoll.EpollEventLoop.processReady(EpollEventLoop.java:499)
	at org.apache.ratis.thirdparty.io.netty.channel.epoll.EpollEventLoop.run(EpollEventLoop.java:407)
	at org.apache.ratis.thirdparty.io.netty.util.concurrent.SingleThreadEventExecutor$4.run(SingleThreadEventExecutor.java:997)
	at org.apache.ratis.thirdparty.io.netty.util.internal.ThreadExecutorMap$2.run(ThreadExecutorMap.java:74)
	at org.apache.ratis.thirdparty.io.netty.util.concurrent.FastThreadLocalRunnable.run(FastThreadLocalRunnable.java:30)
	at java.base/java.lang.Thread.run(Thread.java:829)
2023-11-28 06:43:32,567 [grpc-default-executor-3] ERROR impl.OrderedAsync (OrderedAsync.java:lambda$sendRequest$9(247)) - client-23DA7E6A7FE2: Failed* RaftClientRequest:client-23DA7E6A7FE2->s2@group-9F468C9C58F9, cid=6, seq=1*, Watch(0), null
java.util.concurrent.CompletionException: java.io.IOException: org.apache.ratis.thirdparty.io.grpc.StatusRuntimeException: UNAVAILABLE: io exception
	at java.base/java.util.concurrent.CompletableFuture.encodeThrowable(CompletableFuture.java:331)
	at java.base/java.util.concurrent.CompletableFuture.completeThrowable(CompletableFuture.java:346)
	at java.base/java.util.concurrent.CompletableFuture$UniApply.tryFire(CompletableFuture.java:632)
	at java.base/java.util.concurrent.CompletableFuture.postComplete(CompletableFuture.java:506)
	at java.base/java.util.concurrent.CompletableFuture.completeExceptionally(CompletableFuture.java:2094)
	at org.apache.ratis.grpc.client.GrpcClientProtocolClient$AsyncStreamObservers.completeReplyExceptionally(GrpcClientProtocolClient.java:394)
	at org.apache.ratis.grpc.client.GrpcClientProtocolClient$AsyncStreamObservers.access$000(GrpcClientProtocolClient.java:300)
	at org.apache.ratis.grpc.client.GrpcClientProtocolClient$AsyncStreamObservers$1.onError(GrpcClientProtocolClient.java:331)
	at org.apache.ratis.thirdparty.io.grpc.stub.ClientCalls$StreamObserverToCallListenerAdapter.onClose(ClientCalls.java:481)
	at org.apache.ratis.thirdparty.io.grpc.PartialForwardingClientCallListener.onClose(PartialForwardingClientCallListener.java:39)
	at org.apache.ratis.thirdparty.io.grpc.ForwardingClientCallListener.onClose(ForwardingClientCallListener.java:23)
	at org.apache.ratis.grpc.metrics.intercept.client.MetricClientCallListener.onClose(MetricClientCallListener.java:47)
	at org.apache.ratis.thirdparty.io.grpc.internal.DelayedClientCall$DelayedListener$3.run(DelayedClientCall.java:489)
	at org.apache.ratis.thirdparty.io.grpc.internal.DelayedClientCall$DelayedListener.delayOrExecute(DelayedClientCall.java:453)
	at org.apache.ratis.thirdparty.io.grpc.internal.DelayedClientCall$DelayedListener.onClose(DelayedClientCall.java:486)
	at org.apache.ratis.thirdparty.io.grpc.internal.ClientCallImpl.closeObserver(ClientCallImpl.java:567)
	at org.apache.ratis.thirdparty.io.grpc.internal.ClientCallImpl.access$300(ClientCallImpl.java:71)
	at org.apache.ratis.thirdparty.io.grpc.internal.ClientCallImpl$ClientStreamListenerImpl$1StreamClosed.runInternal(ClientCallImpl.java:735)
	at org.apache.ratis.thirdparty.io.grpc.internal.ClientCallImpl$ClientStreamListenerImpl$1StreamClosed.runInContext(ClientCallImpl.java:716)
	at org.apache.ratis.thirdparty.io.grpc.internal.ContextRunnable.run(ContextRunnable.java:37)
	at org.apache.ratis.thirdparty.io.grpc.internal.SerializingExecutor.run(SerializingExecutor.java:133)
	at java.base/java.util.concurrent.ThreadPoolExecutor.runWorker(ThreadPoolExecutor.java:1128)
	at java.base/java.util.concurrent.ThreadPoolExecutor$Worker.run(ThreadPoolExecutor.java:628)
	at java.base/java.lang.Thread.run(Thread.java:829)
Caused by: java.io.IOException: org.apache.ratis.thirdparty.io.grpc.StatusRuntimeException: UNAVAILABLE: io exception
	at org.apache.ratis.grpc.GrpcUtil.unwrapException(GrpcUtil.java:99)
	at org.apache.ratis.grpc.GrpcUtil.unwrapIOException(GrpcUtil.java:159)
	at org.apache.ratis.grpc.client.GrpcClientProtocolClient$AsyncStreamObservers$1.onError(GrpcClientProtocolClient.java:330)
	... 16 more
Caused by: org.apache.ratis.thirdparty.io.grpc.StatusRuntimeException: UNAVAILABLE: io exception
	at org.apache.ratis.thirdparty.io.grpc.Status.asRuntimeException(Status.java:537)
	... 16 more
Caused by: org.apache.ratis.thirdparty.io.netty.channel.AbstractChannel$AnnotatedConnectException: finishConnect(..) failed: Connection refused: localhost/127.0.0.1:37249
Caused by: java.net.ConnectException: finishConnect(..) failed: Connection refused
	at org.apache.ratis.thirdparty.io.netty.channel.unix.Errors.newConnectException0(Errors.java:166)
	at org.apache.ratis.thirdparty.io.netty.channel.unix.Errors.handleConnectErrno(Errors.java:131)
	at org.apache.ratis.thirdparty.io.netty.channel.unix.Socket.finishConnect(Socket.java:359)
	at org.apache.ratis.thirdparty.io.netty.channel.epoll.AbstractEpollChannel$AbstractEpollUnsafe.doFinishConnect(AbstractEpollChannel.java:710)
	at org.apache.ratis.thirdparty.io.netty.channel.epoll.AbstractEpollChannel$AbstractEpollUnsafe.finishConnect(AbstractEpollChannel.java:687)
	at org.apache.ratis.thirdparty.io.netty.channel.epoll.AbstractEpollChannel$AbstractEpollUnsafe.epollOutReady(AbstractEpollChannel.java:567)
	at org.apache.ratis.thirdparty.io.netty.channel.epoll.EpollEventLoop.processReady(EpollEventLoop.java:499)
	at org.apache.ratis.thirdparty.io.netty.channel.epoll.EpollEventLoop.run(EpollEventLoop.java:407)
	at org.apache.ratis.thirdparty.io.netty.util.concurrent.SingleThreadEventExecutor$4.run(SingleThreadEventExecutor.java:997)
	at org.apache.ratis.thirdparty.io.netty.util.internal.ThreadExecutorMap$2.run(ThreadExecutorMap.java:74)
	at org.apache.ratis.thirdparty.io.netty.util.concurrent.FastThreadLocalRunnable.run(FastThreadLocalRunnable.java:30)
	at java.base/java.lang.Thread.run(Thread.java:829)
2023-11-28 06:43:32,669 [grpc-default-executor-2] ERROR impl.OrderedAsync (OrderedAsync.java:lambda$sendRequest$9(247)) - client-23DA7E6A7FE2: Failed* RaftClientRequest:client-23DA7E6A7FE2->s1@group-9F468C9C58F9, cid=6, seq=1*, Watch(0), null
java.util.concurrent.CompletionException: java.io.IOException: org.apache.ratis.thirdparty.io.grpc.StatusRuntimeException: UNAVAILABLE: io exception
	at java.base/java.util.concurrent.CompletableFuture.encodeThrowable(CompletableFuture.java:331)
	at java.base/java.util.concurrent.CompletableFuture.completeThrowable(CompletableFuture.java:346)
	at java.base/java.util.concurrent.CompletableFuture$UniApply.tryFire(CompletableFuture.java:632)
	at java.base/java.util.concurrent.CompletableFuture.postComplete(CompletableFuture.java:506)
	at java.base/java.util.concurrent.CompletableFuture.completeExceptionally(CompletableFuture.java:2094)
	at org.apache.ratis.grpc.client.GrpcClientProtocolClient$AsyncStreamObservers.completeReplyExceptionally(GrpcClientProtocolClient.java:394)
	at org.apache.ratis.grpc.client.GrpcClientProtocolClient$AsyncStreamObservers.access$000(GrpcClientProtocolClient.java:300)
	at org.apache.ratis.grpc.client.GrpcClientProtocolClient$AsyncStreamObservers$1.onError(GrpcClientProtocolClient.java:331)
	at org.apache.ratis.thirdparty.io.grpc.stub.ClientCalls$StreamObserverToCallListenerAdapter.onClose(ClientCalls.java:481)
	at org.apache.ratis.thirdparty.io.grpc.PartialForwardingClientCallListener.onClose(PartialForwardingClientCallListener.java:39)
	at org.apache.ratis.thirdparty.io.grpc.ForwardingClientCallListener.onClose(ForwardingClientCallListener.java:23)
	at org.apache.ratis.grpc.metrics.intercept.client.MetricClientCallListener.onClose(MetricClientCallListener.java:47)
	at org.apache.ratis.thirdparty.io.grpc.internal.DelayedClientCall$DelayedListener$3.run(DelayedClientCall.java:489)
	at org.apache.ratis.thirdparty.io.grpc.internal.DelayedClientCall$DelayedListener.delayOrExecute(DelayedClientCall.java:453)
	at org.apache.ratis.thirdparty.io.grpc.internal.DelayedClientCall$DelayedListener.onClose(DelayedClientCall.java:486)
	at org.apache.ratis.thirdparty.io.grpc.internal.ClientCallImpl.closeObserver(ClientCallImpl.java:567)
	at org.apache.ratis.thirdparty.io.grpc.internal.ClientCallImpl.access$300(ClientCallImpl.java:71)
	at org.apache.ratis.thirdparty.io.grpc.internal.ClientCallImpl$ClientStreamListenerImpl$1StreamClosed.runInternal(ClientCallImpl.java:735)
	at org.apache.ratis.thirdparty.io.grpc.internal.ClientCallImpl$ClientStreamListenerImpl$1StreamClosed.runInContext(ClientCallImpl.java:716)
	at org.apache.ratis.thirdparty.io.grpc.internal.ContextRunnable.run(ContextRunnable.java:37)
	at org.apache.ratis.thirdparty.io.grpc.internal.SerializingExecutor.run(SerializingExecutor.java:133)
	at java.base/java.util.concurrent.ThreadPoolExecutor.runWorker(ThreadPoolExecutor.java:1128)
	at java.base/java.util.concurrent.ThreadPoolExecutor$Worker.run(ThreadPoolExecutor.java:628)
	at java.base/java.lang.Thread.run(Thread.java:829)
Caused by: java.io.IOException: org.apache.ratis.thirdparty.io.grpc.StatusRuntimeException: UNAVAILABLE: io exception
	at org.apache.ratis.grpc.GrpcUtil.unwrapException(GrpcUtil.java:99)
	at org.apache.ratis.grpc.GrpcUtil.unwrapIOException(GrpcUtil.java:159)
	at org.apache.ratis.grpc.client.GrpcClientProtocolClient$AsyncStreamObservers$1.onError(GrpcClientProtocolClient.java:330)
	... 16 more
Caused by: org.apache.ratis.thirdparty.io.grpc.StatusRuntimeException: UNAVAILABLE: io exception
	at org.apache.ratis.thirdparty.io.grpc.Status.asRuntimeException(Status.java:537)
	... 16 more
Caused by: org.apache.ratis.thirdparty.io.netty.channel.AbstractChannel$AnnotatedConnectException: finishConnect(..) failed: Connection refused: localhost/127.0.0.1:37939
Caused by: java.net.ConnectException: finishConnect(..) failed: Connection refused
	at org.apache.ratis.thirdparty.io.netty.channel.unix.Errors.newConnectException0(Errors.java:166)
	at org.apache.ratis.thirdparty.io.netty.channel.unix.Errors.handleConnectErrno(Errors.java:131)
	at org.apache.ratis.thirdparty.io.netty.channel.unix.Socket.finishConnect(Socket.java:359)
	at org.apache.ratis.thirdparty.io.netty.channel.epoll.AbstractEpollChannel$AbstractEpollUnsafe.doFinishConnect(AbstractEpollChannel.java:710)
	at org.apache.ratis.thirdparty.io.netty.channel.epoll.AbstractEpollChannel$AbstractEpollUnsafe.finishConnect(AbstractEpollChannel.java:687)
	at org.apache.ratis.thirdparty.io.netty.channel.epoll.AbstractEpollChannel$AbstractEpollUnsafe.epollOutReady(AbstractEpollChannel.java:567)
	at org.apache.ratis.thirdparty.io.netty.channel.epoll.EpollEventLoop.processReady(EpollEventLoop.java:499)
	at org.apache.ratis.thirdparty.io.netty.channel.epoll.EpollEventLoop.run(EpollEventLoop.java:407)
	at org.apache.ratis.thirdparty.io.netty.util.concurrent.SingleThreadEventExecutor$4.run(SingleThreadEventExecutor.java:997)
	at org.apache.ratis.thirdparty.io.netty.util.internal.ThreadExecutorMap$2.run(ThreadExecutorMap.java:74)
	at org.apache.ratis.thirdparty.io.netty.util.concurrent.FastThreadLocalRunnable.run(FastThreadLocalRunnable.java:30)
	at java.base/java.lang.Thread.run(Thread.java:829)
2023-11-28 06:43:32,771 [grpc-default-executor-3] ERROR impl.OrderedAsync (OrderedAsync.java:lambda$sendRequest$9(247)) - client-23DA7E6A7FE2: Failed* RaftClientRequest:client-23DA7E6A7FE2->s0@group-9F468C9C58F9, cid=6, seq=1*, Watch(0), null
java.util.concurrent.CompletionException: java.io.IOException: org.apache.ratis.thirdparty.io.grpc.StatusRuntimeException: UNAVAILABLE: io exception
	at java.base/java.util.concurrent.CompletableFuture.encodeThrowable(CompletableFuture.java:331)
	at java.base/java.util.concurrent.CompletableFuture.completeThrowable(CompletableFuture.java:346)
	at java.base/java.util.concurrent.CompletableFuture$UniApply.tryFire(CompletableFuture.java:632)
	at java.base/java.util.concurrent.CompletableFuture.postComplete(CompletableFuture.java:506)
	at java.base/java.util.concurrent.CompletableFuture.completeExceptionally(CompletableFuture.java:2094)
	at org.apache.ratis.grpc.client.GrpcClientProtocolClient$AsyncStreamObservers.completeReplyExceptionally(GrpcClientProtocolClient.java:394)
	at org.apache.ratis.grpc.client.GrpcClientProtocolClient$AsyncStreamObservers.access$000(GrpcClientProtocolClient.java:300)
	at org.apache.ratis.grpc.client.GrpcClientProtocolClient$AsyncStreamObservers$1.onError(GrpcClientProtocolClient.java:331)
	at org.apache.ratis.thirdparty.io.grpc.stub.ClientCalls$StreamObserverToCallListenerAdapter.onClose(ClientCalls.java:481)
	at org.apache.ratis.thirdparty.io.grpc.PartialForwardingClientCallListener.onClose(PartialForwardingClientCallListener.java:39)
	at org.apache.ratis.thirdparty.io.grpc.ForwardingClientCallListener.onClose(ForwardingClientCallListener.java:23)
	at org.apache.ratis.grpc.metrics.intercept.client.MetricClientCallListener.onClose(MetricClientCallListener.java:47)
	at org.apache.ratis.thirdparty.io.grpc.internal.DelayedClientCall$DelayedListener$3.run(DelayedClientCall.java:489)
	at org.apache.ratis.thirdparty.io.grpc.internal.DelayedClientCall$DelayedListener.delayOrExecute(DelayedClientCall.java:453)
	at org.apache.ratis.thirdparty.io.grpc.internal.DelayedClientCall$DelayedListener.onClose(DelayedClientCall.java:486)
	at org.apache.ratis.thirdparty.io.grpc.internal.ClientCallImpl.closeObserver(ClientCallImpl.java:567)
	at org.apache.ratis.thirdparty.io.grpc.internal.ClientCallImpl.access$300(ClientCallImpl.java:71)
	at org.apache.ratis.thirdparty.io.grpc.internal.ClientCallImpl$ClientStreamListenerImpl$1StreamClosed.runInternal(ClientCallImpl.java:735)
	at org.apache.ratis.thirdparty.io.grpc.internal.ClientCallImpl$ClientStreamListenerImpl$1StreamClosed.runInContext(ClientCallImpl.java:716)
	at org.apache.ratis.thirdparty.io.grpc.internal.ContextRunnable.run(ContextRunnable.java:37)
	at org.apache.ratis.thirdparty.io.grpc.internal.SerializingExecutor.run(SerializingExecutor.java:133)
	at java.base/java.util.concurrent.ThreadPoolExecutor.runWorker(ThreadPoolExecutor.java:1128)
	at java.base/java.util.concurrent.ThreadPoolExecutor$Worker.run(ThreadPoolExecutor.java:628)
	at java.base/java.lang.Thread.run(Thread.java:829)
Caused by: java.io.IOException: org.apache.ratis.thirdparty.io.grpc.StatusRuntimeException: UNAVAILABLE: io exception
	at org.apache.ratis.grpc.GrpcUtil.unwrapException(GrpcUtil.java:99)
	at org.apache.ratis.grpc.GrpcUtil.unwrapIOException(GrpcUtil.java:159)
	at org.apache.ratis.grpc.client.GrpcClientProtocolClient$AsyncStreamObservers$1.onError(GrpcClientProtocolClient.java:330)
	... 16 more
Caused by: org.apache.ratis.thirdparty.io.grpc.StatusRuntimeException: UNAVAILABLE: io exception
	at org.apache.ratis.thirdparty.io.grpc.Status.asRuntimeException(Status.java:537)
	... 16 more
Caused by: org.apache.ratis.thirdparty.io.netty.channel.AbstractChannel$AnnotatedConnectException: finishConnect(..) failed: Connection refused: localhost/127.0.0.1:43007
Caused by: java.net.ConnectException: finishConnect(..) failed: Connection refused
	at org.apache.ratis.thirdparty.io.netty.channel.unix.Errors.newConnectException0(Errors.java:166)
	at org.apache.ratis.thirdparty.io.netty.channel.unix.Errors.handleConnectErrno(Errors.java:131)
	at org.apache.ratis.thirdparty.io.netty.channel.unix.Socket.finishConnect(Socket.java:359)
	at org.apache.ratis.thirdparty.io.netty.channel.epoll.AbstractEpollChannel$AbstractEpollUnsafe.doFinishConnect(AbstractEpollChannel.java:710)
	at org.apache.ratis.thirdparty.io.netty.channel.epoll.AbstractEpollChannel$AbstractEpollUnsafe.finishConnect(AbstractEpollChannel.java:687)
	at org.apache.ratis.thirdparty.io.netty.channel.epoll.AbstractEpollChannel$AbstractEpollUnsafe.epollOutReady(AbstractEpollChannel.java:567)
	at org.apache.ratis.thirdparty.io.netty.channel.epoll.EpollEventLoop.processReady(EpollEventLoop.java:499)
	at org.apache.ratis.thirdparty.io.netty.channel.epoll.EpollEventLoop.run(EpollEventLoop.java:407)
	at org.apache.ratis.thirdparty.io.netty.util.concurrent.SingleThreadEventExecutor$4.run(SingleThreadEventExecutor.java:997)
	at org.apache.ratis.thirdparty.io.netty.util.internal.ThreadExecutorMap$2.run(ThreadExecutorMap.java:74)
	at org.apache.ratis.thirdparty.io.netty.util.concurrent.FastThreadLocalRunnable.run(FastThreadLocalRunnable.java:30)
	at java.base/java.lang.Thread.run(Thread.java:829)
2023-11-28 06:43:32,873 [grpc-default-executor-1] ERROR impl.OrderedAsync (OrderedAsync.java:lambda$sendRequest$9(247)) - client-23DA7E6A7FE2: Failed* RaftClientRequest:client-23DA7E6A7FE2->s2@group-9F468C9C58F9, cid=6, seq=1*, Watch(0), null
java.util.concurrent.CompletionException: java.io.IOException: org.apache.ratis.thirdparty.io.grpc.StatusRuntimeException: UNAVAILABLE: io exception
	at java.base/java.util.concurrent.CompletableFuture.encodeThrowable(CompletableFuture.java:331)
	at java.base/java.util.concurrent.CompletableFuture.completeThrowable(CompletableFuture.java:346)
	at java.base/java.util.concurrent.CompletableFuture$UniApply.tryFire(CompletableFuture.java:632)
	at java.base/java.util.concurrent.CompletableFuture.postComplete(CompletableFuture.java:506)
	at java.base/java.util.concurrent.CompletableFuture.completeExceptionally(CompletableFuture.java:2094)
	at org.apache.ratis.grpc.client.GrpcClientProtocolClient$AsyncStreamObservers.completeReplyExceptionally(GrpcClientProtocolClient.java:394)
	at org.apache.ratis.grpc.client.GrpcClientProtocolClient$AsyncStreamObservers.access$000(GrpcClientProtocolClient.java:300)
	at org.apache.ratis.grpc.client.GrpcClientProtocolClient$AsyncStreamObservers$1.onError(GrpcClientProtocolClient.java:331)
	at org.apache.ratis.thirdparty.io.grpc.stub.ClientCalls$StreamObserverToCallListenerAdapter.onClose(ClientCalls.java:481)
	at org.apache.ratis.thirdparty.io.grpc.PartialForwardingClientCallListener.onClose(PartialForwardingClientCallListener.java:39)
	at org.apache.ratis.thirdparty.io.grpc.ForwardingClientCallListener.onClose(ForwardingClientCallListener.java:23)
	at org.apache.ratis.grpc.metrics.intercept.client.MetricClientCallListener.onClose(MetricClientCallListener.java:47)
	at org.apache.ratis.thirdparty.io.grpc.internal.DelayedClientCall$DelayedListener$3.run(DelayedClientCall.java:489)
	at org.apache.ratis.thirdparty.io.grpc.internal.DelayedClientCall$DelayedListener.delayOrExecute(DelayedClientCall.java:453)
	at org.apache.ratis.thirdparty.io.grpc.internal.DelayedClientCall$DelayedListener.onClose(DelayedClientCall.java:486)
	at org.apache.ratis.thirdparty.io.grpc.internal.ClientCallImpl.closeObserver(ClientCallImpl.java:567)
	at org.apache.ratis.thirdparty.io.grpc.internal.ClientCallImpl.access$300(ClientCallImpl.java:71)
	at org.apache.ratis.thirdparty.io.grpc.internal.ClientCallImpl$ClientStreamListenerImpl$1StreamClosed.runInternal(ClientCallImpl.java:735)
	at org.apache.ratis.thirdparty.io.grpc.internal.ClientCallImpl$ClientStreamListenerImpl$1StreamClosed.runInContext(ClientCallImpl.java:716)
	at org.apache.ratis.thirdparty.io.grpc.internal.ContextRunnable.run(ContextRunnable.java:37)
	at org.apache.ratis.thirdparty.io.grpc.internal.SerializingExecutor.run(SerializingExecutor.java:133)
	at java.base/java.util.concurrent.ThreadPoolExecutor.runWorker(ThreadPoolExecutor.java:1128)
	at java.base/java.util.concurrent.ThreadPoolExecutor$Worker.run(ThreadPoolExecutor.java:628)
	at java.base/java.lang.Thread.run(Thread.java:829)
Caused by: java.io.IOException: org.apache.ratis.thirdparty.io.grpc.StatusRuntimeException: UNAVAILABLE: io exception
	at org.apache.ratis.grpc.GrpcUtil.unwrapException(GrpcUtil.java:99)
	at org.apache.ratis.grpc.GrpcUtil.unwrapIOException(GrpcUtil.java:159)
	at org.apache.ratis.grpc.client.GrpcClientProtocolClient$AsyncStreamObservers$1.onError(GrpcClientProtocolClient.java:330)
	... 16 more
Caused by: org.apache.ratis.thirdparty.io.grpc.StatusRuntimeException: UNAVAILABLE: io exception
	at org.apache.ratis.thirdparty.io.grpc.Status.asRuntimeException(Status.java:537)
	... 16 more
Caused by: org.apache.ratis.thirdparty.io.netty.channel.AbstractChannel$AnnotatedConnectException: finishConnect(..) failed: Connection refused: localhost/127.0.0.1:37249
Caused by: java.net.ConnectException: finishConnect(..) failed: Connection refused
	at org.apache.ratis.thirdparty.io.netty.channel.unix.Errors.newConnectException0(Errors.java:166)
	at org.apache.ratis.thirdparty.io.netty.channel.unix.Errors.handleConnectErrno(Errors.java:131)
	at org.apache.ratis.thirdparty.io.netty.channel.unix.Socket.finishConnect(Socket.java:359)
	at org.apache.ratis.thirdparty.io.netty.channel.epoll.AbstractEpollChannel$AbstractEpollUnsafe.doFinishConnect(AbstractEpollChannel.java:710)
	at org.apache.ratis.thirdparty.io.netty.channel.epoll.AbstractEpollChannel$AbstractEpollUnsafe.finishConnect(AbstractEpollChannel.java:687)
	at org.apache.ratis.thirdparty.io.netty.channel.epoll.AbstractEpollChannel$AbstractEpollUnsafe.epollOutReady(AbstractEpollChannel.java:567)
	at org.apache.ratis.thirdparty.io.netty.channel.epoll.EpollEventLoop.processReady(EpollEventLoop.java:499)
	at org.apache.ratis.thirdparty.io.netty.channel.epoll.EpollEventLoop.run(EpollEventLoop.java:407)
	at org.apache.ratis.thirdparty.io.netty.util.concurrent.SingleThreadEventExecutor$4.run(SingleThreadEventExecutor.java:997)
	at org.apache.ratis.thirdparty.io.netty.util.internal.ThreadExecutorMap$2.run(ThreadExecutorMap.java:74)
	at org.apache.ratis.thirdparty.io.netty.util.concurrent.FastThreadLocalRunnable.run(FastThreadLocalRunnable.java:30)
	at java.base/java.lang.Thread.run(Thread.java:829)
2023-11-28 06:43:32,921 [s2-impl-thread1] INFO  segmented.SegmentedRaftLogWorker (SegmentedRaftLogWorker.java:close(245)) - s2@group-C77254A99B14-SegmentedRaftLogWorker close()
2023-11-28 06:43:32,921 [JvmPauseMonitor11] INFO  util.JvmPauseMonitor (JvmPauseMonitor.java:run(152)) - JvmPauseMonitor-s2: Stopped
2023-11-28 06:43:32,923 [s3-impl-thread1] INFO  segmented.SegmentedRaftLogWorker (SegmentedRaftLogWorker.java:close(245)) - s3@group-C77254A99B14-SegmentedRaftLogWorker close()
2023-11-28 06:43:32,923 [s4-impl-thread1] INFO  segmented.SegmentedRaftLogWorker (SegmentedRaftLogWorker.java:close(245)) - s4@group-C77254A99B14-SegmentedRaftLogWorker close()
2023-11-28 06:43:32,924 [JvmPauseMonitor13] INFO  util.JvmPauseMonitor (JvmPauseMonitor.java:run(152)) - JvmPauseMonitor-s4: Stopped
2023-11-28 06:43:32,924 [JvmPauseMonitor12] INFO  util.JvmPauseMonitor (JvmPauseMonitor.java:run(152)) - JvmPauseMonitor-s3: Stopped
2023-11-28 06:43:32,924 [Time-limited test] INFO  impl.MiniRaftCluster (MiniRaftCluster.java:shutdown(855)) - MiniRaftClusterWithGrpc shutdown completed
]]></system-out>
  </testcase>
</testsuite>