<?xml version="1.0" encoding="UTF-8"?>
<testsuite xmlns:xsi="http://www.w3.org/2001/XMLSchema-instance" xsi:noNamespaceSchemaLocation="https://maven.apache.org/surefire/maven-surefire-plugin/xsd/surefire-test-report-3.0.xsd" version="3.0" name="org.apache.ratis.examples.filestore.TestFileStoreStreamingWithGrpcCluster" time="123.268" tests="2" errors="1" skipped="0" failures="0">
  <properties>
    <property name="awt.toolkit" value="sun.awt.X11.XToolkit"/>
    <property name="java.specification.version" value="11"/>
    <property name="sun.cpu.isalist" value=""/>
    <property name="sun.jnu.encoding" value="UTF-8"/>
    <property name="java.class.path" value="/home/runner/work/ratis/ratis/ratis-examples/target/test-classes:/home/runner/work/ratis/ratis/ratis-examples/target/classes:/home/runner/.m2/repository/org/apache/ratis/ratis-thirdparty-misc/1.0.5/ratis-thirdparty-misc-1.0.5.jar:/home/runner/work/ratis/ratis/ratis-proto/target/ratis-proto-3.0.0-SNAPSHOT.jar:/home/runner/work/ratis/ratis/ratis-tools/target/classes:/home/runner/work/ratis/ratis/ratis-common/target/classes:/home/runner/work/ratis/ratis/ratis-common/target/test-classes:/home/runner/work/ratis/ratis/ratis-client/target/classes:/home/runner/work/ratis/ratis/ratis-server/target/classes:/home/runner/work/ratis/ratis/ratis-server-api/target/classes:/home/runner/work/ratis/ratis/ratis-metrics-api/target/classes:/home/runner/work/ratis/ratis/ratis-server/target/test-classes:/home/runner/work/ratis/ratis/ratis-metrics-default/target/classes:/home/runner/work/ratis/ratis/ratis-grpc/target/classes:/home/runner/work/ratis/ratis/ratis-grpc/target/test-classes:/home/runner/work/ratis/ratis/ratis-netty/target/classes:/home/runner/work/ratis/ratis/ratis-netty/target/test-classes:/home/runner/work/ratis/ratis/ratis-test/target/test-classes:/home/runner/.m2/repository/com/beust/jcommander/1.82/jcommander-1.82.jar:/home/runner/.m2/repository/org/slf4j/slf4j-api/2.0.7/slf4j-api-2.0.7.jar:/home/runner/.m2/repository/org/slf4j/slf4j-reload4j/2.0.7/slf4j-reload4j-2.0.7.jar:/home/runner/.m2/repository/ch/qos/reload4j/reload4j/1.2.22/reload4j-1.2.22.jar:/home/runner/.m2/repository/junit/junit/4.13.2/junit-4.13.2.jar:/home/runner/.m2/repository/org/hamcrest/hamcrest-core/1.3/hamcrest-core-1.3.jar:/home/runner/.m2/repository/com/github/spotbugs/spotbugs-annotations/4.2.1/spotbugs-annotations-4.2.1.jar:/home/runner/.m2/repository/com/google/code/findbugs/jsr305/3.0.2/jsr305-3.0.2.jar:"/>
    <property name="java.vm.vendor" value="Eclipse Adoptium"/>
    <property name="sun.arch.data.model" value="64"/>
    <property name="java.vendor.url" value="https://adoptium.net/"/>
    <property name="user.timezone" value=""/>
    <property name="java.vm.specification.version" value="11"/>
    <property name="os.name" value="Linux"/>
    <property name="sun.java.launcher" value="SUN_STANDARD"/>
    <property name="sun.boot.library.path" value="/usr/lib/jvm/temurin-11-jdk-amd64/lib"/>
    <property name="sun.java.command" value="/home/runner/work/ratis/ratis/ratis-examples/target/surefire/surefirebooter-20231106155333218_288.jar /home/runner/work/ratis/ratis/ratis-examples/target/surefire 2023-11-06T15-44-56_175-jvmRun1 surefire-20231106155333218_286tmp surefire_46-20231106155333218_287tmp"/>
    <property name="jdk.debug" value="release"/>
    <property name="surefire.test.class.path" value="/home/runner/work/ratis/ratis/ratis-examples/target/test-classes:/home/runner/work/ratis/ratis/ratis-examples/target/classes:/home/runner/.m2/repository/org/apache/ratis/ratis-thirdparty-misc/1.0.5/ratis-thirdparty-misc-1.0.5.jar:/home/runner/work/ratis/ratis/ratis-proto/target/ratis-proto-3.0.0-SNAPSHOT.jar:/home/runner/work/ratis/ratis/ratis-tools/target/classes:/home/runner/work/ratis/ratis/ratis-common/target/classes:/home/runner/work/ratis/ratis/ratis-common/target/test-classes:/home/runner/work/ratis/ratis/ratis-client/target/classes:/home/runner/work/ratis/ratis/ratis-server/target/classes:/home/runner/work/ratis/ratis/ratis-server-api/target/classes:/home/runner/work/ratis/ratis/ratis-metrics-api/target/classes:/home/runner/work/ratis/ratis/ratis-server/target/test-classes:/home/runner/work/ratis/ratis/ratis-metrics-default/target/classes:/home/runner/work/ratis/ratis/ratis-grpc/target/classes:/home/runner/work/ratis/ratis/ratis-grpc/target/test-classes:/home/runner/work/ratis/ratis/ratis-netty/target/classes:/home/runner/work/ratis/ratis/ratis-netty/target/test-classes:/home/runner/work/ratis/ratis/ratis-test/target/test-classes:/home/runner/.m2/repository/com/beust/jcommander/1.82/jcommander-1.82.jar:/home/runner/.m2/repository/org/slf4j/slf4j-api/2.0.7/slf4j-api-2.0.7.jar:/home/runner/.m2/repository/org/slf4j/slf4j-reload4j/2.0.7/slf4j-reload4j-2.0.7.jar:/home/runner/.m2/repository/ch/qos/reload4j/reload4j/1.2.22/reload4j-1.2.22.jar:/home/runner/.m2/repository/junit/junit/4.13.2/junit-4.13.2.jar:/home/runner/.m2/repository/org/hamcrest/hamcrest-core/1.3/hamcrest-core-1.3.jar:/home/runner/.m2/repository/com/github/spotbugs/spotbugs-annotations/4.2.1/spotbugs-annotations-4.2.1.jar:/home/runner/.m2/repository/com/google/code/findbugs/jsr305/3.0.2/jsr305-3.0.2.jar:"/>
    <property name="sun.cpu.endian" value="little"/>
    <property name="user.home" value="/home/runner"/>
    <property name="user.language" value="en"/>
    <property name="java.specification.vendor" value="Oracle Corporation"/>
    <property name="java.version.date" value="2023-10-17"/>
    <property name="java.home" value="/usr/lib/jvm/temurin-11-jdk-amd64"/>
    <property name="file.separator" value="/"/>
    <property name="basedir" value="/home/runner/work/ratis/ratis/ratis-examples"/>
    <property name="java.vm.compressedOopsMode" value="32-bit"/>
    <property name="line.separator" value="&#10;"/>
    <property name="java.specification.name" value="Java Platform API Specification"/>
    <property name="java.vm.specification.vendor" value="Oracle Corporation"/>
    <property name="java.awt.graphicsenv" value="sun.awt.X11GraphicsEnvironment"/>
    <property name="surefire.real.class.path" value="/home/runner/work/ratis/ratis/ratis-examples/target/surefire/surefirebooter-20231106155333218_288.jar"/>
    <property name="sun.management.compiler" value="HotSpot 64-Bit Tiered Compilers"/>
    <property name="java.runtime.version" value="11.0.21+9"/>
    <property name="user.name" value="runner"/>
    <property name="java.net.preferIPv4Stack" value="true"/>
    <property name="path.separator" value=":"/>
    <property name="os.version" value="5.15.0-1050-azure"/>
    <property name="java.runtime.name" value="OpenJDK Runtime Environment"/>
    <property name="file.encoding" value="UTF-8"/>
    <property name="java.vm.name" value="OpenJDK 64-Bit Server VM"/>
    <property name="java.vendor.version" value="Temurin-11.0.21+9"/>
    <property name="localRepository" value="/home/runner/.m2/repository"/>
    <property name="java.vendor.url.bug" value="https://github.com/adoptium/adoptium-support/issues"/>
    <property name="java.io.tmpdir" value="/tmp"/>
    <property name="java.version" value="11.0.21"/>
    <property name="user.dir" value="/home/runner/work/ratis/ratis/ratis-examples"/>
    <property name="os.arch" value="amd64"/>
    <property name="ratis.tmp.dir" value="/home/runner/work/ratis/ratis/ratis-examples/target/tmp"/>
    <property name="java.vm.specification.name" value="Java Virtual Machine Specification"/>
    <property name="java.awt.printerjob" value="sun.print.PSPrinterJob"/>
    <property name="ratis.log.dir" value="/home/runner/work/ratis/ratis/ratis-examples/target/log"/>
    <property name="sun.os.patch.level" value="unknown"/>
    <property name="java.library.path" value="/usr/java/packages/lib:/usr/lib64:/lib64:/lib:/usr/lib"/>
    <property name="java.vm.info" value="mixed mode"/>
    <property name="java.vendor" value="Eclipse Adoptium"/>
    <property name="java.vm.version" value="11.0.21+9"/>
    <property name="java.specification.maintenance.version" value="2"/>
    <property name="sun.io.unicode.encoding" value="UnicodeLittle"/>
    <property name="java.class.version" value="55.0"/>
  </properties>
  <testcase name="testFileStoreStreamMultipleFiles" classname="org.apache.ratis.examples.filestore.TestFileStoreStreamingWithGrpcCluster" time="23.079">
    <system-out><![CDATA[2023-11-06 15:54:21,401 INFO  util.LogUtils (Slf4jUtils.java:setLogLevel(38)) - Successfully set org.apache.ratis.conf.ConfUtils log level to WARN
2023-11-06 15:54:21,404 INFO  util.LogUtils (Slf4jUtils.java:setLogLevel(38)) - Successfully set org.apache.ratis.util.FileUtils log level to TRACE
2023-11-06 15:54:21,502 INFO  impl.MiniRaftCluster (MiniRaftCluster.java:<init>(306)) - new MiniRaftClusterWithRpcTypeGrpcAndDataStreamTypeNetty with group-6D2E0DB5C585:[s0|localhost:33791, s1|localhost:36503, s2|localhost:37753]
2023-11-06 15:54:21,502 INFO  impl.MiniRaftCluster (MiniRaftCluster.java:start(339)) - .............................................................. 
2023-11-06 15:54:21,502 INFO  impl.MiniRaftCluster (MiniRaftCluster.java:start(340)) - ... 
2023-11-06 15:54:21,503 INFO  impl.MiniRaftCluster (MiniRaftCluster.java:start(341)) - ...     Starting MiniRaftClusterWithRpcTypeGrpcAndDataStreamTypeNetty
2023-11-06 15:54:21,503 INFO  impl.MiniRaftCluster (MiniRaftCluster.java:start(342)) - ... 
2023-11-06 15:54:21,503 INFO  impl.MiniRaftCluster (MiniRaftCluster.java:start(343)) - .............................................................. 
2023-11-06 15:54:21,503 INFO  impl.MiniRaftCluster (MiniRaftCluster.java:initServers(318)) - servers = {}
2023-11-06 15:54:21,507 INFO  impl.MiniRaftCluster (MiniRaftCluster.java:newRaftServer(382)) - newRaftServer: s0, group-6D2E0DB5C585:[s0|localhost:33791, s1|localhost:36503, s2|localhost:37753], format? true
2023-11-06 15:54:21,508 TRACE util.FileUtils (FileUtils.java:deleteFully(305)) - deleteFully target/test/data/8ed5a2e1/MiniRaftClusterWithRpcTypeGrpcAndDataStreamTypeNetty4879c245/s0
2023-11-06 15:54:21,508 TRACE util.FileUtils (FileUtils.java:deleteFully(318)) - deleteFully: target/test/data/8ed5a2e1/MiniRaftClusterWithRpcTypeGrpcAndDataStreamTypeNetty4879c245/s0 does not exist.
2023-11-06 15:54:21,509 INFO  impl.MiniRaftCluster (MiniRaftCluster.java:newRaftServer(387)) - Formatted directory target/test/data/8ed5a2e1/MiniRaftClusterWithRpcTypeGrpcAndDataStreamTypeNetty4879c245/s0
2023-11-06 15:54:21,535 INFO  server.RaftServer (ConfUtils.java:logGet(46)) - raft.rpc.type = GRPC (default)
2023-11-06 15:54:21,589 INFO  grpc.GrpcConfigKeys (ConfUtils.java:logFallback(53)) - raft.grpc.admin.host = null (fallback to raft.grpc.server.host)
2023-11-06 15:54:21,591 INFO  grpc.GrpcConfigKeys (ConfUtils.java:logGet(46)) - raft.grpc.admin.port = 42705 (custom)
2023-11-06 15:54:21,592 INFO  grpc.GrpcConfigKeys (ConfUtils.java:logFallback(53)) - raft.grpc.client.host = null (fallback to raft.grpc.server.host)
2023-11-06 15:54:21,592 INFO  grpc.GrpcConfigKeys (ConfUtils.java:logGet(46)) - raft.grpc.client.port = 33019 (custom)
2023-11-06 15:54:21,593 INFO  grpc.GrpcConfigKeys (ConfUtils.java:logGet(46)) - raft.grpc.server.host = null (default)
2023-11-06 15:54:21,593 INFO  grpc.GrpcConfigKeys (ConfUtils.java:logGet(46)) - raft.grpc.server.port = 33791 (custom)
2023-11-06 15:54:21,594 INFO  server.GrpcService (ConfUtils.java:logGet(46)) - raft.grpc.message.size.max = 64MB (=67108864) (default)
2023-11-06 15:54:21,596 INFO  server.RaftServerConfigKeys (ConfUtils.java:logGet(46)) - raft.server.log.appender.buffer.byte-limit = 4MB (=4194304) (default)
2023-11-06 15:54:21,597 INFO  server.GrpcService (ConfUtils.java:logGet(46)) - raft.grpc.flow.control.window = 1MB (=1048576) (default)
2023-11-06 15:54:21,601 INFO  server.RaftServerConfigKeys (ConfUtils.java:logGet(46)) - raft.server.rpc.request.timeout = 3000ms (default)
2023-11-06 15:54:21,615 INFO  grpc.GrpcConfigKeys (ConfUtils.java:logGet(46)) - raft.grpc.server.heartbeat.channel = true (default)
2023-11-06 15:54:21,619 INFO  grpc.GrpcConfigKeys (ConfUtils.java:logGet(46)) - raft.grpc.server.async.request.thread.pool.cached = true (default)
2023-11-06 15:54:21,620 INFO  grpc.GrpcConfigKeys (ConfUtils.java:logGet(46)) - raft.grpc.server.async.request.thread.pool.size = 32 (default)
2023-11-06 15:54:21,794 INFO  impl.DataStreamServerImpl (ConfUtils.java:logGet(46)) - raft.datastream.type = NETTY (custom)
2023-11-06 15:54:21,805 INFO  metrics.MetricRegistries (MetricRegistriesLoader.java:load(64)) - Loaded MetricRegistries class org.apache.ratis.metrics.impl.MetricRegistriesImpl
2023-11-06 15:54:21,900 INFO  server.RaftServerConfigKeys (ConfUtils.java:logGet(46)) - raft.server.data-stream.async.request.thread.pool.cached = false (default)
2023-11-06 15:54:21,901 INFO  server.RaftServerConfigKeys (ConfUtils.java:logGet(46)) - raft.server.data-stream.async.request.thread.pool.size = 32 (default)
2023-11-06 15:54:21,901 INFO  server.RaftServerConfigKeys (ConfUtils.java:logGet(46)) - raft.server.data-stream.async.write.thread.pool.size = 16 (default)
2023-11-06 15:54:21,902 INFO  netty.NettyConfigKeys$DataStream (ConfUtils.java:logGet(46)) - raft.netty.dataStream.server.channel.inactive.grace-period = 10min (default)
2023-11-06 15:54:21,903 INFO  server.RaftServerConfigKeys (ConfUtils.java:logGet(46)) - raft.server.data-stream.client.pool.size = 10 (default)
2023-11-06 15:54:21,906 INFO  netty.NettyConfigKeys$DataStream (ConfUtils.java:logGet(46)) - raft.netty.dataStream.server.use-epoll = true (default)
2023-11-06 15:54:21,907 INFO  netty.NettyConfigKeys$DataStream (ConfUtils.java:logGet(46)) - raft.netty.dataStream.server.boss-group.size = 0 (default)
2023-11-06 15:54:21,907 INFO  netty.NettyUtils (NettyUtils.java:newEventLoopGroup(69)) - Create EpollEventLoopGroup for s0-NettyServerStreamRpc-bossGroup; Thread size is 0.
2023-11-06 15:54:21,909 INFO  netty.NettyConfigKeys$DataStream (ConfUtils.java:logGet(46)) - raft.netty.dataStream.server.worker-group.size = 0 (default)
2023-11-06 15:54:21,909 INFO  netty.NettyUtils (NettyUtils.java:newEventLoopGroup(69)) - Create EpollEventLoopGroup for s0-NettyServerStreamRpc-workerGroup; Thread size is 0.
2023-11-06 15:54:21,910 INFO  netty.NettyConfigKeys$DataStream (ConfUtils.java:logGet(46)) - raft.netty.dataStream.server.tls.conf = null (default)
2023-11-06 15:54:21,912 INFO  netty.NettyConfigKeys$DataStream (ConfUtils.java:logGet(46)) - raft.netty.dataStream.host = null (default)
2023-11-06 15:54:21,913 INFO  netty.NettyConfigKeys$DataStream (ConfUtils.java:logGet(46)) - raft.netty.dataStream.port = 45785 (custom)
2023-11-06 15:54:21,952 INFO  server.RaftServerConfigKeys (ConfUtils.java:logGet(46)) - raft.server.sleep.deviation.threshold = 300ms (default)
2023-11-06 15:54:21,952 INFO  server.RaftServerConfigKeys (ConfUtils.java:logGet(46)) - raft.server.close.threshold = 60s (default)
2023-11-06 15:54:21,953 INFO  server.RaftServerConfigKeys (ConfUtils.java:logGet(46)) - raft.server.leaderelection.leader.step-down.wait-time = 10s (default)
2023-11-06 15:54:21,957 INFO  server.RaftServerConfigKeys (ConfUtils.java:logGet(46)) - raft.server.storage.dir = [/home/runner/work/ratis/ratis/ratis-examples/target/test/data/8ed5a2e1/MiniRaftClusterWithRpcTypeGrpcAndDataStreamTypeNetty4879c245/s0] (custom)
2023-11-06 15:54:21,960 INFO  server.RaftServerConfigKeys (ConfUtils.java:logGet(46)) - raft.server.threadpool.proxy.cached = true (default)
2023-11-06 15:54:21,964 INFO  server.RaftServerConfigKeys (ConfUtils.java:logGet(46)) - raft.server.threadpool.proxy.size = 0 (default)
2023-11-06 15:54:21,970 INFO  logging.LoggingHandler (AbstractInternalLogger.java:log(148)) - [id: 0xaee6bbbc] REGISTERED
2023-11-06 15:54:21,970 INFO  logging.LoggingHandler (AbstractInternalLogger.java:log(148)) - [id: 0xaee6bbbc] BIND: 0.0.0.0/0.0.0.0:45785
2023-11-06 15:54:21,973 INFO  logging.LoggingHandler (AbstractInternalLogger.java:log(148)) - [id: 0xaee6bbbc, L:/0.0.0.0:45785] ACTIVE
2023-11-06 15:54:21,980 INFO  server.RaftServer (RaftServerProxy.java:addNew(100)) - s0: addNew group-6D2E0DB5C585:[s0|localhost:33791, s1|localhost:36503, s2|localhost:37753] returns group-6D2E0DB5C585:java.util.concurrent.CompletableFuture@650c16a[Not completed]
2023-11-06 15:54:21,981 INFO  impl.MiniRaftCluster (MiniRaftCluster.java:newRaftServer(382)) - newRaftServer: s1, group-6D2E0DB5C585:[s0|localhost:33791, s1|localhost:36503, s2|localhost:37753], format? true
2023-11-06 15:54:21,982 TRACE util.FileUtils (FileUtils.java:deleteFully(305)) - deleteFully target/test/data/8ed5a2e1/MiniRaftClusterWithRpcTypeGrpcAndDataStreamTypeNetty4879c245/s1
2023-11-06 15:54:21,982 TRACE util.FileUtils (FileUtils.java:deleteFully(318)) - deleteFully: target/test/data/8ed5a2e1/MiniRaftClusterWithRpcTypeGrpcAndDataStreamTypeNetty4879c245/s1 does not exist.
2023-11-06 15:54:21,982 INFO  impl.MiniRaftCluster (MiniRaftCluster.java:newRaftServer(387)) - Formatted directory target/test/data/8ed5a2e1/MiniRaftClusterWithRpcTypeGrpcAndDataStreamTypeNetty4879c245/s1
2023-11-06 15:54:21,982 INFO  server.RaftServer (ConfUtils.java:logGet(46)) - raft.rpc.type = GRPC (default)
2023-11-06 15:54:21,983 INFO  grpc.GrpcConfigKeys (ConfUtils.java:logFallback(53)) - raft.grpc.admin.host = null (fallback to raft.grpc.server.host)
2023-11-06 15:54:21,983 INFO  grpc.GrpcConfigKeys (ConfUtils.java:logGet(46)) - raft.grpc.admin.port = 36321 (custom)
2023-11-06 15:54:21,983 INFO  grpc.GrpcConfigKeys (ConfUtils.java:logFallback(53)) - raft.grpc.client.host = null (fallback to raft.grpc.server.host)
2023-11-06 15:54:21,983 INFO  grpc.GrpcConfigKeys (ConfUtils.java:logGet(46)) - raft.grpc.client.port = 42431 (custom)
2023-11-06 15:54:21,983 INFO  grpc.GrpcConfigKeys (ConfUtils.java:logGet(46)) - raft.grpc.server.host = null (default)
2023-11-06 15:54:21,984 INFO  grpc.GrpcConfigKeys (ConfUtils.java:logGet(46)) - raft.grpc.server.port = 36503 (custom)
2023-11-06 15:54:21,984 INFO  server.GrpcService (ConfUtils.java:logGet(46)) - raft.grpc.message.size.max = 64MB (=67108864) (default)
2023-11-06 15:54:21,984 INFO  server.RaftServerConfigKeys (ConfUtils.java:logGet(46)) - raft.server.log.appender.buffer.byte-limit = 4MB (=4194304) (default)
2023-11-06 15:54:21,984 INFO  server.GrpcService (ConfUtils.java:logGet(46)) - raft.grpc.flow.control.window = 1MB (=1048576) (default)
2023-11-06 15:54:21,984 INFO  server.RaftServerConfigKeys (ConfUtils.java:logGet(46)) - raft.server.rpc.request.timeout = 3000ms (default)
2023-11-06 15:54:21,985 INFO  grpc.GrpcConfigKeys (ConfUtils.java:logGet(46)) - raft.grpc.server.heartbeat.channel = true (default)
2023-11-06 15:54:21,985 INFO  grpc.GrpcConfigKeys (ConfUtils.java:logGet(46)) - raft.grpc.server.async.request.thread.pool.cached = true (default)
2023-11-06 15:54:21,985 INFO  grpc.GrpcConfigKeys (ConfUtils.java:logGet(46)) - raft.grpc.server.async.request.thread.pool.size = 32 (default)
2023-11-06 15:54:21,987 INFO  impl.DataStreamServerImpl (ConfUtils.java:logGet(46)) - raft.datastream.type = NETTY (custom)
2023-11-06 15:54:21,987 INFO  server.RaftServerConfigKeys (ConfUtils.java:logGet(46)) - raft.server.data-stream.async.request.thread.pool.cached = false (default)
2023-11-06 15:54:21,987 INFO  server.RaftServerConfigKeys (ConfUtils.java:logGet(46)) - raft.server.data-stream.async.request.thread.pool.size = 32 (default)
2023-11-06 15:54:21,987 INFO  server.RaftServerConfigKeys (ConfUtils.java:logGet(46)) - raft.server.data-stream.async.write.thread.pool.size = 16 (default)
2023-11-06 15:54:21,988 INFO  netty.NettyConfigKeys$DataStream (ConfUtils.java:logGet(46)) - raft.netty.dataStream.server.channel.inactive.grace-period = 10min (default)
2023-11-06 15:54:21,988 INFO  server.RaftServerConfigKeys (ConfUtils.java:logGet(46)) - raft.server.data-stream.client.pool.size = 10 (default)
2023-11-06 15:54:21,988 INFO  netty.NettyConfigKeys$DataStream (ConfUtils.java:logGet(46)) - raft.netty.dataStream.server.use-epoll = true (default)
2023-11-06 15:54:21,990 INFO  netty.NettyConfigKeys$DataStream (ConfUtils.java:logGet(46)) - raft.netty.dataStream.server.boss-group.size = 0 (default)
2023-11-06 15:54:21,990 INFO  netty.NettyUtils (NettyUtils.java:newEventLoopGroup(69)) - Create EpollEventLoopGroup for s1-NettyServerStreamRpc-bossGroup; Thread size is 0.
2023-11-06 15:54:22,005 INFO  netty.NettyConfigKeys$DataStream (ConfUtils.java:logGet(46)) - raft.netty.dataStream.server.worker-group.size = 0 (default)
2023-11-06 15:54:22,005 INFO  netty.NettyUtils (NettyUtils.java:newEventLoopGroup(69)) - Create EpollEventLoopGroup for s1-NettyServerStreamRpc-workerGroup; Thread size is 0.
2023-11-06 15:54:22,005 INFO  netty.NettyConfigKeys$DataStream (ConfUtils.java:logGet(46)) - raft.netty.dataStream.server.tls.conf = null (default)
2023-11-06 15:54:22,006 INFO  netty.NettyConfigKeys$DataStream (ConfUtils.java:logGet(46)) - raft.netty.dataStream.host = null (default)
2023-11-06 15:54:22,006 INFO  netty.NettyConfigKeys$DataStream (ConfUtils.java:logGet(46)) - raft.netty.dataStream.port = 42603 (custom)
2023-11-06 15:54:22,007 INFO  server.RaftServerConfigKeys (ConfUtils.java:logGet(46)) - raft.server.sleep.deviation.threshold = 300ms (default)
2023-11-06 15:54:22,007 INFO  server.RaftServerConfigKeys (ConfUtils.java:logGet(46)) - raft.server.close.threshold = 60s (default)
2023-11-06 15:54:22,007 INFO  server.RaftServerConfigKeys (ConfUtils.java:logGet(46)) - raft.server.leaderelection.leader.step-down.wait-time = 10s (default)
2023-11-06 15:54:22,008 INFO  server.RaftServerConfigKeys (ConfUtils.java:logGet(46)) - raft.server.storage.dir = [/home/runner/work/ratis/ratis/ratis-examples/target/test/data/8ed5a2e1/MiniRaftClusterWithRpcTypeGrpcAndDataStreamTypeNetty4879c245/s1] (custom)
2023-11-06 15:54:22,008 INFO  server.RaftServerConfigKeys (ConfUtils.java:logGet(46)) - raft.server.threadpool.proxy.cached = true (default)
2023-11-06 15:54:22,008 INFO  server.RaftServerConfigKeys (ConfUtils.java:logGet(46)) - raft.server.threadpool.proxy.size = 0 (default)
2023-11-06 15:54:22,029 INFO  server.RaftServer (RaftServerProxy.java:addNew(100)) - s1: addNew group-6D2E0DB5C585:[s0|localhost:33791, s1|localhost:36503, s2|localhost:37753] returns group-6D2E0DB5C585:java.util.concurrent.CompletableFuture@3b3cd1b1[Not completed]
2023-11-06 15:54:22,029 INFO  logging.LoggingHandler (AbstractInternalLogger.java:log(148)) - [id: 0x0371f314] REGISTERED
2023-11-06 15:54:22,033 INFO  logging.LoggingHandler (AbstractInternalLogger.java:log(148)) - [id: 0x0371f314] BIND: 0.0.0.0/0.0.0.0:42603
2023-11-06 15:54:22,033 INFO  logging.LoggingHandler (AbstractInternalLogger.java:log(148)) - [id: 0x0371f314, L:/0.0.0.0:42603] ACTIVE
2023-11-06 15:54:22,034 INFO  impl.MiniRaftCluster (MiniRaftCluster.java:newRaftServer(382)) - newRaftServer: s2, group-6D2E0DB5C585:[s0|localhost:33791, s1|localhost:36503, s2|localhost:37753], format? true
2023-11-06 15:54:22,034 TRACE util.FileUtils (FileUtils.java:deleteFully(305)) - deleteFully target/test/data/8ed5a2e1/MiniRaftClusterWithRpcTypeGrpcAndDataStreamTypeNetty4879c245/s2
2023-11-06 15:54:22,034 TRACE util.FileUtils (FileUtils.java:deleteFully(318)) - deleteFully: target/test/data/8ed5a2e1/MiniRaftClusterWithRpcTypeGrpcAndDataStreamTypeNetty4879c245/s2 does not exist.
2023-11-06 15:54:22,034 INFO  impl.MiniRaftCluster (MiniRaftCluster.java:newRaftServer(387)) - Formatted directory target/test/data/8ed5a2e1/MiniRaftClusterWithRpcTypeGrpcAndDataStreamTypeNetty4879c245/s2
2023-11-06 15:54:22,035 INFO  server.RaftServer (ConfUtils.java:logGet(46)) - raft.rpc.type = GRPC (default)
2023-11-06 15:54:22,035 INFO  grpc.GrpcConfigKeys (ConfUtils.java:logFallback(53)) - raft.grpc.admin.host = null (fallback to raft.grpc.server.host)
2023-11-06 15:54:22,035 INFO  grpc.GrpcConfigKeys (ConfUtils.java:logGet(46)) - raft.grpc.admin.port = 43087 (custom)
2023-11-06 15:54:22,036 INFO  grpc.GrpcConfigKeys (ConfUtils.java:logFallback(53)) - raft.grpc.client.host = null (fallback to raft.grpc.server.host)
2023-11-06 15:54:22,036 INFO  grpc.GrpcConfigKeys (ConfUtils.java:logGet(46)) - raft.grpc.client.port = 38955 (custom)
2023-11-06 15:54:22,036 INFO  grpc.GrpcConfigKeys (ConfUtils.java:logGet(46)) - raft.grpc.server.host = null (default)
2023-11-06 15:54:22,036 INFO  grpc.GrpcConfigKeys (ConfUtils.java:logGet(46)) - raft.grpc.server.port = 37753 (custom)
2023-11-06 15:54:22,036 INFO  server.GrpcService (ConfUtils.java:logGet(46)) - raft.grpc.message.size.max = 64MB (=67108864) (default)
2023-11-06 15:54:22,037 INFO  server.RaftServerConfigKeys (ConfUtils.java:logGet(46)) - raft.server.log.appender.buffer.byte-limit = 4MB (=4194304) (default)
2023-11-06 15:54:22,037 INFO  server.GrpcService (ConfUtils.java:logGet(46)) - raft.grpc.flow.control.window = 1MB (=1048576) (default)
2023-11-06 15:54:22,037 INFO  server.RaftServerConfigKeys (ConfUtils.java:logGet(46)) - raft.server.rpc.request.timeout = 3000ms (default)
2023-11-06 15:54:22,037 INFO  grpc.GrpcConfigKeys (ConfUtils.java:logGet(46)) - raft.grpc.server.heartbeat.channel = true (default)
2023-11-06 15:54:22,037 INFO  grpc.GrpcConfigKeys (ConfUtils.java:logGet(46)) - raft.grpc.server.async.request.thread.pool.cached = true (default)
2023-11-06 15:54:22,037 INFO  grpc.GrpcConfigKeys (ConfUtils.java:logGet(46)) - raft.grpc.server.async.request.thread.pool.size = 32 (default)
2023-11-06 15:54:22,039 INFO  impl.DataStreamServerImpl (ConfUtils.java:logGet(46)) - raft.datastream.type = NETTY (custom)
2023-11-06 15:54:22,039 INFO  server.RaftServerConfigKeys (ConfUtils.java:logGet(46)) - raft.server.data-stream.async.request.thread.pool.cached = false (default)
2023-11-06 15:54:22,039 INFO  server.RaftServerConfigKeys (ConfUtils.java:logGet(46)) - raft.server.data-stream.async.request.thread.pool.size = 32 (default)
2023-11-06 15:54:22,042 INFO  server.RaftServerConfigKeys (ConfUtils.java:logGet(46)) - raft.server.data-stream.async.write.thread.pool.size = 16 (default)
2023-11-06 15:54:22,043 INFO  netty.NettyConfigKeys$DataStream (ConfUtils.java:logGet(46)) - raft.netty.dataStream.server.channel.inactive.grace-period = 10min (default)
2023-11-06 15:54:22,043 INFO  server.RaftServerConfigKeys (ConfUtils.java:logGet(46)) - raft.server.data-stream.client.pool.size = 10 (default)
2023-11-06 15:54:22,043 INFO  netty.NettyConfigKeys$DataStream (ConfUtils.java:logGet(46)) - raft.netty.dataStream.server.use-epoll = true (default)
2023-11-06 15:54:22,043 INFO  netty.NettyConfigKeys$DataStream (ConfUtils.java:logGet(46)) - raft.netty.dataStream.server.boss-group.size = 0 (default)
2023-11-06 15:54:22,043 INFO  netty.NettyUtils (NettyUtils.java:newEventLoopGroup(69)) - Create EpollEventLoopGroup for s2-NettyServerStreamRpc-bossGroup; Thread size is 0.
2023-11-06 15:54:22,044 INFO  netty.NettyConfigKeys$DataStream (ConfUtils.java:logGet(46)) - raft.netty.dataStream.server.worker-group.size = 0 (default)
2023-11-06 15:54:22,044 INFO  netty.NettyUtils (NettyUtils.java:newEventLoopGroup(69)) - Create EpollEventLoopGroup for s2-NettyServerStreamRpc-workerGroup; Thread size is 0.
2023-11-06 15:54:22,042 INFO  filestore.FileStore (ConfUtils.java:logGet(46)) - example.filestore.statemachine.write.thread.num = 1 (default)
2023-11-06 15:54:22,047 INFO  filestore.FileStore (ConfUtils.java:logGet(46)) - example.filestore.statemachine.read.thread.num = 1 (default)
2023-11-06 15:54:22,047 INFO  filestore.FileStore (ConfUtils.java:logGet(46)) - example.filestore.statemachine.commit.thread.num = 1 (default)
2023-11-06 15:54:22,048 INFO  filestore.FileStore (ConfUtils.java:logGet(46)) - example.filestore.statemachine.delete.thread.num = 1 (default)
2023-11-06 15:54:22,049 INFO  filestore.FileStore (ConfUtils.java:logGet(46)) - example.filestore.statemachine.dir = [/home/runner/work/ratis/ratis/ratis-examples/target/test/data/8ed5a2e1/TestFileStoreStreamingWithGrpcCluster/filestore] (custom)
2023-11-06 15:54:22,051 INFO  server.RaftServer$Division (RaftServerImpl.java:<init>(255)) - s0: new RaftServerImpl for group-6D2E0DB5C585:[s0|localhost:33791, s1|localhost:36503, s2|localhost:37753] with FileStoreStateMachine:uninitialized
2023-11-06 15:54:22,044 INFO  filestore.FileStore (ConfUtils.java:logGet(46)) - example.filestore.statemachine.write.thread.num = 1 (default)
2023-11-06 15:54:22,045 INFO  netty.NettyConfigKeys$DataStream (ConfUtils.java:logGet(46)) - raft.netty.dataStream.server.tls.conf = null (default)
2023-11-06 15:54:22,054 INFO  filestore.FileStore (ConfUtils.java:logGet(46)) - example.filestore.statemachine.read.thread.num = 1 (default)
2023-11-06 15:54:22,054 INFO  netty.NettyConfigKeys$DataStream (ConfUtils.java:logGet(46)) - raft.netty.dataStream.host = null (default)
2023-11-06 15:54:22,054 INFO  filestore.FileStore (ConfUtils.java:logGet(46)) - example.filestore.statemachine.commit.thread.num = 1 (default)
2023-11-06 15:54:22,054 INFO  netty.NettyConfigKeys$DataStream (ConfUtils.java:logGet(46)) - raft.netty.dataStream.port = 44197 (custom)
2023-11-06 15:54:22,054 INFO  filestore.FileStore (ConfUtils.java:logGet(46)) - example.filestore.statemachine.delete.thread.num = 1 (default)
2023-11-06 15:54:22,055 INFO  filestore.FileStore (ConfUtils.java:logGet(46)) - example.filestore.statemachine.dir = [/home/runner/work/ratis/ratis/ratis-examples/target/test/data/8ed5a2e1/TestFileStoreStreamingWithGrpcCluster/filestore] (custom)
2023-11-06 15:54:22,055 INFO  server.RaftServer$Division (RaftServerImpl.java:<init>(255)) - s1: new RaftServerImpl for group-6D2E0DB5C585:[s0|localhost:33791, s1|localhost:36503, s2|localhost:37753] with FileStoreStateMachine:uninitialized
2023-11-06 15:54:22,056 INFO  server.RaftServerConfigKeys (ConfUtils.java:logGet(46)) - raft.server.sleep.deviation.threshold = 300ms (default)
2023-11-06 15:54:22,055 INFO  server.RaftServerConfigKeys (ConfUtils.java:logGet(46)) - raft.server.rpc.timeout.min = 150ms (default)
2023-11-06 15:54:22,056 INFO  server.RaftServerConfigKeys (ConfUtils.java:logGet(46)) - raft.server.close.threshold = 60s (default)
2023-11-06 15:54:22,056 INFO  server.RaftServerConfigKeys (ConfUtils.java:logGet(46)) - raft.server.rpc.timeout.min = 150ms (default)
2023-11-06 15:54:22,056 INFO  server.RaftServerConfigKeys (ConfUtils.java:logGet(46)) - raft.server.leaderelection.leader.step-down.wait-time = 10s (default)
2023-11-06 15:54:22,056 INFO  server.RaftServerConfigKeys (ConfUtils.java:logGet(46)) - raft.server.rpc.timeout.max = 300ms (default)
2023-11-06 15:54:22,057 INFO  server.RaftServerConfigKeys (ConfUtils.java:logGet(46)) - raft.server.rpc.sleep.time = 25ms (default)
2023-11-06 15:54:22,057 INFO  server.RaftServerConfigKeys (ConfUtils.java:logGet(46)) - raft.server.rpc.slowness.timeout = 60s (default)
2023-11-06 15:54:22,057 INFO  server.RaftServerConfigKeys (ConfUtils.java:logGet(46)) - raft.server.leaderelection.leader.step-down.wait-time = 10s (default)
2023-11-06 15:54:22,057 INFO  server.RaftServerConfigKeys (ConfUtils.java:logGet(46)) - raft.server.sleep.deviation.threshold = 300ms (default)
2023-11-06 15:54:22,056 INFO  server.RaftServerConfigKeys (ConfUtils.java:logGet(46)) - raft.server.rpc.timeout.max = 300ms (default)
2023-11-06 15:54:22,057 INFO  server.RaftServerConfigKeys (ConfUtils.java:logGet(46)) - raft.server.storage.dir = [/home/runner/work/ratis/ratis/ratis-examples/target/test/data/8ed5a2e1/MiniRaftClusterWithRpcTypeGrpcAndDataStreamTypeNetty4879c245/s2] (custom)
2023-11-06 15:54:22,058 INFO  server.RaftServerConfigKeys (ConfUtils.java:logGet(46)) - raft.server.threadpool.proxy.cached = true (default)
2023-11-06 15:54:22,058 INFO  server.RaftServerConfigKeys (ConfUtils.java:logGet(46)) - raft.server.threadpool.proxy.size = 0 (default)
2023-11-06 15:54:22,058 INFO  server.RaftServerConfigKeys (ConfUtils.java:logGet(46)) - raft.server.rpc.sleep.time = 25ms (default)
2023-11-06 15:54:22,063 INFO  server.RaftServerConfigKeys (ConfUtils.java:logGet(46)) - raft.server.rpc.slowness.timeout = 60s (default)
2023-11-06 15:54:22,063 INFO  logging.LoggingHandler (AbstractInternalLogger.java:log(148)) - [id: 0xb858cde7] REGISTERED
2023-11-06 15:54:22,063 INFO  logging.LoggingHandler (AbstractInternalLogger.java:log(148)) - [id: 0xb858cde7] BIND: 0.0.0.0/0.0.0.0:44197
2023-11-06 15:54:22,066 INFO  logging.LoggingHandler (AbstractInternalLogger.java:log(148)) - [id: 0xb858cde7, L:/0.0.0.0:44197] ACTIVE
2023-11-06 15:54:22,066 INFO  server.RaftServer (RaftServerProxy.java:addNew(100)) - s2: addNew group-6D2E0DB5C585:[s0|localhost:33791, s1|localhost:36503, s2|localhost:37753] returns group-6D2E0DB5C585:java.util.concurrent.CompletableFuture@118caa2d[Not completed]
2023-11-06 15:54:22,070 INFO  filestore.FileStore (ConfUtils.java:logGet(46)) - example.filestore.statemachine.write.thread.num = 1 (default)
2023-11-06 15:54:22,070 INFO  filestore.FileStore (ConfUtils.java:logGet(46)) - example.filestore.statemachine.read.thread.num = 1 (default)
2023-11-06 15:54:22,070 INFO  filestore.FileStore (ConfUtils.java:logGet(46)) - example.filestore.statemachine.commit.thread.num = 1 (default)
2023-11-06 15:54:22,070 INFO  filestore.FileStore (ConfUtils.java:logGet(46)) - example.filestore.statemachine.delete.thread.num = 1 (default)
2023-11-06 15:54:22,071 INFO  filestore.FileStore (ConfUtils.java:logGet(46)) - example.filestore.statemachine.dir = [/home/runner/work/ratis/ratis/ratis-examples/target/test/data/8ed5a2e1/TestFileStoreStreamingWithGrpcCluster/filestore] (custom)
2023-11-06 15:54:22,072 INFO  server.RaftServer$Division (RaftServerImpl.java:<init>(255)) - s2: new RaftServerImpl for group-6D2E0DB5C585:[s0|localhost:33791, s1|localhost:36503, s2|localhost:37753] with FileStoreStateMachine:uninitialized
2023-11-06 15:54:22,063 INFO  server.RaftServerConfigKeys (ConfUtils.java:logGet(46)) - raft.server.leaderelection.leader.step-down.wait-time = 10s (default)
2023-11-06 15:54:22,073 INFO  server.RaftServerConfigKeys (ConfUtils.java:logGet(46)) - raft.server.sleep.deviation.threshold = 300ms (default)
2023-11-06 15:54:22,074 INFO  server.RaftServerConfigKeys (ConfUtils.java:logGet(46)) - raft.server.rpc.timeout.min = 150ms (default)
2023-11-06 15:54:22,074 INFO  server.RaftServer$Division (ServerState.java:<init>(113)) - s0@group-6D2E0DB5C585: ConfigurationManager, init=-1: peers:[s0|localhost:33791, s1|localhost:36503, s2|localhost:37753]|listeners:[], old=null, confs=<EMPTY_MAP>
2023-11-06 15:54:22,075 INFO  server.RaftServerConfigKeys (ConfUtils.java:logGet(46)) - raft.server.rpc.timeout.max = 300ms (default)
2023-11-06 15:54:22,074 INFO  server.RaftServer$Division (ServerState.java:<init>(113)) - s1@group-6D2E0DB5C585: ConfigurationManager, init=-1: peers:[s0|localhost:33791, s1|localhost:36503, s2|localhost:37753]|listeners:[], old=null, confs=<EMPTY_MAP>
2023-11-06 15:54:22,078 INFO  server.RaftServerConfigKeys (ConfUtils.java:logGet(46)) - raft.server.rpc.sleep.time = 25ms (default)
2023-11-06 15:54:22,079 INFO  server.RaftServerConfigKeys (ConfUtils.java:logGet(46)) - raft.server.rpc.slowness.timeout = 60s (default)
2023-11-06 15:54:22,079 INFO  server.RaftServerConfigKeys (ConfUtils.java:logGet(46)) - raft.server.leaderelection.leader.step-down.wait-time = 10s (default)
2023-11-06 15:54:22,079 INFO  server.RaftServerConfigKeys (ConfUtils.java:logGet(46)) - raft.server.sleep.deviation.threshold = 300ms (default)
2023-11-06 15:54:22,079 INFO  server.RaftServer$Division (ServerState.java:<init>(113)) - s2@group-6D2E0DB5C585: ConfigurationManager, init=-1: peers:[s0|localhost:33791, s1|localhost:36503, s2|localhost:37753]|listeners:[], old=null, confs=<EMPTY_MAP>
2023-11-06 15:54:22,090 INFO  server.RaftServerConfigKeys (ConfUtils.java:logGet(46)) - raft.server.notification.no-leader.timeout = 60s (default)
2023-11-06 15:54:22,093 INFO  server.RaftServerConfigKeys (ConfUtils.java:logGet(46)) - raft.server.notification.no-leader.timeout = 60s (default)
2023-11-06 15:54:22,095 INFO  server.RaftServerConfigKeys (ConfUtils.java:logGet(46)) - raft.server.read.timeout = 10s (default)
2023-11-06 15:54:22,099 INFO  server.RaftServerConfigKeys (ConfUtils.java:logGet(46)) - raft.server.retrycache.expirytime = 60s (default)
2023-11-06 15:54:22,099 INFO  server.RaftServerConfigKeys (ConfUtils.java:logGet(46)) - raft.server.retrycache.statistics.expirytime = 100ms (default)
2023-11-06 15:54:22,100 INFO  server.RaftServerConfigKeys (ConfUtils.java:logGet(46)) - raft.server.read.timeout = 10s (default)
2023-11-06 15:54:22,101 INFO  server.RaftServerConfigKeys (ConfUtils.java:logGet(46)) - raft.server.retrycache.expirytime = 60s (default)
2023-11-06 15:54:22,101 INFO  server.RaftServerConfigKeys (ConfUtils.java:logGet(46)) - raft.server.retrycache.statistics.expirytime = 100ms (default)
2023-11-06 15:54:22,101 INFO  server.RaftServerConfigKeys (ConfUtils.java:logGet(46)) - raft.server.notification.no-leader.timeout = 60s (default)
2023-11-06 15:54:22,101 INFO  server.RaftServerConfigKeys (ConfUtils.java:logGet(46)) - raft.server.read.timeout = 10s (default)
2023-11-06 15:54:22,102 INFO  server.RaftServerConfigKeys (ConfUtils.java:logGet(46)) - raft.server.retrycache.expirytime = 60s (default)
2023-11-06 15:54:22,102 INFO  server.RaftServerConfigKeys (ConfUtils.java:logGet(46)) - raft.server.retrycache.statistics.expirytime = 100ms (default)
2023-11-06 15:54:22,106 INFO  server.RaftServerConfigKeys (ConfUtils.java:logGet(46)) - raft.server.read.option = DEFAULT (default)
2023-11-06 15:54:22,107 INFO  server.RaftServerConfigKeys (ConfUtils.java:logGet(46)) - raft.server.read.read-after-write-consistent.write-index-cache.expiry-time = 60s (default)
2023-11-06 15:54:22,108 INFO  server.RaftServerConfigKeys (ConfUtils.java:logGet(46)) - raft.server.read.option = DEFAULT (default)
2023-11-06 15:54:22,109 INFO  server.RaftServerConfigKeys (ConfUtils.java:logGet(46)) - raft.server.read.read-after-write-consistent.write-index-cache.expiry-time = 60s (default)
2023-11-06 15:54:22,115 INFO  server.RaftServerConfigKeys (ConfUtils.java:logGet(46)) - raft.server.read.option = DEFAULT (default)
2023-11-06 15:54:22,116 INFO  server.RaftServerConfigKeys (ConfUtils.java:logGet(46)) - raft.server.read.read-after-write-consistent.write-index-cache.expiry-time = 60s (default)
2023-11-06 15:54:22,158 INFO  server.RaftServerConfigKeys (ConfUtils.java:logGet(46)) - raft.server.rpc.request.timeout = 3000ms (default)
2023-11-06 15:54:22,165 INFO  server.RaftServerConfigKeys (ConfUtils.java:logGet(46)) - raft.server.rpc.request.timeout = 3000ms (default)
2023-11-06 15:54:22,165 INFO  server.RaftServerConfigKeys (ConfUtils.java:logGet(46)) - raft.server.log.appender.install.snapshot.enabled = true (default)
2023-11-06 15:54:22,165 INFO  server.RaftServerConfigKeys (ConfUtils.java:logGet(46)) - raft.server.threadpool.server.cached = true (default)
2023-11-06 15:54:22,166 INFO  server.RaftServerConfigKeys (ConfUtils.java:logGet(46)) - raft.server.threadpool.server.size = 0 (default)
2023-11-06 15:54:22,167 INFO  server.RaftServerConfigKeys (ConfUtils.java:logGet(46)) - raft.server.threadpool.client.cached = true (default)
2023-11-06 15:54:22,167 INFO  server.RaftServerConfigKeys (ConfUtils.java:logGet(46)) - raft.server.threadpool.client.size = 0 (default)
2023-11-06 15:54:22,168 INFO  server.RaftServerConfigKeys (ConfUtils.java:logGet(46)) - raft.server.rpc.request.timeout = 3000ms (default)
2023-11-06 15:54:22,168 INFO  server.RaftServerConfigKeys (ConfUtils.java:logGet(46)) - raft.server.log.appender.install.snapshot.enabled = true (default)
2023-11-06 15:54:22,169 INFO  server.RaftServerConfigKeys (ConfUtils.java:logGet(46)) - raft.server.threadpool.server.cached = true (default)
2023-11-06 15:54:22,169 INFO  server.RaftServerConfigKeys (ConfUtils.java:logGet(46)) - raft.server.threadpool.server.size = 0 (default)
2023-11-06 15:54:22,169 INFO  server.RaftServerConfigKeys (ConfUtils.java:logGet(46)) - raft.server.storage.free-space.min = 0MB (=0) (default)
2023-11-06 15:54:22,170 INFO  server.RaftServerConfigKeys (ConfUtils.java:logGet(46)) - raft.server.log.corruption.policy = EXCEPTION (default)
2023-11-06 15:54:22,171 INFO  server.RaftServerConfigKeys (ConfUtils.java:logGet(46)) - raft.server.storage.dir = [/home/runner/work/ratis/ratis/ratis-examples/target/test/data/8ed5a2e1/MiniRaftClusterWithRpcTypeGrpcAndDataStreamTypeNetty4879c245/s0] (custom)
2023-11-06 15:54:22,169 INFO  server.RaftServerConfigKeys (ConfUtils.java:logGet(46)) - raft.server.threadpool.client.cached = true (default)
2023-11-06 15:54:22,173 INFO  server.RaftServerConfigKeys (ConfUtils.java:logGet(46)) - raft.server.threadpool.client.size = 0 (default)
2023-11-06 15:54:22,173 INFO  server.RaftServerConfigKeys (ConfUtils.java:logGet(46)) - raft.server.log.appender.install.snapshot.enabled = true (default)
2023-11-06 15:54:22,173 INFO  server.RaftServerConfigKeys (ConfUtils.java:logGet(46)) - raft.server.threadpool.server.cached = true (default)
2023-11-06 15:54:22,173 INFO  server.RaftServerConfigKeys (ConfUtils.java:logGet(46)) - raft.server.threadpool.server.size = 0 (default)
2023-11-06 15:54:22,174 INFO  server.RaftServerConfigKeys (ConfUtils.java:logGet(46)) - raft.server.threadpool.client.cached = true (default)
2023-11-06 15:54:22,174 INFO  server.RaftServerConfigKeys (ConfUtils.java:logGet(46)) - raft.server.threadpool.client.size = 0 (default)
2023-11-06 15:54:22,194 INFO  storage.RaftStorageDirectory (RaftStorageDirectoryImpl.java:analyzeStorage(138)) - The storage directory /home/runner/work/ratis/ratis/ratis-examples/target/test/data/8ed5a2e1/MiniRaftClusterWithRpcTypeGrpcAndDataStreamTypeNetty4879c245/s0/0c1ba4b6-36ce-4d01-a580-6d2e0db5c585 does not exist. Creating ...
2023-11-06 15:54:22,197 TRACE util.FileUtils (LogUtils.java:runAndLog(49)) - Successfully ran Files.createDirectories /home/runner/work/ratis/ratis/ratis-examples/target/test/data/8ed5a2e1/MiniRaftClusterWithRpcTypeGrpcAndDataStreamTypeNetty4879c245/s0/0c1ba4b6-36ce-4d01-a580-6d2e0db5c585
2023-11-06 15:54:22,201 INFO  storage.RaftStorageDirectory (RaftStorageDirectoryImpl.java:tryLock(232)) - Lock on /home/runner/work/ratis/ratis/ratis-examples/target/test/data/8ed5a2e1/MiniRaftClusterWithRpcTypeGrpcAndDataStreamTypeNetty4879c245/s0/0c1ba4b6-36ce-4d01-a580-6d2e0db5c585/in_use.lock acquired by nodename 25696@fv-az119-74
2023-11-06 15:54:22,202 TRACE util.FileUtils (LogUtils.java:runAndLog(49)) - Successfully ran Files.createDirectories /home/runner/work/ratis/ratis/ratis-examples/target/test/data/8ed5a2e1/MiniRaftClusterWithRpcTypeGrpcAndDataStreamTypeNetty4879c245/s0/0c1ba4b6-36ce-4d01-a580-6d2e0db5c585/current
2023-11-06 15:54:22,202 TRACE util.FileUtils (LogUtils.java:runAndLog(49)) - Successfully ran Files.createDirectories /home/runner/work/ratis/ratis/ratis-examples/target/test/data/8ed5a2e1/MiniRaftClusterWithRpcTypeGrpcAndDataStreamTypeNetty4879c245/s0/0c1ba4b6-36ce-4d01-a580-6d2e0db5c585/sm
2023-11-06 15:54:22,215 TRACE util.FileUtils (LogUtils.java:supplyAndLog(69)) - Successfully supplied FileChannel.open /home/runner/work/ratis/ratis/ratis-examples/target/test/data/8ed5a2e1/MiniRaftClusterWithRpcTypeGrpcAndDataStreamTypeNetty4879c245/s0/0c1ba4b6-36ce-4d01-a580-6d2e0db5c585/current/raft-meta.tmp with options [CREATE, WRITE]: sun.nio.ch.FileChannelImpl@135b36b3
2023-11-06 15:54:22,244 TRACE util.FileUtils (LogUtils.java:runAndLog(49)) - Successfully ran Atomic Files.move /home/runner/work/ratis/ratis/ratis-examples/target/test/data/8ed5a2e1/MiniRaftClusterWithRpcTypeGrpcAndDataStreamTypeNetty4879c245/s0/0c1ba4b6-36ce-4d01-a580-6d2e0db5c585/current/raft-meta.tmp to /home/runner/work/ratis/ratis/ratis-examples/target/test/data/8ed5a2e1/MiniRaftClusterWithRpcTypeGrpcAndDataStreamTypeNetty4879c245/s0/0c1ba4b6-36ce-4d01-a580-6d2e0db5c585/current/raft-meta with options [REPLACE_EXISTING]
2023-11-06 15:54:22,245 INFO  storage.RaftStorage (RaftStorageImpl.java:format(97)) - Storage directory /home/runner/work/ratis/ratis/ratis-examples/target/test/data/8ed5a2e1/MiniRaftClusterWithRpcTypeGrpcAndDataStreamTypeNetty4879c245/s0/0c1ba4b6-36ce-4d01-a580-6d2e0db5c585 has been successfully formatted.
2023-11-06 15:54:22,249 TRACE util.FileUtils (LogUtils.java:runAndLog(49)) - Successfully ran Files.createDirectories /home/runner/work/ratis/ratis/ratis-examples/target/test/data/8ed5a2e1/TestFileStoreStreamingWithGrpcCluster/filestore/s0
2023-11-06 15:54:22,252 INFO  server.RaftServerConfigKeys (ConfUtils.java:logGet(46)) - raft.server.log.use.memory = false (default)
2023-11-06 15:54:22,262 INFO  server.RaftServerConfigKeys (ConfUtils.java:logGet(46)) - raft.server.log.purge.gap = 1024 (default)
2023-11-06 15:54:22,264 INFO  server.RaftServerConfigKeys (ConfUtils.java:logGet(46)) - raft.server.log.appender.buffer.byte-limit = 4MB (=4194304) (default)
2023-11-06 15:54:22,265 INFO  server.RaftServerConfigKeys (ConfUtils.java:logGet(46)) - raft.server.log.statemachine.data.read.timeout = 1000ms (default)
2023-11-06 15:54:22,268 INFO  server.RaftServerConfigKeys (ConfUtils.java:logGet(46)) - raft.server.log.purge.preservation.log.num = 0 (default)
2023-11-06 15:54:22,278 INFO  server.RaftServerConfigKeys (ConfUtils.java:logGet(46)) - raft.server.log.segment.size.max = 32MB (=33554432) (default)
2023-11-06 15:54:22,287 INFO  server.RaftServerConfigKeys (ConfUtils.java:logGet(46)) - raft.server.log.segment.cache.num.max = 6 (default)
2023-11-06 15:54:22,287 INFO  server.RaftServerConfigKeys (ConfUtils.java:logGet(46)) - raft.server.log.segment.cache.size.max = 200MB (=209715200) (default)
2023-11-06 15:54:22,288 INFO  server.RaftServerConfigKeys (ConfUtils.java:logGet(46)) - raft.server.log.appender.buffer.byte-limit = 4MB (=4194304) (default)
2023-11-06 15:54:22,289 INFO  util.AwaitToRun (AwaitToRun.java:start(81)) - Thread[s0@group-6D2E0DB5C585-cacheEviction-AwaitToRun,5,main] started
2023-11-06 15:54:22,292 INFO  segmented.SegmentedRaftLogWorker (SegmentedRaftLogWorker.java:<init>(184)) - new s0@group-6D2E0DB5C585-SegmentedRaftLogWorker for RaftStorageImpl:Storage Directory /home/runner/work/ratis/ratis/ratis-examples/target/test/data/8ed5a2e1/MiniRaftClusterWithRpcTypeGrpcAndDataStreamTypeNetty4879c245/s0/0c1ba4b6-36ce-4d01-a580-6d2e0db5c585
2023-11-06 15:54:22,296 INFO  server.RaftServerConfigKeys (ConfUtils.java:logGet(46)) - raft.server.log.queue.byte-limit = 64MB (=67108864) (default)
2023-11-06 15:54:22,297 INFO  server.RaftServerConfigKeys (ConfUtils.java:logGet(46)) - raft.server.log.queue.element-limit = 4096 (default)
2023-11-06 15:54:22,298 INFO  server.RaftServerConfigKeys (ConfUtils.java:logGet(46)) - raft.server.log.segment.size.max = 32MB (=33554432) (default)
2023-11-06 15:54:22,298 INFO  server.RaftServerConfigKeys (ConfUtils.java:logGet(46)) - raft.server.log.preallocated.size = 4MB (=4194304) (default)
2023-11-06 15:54:22,299 INFO  server.RaftServerConfigKeys (ConfUtils.java:logGet(46)) - raft.server.log.force.sync.num = 128 (default)
2023-11-06 15:54:22,299 INFO  server.RaftServerConfigKeys (ConfUtils.java:logGet(46)) - raft.server.log.statemachine.data.sync = true (default)
2023-11-06 15:54:22,299 INFO  server.RaftServerConfigKeys (ConfUtils.java:logGet(46)) - raft.server.log.statemachine.data.sync.timeout = 10s (default)
2023-11-06 15:54:22,300 INFO  server.RaftServerConfigKeys (ConfUtils.java:logGet(46)) - raft.server.log.statemachine.data.sync.timeout.retry = -1 (default)
2023-11-06 15:54:22,304 INFO  server.RaftServerConfigKeys (ConfUtils.java:logGet(46)) - raft.server.log.write.buffer.size = 64KB (=65536) (default)
2023-11-06 15:54:22,304 INFO  server.RaftServerConfigKeys (ConfUtils.java:logGet(46)) - raft.server.log.appender.buffer.byte-limit = 4MB (=4194304) (default)
2023-11-06 15:54:22,306 INFO  server.RaftServerConfigKeys (ConfUtils.java:logGet(46)) - raft.server.log.unsafe-flush.enabled = false (default)
2023-11-06 15:54:22,307 INFO  server.RaftServerConfigKeys (ConfUtils.java:logGet(46)) - raft.server.log.async-flush.enabled = false (default)
2023-11-06 15:54:22,307 INFO  server.RaftServerConfigKeys (ConfUtils.java:logGet(46)) - raft.server.log.statemachine.data.caching.enabled = false (default)
2023-11-06 15:54:22,323 INFO  segmented.SegmentedRaftLogWorker (SegmentedRaftLogWorker.java:lambda$new$0(135)) - s0@group-6D2E0DB5C585-SegmentedRaftLogWorker: flushIndex: setUnconditionally 0 -> -1
2023-11-06 15:54:22,323 INFO  segmented.SegmentedRaftLogWorker (SegmentedRaftLogWorker.java:lambda$new$0(135)) - s0@group-6D2E0DB5C585-SegmentedRaftLogWorker: safeCacheEvictIndex: setUnconditionally 0 -> -1
2023-11-06 15:54:22,326 INFO  server.RaftServer$Division (RaftServerImpl.java:start(390)) - s0@group-6D2E0DB5C585: start as a follower, conf=-1: peers:[s0|localhost:33791, s1|localhost:36503, s2|localhost:37753]|listeners:[], old=null
2023-11-06 15:54:22,326 INFO  server.RaftServer$Division (RaftServerImpl.java:setRole(377)) - s0@group-6D2E0DB5C585: changes role from      null to FOLLOWER at term 0 for startAsFollower
2023-11-06 15:54:22,327 INFO  impl.RoleInfo (RoleInfo.java:updateAndGet(138)) - s0: start s0@group-6D2E0DB5C585-FollowerState
2023-11-06 15:54:22,328 INFO  server.RaftServerConfigKeys (ConfUtils.java:logFallback(53)) - raft.server.rpc.first-election.timeout.min = 150ms (fallback to raft.server.rpc.timeout.min)
2023-11-06 15:54:22,329 INFO  server.RaftServerConfigKeys (ConfUtils.java:logFallback(53)) - raft.server.rpc.first-election.timeout.max = 300ms (fallback to raft.server.rpc.timeout.max)
2023-11-06 15:54:22,333 INFO  util.JmxRegister (JmxRegister.java:tryRegister(44)) - Successfully registered JMX Bean with object name Ratis:service=RaftServer,group=group-6D2E0DB5C585,id=s0
2023-11-06 15:54:22,335 INFO  server.RaftServerConfigKeys (ConfUtils.java:logGet(46)) - raft.server.snapshot.trigger-when-stop.enabled = true (default)
2023-11-06 15:54:22,335 INFO  server.RaftServerConfigKeys (ConfUtils.java:logGet(46)) - raft.server.snapshot.auto.trigger.enabled = false (default)
2023-11-06 15:54:22,336 INFO  server.RaftServerConfigKeys (ConfUtils.java:logGet(46)) - raft.server.snapshot.retention.file.num = -1 (default)
2023-11-06 15:54:22,336 INFO  server.RaftServerConfigKeys (ConfUtils.java:logGet(46)) - raft.server.log.purge.upto.snapshot.index = false (default)
2023-11-06 15:54:22,338 INFO  server.RaftServer (RaftServerProxy.java:startImpl(406)) - s0: start RPC server
2023-11-06 15:54:22,344 INFO  server.GrpcService (GrpcService.java:startImpl(302)) - s0: GrpcService started, listening on 33019
2023-11-06 15:54:22,344 INFO  server.GrpcService (GrpcService.java:startImpl(302)) - s0: GrpcService started, listening on 33791
2023-11-06 15:54:22,345 INFO  server.GrpcService (GrpcService.java:startImpl(302)) - s0: GrpcService started, listening on 42705
2023-11-06 15:54:22,347 INFO  server.RaftServerConfigKeys (ConfUtils.java:logGet(46)) - raft.server.storage.free-space.min = 0MB (=0) (default)
2023-11-06 15:54:22,347 INFO  server.RaftServerConfigKeys (ConfUtils.java:logGet(46)) - raft.server.log.corruption.policy = EXCEPTION (default)
2023-11-06 15:54:22,347 INFO  server.RaftServerConfigKeys (ConfUtils.java:logGet(46)) - raft.server.storage.dir = [/home/runner/work/ratis/ratis/ratis-examples/target/test/data/8ed5a2e1/MiniRaftClusterWithRpcTypeGrpcAndDataStreamTypeNetty4879c245/s1] (custom)
2023-11-06 15:54:22,347 INFO  storage.RaftStorageDirectory (RaftStorageDirectoryImpl.java:analyzeStorage(138)) - The storage directory /home/runner/work/ratis/ratis/ratis-examples/target/test/data/8ed5a2e1/MiniRaftClusterWithRpcTypeGrpcAndDataStreamTypeNetty4879c245/s1/0c1ba4b6-36ce-4d01-a580-6d2e0db5c585 does not exist. Creating ...
2023-11-06 15:54:22,348 TRACE util.FileUtils (LogUtils.java:runAndLog(49)) - Successfully ran Files.createDirectories /home/runner/work/ratis/ratis/ratis-examples/target/test/data/8ed5a2e1/MiniRaftClusterWithRpcTypeGrpcAndDataStreamTypeNetty4879c245/s1/0c1ba4b6-36ce-4d01-a580-6d2e0db5c585
2023-11-06 15:54:22,349 INFO  storage.RaftStorageDirectory (RaftStorageDirectoryImpl.java:tryLock(232)) - Lock on /home/runner/work/ratis/ratis/ratis-examples/target/test/data/8ed5a2e1/MiniRaftClusterWithRpcTypeGrpcAndDataStreamTypeNetty4879c245/s1/0c1ba4b6-36ce-4d01-a580-6d2e0db5c585/in_use.lock acquired by nodename 25696@fv-az119-74
2023-11-06 15:54:22,350 TRACE util.FileUtils (LogUtils.java:runAndLog(49)) - Successfully ran Files.createDirectories /home/runner/work/ratis/ratis/ratis-examples/target/test/data/8ed5a2e1/MiniRaftClusterWithRpcTypeGrpcAndDataStreamTypeNetty4879c245/s1/0c1ba4b6-36ce-4d01-a580-6d2e0db5c585/current
2023-11-06 15:54:22,350 TRACE util.FileUtils (LogUtils.java:runAndLog(49)) - Successfully ran Files.createDirectories /home/runner/work/ratis/ratis/ratis-examples/target/test/data/8ed5a2e1/MiniRaftClusterWithRpcTypeGrpcAndDataStreamTypeNetty4879c245/s1/0c1ba4b6-36ce-4d01-a580-6d2e0db5c585/sm
2023-11-06 15:54:22,350 TRACE util.FileUtils (LogUtils.java:supplyAndLog(69)) - Successfully supplied FileChannel.open /home/runner/work/ratis/ratis/ratis-examples/target/test/data/8ed5a2e1/MiniRaftClusterWithRpcTypeGrpcAndDataStreamTypeNetty4879c245/s1/0c1ba4b6-36ce-4d01-a580-6d2e0db5c585/current/raft-meta.tmp with options [CREATE, WRITE]: sun.nio.ch.FileChannelImpl@6823a630
2023-11-06 15:54:22,352 TRACE util.FileUtils (LogUtils.java:runAndLog(49)) - Successfully ran Atomic Files.move /home/runner/work/ratis/ratis/ratis-examples/target/test/data/8ed5a2e1/MiniRaftClusterWithRpcTypeGrpcAndDataStreamTypeNetty4879c245/s1/0c1ba4b6-36ce-4d01-a580-6d2e0db5c585/current/raft-meta.tmp to /home/runner/work/ratis/ratis/ratis-examples/target/test/data/8ed5a2e1/MiniRaftClusterWithRpcTypeGrpcAndDataStreamTypeNetty4879c245/s1/0c1ba4b6-36ce-4d01-a580-6d2e0db5c585/current/raft-meta with options [REPLACE_EXISTING]
2023-11-06 15:54:22,352 INFO  storage.RaftStorage (RaftStorageImpl.java:format(97)) - Storage directory /home/runner/work/ratis/ratis/ratis-examples/target/test/data/8ed5a2e1/MiniRaftClusterWithRpcTypeGrpcAndDataStreamTypeNetty4879c245/s1/0c1ba4b6-36ce-4d01-a580-6d2e0db5c585 has been successfully formatted.
2023-11-06 15:54:22,353 TRACE util.FileUtils (LogUtils.java:runAndLog(49)) - Successfully ran Files.createDirectories /home/runner/work/ratis/ratis/ratis-examples/target/test/data/8ed5a2e1/TestFileStoreStreamingWithGrpcCluster/filestore/s1
2023-11-06 15:54:22,353 INFO  util.JvmPauseMonitor (JvmPauseMonitor.java:run(146)) - JvmPauseMonitor-s0: Started
2023-11-06 15:54:22,353 INFO  server.RaftServerConfigKeys (ConfUtils.java:logGet(46)) - raft.server.log.use.memory = false (default)
2023-11-06 15:54:22,354 INFO  server.RaftServerConfigKeys (ConfUtils.java:logGet(46)) - raft.server.log.purge.gap = 1024 (default)
2023-11-06 15:54:22,354 INFO  server.RaftServerConfigKeys (ConfUtils.java:logGet(46)) - raft.server.log.appender.buffer.byte-limit = 4MB (=4194304) (default)
2023-11-06 15:54:22,355 INFO  server.RaftServerConfigKeys (ConfUtils.java:logGet(46)) - raft.server.log.statemachine.data.read.timeout = 1000ms (default)
2023-11-06 15:54:22,355 INFO  server.RaftServerConfigKeys (ConfUtils.java:logGet(46)) - raft.server.log.purge.preservation.log.num = 0 (default)
2023-11-06 15:54:22,356 INFO  server.RaftServerConfigKeys (ConfUtils.java:logGet(46)) - raft.server.log.segment.size.max = 32MB (=33554432) (default)
2023-11-06 15:54:22,356 INFO  server.RaftServerConfigKeys (ConfUtils.java:logGet(46)) - raft.server.log.segment.cache.num.max = 6 (default)
2023-11-06 15:54:22,356 INFO  server.RaftServerConfigKeys (ConfUtils.java:logGet(46)) - raft.server.log.segment.cache.size.max = 200MB (=209715200) (default)
2023-11-06 15:54:22,356 INFO  server.RaftServerConfigKeys (ConfUtils.java:logGet(46)) - raft.server.log.appender.buffer.byte-limit = 4MB (=4194304) (default)
2023-11-06 15:54:22,357 INFO  util.AwaitToRun (AwaitToRun.java:start(81)) - Thread[s1@group-6D2E0DB5C585-cacheEviction-AwaitToRun,5,main] started
2023-11-06 15:54:22,359 INFO  segmented.SegmentedRaftLogWorker (SegmentedRaftLogWorker.java:<init>(184)) - new s1@group-6D2E0DB5C585-SegmentedRaftLogWorker for RaftStorageImpl:Storage Directory /home/runner/work/ratis/ratis/ratis-examples/target/test/data/8ed5a2e1/MiniRaftClusterWithRpcTypeGrpcAndDataStreamTypeNetty4879c245/s1/0c1ba4b6-36ce-4d01-a580-6d2e0db5c585
2023-11-06 15:54:22,360 INFO  server.RaftServerConfigKeys (ConfUtils.java:logGet(46)) - raft.server.log.queue.byte-limit = 64MB (=67108864) (default)
2023-11-06 15:54:22,360 INFO  server.RaftServerConfigKeys (ConfUtils.java:logGet(46)) - raft.server.log.queue.element-limit = 4096 (default)
2023-11-06 15:54:22,360 INFO  server.RaftServerConfigKeys (ConfUtils.java:logGet(46)) - raft.server.log.segment.size.max = 32MB (=33554432) (default)
2023-11-06 15:54:22,360 INFO  server.RaftServerConfigKeys (ConfUtils.java:logGet(46)) - raft.server.log.preallocated.size = 4MB (=4194304) (default)
2023-11-06 15:54:22,361 INFO  server.RaftServerConfigKeys (ConfUtils.java:logGet(46)) - raft.server.log.force.sync.num = 128 (default)
2023-11-06 15:54:22,361 INFO  server.RaftServerConfigKeys (ConfUtils.java:logGet(46)) - raft.server.log.statemachine.data.sync = true (default)
2023-11-06 15:54:22,361 INFO  server.RaftServerConfigKeys (ConfUtils.java:logGet(46)) - raft.server.log.statemachine.data.sync.timeout = 10s (default)
2023-11-06 15:54:22,361 INFO  server.RaftServerConfigKeys (ConfUtils.java:logGet(46)) - raft.server.log.statemachine.data.sync.timeout.retry = -1 (default)
2023-11-06 15:54:22,362 INFO  server.RaftServerConfigKeys (ConfUtils.java:logGet(46)) - raft.server.log.write.buffer.size = 64KB (=65536) (default)
2023-11-06 15:54:22,362 INFO  server.RaftServerConfigKeys (ConfUtils.java:logGet(46)) - raft.server.log.appender.buffer.byte-limit = 4MB (=4194304) (default)
2023-11-06 15:54:22,364 INFO  server.RaftServerConfigKeys (ConfUtils.java:logGet(46)) - raft.server.log.unsafe-flush.enabled = false (default)
2023-11-06 15:54:22,364 INFO  server.RaftServerConfigKeys (ConfUtils.java:logGet(46)) - raft.server.log.async-flush.enabled = false (default)
2023-11-06 15:54:22,365 INFO  server.RaftServerConfigKeys (ConfUtils.java:logGet(46)) - raft.server.log.statemachine.data.caching.enabled = false (default)
2023-11-06 15:54:22,365 INFO  segmented.SegmentedRaftLogWorker (SegmentedRaftLogWorker.java:lambda$new$0(135)) - s1@group-6D2E0DB5C585-SegmentedRaftLogWorker: flushIndex: setUnconditionally 0 -> -1
2023-11-06 15:54:22,365 INFO  segmented.SegmentedRaftLogWorker (SegmentedRaftLogWorker.java:lambda$new$0(135)) - s1@group-6D2E0DB5C585-SegmentedRaftLogWorker: safeCacheEvictIndex: setUnconditionally 0 -> -1
2023-11-06 15:54:22,365 INFO  server.RaftServer$Division (RaftServerImpl.java:start(390)) - s1@group-6D2E0DB5C585: start as a follower, conf=-1: peers:[s0|localhost:33791, s1|localhost:36503, s2|localhost:37753]|listeners:[], old=null
2023-11-06 15:54:22,365 INFO  server.RaftServer$Division (RaftServerImpl.java:setRole(377)) - s1@group-6D2E0DB5C585: changes role from      null to FOLLOWER at term 0 for startAsFollower
2023-11-06 15:54:22,365 INFO  impl.RoleInfo (RoleInfo.java:updateAndGet(138)) - s1: start s1@group-6D2E0DB5C585-FollowerState
2023-11-06 15:54:22,366 INFO  server.RaftServerConfigKeys (ConfUtils.java:logFallback(53)) - raft.server.rpc.first-election.timeout.min = 150ms (fallback to raft.server.rpc.timeout.min)
2023-11-06 15:54:22,366 INFO  util.JmxRegister (JmxRegister.java:tryRegister(44)) - Successfully registered JMX Bean with object name Ratis:service=RaftServer,group=group-6D2E0DB5C585,id=s1
2023-11-06 15:54:22,366 INFO  server.RaftServerConfigKeys (ConfUtils.java:logFallback(53)) - raft.server.rpc.first-election.timeout.max = 300ms (fallback to raft.server.rpc.timeout.max)
2023-11-06 15:54:22,366 INFO  server.RaftServerConfigKeys (ConfUtils.java:logGet(46)) - raft.server.snapshot.trigger-when-stop.enabled = true (default)
2023-11-06 15:54:22,366 INFO  server.RaftServerConfigKeys (ConfUtils.java:logGet(46)) - raft.server.snapshot.auto.trigger.enabled = false (default)
2023-11-06 15:54:22,366 INFO  server.RaftServerConfigKeys (ConfUtils.java:logGet(46)) - raft.server.snapshot.retention.file.num = -1 (default)
2023-11-06 15:54:22,367 INFO  server.RaftServerConfigKeys (ConfUtils.java:logGet(46)) - raft.server.log.purge.upto.snapshot.index = false (default)
2023-11-06 15:54:22,367 INFO  server.RaftServer (RaftServerProxy.java:startImpl(406)) - s1: start RPC server
2023-11-06 15:54:22,369 INFO  server.GrpcService (GrpcService.java:startImpl(302)) - s1: GrpcService started, listening on 42431
2023-11-06 15:54:22,369 INFO  server.GrpcService (GrpcService.java:startImpl(302)) - s1: GrpcService started, listening on 36503
2023-11-06 15:54:22,370 INFO  server.GrpcService (GrpcService.java:startImpl(302)) - s1: GrpcService started, listening on 36321
2023-11-06 15:54:22,371 INFO  server.RaftServerConfigKeys (ConfUtils.java:logGet(46)) - raft.server.storage.free-space.min = 0MB (=0) (default)
2023-11-06 15:54:22,371 INFO  util.JvmPauseMonitor (JvmPauseMonitor.java:run(146)) - JvmPauseMonitor-s1: Started
2023-11-06 15:54:22,371 INFO  server.RaftServerConfigKeys (ConfUtils.java:logGet(46)) - raft.server.log.corruption.policy = EXCEPTION (default)
2023-11-06 15:54:22,371 INFO  server.RaftServerConfigKeys (ConfUtils.java:logGet(46)) - raft.server.storage.dir = [/home/runner/work/ratis/ratis/ratis-examples/target/test/data/8ed5a2e1/MiniRaftClusterWithRpcTypeGrpcAndDataStreamTypeNetty4879c245/s2] (custom)
2023-11-06 15:54:22,371 INFO  storage.RaftStorageDirectory (RaftStorageDirectoryImpl.java:analyzeStorage(138)) - The storage directory /home/runner/work/ratis/ratis/ratis-examples/target/test/data/8ed5a2e1/MiniRaftClusterWithRpcTypeGrpcAndDataStreamTypeNetty4879c245/s2/0c1ba4b6-36ce-4d01-a580-6d2e0db5c585 does not exist. Creating ...
2023-11-06 15:54:22,372 TRACE util.FileUtils (LogUtils.java:runAndLog(49)) - Successfully ran Files.createDirectories /home/runner/work/ratis/ratis/ratis-examples/target/test/data/8ed5a2e1/MiniRaftClusterWithRpcTypeGrpcAndDataStreamTypeNetty4879c245/s2/0c1ba4b6-36ce-4d01-a580-6d2e0db5c585
2023-11-06 15:54:22,374 INFO  storage.RaftStorageDirectory (RaftStorageDirectoryImpl.java:tryLock(232)) - Lock on /home/runner/work/ratis/ratis/ratis-examples/target/test/data/8ed5a2e1/MiniRaftClusterWithRpcTypeGrpcAndDataStreamTypeNetty4879c245/s2/0c1ba4b6-36ce-4d01-a580-6d2e0db5c585/in_use.lock acquired by nodename 25696@fv-az119-74
2023-11-06 15:54:22,374 TRACE util.FileUtils (LogUtils.java:runAndLog(49)) - Successfully ran Files.createDirectories /home/runner/work/ratis/ratis/ratis-examples/target/test/data/8ed5a2e1/MiniRaftClusterWithRpcTypeGrpcAndDataStreamTypeNetty4879c245/s2/0c1ba4b6-36ce-4d01-a580-6d2e0db5c585/current
2023-11-06 15:54:22,374 TRACE util.FileUtils (LogUtils.java:runAndLog(49)) - Successfully ran Files.createDirectories /home/runner/work/ratis/ratis/ratis-examples/target/test/data/8ed5a2e1/MiniRaftClusterWithRpcTypeGrpcAndDataStreamTypeNetty4879c245/s2/0c1ba4b6-36ce-4d01-a580-6d2e0db5c585/sm
2023-11-06 15:54:22,374 TRACE util.FileUtils (LogUtils.java:supplyAndLog(69)) - Successfully supplied FileChannel.open /home/runner/work/ratis/ratis/ratis-examples/target/test/data/8ed5a2e1/MiniRaftClusterWithRpcTypeGrpcAndDataStreamTypeNetty4879c245/s2/0c1ba4b6-36ce-4d01-a580-6d2e0db5c585/current/raft-meta.tmp with options [CREATE, WRITE]: sun.nio.ch.FileChannelImpl@79532c45
2023-11-06 15:54:22,377 TRACE util.FileUtils (LogUtils.java:runAndLog(49)) - Successfully ran Atomic Files.move /home/runner/work/ratis/ratis/ratis-examples/target/test/data/8ed5a2e1/MiniRaftClusterWithRpcTypeGrpcAndDataStreamTypeNetty4879c245/s2/0c1ba4b6-36ce-4d01-a580-6d2e0db5c585/current/raft-meta.tmp to /home/runner/work/ratis/ratis/ratis-examples/target/test/data/8ed5a2e1/MiniRaftClusterWithRpcTypeGrpcAndDataStreamTypeNetty4879c245/s2/0c1ba4b6-36ce-4d01-a580-6d2e0db5c585/current/raft-meta with options [REPLACE_EXISTING]
2023-11-06 15:54:22,377 INFO  storage.RaftStorage (RaftStorageImpl.java:format(97)) - Storage directory /home/runner/work/ratis/ratis/ratis-examples/target/test/data/8ed5a2e1/MiniRaftClusterWithRpcTypeGrpcAndDataStreamTypeNetty4879c245/s2/0c1ba4b6-36ce-4d01-a580-6d2e0db5c585 has been successfully formatted.
2023-11-06 15:54:22,377 TRACE util.FileUtils (LogUtils.java:runAndLog(49)) - Successfully ran Files.createDirectories /home/runner/work/ratis/ratis/ratis-examples/target/test/data/8ed5a2e1/TestFileStoreStreamingWithGrpcCluster/filestore/s2
2023-11-06 15:54:22,378 INFO  server.RaftServerConfigKeys (ConfUtils.java:logGet(46)) - raft.server.log.use.memory = false (default)
2023-11-06 15:54:22,378 INFO  server.RaftServerConfigKeys (ConfUtils.java:logGet(46)) - raft.server.log.purge.gap = 1024 (default)
2023-11-06 15:54:22,378 INFO  server.RaftServerConfigKeys (ConfUtils.java:logGet(46)) - raft.server.log.appender.buffer.byte-limit = 4MB (=4194304) (default)
2023-11-06 15:54:22,378 INFO  server.RaftServerConfigKeys (ConfUtils.java:logGet(46)) - raft.server.log.statemachine.data.read.timeout = 1000ms (default)
2023-11-06 15:54:22,378 INFO  server.RaftServerConfigKeys (ConfUtils.java:logGet(46)) - raft.server.log.purge.preservation.log.num = 0 (default)
2023-11-06 15:54:22,379 INFO  server.RaftServerConfigKeys (ConfUtils.java:logGet(46)) - raft.server.log.segment.size.max = 32MB (=33554432) (default)
2023-11-06 15:54:22,380 INFO  server.RaftServerConfigKeys (ConfUtils.java:logGet(46)) - raft.server.log.segment.cache.num.max = 6 (default)
2023-11-06 15:54:22,380 INFO  server.RaftServerConfigKeys (ConfUtils.java:logGet(46)) - raft.server.log.segment.cache.size.max = 200MB (=209715200) (default)
2023-11-06 15:54:22,380 INFO  server.RaftServerConfigKeys (ConfUtils.java:logGet(46)) - raft.server.log.appender.buffer.byte-limit = 4MB (=4194304) (default)
2023-11-06 15:54:22,381 INFO  util.AwaitToRun (AwaitToRun.java:start(81)) - Thread[s2@group-6D2E0DB5C585-cacheEviction-AwaitToRun,5,main] started
2023-11-06 15:54:22,381 INFO  segmented.SegmentedRaftLogWorker (SegmentedRaftLogWorker.java:<init>(184)) - new s2@group-6D2E0DB5C585-SegmentedRaftLogWorker for RaftStorageImpl:Storage Directory /home/runner/work/ratis/ratis/ratis-examples/target/test/data/8ed5a2e1/MiniRaftClusterWithRpcTypeGrpcAndDataStreamTypeNetty4879c245/s2/0c1ba4b6-36ce-4d01-a580-6d2e0db5c585
2023-11-06 15:54:22,381 INFO  server.RaftServerConfigKeys (ConfUtils.java:logGet(46)) - raft.server.log.queue.byte-limit = 64MB (=67108864) (default)
2023-11-06 15:54:22,381 INFO  server.RaftServerConfigKeys (ConfUtils.java:logGet(46)) - raft.server.log.queue.element-limit = 4096 (default)
2023-11-06 15:54:22,381 INFO  server.RaftServerConfigKeys (ConfUtils.java:logGet(46)) - raft.server.log.segment.size.max = 32MB (=33554432) (default)
2023-11-06 15:54:22,381 INFO  server.RaftServerConfigKeys (ConfUtils.java:logGet(46)) - raft.server.log.preallocated.size = 4MB (=4194304) (default)
2023-11-06 15:54:22,381 INFO  server.RaftServerConfigKeys (ConfUtils.java:logGet(46)) - raft.server.log.force.sync.num = 128 (default)
2023-11-06 15:54:22,382 INFO  server.RaftServerConfigKeys (ConfUtils.java:logGet(46)) - raft.server.log.statemachine.data.sync = true (default)
2023-11-06 15:54:22,382 INFO  server.RaftServerConfigKeys (ConfUtils.java:logGet(46)) - raft.server.log.statemachine.data.sync.timeout = 10s (default)
2023-11-06 15:54:22,382 INFO  server.RaftServerConfigKeys (ConfUtils.java:logGet(46)) - raft.server.log.statemachine.data.sync.timeout.retry = -1 (default)
2023-11-06 15:54:22,387 INFO  server.RaftServerConfigKeys (ConfUtils.java:logGet(46)) - raft.server.log.write.buffer.size = 64KB (=65536) (default)
2023-11-06 15:54:22,388 INFO  server.RaftServerConfigKeys (ConfUtils.java:logGet(46)) - raft.server.log.appender.buffer.byte-limit = 4MB (=4194304) (default)
2023-11-06 15:54:22,389 INFO  server.RaftServerConfigKeys (ConfUtils.java:logGet(46)) - raft.server.log.unsafe-flush.enabled = false (default)
2023-11-06 15:54:22,389 INFO  server.RaftServerConfigKeys (ConfUtils.java:logGet(46)) - raft.server.log.async-flush.enabled = false (default)
2023-11-06 15:54:22,389 INFO  server.RaftServerConfigKeys (ConfUtils.java:logGet(46)) - raft.server.log.statemachine.data.caching.enabled = false (default)
2023-11-06 15:54:22,390 INFO  segmented.SegmentedRaftLogWorker (SegmentedRaftLogWorker.java:lambda$new$0(135)) - s2@group-6D2E0DB5C585-SegmentedRaftLogWorker: flushIndex: setUnconditionally 0 -> -1
2023-11-06 15:54:22,390 INFO  segmented.SegmentedRaftLogWorker (SegmentedRaftLogWorker.java:lambda$new$0(135)) - s2@group-6D2E0DB5C585-SegmentedRaftLogWorker: safeCacheEvictIndex: setUnconditionally 0 -> -1
2023-11-06 15:54:22,390 INFO  server.RaftServer$Division (RaftServerImpl.java:start(390)) - s2@group-6D2E0DB5C585: start as a follower, conf=-1: peers:[s0|localhost:33791, s1|localhost:36503, s2|localhost:37753]|listeners:[], old=null
2023-11-06 15:54:22,390 INFO  server.RaftServer$Division (RaftServerImpl.java:setRole(377)) - s2@group-6D2E0DB5C585: changes role from      null to FOLLOWER at term 0 for startAsFollower
2023-11-06 15:54:22,391 INFO  impl.RoleInfo (RoleInfo.java:updateAndGet(138)) - s2: start s2@group-6D2E0DB5C585-FollowerState
2023-11-06 15:54:22,391 INFO  server.RaftServerConfigKeys (ConfUtils.java:logFallback(53)) - raft.server.rpc.first-election.timeout.min = 150ms (fallback to raft.server.rpc.timeout.min)
2023-11-06 15:54:22,391 INFO  server.RaftServerConfigKeys (ConfUtils.java:logFallback(53)) - raft.server.rpc.first-election.timeout.max = 300ms (fallback to raft.server.rpc.timeout.max)
2023-11-06 15:54:22,392 INFO  util.JmxRegister (JmxRegister.java:tryRegister(44)) - Successfully registered JMX Bean with object name Ratis:service=RaftServer,group=group-6D2E0DB5C585,id=s2
2023-11-06 15:54:22,392 INFO  server.RaftServerConfigKeys (ConfUtils.java:logGet(46)) - raft.server.snapshot.trigger-when-stop.enabled = true (default)
2023-11-06 15:54:22,392 INFO  server.RaftServerConfigKeys (ConfUtils.java:logGet(46)) - raft.server.snapshot.auto.trigger.enabled = false (default)
2023-11-06 15:54:22,392 INFO  server.RaftServerConfigKeys (ConfUtils.java:logGet(46)) - raft.server.snapshot.retention.file.num = -1 (default)
2023-11-06 15:54:22,394 INFO  server.RaftServerConfigKeys (ConfUtils.java:logGet(46)) - raft.server.log.purge.upto.snapshot.index = false (default)
2023-11-06 15:54:22,395 INFO  server.RaftServer (RaftServerProxy.java:startImpl(406)) - s2: start RPC server
2023-11-06 15:54:22,396 INFO  server.GrpcService (GrpcService.java:startImpl(302)) - s2: GrpcService started, listening on 38955
2023-11-06 15:54:22,397 INFO  server.GrpcService (GrpcService.java:startImpl(302)) - s2: GrpcService started, listening on 37753
2023-11-06 15:54:22,400 INFO  server.GrpcService (GrpcService.java:startImpl(302)) - s2: GrpcService started, listening on 43087
2023-11-06 15:54:22,401 INFO  util.JvmPauseMonitor (JvmPauseMonitor.java:run(146)) - JvmPauseMonitor-s2: Started
2023-11-06 15:54:22,403 INFO  server.RaftServerConfigKeys (ConfUtils.java:logGet(46)) - raft.server.rpc.timeout.max = 300ms (default)
2023-11-06 15:54:22,408 INFO  ratis.RaftTestUtil (RaftTestUtil.java:waitForLeader(100)) - printing ALL groups
  s0:  RUNNING  FOLLOWER s0@group-6D2E0DB5C585:t0, leader=null, voted=, raftlog=Memoized:s0@group-6D2E0DB5C585-SegmentedRaftLog:OPENED:c-1, conf=-1: peers:[s0|localhost:33791, s1|localhost:36503, s2|localhost:37753]|listeners:[], old=null RUNNING
  s1:  RUNNING  FOLLOWER s1@group-6D2E0DB5C585:t0, leader=null, voted=, raftlog=Memoized:s1@group-6D2E0DB5C585-SegmentedRaftLog:OPENED:c-1, conf=-1: peers:[s0|localhost:33791, s1|localhost:36503, s2|localhost:37753]|listeners:[], old=null RUNNING
  s2:  RUNNING  FOLLOWER s2@group-6D2E0DB5C585:t0, leader=null, voted=, raftlog=Memoized:s2@group-6D2E0DB5C585-SegmentedRaftLog:OPENED:c-1, conf=-1: peers:[s0|localhost:33791, s1|localhost:36503, s2|localhost:37753]|listeners:[], old=null RUNNING
2023-11-06 15:54:22,411 WARN  ratis.RaftTestUtil (JavaUtils.java:attempt(223)) - FAILED "waitForLeader-null-(expectLeader? true)", attempt #1/100: java.lang.IllegalStateException: No leader yet : printing ALL groups
  s0:  RUNNING  FOLLOWER s0@group-6D2E0DB5C585:t0, leader=null, voted=, raftlog=Memoized:s0@group-6D2E0DB5C585-SegmentedRaftLog:OPENED:c-1, conf=-1: peers:[s0|localhost:33791, s1|localhost:36503, s2|localhost:37753]|listeners:[], old=null RUNNING
  s1:  RUNNING  FOLLOWER s1@group-6D2E0DB5C585:t0, leader=null, voted=, raftlog=Memoized:s1@group-6D2E0DB5C585-SegmentedRaftLog:OPENED:c-1, conf=-1: peers:[s0|localhost:33791, s1|localhost:36503, s2|localhost:37753]|listeners:[], old=null RUNNING
  s2:  RUNNING  FOLLOWER s2@group-6D2E0DB5C585:t0, leader=null, voted=, raftlog=Memoized:s2@group-6D2E0DB5C585-SegmentedRaftLog:OPENED:c-1, conf=-1: peers:[s0|localhost:33791, s1|localhost:36503, s2|localhost:37753]|listeners:[], old=null RUNNING, sleep 450ms and then retry.
java.lang.IllegalStateException: No leader yet : printing ALL groups
  s0:  RUNNING  FOLLOWER s0@group-6D2E0DB5C585:t0, leader=null, voted=, raftlog=Memoized:s0@group-6D2E0DB5C585-SegmentedRaftLog:OPENED:c-1, conf=-1: peers:[s0|localhost:33791, s1|localhost:36503, s2|localhost:37753]|listeners:[], old=null RUNNING
  s1:  RUNNING  FOLLOWER s1@group-6D2E0DB5C585:t0, leader=null, voted=, raftlog=Memoized:s1@group-6D2E0DB5C585-SegmentedRaftLog:OPENED:c-1, conf=-1: peers:[s0|localhost:33791, s1|localhost:36503, s2|localhost:37753]|listeners:[], old=null RUNNING
  s2:  RUNNING  FOLLOWER s2@group-6D2E0DB5C585:t0, leader=null, voted=, raftlog=Memoized:s2@group-6D2E0DB5C585-SegmentedRaftLog:OPENED:c-1, conf=-1: peers:[s0|localhost:33791, s1|localhost:36503, s2|localhost:37753]|listeners:[], old=null RUNNING
	at org.apache.ratis.server.impl.MiniRaftCluster.newIllegalStateExceptionForNoLeaders(MiniRaftCluster.java:581)
	at org.apache.ratis.RaftTestUtil.lambda$waitForLeader$1(RaftTestUtil.java:104)
	at org.apache.ratis.server.impl.MiniRaftCluster.getLeader(MiniRaftCluster.java:615)
	at org.apache.ratis.server.impl.MiniRaftCluster.getLeader(MiniRaftCluster.java:608)
	at org.apache.ratis.RaftTestUtil.lambda$waitForLeader$3(RaftTestUtil.java:112)
	at org.apache.ratis.util.JavaUtils.attempt(JavaUtils.java:217)
	at org.apache.ratis.util.JavaUtils.attemptRepeatedly(JavaUtils.java:203)
	at org.apache.ratis.RaftTestUtil.waitForLeader(RaftTestUtil.java:111)
	at org.apache.ratis.RaftTestUtil.waitForLeader(RaftTestUtil.java:92)
	at org.apache.ratis.RaftTestUtil.waitForLeader(RaftTestUtil.java:87)
	at org.apache.ratis.examples.filestore.FileStoreStreamingBaseTest.testFileStoreStreamMultipleFiles(FileStoreStreamingBaseTest.java:89)
	at java.base/jdk.internal.reflect.NativeMethodAccessorImpl.invoke0(Native Method)
	at java.base/jdk.internal.reflect.NativeMethodAccessorImpl.invoke(NativeMethodAccessorImpl.java:62)
	at java.base/jdk.internal.reflect.DelegatingMethodAccessorImpl.invoke(DelegatingMethodAccessorImpl.java:43)
	at java.base/java.lang.reflect.Method.invoke(Method.java:566)
	at org.junit.runners.model.FrameworkMethod$1.runReflectiveCall(FrameworkMethod.java:59)
	at org.junit.internal.runners.model.ReflectiveCallable.run(ReflectiveCallable.java:12)
	at org.junit.runners.model.FrameworkMethod.invokeExplosively(FrameworkMethod.java:56)
	at org.junit.internal.runners.statements.InvokeMethod.evaluate(InvokeMethod.java:17)
	at org.junit.internal.runners.statements.RunAfters.evaluate(RunAfters.java:27)
	at org.junit.internal.runners.statements.FailOnTimeout$CallableStatement.call(FailOnTimeout.java:299)
	at org.junit.internal.runners.statements.FailOnTimeout$CallableStatement.call(FailOnTimeout.java:293)
	at java.base/java.util.concurrent.FutureTask.run(FutureTask.java:264)
	at java.base/java.lang.Thread.run(Thread.java:829)
2023-11-06 15:54:22,501 INFO  impl.FollowerState (FollowerState.java:run(143)) - s0@group-6D2E0DB5C585-FollowerState: change to CANDIDATE, lastRpcElapsedTime:174306163ns, electionTimeout:171ms
2023-11-06 15:54:22,501 INFO  impl.RoleInfo (RoleInfo.java:shutdownFollowerState(109)) - s0: shutdown s0@group-6D2E0DB5C585-FollowerState
2023-11-06 15:54:22,501 INFO  server.RaftServer$Division (RaftServerImpl.java:setRole(377)) - s0@group-6D2E0DB5C585: changes role from  FOLLOWER to CANDIDATE at term 0 for changeToCandidate
2023-11-06 15:54:22,504 INFO  server.RaftServerConfigKeys (ConfUtils.java:logGet(46)) - raft.server.leaderelection.pre-vote = true (default)
2023-11-06 15:54:22,504 INFO  impl.RoleInfo (RoleInfo.java:updateAndGet(138)) - s0: start s0@group-6D2E0DB5C585-LeaderElection1
2023-11-06 15:54:22,507 INFO  impl.LeaderElection (LeaderElection.java:askForVotes(323)) - s0@group-6D2E0DB5C585-LeaderElection1 PRE_VOTE round 0: submit vote requests at term 0 for -1: peers:[s0|localhost:33791, s1|localhost:36503, s2|localhost:37753]|listeners:[], old=null
2023-11-06 15:54:22,523 INFO  server.RaftServerConfigKeys (ConfUtils.java:logFallback(53)) - raft.server.rpc.first-election.timeout.min = 150ms (fallback to raft.server.rpc.timeout.min)
2023-11-06 15:54:22,523 INFO  server.RaftServerConfigKeys (ConfUtils.java:logFallback(53)) - raft.server.rpc.first-election.timeout.max = 300ms (fallback to raft.server.rpc.timeout.max)
2023-11-06 15:54:22,525 INFO  server.GrpcServerProtocolClient (GrpcServerProtocolClient.java:<init>(65)) - Build channel for s1
2023-11-06 15:54:22,525 INFO  server.GrpcServerProtocolClient (GrpcServerProtocolClient.java:<init>(65)) - Build channel for s2
2023-11-06 15:54:22,549 INFO  impl.FollowerState (FollowerState.java:run(143)) - s1@group-6D2E0DB5C585-FollowerState: change to CANDIDATE, lastRpcElapsedTime:183889555ns, electionTimeout:183ms
2023-11-06 15:54:22,550 INFO  impl.RoleInfo (RoleInfo.java:shutdownFollowerState(109)) - s1: shutdown s1@group-6D2E0DB5C585-FollowerState
2023-11-06 15:54:22,550 INFO  server.RaftServer$Division (RaftServerImpl.java:setRole(377)) - s1@group-6D2E0DB5C585: changes role from  FOLLOWER to CANDIDATE at term 0 for changeToCandidate
2023-11-06 15:54:22,550 INFO  server.RaftServerConfigKeys (ConfUtils.java:logGet(46)) - raft.server.leaderelection.pre-vote = true (default)
2023-11-06 15:54:22,550 INFO  impl.RoleInfo (RoleInfo.java:updateAndGet(138)) - s1: start s1@group-6D2E0DB5C585-LeaderElection2
2023-11-06 15:54:22,566 INFO  impl.FollowerState (FollowerState.java:run(143)) - s2@group-6D2E0DB5C585-FollowerState: change to CANDIDATE, lastRpcElapsedTime:175141171ns, electionTimeout:174ms
2023-11-06 15:54:22,566 INFO  impl.RoleInfo (RoleInfo.java:shutdownFollowerState(109)) - s2: shutdown s2@group-6D2E0DB5C585-FollowerState
2023-11-06 15:54:22,566 INFO  server.RaftServer$Division (RaftServerImpl.java:setRole(377)) - s2@group-6D2E0DB5C585: changes role from  FOLLOWER to CANDIDATE at term 0 for changeToCandidate
2023-11-06 15:54:22,569 INFO  server.RaftServerConfigKeys (ConfUtils.java:logGet(46)) - raft.server.leaderelection.pre-vote = true (default)
2023-11-06 15:54:22,569 INFO  impl.RoleInfo (RoleInfo.java:updateAndGet(138)) - s2: start s2@group-6D2E0DB5C585-LeaderElection3
2023-11-06 15:54:22,566 INFO  impl.LeaderElection (LeaderElection.java:askForVotes(323)) - s1@group-6D2E0DB5C585-LeaderElection2 PRE_VOTE round 0: submit vote requests at term 0 for -1: peers:[s0|localhost:33791, s1|localhost:36503, s2|localhost:37753]|listeners:[], old=null
2023-11-06 15:54:22,573 INFO  server.RaftServerConfigKeys (ConfUtils.java:logFallback(53)) - raft.server.rpc.first-election.timeout.min = 150ms (fallback to raft.server.rpc.timeout.min)
2023-11-06 15:54:22,573 INFO  server.RaftServerConfigKeys (ConfUtils.java:logFallback(53)) - raft.server.rpc.first-election.timeout.max = 300ms (fallback to raft.server.rpc.timeout.max)
2023-11-06 15:54:22,573 INFO  server.GrpcServerProtocolClient (GrpcServerProtocolClient.java:<init>(65)) - Build channel for s0
2023-11-06 15:54:22,574 INFO  impl.LeaderElection (LeaderElection.java:askForVotes(323)) - s2@group-6D2E0DB5C585-LeaderElection3 PRE_VOTE round 0: submit vote requests at term 0 for -1: peers:[s0|localhost:33791, s1|localhost:36503, s2|localhost:37753]|listeners:[], old=null
2023-11-06 15:54:22,579 INFO  server.GrpcServerProtocolClient (GrpcServerProtocolClient.java:<init>(65)) - Build channel for s2
2023-11-06 15:54:22,588 INFO  server.GrpcServerProtocolClient (GrpcServerProtocolClient.java:<init>(65)) - Build channel for s0
2023-11-06 15:54:22,589 INFO  server.RaftServerConfigKeys (ConfUtils.java:logFallback(53)) - raft.server.rpc.first-election.timeout.min = 150ms (fallback to raft.server.rpc.timeout.min)
2023-11-06 15:54:22,589 INFO  server.RaftServerConfigKeys (ConfUtils.java:logFallback(53)) - raft.server.rpc.first-election.timeout.max = 300ms (fallback to raft.server.rpc.timeout.max)
2023-11-06 15:54:22,597 INFO  server.GrpcServerProtocolClient (GrpcServerProtocolClient.java:<init>(65)) - Build channel for s1
2023-11-06 15:54:22,775 INFO  impl.LeaderElection (LeaderElection.java:logAndReturn(89)) - s1@group-6D2E0DB5C585-LeaderElection2: PRE_VOTE TIMEOUT received 0 response(s) and 0 exception(s):
2023-11-06 15:54:22,775 INFO  impl.LeaderElection (LeaderElection.java:askForVotes(325)) - s1@group-6D2E0DB5C585-LeaderElection2 PRE_VOTE round 0: result TIMEOUT
2023-11-06 15:54:22,775 INFO  impl.LeaderElection (LeaderElection.java:askForVotes(323)) - s1@group-6D2E0DB5C585-LeaderElection2 PRE_VOTE round 1: submit vote requests at term 0 for -1: peers:[s0|localhost:33791, s1|localhost:36503, s2|localhost:37753]|listeners:[], old=null
2023-11-06 15:54:22,776 INFO  server.RaftServerConfigKeys (ConfUtils.java:logFallback(53)) - raft.server.rpc.first-election.timeout.min = 150ms (fallback to raft.server.rpc.timeout.min)
2023-11-06 15:54:22,777 INFO  server.RaftServerConfigKeys (ConfUtils.java:logFallback(53)) - raft.server.rpc.first-election.timeout.max = 300ms (fallback to raft.server.rpc.timeout.max)
2023-11-06 15:54:22,814 INFO  impl.LeaderElection (LeaderElection.java:logAndReturn(89)) - s0@group-6D2E0DB5C585-LeaderElection1: PRE_VOTE TIMEOUT received 0 response(s) and 0 exception(s):
2023-11-06 15:54:22,814 INFO  impl.LeaderElection (LeaderElection.java:askForVotes(325)) - s0@group-6D2E0DB5C585-LeaderElection1 PRE_VOTE round 0: result TIMEOUT
2023-11-06 15:54:22,814 INFO  impl.LeaderElection (LeaderElection.java:askForVotes(323)) - s0@group-6D2E0DB5C585-LeaderElection1 PRE_VOTE round 1: submit vote requests at term 0 for -1: peers:[s0|localhost:33791, s1|localhost:36503, s2|localhost:37753]|listeners:[], old=null
2023-11-06 15:54:22,822 INFO  server.RaftServerConfigKeys (ConfUtils.java:logFallback(53)) - raft.server.rpc.first-election.timeout.min = 150ms (fallback to raft.server.rpc.timeout.min)
2023-11-06 15:54:22,822 INFO  server.RaftServerConfigKeys (ConfUtils.java:logFallback(53)) - raft.server.rpc.first-election.timeout.max = 300ms (fallback to raft.server.rpc.timeout.max)
2023-11-06 15:54:22,850 INFO  server.RaftServer$Division (RaftServerImpl.java:requestVote(1372)) - s1@group-6D2E0DB5C585: receive requestVote(PRE_VOTE, s2, group-6D2E0DB5C585, 0, (t:0, i:0))
2023-11-06 15:54:22,851 INFO  impl.VoteContext (VoteContext.java:log(49)) - s1@group-6D2E0DB5C585-CANDIDATE: accept PRE_VOTE from s2: our priority 0 <= candidate's priority 0
2023-11-06 15:54:22,864 INFO  server.RaftServer$Division (RaftServerImpl.java:requestVote(1405)) - s1@group-6D2E0DB5C585 replies to PRE_VOTE vote request: s2<-s1#0:OK-t0. Peer's state: s1@group-6D2E0DB5C585:t0, leader=null, voted=, raftlog=Memoized:s1@group-6D2E0DB5C585-SegmentedRaftLog:OPENED:c-1, conf=-1: peers:[s0|localhost:33791, s1|localhost:36503, s2|localhost:37753]|listeners:[], old=null
2023-11-06 15:54:22,865 WARN  ratis.RaftTestUtil (JavaUtils.java:attempt(223)) - FAILED "waitForLeader-null-(expectLeader? true)", attempt #2/100: java.lang.IllegalStateException: No leader yet : printing ALL groups
  s0:  RUNNING CANDIDATE s0@group-6D2E0DB5C585:t0, leader=null, voted=, raftlog=Memoized:s0@group-6D2E0DB5C585-SegmentedRaftLog:OPENED:c-1, conf=-1: peers:[s0|localhost:33791, s1|localhost:36503, s2|localhost:37753]|listeners:[], old=null RUNNING
  s1:  RUNNING CANDIDATE s1@group-6D2E0DB5C585:t0, leader=null, voted=, raftlog=Memoized:s1@group-6D2E0DB5C585-SegmentedRaftLog:OPENED:c-1, conf=-1: peers:[s0|localhost:33791, s1|localhost:36503, s2|localhost:37753]|listeners:[], old=null RUNNING
  s2:  RUNNING CANDIDATE s2@group-6D2E0DB5C585:t0, leader=null, voted=, raftlog=Memoized:s2@group-6D2E0DB5C585-SegmentedRaftLog:OPENED:c-1, conf=-1: peers:[s0|localhost:33791, s1|localhost:36503, s2|localhost:37753]|listeners:[], old=null RUNNING, sleep 450ms and then retry.
java.lang.IllegalStateException: No leader yet : printing ALL groups
  s0:  RUNNING CANDIDATE s0@group-6D2E0DB5C585:t0, leader=null, voted=, raftlog=Memoized:s0@group-6D2E0DB5C585-SegmentedRaftLog:OPENED:c-1, conf=-1: peers:[s0|localhost:33791, s1|localhost:36503, s2|localhost:37753]|listeners:[], old=null RUNNING
  s1:  RUNNING CANDIDATE s1@group-6D2E0DB5C585:t0, leader=null, voted=, raftlog=Memoized:s1@group-6D2E0DB5C585-SegmentedRaftLog:OPENED:c-1, conf=-1: peers:[s0|localhost:33791, s1|localhost:36503, s2|localhost:37753]|listeners:[], old=null RUNNING
  s2:  RUNNING CANDIDATE s2@group-6D2E0DB5C585:t0, leader=null, voted=, raftlog=Memoized:s2@group-6D2E0DB5C585-SegmentedRaftLog:OPENED:c-1, conf=-1: peers:[s0|localhost:33791, s1|localhost:36503, s2|localhost:37753]|listeners:[], old=null RUNNING
	at org.apache.ratis.server.impl.MiniRaftCluster.newIllegalStateExceptionForNoLeaders(MiniRaftCluster.java:581)
	at org.apache.ratis.RaftTestUtil.lambda$waitForLeader$1(RaftTestUtil.java:104)
	at org.apache.ratis.server.impl.MiniRaftCluster.getLeader(MiniRaftCluster.java:615)
	at org.apache.ratis.server.impl.MiniRaftCluster.getLeader(MiniRaftCluster.java:608)
	at org.apache.ratis.RaftTestUtil.lambda$waitForLeader$3(RaftTestUtil.java:112)
	at org.apache.ratis.util.JavaUtils.attempt(JavaUtils.java:217)
	at org.apache.ratis.util.JavaUtils.attemptRepeatedly(JavaUtils.java:203)
	at org.apache.ratis.RaftTestUtil.waitForLeader(RaftTestUtil.java:111)
	at org.apache.ratis.RaftTestUtil.waitForLeader(RaftTestUtil.java:92)
	at org.apache.ratis.RaftTestUtil.waitForLeader(RaftTestUtil.java:87)
	at org.apache.ratis.examples.filestore.FileStoreStreamingBaseTest.testFileStoreStreamMultipleFiles(FileStoreStreamingBaseTest.java:89)
	at java.base/jdk.internal.reflect.NativeMethodAccessorImpl.invoke0(Native Method)
	at java.base/jdk.internal.reflect.NativeMethodAccessorImpl.invoke(NativeMethodAccessorImpl.java:62)
	at java.base/jdk.internal.reflect.DelegatingMethodAccessorImpl.invoke(DelegatingMethodAccessorImpl.java:43)
	at java.base/java.lang.reflect.Method.invoke(Method.java:566)
	at org.junit.runners.model.FrameworkMethod$1.runReflectiveCall(FrameworkMethod.java:59)
	at org.junit.internal.runners.model.ReflectiveCallable.run(ReflectiveCallable.java:12)
	at org.junit.runners.model.FrameworkMethod.invokeExplosively(FrameworkMethod.java:56)
	at org.junit.internal.runners.statements.InvokeMethod.evaluate(InvokeMethod.java:17)
	at org.junit.internal.runners.statements.RunAfters.evaluate(RunAfters.java:27)
	at org.junit.internal.runners.statements.FailOnTimeout$CallableStatement.call(FailOnTimeout.java:299)
	at org.junit.internal.runners.statements.FailOnTimeout$CallableStatement.call(FailOnTimeout.java:293)
	at java.base/java.util.concurrent.FutureTask.run(FutureTask.java:264)
	at java.base/java.lang.Thread.run(Thread.java:829)
2023-11-06 15:54:22,871 INFO  impl.LeaderElection (LeaderElection.java:logAndReturn(89)) - s2@group-6D2E0DB5C585-LeaderElection3: PRE_VOTE TIMEOUT received 0 response(s) and 0 exception(s):
2023-11-06 15:54:22,871 INFO  impl.LeaderElection (LeaderElection.java:askForVotes(325)) - s2@group-6D2E0DB5C585-LeaderElection3 PRE_VOTE round 0: result TIMEOUT
2023-11-06 15:54:22,871 INFO  impl.LeaderElection (LeaderElection.java:askForVotes(323)) - s2@group-6D2E0DB5C585-LeaderElection3 PRE_VOTE round 1: submit vote requests at term 0 for -1: peers:[s0|localhost:33791, s1|localhost:36503, s2|localhost:37753]|listeners:[], old=null
2023-11-06 15:54:22,873 INFO  server.RaftServerConfigKeys (ConfUtils.java:logFallback(53)) - raft.server.rpc.first-election.timeout.min = 150ms (fallback to raft.server.rpc.timeout.min)
2023-11-06 15:54:22,873 INFO  server.RaftServerConfigKeys (ConfUtils.java:logFallback(53)) - raft.server.rpc.first-election.timeout.max = 300ms (fallback to raft.server.rpc.timeout.max)
2023-11-06 15:54:22,879 INFO  server.RaftServer$Division (RaftServerImpl.java:requestVote(1372)) - s2@group-6D2E0DB5C585: receive requestVote(PRE_VOTE, s0, group-6D2E0DB5C585, 0, (t:0, i:0))
2023-11-06 15:54:22,879 INFO  impl.VoteContext (VoteContext.java:log(49)) - s2@group-6D2E0DB5C585-CANDIDATE: accept PRE_VOTE from s0: our priority 0 <= candidate's priority 0
2023-11-06 15:54:22,880 INFO  server.RaftServer$Division (RaftServerImpl.java:requestVote(1405)) - s2@group-6D2E0DB5C585 replies to PRE_VOTE vote request: s0<-s2#0:OK-t0. Peer's state: s2@group-6D2E0DB5C585:t0, leader=null, voted=, raftlog=Memoized:s2@group-6D2E0DB5C585-SegmentedRaftLog:OPENED:c-1, conf=-1: peers:[s0|localhost:33791, s1|localhost:36503, s2|localhost:37753]|listeners:[], old=null
2023-11-06 15:54:22,880 INFO  server.RaftServer$Division (RaftServerImpl.java:requestVote(1372)) - s2@group-6D2E0DB5C585: receive requestVote(PRE_VOTE, s0, group-6D2E0DB5C585, 0, (t:0, i:0))
2023-11-06 15:54:22,881 INFO  impl.VoteContext (VoteContext.java:log(49)) - s2@group-6D2E0DB5C585-CANDIDATE: accept PRE_VOTE from s0: our priority 0 <= candidate's priority 0
2023-11-06 15:54:22,881 INFO  server.RaftServer$Division (RaftServerImpl.java:requestVote(1405)) - s2@group-6D2E0DB5C585 replies to PRE_VOTE vote request: s0<-s2#0:OK-t0. Peer's state: s2@group-6D2E0DB5C585:t0, leader=null, voted=, raftlog=Memoized:s2@group-6D2E0DB5C585-SegmentedRaftLog:OPENED:c-1, conf=-1: peers:[s0|localhost:33791, s1|localhost:36503, s2|localhost:37753]|listeners:[], old=null
2023-11-06 15:54:22,894 INFO  server.RaftServer$Division (RaftServerImpl.java:requestVote(1372)) - s0@group-6D2E0DB5C585: receive requestVote(PRE_VOTE, s1, group-6D2E0DB5C585, 0, (t:0, i:0))
2023-11-06 15:54:22,894 INFO  impl.VoteContext (VoteContext.java:log(49)) - s0@group-6D2E0DB5C585-CANDIDATE: accept PRE_VOTE from s1: our priority 0 <= candidate's priority 0
2023-11-06 15:54:22,894 INFO  server.RaftServer$Division (RaftServerImpl.java:requestVote(1405)) - s0@group-6D2E0DB5C585 replies to PRE_VOTE vote request: s1<-s0#0:OK-t0. Peer's state: s0@group-6D2E0DB5C585:t0, leader=null, voted=, raftlog=Memoized:s0@group-6D2E0DB5C585-SegmentedRaftLog:OPENED:c-1, conf=-1: peers:[s0|localhost:33791, s1|localhost:36503, s2|localhost:37753]|listeners:[], old=null
2023-11-06 15:54:22,897 INFO  server.RaftServer$Division (RaftServerImpl.java:requestVote(1372)) - s1@group-6D2E0DB5C585: receive requestVote(PRE_VOTE, s2, group-6D2E0DB5C585, 0, (t:0, i:0))
2023-11-06 15:54:22,897 INFO  impl.VoteContext (VoteContext.java:log(49)) - s1@group-6D2E0DB5C585-CANDIDATE: accept PRE_VOTE from s2: our priority 0 <= candidate's priority 0
2023-11-06 15:54:22,897 INFO  server.RaftServer$Division (RaftServerImpl.java:requestVote(1405)) - s1@group-6D2E0DB5C585 replies to PRE_VOTE vote request: s2<-s1#0:OK-t0. Peer's state: s1@group-6D2E0DB5C585:t0, leader=null, voted=, raftlog=Memoized:s1@group-6D2E0DB5C585-SegmentedRaftLog:OPENED:c-1, conf=-1: peers:[s0|localhost:33791, s1|localhost:36503, s2|localhost:37753]|listeners:[], old=null
2023-11-06 15:54:22,899 INFO  server.RaftServer$Division (RaftServerImpl.java:requestVote(1372)) - s0@group-6D2E0DB5C585: receive requestVote(PRE_VOTE, s1, group-6D2E0DB5C585, 0, (t:0, i:0))
2023-11-06 15:54:22,899 INFO  impl.VoteContext (VoteContext.java:log(49)) - s0@group-6D2E0DB5C585-CANDIDATE: accept PRE_VOTE from s1: our priority 0 <= candidate's priority 0
2023-11-06 15:54:22,899 INFO  server.RaftServer$Division (RaftServerImpl.java:requestVote(1405)) - s0@group-6D2E0DB5C585 replies to PRE_VOTE vote request: s1<-s0#0:OK-t0. Peer's state: s0@group-6D2E0DB5C585:t0, leader=null, voted=, raftlog=Memoized:s0@group-6D2E0DB5C585-SegmentedRaftLog:OPENED:c-1, conf=-1: peers:[s0|localhost:33791, s1|localhost:36503, s2|localhost:37753]|listeners:[], old=null
2023-11-06 15:54:22,899 INFO  server.RaftServer$Division (RaftServerImpl.java:requestVote(1372)) - s1@group-6D2E0DB5C585: receive requestVote(PRE_VOTE, s0, group-6D2E0DB5C585, 0, (t:0, i:0))
2023-11-06 15:54:22,900 INFO  impl.VoteContext (VoteContext.java:log(49)) - s1@group-6D2E0DB5C585-CANDIDATE: accept PRE_VOTE from s0: our priority 0 <= candidate's priority 0
2023-11-06 15:54:22,900 INFO  server.RaftServer$Division (RaftServerImpl.java:requestVote(1405)) - s1@group-6D2E0DB5C585 replies to PRE_VOTE vote request: s0<-s1#0:OK-t0. Peer's state: s1@group-6D2E0DB5C585:t0, leader=null, voted=, raftlog=Memoized:s1@group-6D2E0DB5C585-SegmentedRaftLog:OPENED:c-1, conf=-1: peers:[s0|localhost:33791, s1|localhost:36503, s2|localhost:37753]|listeners:[], old=null
2023-11-06 15:54:22,901 INFO  server.RaftServer$Division (RaftServerImpl.java:requestVote(1372)) - s1@group-6D2E0DB5C585: receive requestVote(PRE_VOTE, s0, group-6D2E0DB5C585, 0, (t:0, i:0))
2023-11-06 15:54:22,901 INFO  impl.VoteContext (VoteContext.java:log(49)) - s1@group-6D2E0DB5C585-CANDIDATE: accept PRE_VOTE from s0: our priority 0 <= candidate's priority 0
2023-11-06 15:54:22,901 INFO  server.RaftServer$Division (RaftServerImpl.java:requestVote(1405)) - s1@group-6D2E0DB5C585 replies to PRE_VOTE vote request: s0<-s1#0:OK-t0. Peer's state: s1@group-6D2E0DB5C585:t0, leader=null, voted=, raftlog=Memoized:s1@group-6D2E0DB5C585-SegmentedRaftLog:OPENED:c-1, conf=-1: peers:[s0|localhost:33791, s1|localhost:36503, s2|localhost:37753]|listeners:[], old=null
2023-11-06 15:54:22,903 INFO  server.RaftServer$Division (RaftServerImpl.java:requestVote(1372)) - s0@group-6D2E0DB5C585: receive requestVote(PRE_VOTE, s2, group-6D2E0DB5C585, 0, (t:0, i:0))
2023-11-06 15:54:22,903 INFO  impl.VoteContext (VoteContext.java:log(49)) - s0@group-6D2E0DB5C585-CANDIDATE: accept PRE_VOTE from s2: our priority 0 <= candidate's priority 0
2023-11-06 15:54:22,903 INFO  server.RaftServer$Division (RaftServerImpl.java:requestVote(1405)) - s0@group-6D2E0DB5C585 replies to PRE_VOTE vote request: s2<-s0#0:OK-t0. Peer's state: s0@group-6D2E0DB5C585:t0, leader=null, voted=, raftlog=Memoized:s0@group-6D2E0DB5C585-SegmentedRaftLog:OPENED:c-1, conf=-1: peers:[s0|localhost:33791, s1|localhost:36503, s2|localhost:37753]|listeners:[], old=null
2023-11-06 15:54:22,906 INFO  server.RaftServer$Division (RaftServerImpl.java:requestVote(1372)) - s0@group-6D2E0DB5C585: receive requestVote(PRE_VOTE, s2, group-6D2E0DB5C585, 0, (t:0, i:0))
2023-11-06 15:54:22,906 INFO  impl.VoteContext (VoteContext.java:log(49)) - s0@group-6D2E0DB5C585-CANDIDATE: accept PRE_VOTE from s2: our priority 0 <= candidate's priority 0
2023-11-06 15:54:22,906 INFO  server.RaftServer$Division (RaftServerImpl.java:requestVote(1405)) - s0@group-6D2E0DB5C585 replies to PRE_VOTE vote request: s2<-s0#0:OK-t0. Peer's state: s0@group-6D2E0DB5C585:t0, leader=null, voted=, raftlog=Memoized:s0@group-6D2E0DB5C585-SegmentedRaftLog:OPENED:c-1, conf=-1: peers:[s0|localhost:33791, s1|localhost:36503, s2|localhost:37753]|listeners:[], old=null
2023-11-06 15:54:22,907 INFO  impl.LeaderElection (LeaderElection.java:logAndReturn(89)) - s2@group-6D2E0DB5C585-LeaderElection3: PRE_VOTE PASSED received 1 response(s) and 0 exception(s):
2023-11-06 15:54:22,907 INFO  impl.LeaderElection (LeaderElection.java:logAndReturn(93)) -   Response 0: s2<-s1#0:OK-t0
2023-11-06 15:54:22,907 INFO  impl.LeaderElection (LeaderElection.java:askForVotes(325)) - s2@group-6D2E0DB5C585-LeaderElection3 PRE_VOTE round 1: result PASSED
2023-11-06 15:54:22,907 TRACE util.FileUtils (LogUtils.java:supplyAndLog(69)) - Successfully supplied FileChannel.open /home/runner/work/ratis/ratis/ratis-examples/target/test/data/8ed5a2e1/MiniRaftClusterWithRpcTypeGrpcAndDataStreamTypeNetty4879c245/s2/0c1ba4b6-36ce-4d01-a580-6d2e0db5c585/current/raft-meta.tmp with options [CREATE, WRITE]: sun.nio.ch.FileChannelImpl@a38c89c
2023-11-06 15:54:22,909 INFO  server.RaftServer$Division (RaftServerImpl.java:requestVote(1372)) - s2@group-6D2E0DB5C585: receive requestVote(PRE_VOTE, s1, group-6D2E0DB5C585, 0, (t:0, i:0))
2023-11-06 15:54:22,909 TRACE util.FileUtils (LogUtils.java:runAndLog(49)) - Successfully ran Atomic Files.move /home/runner/work/ratis/ratis/ratis-examples/target/test/data/8ed5a2e1/MiniRaftClusterWithRpcTypeGrpcAndDataStreamTypeNetty4879c245/s2/0c1ba4b6-36ce-4d01-a580-6d2e0db5c585/current/raft-meta.tmp to /home/runner/work/ratis/ratis/ratis-examples/target/test/data/8ed5a2e1/MiniRaftClusterWithRpcTypeGrpcAndDataStreamTypeNetty4879c245/s2/0c1ba4b6-36ce-4d01-a580-6d2e0db5c585/current/raft-meta with options [REPLACE_EXISTING]
2023-11-06 15:54:22,909 INFO  impl.LeaderElection (LeaderElection.java:askForVotes(323)) - s2@group-6D2E0DB5C585-LeaderElection3 ELECTION round 1: submit vote requests at term 1 for -1: peers:[s0|localhost:33791, s1|localhost:36503, s2|localhost:37753]|listeners:[], old=null
2023-11-06 15:54:22,910 INFO  impl.VoteContext (VoteContext.java:log(49)) - s2@group-6D2E0DB5C585-CANDIDATE: accept PRE_VOTE from s1: our priority 0 <= candidate's priority 0
2023-11-06 15:54:22,916 INFO  server.RaftServerConfigKeys (ConfUtils.java:logFallback(53)) - raft.server.rpc.first-election.timeout.min = 150ms (fallback to raft.server.rpc.timeout.min)
2023-11-06 15:54:22,919 INFO  server.RaftServerConfigKeys (ConfUtils.java:logFallback(53)) - raft.server.rpc.first-election.timeout.max = 300ms (fallback to raft.server.rpc.timeout.max)
2023-11-06 15:54:22,910 INFO  server.RaftServer$Division (RaftServerImpl.java:requestVote(1372)) - s2@group-6D2E0DB5C585: receive requestVote(PRE_VOTE, s1, group-6D2E0DB5C585, 0, (t:0, i:0))
2023-11-06 15:54:22,919 INFO  server.RaftServer$Division (RaftServerImpl.java:requestVote(1405)) - s2@group-6D2E0DB5C585 replies to PRE_VOTE vote request: s1<-s2#0:OK-t1. Peer's state: s2@group-6D2E0DB5C585:t1, leader=null, voted=s2, raftlog=Memoized:s2@group-6D2E0DB5C585-SegmentedRaftLog:OPENED:c-1, conf=-1: peers:[s0|localhost:33791, s1|localhost:36503, s2|localhost:37753]|listeners:[], old=null
2023-11-06 15:54:22,919 INFO  impl.VoteContext (VoteContext.java:log(49)) - s2@group-6D2E0DB5C585-CANDIDATE: accept PRE_VOTE from s1: our priority 0 <= candidate's priority 0
2023-11-06 15:54:22,919 INFO  server.RaftServer$Division (RaftServerImpl.java:requestVote(1405)) - s2@group-6D2E0DB5C585 replies to PRE_VOTE vote request: s1<-s2#0:OK-t1. Peer's state: s2@group-6D2E0DB5C585:t1, leader=null, voted=s2, raftlog=Memoized:s2@group-6D2E0DB5C585-SegmentedRaftLog:OPENED:c-1, conf=-1: peers:[s0|localhost:33791, s1|localhost:36503, s2|localhost:37753]|listeners:[], old=null
2023-11-06 15:54:22,935 INFO  impl.LeaderElection (LeaderElection.java:logAndReturn(89)) - s0@group-6D2E0DB5C585-LeaderElection1: PRE_VOTE PASSED received 1 response(s) and 0 exception(s):
2023-11-06 15:54:22,935 INFO  impl.LeaderElection (LeaderElection.java:logAndReturn(93)) -   Response 0: s0<-s1#0:OK-t0
2023-11-06 15:54:22,935 INFO  impl.LeaderElection (LeaderElection.java:askForVotes(325)) - s0@group-6D2E0DB5C585-LeaderElection1 PRE_VOTE round 1: result PASSED
2023-11-06 15:54:22,937 TRACE util.FileUtils (LogUtils.java:supplyAndLog(69)) - Successfully supplied FileChannel.open /home/runner/work/ratis/ratis/ratis-examples/target/test/data/8ed5a2e1/MiniRaftClusterWithRpcTypeGrpcAndDataStreamTypeNetty4879c245/s0/0c1ba4b6-36ce-4d01-a580-6d2e0db5c585/current/raft-meta.tmp with options [CREATE, WRITE]: sun.nio.ch.FileChannelImpl@7fe67d9d
2023-11-06 15:54:22,939 TRACE util.FileUtils (LogUtils.java:runAndLog(49)) - Successfully ran Atomic Files.move /home/runner/work/ratis/ratis/ratis-examples/target/test/data/8ed5a2e1/MiniRaftClusterWithRpcTypeGrpcAndDataStreamTypeNetty4879c245/s0/0c1ba4b6-36ce-4d01-a580-6d2e0db5c585/current/raft-meta.tmp to /home/runner/work/ratis/ratis/ratis-examples/target/test/data/8ed5a2e1/MiniRaftClusterWithRpcTypeGrpcAndDataStreamTypeNetty4879c245/s0/0c1ba4b6-36ce-4d01-a580-6d2e0db5c585/current/raft-meta with options [REPLACE_EXISTING]
2023-11-06 15:54:22,939 INFO  impl.LeaderElection (LeaderElection.java:askForVotes(323)) - s0@group-6D2E0DB5C585-LeaderElection1 ELECTION round 1: submit vote requests at term 1 for -1: peers:[s0|localhost:33791, s1|localhost:36503, s2|localhost:37753]|listeners:[], old=null
2023-11-06 15:54:22,944 INFO  server.RaftServerConfigKeys (ConfUtils.java:logFallback(53)) - raft.server.rpc.first-election.timeout.min = 150ms (fallback to raft.server.rpc.timeout.min)
2023-11-06 15:54:22,945 INFO  server.RaftServerConfigKeys (ConfUtils.java:logFallback(53)) - raft.server.rpc.first-election.timeout.max = 300ms (fallback to raft.server.rpc.timeout.max)
2023-11-06 15:54:22,958 INFO  server.RaftServer$Division (RaftServerImpl.java:requestVote(1372)) - s1@group-6D2E0DB5C585: receive requestVote(ELECTION, s2, group-6D2E0DB5C585, 1, (t:0, i:0))
2023-11-06 15:54:22,959 INFO  impl.VoteContext (VoteContext.java:log(49)) - s1@group-6D2E0DB5C585-CANDIDATE: accept ELECTION from s2: our priority 0 <= candidate's priority 0
2023-11-06 15:54:22,960 INFO  impl.LeaderElection (LeaderElection.java:logAndReturn(89)) - s1@group-6D2E0DB5C585-LeaderElection2: PRE_VOTE PASSED received 1 response(s) and 0 exception(s):
2023-11-06 15:54:22,960 INFO  impl.LeaderElection (LeaderElection.java:logAndReturn(93)) -   Response 0: s1<-s0#0:OK-t0
2023-11-06 15:54:22,960 INFO  impl.LeaderElection (LeaderElection.java:askForVotes(325)) - s1@group-6D2E0DB5C585-LeaderElection2 PRE_VOTE round 1: result PASSED
2023-11-06 15:54:22,960 INFO  server.RaftServer$Division (RaftServerImpl.java:setRole(377)) - s1@group-6D2E0DB5C585: changes role from CANDIDATE to FOLLOWER at term 1 for candidate:s2
2023-11-06 15:54:22,960 INFO  impl.RoleInfo (RoleInfo.java:shutdownLeaderElection(129)) - s1: shutdown s1@group-6D2E0DB5C585-LeaderElection2
2023-11-06 15:54:22,960 INFO  impl.RoleInfo (RoleInfo.java:updateAndGet(138)) - s1: start s1@group-6D2E0DB5C585-FollowerState
2023-11-06 15:54:22,964 INFO  server.RaftServer$Division (RaftServerImpl.java:setFirstElection(562)) - s1@group-6D2E0DB5C585: set firstElectionSinceStartup to false for candidate:s2
2023-11-06 15:54:22,965 TRACE util.FileUtils (LogUtils.java:supplyAndLog(69)) - Successfully supplied FileChannel.open /home/runner/work/ratis/ratis/ratis-examples/target/test/data/8ed5a2e1/MiniRaftClusterWithRpcTypeGrpcAndDataStreamTypeNetty4879c245/s1/0c1ba4b6-36ce-4d01-a580-6d2e0db5c585/current/raft-meta.tmp with options [CREATE, WRITE]: sun.nio.ch.FileChannelImpl@fc9d275
2023-11-06 15:54:22,968 TRACE util.FileUtils (LogUtils.java:runAndLog(49)) - Successfully ran Atomic Files.move /home/runner/work/ratis/ratis/ratis-examples/target/test/data/8ed5a2e1/MiniRaftClusterWithRpcTypeGrpcAndDataStreamTypeNetty4879c245/s1/0c1ba4b6-36ce-4d01-a580-6d2e0db5c585/current/raft-meta.tmp to /home/runner/work/ratis/ratis/ratis-examples/target/test/data/8ed5a2e1/MiniRaftClusterWithRpcTypeGrpcAndDataStreamTypeNetty4879c245/s1/0c1ba4b6-36ce-4d01-a580-6d2e0db5c585/current/raft-meta with options [REPLACE_EXISTING]
2023-11-06 15:54:22,972 INFO  server.RaftServer$Division (RaftServerImpl.java:requestVote(1405)) - s1@group-6D2E0DB5C585 replies to ELECTION vote request: s2<-s1#0:OK-t1. Peer's state: s1@group-6D2E0DB5C585:t1, leader=null, voted=s2, raftlog=Memoized:s1@group-6D2E0DB5C585-SegmentedRaftLog:OPENED:c-1, conf=-1: peers:[s0|localhost:33791, s1|localhost:36503, s2|localhost:37753]|listeners:[], old=null
2023-11-06 15:54:22,970 INFO  server.RaftServer$Division (RaftServerImpl.java:requestVote(1372)) - s1@group-6D2E0DB5C585: receive requestVote(ELECTION, s0, group-6D2E0DB5C585, 1, (t:0, i:0))
2023-11-06 15:54:22,974 INFO  impl.VoteContext (VoteContext.java:log(49)) - s1@group-6D2E0DB5C585-FOLLOWER: reject ELECTION from s0: already has voted for s2 at current term 1
2023-11-06 15:54:22,974 INFO  server.RaftServer$Division (RaftServerImpl.java:requestVote(1405)) - s1@group-6D2E0DB5C585 replies to ELECTION vote request: s0<-s1#0:FAIL-t1. Peer's state: s1@group-6D2E0DB5C585:t1, leader=null, voted=s2, raftlog=Memoized:s1@group-6D2E0DB5C585-SegmentedRaftLog:OPENED:c-1, conf=-1: peers:[s0|localhost:33791, s1|localhost:36503, s2|localhost:37753]|listeners:[], old=null
2023-11-06 15:54:22,975 INFO  server.RaftServer$Division (RaftServerImpl.java:requestVote(1372)) - s0@group-6D2E0DB5C585: receive requestVote(ELECTION, s2, group-6D2E0DB5C585, 1, (t:0, i:0))
2023-11-06 15:54:22,976 INFO  impl.VoteContext (VoteContext.java:log(49)) - s0@group-6D2E0DB5C585-CANDIDATE: reject ELECTION from s2: already has voted for s0 at current term 1
2023-11-06 15:54:22,976 INFO  server.RaftServer$Division (RaftServerImpl.java:requestVote(1405)) - s0@group-6D2E0DB5C585 replies to ELECTION vote request: s2<-s0#0:FAIL-t1. Peer's state: s0@group-6D2E0DB5C585:t1, leader=null, voted=s0, raftlog=Memoized:s0@group-6D2E0DB5C585-SegmentedRaftLog:OPENED:c-1, conf=-1: peers:[s0|localhost:33791, s1|localhost:36503, s2|localhost:37753]|listeners:[], old=null
2023-11-06 15:54:22,978 INFO  server.RaftServer$Division (RaftServerImpl.java:requestVote(1372)) - s2@group-6D2E0DB5C585: receive requestVote(ELECTION, s0, group-6D2E0DB5C585, 1, (t:0, i:0))
2023-11-06 15:54:22,978 INFO  impl.VoteContext (VoteContext.java:log(49)) - s2@group-6D2E0DB5C585-CANDIDATE: reject ELECTION from s0: already has voted for s2 at current term 1
2023-11-06 15:54:22,978 INFO  server.RaftServer$Division (RaftServerImpl.java:requestVote(1405)) - s2@group-6D2E0DB5C585 replies to ELECTION vote request: s0<-s2#0:FAIL-t1. Peer's state: s2@group-6D2E0DB5C585:t1, leader=null, voted=s2, raftlog=Memoized:s2@group-6D2E0DB5C585-SegmentedRaftLog:OPENED:c-1, conf=-1: peers:[s0|localhost:33791, s1|localhost:36503, s2|localhost:37753]|listeners:[], old=null
2023-11-06 15:54:22,979 INFO  impl.LeaderElection (LeaderElection.java:logAndReturn(89)) - s2@group-6D2E0DB5C585-LeaderElection3: ELECTION PASSED received 2 response(s) and 0 exception(s):
2023-11-06 15:54:22,979 INFO  impl.LeaderElection (LeaderElection.java:logAndReturn(93)) -   Response 0: s2<-s0#0:FAIL-t1
2023-11-06 15:54:22,979 INFO  impl.LeaderElection (LeaderElection.java:logAndReturn(93)) -   Response 1: s2<-s1#0:OK-t1
2023-11-06 15:54:22,979 INFO  impl.LeaderElection (LeaderElection.java:askForVotes(325)) - s2@group-6D2E0DB5C585-LeaderElection3 ELECTION round 1: result PASSED
2023-11-06 15:54:22,983 INFO  impl.RoleInfo (RoleInfo.java:shutdownLeaderElection(129)) - s2: shutdown s2@group-6D2E0DB5C585-LeaderElection3
2023-11-06 15:54:22,983 INFO  server.RaftServer$Division (RaftServerImpl.java:setRole(377)) - s2@group-6D2E0DB5C585: changes role from CANDIDATE to LEADER at term 1 for changeToLeader
2023-11-06 15:54:22,989 INFO  impl.LeaderElection (LeaderElection.java:logAndReturn(89)) - s0@group-6D2E0DB5C585-LeaderElection1: ELECTION REJECTED received 2 response(s) and 0 exception(s):
2023-11-06 15:54:22,989 INFO  impl.LeaderElection (LeaderElection.java:logAndReturn(93)) -   Response 0: s0<-s1#0:FAIL-t1
2023-11-06 15:54:22,989 INFO  impl.LeaderElection (LeaderElection.java:logAndReturn(93)) -   Response 1: s0<-s2#0:FAIL-t1
2023-11-06 15:54:22,989 INFO  impl.LeaderElection (LeaderElection.java:askForVotes(325)) - s0@group-6D2E0DB5C585-LeaderElection1 ELECTION round 1: result REJECTED
2023-11-06 15:54:22,990 INFO  server.RaftServerConfigKeys (ConfUtils.java:logGet(46)) - raft.server.staging.catchup.gap = 1000 (default)
2023-11-06 15:54:22,992 INFO  server.RaftServer$Division (RaftServerImpl.java:setRole(377)) - s0@group-6D2E0DB5C585: changes role from CANDIDATE to FOLLOWER at term 1 for REJECTED
2023-11-06 15:54:22,992 INFO  impl.RoleInfo (RoleInfo.java:shutdownLeaderElection(129)) - s0: shutdown s0@group-6D2E0DB5C585-LeaderElection1
2023-11-06 15:54:22,993 INFO  impl.RoleInfo (RoleInfo.java:updateAndGet(138)) - s0: start s0@group-6D2E0DB5C585-FollowerState
2023-11-06 15:54:22,996 INFO  server.RaftServerConfigKeys (ConfUtils.java:logGet(46)) - raft.server.write.element-limit = 4096 (default)
2023-11-06 15:54:22,997 INFO  server.RaftServerConfigKeys (ConfUtils.java:logGet(46)) - raft.server.write.byte-limit = 64MB (=67108864) (default)
2023-11-06 15:54:22,997 INFO  server.RaftServer$Division (RaftServerImpl.java:setFirstElection(562)) - s0@group-6D2E0DB5C585: set firstElectionSinceStartup to false for REJECTED
2023-11-06 15:54:23,003 INFO  server.RaftServerConfigKeys (ConfUtils.java:logGet(46)) - raft.server.watch.timeout = 10s (default)
2023-11-06 15:54:23,006 INFO  server.RaftServerConfigKeys (ConfUtils.java:logGet(46)) - raft.server.watch.timeout.denomination = 1s (default)
2023-11-06 15:54:23,007 INFO  server.RaftServerConfigKeys (ConfUtils.java:logGet(46)) - raft.server.watch.element-limit = 65536 (default)
2023-11-06 15:54:23,016 INFO  server.RaftServerConfigKeys (ConfUtils.java:logGet(46)) - raft.server.read.leader.lease.enabled = false (default)
2023-11-06 15:54:23,022 INFO  server.RaftServerConfigKeys (ConfUtils.java:logGet(46)) - raft.server.read.leader.lease.timeout.ratio = 0.9 (default)
2023-11-06 15:54:23,022 INFO  server.RaftServerConfigKeys (ConfUtils.java:logGet(46)) - raft.server.rpc.timeout.min = 150ms (default)
2023-11-06 15:54:23,022 INFO  server.RaftServerConfigKeys (ConfUtils.java:logGet(46)) - raft.server.write.element-limit = 4096 (default)
2023-11-06 15:54:23,022 INFO  server.RaftServerConfigKeys (ConfUtils.java:logGet(46)) - raft.server.write.follower.gap.ratio.max = -1.0 (default)
2023-11-06 15:54:23,048 INFO  server.RaftServerConfigKeys (ConfUtils.java:logGet(46)) - raft.server.log.appender.snapshot.chunk.size.max = 16MB (=16777216) (default)
2023-11-06 15:54:23,048 INFO  server.RaftServerConfigKeys (ConfUtils.java:logGet(46)) - raft.server.log.appender.buffer.byte-limit = 4MB (=4194304) (default)
2023-11-06 15:54:23,048 INFO  server.RaftServerConfigKeys (ConfUtils.java:logGet(46)) - raft.server.log.appender.buffer.element-limit = 0 (default)
2023-11-06 15:54:23,050 INFO  server.RaftServerConfigKeys (ConfUtils.java:logGet(46)) - raft.server.log.appender.wait-time.min = 1ms (default)
2023-11-06 15:54:23,051 INFO  grpc.GrpcConfigKeys (ConfUtils.java:logGet(46)) - raft.grpc.server.leader.outstanding.appends.max = 8 (default)
2023-11-06 15:54:23,053 INFO  server.RaftServerConfigKeys (ConfUtils.java:logGet(46)) - raft.server.rpc.request.timeout = 3000ms (default)
2023-11-06 15:54:23,053 INFO  grpc.GrpcConfigKeys (ConfUtils.java:logGet(46)) - raft.grpc.server.install_snapshot.request.element-limit = 8 (default)
2023-11-06 15:54:23,053 INFO  grpc.GrpcConfigKeys (ConfUtils.java:logGet(46)) - raft.grpc.server.install_snapshot.request.timeout = 3000ms (default)
2023-11-06 15:54:23,054 INFO  server.RaftServerConfigKeys (ConfUtils.java:logGet(46)) - raft.server.log.appender.install.snapshot.enabled = true (default)
2023-11-06 15:54:23,054 INFO  grpc.GrpcConfigKeys (ConfUtils.java:logGet(46)) - raft.grpc.server.heartbeat.channel = true (default)
2023-11-06 15:54:23,060 INFO  server.RaftServerConfigKeys (ConfUtils.java:logGet(46)) - raft.server.log.appender.snapshot.chunk.size.max = 16MB (=16777216) (default)
2023-11-06 15:54:23,060 INFO  server.RaftServerConfigKeys (ConfUtils.java:logGet(46)) - raft.server.log.appender.buffer.byte-limit = 4MB (=4194304) (default)
2023-11-06 15:54:23,061 INFO  server.RaftServerConfigKeys (ConfUtils.java:logGet(46)) - raft.server.log.appender.buffer.element-limit = 0 (default)
2023-11-06 15:54:23,061 INFO  server.RaftServerConfigKeys (ConfUtils.java:logGet(46)) - raft.server.log.appender.wait-time.min = 1ms (default)
2023-11-06 15:54:23,061 INFO  grpc.GrpcConfigKeys (ConfUtils.java:logGet(46)) - raft.grpc.server.leader.outstanding.appends.max = 8 (default)
2023-11-06 15:54:23,061 INFO  server.RaftServerConfigKeys (ConfUtils.java:logGet(46)) - raft.server.rpc.request.timeout = 3000ms (default)
2023-11-06 15:54:23,061 INFO  grpc.GrpcConfigKeys (ConfUtils.java:logGet(46)) - raft.grpc.server.install_snapshot.request.element-limit = 8 (default)
2023-11-06 15:54:23,061 INFO  grpc.GrpcConfigKeys (ConfUtils.java:logGet(46)) - raft.grpc.server.install_snapshot.request.timeout = 3000ms (default)
2023-11-06 15:54:23,061 INFO  server.RaftServerConfigKeys (ConfUtils.java:logGet(46)) - raft.server.log.appender.install.snapshot.enabled = true (default)
2023-11-06 15:54:23,062 INFO  grpc.GrpcConfigKeys (ConfUtils.java:logGet(46)) - raft.grpc.server.heartbeat.channel = true (default)
2023-11-06 15:54:23,066 INFO  impl.RoleInfo (RoleInfo.java:updateAndGet(138)) - s2: start s2@group-6D2E0DB5C585-LeaderStateImpl
2023-11-06 15:54:23,066 INFO  server.RaftServer$Division (RaftServerImpl.java:setFirstElection(562)) - s2@group-6D2E0DB5C585: set firstElectionSinceStartup to false for becomeLeader
2023-11-06 15:54:23,066 INFO  server.RaftServer$Division (ServerState.java:setLeader(265)) - s2@group-6D2E0DB5C585: change Leader from null to s2 at term 1 for becomeLeader, leader elected after 964ms
2023-11-06 15:54:23,082 INFO  segmented.SegmentedRaftLogWorker (SegmentedRaftLogWorker.java:startLogSegment(428)) - s2@group-6D2E0DB5C585-SegmentedRaftLogWorker: Starting segment from index:0
2023-11-06 15:54:23,095 INFO  server.RaftServer$Division (ServerState.java:setRaftConf(382)) - s2@group-6D2E0DB5C585: set configuration 0: peers:[s0|localhost:33791, s1|localhost:36503, s2|localhost:37753]|listeners:[], old=null
2023-11-06 15:54:23,150 INFO  server.RaftServer$Division (ServerState.java:setLeader(265)) - s1@group-6D2E0DB5C585: change Leader from null to s2 at term 1 for appendEntries, leader elected after 1059ms
2023-11-06 15:54:23,169 INFO  server.RaftServer$Division (ServerState.java:setLeader(265)) - s0@group-6D2E0DB5C585: change Leader from null to s2 at term 1 for appendEntries, leader elected after 1076ms
2023-11-06 15:54:23,200 INFO  server.RaftServer$Division (ServerState.java:setRaftConf(382)) - s0@group-6D2E0DB5C585: set configuration 0: peers:[s0|localhost:33791, s1|localhost:36503, s2|localhost:37753]|listeners:[], old=null
2023-11-06 15:54:23,200 INFO  server.RaftServer$Division (ServerState.java:setRaftConf(382)) - s1@group-6D2E0DB5C585: set configuration 0: peers:[s0|localhost:33791, s1|localhost:36503, s2|localhost:37753]|listeners:[], old=null
2023-11-06 15:54:23,213 INFO  segmented.SegmentedRaftLogWorker (SegmentedRaftLogWorker.java:startLogSegment(428)) - s0@group-6D2E0DB5C585-SegmentedRaftLogWorker: Starting segment from index:0
2023-11-06 15:54:23,218 INFO  segmented.SegmentedRaftLogWorker (SegmentedRaftLogWorker.java:startLogSegment(428)) - s1@group-6D2E0DB5C585-SegmentedRaftLogWorker: Starting segment from index:0
2023-11-06 15:54:23,254 INFO  segmented.SegmentedRaftLogWorker (SegmentedRaftLogWorker.java:execute(632)) - s2@group-6D2E0DB5C585-SegmentedRaftLogWorker: created new log segment /home/runner/work/ratis/ratis/ratis-examples/target/test/data/8ed5a2e1/MiniRaftClusterWithRpcTypeGrpcAndDataStreamTypeNetty4879c245/s2/0c1ba4b6-36ce-4d01-a580-6d2e0db5c585/current/log_inprogress_0
2023-11-06 15:54:23,257 INFO  segmented.SegmentedRaftLogWorker (SegmentedRaftLogWorker.java:execute(632)) - s0@group-6D2E0DB5C585-SegmentedRaftLogWorker: created new log segment /home/runner/work/ratis/ratis/ratis-examples/target/test/data/8ed5a2e1/MiniRaftClusterWithRpcTypeGrpcAndDataStreamTypeNetty4879c245/s0/0c1ba4b6-36ce-4d01-a580-6d2e0db5c585/current/log_inprogress_0
2023-11-06 15:54:23,257 INFO  segmented.SegmentedRaftLogWorker (SegmentedRaftLogWorker.java:execute(632)) - s1@group-6D2E0DB5C585-SegmentedRaftLogWorker: created new log segment /home/runner/work/ratis/ratis/ratis-examples/target/test/data/8ed5a2e1/MiniRaftClusterWithRpcTypeGrpcAndDataStreamTypeNetty4879c245/s1/0c1ba4b6-36ce-4d01-a580-6d2e0db5c585/current/log_inprogress_0
2023-11-06 15:54:23,266 INFO  server.RaftServer$Division (LeaderStateImpl.java:isApplied(308)) - leader is ready since appliedIndex == 0 >= startIndex == 0
2023-11-06 15:54:23,317 INFO  ratis.RaftTestUtil (RaftTestUtil.java:waitForLeader(119)) - printing ALL groups
  s0:  RUNNING  FOLLOWER s0@group-6D2E0DB5C585:t1, leader=s2, voted=s0, raftlog=Memoized:s0@group-6D2E0DB5C585-SegmentedRaftLog:OPENED:c-1, conf=0: peers:[s0|localhost:33791, s1|localhost:36503, s2|localhost:37753]|listeners:[], old=null RUNNING
  s1:  RUNNING  FOLLOWER s1@group-6D2E0DB5C585:t1, leader=s2, voted=s2, raftlog=Memoized:s1@group-6D2E0DB5C585-SegmentedRaftLog:OPENED:c-1, conf=0: peers:[s0|localhost:33791, s1|localhost:36503, s2|localhost:37753]|listeners:[], old=null RUNNING
  s2:  RUNNING    LEADER s2@group-6D2E0DB5C585:t1, leader=s2, voted=s2, raftlog=Memoized:s2@group-6D2E0DB5C585-SegmentedRaftLog:OPENED:c0, conf=0: peers:[s0|localhost:33791, s1|localhost:36503, s2|localhost:37753]|listeners:[], old=null RUNNING
2023-11-06 15:54:23,362 INFO  client.DataStreamClient (ConfUtils.java:logGet(46)) - raft.datastream.type = NETTY (custom)
2023-11-06 15:54:23,362 INFO  client.DataStreamClient (ConfUtils.java:logGet(46)) - raft.datastream.type = NETTY (custom)
2023-11-06 15:54:23,362 INFO  client.DataStreamClient (ConfUtils.java:logGet(46)) - raft.datastream.type = NETTY (custom)
2023-11-06 15:54:23,365 INFO  client.DataStreamClient (ConfUtils.java:logGet(46)) - raft.datastream.type = NETTY (custom)
2023-11-06 15:54:23,364 INFO  client.DataStreamClient (ConfUtils.java:logGet(46)) - raft.datastream.type = NETTY (custom)
2023-11-06 15:54:23,368 INFO  netty.NettyConfigKeys$DataStream (ConfUtils.java:logGet(46)) - raft.netty.dataStream.client.tls.conf = null (default)
2023-11-06 15:54:23,368 INFO  netty.NettyConfigKeys$DataStream (ConfUtils.java:logGet(46)) - raft.netty.dataStream.client.tls.conf = null (default)
2023-11-06 15:54:23,369 INFO  netty.NettyConfigKeys$DataStream (ConfUtils.java:logGet(46)) - raft.netty.dataStream.client.tls.conf = null (default)
2023-11-06 15:54:23,369 INFO  netty.NettyConfigKeys$DataStream (ConfUtils.java:logGet(46)) - raft.netty.dataStream.client.tls.conf = null (default)
2023-11-06 15:54:23,370 INFO  netty.NettyConfigKeys$DataStream (ConfUtils.java:logGet(46)) - raft.netty.dataStream.client.tls.conf = null (default)
2023-11-06 15:54:23,372 INFO  netty.NettyConfigKeys$DataStream (ConfUtils.java:logGet(46)) - raft.netty.dataStream.client.worker-group.share = true (default)
2023-11-06 15:54:23,373 INFO  netty.NettyConfigKeys$DataStream (ConfUtils.java:logGet(46)) - raft.netty.dataStream.client.worker-group.size = 4 (default)
2023-11-06 15:54:23,373 INFO  netty.NettyConfigKeys$DataStream (ConfUtils.java:logGet(46)) - raft.netty.dataStream.client.worker-group.share = true (default)
2023-11-06 15:54:23,373 INFO  netty.NettyConfigKeys$DataStream (ConfUtils.java:logGet(46)) - raft.netty.dataStream.client.use-epoll = true (default)
2023-11-06 15:54:23,373 INFO  netty.NettyUtils (NettyUtils.java:newEventLoopGroup(69)) - Create EpollEventLoopGroup for NettyClientStreamRpc-workerGroup; Thread size is 4.
2023-11-06 15:54:23,373 INFO  netty.NettyConfigKeys$DataStream (ConfUtils.java:logGet(46)) - raft.netty.dataStream.client.worker-group.share = true (default)
2023-11-06 15:54:23,373 INFO  netty.NettyConfigKeys$DataStream (ConfUtils.java:logGet(46)) - raft.netty.dataStream.client.worker-group.share = true (default)
2023-11-06 15:54:23,373 INFO  netty.NettyConfigKeys$DataStream (ConfUtils.java:logGet(46)) - raft.netty.dataStream.client.worker-group.share = true (default)
2023-11-06 15:54:23,435 INFO  logging.LoggingHandler (AbstractInternalLogger.java:log(148)) - [id: 0xaee6bbbc, L:/0.0.0.0:45785] READ: [id: 0x67e4ce28, L:/127.0.0.1:45785 - R:/127.0.0.1:54466]
2023-11-06 15:54:23,441 INFO  logging.LoggingHandler (AbstractInternalLogger.java:log(148)) - [id: 0xaee6bbbc, L:/0.0.0.0:45785] READ COMPLETE
2023-11-06 15:54:23,448 INFO  logging.LoggingHandler (AbstractInternalLogger.java:log(148)) - [id: 0xaee6bbbc, L:/0.0.0.0:45785] READ: [id: 0x65d8b643, L:/127.0.0.1:45785 - R:/127.0.0.1:54472]
2023-11-06 15:54:23,453 INFO  logging.LoggingHandler (AbstractInternalLogger.java:log(148)) - [id: 0xaee6bbbc, L:/0.0.0.0:45785] READ COMPLETE
2023-11-06 15:54:23,463 INFO  logging.LoggingHandler (AbstractInternalLogger.java:log(148)) - [id: 0xaee6bbbc, L:/0.0.0.0:45785] READ: [id: 0x2a6524a9, L:/127.0.0.1:45785 - R:/127.0.0.1:54474]
2023-11-06 15:54:23,476 INFO  logging.LoggingHandler (AbstractInternalLogger.java:log(148)) - [id: 0xaee6bbbc, L:/0.0.0.0:45785] READ: [id: 0x507cfc42, L:/127.0.0.1:45785 - R:/127.0.0.1:54484]
2023-11-06 15:54:23,476 INFO  logging.LoggingHandler (AbstractInternalLogger.java:log(148)) - [id: 0xaee6bbbc, L:/0.0.0.0:45785] READ: [id: 0x0a3f9f94, L:/127.0.0.1:45785 - R:/127.0.0.1:54496]
2023-11-06 15:54:23,476 INFO  logging.LoggingHandler (AbstractInternalLogger.java:log(148)) - [id: 0xaee6bbbc, L:/0.0.0.0:45785] READ COMPLETE
2023-11-06 15:54:23,538 INFO  client.DataStreamClient (ConfUtils.java:logGet(46)) - raft.datastream.type = NETTY (custom)
2023-11-06 15:54:23,538 INFO  netty.NettyConfigKeys$DataStream (ConfUtils.java:logGet(46)) - raft.netty.dataStream.client.tls.conf = null (default)
2023-11-06 15:54:23,538 INFO  netty.NettyConfigKeys$DataStream (ConfUtils.java:logGet(46)) - raft.netty.dataStream.client.worker-group.share = true (default)
2023-11-06 15:54:23,543 INFO  client.DataStreamClient (ConfUtils.java:logGet(46)) - raft.datastream.type = NETTY (custom)
2023-11-06 15:54:23,543 INFO  netty.NettyConfigKeys$DataStream (ConfUtils.java:logGet(46)) - raft.netty.dataStream.client.tls.conf = null (default)
2023-11-06 15:54:23,544 INFO  netty.NettyConfigKeys$DataStream (ConfUtils.java:logGet(46)) - raft.netty.dataStream.client.worker-group.share = true (default)
2023-11-06 15:54:23,545 INFO  logging.LoggingHandler (AbstractInternalLogger.java:log(148)) - [id: 0x0371f314, L:/0.0.0.0:42603] READ: [id: 0xafb1885d, L:/127.0.0.1:42603 - R:/127.0.0.1:51660]
2023-11-06 15:54:23,552 INFO  logging.LoggingHandler (AbstractInternalLogger.java:log(148)) - [id: 0x0371f314, L:/0.0.0.0:42603] READ COMPLETE
2023-11-06 15:54:23,571 INFO  client.DataStreamClient (ConfUtils.java:logGet(46)) - raft.datastream.type = NETTY (custom)
2023-11-06 15:54:23,571 INFO  netty.NettyConfigKeys$DataStream (ConfUtils.java:logGet(46)) - raft.netty.dataStream.client.tls.conf = null (default)
2023-11-06 15:54:23,571 INFO  netty.NettyConfigKeys$DataStream (ConfUtils.java:logGet(46)) - raft.netty.dataStream.client.worker-group.share = true (default)
2023-11-06 15:54:23,588 INFO  logging.LoggingHandler (AbstractInternalLogger.java:log(148)) - [id: 0x0371f314, L:/0.0.0.0:42603] READ: [id: 0x22934c43, L:/127.0.0.1:42603 - R:/127.0.0.1:51672]
2023-11-06 15:54:23,612 INFO  logging.LoggingHandler (AbstractInternalLogger.java:log(148)) - [id: 0x0371f314, L:/0.0.0.0:42603] READ COMPLETE
2023-11-06 15:54:23,629 INFO  client.DataStreamClient (ConfUtils.java:logGet(46)) - raft.datastream.type = NETTY (custom)
2023-11-06 15:54:23,629 INFO  netty.NettyConfigKeys$DataStream (ConfUtils.java:logGet(46)) - raft.netty.dataStream.client.tls.conf = null (default)
2023-11-06 15:54:23,629 INFO  netty.NettyConfigKeys$DataStream (ConfUtils.java:logGet(46)) - raft.netty.dataStream.client.worker-group.share = true (default)
2023-11-06 15:54:23,644 INFO  logging.LoggingHandler (AbstractInternalLogger.java:log(148)) - [id: 0x0371f314, L:/0.0.0.0:42603] READ: [id: 0xbb382d5e, L:/127.0.0.1:42603 - R:/127.0.0.1:51678]
2023-11-06 15:54:23,646 INFO  client.DataStreamClient (ConfUtils.java:logGet(46)) - raft.datastream.type = NETTY (custom)
2023-11-06 15:54:23,646 INFO  netty.NettyConfigKeys$DataStream (ConfUtils.java:logGet(46)) - raft.netty.dataStream.client.tls.conf = null (default)
2023-11-06 15:54:23,646 INFO  netty.NettyConfigKeys$DataStream (ConfUtils.java:logGet(46)) - raft.netty.dataStream.client.worker-group.share = true (default)
2023-11-06 15:54:23,649 INFO  client.DataStreamClient (ConfUtils.java:logGet(46)) - raft.datastream.type = NETTY (custom)
2023-11-06 15:54:23,649 INFO  netty.NettyConfigKeys$DataStream (ConfUtils.java:logGet(46)) - raft.netty.dataStream.client.tls.conf = null (default)
2023-11-06 15:54:23,649 INFO  netty.NettyConfigKeys$DataStream (ConfUtils.java:logGet(46)) - raft.netty.dataStream.client.worker-group.share = true (default)
2023-11-06 15:54:23,650 INFO  logging.LoggingHandler (AbstractInternalLogger.java:log(148)) - [id: 0xb858cde7, L:/0.0.0.0:44197] READ: [id: 0x4168c01b, L:/127.0.0.1:44197 - R:/127.0.0.1:39314]
2023-11-06 15:54:23,662 INFO  logging.LoggingHandler (AbstractInternalLogger.java:log(148)) - [id: 0x0371f314, L:/0.0.0.0:42603] READ COMPLETE
2023-11-06 15:54:23,685 INFO  logging.LoggingHandler (AbstractInternalLogger.java:log(148)) - [id: 0x0371f314, L:/0.0.0.0:42603] READ: [id: 0x94bcf5e1, L:/127.0.0.1:42603 - R:/127.0.0.1:51684]
2023-11-06 15:54:23,696 INFO  logging.LoggingHandler (AbstractInternalLogger.java:log(148)) - [id: 0xb858cde7, L:/0.0.0.0:44197] READ: [id: 0xaa80d0ed, L:/127.0.0.1:44197 - R:/127.0.0.1:39330]
2023-11-06 15:54:23,697 INFO  logging.LoggingHandler (AbstractInternalLogger.java:log(148)) - [id: 0xb858cde7, L:/0.0.0.0:44197] READ COMPLETE
2023-11-06 15:54:23,703 INFO  logging.LoggingHandler (AbstractInternalLogger.java:log(148)) - [id: 0x0371f314, L:/0.0.0.0:42603] READ COMPLETE
2023-11-06 15:54:23,754 INFO  client.DataStreamClient (ConfUtils.java:logGet(46)) - raft.datastream.type = NETTY (custom)
2023-11-06 15:54:23,754 INFO  netty.NettyConfigKeys$DataStream (ConfUtils.java:logGet(46)) - raft.netty.dataStream.client.tls.conf = null (default)
2023-11-06 15:54:23,755 INFO  netty.NettyConfigKeys$DataStream (ConfUtils.java:logGet(46)) - raft.netty.dataStream.client.worker-group.share = true (default)
2023-11-06 15:54:24,005 INFO  logging.LoggingHandler (AbstractInternalLogger.java:log(148)) - [id: 0xb858cde7, L:/0.0.0.0:44197] READ: [id: 0x508d387d, L:/127.0.0.1:44197 - R:/127.0.0.1:39332]
2023-11-06 15:54:24,006 INFO  client.DataStreamClient (ConfUtils.java:logGet(46)) - raft.datastream.type = NETTY (custom)
2023-11-06 15:54:24,007 INFO  netty.NettyConfigKeys$DataStream (ConfUtils.java:logGet(46)) - raft.netty.dataStream.client.tls.conf = null (default)
2023-11-06 15:54:24,007 INFO  netty.NettyConfigKeys$DataStream (ConfUtils.java:logGet(46)) - raft.netty.dataStream.client.worker-group.share = true (default)
2023-11-06 15:54:24,022 INFO  logging.LoggingHandler (AbstractInternalLogger.java:log(148)) - [id: 0xb858cde7, L:/0.0.0.0:44197] READ COMPLETE
2023-11-06 15:54:24,075 INFO  logging.LoggingHandler (AbstractInternalLogger.java:log(148)) - [id: 0xb858cde7, L:/0.0.0.0:44197] READ: [id: 0xfb8b2b4e, L:/127.0.0.1:44197 - R:/127.0.0.1:39342]
2023-11-06 15:54:24,092 INFO  logging.LoggingHandler (AbstractInternalLogger.java:log(148)) - [id: 0xb858cde7, L:/0.0.0.0:44197] READ COMPLETE
2023-11-06 15:54:25,700 ERROR impl.OrderedAsync (OrderedAsync.java:lambda$sendRequest$9(247)) - client-C63571E7E65D: Failed* RaftClientRequest:client-C63571E7E65D->s0@group-6D2E0DB5C585, cid=7, seq=1*, Watch(0), null
java.util.concurrent.CompletionException: org.apache.ratis.protocol.exceptions.NotLeaderException: Server s0@group-6D2E0DB5C585 is not the leader s2|localhost:37753
	at java.base/java.util.concurrent.CompletableFuture.encodeThrowable(CompletableFuture.java:331)
	at java.base/java.util.concurrent.CompletableFuture.completeThrowable(CompletableFuture.java:346)
	at java.base/java.util.concurrent.CompletableFuture$UniApply.tryFire(CompletableFuture.java:632)
	at java.base/java.util.concurrent.CompletableFuture.postComplete(CompletableFuture.java:506)
	at java.base/java.util.concurrent.CompletableFuture.completeExceptionally(CompletableFuture.java:2094)
	at org.apache.ratis.grpc.client.GrpcClientProtocolClient$AsyncStreamObservers.completeReplyExceptionally(GrpcClientProtocolClient.java:394)
	at org.apache.ratis.grpc.client.GrpcClientProtocolClient$AsyncStreamObservers.access$000(GrpcClientProtocolClient.java:300)
	at org.apache.ratis.grpc.client.GrpcClientProtocolClient$AsyncStreamObservers$1.onNext(GrpcClientProtocolClient.java:314)
	at org.apache.ratis.grpc.client.GrpcClientProtocolClient$AsyncStreamObservers$1.onNext(GrpcClientProtocolClient.java:305)
	at org.apache.ratis.thirdparty.io.grpc.stub.ClientCalls$StreamObserverToCallListenerAdapter.onMessage(ClientCalls.java:468)
	at org.apache.ratis.thirdparty.io.grpc.ForwardingClientCallListener.onMessage(ForwardingClientCallListener.java:33)
	at org.apache.ratis.thirdparty.io.grpc.internal.DelayedClientCall$DelayedListener.onMessage(DelayedClientCall.java:473)
	at org.apache.ratis.thirdparty.io.grpc.internal.ClientCallImpl$ClientStreamListenerImpl$1MessagesAvailable.runInternal(ClientCallImpl.java:660)
	at org.apache.ratis.thirdparty.io.grpc.internal.ClientCallImpl$ClientStreamListenerImpl$1MessagesAvailable.runInContext(ClientCallImpl.java:647)
	at org.apache.ratis.thirdparty.io.grpc.internal.ContextRunnable.run(ContextRunnable.java:37)
	at org.apache.ratis.thirdparty.io.grpc.internal.SerializingExecutor.run(SerializingExecutor.java:133)
	at java.base/java.util.concurrent.ThreadPoolExecutor.runWorker(ThreadPoolExecutor.java:1128)
	at java.base/java.util.concurrent.ThreadPoolExecutor$Worker.run(ThreadPoolExecutor.java:628)
	at java.base/java.lang.Thread.run(Thread.java:829)
Caused by: org.apache.ratis.protocol.exceptions.NotLeaderException: Server s0@group-6D2E0DB5C585 is not the leader s2|localhost:37753
	at org.apache.ratis.client.impl.ClientProtoUtils.toRaftClientReply(ClientProtoUtils.java:397)
	at org.apache.ratis.grpc.client.GrpcClientProtocolClient$AsyncStreamObservers$1.onNext(GrpcClientProtocolClient.java:310)
	... 11 more
2023-11-06 15:54:25,734 ERROR impl.OrderedAsync (OrderedAsync.java:lambda$sendRequest$9(247)) - client-9ECBCCB05958: Failed* RaftClientRequest:client-9ECBCCB05958->s0@group-6D2E0DB5C585, cid=6, seq=1*, Watch(0), null
java.util.concurrent.CompletionException: org.apache.ratis.protocol.exceptions.NotLeaderException: Server s0@group-6D2E0DB5C585 is not the leader s2|localhost:37753
	at java.base/java.util.concurrent.CompletableFuture.encodeThrowable(CompletableFuture.java:331)
	at java.base/java.util.concurrent.CompletableFuture.completeThrowable(CompletableFuture.java:346)
	at java.base/java.util.concurrent.CompletableFuture$UniApply.tryFire(CompletableFuture.java:632)
	at java.base/java.util.concurrent.CompletableFuture.postComplete(CompletableFuture.java:506)
	at java.base/java.util.concurrent.CompletableFuture.completeExceptionally(CompletableFuture.java:2094)
	at org.apache.ratis.grpc.client.GrpcClientProtocolClient$AsyncStreamObservers.completeReplyExceptionally(GrpcClientProtocolClient.java:394)
	at org.apache.ratis.grpc.client.GrpcClientProtocolClient$AsyncStreamObservers.access$000(GrpcClientProtocolClient.java:300)
	at org.apache.ratis.grpc.client.GrpcClientProtocolClient$AsyncStreamObservers$1.onNext(GrpcClientProtocolClient.java:314)
	at org.apache.ratis.grpc.client.GrpcClientProtocolClient$AsyncStreamObservers$1.onNext(GrpcClientProtocolClient.java:305)
	at org.apache.ratis.thirdparty.io.grpc.stub.ClientCalls$StreamObserverToCallListenerAdapter.onMessage(ClientCalls.java:468)
	at org.apache.ratis.thirdparty.io.grpc.ForwardingClientCallListener.onMessage(ForwardingClientCallListener.java:33)
	at org.apache.ratis.thirdparty.io.grpc.internal.ClientCallImpl$ClientStreamListenerImpl$1MessagesAvailable.runInternal(ClientCallImpl.java:660)
	at org.apache.ratis.thirdparty.io.grpc.internal.ClientCallImpl$ClientStreamListenerImpl$1MessagesAvailable.runInContext(ClientCallImpl.java:647)
	at org.apache.ratis.thirdparty.io.grpc.internal.ContextRunnable.run(ContextRunnable.java:37)
	at org.apache.ratis.thirdparty.io.grpc.internal.SerializingExecutor.run(SerializingExecutor.java:133)
	at java.base/java.util.concurrent.ThreadPoolExecutor.runWorker(ThreadPoolExecutor.java:1128)
	at java.base/java.util.concurrent.ThreadPoolExecutor$Worker.run(ThreadPoolExecutor.java:628)
	at java.base/java.lang.Thread.run(Thread.java:829)
Caused by: org.apache.ratis.protocol.exceptions.NotLeaderException: Server s0@group-6D2E0DB5C585 is not the leader s2|localhost:37753
	at org.apache.ratis.client.impl.ClientProtoUtils.toRaftClientReply(ClientProtoUtils.java:397)
	at org.apache.ratis.grpc.client.GrpcClientProtocolClient$AsyncStreamObservers$1.onNext(GrpcClientProtocolClient.java:310)
	... 10 more
2023-11-06 15:54:25,850 INFO  statemachine.StateMachine (FileStoreStateMachine.java:link(211)) - linking org.apache.ratis.examples.filestore.FileStoreStateMachine$LocalStream@184d2669
2023-11-06 15:54:25,877 INFO  statemachine.StateMachine (FileStoreStateMachine.java:link(211)) - linking org.apache.ratis.examples.filestore.FileStoreStateMachine$LocalStream@30636b13
2023-11-06 15:54:25,881 INFO  statemachine.StateMachine (FileStoreStateMachine.java:link(211)) - linking org.apache.ratis.examples.filestore.FileStoreStateMachine$LocalStream@272fa46f
2023-11-06 15:54:25,885 INFO  statemachine.StateMachine (FileStoreStateMachine.java:link(211)) - linking org.apache.ratis.examples.filestore.FileStoreStateMachine$LocalStream@acab6f5
2023-11-06 15:54:25,886 INFO  statemachine.StateMachine (FileStoreStateMachine.java:link(211)) - linking org.apache.ratis.examples.filestore.FileStoreStateMachine$LocalStream@32f1676a
2023-11-06 15:54:25,894 INFO  statemachine.StateMachine (FileStoreStateMachine.java:link(211)) - linking org.apache.ratis.examples.filestore.FileStoreStateMachine$LocalStream@3b8a1981
2023-11-06 15:54:25,922 ERROR impl.OrderedAsync (OrderedAsync.java:lambda$sendRequest$9(247)) - client-7CF71D7B830E: Failed* RaftClientRequest:client-7CF71D7B830E->s0@group-6D2E0DB5C585, cid=10, seq=1*, Watch(0), null
java.util.concurrent.CompletionException: org.apache.ratis.protocol.exceptions.NotLeaderException: Server s0@group-6D2E0DB5C585 is not the leader s2|localhost:37753
	at java.base/java.util.concurrent.CompletableFuture.encodeThrowable(CompletableFuture.java:331)
	at java.base/java.util.concurrent.CompletableFuture.completeThrowable(CompletableFuture.java:346)
	at java.base/java.util.concurrent.CompletableFuture$UniApply.tryFire(CompletableFuture.java:632)
	at java.base/java.util.concurrent.CompletableFuture.postComplete(CompletableFuture.java:506)
	at java.base/java.util.concurrent.CompletableFuture.completeExceptionally(CompletableFuture.java:2094)
	at org.apache.ratis.grpc.client.GrpcClientProtocolClient$AsyncStreamObservers.completeReplyExceptionally(GrpcClientProtocolClient.java:394)
	at org.apache.ratis.grpc.client.GrpcClientProtocolClient$AsyncStreamObservers.access$000(GrpcClientProtocolClient.java:300)
	at org.apache.ratis.grpc.client.GrpcClientProtocolClient$AsyncStreamObservers$1.onNext(GrpcClientProtocolClient.java:314)
	at org.apache.ratis.grpc.client.GrpcClientProtocolClient$AsyncStreamObservers$1.onNext(GrpcClientProtocolClient.java:305)
	at org.apache.ratis.thirdparty.io.grpc.stub.ClientCalls$StreamObserverToCallListenerAdapter.onMessage(ClientCalls.java:468)
	at org.apache.ratis.thirdparty.io.grpc.ForwardingClientCallListener.onMessage(ForwardingClientCallListener.java:33)
	at org.apache.ratis.thirdparty.io.grpc.internal.ClientCallImpl$ClientStreamListenerImpl$1MessagesAvailable.runInternal(ClientCallImpl.java:660)
	at org.apache.ratis.thirdparty.io.grpc.internal.ClientCallImpl$ClientStreamListenerImpl$1MessagesAvailable.runInContext(ClientCallImpl.java:647)
	at org.apache.ratis.thirdparty.io.grpc.internal.ContextRunnable.run(ContextRunnable.java:37)
	at org.apache.ratis.thirdparty.io.grpc.internal.SerializingExecutor.run(SerializingExecutor.java:133)
	at java.base/java.util.concurrent.ThreadPoolExecutor.runWorker(ThreadPoolExecutor.java:1128)
	at java.base/java.util.concurrent.ThreadPoolExecutor$Worker.run(ThreadPoolExecutor.java:628)
	at java.base/java.lang.Thread.run(Thread.java:829)
Caused by: org.apache.ratis.protocol.exceptions.NotLeaderException: Server s0@group-6D2E0DB5C585 is not the leader s2|localhost:37753
	at org.apache.ratis.client.impl.ClientProtoUtils.toRaftClientReply(ClientProtoUtils.java:397)
	at org.apache.ratis.grpc.client.GrpcClientProtocolClient$AsyncStreamObservers$1.onNext(GrpcClientProtocolClient.java:310)
	... 10 more
2023-11-06 15:54:25,925 ERROR impl.OrderedAsync (OrderedAsync.java:lambda$sendRequest$9(247)) - client-C6BB01D2A548: Failed* RaftClientRequest:client-C6BB01D2A548->s0@group-6D2E0DB5C585, cid=12, seq=1*, Watch(0), null
java.util.concurrent.CompletionException: org.apache.ratis.protocol.exceptions.NotLeaderException: Server s0@group-6D2E0DB5C585 is not the leader s2|localhost:37753
	at java.base/java.util.concurrent.CompletableFuture.encodeThrowable(CompletableFuture.java:331)
	at java.base/java.util.concurrent.CompletableFuture.completeThrowable(CompletableFuture.java:346)
	at java.base/java.util.concurrent.CompletableFuture$UniApply.tryFire(CompletableFuture.java:632)
	at java.base/java.util.concurrent.CompletableFuture.postComplete(CompletableFuture.java:506)
	at java.base/java.util.concurrent.CompletableFuture.completeExceptionally(CompletableFuture.java:2094)
	at org.apache.ratis.grpc.client.GrpcClientProtocolClient$AsyncStreamObservers.completeReplyExceptionally(GrpcClientProtocolClient.java:394)
	at org.apache.ratis.grpc.client.GrpcClientProtocolClient$AsyncStreamObservers.access$000(GrpcClientProtocolClient.java:300)
	at org.apache.ratis.grpc.client.GrpcClientProtocolClient$AsyncStreamObservers$1.onNext(GrpcClientProtocolClient.java:314)
	at org.apache.ratis.grpc.client.GrpcClientProtocolClient$AsyncStreamObservers$1.onNext(GrpcClientProtocolClient.java:305)
	at org.apache.ratis.thirdparty.io.grpc.stub.ClientCalls$StreamObserverToCallListenerAdapter.onMessage(ClientCalls.java:468)
	at org.apache.ratis.thirdparty.io.grpc.ForwardingClientCallListener.onMessage(ForwardingClientCallListener.java:33)
	at org.apache.ratis.thirdparty.io.grpc.internal.DelayedClientCall$DelayedListener.onMessage(DelayedClientCall.java:473)
	at org.apache.ratis.thirdparty.io.grpc.internal.ClientCallImpl$ClientStreamListenerImpl$1MessagesAvailable.runInternal(ClientCallImpl.java:660)
	at org.apache.ratis.thirdparty.io.grpc.internal.ClientCallImpl$ClientStreamListenerImpl$1MessagesAvailable.runInContext(ClientCallImpl.java:647)
	at org.apache.ratis.thirdparty.io.grpc.internal.ContextRunnable.run(ContextRunnable.java:37)
	at org.apache.ratis.thirdparty.io.grpc.internal.SerializingExecutor.run(SerializingExecutor.java:133)
	at java.base/java.util.concurrent.ThreadPoolExecutor.runWorker(ThreadPoolExecutor.java:1128)
	at java.base/java.util.concurrent.ThreadPoolExecutor$Worker.run(ThreadPoolExecutor.java:628)
	at java.base/java.lang.Thread.run(Thread.java:829)
Caused by: org.apache.ratis.protocol.exceptions.NotLeaderException: Server s0@group-6D2E0DB5C585 is not the leader s2|localhost:37753
	at org.apache.ratis.client.impl.ClientProtoUtils.toRaftClientReply(ClientProtoUtils.java:397)
	at org.apache.ratis.grpc.client.GrpcClientProtocolClient$AsyncStreamObservers$1.onNext(GrpcClientProtocolClient.java:310)
	... 11 more
2023-11-06 15:54:25,955 INFO  statemachine.StateMachine (FileStoreStateMachine.java:link(211)) - linking org.apache.ratis.examples.filestore.FileStoreStateMachine$LocalStream@715e6128
2023-11-06 15:54:25,957 INFO  statemachine.StateMachine (FileStoreStateMachine.java:link(211)) - linking org.apache.ratis.examples.filestore.FileStoreStateMachine$LocalStream@2ad6bd1
2023-11-06 15:54:25,967 INFO  statemachine.StateMachine (FileStoreStateMachine.java:link(211)) - linking org.apache.ratis.examples.filestore.FileStoreStateMachine$LocalStream@62a43b9d
2023-11-06 15:54:25,968 ERROR impl.OrderedAsync (OrderedAsync.java:lambda$sendRequest$9(247)) - client-8EA4F501AED8: Failed* RaftClientRequest:client-8EA4F501AED8->s0@group-6D2E0DB5C585, cid=14, seq=1*, Watch(0), null
java.util.concurrent.CompletionException: org.apache.ratis.protocol.exceptions.NotLeaderException: Server s0@group-6D2E0DB5C585 is not the leader s2|localhost:37753
	at java.base/java.util.concurrent.CompletableFuture.encodeThrowable(CompletableFuture.java:331)
	at java.base/java.util.concurrent.CompletableFuture.completeThrowable(CompletableFuture.java:346)
	at java.base/java.util.concurrent.CompletableFuture$UniApply.tryFire(CompletableFuture.java:632)
	at java.base/java.util.concurrent.CompletableFuture.postComplete(CompletableFuture.java:506)
	at java.base/java.util.concurrent.CompletableFuture.completeExceptionally(CompletableFuture.java:2094)
	at org.apache.ratis.grpc.client.GrpcClientProtocolClient$AsyncStreamObservers.completeReplyExceptionally(GrpcClientProtocolClient.java:394)
	at org.apache.ratis.grpc.client.GrpcClientProtocolClient$AsyncStreamObservers.access$000(GrpcClientProtocolClient.java:300)
	at org.apache.ratis.grpc.client.GrpcClientProtocolClient$AsyncStreamObservers$1.onNext(GrpcClientProtocolClient.java:314)
	at org.apache.ratis.grpc.client.GrpcClientProtocolClient$AsyncStreamObservers$1.onNext(GrpcClientProtocolClient.java:305)
	at org.apache.ratis.thirdparty.io.grpc.stub.ClientCalls$StreamObserverToCallListenerAdapter.onMessage(ClientCalls.java:468)
	at org.apache.ratis.thirdparty.io.grpc.ForwardingClientCallListener.onMessage(ForwardingClientCallListener.java:33)
	at org.apache.ratis.thirdparty.io.grpc.internal.DelayedClientCall$DelayedListener.onMessage(DelayedClientCall.java:473)
	at org.apache.ratis.thirdparty.io.grpc.internal.ClientCallImpl$ClientStreamListenerImpl$1MessagesAvailable.runInternal(ClientCallImpl.java:660)
	at org.apache.ratis.thirdparty.io.grpc.internal.ClientCallImpl$ClientStreamListenerImpl$1MessagesAvailable.runInContext(ClientCallImpl.java:647)
	at org.apache.ratis.thirdparty.io.grpc.internal.ContextRunnable.run(ContextRunnable.java:37)
	at org.apache.ratis.thirdparty.io.grpc.internal.SerializingExecutor.run(SerializingExecutor.java:133)
	at java.base/java.util.concurrent.ThreadPoolExecutor.runWorker(ThreadPoolExecutor.java:1128)
	at java.base/java.util.concurrent.ThreadPoolExecutor$Worker.run(ThreadPoolExecutor.java:628)
	at java.base/java.lang.Thread.run(Thread.java:829)
Caused by: org.apache.ratis.protocol.exceptions.NotLeaderException: Server s0@group-6D2E0DB5C585 is not the leader s2|localhost:37753
	at org.apache.ratis.client.impl.ClientProtoUtils.toRaftClientReply(ClientProtoUtils.java:397)
	at org.apache.ratis.grpc.client.GrpcClientProtocolClient$AsyncStreamObservers$1.onNext(GrpcClientProtocolClient.java:310)
	... 11 more
2023-11-06 15:54:25,985 INFO  statemachine.StateMachine (FileStoreStateMachine.java:link(211)) - linking org.apache.ratis.examples.filestore.FileStoreStateMachine$LocalStream@40e5b110
2023-11-06 15:54:25,994 INFO  statemachine.StateMachine (FileStoreStateMachine.java:link(211)) - linking org.apache.ratis.examples.filestore.FileStoreStateMachine$LocalStream@7937307c
2023-11-06 15:54:25,999 INFO  statemachine.StateMachine (FileStoreStateMachine.java:link(211)) - linking org.apache.ratis.examples.filestore.FileStoreStateMachine$LocalStream@35c73ce9
2023-11-06 15:54:26,014 INFO  statemachine.StateMachine (FileStoreStateMachine.java:link(211)) - linking org.apache.ratis.examples.filestore.FileStoreStateMachine$LocalStream@11719e67
2023-11-06 15:54:26,015 INFO  statemachine.StateMachine (FileStoreStateMachine.java:link(211)) - linking org.apache.ratis.examples.filestore.FileStoreStateMachine$LocalStream@2361ffe9
2023-11-06 15:54:26,016 INFO  statemachine.StateMachine (FileStoreStateMachine.java:link(211)) - linking org.apache.ratis.examples.filestore.FileStoreStateMachine$LocalStream@6ae549ba
2023-11-06 15:54:26,033 INFO  client.DataStreamClient (ConfUtils.java:logGet(46)) - raft.datastream.type = NETTY (custom)
2023-11-06 15:54:26,033 INFO  netty.NettyConfigKeys$DataStream (ConfUtils.java:logGet(46)) - raft.netty.dataStream.client.tls.conf = null (default)
2023-11-06 15:54:26,033 INFO  netty.NettyConfigKeys$DataStream (ConfUtils.java:logGet(46)) - raft.netty.dataStream.client.worker-group.share = true (default)
2023-11-06 15:54:26,034 INFO  logging.LoggingHandler (AbstractInternalLogger.java:log(148)) - [id: 0xaee6bbbc, L:/0.0.0.0:45785] READ: [id: 0xc9d9f0eb, L:/127.0.0.1:45785 - R:/127.0.0.1:54508]
2023-11-06 15:54:26,034 INFO  logging.LoggingHandler (AbstractInternalLogger.java:log(148)) - [id: 0xaee6bbbc, L:/0.0.0.0:45785] READ COMPLETE
2023-11-06 15:54:26,045 INFO  client.DataStreamClient (ConfUtils.java:logGet(46)) - raft.datastream.type = NETTY (custom)
2023-11-06 15:54:26,045 INFO  netty.NettyConfigKeys$DataStream (ConfUtils.java:logGet(46)) - raft.netty.dataStream.client.tls.conf = null (default)
2023-11-06 15:54:26,045 INFO  client.DataStreamClient (ConfUtils.java:logGet(46)) - raft.datastream.type = NETTY (custom)
2023-11-06 15:54:26,045 INFO  netty.NettyConfigKeys$DataStream (ConfUtils.java:logGet(46)) - raft.netty.dataStream.client.worker-group.share = true (default)
2023-11-06 15:54:26,045 INFO  netty.NettyConfigKeys$DataStream (ConfUtils.java:logGet(46)) - raft.netty.dataStream.client.tls.conf = null (default)
2023-11-06 15:54:26,046 INFO  netty.NettyConfigKeys$DataStream (ConfUtils.java:logGet(46)) - raft.netty.dataStream.client.worker-group.share = true (default)
2023-11-06 15:54:26,049 INFO  logging.LoggingHandler (AbstractInternalLogger.java:log(148)) - [id: 0xaee6bbbc, L:/0.0.0.0:45785] READ: [id: 0xddc3375d, L:/127.0.0.1:45785 - R:/127.0.0.1:54520]
2023-11-06 15:54:26,049 INFO  logging.LoggingHandler (AbstractInternalLogger.java:log(148)) - [id: 0xaee6bbbc, L:/0.0.0.0:45785] READ COMPLETE
2023-11-06 15:54:26,052 INFO  client.DataStreamClient (ConfUtils.java:logGet(46)) - raft.datastream.type = NETTY (custom)
2023-11-06 15:54:26,052 INFO  netty.NettyConfigKeys$DataStream (ConfUtils.java:logGet(46)) - raft.netty.dataStream.client.tls.conf = null (default)
2023-11-06 15:54:26,052 INFO  netty.NettyConfigKeys$DataStream (ConfUtils.java:logGet(46)) - raft.netty.dataStream.client.worker-group.share = true (default)
2023-11-06 15:54:26,053 INFO  logging.LoggingHandler (AbstractInternalLogger.java:log(148)) - [id: 0xaee6bbbc, L:/0.0.0.0:45785] READ: [id: 0x28abaa1d, L:/127.0.0.1:45785 - R:/127.0.0.1:54536]
2023-11-06 15:54:26,053 INFO  logging.LoggingHandler (AbstractInternalLogger.java:log(148)) - [id: 0xaee6bbbc, L:/0.0.0.0:45785] READ COMPLETE
2023-11-06 15:54:26,055 INFO  client.DataStreamClient (ConfUtils.java:logGet(46)) - raft.datastream.type = NETTY (custom)
2023-11-06 15:54:26,055 INFO  netty.NettyConfigKeys$DataStream (ConfUtils.java:logGet(46)) - raft.netty.dataStream.client.tls.conf = null (default)
2023-11-06 15:54:26,055 INFO  netty.NettyConfigKeys$DataStream (ConfUtils.java:logGet(46)) - raft.netty.dataStream.client.worker-group.share = true (default)
2023-11-06 15:54:26,057 INFO  client.DataStreamClient (ConfUtils.java:logGet(46)) - raft.datastream.type = NETTY (custom)
2023-11-06 15:54:26,057 INFO  netty.NettyConfigKeys$DataStream (ConfUtils.java:logGet(46)) - raft.netty.dataStream.client.tls.conf = null (default)
2023-11-06 15:54:26,057 INFO  netty.NettyConfigKeys$DataStream (ConfUtils.java:logGet(46)) - raft.netty.dataStream.client.worker-group.share = true (default)
2023-11-06 15:54:26,058 INFO  client.DataStreamClient (ConfUtils.java:logGet(46)) - raft.datastream.type = NETTY (custom)
2023-11-06 15:54:26,058 INFO  netty.NettyConfigKeys$DataStream (ConfUtils.java:logGet(46)) - raft.netty.dataStream.client.tls.conf = null (default)
2023-11-06 15:54:26,058 INFO  netty.NettyConfigKeys$DataStream (ConfUtils.java:logGet(46)) - raft.netty.dataStream.client.worker-group.share = true (default)
2023-11-06 15:54:26,060 INFO  client.DataStreamClient (ConfUtils.java:logGet(46)) - raft.datastream.type = NETTY (custom)
2023-11-06 15:54:26,060 INFO  netty.NettyConfigKeys$DataStream (ConfUtils.java:logGet(46)) - raft.netty.dataStream.client.tls.conf = null (default)
2023-11-06 15:54:26,060 INFO  netty.NettyConfigKeys$DataStream (ConfUtils.java:logGet(46)) - raft.netty.dataStream.client.worker-group.share = true (default)
2023-11-06 15:54:26,061 INFO  logging.LoggingHandler (AbstractInternalLogger.java:log(148)) - [id: 0xaee6bbbc, L:/0.0.0.0:45785] READ: [id: 0x223b3fa4, L:/127.0.0.1:45785 - R:/127.0.0.1:54544]
2023-11-06 15:54:26,061 INFO  logging.LoggingHandler (AbstractInternalLogger.java:log(148)) - [id: 0xaee6bbbc, L:/0.0.0.0:45785] READ COMPLETE
2023-11-06 15:54:26,063 INFO  client.DataStreamClient (ConfUtils.java:logGet(46)) - raft.datastream.type = NETTY (custom)
2023-11-06 15:54:26,063 INFO  netty.NettyConfigKeys$DataStream (ConfUtils.java:logGet(46)) - raft.netty.dataStream.client.tls.conf = null (default)
2023-11-06 15:54:26,063 INFO  netty.NettyConfigKeys$DataStream (ConfUtils.java:logGet(46)) - raft.netty.dataStream.client.worker-group.share = true (default)
2023-11-06 15:54:26,065 INFO  client.DataStreamClient (ConfUtils.java:logGet(46)) - raft.datastream.type = NETTY (custom)
2023-11-06 15:54:26,065 INFO  netty.NettyConfigKeys$DataStream (ConfUtils.java:logGet(46)) - raft.netty.dataStream.client.tls.conf = null (default)
2023-11-06 15:54:26,066 INFO  netty.NettyConfigKeys$DataStream (ConfUtils.java:logGet(46)) - raft.netty.dataStream.client.worker-group.share = true (default)
2023-11-06 15:54:26,073 INFO  client.DataStreamClient (ConfUtils.java:logGet(46)) - raft.datastream.type = NETTY (custom)
2023-11-06 15:54:26,073 INFO  netty.NettyConfigKeys$DataStream (ConfUtils.java:logGet(46)) - raft.netty.dataStream.client.tls.conf = null (default)
2023-11-06 15:54:26,073 INFO  netty.NettyConfigKeys$DataStream (ConfUtils.java:logGet(46)) - raft.netty.dataStream.client.worker-group.share = true (default)
2023-11-06 15:54:26,074 INFO  client.DataStreamClient (ConfUtils.java:logGet(46)) - raft.datastream.type = NETTY (custom)
2023-11-06 15:54:26,074 INFO  netty.NettyConfigKeys$DataStream (ConfUtils.java:logGet(46)) - raft.netty.dataStream.client.tls.conf = null (default)
2023-11-06 15:54:26,074 INFO  netty.NettyConfigKeys$DataStream (ConfUtils.java:logGet(46)) - raft.netty.dataStream.client.worker-group.share = true (default)
2023-11-06 15:54:26,075 INFO  logging.LoggingHandler (AbstractInternalLogger.java:log(148)) - [id: 0x0371f314, L:/0.0.0.0:42603] READ: [id: 0x7f7492ce, L:/127.0.0.1:42603 - R:/127.0.0.1:51700]
2023-11-06 15:54:26,075 INFO  logging.LoggingHandler (AbstractInternalLogger.java:log(148)) - [id: 0xaee6bbbc, L:/0.0.0.0:45785] READ: [id: 0xe4b3d3e9, L:/127.0.0.1:45785 - R:/127.0.0.1:54546]
2023-11-06 15:54:26,076 INFO  logging.LoggingHandler (AbstractInternalLogger.java:log(148)) - [id: 0x0371f314, L:/0.0.0.0:42603] READ: [id: 0xccca10b6, L:/127.0.0.1:42603 - R:/127.0.0.1:51708]
2023-11-06 15:54:26,076 INFO  logging.LoggingHandler (AbstractInternalLogger.java:log(148)) - [id: 0xaee6bbbc, L:/0.0.0.0:45785] READ: [id: 0x61d32fcf, L:/127.0.0.1:45785 - R:/127.0.0.1:54560]
2023-11-06 15:54:26,076 INFO  logging.LoggingHandler (AbstractInternalLogger.java:log(148)) - [id: 0xaee6bbbc, L:/0.0.0.0:45785] READ: [id: 0xe908dba0, L:/127.0.0.1:45785 - R:/127.0.0.1:54566]
2023-11-06 15:54:26,076 INFO  logging.LoggingHandler (AbstractInternalLogger.java:log(148)) - [id: 0xaee6bbbc, L:/0.0.0.0:45785] READ COMPLETE
2023-11-06 15:54:26,076 INFO  logging.LoggingHandler (AbstractInternalLogger.java:log(148)) - [id: 0xaee6bbbc, L:/0.0.0.0:45785] READ: [id: 0x00b0fa4e, L:/127.0.0.1:45785 - R:/127.0.0.1:54570]
2023-11-06 15:54:26,076 INFO  logging.LoggingHandler (AbstractInternalLogger.java:log(148)) - [id: 0xaee6bbbc, L:/0.0.0.0:45785] READ COMPLETE
2023-11-06 15:54:26,076 INFO  logging.LoggingHandler (AbstractInternalLogger.java:log(148)) - [id: 0x0371f314, L:/0.0.0.0:42603] READ COMPLETE
2023-11-06 15:54:26,082 INFO  client.DataStreamClient (ConfUtils.java:logGet(46)) - raft.datastream.type = NETTY (custom)
2023-11-06 15:54:26,082 INFO  netty.NettyConfigKeys$DataStream (ConfUtils.java:logGet(46)) - raft.netty.dataStream.client.tls.conf = null (default)
2023-11-06 15:54:26,086 INFO  logging.LoggingHandler (AbstractInternalLogger.java:log(148)) - [id: 0xaee6bbbc, L:/0.0.0.0:45785] READ: [id: 0xd7e6cb68, L:/127.0.0.1:45785 - R:/127.0.0.1:54578]
2023-11-06 15:54:26,088 INFO  netty.NettyConfigKeys$DataStream (ConfUtils.java:logGet(46)) - raft.netty.dataStream.client.worker-group.share = true (default)
2023-11-06 15:54:26,088 INFO  logging.LoggingHandler (AbstractInternalLogger.java:log(148)) - [id: 0xaee6bbbc, L:/0.0.0.0:45785] READ: [id: 0x8ef1a951, L:/127.0.0.1:45785 - R:/127.0.0.1:54582]
2023-11-06 15:54:26,088 INFO  logging.LoggingHandler (AbstractInternalLogger.java:log(148)) - [id: 0xaee6bbbc, L:/0.0.0.0:45785] READ COMPLETE
2023-11-06 15:54:26,095 INFO  client.DataStreamClient (ConfUtils.java:logGet(46)) - raft.datastream.type = NETTY (custom)
2023-11-06 15:54:26,095 INFO  netty.NettyConfigKeys$DataStream (ConfUtils.java:logGet(46)) - raft.netty.dataStream.client.tls.conf = null (default)
2023-11-06 15:54:26,096 INFO  netty.NettyConfigKeys$DataStream (ConfUtils.java:logGet(46)) - raft.netty.dataStream.client.worker-group.share = true (default)
2023-11-06 15:54:26,096 INFO  logging.LoggingHandler (AbstractInternalLogger.java:log(148)) - [id: 0x0371f314, L:/0.0.0.0:42603] READ: [id: 0xce27f347, L:/127.0.0.1:42603 - R:/127.0.0.1:51716]
2023-11-06 15:54:26,096 INFO  logging.LoggingHandler (AbstractInternalLogger.java:log(148)) - [id: 0x0371f314, L:/0.0.0.0:42603] READ COMPLETE
2023-11-06 15:54:26,101 INFO  client.DataStreamClient (ConfUtils.java:logGet(46)) - raft.datastream.type = NETTY (custom)
2023-11-06 15:54:26,102 INFO  netty.NettyConfigKeys$DataStream (ConfUtils.java:logGet(46)) - raft.netty.dataStream.client.tls.conf = null (default)
2023-11-06 15:54:26,102 INFO  netty.NettyConfigKeys$DataStream (ConfUtils.java:logGet(46)) - raft.netty.dataStream.client.worker-group.share = true (default)
2023-11-06 15:54:26,103 INFO  logging.LoggingHandler (AbstractInternalLogger.java:log(148)) - [id: 0xb858cde7, L:/0.0.0.0:44197] READ: [id: 0x45594b4b, L:/127.0.0.1:44197 - R:/127.0.0.1:39356]
2023-11-06 15:54:26,103 INFO  logging.LoggingHandler (AbstractInternalLogger.java:log(148)) - [id: 0xb858cde7, L:/0.0.0.0:44197] READ COMPLETE
2023-11-06 15:54:26,122 INFO  client.DataStreamClient (ConfUtils.java:logGet(46)) - raft.datastream.type = NETTY (custom)
2023-11-06 15:54:26,122 INFO  netty.NettyConfigKeys$DataStream (ConfUtils.java:logGet(46)) - raft.netty.dataStream.client.tls.conf = null (default)
2023-11-06 15:54:26,122 INFO  logging.LoggingHandler (AbstractInternalLogger.java:log(148)) - [id: 0x0371f314, L:/0.0.0.0:42603] READ: [id: 0x4259427f, L:/127.0.0.1:42603 - R:/127.0.0.1:51732]
2023-11-06 15:54:26,123 INFO  netty.NettyConfigKeys$DataStream (ConfUtils.java:logGet(46)) - raft.netty.dataStream.client.worker-group.share = true (default)
2023-11-06 15:54:26,123 INFO  logging.LoggingHandler (AbstractInternalLogger.java:log(148)) - [id: 0x0371f314, L:/0.0.0.0:42603] READ COMPLETE
2023-11-06 15:54:26,128 INFO  client.DataStreamClient (ConfUtils.java:logGet(46)) - raft.datastream.type = NETTY (custom)
2023-11-06 15:54:26,129 INFO  netty.NettyConfigKeys$DataStream (ConfUtils.java:logGet(46)) - raft.netty.dataStream.client.tls.conf = null (default)
2023-11-06 15:54:26,129 INFO  netty.NettyConfigKeys$DataStream (ConfUtils.java:logGet(46)) - raft.netty.dataStream.client.worker-group.share = true (default)
2023-11-06 15:54:26,132 INFO  logging.LoggingHandler (AbstractInternalLogger.java:log(148)) - [id: 0xb858cde7, L:/0.0.0.0:44197] READ: [id: 0xf13ec92c, L:/127.0.0.1:44197 - R:/127.0.0.1:39358]
2023-11-06 15:54:26,132 INFO  logging.LoggingHandler (AbstractInternalLogger.java:log(148)) - [id: 0xb858cde7, L:/0.0.0.0:44197] READ COMPLETE
2023-11-06 15:54:26,153 INFO  client.DataStreamClient (ConfUtils.java:logGet(46)) - raft.datastream.type = NETTY (custom)
2023-11-06 15:54:26,153 INFO  netty.NettyConfigKeys$DataStream (ConfUtils.java:logGet(46)) - raft.netty.dataStream.client.tls.conf = null (default)
2023-11-06 15:54:26,154 INFO  netty.NettyConfigKeys$DataStream (ConfUtils.java:logGet(46)) - raft.netty.dataStream.client.worker-group.share = true (default)
2023-11-06 15:54:26,159 INFO  logging.LoggingHandler (AbstractInternalLogger.java:log(148)) - [id: 0xb858cde7, L:/0.0.0.0:44197] READ: [id: 0x68371441, L:/127.0.0.1:44197 - R:/127.0.0.1:39360]
2023-11-06 15:54:26,160 INFO  logging.LoggingHandler (AbstractInternalLogger.java:log(148)) - [id: 0xb858cde7, L:/0.0.0.0:44197] READ COMPLETE
2023-11-06 15:54:26,175 INFO  logging.LoggingHandler (AbstractInternalLogger.java:log(148)) - [id: 0xb858cde7, L:/0.0.0.0:44197] READ: [id: 0x1919e24d, L:/127.0.0.1:44197 - R:/127.0.0.1:39368]
2023-11-06 15:54:26,175 INFO  logging.LoggingHandler (AbstractInternalLogger.java:log(148)) - [id: 0xb858cde7, L:/0.0.0.0:44197] READ COMPLETE
2023-11-06 15:54:32,409 INFO  impl.MiniRaftCluster (MiniRaftCluster.java:lambda$start$6(349)) - TIMED-PRINT: printing ALL groups
  s0:  RUNNING  FOLLOWER s0@group-6D2E0DB5C585:t1, leader=s2, voted=s0, raftlog=Memoized:s0@group-6D2E0DB5C585-SegmentedRaftLog:OPENED:c10, conf=0: peers:[s0|localhost:33791, s1|localhost:36503, s2|localhost:37753]|listeners:[], old=null RUNNING
  s1:  RUNNING  FOLLOWER s1@group-6D2E0DB5C585:t1, leader=s2, voted=s2, raftlog=Memoized:s1@group-6D2E0DB5C585-SegmentedRaftLog:OPENED:c10, conf=0: peers:[s0|localhost:33791, s1|localhost:36503, s2|localhost:37753]|listeners:[], old=null RUNNING
  s2:  RUNNING    LEADER s2@group-6D2E0DB5C585:t1, leader=s2, voted=s2, raftlog=Memoized:s2@group-6D2E0DB5C585-SegmentedRaftLog:OPENED:c10, conf=0: peers:[s0|localhost:33791, s1|localhost:36503, s2|localhost:37753]|listeners:[], old=null RUNNING
2023-11-06 15:54:36,570 INFO  statemachine.StateMachine (FileStoreStateMachine.java:link(211)) - linking org.apache.ratis.examples.filestore.FileStoreStateMachine$LocalStream@3c600f4e
2023-11-06 15:54:36,573 INFO  statemachine.StateMachine (FileStoreStateMachine.java:link(211)) - linking org.apache.ratis.examples.filestore.FileStoreStateMachine$LocalStream@2e27c544
2023-11-06 15:54:36,573 INFO  statemachine.StateMachine (FileStoreStateMachine.java:link(211)) - linking org.apache.ratis.examples.filestore.FileStoreStateMachine$LocalStream@6c63d9b9
2023-11-06 15:54:36,606 INFO  statemachine.StateMachine (FileStoreStateMachine.java:link(211)) - linking org.apache.ratis.examples.filestore.FileStoreStateMachine$LocalStream@153fe3b7
2023-11-06 15:54:36,608 INFO  statemachine.StateMachine (FileStoreStateMachine.java:link(211)) - linking org.apache.ratis.examples.filestore.FileStoreStateMachine$LocalStream@473dd0b2
2023-11-06 15:54:36,609 INFO  statemachine.StateMachine (FileStoreStateMachine.java:link(211)) - linking org.apache.ratis.examples.filestore.FileStoreStateMachine$LocalStream@685c50ed
2023-11-06 15:54:37,189 INFO  statemachine.StateMachine (FileStoreStateMachine.java:link(211)) - linking org.apache.ratis.examples.filestore.FileStoreStateMachine$LocalStream@7ae067fb
2023-11-06 15:54:37,191 INFO  statemachine.StateMachine (FileStoreStateMachine.java:link(211)) - linking org.apache.ratis.examples.filestore.FileStoreStateMachine$LocalStream@49c2ed75
2023-11-06 15:54:37,192 INFO  statemachine.StateMachine (FileStoreStateMachine.java:link(211)) - linking org.apache.ratis.examples.filestore.FileStoreStateMachine$LocalStream@61e5eff9
2023-11-06 15:54:37,402 INFO  statemachine.StateMachine (FileStoreStateMachine.java:link(211)) - linking org.apache.ratis.examples.filestore.FileStoreStateMachine$LocalStream@1eb55af0
2023-11-06 15:54:37,404 INFO  statemachine.StateMachine (FileStoreStateMachine.java:link(211)) - linking org.apache.ratis.examples.filestore.FileStoreStateMachine$LocalStream@58161e98
2023-11-06 15:54:37,405 INFO  statemachine.StateMachine (FileStoreStateMachine.java:link(211)) - linking org.apache.ratis.examples.filestore.FileStoreStateMachine$LocalStream@1173b8f0
2023-11-06 15:54:37,411 INFO  statemachine.StateMachine (FileStoreStateMachine.java:link(211)) - linking org.apache.ratis.examples.filestore.FileStoreStateMachine$LocalStream@6dea7acf
2023-11-06 15:54:37,412 INFO  statemachine.StateMachine (FileStoreStateMachine.java:link(211)) - linking org.apache.ratis.examples.filestore.FileStoreStateMachine$LocalStream@226fa3dd
2023-11-06 15:54:37,415 INFO  statemachine.StateMachine (FileStoreStateMachine.java:link(211)) - linking org.apache.ratis.examples.filestore.FileStoreStateMachine$LocalStream@2ec3f30d
2023-11-06 15:54:38,327 INFO  statemachine.StateMachine (FileStoreStateMachine.java:link(211)) - linking org.apache.ratis.examples.filestore.FileStoreStateMachine$LocalStream@382937dd
2023-11-06 15:54:38,328 INFO  statemachine.StateMachine (FileStoreStateMachine.java:link(211)) - linking org.apache.ratis.examples.filestore.FileStoreStateMachine$LocalStream@2d5ed382
2023-11-06 15:54:38,329 INFO  statemachine.StateMachine (FileStoreStateMachine.java:link(211)) - linking org.apache.ratis.examples.filestore.FileStoreStateMachine$LocalStream@7c9acf9
2023-11-06 15:54:38,595 INFO  statemachine.StateMachine (FileStoreStateMachine.java:link(211)) - linking org.apache.ratis.examples.filestore.FileStoreStateMachine$LocalStream@72af7e49
2023-11-06 15:54:38,596 INFO  statemachine.StateMachine (FileStoreStateMachine.java:link(211)) - linking org.apache.ratis.examples.filestore.FileStoreStateMachine$LocalStream@6eabd7f6
2023-11-06 15:54:38,596 INFO  statemachine.StateMachine (FileStoreStateMachine.java:link(211)) - linking org.apache.ratis.examples.filestore.FileStoreStateMachine$LocalStream@66615bc3
2023-11-06 15:54:38,609 INFO  statemachine.StateMachine (FileStoreStateMachine.java:link(211)) - linking org.apache.ratis.examples.filestore.FileStoreStateMachine$LocalStream@7335ea72
2023-11-06 15:54:38,610 INFO  statemachine.StateMachine (FileStoreStateMachine.java:link(211)) - linking org.apache.ratis.examples.filestore.FileStoreStateMachine$LocalStream@30dc3613
2023-11-06 15:54:38,610 INFO  statemachine.StateMachine (FileStoreStateMachine.java:link(211)) - linking org.apache.ratis.examples.filestore.FileStoreStateMachine$LocalStream@28b5fad1
2023-11-06 15:54:39,319 INFO  statemachine.StateMachine (FileStoreStateMachine.java:link(211)) - linking org.apache.ratis.examples.filestore.FileStoreStateMachine$LocalStream@3b5d818c
2023-11-06 15:54:39,321 INFO  statemachine.StateMachine (FileStoreStateMachine.java:link(211)) - linking org.apache.ratis.examples.filestore.FileStoreStateMachine$LocalStream@6ff21a9e
2023-11-06 15:54:39,322 INFO  statemachine.StateMachine (FileStoreStateMachine.java:link(211)) - linking org.apache.ratis.examples.filestore.FileStoreStateMachine$LocalStream@40bfd381
2023-11-06 15:54:39,349 INFO  statemachine.StateMachine (FileStoreStateMachine.java:link(211)) - linking org.apache.ratis.examples.filestore.FileStoreStateMachine$LocalStream@78babe37
2023-11-06 15:54:39,350 INFO  statemachine.StateMachine (FileStoreStateMachine.java:link(211)) - linking org.apache.ratis.examples.filestore.FileStoreStateMachine$LocalStream@1277870e
2023-11-06 15:54:39,350 INFO  statemachine.StateMachine (FileStoreStateMachine.java:link(211)) - linking org.apache.ratis.examples.filestore.FileStoreStateMachine$LocalStream@5e18c7f6
2023-11-06 15:54:39,355 INFO  impl.MiniRaftCluster (MiniRaftCluster.java:shutdown(831)) - ************************************************************** 
2023-11-06 15:54:39,356 INFO  impl.MiniRaftCluster (MiniRaftCluster.java:shutdown(832)) - *** 
2023-11-06 15:54:39,356 INFO  impl.MiniRaftCluster (MiniRaftCluster.java:shutdown(833)) - ***     Stopping MiniRaftClusterWithRpcTypeGrpcAndDataStreamTypeNetty
2023-11-06 15:54:39,356 INFO  impl.MiniRaftCluster (MiniRaftCluster.java:shutdown(834)) - *** 
2023-11-06 15:54:39,356 INFO  impl.MiniRaftCluster (MiniRaftCluster.java:shutdown(835)) - ************************************************************** 
2023-11-06 15:54:39,356 INFO  impl.MiniRaftCluster (MiniRaftCluster.java:shutdown(836)) - printing ALL groups
  s0:  RUNNING  FOLLOWER s0@group-6D2E0DB5C585:t1, leader=s2, voted=s0, raftlog=Memoized:s0@group-6D2E0DB5C585-SegmentedRaftLog:OPENED:c28, conf=0: peers:[s0|localhost:33791, s1|localhost:36503, s2|localhost:37753]|listeners:[], old=null RUNNING
  s1:  RUNNING  FOLLOWER s1@group-6D2E0DB5C585:t1, leader=s2, voted=s2, raftlog=Memoized:s1@group-6D2E0DB5C585-SegmentedRaftLog:OPENED:c28, conf=0: peers:[s0|localhost:33791, s1|localhost:36503, s2|localhost:37753]|listeners:[], old=null RUNNING
  s2:  RUNNING    LEADER s2@group-6D2E0DB5C585:t1, leader=s2, voted=s2, raftlog=Memoized:s2@group-6D2E0DB5C585-SegmentedRaftLog:OPENED:c29, conf=0: peers:[s0|localhost:33791, s1|localhost:36503, s2|localhost:37753]|listeners:[], old=null RUNNING
2023-11-06 15:54:39,361 INFO  server.RaftServer (RaftServerProxy.java:lambda$close$9(416)) - s0: close
2023-11-06 15:54:39,362 INFO  server.GrpcService (GrpcService.java:closeImpl(311)) - s0: shutdown server org.apache.ratis.grpc.server.GrpcClientProtocolService now
2023-11-06 15:54:39,362 INFO  server.RaftServer$Division (RaftServerImpl.java:lambda$close$3(514)) - s0@group-6D2E0DB5C585: shutdown
2023-11-06 15:54:39,366 INFO  util.JmxRegister (JmxRegister.java:unregister(73)) - Successfully un-registered JMX Bean with object name Ratis:service=RaftServer,group=group-6D2E0DB5C585,id=s0
2023-11-06 15:54:39,366 INFO  impl.RoleInfo (RoleInfo.java:shutdownFollowerState(109)) - s0: shutdown s0@group-6D2E0DB5C585-FollowerState
2023-11-06 15:54:39,366 INFO  impl.StateMachineUpdater (StateMachineUpdater.java:stopAndJoin(157)) - s0@group-6D2E0DB5C585-StateMachineUpdater: set stopIndex = 29
2023-11-06 15:54:39,366 INFO  impl.FollowerState (FollowerState.java:run(152)) - s0@group-6D2E0DB5C585-FollowerState was interrupted
2023-11-06 15:54:39,364 INFO  server.RaftServer (RaftServerProxy.java:lambda$close$9(416)) - s1: close
2023-11-06 15:54:39,366 INFO  server.RaftServer$Division (RaftServerImpl.java:lambda$close$3(514)) - s1@group-6D2E0DB5C585: shutdown
2023-11-06 15:54:39,367 INFO  util.JmxRegister (JmxRegister.java:unregister(73)) - Successfully un-registered JMX Bean with object name Ratis:service=RaftServer,group=group-6D2E0DB5C585,id=s1
2023-11-06 15:54:39,367 INFO  impl.RoleInfo (RoleInfo.java:shutdownFollowerState(109)) - s1: shutdown s1@group-6D2E0DB5C585-FollowerState
2023-11-06 15:54:39,367 INFO  impl.FollowerState (FollowerState.java:run(152)) - s1@group-6D2E0DB5C585-FollowerState was interrupted
2023-11-06 15:54:39,366 INFO  server.GrpcService (GrpcService.java:closeImpl(311)) - s1: shutdown server org.apache.ratis.grpc.server.GrpcClientProtocolService now
2023-11-06 15:54:39,367 INFO  impl.StateMachineUpdater (StateMachineUpdater.java:stopAndJoin(157)) - s1@group-6D2E0DB5C585-StateMachineUpdater: set stopIndex = 29
2023-11-06 15:54:39,370 INFO  server.RaftServer (RaftServerProxy.java:lambda$close$9(416)) - s2: close
2023-11-06 15:54:39,371 INFO  server.GrpcService (GrpcService.java:closeImpl(311)) - s2: shutdown server org.apache.ratis.grpc.server.GrpcClientProtocolService now
2023-11-06 15:54:39,371 INFO  server.RaftServer$Division (ServerState.java:close(423)) - s1@group-6D2E0DB5C585: applyIndex: -1
2023-11-06 15:54:39,371 INFO  server.RaftServer$Division (RaftServerImpl.java:lambda$close$3(514)) - s2@group-6D2E0DB5C585: shutdown
2023-11-06 15:54:39,371 INFO  util.AwaitToRun (AwaitToRun.java:run(49)) - s1@group-6D2E0DB5C585-cacheEviction-AwaitToRun-AwaitForSignal is interrupted
2023-11-06 15:54:39,371 INFO  util.JmxRegister (JmxRegister.java:unregister(73)) - Successfully un-registered JMX Bean with object name Ratis:service=RaftServer,group=group-6D2E0DB5C585,id=s2
2023-11-06 15:54:39,371 INFO  impl.RoleInfo (RoleInfo.java:shutdownLeaderState(92)) - s2: shutdown s2@group-6D2E0DB5C585-LeaderStateImpl
2023-11-06 15:54:39,372 INFO  impl.PendingRequests (PendingRequests.java:sendNotLeaderResponses(289)) - s2@group-6D2E0DB5C585-PendingRequests: sendNotLeaderResponses
2023-11-06 15:54:39,373 WARN  server.GrpcLogAppender (GrpcLogAppender.java:mayWait(211)) - s2@group-6D2E0DB5C585->s1-GrpcLogAppender: Wait interrupted by java.lang.InterruptedException
2023-11-06 15:54:39,374 INFO  server.RaftServer$Division (ServerState.java:close(423)) - s0@group-6D2E0DB5C585: applyIndex: -1
2023-11-06 15:54:39,374 WARN  server.GrpcLogAppender (GrpcLogAppender.java:mayWait(211)) - s2@group-6D2E0DB5C585->s0-GrpcLogAppender: Wait interrupted by java.lang.InterruptedException
2023-11-06 15:54:39,376 INFO  server.GrpcServerProtocolService (GrpcServerProtocolService.java:onCompleted(157)) - s1: Completed APPEND_ENTRIES, lastRequest: s2->s1#261-t1,previous=(t:1, i:29),leaderCommit=29,initializing? true,entries: size=1, first=(t:1, i:30), METADATAENTRY(c:29)
2023-11-06 15:54:39,376 INFO  server.GrpcServerProtocolService (GrpcServerProtocolService.java:lambda$onCompleted$5(159)) - s1: Completed APPEND_ENTRIES, lastReply: null
2023-11-06 15:54:39,377 INFO  server.GrpcLogAppender (GrpcLogAppender.java:onCompleted(468)) - s2@group-6D2E0DB5C585->s1-AppendLogResponseHandler: follower responses appendEntries COMPLETED
2023-11-06 15:54:39,377 INFO  server.GrpcServerProtocolService (GrpcServerProtocolService.java:onCompleted(157)) - s1: Completed APPEND_ENTRIES, lastRequest: null
2023-11-06 15:54:39,380 INFO  util.AwaitToRun (AwaitToRun.java:run(49)) - s0@group-6D2E0DB5C585-cacheEviction-AwaitToRun-AwaitForSignal is interrupted
2023-11-06 15:54:39,377 INFO  server.GrpcServerProtocolService (GrpcServerProtocolService.java:onCompleted(157)) - s0: Completed APPEND_ENTRIES, lastRequest: null
2023-11-06 15:54:39,377 INFO  server.GrpcServerProtocolService (GrpcServerProtocolService.java:onCompleted(157)) - s0: Completed APPEND_ENTRIES, lastRequest: s2->s0#273-t1,previous=(t:1, i:29),leaderCommit=29,initializing? true,entries: size=1, first=(t:1, i:30), METADATAENTRY(c:29)
2023-11-06 15:54:39,383 INFO  server.GrpcServerProtocolService (GrpcServerProtocolService.java:lambda$onCompleted$5(159)) - s0: Completed APPEND_ENTRIES, lastReply: null
2023-11-06 15:54:39,384 INFO  server.GrpcLogAppender (GrpcLogAppender.java:onCompleted(468)) - s2@group-6D2E0DB5C585->s0-AppendLogResponseHandler: follower responses appendEntries COMPLETED
2023-11-06 15:54:39,423 INFO  impl.StateMachineUpdater (StateMachineUpdater.java:stopAndJoin(157)) - s2@group-6D2E0DB5C585-StateMachineUpdater: set stopIndex = 30
2023-11-06 15:54:39,424 INFO  server.RaftServer$Division (ServerState.java:close(423)) - s2@group-6D2E0DB5C585: applyIndex: -1
2023-11-06 15:54:39,425 INFO  util.AwaitToRun (AwaitToRun.java:run(49)) - s2@group-6D2E0DB5C585-cacheEviction-AwaitToRun-AwaitForSignal is interrupted
2023-11-06 15:54:39,434 INFO  server.GrpcServerProtocolClient (GrpcServerProtocolClient.java:close(103)) - s1 Close channels
2023-11-06 15:54:39,437 INFO  server.GrpcServerProtocolClient (GrpcServerProtocolClient.java:close(103)) - s0 Close channels
2023-11-06 15:54:39,437 INFO  server.GrpcServerProtocolClient (GrpcServerProtocolClient.java:close(103)) - s2 Close channels
2023-11-06 15:54:39,438 INFO  server.GrpcServerProtocolClient (GrpcServerProtocolClient.java:close(103)) - s0 Close channels
2023-11-06 15:54:39,444 INFO  server.GrpcServerProtocolClient (GrpcServerProtocolClient.java:close(103)) - s2 Close channels
2023-11-06 15:54:39,446 INFO  server.GrpcService (GrpcService.java:closeImpl(320)) - s1: shutdown server org.apache.ratis.grpc.server.GrpcClientProtocolService successfully
2023-11-06 15:54:39,446 INFO  server.GrpcService (GrpcService.java:closeImpl(311)) - s1: shutdown server GrpcServerProtocolService now
2023-11-06 15:54:39,456 INFO  server.GrpcServerProtocolClient (GrpcServerProtocolClient.java:close(103)) - s1 Close channels
2023-11-06 15:54:39,458 INFO  server.GrpcService (GrpcService.java:closeImpl(320)) - s0: shutdown server org.apache.ratis.grpc.server.GrpcClientProtocolService successfully
2023-11-06 15:54:39,458 INFO  server.GrpcService (GrpcService.java:closeImpl(311)) - s0: shutdown server GrpcServerProtocolService now
2023-11-06 15:54:39,459 INFO  server.GrpcLogAppender (GrpcLogAppender.java:onError(456)) - s2@group-6D2E0DB5C585->s1-GrpcLogAppender is already stopped
2023-11-06 15:54:39,478 INFO  server.GrpcService (GrpcService.java:closeImpl(320)) - s1: shutdown server GrpcServerProtocolService successfully
2023-11-06 15:54:39,479 INFO  server.GrpcService (GrpcService.java:closeImpl(311)) - s1: shutdown server org.apache.ratis.grpc.server.GrpcAdminProtocolService now
2023-11-06 15:54:39,489 INFO  server.GrpcLogAppender (GrpcLogAppender.java:onError(456)) - s2@group-6D2E0DB5C585->s0-GrpcLogAppender is already stopped
2023-11-06 15:54:39,495 INFO  server.GrpcService (GrpcService.java:closeImpl(320)) - s2: shutdown server org.apache.ratis.grpc.server.GrpcClientProtocolService successfully
2023-11-06 15:54:39,495 INFO  server.GrpcService (GrpcService.java:closeImpl(311)) - s2: shutdown server GrpcServerProtocolService now
2023-11-06 15:54:39,496 INFO  server.GrpcService (GrpcService.java:closeImpl(320)) - s0: shutdown server GrpcServerProtocolService successfully
2023-11-06 15:54:39,496 INFO  server.GrpcService (GrpcService.java:closeImpl(311)) - s0: shutdown server org.apache.ratis.grpc.server.GrpcAdminProtocolService now
2023-11-06 15:54:39,500 INFO  server.GrpcService (GrpcService.java:closeImpl(320)) - s1: shutdown server org.apache.ratis.grpc.server.GrpcAdminProtocolService successfully
2023-11-06 15:54:39,501 INFO  logging.LoggingHandler (AbstractInternalLogger.java:log(148)) - [id: 0x0371f314, L:/0.0.0.0:42603] CLOSE
2023-11-06 15:54:39,501 INFO  logging.LoggingHandler (AbstractInternalLogger.java:log(148)) - [id: 0x0371f314, L:0.0.0.0/0.0.0.0:42603] INACTIVE
2023-11-06 15:54:39,501 INFO  logging.LoggingHandler (AbstractInternalLogger.java:log(148)) - [id: 0x0371f314, L:0.0.0.0/0.0.0.0:42603] UNREGISTERED
2023-11-06 15:54:39,508 INFO  server.GrpcService (GrpcService.java:closeImpl(320)) - s2: shutdown server GrpcServerProtocolService successfully
2023-11-06 15:54:39,508 INFO  server.GrpcService (GrpcService.java:closeImpl(311)) - s2: shutdown server org.apache.ratis.grpc.server.GrpcAdminProtocolService now
2023-11-06 15:54:39,525 INFO  server.GrpcService (GrpcService.java:closeImpl(320)) - s0: shutdown server org.apache.ratis.grpc.server.GrpcAdminProtocolService successfully
2023-11-06 15:54:39,525 INFO  server.GrpcService (GrpcService.java:closeImpl(320)) - s2: shutdown server org.apache.ratis.grpc.server.GrpcAdminProtocolService successfully
2023-11-06 15:54:39,532 INFO  server.GrpcServerProtocolService (GrpcServerProtocolService.java:lambda$onCompleted$5(159)) - s1: Completed APPEND_ENTRIES, lastReply: serverReply {
  requestorId: "s2"
  replyId: "s1"
  raftGroupId {
    id: "\f\033\244\2666\316M\001\245\200m.\r\265\305\205"
  }
  callId: 256
  success: true
}
term: 1
nextIndex: 29
followerCommit: 27
matchIndex: 18446744073709551615
isHearbeat: true

2023-11-06 15:54:39,532 INFO  logging.LoggingHandler (AbstractInternalLogger.java:log(148)) - [id: 0xaee6bbbc, L:/0.0.0.0:45785] CLOSE
2023-11-06 15:54:39,533 INFO  logging.LoggingHandler (AbstractInternalLogger.java:log(148)) - [id: 0xaee6bbbc, L:0.0.0.0/0.0.0.0:45785] INACTIVE
2023-11-06 15:54:39,533 INFO  logging.LoggingHandler (AbstractInternalLogger.java:log(148)) - [id: 0xaee6bbbc, L:0.0.0.0/0.0.0.0:45785] UNREGISTERED
2023-11-06 15:54:39,533 WARN  client.NettyClientStreamRpc (NettyClientStreamRpc.java:scheduleReconnect(197)) - Connection-localhost/127.0.0.1:42603: channel is inactive; schedule reconnecting to localhost/127.0.0.1:42603 in 100ms
2023-11-06 15:54:39,534 INFO  logging.LoggingHandler (AbstractInternalLogger.java:log(148)) - [id: 0xb858cde7, L:/0.0.0.0:44197] CLOSE
2023-11-06 15:54:39,534 INFO  logging.LoggingHandler (AbstractInternalLogger.java:log(148)) - [id: 0xb858cde7, L:0.0.0.0/0.0.0.0:44197] INACTIVE
2023-11-06 15:54:39,534 INFO  logging.LoggingHandler (AbstractInternalLogger.java:log(148)) - [id: 0xb858cde7, L:0.0.0.0/0.0.0.0:44197] UNREGISTERED
2023-11-06 15:54:39,534 INFO  server.GrpcServerProtocolService (GrpcServerProtocolService.java:lambda$onCompleted$5(159)) - s0: Completed APPEND_ENTRIES, lastReply: serverReply {
  requestorId: "s2"
  replyId: "s0"
  raftGroupId {
    id: "\f\033\244\2666\316M\001\245\200m.\r\265\305\205"
  }
  callId: 267
  success: true
}
term: 1
nextIndex: 27
followerCommit: 26
matchIndex: 18446744073709551615
isHearbeat: true

2023-11-06 15:54:39,541 INFO  server.DataStreamManagement (DataStreamManagement.java:lambda$cleanUpOnChannelInactive$6(429)) - Channel 4168c01b is inactive, cleanup clientInvocationIds=[]
2023-11-06 15:54:39,542 INFO  server.DataStreamManagement (DataStreamManagement.java:lambda$cleanUpOnChannelInactive$6(429)) - Channel 45594b4b is inactive, cleanup clientInvocationIds=[]
2023-11-06 15:54:39,542 WARN  client.NettyClientStreamRpc (NettyClientStreamRpc.java:scheduleReconnect(197)) - Connection-localhost/127.0.0.1:42603: channel is inactive; schedule reconnecting to localhost/127.0.0.1:42603 in 100ms
2023-11-06 15:54:39,542 WARN  client.NettyClientStreamRpc (NettyClientStreamRpc.java:scheduleReconnect(197)) - Connection-localhost/127.0.0.1:42603: channel is inactive; schedule reconnecting to localhost/127.0.0.1:42603 in 100ms
2023-11-06 15:54:39,543 WARN  client.NettyClientStreamRpc (NettyClientStreamRpc.java:scheduleReconnect(197)) - Connection-localhost/127.0.0.1:44197: channel is inactive; schedule reconnecting to localhost/127.0.0.1:44197 in 100ms
2023-11-06 15:54:39,544 WARN  client.NettyClientStreamRpc (NettyClientStreamRpc.java:scheduleReconnect(197)) - Connection-localhost/127.0.0.1:42603: channel is inactive; schedule reconnecting to localhost/127.0.0.1:42603 in 100ms
2023-11-06 15:54:39,544 WARN  client.NettyClientStreamRpc (NettyClientStreamRpc.java:scheduleReconnect(197)) - Connection-localhost/127.0.0.1:42603: channel is inactive; schedule reconnecting to localhost/127.0.0.1:42603 in 100ms
2023-11-06 15:54:39,534 WARN  client.NettyClientStreamRpc (NettyClientStreamRpc.java:scheduleReconnect(197)) - Connection-localhost/127.0.0.1:42603: channel is inactive; schedule reconnecting to localhost/127.0.0.1:42603 in 100ms
2023-11-06 15:54:39,548 WARN  client.NettyClientStreamRpc (NettyClientStreamRpc.java:scheduleReconnect(197)) - Connection-localhost/127.0.0.1:44197: channel is inactive; schedule reconnecting to localhost/127.0.0.1:44197 in 100ms
2023-11-06 15:54:39,548 WARN  client.NettyClientStreamRpc (NettyClientStreamRpc.java:scheduleReconnect(197)) - Connection-localhost/127.0.0.1:44197: channel is inactive; schedule reconnecting to localhost/127.0.0.1:44197 in 100ms
2023-11-06 15:54:39,548 WARN  client.NettyClientStreamRpc (NettyClientStreamRpc.java:scheduleReconnect(197)) - Connection-localhost/127.0.0.1:42603: channel is inactive; schedule reconnecting to localhost/127.0.0.1:42603 in 100ms
2023-11-06 15:54:39,541 INFO  server.DataStreamManagement (DataStreamManagement.java:lambda$cleanUpOnChannelInactive$6(429)) - Channel 508d387d is inactive, cleanup clientInvocationIds=[]
2023-11-06 15:54:39,549 INFO  server.DataStreamManagement (DataStreamManagement.java:lambda$cleanUpOnChannelInactive$6(429)) - Channel 68371441 is inactive, cleanup clientInvocationIds=[]
2023-11-06 15:54:39,542 INFO  server.DataStreamManagement (DataStreamManagement.java:lambda$cleanUpOnChannelInactive$6(429)) - Channel fb8b2b4e is inactive, cleanup clientInvocationIds=[]
2023-11-06 15:54:39,549 INFO  server.DataStreamManagement (DataStreamManagement.java:lambda$cleanUpOnChannelInactive$6(429)) - Channel 1919e24d is inactive, cleanup clientInvocationIds=[]
2023-11-06 15:54:39,542 INFO  server.DataStreamManagement (DataStreamManagement.java:lambda$cleanUpOnChannelInactive$6(429)) - Channel bb382d5e is inactive, cleanup clientInvocationIds=[]
2023-11-06 15:54:39,550 INFO  server.DataStreamManagement (DataStreamManagement.java:lambda$cleanUpOnChannelInactive$6(429)) - Channel ce27f347 is inactive, cleanup clientInvocationIds=[]
2023-11-06 15:54:39,542 WARN  client.NettyClientStreamRpc (NettyClientStreamRpc.java:scheduleReconnect(197)) - Connection-localhost/127.0.0.1:44197: channel is inactive; schedule reconnecting to localhost/127.0.0.1:44197 in 100ms
2023-11-06 15:54:39,550 WARN  client.NettyClientStreamRpc (NettyClientStreamRpc.java:scheduleReconnect(197)) - Connection-localhost/127.0.0.1:44197: channel is inactive; schedule reconnecting to localhost/127.0.0.1:44197 in 100ms
2023-11-06 15:54:39,550 WARN  client.NettyClientStreamRpc (NettyClientStreamRpc.java:scheduleReconnect(197)) - Connection-localhost/127.0.0.1:44197: channel is inactive; schedule reconnecting to localhost/127.0.0.1:44197 in 100ms
2023-11-06 15:54:39,543 WARN  client.NettyClientStreamRpc (NettyClientStreamRpc.java:scheduleReconnect(197)) - Connection-localhost/127.0.0.1:44197: channel is inactive; schedule reconnecting to localhost/127.0.0.1:44197 in 100ms
2023-11-06 15:54:39,550 WARN  client.NettyClientStreamRpc (NettyClientStreamRpc.java:scheduleReconnect(197)) - Connection-localhost/127.0.0.1:44197: channel is inactive; schedule reconnecting to localhost/127.0.0.1:44197 in 100ms
2023-11-06 15:54:39,550 WARN  client.NettyClientStreamRpc (NettyClientStreamRpc.java:scheduleReconnect(197)) - Connection-localhost/127.0.0.1:42603: channel is inactive; schedule reconnecting to localhost/127.0.0.1:42603 in 100ms
2023-11-06 15:54:39,544 INFO  server.DataStreamManagement (DataStreamManagement.java:lambda$cleanUpOnChannelInactive$6(429)) - Channel 22934c43 is inactive, cleanup clientInvocationIds=[]
2023-11-06 15:54:39,550 INFO  server.DataStreamManagement (DataStreamManagement.java:lambda$cleanUpOnChannelInactive$6(429)) - Channel ccca10b6 is inactive, cleanup clientInvocationIds=[]
2023-11-06 15:54:39,544 INFO  server.DataStreamManagement (DataStreamManagement.java:lambda$cleanUpOnChannelInactive$6(429)) - Channel afb1885d is inactive, cleanup clientInvocationIds=[]
2023-11-06 15:54:39,551 INFO  server.DataStreamManagement (DataStreamManagement.java:lambda$cleanUpOnChannelInactive$6(429)) - Channel 7f7492ce is inactive, cleanup clientInvocationIds=[]
2023-11-06 15:54:39,544 INFO  server.DataStreamManagement (DataStreamManagement.java:lambda$cleanUpOnChannelInactive$6(429)) - Channel aa80d0ed is inactive, cleanup clientInvocationIds=[]
2023-11-06 15:54:39,551 INFO  server.DataStreamManagement (DataStreamManagement.java:lambda$cleanUpOnChannelInactive$6(429)) - Channel f13ec92c is inactive, cleanup clientInvocationIds=[]
2023-11-06 15:54:39,544 INFO  server.DataStreamManagement (DataStreamManagement.java:lambda$cleanUpOnChannelInactive$6(429)) - Channel 94bcf5e1 is inactive, cleanup clientInvocationIds=[]
2023-11-06 15:54:39,552 INFO  server.DataStreamManagement (DataStreamManagement.java:lambda$cleanUpOnChannelInactive$6(429)) - Channel 4259427f is inactive, cleanup clientInvocationIds=[]
2023-11-06 15:54:39,555 INFO  server.DataStreamManagement (DataStreamManagement.java:lambda$cleanUpOnChannelInactive$6(429)) - Channel 67e4ce28 is inactive, cleanup clientInvocationIds=[]
2023-11-06 15:54:39,555 INFO  server.DataStreamManagement (DataStreamManagement.java:lambda$cleanUpOnChannelInactive$6(429)) - Channel 0a3f9f94 is inactive, cleanup clientInvocationIds=[]
2023-11-06 15:54:39,555 INFO  server.DataStreamManagement (DataStreamManagement.java:lambda$cleanUpOnChannelInactive$6(429)) - Channel 223b3fa4 is inactive, cleanup clientInvocationIds=[]
2023-11-06 15:54:39,556 INFO  server.DataStreamManagement (DataStreamManagement.java:lambda$cleanUpOnChannelInactive$6(429)) - Channel 00b0fa4e is inactive, cleanup clientInvocationIds=[]
2023-11-06 15:54:39,556 INFO  server.DataStreamManagement (DataStreamManagement.java:lambda$cleanUpOnChannelInactive$6(429)) - Channel 65d8b643 is inactive, cleanup clientInvocationIds=[]
2023-11-06 15:54:39,557 INFO  server.DataStreamManagement (DataStreamManagement.java:lambda$cleanUpOnChannelInactive$6(429)) - Channel 2a6524a9 is inactive, cleanup clientInvocationIds=[]
2023-11-06 15:54:39,557 INFO  server.DataStreamManagement (DataStreamManagement.java:lambda$cleanUpOnChannelInactive$6(429)) - Channel ddc3375d is inactive, cleanup clientInvocationIds=[]
2023-11-06 15:54:39,557 INFO  server.DataStreamManagement (DataStreamManagement.java:lambda$cleanUpOnChannelInactive$6(429)) - Channel 61d32fcf is inactive, cleanup clientInvocationIds=[]
2023-11-06 15:54:39,557 INFO  server.DataStreamManagement (DataStreamManagement.java:lambda$cleanUpOnChannelInactive$6(429)) - Channel 8ef1a951 is inactive, cleanup clientInvocationIds=[]
2023-11-06 15:54:39,557 INFO  server.DataStreamManagement (DataStreamManagement.java:lambda$cleanUpOnChannelInactive$6(429)) - Channel 507cfc42 is inactive, cleanup clientInvocationIds=[]
2023-11-06 15:54:39,557 INFO  server.DataStreamManagement (DataStreamManagement.java:lambda$cleanUpOnChannelInactive$6(429)) - Channel 28abaa1d is inactive, cleanup clientInvocationIds=[]
2023-11-06 15:54:39,558 INFO  server.DataStreamManagement (DataStreamManagement.java:lambda$cleanUpOnChannelInactive$6(429)) - Channel e908dba0 is inactive, cleanup clientInvocationIds=[]
2023-11-06 15:54:39,558 WARN  client.NettyClientStreamRpc (NettyClientStreamRpc.java:scheduleReconnect(197)) - Connection-localhost/127.0.0.1:45785: channel is inactive; schedule reconnecting to localhost/127.0.0.1:45785 in 100ms
2023-11-06 15:54:39,558 WARN  client.NettyClientStreamRpc (NettyClientStreamRpc.java:scheduleReconnect(197)) - Connection-localhost/127.0.0.1:45785: channel is inactive; schedule reconnecting to localhost/127.0.0.1:45785 in 100ms
2023-11-06 15:54:39,558 WARN  client.NettyClientStreamRpc (NettyClientStreamRpc.java:scheduleReconnect(197)) - Connection-localhost/127.0.0.1:45785: channel is inactive; schedule reconnecting to localhost/127.0.0.1:45785 in 100ms
2023-11-06 15:54:39,558 WARN  client.NettyClientStreamRpc (NettyClientStreamRpc.java:scheduleReconnect(197)) - Connection-localhost/127.0.0.1:45785: channel is inactive; schedule reconnecting to localhost/127.0.0.1:45785 in 100ms
2023-11-06 15:54:39,559 WARN  client.NettyClientStreamRpc (NettyClientStreamRpc.java:scheduleReconnect(197)) - Connection-localhost/127.0.0.1:45785: channel is inactive; schedule reconnecting to localhost/127.0.0.1:45785 in 100ms
2023-11-06 15:54:39,559 WARN  client.NettyClientStreamRpc (NettyClientStreamRpc.java:scheduleReconnect(197)) - Connection-localhost/127.0.0.1:45785: channel is inactive; schedule reconnecting to localhost/127.0.0.1:45785 in 100ms
2023-11-06 15:54:39,559 WARN  client.NettyClientStreamRpc (NettyClientStreamRpc.java:scheduleReconnect(197)) - Connection-localhost/127.0.0.1:45785: channel is inactive; schedule reconnecting to localhost/127.0.0.1:45785 in 100ms
2023-11-06 15:54:39,559 WARN  client.NettyClientStreamRpc (NettyClientStreamRpc.java:scheduleReconnect(197)) - Connection-localhost/127.0.0.1:45785: channel is inactive; schedule reconnecting to localhost/127.0.0.1:45785 in 100ms
2023-11-06 15:54:39,559 WARN  client.NettyClientStreamRpc (NettyClientStreamRpc.java:scheduleReconnect(197)) - Connection-localhost/127.0.0.1:45785: channel is inactive; schedule reconnecting to localhost/127.0.0.1:45785 in 100ms
2023-11-06 15:54:39,560 WARN  client.NettyClientStreamRpc (NettyClientStreamRpc.java:scheduleReconnect(197)) - Connection-localhost/127.0.0.1:45785: channel is inactive; schedule reconnecting to localhost/127.0.0.1:45785 in 100ms
2023-11-06 15:54:39,560 WARN  client.NettyClientStreamRpc (NettyClientStreamRpc.java:scheduleReconnect(197)) - Connection-localhost/127.0.0.1:45785: channel is inactive; schedule reconnecting to localhost/127.0.0.1:45785 in 100ms
2023-11-06 15:54:39,560 WARN  client.NettyClientStreamRpc (NettyClientStreamRpc.java:scheduleReconnect(197)) - Connection-localhost/127.0.0.1:45785: channel is inactive; schedule reconnecting to localhost/127.0.0.1:45785 in 100ms
2023-11-06 15:54:39,560 WARN  client.NettyClientStreamRpc (NettyClientStreamRpc.java:scheduleReconnect(197)) - Connection-localhost/127.0.0.1:45785: channel is inactive; schedule reconnecting to localhost/127.0.0.1:45785 in 100ms
2023-11-06 15:54:39,560 WARN  client.NettyClientStreamRpc (NettyClientStreamRpc.java:scheduleReconnect(197)) - Connection-localhost/127.0.0.1:45785: channel is inactive; schedule reconnecting to localhost/127.0.0.1:45785 in 100ms
2023-11-06 15:54:39,560 WARN  client.NettyClientStreamRpc (NettyClientStreamRpc.java:scheduleReconnect(197)) - Connection-localhost/127.0.0.1:45785: channel is inactive; schedule reconnecting to localhost/127.0.0.1:45785 in 100ms
2023-11-06 15:54:39,560 INFO  server.DataStreamManagement (DataStreamManagement.java:lambda$cleanUpOnChannelInactive$6(429)) - Channel c9d9f0eb is inactive, cleanup clientInvocationIds=[]
2023-11-06 15:54:39,560 INFO  server.DataStreamManagement (DataStreamManagement.java:lambda$cleanUpOnChannelInactive$6(429)) - Channel e4b3d3e9 is inactive, cleanup clientInvocationIds=[]
2023-11-06 15:54:39,560 INFO  server.DataStreamManagement (DataStreamManagement.java:lambda$cleanUpOnChannelInactive$6(429)) - Channel d7e6cb68 is inactive, cleanup clientInvocationIds=[]
2023-11-06 15:54:39,579 WARN  client.NettyClientStreamRpc (NettyClientStreamRpc.java:scheduleReconnect(197)) - Connection-localhost/127.0.0.1:44197: org.apache.ratis.netty.client.NettyClientStreamRpc$Connection$1@7a5fa141 failed; schedule reconnecting to localhost/127.0.0.1:44197 in 100ms
2023-11-06 15:54:39,579 WARN  client.NettyClientStreamRpc (NettyClientStreamRpc.java:scheduleReconnect(199)) - 
org.apache.ratis.thirdparty.io.netty.channel.AbstractChannel$AnnotatedConnectException: finishConnect(..) failed: Connection refused: localhost/127.0.0.1:44197
Caused by: java.net.ConnectException: finishConnect(..) failed: Connection refused
	at org.apache.ratis.thirdparty.io.netty.channel.unix.Errors.newConnectException0(Errors.java:166)
	at org.apache.ratis.thirdparty.io.netty.channel.unix.Errors.handleConnectErrno(Errors.java:131)
	at org.apache.ratis.thirdparty.io.netty.channel.unix.Socket.finishConnect(Socket.java:359)
	at org.apache.ratis.thirdparty.io.netty.channel.epoll.AbstractEpollChannel$AbstractEpollUnsafe.doFinishConnect(AbstractEpollChannel.java:710)
	at org.apache.ratis.thirdparty.io.netty.channel.epoll.AbstractEpollChannel$AbstractEpollUnsafe.finishConnect(AbstractEpollChannel.java:687)
	at org.apache.ratis.thirdparty.io.netty.channel.epoll.AbstractEpollChannel$AbstractEpollUnsafe.epollOutReady(AbstractEpollChannel.java:567)
	at org.apache.ratis.thirdparty.io.netty.channel.epoll.EpollEventLoop.processReady(EpollEventLoop.java:499)
	at org.apache.ratis.thirdparty.io.netty.channel.epoll.EpollEventLoop.run(EpollEventLoop.java:407)
	at org.apache.ratis.thirdparty.io.netty.util.concurrent.SingleThreadEventExecutor$4.run(SingleThreadEventExecutor.java:997)
	at org.apache.ratis.thirdparty.io.netty.util.internal.ThreadExecutorMap$2.run(ThreadExecutorMap.java:74)
	at java.base/java.lang.Thread.run(Thread.java:829)
2023-11-06 15:54:39,580 WARN  util.PeerProxyMap (PeerProxyMap.java:closeProxy(170)) - s1-NettyServerStreamRpc: Failed to close proxy for peer s2|localhost:37753, proxy class: class org.apache.ratis.client.impl.DataStreamClientImpl
org.apache.ratis.thirdparty.io.netty.channel.AbstractChannel$AnnotatedConnectException: finishConnect(..) failed: Connection refused: localhost/127.0.0.1:44197
Caused by: java.net.ConnectException: finishConnect(..) failed: Connection refused
	at org.apache.ratis.thirdparty.io.netty.channel.unix.Errors.newConnectException0(Errors.java:166)
	at org.apache.ratis.thirdparty.io.netty.channel.unix.Errors.handleConnectErrno(Errors.java:131)
	at org.apache.ratis.thirdparty.io.netty.channel.unix.Socket.finishConnect(Socket.java:359)
	at org.apache.ratis.thirdparty.io.netty.channel.epoll.AbstractEpollChannel$AbstractEpollUnsafe.doFinishConnect(AbstractEpollChannel.java:710)
	at org.apache.ratis.thirdparty.io.netty.channel.epoll.AbstractEpollChannel$AbstractEpollUnsafe.finishConnect(AbstractEpollChannel.java:687)
	at org.apache.ratis.thirdparty.io.netty.channel.epoll.AbstractEpollChannel$AbstractEpollUnsafe.epollOutReady(AbstractEpollChannel.java:567)
	at org.apache.ratis.thirdparty.io.netty.channel.epoll.EpollEventLoop.processReady(EpollEventLoop.java:499)
	at org.apache.ratis.thirdparty.io.netty.channel.epoll.EpollEventLoop.run(EpollEventLoop.java:407)
	at org.apache.ratis.thirdparty.io.netty.util.concurrent.SingleThreadEventExecutor$4.run(SingleThreadEventExecutor.java:997)
	at org.apache.ratis.thirdparty.io.netty.util.internal.ThreadExecutorMap$2.run(ThreadExecutorMap.java:74)
	at java.base/java.lang.Thread.run(Thread.java:829)
2023-11-06 15:54:39,581 WARN  client.NettyClientStreamRpc (NettyClientStreamRpc.java:scheduleReconnect(197)) - Connection-localhost/127.0.0.1:42603: org.apache.ratis.netty.client.NettyClientStreamRpc$Connection$1@3a723485 failed; schedule reconnecting to localhost/127.0.0.1:42603 in 100ms
2023-11-06 15:54:39,581 WARN  client.NettyClientStreamRpc (NettyClientStreamRpc.java:scheduleReconnect(199)) - 
org.apache.ratis.thirdparty.io.netty.channel.AbstractChannel$AnnotatedConnectException: finishConnect(..) failed: Connection refused: localhost/127.0.0.1:42603
Caused by: java.net.ConnectException: finishConnect(..) failed: Connection refused
	at org.apache.ratis.thirdparty.io.netty.channel.unix.Errors.newConnectException0(Errors.java:166)
	at org.apache.ratis.thirdparty.io.netty.channel.unix.Errors.handleConnectErrno(Errors.java:131)
	at org.apache.ratis.thirdparty.io.netty.channel.unix.Socket.finishConnect(Socket.java:359)
	at org.apache.ratis.thirdparty.io.netty.channel.epoll.AbstractEpollChannel$AbstractEpollUnsafe.doFinishConnect(AbstractEpollChannel.java:710)
	at org.apache.ratis.thirdparty.io.netty.channel.epoll.AbstractEpollChannel$AbstractEpollUnsafe.finishConnect(AbstractEpollChannel.java:687)
	at org.apache.ratis.thirdparty.io.netty.channel.epoll.AbstractEpollChannel$AbstractEpollUnsafe.epollOutReady(AbstractEpollChannel.java:567)
	at org.apache.ratis.thirdparty.io.netty.channel.epoll.EpollEventLoop.processReady(EpollEventLoop.java:499)
	at org.apache.ratis.thirdparty.io.netty.channel.epoll.EpollEventLoop.run(EpollEventLoop.java:407)
	at org.apache.ratis.thirdparty.io.netty.util.concurrent.SingleThreadEventExecutor$4.run(SingleThreadEventExecutor.java:997)
	at org.apache.ratis.thirdparty.io.netty.util.internal.ThreadExecutorMap$2.run(ThreadExecutorMap.java:74)
	at java.base/java.lang.Thread.run(Thread.java:829)
2023-11-06 15:54:39,582 WARN  util.PeerProxyMap (PeerProxyMap.java:closeProxy(170)) - s0-NettyServerStreamRpc: Failed to close proxy for peer s1|localhost:36503, proxy class: class org.apache.ratis.client.impl.DataStreamClientImpl
org.apache.ratis.thirdparty.io.netty.channel.AbstractChannel$AnnotatedConnectException: finishConnect(..) failed: Connection refused: localhost/127.0.0.1:42603
Caused by: java.net.ConnectException: finishConnect(..) failed: Connection refused
	at org.apache.ratis.thirdparty.io.netty.channel.unix.Errors.newConnectException0(Errors.java:166)
	at org.apache.ratis.thirdparty.io.netty.channel.unix.Errors.handleConnectErrno(Errors.java:131)
	at org.apache.ratis.thirdparty.io.netty.channel.unix.Socket.finishConnect(Socket.java:359)
	at org.apache.ratis.thirdparty.io.netty.channel.epoll.AbstractEpollChannel$AbstractEpollUnsafe.doFinishConnect(AbstractEpollChannel.java:710)
	at org.apache.ratis.thirdparty.io.netty.channel.epoll.AbstractEpollChannel$AbstractEpollUnsafe.finishConnect(AbstractEpollChannel.java:687)
	at org.apache.ratis.thirdparty.io.netty.channel.epoll.AbstractEpollChannel$AbstractEpollUnsafe.epollOutReady(AbstractEpollChannel.java:567)
	at org.apache.ratis.thirdparty.io.netty.channel.epoll.EpollEventLoop.processReady(EpollEventLoop.java:499)
	at org.apache.ratis.thirdparty.io.netty.channel.epoll.EpollEventLoop.run(EpollEventLoop.java:407)
	at org.apache.ratis.thirdparty.io.netty.util.concurrent.SingleThreadEventExecutor$4.run(SingleThreadEventExecutor.java:997)
	at org.apache.ratis.thirdparty.io.netty.util.internal.ThreadExecutorMap$2.run(ThreadExecutorMap.java:74)
	at java.base/java.lang.Thread.run(Thread.java:829)
2023-11-06 15:54:39,585 WARN  client.NettyClientStreamRpc (NettyClientStreamRpc.java:scheduleReconnect(197)) - Connection-localhost/127.0.0.1:42603: org.apache.ratis.netty.client.NettyClientStreamRpc$Connection$1@a03e914 failed; schedule reconnecting to localhost/127.0.0.1:42603 in 100ms
2023-11-06 15:54:39,585 WARN  client.NettyClientStreamRpc (NettyClientStreamRpc.java:scheduleReconnect(199)) - 
org.apache.ratis.thirdparty.io.netty.channel.AbstractChannel$AnnotatedConnectException: finishConnect(..) failed: Connection refused: localhost/127.0.0.1:42603
Caused by: java.net.ConnectException: finishConnect(..) failed: Connection refused
	at org.apache.ratis.thirdparty.io.netty.channel.unix.Errors.newConnectException0(Errors.java:166)
	at org.apache.ratis.thirdparty.io.netty.channel.unix.Errors.handleConnectErrno(Errors.java:131)
	at org.apache.ratis.thirdparty.io.netty.channel.unix.Socket.finishConnect(Socket.java:359)
	at org.apache.ratis.thirdparty.io.netty.channel.epoll.AbstractEpollChannel$AbstractEpollUnsafe.doFinishConnect(AbstractEpollChannel.java:710)
	at org.apache.ratis.thirdparty.io.netty.channel.epoll.AbstractEpollChannel$AbstractEpollUnsafe.finishConnect(AbstractEpollChannel.java:687)
	at org.apache.ratis.thirdparty.io.netty.channel.epoll.AbstractEpollChannel$AbstractEpollUnsafe.epollOutReady(AbstractEpollChannel.java:567)
	at org.apache.ratis.thirdparty.io.netty.channel.epoll.EpollEventLoop.processReady(EpollEventLoop.java:499)
	at org.apache.ratis.thirdparty.io.netty.channel.epoll.EpollEventLoop.run(EpollEventLoop.java:407)
	at org.apache.ratis.thirdparty.io.netty.util.concurrent.SingleThreadEventExecutor$4.run(SingleThreadEventExecutor.java:997)
	at org.apache.ratis.thirdparty.io.netty.util.internal.ThreadExecutorMap$2.run(ThreadExecutorMap.java:74)
	at java.base/java.lang.Thread.run(Thread.java:829)
2023-11-06 15:54:39,585 WARN  util.PeerProxyMap (PeerProxyMap.java:closeProxy(170)) - s0-NettyServerStreamRpc: Failed to close proxy for peer s1|localhost:36503, proxy class: class org.apache.ratis.client.impl.DataStreamClientImpl
org.apache.ratis.thirdparty.io.netty.channel.AbstractChannel$AnnotatedConnectException: finishConnect(..) failed: Connection refused: localhost/127.0.0.1:42603
Caused by: java.net.ConnectException: finishConnect(..) failed: Connection refused
	at org.apache.ratis.thirdparty.io.netty.channel.unix.Errors.newConnectException0(Errors.java:166)
	at org.apache.ratis.thirdparty.io.netty.channel.unix.Errors.handleConnectErrno(Errors.java:131)
	at org.apache.ratis.thirdparty.io.netty.channel.unix.Socket.finishConnect(Socket.java:359)
	at org.apache.ratis.thirdparty.io.netty.channel.epoll.AbstractEpollChannel$AbstractEpollUnsafe.doFinishConnect(AbstractEpollChannel.java:710)
	at org.apache.ratis.thirdparty.io.netty.channel.epoll.AbstractEpollChannel$AbstractEpollUnsafe.finishConnect(AbstractEpollChannel.java:687)
	at org.apache.ratis.thirdparty.io.netty.channel.epoll.AbstractEpollChannel$AbstractEpollUnsafe.epollOutReady(AbstractEpollChannel.java:567)
	at org.apache.ratis.thirdparty.io.netty.channel.epoll.EpollEventLoop.processReady(EpollEventLoop.java:499)
	at org.apache.ratis.thirdparty.io.netty.channel.epoll.EpollEventLoop.run(EpollEventLoop.java:407)
	at org.apache.ratis.thirdparty.io.netty.util.concurrent.SingleThreadEventExecutor$4.run(SingleThreadEventExecutor.java:997)
	at org.apache.ratis.thirdparty.io.netty.util.internal.ThreadExecutorMap$2.run(ThreadExecutorMap.java:74)
	at java.base/java.lang.Thread.run(Thread.java:829)
2023-11-06 15:54:39,589 WARN  client.NettyClientStreamRpc (NettyClientStreamRpc.java:scheduleReconnect(197)) - Connection-localhost/127.0.0.1:44197: org.apache.ratis.netty.client.NettyClientStreamRpc$Connection$1@5e9e03ab failed; schedule reconnecting to localhost/127.0.0.1:44197 in 100ms
2023-11-06 15:54:39,589 WARN  client.NettyClientStreamRpc (NettyClientStreamRpc.java:scheduleReconnect(199)) - 
org.apache.ratis.thirdparty.io.netty.channel.AbstractChannel$AnnotatedConnectException: finishConnect(..) failed: Connection refused: localhost/127.0.0.1:44197
Caused by: java.net.ConnectException: finishConnect(..) failed: Connection refused
	at org.apache.ratis.thirdparty.io.netty.channel.unix.Errors.newConnectException0(Errors.java:166)
	at org.apache.ratis.thirdparty.io.netty.channel.unix.Errors.handleConnectErrno(Errors.java:131)
	at org.apache.ratis.thirdparty.io.netty.channel.unix.Socket.finishConnect(Socket.java:359)
	at org.apache.ratis.thirdparty.io.netty.channel.epoll.AbstractEpollChannel$AbstractEpollUnsafe.doFinishConnect(AbstractEpollChannel.java:710)
	at org.apache.ratis.thirdparty.io.netty.channel.epoll.AbstractEpollChannel$AbstractEpollUnsafe.finishConnect(AbstractEpollChannel.java:687)
	at org.apache.ratis.thirdparty.io.netty.channel.epoll.AbstractEpollChannel$AbstractEpollUnsafe.epollOutReady(AbstractEpollChannel.java:567)
	at org.apache.ratis.thirdparty.io.netty.channel.epoll.EpollEventLoop.processReady(EpollEventLoop.java:499)
	at org.apache.ratis.thirdparty.io.netty.channel.epoll.EpollEventLoop.run(EpollEventLoop.java:407)
	at org.apache.ratis.thirdparty.io.netty.util.concurrent.SingleThreadEventExecutor$4.run(SingleThreadEventExecutor.java:997)
	at org.apache.ratis.thirdparty.io.netty.util.internal.ThreadExecutorMap$2.run(ThreadExecutorMap.java:74)
	at java.base/java.lang.Thread.run(Thread.java:829)
2023-11-06 15:54:39,590 WARN  util.PeerProxyMap (PeerProxyMap.java:closeProxy(170)) - s1-NettyServerStreamRpc: Failed to close proxy for peer s2|localhost:37753, proxy class: class org.apache.ratis.client.impl.DataStreamClientImpl
org.apache.ratis.thirdparty.io.netty.channel.AbstractChannel$AnnotatedConnectException: finishConnect(..) failed: Connection refused: localhost/127.0.0.1:44197
Caused by: java.net.ConnectException: finishConnect(..) failed: Connection refused
	at org.apache.ratis.thirdparty.io.netty.channel.unix.Errors.newConnectException0(Errors.java:166)
	at org.apache.ratis.thirdparty.io.netty.channel.unix.Errors.handleConnectErrno(Errors.java:131)
	at org.apache.ratis.thirdparty.io.netty.channel.unix.Socket.finishConnect(Socket.java:359)
	at org.apache.ratis.thirdparty.io.netty.channel.epoll.AbstractEpollChannel$AbstractEpollUnsafe.doFinishConnect(AbstractEpollChannel.java:710)
	at org.apache.ratis.thirdparty.io.netty.channel.epoll.AbstractEpollChannel$AbstractEpollUnsafe.finishConnect(AbstractEpollChannel.java:687)
	at org.apache.ratis.thirdparty.io.netty.channel.epoll.AbstractEpollChannel$AbstractEpollUnsafe.epollOutReady(AbstractEpollChannel.java:567)
	at org.apache.ratis.thirdparty.io.netty.channel.epoll.EpollEventLoop.processReady(EpollEventLoop.java:499)
	at org.apache.ratis.thirdparty.io.netty.channel.epoll.EpollEventLoop.run(EpollEventLoop.java:407)
	at org.apache.ratis.thirdparty.io.netty.util.concurrent.SingleThreadEventExecutor$4.run(SingleThreadEventExecutor.java:997)
	at org.apache.ratis.thirdparty.io.netty.util.internal.ThreadExecutorMap$2.run(ThreadExecutorMap.java:74)
	at java.base/java.lang.Thread.run(Thread.java:829)
2023-11-06 15:54:39,600 WARN  client.NettyClientStreamRpc (NettyClientStreamRpc.java:scheduleReconnect(197)) - Connection-localhost/127.0.0.1:44197: org.apache.ratis.netty.client.NettyClientStreamRpc$Connection$1@5a7dcbc4 failed; schedule reconnecting to localhost/127.0.0.1:44197 in 100ms
2023-11-06 15:54:39,600 WARN  client.NettyClientStreamRpc (NettyClientStreamRpc.java:scheduleReconnect(199)) - 
org.apache.ratis.thirdparty.io.netty.channel.AbstractChannel$AnnotatedConnectException: finishConnect(..) failed: Connection refused: localhost/127.0.0.1:44197
Caused by: java.net.ConnectException: finishConnect(..) failed: Connection refused
	at org.apache.ratis.thirdparty.io.netty.channel.unix.Errors.newConnectException0(Errors.java:166)
	at org.apache.ratis.thirdparty.io.netty.channel.unix.Errors.handleConnectErrno(Errors.java:131)
	at org.apache.ratis.thirdparty.io.netty.channel.unix.Socket.finishConnect(Socket.java:359)
	at org.apache.ratis.thirdparty.io.netty.channel.epoll.AbstractEpollChannel$AbstractEpollUnsafe.doFinishConnect(AbstractEpollChannel.java:710)
	at org.apache.ratis.thirdparty.io.netty.channel.epoll.AbstractEpollChannel$AbstractEpollUnsafe.finishConnect(AbstractEpollChannel.java:687)
	at org.apache.ratis.thirdparty.io.netty.channel.epoll.AbstractEpollChannel$AbstractEpollUnsafe.epollOutReady(AbstractEpollChannel.java:567)
	at org.apache.ratis.thirdparty.io.netty.channel.epoll.EpollEventLoop.processReady(EpollEventLoop.java:499)
	at org.apache.ratis.thirdparty.io.netty.channel.epoll.EpollEventLoop.run(EpollEventLoop.java:407)
	at org.apache.ratis.thirdparty.io.netty.util.concurrent.SingleThreadEventExecutor$4.run(SingleThreadEventExecutor.java:997)
	at org.apache.ratis.thirdparty.io.netty.util.internal.ThreadExecutorMap$2.run(ThreadExecutorMap.java:74)
	at java.base/java.lang.Thread.run(Thread.java:829)
2023-11-06 15:54:39,600 WARN  util.PeerProxyMap (PeerProxyMap.java:closeProxy(170)) - s1-NettyServerStreamRpc: Failed to close proxy for peer s2|localhost:37753, proxy class: class org.apache.ratis.client.impl.DataStreamClientImpl
org.apache.ratis.thirdparty.io.netty.channel.AbstractChannel$AnnotatedConnectException: finishConnect(..) failed: Connection refused: localhost/127.0.0.1:44197
Caused by: java.net.ConnectException: finishConnect(..) failed: Connection refused
	at org.apache.ratis.thirdparty.io.netty.channel.unix.Errors.newConnectException0(Errors.java:166)
	at org.apache.ratis.thirdparty.io.netty.channel.unix.Errors.handleConnectErrno(Errors.java:131)
	at org.apache.ratis.thirdparty.io.netty.channel.unix.Socket.finishConnect(Socket.java:359)
	at org.apache.ratis.thirdparty.io.netty.channel.epoll.AbstractEpollChannel$AbstractEpollUnsafe.doFinishConnect(AbstractEpollChannel.java:710)
	at org.apache.ratis.thirdparty.io.netty.channel.epoll.AbstractEpollChannel$AbstractEpollUnsafe.finishConnect(AbstractEpollChannel.java:687)
	at org.apache.ratis.thirdparty.io.netty.channel.epoll.AbstractEpollChannel$AbstractEpollUnsafe.epollOutReady(AbstractEpollChannel.java:567)
	at org.apache.ratis.thirdparty.io.netty.channel.epoll.EpollEventLoop.processReady(EpollEventLoop.java:499)
	at org.apache.ratis.thirdparty.io.netty.channel.epoll.EpollEventLoop.run(EpollEventLoop.java:407)
	at org.apache.ratis.thirdparty.io.netty.util.concurrent.SingleThreadEventExecutor$4.run(SingleThreadEventExecutor.java:997)
	at org.apache.ratis.thirdparty.io.netty.util.internal.ThreadExecutorMap$2.run(ThreadExecutorMap.java:74)
	at java.base/java.lang.Thread.run(Thread.java:829)
2023-11-06 15:54:39,601 WARN  client.NettyClientStreamRpc (NettyClientStreamRpc.java:scheduleReconnect(197)) - Connection-localhost/127.0.0.1:42603: org.apache.ratis.netty.client.NettyClientStreamRpc$Connection$1@2f26598 failed; schedule reconnecting to localhost/127.0.0.1:42603 in 100ms
2023-11-06 15:54:39,601 WARN  client.NettyClientStreamRpc (NettyClientStreamRpc.java:scheduleReconnect(199)) - 
org.apache.ratis.thirdparty.io.netty.channel.AbstractChannel$AnnotatedConnectException: finishConnect(..) failed: Connection refused: localhost/127.0.0.1:42603
Caused by: java.net.ConnectException: finishConnect(..) failed: Connection refused
	at org.apache.ratis.thirdparty.io.netty.channel.unix.Errors.newConnectException0(Errors.java:166)
	at org.apache.ratis.thirdparty.io.netty.channel.unix.Errors.handleConnectErrno(Errors.java:131)
	at org.apache.ratis.thirdparty.io.netty.channel.unix.Socket.finishConnect(Socket.java:359)
	at org.apache.ratis.thirdparty.io.netty.channel.epoll.AbstractEpollChannel$AbstractEpollUnsafe.doFinishConnect(AbstractEpollChannel.java:710)
	at org.apache.ratis.thirdparty.io.netty.channel.epoll.AbstractEpollChannel$AbstractEpollUnsafe.finishConnect(AbstractEpollChannel.java:687)
	at org.apache.ratis.thirdparty.io.netty.channel.epoll.AbstractEpollChannel$AbstractEpollUnsafe.epollOutReady(AbstractEpollChannel.java:567)
	at org.apache.ratis.thirdparty.io.netty.channel.epoll.EpollEventLoop.processReady(EpollEventLoop.java:499)
	at org.apache.ratis.thirdparty.io.netty.channel.epoll.EpollEventLoop.run(EpollEventLoop.java:407)
	at org.apache.ratis.thirdparty.io.netty.util.concurrent.SingleThreadEventExecutor$4.run(SingleThreadEventExecutor.java:997)
	at org.apache.ratis.thirdparty.io.netty.util.internal.ThreadExecutorMap$2.run(ThreadExecutorMap.java:74)
	at java.base/java.lang.Thread.run(Thread.java:829)
2023-11-06 15:54:39,601 WARN  util.PeerProxyMap (PeerProxyMap.java:closeProxy(170)) - s0-NettyServerStreamRpc: Failed to close proxy for peer s1|localhost:36503, proxy class: class org.apache.ratis.client.impl.DataStreamClientImpl
org.apache.ratis.thirdparty.io.netty.channel.AbstractChannel$AnnotatedConnectException: finishConnect(..) failed: Connection refused: localhost/127.0.0.1:42603
Caused by: java.net.ConnectException: finishConnect(..) failed: Connection refused
	at org.apache.ratis.thirdparty.io.netty.channel.unix.Errors.newConnectException0(Errors.java:166)
	at org.apache.ratis.thirdparty.io.netty.channel.unix.Errors.handleConnectErrno(Errors.java:131)
	at org.apache.ratis.thirdparty.io.netty.channel.unix.Socket.finishConnect(Socket.java:359)
	at org.apache.ratis.thirdparty.io.netty.channel.epoll.AbstractEpollChannel$AbstractEpollUnsafe.doFinishConnect(AbstractEpollChannel.java:710)
	at org.apache.ratis.thirdparty.io.netty.channel.epoll.AbstractEpollChannel$AbstractEpollUnsafe.finishConnect(AbstractEpollChannel.java:687)
	at org.apache.ratis.thirdparty.io.netty.channel.epoll.AbstractEpollChannel$AbstractEpollUnsafe.epollOutReady(AbstractEpollChannel.java:567)
	at org.apache.ratis.thirdparty.io.netty.channel.epoll.EpollEventLoop.processReady(EpollEventLoop.java:499)
	at org.apache.ratis.thirdparty.io.netty.channel.epoll.EpollEventLoop.run(EpollEventLoop.java:407)
	at org.apache.ratis.thirdparty.io.netty.util.concurrent.SingleThreadEventExecutor$4.run(SingleThreadEventExecutor.java:997)
	at org.apache.ratis.thirdparty.io.netty.util.internal.ThreadExecutorMap$2.run(ThreadExecutorMap.java:74)
	at java.base/java.lang.Thread.run(Thread.java:829)
2023-11-06 15:54:39,603 WARN  client.NettyClientStreamRpc (NettyClientStreamRpc.java:scheduleReconnect(197)) - Connection-localhost/127.0.0.1:44197: org.apache.ratis.netty.client.NettyClientStreamRpc$Connection$1@4b21dfa5 failed; schedule reconnecting to localhost/127.0.0.1:44197 in 100ms
2023-11-06 15:54:39,603 WARN  client.NettyClientStreamRpc (NettyClientStreamRpc.java:scheduleReconnect(199)) - 
org.apache.ratis.thirdparty.io.netty.channel.AbstractChannel$AnnotatedConnectException: finishConnect(..) failed: Connection refused: localhost/127.0.0.1:44197
Caused by: java.net.ConnectException: finishConnect(..) failed: Connection refused
	at org.apache.ratis.thirdparty.io.netty.channel.unix.Errors.newConnectException0(Errors.java:166)
	at org.apache.ratis.thirdparty.io.netty.channel.unix.Errors.handleConnectErrno(Errors.java:131)
	at org.apache.ratis.thirdparty.io.netty.channel.unix.Socket.finishConnect(Socket.java:359)
	at org.apache.ratis.thirdparty.io.netty.channel.epoll.AbstractEpollChannel$AbstractEpollUnsafe.doFinishConnect(AbstractEpollChannel.java:710)
	at org.apache.ratis.thirdparty.io.netty.channel.epoll.AbstractEpollChannel$AbstractEpollUnsafe.finishConnect(AbstractEpollChannel.java:687)
	at org.apache.ratis.thirdparty.io.netty.channel.epoll.AbstractEpollChannel$AbstractEpollUnsafe.epollOutReady(AbstractEpollChannel.java:567)
	at org.apache.ratis.thirdparty.io.netty.channel.epoll.EpollEventLoop.processReady(EpollEventLoop.java:499)
	at org.apache.ratis.thirdparty.io.netty.channel.epoll.EpollEventLoop.run(EpollEventLoop.java:407)
	at org.apache.ratis.thirdparty.io.netty.util.concurrent.SingleThreadEventExecutor$4.run(SingleThreadEventExecutor.java:997)
	at org.apache.ratis.thirdparty.io.netty.util.internal.ThreadExecutorMap$2.run(ThreadExecutorMap.java:74)
	at java.base/java.lang.Thread.run(Thread.java:829)
2023-11-06 15:54:39,605 WARN  util.PeerProxyMap (PeerProxyMap.java:closeProxy(170)) - s1-NettyServerStreamRpc: Failed to close proxy for peer s2|localhost:37753, proxy class: class org.apache.ratis.client.impl.DataStreamClientImpl
org.apache.ratis.thirdparty.io.netty.channel.AbstractChannel$AnnotatedConnectException: finishConnect(..) failed: Connection refused: localhost/127.0.0.1:44197
Caused by: java.net.ConnectException: finishConnect(..) failed: Connection refused
	at org.apache.ratis.thirdparty.io.netty.channel.unix.Errors.newConnectException0(Errors.java:166)
	at org.apache.ratis.thirdparty.io.netty.channel.unix.Errors.handleConnectErrno(Errors.java:131)
	at org.apache.ratis.thirdparty.io.netty.channel.unix.Socket.finishConnect(Socket.java:359)
	at org.apache.ratis.thirdparty.io.netty.channel.epoll.AbstractEpollChannel$AbstractEpollUnsafe.doFinishConnect(AbstractEpollChannel.java:710)
	at org.apache.ratis.thirdparty.io.netty.channel.epoll.AbstractEpollChannel$AbstractEpollUnsafe.finishConnect(AbstractEpollChannel.java:687)
	at org.apache.ratis.thirdparty.io.netty.channel.epoll.AbstractEpollChannel$AbstractEpollUnsafe.epollOutReady(AbstractEpollChannel.java:567)
	at org.apache.ratis.thirdparty.io.netty.channel.epoll.EpollEventLoop.processReady(EpollEventLoop.java:499)
	at org.apache.ratis.thirdparty.io.netty.channel.epoll.EpollEventLoop.run(EpollEventLoop.java:407)
	at org.apache.ratis.thirdparty.io.netty.util.concurrent.SingleThreadEventExecutor$4.run(SingleThreadEventExecutor.java:997)
	at org.apache.ratis.thirdparty.io.netty.util.internal.ThreadExecutorMap$2.run(ThreadExecutorMap.java:74)
	at java.base/java.lang.Thread.run(Thread.java:829)
2023-11-06 15:54:39,609 WARN  client.NettyClientStreamRpc (NettyClientStreamRpc.java:scheduleReconnect(197)) - Connection-localhost/127.0.0.1:42603: org.apache.ratis.netty.client.NettyClientStreamRpc$Connection$1@1b77b299 failed; schedule reconnecting to localhost/127.0.0.1:42603 in 100ms
2023-11-06 15:54:39,610 WARN  client.NettyClientStreamRpc (NettyClientStreamRpc.java:scheduleReconnect(199)) - 
org.apache.ratis.thirdparty.io.netty.channel.AbstractChannel$AnnotatedConnectException: finishConnect(..) failed: Connection refused: localhost/127.0.0.1:42603
Caused by: java.net.ConnectException: finishConnect(..) failed: Connection refused
	at org.apache.ratis.thirdparty.io.netty.channel.unix.Errors.newConnectException0(Errors.java:166)
	at org.apache.ratis.thirdparty.io.netty.channel.unix.Errors.handleConnectErrno(Errors.java:131)
	at org.apache.ratis.thirdparty.io.netty.channel.unix.Socket.finishConnect(Socket.java:359)
	at org.apache.ratis.thirdparty.io.netty.channel.epoll.AbstractEpollChannel$AbstractEpollUnsafe.doFinishConnect(AbstractEpollChannel.java:710)
	at org.apache.ratis.thirdparty.io.netty.channel.epoll.AbstractEpollChannel$AbstractEpollUnsafe.finishConnect(AbstractEpollChannel.java:687)
	at org.apache.ratis.thirdparty.io.netty.channel.epoll.AbstractEpollChannel$AbstractEpollUnsafe.epollOutReady(AbstractEpollChannel.java:567)
	at org.apache.ratis.thirdparty.io.netty.channel.epoll.EpollEventLoop.processReady(EpollEventLoop.java:499)
	at org.apache.ratis.thirdparty.io.netty.channel.epoll.EpollEventLoop.run(EpollEventLoop.java:407)
	at org.apache.ratis.thirdparty.io.netty.util.concurrent.SingleThreadEventExecutor$4.run(SingleThreadEventExecutor.java:997)
	at org.apache.ratis.thirdparty.io.netty.util.internal.ThreadExecutorMap$2.run(ThreadExecutorMap.java:74)
	at java.base/java.lang.Thread.run(Thread.java:829)
2023-11-06 15:54:39,610 WARN  util.PeerProxyMap (PeerProxyMap.java:closeProxy(170)) - s0-NettyServerStreamRpc: Failed to close proxy for peer s1|localhost:36503, proxy class: class org.apache.ratis.client.impl.DataStreamClientImpl
org.apache.ratis.thirdparty.io.netty.channel.AbstractChannel$AnnotatedConnectException: finishConnect(..) failed: Connection refused: localhost/127.0.0.1:42603
Caused by: java.net.ConnectException: finishConnect(..) failed: Connection refused
	at org.apache.ratis.thirdparty.io.netty.channel.unix.Errors.newConnectException0(Errors.java:166)
	at org.apache.ratis.thirdparty.io.netty.channel.unix.Errors.handleConnectErrno(Errors.java:131)
	at org.apache.ratis.thirdparty.io.netty.channel.unix.Socket.finishConnect(Socket.java:359)
	at org.apache.ratis.thirdparty.io.netty.channel.epoll.AbstractEpollChannel$AbstractEpollUnsafe.doFinishConnect(AbstractEpollChannel.java:710)
	at org.apache.ratis.thirdparty.io.netty.channel.epoll.AbstractEpollChannel$AbstractEpollUnsafe.finishConnect(AbstractEpollChannel.java:687)
	at org.apache.ratis.thirdparty.io.netty.channel.epoll.AbstractEpollChannel$AbstractEpollUnsafe.epollOutReady(AbstractEpollChannel.java:567)
	at org.apache.ratis.thirdparty.io.netty.channel.epoll.EpollEventLoop.processReady(EpollEventLoop.java:499)
	at org.apache.ratis.thirdparty.io.netty.channel.epoll.EpollEventLoop.run(EpollEventLoop.java:407)
	at org.apache.ratis.thirdparty.io.netty.util.concurrent.SingleThreadEventExecutor$4.run(SingleThreadEventExecutor.java:997)
	at org.apache.ratis.thirdparty.io.netty.util.internal.ThreadExecutorMap$2.run(ThreadExecutorMap.java:74)
	at java.base/java.lang.Thread.run(Thread.java:829)
2023-11-06 15:54:39,611 WARN  client.NettyClientStreamRpc (NettyClientStreamRpc.java:scheduleReconnect(197)) - Connection-localhost/127.0.0.1:42603: org.apache.ratis.netty.client.NettyClientStreamRpc$Connection$1@2bee7965 failed; schedule reconnecting to localhost/127.0.0.1:42603 in 100ms
2023-11-06 15:54:39,611 WARN  client.NettyClientStreamRpc (NettyClientStreamRpc.java:scheduleReconnect(199)) - 
org.apache.ratis.thirdparty.io.netty.channel.AbstractChannel$AnnotatedConnectException: finishConnect(..) failed: Connection refused: localhost/127.0.0.1:42603
Caused by: java.net.ConnectException: finishConnect(..) failed: Connection refused
	at org.apache.ratis.thirdparty.io.netty.channel.unix.Errors.newConnectException0(Errors.java:166)
	at org.apache.ratis.thirdparty.io.netty.channel.unix.Errors.handleConnectErrno(Errors.java:131)
	at org.apache.ratis.thirdparty.io.netty.channel.unix.Socket.finishConnect(Socket.java:359)
	at org.apache.ratis.thirdparty.io.netty.channel.epoll.AbstractEpollChannel$AbstractEpollUnsafe.doFinishConnect(AbstractEpollChannel.java:710)
	at org.apache.ratis.thirdparty.io.netty.channel.epoll.AbstractEpollChannel$AbstractEpollUnsafe.finishConnect(AbstractEpollChannel.java:687)
	at org.apache.ratis.thirdparty.io.netty.channel.epoll.AbstractEpollChannel$AbstractEpollUnsafe.epollOutReady(AbstractEpollChannel.java:567)
	at org.apache.ratis.thirdparty.io.netty.channel.epoll.EpollEventLoop.processReady(EpollEventLoop.java:499)
	at org.apache.ratis.thirdparty.io.netty.channel.epoll.EpollEventLoop.run(EpollEventLoop.java:407)
	at org.apache.ratis.thirdparty.io.netty.util.concurrent.SingleThreadEventExecutor$4.run(SingleThreadEventExecutor.java:997)
	at org.apache.ratis.thirdparty.io.netty.util.internal.ThreadExecutorMap$2.run(ThreadExecutorMap.java:74)
	at java.base/java.lang.Thread.run(Thread.java:829)
2023-11-06 15:54:39,611 WARN  util.PeerProxyMap (PeerProxyMap.java:closeProxy(170)) - s0-NettyServerStreamRpc: Failed to close proxy for peer s1|localhost:36503, proxy class: class org.apache.ratis.client.impl.DataStreamClientImpl
org.apache.ratis.thirdparty.io.netty.channel.AbstractChannel$AnnotatedConnectException: finishConnect(..) failed: Connection refused: localhost/127.0.0.1:42603
Caused by: java.net.ConnectException: finishConnect(..) failed: Connection refused
	at org.apache.ratis.thirdparty.io.netty.channel.unix.Errors.newConnectException0(Errors.java:166)
	at org.apache.ratis.thirdparty.io.netty.channel.unix.Errors.handleConnectErrno(Errors.java:131)
	at org.apache.ratis.thirdparty.io.netty.channel.unix.Socket.finishConnect(Socket.java:359)
	at org.apache.ratis.thirdparty.io.netty.channel.epoll.AbstractEpollChannel$AbstractEpollUnsafe.doFinishConnect(AbstractEpollChannel.java:710)
	at org.apache.ratis.thirdparty.io.netty.channel.epoll.AbstractEpollChannel$AbstractEpollUnsafe.finishConnect(AbstractEpollChannel.java:687)
	at org.apache.ratis.thirdparty.io.netty.channel.epoll.AbstractEpollChannel$AbstractEpollUnsafe.epollOutReady(AbstractEpollChannel.java:567)
	at org.apache.ratis.thirdparty.io.netty.channel.epoll.EpollEventLoop.processReady(EpollEventLoop.java:499)
	at org.apache.ratis.thirdparty.io.netty.channel.epoll.EpollEventLoop.run(EpollEventLoop.java:407)
	at org.apache.ratis.thirdparty.io.netty.util.concurrent.SingleThreadEventExecutor$4.run(SingleThreadEventExecutor.java:997)
	at org.apache.ratis.thirdparty.io.netty.util.internal.ThreadExecutorMap$2.run(ThreadExecutorMap.java:74)
	at java.base/java.lang.Thread.run(Thread.java:829)
2023-11-06 15:54:39,614 WARN  client.NettyClientStreamRpc (NettyClientStreamRpc.java:scheduleReconnect(197)) - Connection-localhost/127.0.0.1:44197: org.apache.ratis.netty.client.NettyClientStreamRpc$Connection$1@7601ae91 failed; schedule reconnecting to localhost/127.0.0.1:44197 in 100ms
2023-11-06 15:54:39,614 WARN  client.NettyClientStreamRpc (NettyClientStreamRpc.java:scheduleReconnect(199)) - 
org.apache.ratis.thirdparty.io.netty.channel.AbstractChannel$AnnotatedConnectException: finishConnect(..) failed: Connection refused: localhost/127.0.0.1:44197
Caused by: java.net.ConnectException: finishConnect(..) failed: Connection refused
	at org.apache.ratis.thirdparty.io.netty.channel.unix.Errors.newConnectException0(Errors.java:166)
	at org.apache.ratis.thirdparty.io.netty.channel.unix.Errors.handleConnectErrno(Errors.java:131)
	at org.apache.ratis.thirdparty.io.netty.channel.unix.Socket.finishConnect(Socket.java:359)
	at org.apache.ratis.thirdparty.io.netty.channel.epoll.AbstractEpollChannel$AbstractEpollUnsafe.doFinishConnect(AbstractEpollChannel.java:710)
	at org.apache.ratis.thirdparty.io.netty.channel.epoll.AbstractEpollChannel$AbstractEpollUnsafe.finishConnect(AbstractEpollChannel.java:687)
	at org.apache.ratis.thirdparty.io.netty.channel.epoll.AbstractEpollChannel$AbstractEpollUnsafe.epollOutReady(AbstractEpollChannel.java:567)
	at org.apache.ratis.thirdparty.io.netty.channel.epoll.EpollEventLoop.processReady(EpollEventLoop.java:499)
	at org.apache.ratis.thirdparty.io.netty.channel.epoll.EpollEventLoop.run(EpollEventLoop.java:407)
	at org.apache.ratis.thirdparty.io.netty.util.concurrent.SingleThreadEventExecutor$4.run(SingleThreadEventExecutor.java:997)
	at org.apache.ratis.thirdparty.io.netty.util.internal.ThreadExecutorMap$2.run(ThreadExecutorMap.java:74)
	at java.base/java.lang.Thread.run(Thread.java:829)
2023-11-06 15:54:39,614 WARN  util.PeerProxyMap (PeerProxyMap.java:closeProxy(170)) - s1-NettyServerStreamRpc: Failed to close proxy for peer s2|localhost:37753, proxy class: class org.apache.ratis.client.impl.DataStreamClientImpl
org.apache.ratis.thirdparty.io.netty.channel.AbstractChannel$AnnotatedConnectException: finishConnect(..) failed: Connection refused: localhost/127.0.0.1:44197
Caused by: java.net.ConnectException: finishConnect(..) failed: Connection refused
	at org.apache.ratis.thirdparty.io.netty.channel.unix.Errors.newConnectException0(Errors.java:166)
	at org.apache.ratis.thirdparty.io.netty.channel.unix.Errors.handleConnectErrno(Errors.java:131)
	at org.apache.ratis.thirdparty.io.netty.channel.unix.Socket.finishConnect(Socket.java:359)
	at org.apache.ratis.thirdparty.io.netty.channel.epoll.AbstractEpollChannel$AbstractEpollUnsafe.doFinishConnect(AbstractEpollChannel.java:710)
	at org.apache.ratis.thirdparty.io.netty.channel.epoll.AbstractEpollChannel$AbstractEpollUnsafe.finishConnect(AbstractEpollChannel.java:687)
	at org.apache.ratis.thirdparty.io.netty.channel.epoll.AbstractEpollChannel$AbstractEpollUnsafe.epollOutReady(AbstractEpollChannel.java:567)
	at org.apache.ratis.thirdparty.io.netty.channel.epoll.EpollEventLoop.processReady(EpollEventLoop.java:499)
	at org.apache.ratis.thirdparty.io.netty.channel.epoll.EpollEventLoop.run(EpollEventLoop.java:407)
	at org.apache.ratis.thirdparty.io.netty.util.concurrent.SingleThreadEventExecutor$4.run(SingleThreadEventExecutor.java:997)
	at org.apache.ratis.thirdparty.io.netty.util.internal.ThreadExecutorMap$2.run(ThreadExecutorMap.java:74)
	at java.base/java.lang.Thread.run(Thread.java:829)
2023-11-06 15:54:39,622 WARN  client.NettyClientStreamRpc (NettyClientStreamRpc.java:scheduleReconnect(197)) - Connection-localhost/127.0.0.1:42603: org.apache.ratis.netty.client.NettyClientStreamRpc$Connection$1@664cfccf failed; schedule reconnecting to localhost/127.0.0.1:42603 in 100ms
2023-11-06 15:54:39,622 WARN  util.PeerProxyMap (PeerProxyMap.java:closeProxy(170)) - s0-NettyServerStreamRpc: Failed to close proxy for peer s1|localhost:36503, proxy class: class org.apache.ratis.client.impl.DataStreamClientImpl
org.apache.ratis.thirdparty.io.netty.channel.AbstractChannel$AnnotatedConnectException: finishConnect(..) failed: Connection refused: localhost/127.0.0.1:42603
Caused by: java.net.ConnectException: finishConnect(..) failed: Connection refused
	at org.apache.ratis.thirdparty.io.netty.channel.unix.Errors.newConnectException0(Errors.java:166)
	at org.apache.ratis.thirdparty.io.netty.channel.unix.Errors.handleConnectErrno(Errors.java:131)
	at org.apache.ratis.thirdparty.io.netty.channel.unix.Socket.finishConnect(Socket.java:359)
	at org.apache.ratis.thirdparty.io.netty.channel.epoll.AbstractEpollChannel$AbstractEpollUnsafe.doFinishConnect(AbstractEpollChannel.java:710)
	at org.apache.ratis.thirdparty.io.netty.channel.epoll.AbstractEpollChannel$AbstractEpollUnsafe.finishConnect(AbstractEpollChannel.java:687)
	at org.apache.ratis.thirdparty.io.netty.channel.epoll.AbstractEpollChannel$AbstractEpollUnsafe.epollOutReady(AbstractEpollChannel.java:567)
	at org.apache.ratis.thirdparty.io.netty.channel.epoll.EpollEventLoop.processReady(EpollEventLoop.java:499)
	at org.apache.ratis.thirdparty.io.netty.channel.epoll.EpollEventLoop.run(EpollEventLoop.java:407)
	at org.apache.ratis.thirdparty.io.netty.util.concurrent.SingleThreadEventExecutor$4.run(SingleThreadEventExecutor.java:997)
	at org.apache.ratis.thirdparty.io.netty.util.internal.ThreadExecutorMap$2.run(ThreadExecutorMap.java:74)
	at java.base/java.lang.Thread.run(Thread.java:829)
2023-11-06 15:54:39,622 WARN  client.NettyClientStreamRpc (NettyClientStreamRpc.java:scheduleReconnect(199)) - 
org.apache.ratis.thirdparty.io.netty.channel.AbstractChannel$AnnotatedConnectException: finishConnect(..) failed: Connection refused: localhost/127.0.0.1:42603
Caused by: java.net.ConnectException: finishConnect(..) failed: Connection refused
	at org.apache.ratis.thirdparty.io.netty.channel.unix.Errors.newConnectException0(Errors.java:166)
	at org.apache.ratis.thirdparty.io.netty.channel.unix.Errors.handleConnectErrno(Errors.java:131)
	at org.apache.ratis.thirdparty.io.netty.channel.unix.Socket.finishConnect(Socket.java:359)
	at org.apache.ratis.thirdparty.io.netty.channel.epoll.AbstractEpollChannel$AbstractEpollUnsafe.doFinishConnect(AbstractEpollChannel.java:710)
	at org.apache.ratis.thirdparty.io.netty.channel.epoll.AbstractEpollChannel$AbstractEpollUnsafe.finishConnect(AbstractEpollChannel.java:687)
	at org.apache.ratis.thirdparty.io.netty.channel.epoll.AbstractEpollChannel$AbstractEpollUnsafe.epollOutReady(AbstractEpollChannel.java:567)
	at org.apache.ratis.thirdparty.io.netty.channel.epoll.EpollEventLoop.processReady(EpollEventLoop.java:499)
	at org.apache.ratis.thirdparty.io.netty.channel.epoll.EpollEventLoop.run(EpollEventLoop.java:407)
	at org.apache.ratis.thirdparty.io.netty.util.concurrent.SingleThreadEventExecutor$4.run(SingleThreadEventExecutor.java:997)
	at org.apache.ratis.thirdparty.io.netty.util.internal.ThreadExecutorMap$2.run(ThreadExecutorMap.java:74)
	at java.base/java.lang.Thread.run(Thread.java:829)
2023-11-06 15:54:39,629 WARN  client.NettyClientStreamRpc (NettyClientStreamRpc.java:scheduleReconnect(197)) - Connection-localhost/127.0.0.1:42603: org.apache.ratis.netty.client.NettyClientStreamRpc$Connection$1@55e9bc6f failed; schedule reconnecting to localhost/127.0.0.1:42603 in 100ms
2023-11-06 15:54:39,629 WARN  util.PeerProxyMap (PeerProxyMap.java:closeProxy(170)) - s0-NettyServerStreamRpc: Failed to close proxy for peer s1|localhost:36503, proxy class: class org.apache.ratis.client.impl.DataStreamClientImpl
org.apache.ratis.thirdparty.io.netty.channel.AbstractChannel$AnnotatedConnectException: finishConnect(..) failed: Connection refused: localhost/127.0.0.1:42603
Caused by: java.net.ConnectException: finishConnect(..) failed: Connection refused
	at org.apache.ratis.thirdparty.io.netty.channel.unix.Errors.newConnectException0(Errors.java:166)
	at org.apache.ratis.thirdparty.io.netty.channel.unix.Errors.handleConnectErrno(Errors.java:131)
	at org.apache.ratis.thirdparty.io.netty.channel.unix.Socket.finishConnect(Socket.java:359)
	at org.apache.ratis.thirdparty.io.netty.channel.epoll.AbstractEpollChannel$AbstractEpollUnsafe.doFinishConnect(AbstractEpollChannel.java:710)
	at org.apache.ratis.thirdparty.io.netty.channel.epoll.AbstractEpollChannel$AbstractEpollUnsafe.finishConnect(AbstractEpollChannel.java:687)
	at org.apache.ratis.thirdparty.io.netty.channel.epoll.AbstractEpollChannel$AbstractEpollUnsafe.epollOutReady(AbstractEpollChannel.java:567)
	at org.apache.ratis.thirdparty.io.netty.channel.epoll.EpollEventLoop.processReady(EpollEventLoop.java:499)
	at org.apache.ratis.thirdparty.io.netty.channel.epoll.EpollEventLoop.run(EpollEventLoop.java:407)
	at org.apache.ratis.thirdparty.io.netty.util.concurrent.SingleThreadEventExecutor$4.run(SingleThreadEventExecutor.java:997)
	at org.apache.ratis.thirdparty.io.netty.util.internal.ThreadExecutorMap$2.run(ThreadExecutorMap.java:74)
	at java.base/java.lang.Thread.run(Thread.java:829)
2023-11-06 15:54:39,629 WARN  client.NettyClientStreamRpc (NettyClientStreamRpc.java:scheduleReconnect(199)) - 
org.apache.ratis.thirdparty.io.netty.channel.AbstractChannel$AnnotatedConnectException: finishConnect(..) failed: Connection refused: localhost/127.0.0.1:42603
Caused by: java.net.ConnectException: finishConnect(..) failed: Connection refused
	at org.apache.ratis.thirdparty.io.netty.channel.unix.Errors.newConnectException0(Errors.java:166)
	at org.apache.ratis.thirdparty.io.netty.channel.unix.Errors.handleConnectErrno(Errors.java:131)
	at org.apache.ratis.thirdparty.io.netty.channel.unix.Socket.finishConnect(Socket.java:359)
	at org.apache.ratis.thirdparty.io.netty.channel.epoll.AbstractEpollChannel$AbstractEpollUnsafe.doFinishConnect(AbstractEpollChannel.java:710)
	at org.apache.ratis.thirdparty.io.netty.channel.epoll.AbstractEpollChannel$AbstractEpollUnsafe.finishConnect(AbstractEpollChannel.java:687)
	at org.apache.ratis.thirdparty.io.netty.channel.epoll.AbstractEpollChannel$AbstractEpollUnsafe.epollOutReady(AbstractEpollChannel.java:567)
	at org.apache.ratis.thirdparty.io.netty.channel.epoll.EpollEventLoop.processReady(EpollEventLoop.java:499)
	at org.apache.ratis.thirdparty.io.netty.channel.epoll.EpollEventLoop.run(EpollEventLoop.java:407)
	at org.apache.ratis.thirdparty.io.netty.util.concurrent.SingleThreadEventExecutor$4.run(SingleThreadEventExecutor.java:997)
	at org.apache.ratis.thirdparty.io.netty.util.internal.ThreadExecutorMap$2.run(ThreadExecutorMap.java:74)
	at java.base/java.lang.Thread.run(Thread.java:829)
2023-11-06 15:54:39,638 WARN  client.NettyClientStreamRpc (NettyClientStreamRpc.java:scheduleReconnect(197)) - Connection-localhost/127.0.0.1:44197: org.apache.ratis.netty.client.NettyClientStreamRpc$Connection$1@4c3b1ee9 failed; schedule reconnecting to localhost/127.0.0.1:44197 in 100ms
2023-11-06 15:54:39,638 WARN  client.NettyClientStreamRpc (NettyClientStreamRpc.java:scheduleReconnect(199)) - 
org.apache.ratis.thirdparty.io.netty.channel.AbstractChannel$AnnotatedConnectException: finishConnect(..) failed: Connection refused: localhost/127.0.0.1:44197
Caused by: java.net.ConnectException: finishConnect(..) failed: Connection refused
	at org.apache.ratis.thirdparty.io.netty.channel.unix.Errors.newConnectException0(Errors.java:166)
	at org.apache.ratis.thirdparty.io.netty.channel.unix.Errors.handleConnectErrno(Errors.java:131)
	at org.apache.ratis.thirdparty.io.netty.channel.unix.Socket.finishConnect(Socket.java:359)
	at org.apache.ratis.thirdparty.io.netty.channel.epoll.AbstractEpollChannel$AbstractEpollUnsafe.doFinishConnect(AbstractEpollChannel.java:710)
	at org.apache.ratis.thirdparty.io.netty.channel.epoll.AbstractEpollChannel$AbstractEpollUnsafe.finishConnect(AbstractEpollChannel.java:687)
	at org.apache.ratis.thirdparty.io.netty.channel.epoll.AbstractEpollChannel$AbstractEpollUnsafe.epollOutReady(AbstractEpollChannel.java:567)
	at org.apache.ratis.thirdparty.io.netty.channel.epoll.EpollEventLoop.processReady(EpollEventLoop.java:499)
	at org.apache.ratis.thirdparty.io.netty.channel.epoll.EpollEventLoop.run(EpollEventLoop.java:407)
	at org.apache.ratis.thirdparty.io.netty.util.concurrent.SingleThreadEventExecutor$4.run(SingleThreadEventExecutor.java:997)
	at org.apache.ratis.thirdparty.io.netty.util.internal.ThreadExecutorMap$2.run(ThreadExecutorMap.java:74)
	at java.base/java.lang.Thread.run(Thread.java:829)
2023-11-06 15:54:39,638 WARN  util.PeerProxyMap (PeerProxyMap.java:closeProxy(170)) - s1-NettyServerStreamRpc: Failed to close proxy for peer s2|localhost:37753, proxy class: class org.apache.ratis.client.impl.DataStreamClientImpl
org.apache.ratis.thirdparty.io.netty.channel.AbstractChannel$AnnotatedConnectException: finishConnect(..) failed: Connection refused: localhost/127.0.0.1:44197
Caused by: java.net.ConnectException: finishConnect(..) failed: Connection refused
	at org.apache.ratis.thirdparty.io.netty.channel.unix.Errors.newConnectException0(Errors.java:166)
	at org.apache.ratis.thirdparty.io.netty.channel.unix.Errors.handleConnectErrno(Errors.java:131)
	at org.apache.ratis.thirdparty.io.netty.channel.unix.Socket.finishConnect(Socket.java:359)
	at org.apache.ratis.thirdparty.io.netty.channel.epoll.AbstractEpollChannel$AbstractEpollUnsafe.doFinishConnect(AbstractEpollChannel.java:710)
	at org.apache.ratis.thirdparty.io.netty.channel.epoll.AbstractEpollChannel$AbstractEpollUnsafe.finishConnect(AbstractEpollChannel.java:687)
	at org.apache.ratis.thirdparty.io.netty.channel.epoll.AbstractEpollChannel$AbstractEpollUnsafe.epollOutReady(AbstractEpollChannel.java:567)
	at org.apache.ratis.thirdparty.io.netty.channel.epoll.EpollEventLoop.processReady(EpollEventLoop.java:499)
	at org.apache.ratis.thirdparty.io.netty.channel.epoll.EpollEventLoop.run(EpollEventLoop.java:407)
	at org.apache.ratis.thirdparty.io.netty.util.concurrent.SingleThreadEventExecutor$4.run(SingleThreadEventExecutor.java:997)
	at org.apache.ratis.thirdparty.io.netty.util.internal.ThreadExecutorMap$2.run(ThreadExecutorMap.java:74)
	at java.base/java.lang.Thread.run(Thread.java:829)
2023-11-06 15:54:39,661 WARN  client.NettyClientStreamRpc (NettyClientStreamRpc.java:scheduleReconnect(197)) - Connection-localhost/127.0.0.1:45785: org.apache.ratis.netty.client.NettyClientStreamRpc$Connection$1@d5f4835 failed; schedule reconnecting to localhost/127.0.0.1:45785 in 100ms
2023-11-06 15:54:39,661 WARN  client.NettyClientStreamRpc (NettyClientStreamRpc.java:scheduleReconnect(199)) - 
org.apache.ratis.thirdparty.io.netty.channel.AbstractChannel$AnnotatedConnectException: finishConnect(..) failed: Connection refused: localhost/127.0.0.1:45785
Caused by: java.net.ConnectException: finishConnect(..) failed: Connection refused
	at org.apache.ratis.thirdparty.io.netty.channel.unix.Errors.newConnectException0(Errors.java:166)
	at org.apache.ratis.thirdparty.io.netty.channel.unix.Errors.handleConnectErrno(Errors.java:131)
	at org.apache.ratis.thirdparty.io.netty.channel.unix.Socket.finishConnect(Socket.java:359)
	at org.apache.ratis.thirdparty.io.netty.channel.epoll.AbstractEpollChannel$AbstractEpollUnsafe.doFinishConnect(AbstractEpollChannel.java:710)
	at org.apache.ratis.thirdparty.io.netty.channel.epoll.AbstractEpollChannel$AbstractEpollUnsafe.finishConnect(AbstractEpollChannel.java:687)
	at org.apache.ratis.thirdparty.io.netty.channel.epoll.AbstractEpollChannel$AbstractEpollUnsafe.epollOutReady(AbstractEpollChannel.java:567)
	at org.apache.ratis.thirdparty.io.netty.channel.epoll.EpollEventLoop.processReady(EpollEventLoop.java:499)
	at org.apache.ratis.thirdparty.io.netty.channel.epoll.EpollEventLoop.run(EpollEventLoop.java:407)
	at org.apache.ratis.thirdparty.io.netty.util.concurrent.SingleThreadEventExecutor$4.run(SingleThreadEventExecutor.java:997)
	at org.apache.ratis.thirdparty.io.netty.util.internal.ThreadExecutorMap$2.run(ThreadExecutorMap.java:74)
	at java.base/java.lang.Thread.run(Thread.java:829)
2023-11-06 15:54:39,669 WARN  client.NettyClientStreamRpc (NettyClientStreamRpc.java:scheduleReconnect(197)) - Connection-localhost/127.0.0.1:44197: org.apache.ratis.netty.client.NettyClientStreamRpc$Connection$1@9a4c8e9 failed; schedule reconnecting to localhost/127.0.0.1:44197 in 100ms
2023-11-06 15:54:39,669 WARN  client.NettyClientStreamRpc (NettyClientStreamRpc.java:scheduleReconnect(199)) - 
org.apache.ratis.thirdparty.io.netty.channel.AbstractChannel$AnnotatedConnectException: finishConnect(..) failed: Connection refused: localhost/127.0.0.1:44197
Caused by: java.net.ConnectException: finishConnect(..) failed: Connection refused
	at org.apache.ratis.thirdparty.io.netty.channel.unix.Errors.newConnectException0(Errors.java:166)
	at org.apache.ratis.thirdparty.io.netty.channel.unix.Errors.handleConnectErrno(Errors.java:131)
	at org.apache.ratis.thirdparty.io.netty.channel.unix.Socket.finishConnect(Socket.java:359)
	at org.apache.ratis.thirdparty.io.netty.channel.epoll.AbstractEpollChannel$AbstractEpollUnsafe.doFinishConnect(AbstractEpollChannel.java:710)
	at org.apache.ratis.thirdparty.io.netty.channel.epoll.AbstractEpollChannel$AbstractEpollUnsafe.finishConnect(AbstractEpollChannel.java:687)
	at org.apache.ratis.thirdparty.io.netty.channel.epoll.AbstractEpollChannel$AbstractEpollUnsafe.epollOutReady(AbstractEpollChannel.java:567)
	at org.apache.ratis.thirdparty.io.netty.channel.epoll.EpollEventLoop.processReady(EpollEventLoop.java:499)
	at org.apache.ratis.thirdparty.io.netty.channel.epoll.EpollEventLoop.run(EpollEventLoop.java:407)
	at org.apache.ratis.thirdparty.io.netty.util.concurrent.SingleThreadEventExecutor$4.run(SingleThreadEventExecutor.java:997)
	at org.apache.ratis.thirdparty.io.netty.util.internal.ThreadExecutorMap$2.run(ThreadExecutorMap.java:74)
	at java.base/java.lang.Thread.run(Thread.java:829)
2023-11-06 15:54:39,669 WARN  util.PeerProxyMap (PeerProxyMap.java:closeProxy(170)) - s1-NettyServerStreamRpc: Failed to close proxy for peer s2|localhost:37753, proxy class: class org.apache.ratis.client.impl.DataStreamClientImpl
org.apache.ratis.thirdparty.io.netty.channel.AbstractChannel$AnnotatedConnectException: finishConnect(..) failed: Connection refused: localhost/127.0.0.1:44197
Caused by: java.net.ConnectException: finishConnect(..) failed: Connection refused
	at org.apache.ratis.thirdparty.io.netty.channel.unix.Errors.newConnectException0(Errors.java:166)
	at org.apache.ratis.thirdparty.io.netty.channel.unix.Errors.handleConnectErrno(Errors.java:131)
	at org.apache.ratis.thirdparty.io.netty.channel.unix.Socket.finishConnect(Socket.java:359)
	at org.apache.ratis.thirdparty.io.netty.channel.epoll.AbstractEpollChannel$AbstractEpollUnsafe.doFinishConnect(AbstractEpollChannel.java:710)
	at org.apache.ratis.thirdparty.io.netty.channel.epoll.AbstractEpollChannel$AbstractEpollUnsafe.finishConnect(AbstractEpollChannel.java:687)
	at org.apache.ratis.thirdparty.io.netty.channel.epoll.AbstractEpollChannel$AbstractEpollUnsafe.epollOutReady(AbstractEpollChannel.java:567)
	at org.apache.ratis.thirdparty.io.netty.channel.epoll.EpollEventLoop.processReady(EpollEventLoop.java:499)
	at org.apache.ratis.thirdparty.io.netty.channel.epoll.EpollEventLoop.run(EpollEventLoop.java:407)
	at org.apache.ratis.thirdparty.io.netty.util.concurrent.SingleThreadEventExecutor$4.run(SingleThreadEventExecutor.java:997)
	at org.apache.ratis.thirdparty.io.netty.util.internal.ThreadExecutorMap$2.run(ThreadExecutorMap.java:74)
	at java.base/java.lang.Thread.run(Thread.java:829)
2023-11-06 15:54:39,670 WARN  client.NettyClientStreamRpc (NettyClientStreamRpc.java:scheduleReconnect(197)) - Connection-localhost/127.0.0.1:45785: org.apache.ratis.netty.client.NettyClientStreamRpc$Connection$1@51a06f2e failed; schedule reconnecting to localhost/127.0.0.1:45785 in 100ms
2023-11-06 15:54:39,670 WARN  client.NettyClientStreamRpc (NettyClientStreamRpc.java:scheduleReconnect(199)) - 
org.apache.ratis.thirdparty.io.netty.channel.AbstractChannel$AnnotatedConnectException: finishConnect(..) failed: Connection refused: localhost/127.0.0.1:45785
Caused by: java.net.ConnectException: finishConnect(..) failed: Connection refused
	at org.apache.ratis.thirdparty.io.netty.channel.unix.Errors.newConnectException0(Errors.java:166)
	at org.apache.ratis.thirdparty.io.netty.channel.unix.Errors.handleConnectErrno(Errors.java:131)
	at org.apache.ratis.thirdparty.io.netty.channel.unix.Socket.finishConnect(Socket.java:359)
	at org.apache.ratis.thirdparty.io.netty.channel.epoll.AbstractEpollChannel$AbstractEpollUnsafe.doFinishConnect(AbstractEpollChannel.java:710)
	at org.apache.ratis.thirdparty.io.netty.channel.epoll.AbstractEpollChannel$AbstractEpollUnsafe.finishConnect(AbstractEpollChannel.java:687)
	at org.apache.ratis.thirdparty.io.netty.channel.epoll.AbstractEpollChannel$AbstractEpollUnsafe.epollOutReady(AbstractEpollChannel.java:567)
	at org.apache.ratis.thirdparty.io.netty.channel.epoll.EpollEventLoop.processReady(EpollEventLoop.java:499)
	at org.apache.ratis.thirdparty.io.netty.channel.epoll.EpollEventLoop.run(EpollEventLoop.java:407)
	at org.apache.ratis.thirdparty.io.netty.util.concurrent.SingleThreadEventExecutor$4.run(SingleThreadEventExecutor.java:997)
	at org.apache.ratis.thirdparty.io.netty.util.internal.ThreadExecutorMap$2.run(ThreadExecutorMap.java:74)
	at java.base/java.lang.Thread.run(Thread.java:829)
2023-11-06 15:54:39,671 WARN  client.NettyClientStreamRpc (NettyClientStreamRpc.java:scheduleReconnect(197)) - Connection-localhost/127.0.0.1:45785: org.apache.ratis.netty.client.NettyClientStreamRpc$Connection$1@47436905 failed; schedule reconnecting to localhost/127.0.0.1:45785 in 100ms
2023-11-06 15:54:39,671 WARN  client.NettyClientStreamRpc (NettyClientStreamRpc.java:scheduleReconnect(199)) - 
org.apache.ratis.thirdparty.io.netty.channel.AbstractChannel$AnnotatedConnectException: finishConnect(..) failed: Connection refused: localhost/127.0.0.1:45785
Caused by: java.net.ConnectException: finishConnect(..) failed: Connection refused
	at org.apache.ratis.thirdparty.io.netty.channel.unix.Errors.newConnectException0(Errors.java:166)
	at org.apache.ratis.thirdparty.io.netty.channel.unix.Errors.handleConnectErrno(Errors.java:131)
	at org.apache.ratis.thirdparty.io.netty.channel.unix.Socket.finishConnect(Socket.java:359)
	at org.apache.ratis.thirdparty.io.netty.channel.epoll.AbstractEpollChannel$AbstractEpollUnsafe.doFinishConnect(AbstractEpollChannel.java:710)
	at org.apache.ratis.thirdparty.io.netty.channel.epoll.AbstractEpollChannel$AbstractEpollUnsafe.finishConnect(AbstractEpollChannel.java:687)
	at org.apache.ratis.thirdparty.io.netty.channel.epoll.AbstractEpollChannel$AbstractEpollUnsafe.epollOutReady(AbstractEpollChannel.java:567)
	at org.apache.ratis.thirdparty.io.netty.channel.epoll.EpollEventLoop.processReady(EpollEventLoop.java:499)
	at org.apache.ratis.thirdparty.io.netty.channel.epoll.EpollEventLoop.run(EpollEventLoop.java:407)
	at org.apache.ratis.thirdparty.io.netty.util.concurrent.SingleThreadEventExecutor$4.run(SingleThreadEventExecutor.java:997)
	at org.apache.ratis.thirdparty.io.netty.util.internal.ThreadExecutorMap$2.run(ThreadExecutorMap.java:74)
	at java.base/java.lang.Thread.run(Thread.java:829)
2023-11-06 15:54:39,672 WARN  client.NettyClientStreamRpc (NettyClientStreamRpc.java:scheduleReconnect(197)) - Connection-localhost/127.0.0.1:44197: org.apache.ratis.netty.client.NettyClientStreamRpc$Connection$1@378b499 failed; schedule reconnecting to localhost/127.0.0.1:44197 in 100ms
2023-11-06 15:54:39,672 WARN  client.NettyClientStreamRpc (NettyClientStreamRpc.java:scheduleReconnect(199)) - 
org.apache.ratis.thirdparty.io.netty.channel.AbstractChannel$AnnotatedConnectException: finishConnect(..) failed: Connection refused: localhost/127.0.0.1:44197
Caused by: java.net.ConnectException: finishConnect(..) failed: Connection refused
	at org.apache.ratis.thirdparty.io.netty.channel.unix.Errors.newConnectException0(Errors.java:166)
	at org.apache.ratis.thirdparty.io.netty.channel.unix.Errors.handleConnectErrno(Errors.java:131)
	at org.apache.ratis.thirdparty.io.netty.channel.unix.Socket.finishConnect(Socket.java:359)
	at org.apache.ratis.thirdparty.io.netty.channel.epoll.AbstractEpollChannel$AbstractEpollUnsafe.doFinishConnect(AbstractEpollChannel.java:710)
	at org.apache.ratis.thirdparty.io.netty.channel.epoll.AbstractEpollChannel$AbstractEpollUnsafe.finishConnect(AbstractEpollChannel.java:687)
	at org.apache.ratis.thirdparty.io.netty.channel.epoll.AbstractEpollChannel$AbstractEpollUnsafe.epollOutReady(AbstractEpollChannel.java:567)
	at org.apache.ratis.thirdparty.io.netty.channel.epoll.EpollEventLoop.processReady(EpollEventLoop.java:499)
	at org.apache.ratis.thirdparty.io.netty.channel.epoll.EpollEventLoop.run(EpollEventLoop.java:407)
	at org.apache.ratis.thirdparty.io.netty.util.concurrent.SingleThreadEventExecutor$4.run(SingleThreadEventExecutor.java:997)
	at org.apache.ratis.thirdparty.io.netty.util.internal.ThreadExecutorMap$2.run(ThreadExecutorMap.java:74)
	at java.base/java.lang.Thread.run(Thread.java:829)
2023-11-06 15:54:39,674 WARN  util.PeerProxyMap (PeerProxyMap.java:closeProxy(170)) - s1-NettyServerStreamRpc: Failed to close proxy for peer s2|localhost:37753, proxy class: class org.apache.ratis.client.impl.DataStreamClientImpl
org.apache.ratis.thirdparty.io.netty.channel.AbstractChannel$AnnotatedConnectException: finishConnect(..) failed: Connection refused: localhost/127.0.0.1:44197
Caused by: java.net.ConnectException: finishConnect(..) failed: Connection refused
	at org.apache.ratis.thirdparty.io.netty.channel.unix.Errors.newConnectException0(Errors.java:166)
	at org.apache.ratis.thirdparty.io.netty.channel.unix.Errors.handleConnectErrno(Errors.java:131)
	at org.apache.ratis.thirdparty.io.netty.channel.unix.Socket.finishConnect(Socket.java:359)
	at org.apache.ratis.thirdparty.io.netty.channel.epoll.AbstractEpollChannel$AbstractEpollUnsafe.doFinishConnect(AbstractEpollChannel.java:710)
	at org.apache.ratis.thirdparty.io.netty.channel.epoll.AbstractEpollChannel$AbstractEpollUnsafe.finishConnect(AbstractEpollChannel.java:687)
	at org.apache.ratis.thirdparty.io.netty.channel.epoll.AbstractEpollChannel$AbstractEpollUnsafe.epollOutReady(AbstractEpollChannel.java:567)
	at org.apache.ratis.thirdparty.io.netty.channel.epoll.EpollEventLoop.processReady(EpollEventLoop.java:499)
	at org.apache.ratis.thirdparty.io.netty.channel.epoll.EpollEventLoop.run(EpollEventLoop.java:407)
	at org.apache.ratis.thirdparty.io.netty.util.concurrent.SingleThreadEventExecutor$4.run(SingleThreadEventExecutor.java:997)
	at org.apache.ratis.thirdparty.io.netty.util.internal.ThreadExecutorMap$2.run(ThreadExecutorMap.java:74)
	at java.base/java.lang.Thread.run(Thread.java:829)
2023-11-06 15:54:39,681 WARN  client.NettyClientStreamRpc (NettyClientStreamRpc.java:scheduleReconnect(197)) - Connection-localhost/127.0.0.1:45785: org.apache.ratis.netty.client.NettyClientStreamRpc$Connection$1@2068751f failed; schedule reconnecting to localhost/127.0.0.1:45785 in 100ms
2023-11-06 15:54:39,681 WARN  client.NettyClientStreamRpc (NettyClientStreamRpc.java:scheduleReconnect(199)) - 
org.apache.ratis.thirdparty.io.netty.channel.AbstractChannel$AnnotatedConnectException: finishConnect(..) failed: Connection refused: localhost/127.0.0.1:45785
Caused by: java.net.ConnectException: finishConnect(..) failed: Connection refused
	at org.apache.ratis.thirdparty.io.netty.channel.unix.Errors.newConnectException0(Errors.java:166)
	at org.apache.ratis.thirdparty.io.netty.channel.unix.Errors.handleConnectErrno(Errors.java:131)
	at org.apache.ratis.thirdparty.io.netty.channel.unix.Socket.finishConnect(Socket.java:359)
	at org.apache.ratis.thirdparty.io.netty.channel.epoll.AbstractEpollChannel$AbstractEpollUnsafe.doFinishConnect(AbstractEpollChannel.java:710)
	at org.apache.ratis.thirdparty.io.netty.channel.epoll.AbstractEpollChannel$AbstractEpollUnsafe.finishConnect(AbstractEpollChannel.java:687)
	at org.apache.ratis.thirdparty.io.netty.channel.epoll.AbstractEpollChannel$AbstractEpollUnsafe.epollOutReady(AbstractEpollChannel.java:567)
	at org.apache.ratis.thirdparty.io.netty.channel.epoll.EpollEventLoop.processReady(EpollEventLoop.java:499)
	at org.apache.ratis.thirdparty.io.netty.channel.epoll.EpollEventLoop.run(EpollEventLoop.java:407)
	at org.apache.ratis.thirdparty.io.netty.util.concurrent.SingleThreadEventExecutor$4.run(SingleThreadEventExecutor.java:997)
	at org.apache.ratis.thirdparty.io.netty.util.internal.ThreadExecutorMap$2.run(ThreadExecutorMap.java:74)
	at java.base/java.lang.Thread.run(Thread.java:829)
2023-11-06 15:54:39,682 WARN  client.NettyClientStreamRpc (NettyClientStreamRpc.java:scheduleReconnect(197)) - Connection-localhost/127.0.0.1:45785: org.apache.ratis.netty.client.NettyClientStreamRpc$Connection$1@16e76950 failed; schedule reconnecting to localhost/127.0.0.1:45785 in 100ms
2023-11-06 15:54:39,683 WARN  client.NettyClientStreamRpc (NettyClientStreamRpc.java:scheduleReconnect(199)) - 
org.apache.ratis.thirdparty.io.netty.channel.AbstractChannel$AnnotatedConnectException: finishConnect(..) failed: Connection refused: localhost/127.0.0.1:45785
Caused by: java.net.ConnectException: finishConnect(..) failed: Connection refused
	at org.apache.ratis.thirdparty.io.netty.channel.unix.Errors.newConnectException0(Errors.java:166)
	at org.apache.ratis.thirdparty.io.netty.channel.unix.Errors.handleConnectErrno(Errors.java:131)
	at org.apache.ratis.thirdparty.io.netty.channel.unix.Socket.finishConnect(Socket.java:359)
	at org.apache.ratis.thirdparty.io.netty.channel.epoll.AbstractEpollChannel$AbstractEpollUnsafe.doFinishConnect(AbstractEpollChannel.java:710)
	at org.apache.ratis.thirdparty.io.netty.channel.epoll.AbstractEpollChannel$AbstractEpollUnsafe.finishConnect(AbstractEpollChannel.java:687)
	at org.apache.ratis.thirdparty.io.netty.channel.epoll.AbstractEpollChannel$AbstractEpollUnsafe.epollOutReady(AbstractEpollChannel.java:567)
	at org.apache.ratis.thirdparty.io.netty.channel.epoll.EpollEventLoop.processReady(EpollEventLoop.java:499)
	at org.apache.ratis.thirdparty.io.netty.channel.epoll.EpollEventLoop.run(EpollEventLoop.java:407)
	at org.apache.ratis.thirdparty.io.netty.util.concurrent.SingleThreadEventExecutor$4.run(SingleThreadEventExecutor.java:997)
	at org.apache.ratis.thirdparty.io.netty.util.internal.ThreadExecutorMap$2.run(ThreadExecutorMap.java:74)
	at java.base/java.lang.Thread.run(Thread.java:829)
2023-11-06 15:54:39,685 WARN  client.NettyClientStreamRpc (NettyClientStreamRpc.java:scheduleReconnect(197)) - Connection-localhost/127.0.0.1:45785: org.apache.ratis.netty.client.NettyClientStreamRpc$Connection$1@51e82776 failed; schedule reconnecting to localhost/127.0.0.1:45785 in 100ms
2023-11-06 15:54:39,687 WARN  client.NettyClientStreamRpc (NettyClientStreamRpc.java:scheduleReconnect(199)) - 
org.apache.ratis.thirdparty.io.netty.channel.AbstractChannel$AnnotatedConnectException: finishConnect(..) failed: Connection refused: localhost/127.0.0.1:45785
Caused by: java.net.ConnectException: finishConnect(..) failed: Connection refused
	at org.apache.ratis.thirdparty.io.netty.channel.unix.Errors.newConnectException0(Errors.java:166)
	at org.apache.ratis.thirdparty.io.netty.channel.unix.Errors.handleConnectErrno(Errors.java:131)
	at org.apache.ratis.thirdparty.io.netty.channel.unix.Socket.finishConnect(Socket.java:359)
	at org.apache.ratis.thirdparty.io.netty.channel.epoll.AbstractEpollChannel$AbstractEpollUnsafe.doFinishConnect(AbstractEpollChannel.java:710)
	at org.apache.ratis.thirdparty.io.netty.channel.epoll.AbstractEpollChannel$AbstractEpollUnsafe.finishConnect(AbstractEpollChannel.java:687)
	at org.apache.ratis.thirdparty.io.netty.channel.epoll.AbstractEpollChannel$AbstractEpollUnsafe.epollOutReady(AbstractEpollChannel.java:567)
	at org.apache.ratis.thirdparty.io.netty.channel.epoll.EpollEventLoop.processReady(EpollEventLoop.java:499)
	at org.apache.ratis.thirdparty.io.netty.channel.epoll.EpollEventLoop.run(EpollEventLoop.java:407)
	at org.apache.ratis.thirdparty.io.netty.util.concurrent.SingleThreadEventExecutor$4.run(SingleThreadEventExecutor.java:997)
	at org.apache.ratis.thirdparty.io.netty.util.internal.ThreadExecutorMap$2.run(ThreadExecutorMap.java:74)
	at java.base/java.lang.Thread.run(Thread.java:829)
2023-11-06 15:54:39,685 WARN  client.NettyClientStreamRpc (NettyClientStreamRpc.java:scheduleReconnect(197)) - Connection-localhost/127.0.0.1:45785: org.apache.ratis.netty.client.NettyClientStreamRpc$Connection$1@63153db1 failed; schedule reconnecting to localhost/127.0.0.1:45785 in 100ms
2023-11-06 15:54:39,688 WARN  client.NettyClientStreamRpc (NettyClientStreamRpc.java:scheduleReconnect(199)) - 
org.apache.ratis.thirdparty.io.netty.channel.AbstractChannel$AnnotatedConnectException: finishConnect(..) failed: Connection refused: localhost/127.0.0.1:45785
Caused by: java.net.ConnectException: finishConnect(..) failed: Connection refused
	at org.apache.ratis.thirdparty.io.netty.channel.unix.Errors.newConnectException0(Errors.java:166)
	at org.apache.ratis.thirdparty.io.netty.channel.unix.Errors.handleConnectErrno(Errors.java:131)
	at org.apache.ratis.thirdparty.io.netty.channel.unix.Socket.finishConnect(Socket.java:359)
	at org.apache.ratis.thirdparty.io.netty.channel.epoll.AbstractEpollChannel$AbstractEpollUnsafe.doFinishConnect(AbstractEpollChannel.java:710)
	at org.apache.ratis.thirdparty.io.netty.channel.epoll.AbstractEpollChannel$AbstractEpollUnsafe.finishConnect(AbstractEpollChannel.java:687)
	at org.apache.ratis.thirdparty.io.netty.channel.epoll.AbstractEpollChannel$AbstractEpollUnsafe.epollOutReady(AbstractEpollChannel.java:567)
	at org.apache.ratis.thirdparty.io.netty.channel.epoll.EpollEventLoop.processReady(EpollEventLoop.java:499)
	at org.apache.ratis.thirdparty.io.netty.channel.epoll.EpollEventLoop.run(EpollEventLoop.java:407)
	at org.apache.ratis.thirdparty.io.netty.util.concurrent.SingleThreadEventExecutor$4.run(SingleThreadEventExecutor.java:997)
	at org.apache.ratis.thirdparty.io.netty.util.internal.ThreadExecutorMap$2.run(ThreadExecutorMap.java:74)
	at java.base/java.lang.Thread.run(Thread.java:829)
2023-11-06 15:54:40,353 INFO  segmented.SegmentedRaftLogWorker (SegmentedRaftLogWorker.java:close(243)) - s2@group-6D2E0DB5C585-SegmentedRaftLogWorker close()
2023-11-06 15:54:40,355 INFO  util.JvmPauseMonitor (JvmPauseMonitor.java:run(152)) - JvmPauseMonitor-s2: Stopped
2023-11-06 15:54:40,366 INFO  segmented.SegmentedRaftLogWorker (SegmentedRaftLogWorker.java:close(243)) - s0@group-6D2E0DB5C585-SegmentedRaftLogWorker close()
2023-11-06 15:54:40,366 INFO  segmented.SegmentedRaftLogWorker (SegmentedRaftLogWorker.java:close(243)) - s1@group-6D2E0DB5C585-SegmentedRaftLogWorker close()
2023-11-06 15:54:40,368 INFO  util.JvmPauseMonitor (JvmPauseMonitor.java:run(152)) - JvmPauseMonitor-s1: Stopped
2023-11-06 15:54:42,402 INFO  impl.MiniRaftCluster (MiniRaftCluster.java:lambda$start$6(349)) - TIMED-PRINT: printing ALL groups
  s0:  CLOSING  FOLLOWER s0@group-6D2E0DB5C585:t1, leader=s2, voted=s0, raftlog=Memoized:s0@group-6D2E0DB5C585-SegmentedRaftLog:CLOSED:c29, conf=0: peers:[s0|localhost:33791, s1|localhost:36503, s2|localhost:37753]|listeners:[], old=null CLOSED
  s1:   CLOSED  FOLLOWER s1@group-6D2E0DB5C585:t1, leader=s2, voted=s2, raftlog=Memoized:s1@group-6D2E0DB5C585-SegmentedRaftLog:CLOSED:c29, conf=0: peers:[s0|localhost:33791, s1|localhost:36503, s2|localhost:37753]|listeners:[], old=null CLOSED
  s2:   CLOSED    LEADER s2@group-6D2E0DB5C585:t1, leader=s2, voted=s2, raftlog=Memoized:s2@group-6D2E0DB5C585-SegmentedRaftLog:CLOSED:c30, conf=0: peers:[s0|localhost:33791, s1|localhost:36503, s2|localhost:37753]|listeners:[], old=null CLOSED
2023-11-06 15:54:44,366 INFO  impl.MiniRaftCluster (MiniRaftCluster.java:shutdown(855)) - MiniRaftClusterWithRpcTypeGrpcAndDataStreamTypeNetty shutdown completed
]]></system-out>
  </testcase>
  <testcase name="testFileStoreStreamSingleFile" classname="org.apache.ratis.examples.filestore.TestFileStoreStreamingWithGrpcCluster" time="100.007">
    <error message="test timed out after 100 seconds" type="org.junit.runners.model.TestTimedOutException"><![CDATA[org.junit.runners.model.TestTimedOutException: test timed out after 100 seconds
	at java.base@11.0.21/jdk.internal.misc.Unsafe.park(Native Method)
	at java.base@11.0.21/java.util.concurrent.locks.LockSupport.park(LockSupport.java:194)
	at java.base@11.0.21/java.util.concurrent.locks.AbstractQueuedSynchronizer.parkAndCheckInterrupt(AbstractQueuedSynchronizer.java:885)
	at java.base@11.0.21/java.util.concurrent.locks.AbstractQueuedSynchronizer.doAcquireSharedInterruptibly(AbstractQueuedSynchronizer.java:1039)
	at java.base@11.0.21/java.util.concurrent.locks.AbstractQueuedSynchronizer.acquireSharedInterruptibly(AbstractQueuedSynchronizer.java:1345)
	at java.base@11.0.21/java.util.concurrent.Semaphore.acquire(Semaphore.java:318)
	at app//org.apache.ratis.client.impl.OrderedStreamAsync.sendRequest(OrderedStreamAsync.java:113)
	at app//org.apache.ratis.client.impl.DataStreamClientImpl$DataStreamOutputImpl.send(DataStreamClientImpl.java:135)
	at app//org.apache.ratis.client.impl.DataStreamClientImpl$DataStreamOutputImpl.writeAsyncImpl(DataStreamClientImpl.java:147)
	at app//org.apache.ratis.client.impl.DataStreamClientImpl$DataStreamOutputImpl.writeAsync(DataStreamClientImpl.java:159)
	at app//org.apache.ratis.client.api.DataStreamOutput.writeAsync(DataStreamOutput.java:42)
	at app//org.apache.ratis.examples.filestore.FileStoreWriter.streamWriteAndVerify(FileStoreWriter.java:153)
	at app//org.apache.ratis.examples.filestore.FileStoreStreamingBaseTest.testSingleFile(FileStoreStreamingBaseTest.java:116)
	at app//org.apache.ratis.examples.filestore.FileStoreStreamingBaseTest.testFileStoreStreamSingleFile(FileStoreStreamingBaseTest.java:78)
	at java.base@11.0.21/jdk.internal.reflect.NativeMethodAccessorImpl.invoke0(Native Method)
	at java.base@11.0.21/jdk.internal.reflect.NativeMethodAccessorImpl.invoke(NativeMethodAccessorImpl.java:62)
	at java.base@11.0.21/jdk.internal.reflect.DelegatingMethodAccessorImpl.invoke(DelegatingMethodAccessorImpl.java:43)
	at java.base@11.0.21/java.lang.reflect.Method.invoke(Method.java:566)
	at app//org.junit.runners.model.FrameworkMethod$1.runReflectiveCall(FrameworkMethod.java:59)
	at app//org.junit.internal.runners.model.ReflectiveCallable.run(ReflectiveCallable.java:12)
	at app//org.junit.runners.model.FrameworkMethod.invokeExplosively(FrameworkMethod.java:56)
	at app//org.junit.internal.runners.statements.InvokeMethod.evaluate(InvokeMethod.java:17)
	at app//org.junit.internal.runners.statements.RunAfters.evaluate(RunAfters.java:27)
	at app//org.junit.internal.runners.statements.FailOnTimeout$CallableStatement.call(FailOnTimeout.java:299)
	at app//org.junit.internal.runners.statements.FailOnTimeout$CallableStatement.call(FailOnTimeout.java:293)
	at java.base@11.0.21/java.util.concurrent.FutureTask.run(FutureTask.java:264)
	at java.base@11.0.21/java.lang.Thread.run(Thread.java:829)
]]></error>
    <system-out><![CDATA[2023-11-06 15:54:44,369 INFO  util.LogUtils (Slf4jUtils.java:setLogLevel(38)) - Successfully set org.apache.ratis.conf.ConfUtils log level to WARN
2023-11-06 15:54:44,369 INFO  util.LogUtils (Slf4jUtils.java:setLogLevel(38)) - Successfully set org.apache.ratis.util.FileUtils log level to TRACE
2023-11-06 15:54:44,371 INFO  impl.MiniRaftCluster (MiniRaftCluster.java:<init>(306)) - new MiniRaftClusterWithRpcTypeGrpcAndDataStreamTypeNetty with group-53F0C1430D88:[s0|localhost:44013, s1|localhost:45265, s2|localhost:45699]
2023-11-06 15:54:44,371 INFO  impl.MiniRaftCluster (MiniRaftCluster.java:start(339)) - .............................................................. 
2023-11-06 15:54:44,372 INFO  impl.MiniRaftCluster (MiniRaftCluster.java:start(340)) - ... 
2023-11-06 15:54:44,372 INFO  impl.MiniRaftCluster (MiniRaftCluster.java:start(341)) - ...     Starting MiniRaftClusterWithRpcTypeGrpcAndDataStreamTypeNetty
2023-11-06 15:54:44,372 INFO  impl.MiniRaftCluster (MiniRaftCluster.java:start(342)) - ... 
2023-11-06 15:54:44,372 INFO  impl.MiniRaftCluster (MiniRaftCluster.java:start(343)) - .............................................................. 
2023-11-06 15:54:44,372 INFO  impl.MiniRaftCluster (MiniRaftCluster.java:initServers(318)) - servers = {}
2023-11-06 15:54:44,372 INFO  impl.MiniRaftCluster (MiniRaftCluster.java:newRaftServer(382)) - newRaftServer: s0, group-53F0C1430D88:[s0|localhost:44013, s1|localhost:45265, s2|localhost:45699], format? true
2023-11-06 15:54:44,372 TRACE util.FileUtils (FileUtils.java:deleteFully(305)) - deleteFully target/test/data/8ed5a2e1/MiniRaftClusterWithRpcTypeGrpcAndDataStreamTypeNetty7f30e5a1/s0
2023-11-06 15:54:44,372 TRACE util.FileUtils (FileUtils.java:deleteFully(318)) - deleteFully: target/test/data/8ed5a2e1/MiniRaftClusterWithRpcTypeGrpcAndDataStreamTypeNetty7f30e5a1/s0 does not exist.
2023-11-06 15:54:44,372 INFO  impl.MiniRaftCluster (MiniRaftCluster.java:newRaftServer(387)) - Formatted directory target/test/data/8ed5a2e1/MiniRaftClusterWithRpcTypeGrpcAndDataStreamTypeNetty7f30e5a1/s0
2023-11-06 15:54:44,373 INFO  server.RaftServer (ConfUtils.java:logGet(46)) - raft.rpc.type = GRPC (default)
2023-11-06 15:54:44,373 INFO  grpc.GrpcConfigKeys (ConfUtils.java:logFallback(53)) - raft.grpc.admin.host = null (fallback to raft.grpc.server.host)
2023-11-06 15:54:44,373 INFO  grpc.GrpcConfigKeys (ConfUtils.java:logGet(46)) - raft.grpc.admin.port = 33195 (custom)
2023-11-06 15:54:44,373 INFO  grpc.GrpcConfigKeys (ConfUtils.java:logFallback(53)) - raft.grpc.client.host = null (fallback to raft.grpc.server.host)
2023-11-06 15:54:44,373 INFO  grpc.GrpcConfigKeys (ConfUtils.java:logGet(46)) - raft.grpc.client.port = 45867 (custom)
2023-11-06 15:54:44,373 INFO  grpc.GrpcConfigKeys (ConfUtils.java:logGet(46)) - raft.grpc.server.host = null (default)
2023-11-06 15:54:44,373 INFO  grpc.GrpcConfigKeys (ConfUtils.java:logGet(46)) - raft.grpc.server.port = 44013 (custom)
2023-11-06 15:54:44,373 INFO  server.GrpcService (ConfUtils.java:logGet(46)) - raft.grpc.message.size.max = 64MB (=67108864) (default)
2023-11-06 15:54:44,373 INFO  server.RaftServerConfigKeys (ConfUtils.java:logGet(46)) - raft.server.log.appender.buffer.byte-limit = 4MB (=4194304) (default)
2023-11-06 15:54:44,374 INFO  server.GrpcService (ConfUtils.java:logGet(46)) - raft.grpc.flow.control.window = 1MB (=1048576) (default)
2023-11-06 15:54:44,374 INFO  server.RaftServerConfigKeys (ConfUtils.java:logGet(46)) - raft.server.rpc.request.timeout = 3000ms (default)
2023-11-06 15:54:44,374 INFO  grpc.GrpcConfigKeys (ConfUtils.java:logGet(46)) - raft.grpc.server.heartbeat.channel = true (default)
2023-11-06 15:54:44,374 INFO  grpc.GrpcConfigKeys (ConfUtils.java:logGet(46)) - raft.grpc.server.async.request.thread.pool.cached = true (default)
2023-11-06 15:54:44,374 INFO  grpc.GrpcConfigKeys (ConfUtils.java:logGet(46)) - raft.grpc.server.async.request.thread.pool.size = 32 (default)
2023-11-06 15:54:44,375 INFO  impl.DataStreamServerImpl (ConfUtils.java:logGet(46)) - raft.datastream.type = NETTY (custom)
2023-11-06 15:54:44,376 INFO  server.RaftServerConfigKeys (ConfUtils.java:logGet(46)) - raft.server.data-stream.async.request.thread.pool.cached = false (default)
2023-11-06 15:54:44,376 INFO  server.RaftServerConfigKeys (ConfUtils.java:logGet(46)) - raft.server.data-stream.async.request.thread.pool.size = 32 (default)
2023-11-06 15:54:44,376 INFO  server.RaftServerConfigKeys (ConfUtils.java:logGet(46)) - raft.server.data-stream.async.write.thread.pool.size = 16 (default)
2023-11-06 15:54:44,376 INFO  netty.NettyConfigKeys$DataStream (ConfUtils.java:logGet(46)) - raft.netty.dataStream.server.channel.inactive.grace-period = 10min (default)
2023-11-06 15:54:44,376 INFO  server.RaftServerConfigKeys (ConfUtils.java:logGet(46)) - raft.server.data-stream.client.pool.size = 10 (default)
2023-11-06 15:54:44,376 INFO  netty.NettyConfigKeys$DataStream (ConfUtils.java:logGet(46)) - raft.netty.dataStream.server.use-epoll = true (default)
2023-11-06 15:54:44,376 INFO  netty.NettyConfigKeys$DataStream (ConfUtils.java:logGet(46)) - raft.netty.dataStream.server.boss-group.size = 0 (default)
2023-11-06 15:54:44,376 INFO  netty.NettyUtils (NettyUtils.java:newEventLoopGroup(69)) - Create EpollEventLoopGroup for s0-NettyServerStreamRpc-bossGroup; Thread size is 0.
2023-11-06 15:54:44,376 INFO  netty.NettyConfigKeys$DataStream (ConfUtils.java:logGet(46)) - raft.netty.dataStream.server.worker-group.size = 0 (default)
2023-11-06 15:54:44,377 INFO  netty.NettyUtils (NettyUtils.java:newEventLoopGroup(69)) - Create EpollEventLoopGroup for s0-NettyServerStreamRpc-workerGroup; Thread size is 0.
2023-11-06 15:54:44,377 INFO  netty.NettyConfigKeys$DataStream (ConfUtils.java:logGet(46)) - raft.netty.dataStream.server.tls.conf = null (default)
2023-11-06 15:54:44,377 INFO  netty.NettyConfigKeys$DataStream (ConfUtils.java:logGet(46)) - raft.netty.dataStream.host = null (default)
2023-11-06 15:54:44,377 INFO  netty.NettyConfigKeys$DataStream (ConfUtils.java:logGet(46)) - raft.netty.dataStream.port = 35867 (custom)
2023-11-06 15:54:44,378 INFO  server.RaftServerConfigKeys (ConfUtils.java:logGet(46)) - raft.server.sleep.deviation.threshold = 300ms (default)
2023-11-06 15:54:44,378 INFO  server.RaftServerConfigKeys (ConfUtils.java:logGet(46)) - raft.server.close.threshold = 60s (default)
2023-11-06 15:54:44,378 INFO  server.RaftServerConfigKeys (ConfUtils.java:logGet(46)) - raft.server.leaderelection.leader.step-down.wait-time = 10s (default)
2023-11-06 15:54:44,378 INFO  server.RaftServerConfigKeys (ConfUtils.java:logGet(46)) - raft.server.storage.dir = [/home/runner/work/ratis/ratis/ratis-examples/target/test/data/8ed5a2e1/MiniRaftClusterWithRpcTypeGrpcAndDataStreamTypeNetty7f30e5a1/s0] (custom)
2023-11-06 15:54:44,379 INFO  server.RaftServerConfigKeys (ConfUtils.java:logGet(46)) - raft.server.threadpool.proxy.cached = true (default)
2023-11-06 15:54:44,379 INFO  server.RaftServerConfigKeys (ConfUtils.java:logGet(46)) - raft.server.threadpool.proxy.size = 0 (default)
2023-11-06 15:54:44,379 INFO  logging.LoggingHandler (AbstractInternalLogger.java:log(148)) - [id: 0xd9c267bb] REGISTERED
2023-11-06 15:54:44,379 INFO  logging.LoggingHandler (AbstractInternalLogger.java:log(148)) - [id: 0xd9c267bb] BIND: 0.0.0.0/0.0.0.0:35867
2023-11-06 15:54:44,379 INFO  logging.LoggingHandler (AbstractInternalLogger.java:log(148)) - [id: 0xd9c267bb, L:/0.0.0.0:35867] ACTIVE
2023-11-06 15:54:44,384 INFO  server.RaftServer (RaftServerProxy.java:addNew(100)) - s0: addNew group-53F0C1430D88:[s0|localhost:44013, s1|localhost:45265, s2|localhost:45699] returns group-53F0C1430D88:java.util.concurrent.CompletableFuture@3e9d6632[Not completed]
2023-11-06 15:54:44,385 INFO  impl.MiniRaftCluster (MiniRaftCluster.java:newRaftServer(382)) - newRaftServer: s1, group-53F0C1430D88:[s0|localhost:44013, s1|localhost:45265, s2|localhost:45699], format? true
2023-11-06 15:54:44,385 TRACE util.FileUtils (FileUtils.java:deleteFully(305)) - deleteFully target/test/data/8ed5a2e1/MiniRaftClusterWithRpcTypeGrpcAndDataStreamTypeNetty7f30e5a1/s1
2023-11-06 15:54:44,385 TRACE util.FileUtils (FileUtils.java:deleteFully(318)) - deleteFully: target/test/data/8ed5a2e1/MiniRaftClusterWithRpcTypeGrpcAndDataStreamTypeNetty7f30e5a1/s1 does not exist.
2023-11-06 15:54:44,385 INFO  impl.MiniRaftCluster (MiniRaftCluster.java:newRaftServer(387)) - Formatted directory target/test/data/8ed5a2e1/MiniRaftClusterWithRpcTypeGrpcAndDataStreamTypeNetty7f30e5a1/s1
2023-11-06 15:54:44,386 INFO  server.RaftServer (ConfUtils.java:logGet(46)) - raft.rpc.type = GRPC (default)
2023-11-06 15:54:44,386 INFO  grpc.GrpcConfigKeys (ConfUtils.java:logFallback(53)) - raft.grpc.admin.host = null (fallback to raft.grpc.server.host)
2023-11-06 15:54:44,386 INFO  grpc.GrpcConfigKeys (ConfUtils.java:logGet(46)) - raft.grpc.admin.port = 38233 (custom)
2023-11-06 15:54:44,386 INFO  grpc.GrpcConfigKeys (ConfUtils.java:logFallback(53)) - raft.grpc.client.host = null (fallback to raft.grpc.server.host)
2023-11-06 15:54:44,386 INFO  grpc.GrpcConfigKeys (ConfUtils.java:logGet(46)) - raft.grpc.client.port = 37391 (custom)
2023-11-06 15:54:44,386 INFO  grpc.GrpcConfigKeys (ConfUtils.java:logGet(46)) - raft.grpc.server.host = null (default)
2023-11-06 15:54:44,386 INFO  grpc.GrpcConfigKeys (ConfUtils.java:logGet(46)) - raft.grpc.server.port = 45265 (custom)
2023-11-06 15:54:44,386 INFO  server.GrpcService (ConfUtils.java:logGet(46)) - raft.grpc.message.size.max = 64MB (=67108864) (default)
2023-11-06 15:54:44,386 INFO  server.RaftServerConfigKeys (ConfUtils.java:logGet(46)) - raft.server.log.appender.buffer.byte-limit = 4MB (=4194304) (default)
2023-11-06 15:54:44,386 INFO  server.GrpcService (ConfUtils.java:logGet(46)) - raft.grpc.flow.control.window = 1MB (=1048576) (default)
2023-11-06 15:54:44,386 INFO  server.RaftServerConfigKeys (ConfUtils.java:logGet(46)) - raft.server.rpc.request.timeout = 3000ms (default)
2023-11-06 15:54:44,387 INFO  grpc.GrpcConfigKeys (ConfUtils.java:logGet(46)) - raft.grpc.server.heartbeat.channel = true (default)
2023-11-06 15:54:44,387 INFO  grpc.GrpcConfigKeys (ConfUtils.java:logGet(46)) - raft.grpc.server.async.request.thread.pool.cached = true (default)
2023-11-06 15:54:44,387 INFO  grpc.GrpcConfigKeys (ConfUtils.java:logGet(46)) - raft.grpc.server.async.request.thread.pool.size = 32 (default)
2023-11-06 15:54:44,388 INFO  impl.DataStreamServerImpl (ConfUtils.java:logGet(46)) - raft.datastream.type = NETTY (custom)
2023-11-06 15:54:44,388 INFO  server.RaftServerConfigKeys (ConfUtils.java:logGet(46)) - raft.server.data-stream.async.request.thread.pool.cached = false (default)
2023-11-06 15:54:44,390 INFO  server.RaftServerConfigKeys (ConfUtils.java:logGet(46)) - raft.server.data-stream.async.request.thread.pool.size = 32 (default)
2023-11-06 15:54:44,390 INFO  server.RaftServerConfigKeys (ConfUtils.java:logGet(46)) - raft.server.data-stream.async.write.thread.pool.size = 16 (default)
2023-11-06 15:54:44,390 INFO  netty.NettyConfigKeys$DataStream (ConfUtils.java:logGet(46)) - raft.netty.dataStream.server.channel.inactive.grace-period = 10min (default)
2023-11-06 15:54:44,390 INFO  server.RaftServerConfigKeys (ConfUtils.java:logGet(46)) - raft.server.data-stream.client.pool.size = 10 (default)
2023-11-06 15:54:44,390 INFO  netty.NettyConfigKeys$DataStream (ConfUtils.java:logGet(46)) - raft.netty.dataStream.server.use-epoll = true (default)
2023-11-06 15:54:44,391 INFO  netty.NettyConfigKeys$DataStream (ConfUtils.java:logGet(46)) - raft.netty.dataStream.server.boss-group.size = 0 (default)
2023-11-06 15:54:44,391 INFO  netty.NettyUtils (NettyUtils.java:newEventLoopGroup(69)) - Create EpollEventLoopGroup for s1-NettyServerStreamRpc-bossGroup; Thread size is 0.
2023-11-06 15:54:44,391 INFO  netty.NettyConfigKeys$DataStream (ConfUtils.java:logGet(46)) - raft.netty.dataStream.server.worker-group.size = 0 (default)
2023-11-06 15:54:44,391 INFO  netty.NettyUtils (NettyUtils.java:newEventLoopGroup(69)) - Create EpollEventLoopGroup for s1-NettyServerStreamRpc-workerGroup; Thread size is 0.
2023-11-06 15:54:44,391 INFO  netty.NettyConfigKeys$DataStream (ConfUtils.java:logGet(46)) - raft.netty.dataStream.server.tls.conf = null (default)
2023-11-06 15:54:44,391 INFO  netty.NettyConfigKeys$DataStream (ConfUtils.java:logGet(46)) - raft.netty.dataStream.host = null (default)
2023-11-06 15:54:44,392 INFO  netty.NettyConfigKeys$DataStream (ConfUtils.java:logGet(46)) - raft.netty.dataStream.port = 37357 (custom)
2023-11-06 15:54:44,393 INFO  filestore.FileStore (ConfUtils.java:logGet(46)) - example.filestore.statemachine.write.thread.num = 1 (default)
2023-11-06 15:54:44,393 INFO  filestore.FileStore (ConfUtils.java:logGet(46)) - example.filestore.statemachine.read.thread.num = 1 (default)
2023-11-06 15:54:44,393 INFO  filestore.FileStore (ConfUtils.java:logGet(46)) - example.filestore.statemachine.commit.thread.num = 1 (default)
2023-11-06 15:54:44,393 INFO  filestore.FileStore (ConfUtils.java:logGet(46)) - example.filestore.statemachine.delete.thread.num = 1 (default)
2023-11-06 15:54:44,393 INFO  filestore.FileStore (ConfUtils.java:logGet(46)) - example.filestore.statemachine.dir = [/home/runner/work/ratis/ratis/ratis-examples/target/test/data/8ed5a2e1/TestFileStoreStreamingWithGrpcCluster/filestore] (custom)
2023-11-06 15:54:44,393 INFO  server.RaftServer$Division (RaftServerImpl.java:<init>(255)) - s0: new RaftServerImpl for group-53F0C1430D88:[s0|localhost:44013, s1|localhost:45265, s2|localhost:45699] with FileStoreStateMachine:uninitialized
2023-11-06 15:54:44,393 INFO  server.RaftServerConfigKeys (ConfUtils.java:logGet(46)) - raft.server.rpc.timeout.min = 150ms (default)
2023-11-06 15:54:44,393 INFO  server.RaftServerConfigKeys (ConfUtils.java:logGet(46)) - raft.server.rpc.timeout.max = 300ms (default)
2023-11-06 15:54:44,393 INFO  server.RaftServerConfigKeys (ConfUtils.java:logGet(46)) - raft.server.rpc.sleep.time = 25ms (default)
2023-11-06 15:54:44,393 INFO  server.RaftServerConfigKeys (ConfUtils.java:logGet(46)) - raft.server.rpc.slowness.timeout = 60s (default)
2023-11-06 15:54:44,394 INFO  server.RaftServerConfigKeys (ConfUtils.java:logGet(46)) - raft.server.leaderelection.leader.step-down.wait-time = 10s (default)
2023-11-06 15:54:44,394 INFO  server.RaftServerConfigKeys (ConfUtils.java:logGet(46)) - raft.server.sleep.deviation.threshold = 300ms (default)
2023-11-06 15:54:44,394 INFO  server.RaftServer$Division (ServerState.java:<init>(113)) - s0@group-53F0C1430D88: ConfigurationManager, init=-1: peers:[s0|localhost:44013, s1|localhost:45265, s2|localhost:45699]|listeners:[], old=null, confs=<EMPTY_MAP>
2023-11-06 15:54:44,394 INFO  server.RaftServerConfigKeys (ConfUtils.java:logGet(46)) - raft.server.notification.no-leader.timeout = 60s (default)
2023-11-06 15:54:44,394 INFO  server.RaftServerConfigKeys (ConfUtils.java:logGet(46)) - raft.server.read.timeout = 10s (default)
2023-11-06 15:54:44,394 INFO  server.RaftServerConfigKeys (ConfUtils.java:logGet(46)) - raft.server.retrycache.expirytime = 60s (default)
2023-11-06 15:54:44,394 INFO  server.RaftServerConfigKeys (ConfUtils.java:logGet(46)) - raft.server.retrycache.statistics.expirytime = 100ms (default)
2023-11-06 15:54:44,394 INFO  server.RaftServerConfigKeys (ConfUtils.java:logGet(46)) - raft.server.read.option = DEFAULT (default)
2023-11-06 15:54:44,395 INFO  server.RaftServerConfigKeys (ConfUtils.java:logGet(46)) - raft.server.read.read-after-write-consistent.write-index-cache.expiry-time = 60s (default)
2023-11-06 15:54:44,396 INFO  server.RaftServerConfigKeys (ConfUtils.java:logGet(46)) - raft.server.sleep.deviation.threshold = 300ms (default)
2023-11-06 15:54:44,397 INFO  server.RaftServerConfigKeys (ConfUtils.java:logGet(46)) - raft.server.close.threshold = 60s (default)
2023-11-06 15:54:44,397 INFO  server.RaftServerConfigKeys (ConfUtils.java:logGet(46)) - raft.server.leaderelection.leader.step-down.wait-time = 10s (default)
2023-11-06 15:54:44,397 INFO  server.RaftServerConfigKeys (ConfUtils.java:logGet(46)) - raft.server.storage.dir = [/home/runner/work/ratis/ratis/ratis-examples/target/test/data/8ed5a2e1/MiniRaftClusterWithRpcTypeGrpcAndDataStreamTypeNetty7f30e5a1/s1] (custom)
2023-11-06 15:54:44,397 INFO  server.RaftServerConfigKeys (ConfUtils.java:logGet(46)) - raft.server.threadpool.proxy.cached = true (default)
2023-11-06 15:54:44,397 INFO  server.RaftServerConfigKeys (ConfUtils.java:logGet(46)) - raft.server.threadpool.proxy.size = 0 (default)
2023-11-06 15:54:44,397 INFO  logging.LoggingHandler (AbstractInternalLogger.java:log(148)) - [id: 0x27cafe72] REGISTERED
2023-11-06 15:54:44,397 INFO  logging.LoggingHandler (AbstractInternalLogger.java:log(148)) - [id: 0x27cafe72] BIND: 0.0.0.0/0.0.0.0:37357
2023-11-06 15:54:44,398 INFO  logging.LoggingHandler (AbstractInternalLogger.java:log(148)) - [id: 0x27cafe72, L:/0.0.0.0:37357] ACTIVE
2023-11-06 15:54:44,400 INFO  server.RaftServerConfigKeys (ConfUtils.java:logGet(46)) - raft.server.rpc.request.timeout = 3000ms (default)
2023-11-06 15:54:44,400 INFO  server.RaftServerConfigKeys (ConfUtils.java:logGet(46)) - raft.server.log.appender.install.snapshot.enabled = true (default)
2023-11-06 15:54:44,400 INFO  server.RaftServerConfigKeys (ConfUtils.java:logGet(46)) - raft.server.threadpool.server.cached = true (default)
2023-11-06 15:54:44,400 INFO  server.RaftServerConfigKeys (ConfUtils.java:logGet(46)) - raft.server.threadpool.server.size = 0 (default)
2023-11-06 15:54:44,400 INFO  server.RaftServerConfigKeys (ConfUtils.java:logGet(46)) - raft.server.threadpool.client.cached = true (default)
2023-11-06 15:54:44,400 INFO  server.RaftServerConfigKeys (ConfUtils.java:logGet(46)) - raft.server.threadpool.client.size = 0 (default)
2023-11-06 15:54:44,401 INFO  server.RaftServer (RaftServerProxy.java:addNew(100)) - s1: addNew group-53F0C1430D88:[s0|localhost:44013, s1|localhost:45265, s2|localhost:45699] returns group-53F0C1430D88:java.util.concurrent.CompletableFuture@7c3964[Not completed]
2023-11-06 15:54:44,402 INFO  impl.MiniRaftCluster (MiniRaftCluster.java:newRaftServer(382)) - newRaftServer: s2, group-53F0C1430D88:[s0|localhost:44013, s1|localhost:45265, s2|localhost:45699], format? true
2023-11-06 15:54:44,402 TRACE util.FileUtils (FileUtils.java:deleteFully(305)) - deleteFully target/test/data/8ed5a2e1/MiniRaftClusterWithRpcTypeGrpcAndDataStreamTypeNetty7f30e5a1/s2
2023-11-06 15:54:44,402 TRACE util.FileUtils (FileUtils.java:deleteFully(318)) - deleteFully: target/test/data/8ed5a2e1/MiniRaftClusterWithRpcTypeGrpcAndDataStreamTypeNetty7f30e5a1/s2 does not exist.
2023-11-06 15:54:44,402 INFO  impl.MiniRaftCluster (MiniRaftCluster.java:newRaftServer(387)) - Formatted directory target/test/data/8ed5a2e1/MiniRaftClusterWithRpcTypeGrpcAndDataStreamTypeNetty7f30e5a1/s2
2023-11-06 15:54:44,402 INFO  filestore.FileStore (ConfUtils.java:logGet(46)) - example.filestore.statemachine.write.thread.num = 1 (default)
2023-11-06 15:54:44,402 INFO  filestore.FileStore (ConfUtils.java:logGet(46)) - example.filestore.statemachine.read.thread.num = 1 (default)
2023-11-06 15:54:44,402 INFO  server.RaftServer (ConfUtils.java:logGet(46)) - raft.rpc.type = GRPC (default)
2023-11-06 15:54:44,402 INFO  filestore.FileStore (ConfUtils.java:logGet(46)) - example.filestore.statemachine.commit.thread.num = 1 (default)
2023-11-06 15:54:44,402 INFO  grpc.GrpcConfigKeys (ConfUtils.java:logFallback(53)) - raft.grpc.admin.host = null (fallback to raft.grpc.server.host)
2023-11-06 15:54:44,402 INFO  filestore.FileStore (ConfUtils.java:logGet(46)) - example.filestore.statemachine.delete.thread.num = 1 (default)
2023-11-06 15:54:44,402 INFO  grpc.GrpcConfigKeys (ConfUtils.java:logGet(46)) - raft.grpc.admin.port = 32987 (custom)
2023-11-06 15:54:44,402 INFO  grpc.GrpcConfigKeys (ConfUtils.java:logFallback(53)) - raft.grpc.client.host = null (fallback to raft.grpc.server.host)
2023-11-06 15:54:44,402 INFO  filestore.FileStore (ConfUtils.java:logGet(46)) - example.filestore.statemachine.dir = [/home/runner/work/ratis/ratis/ratis-examples/target/test/data/8ed5a2e1/TestFileStoreStreamingWithGrpcCluster/filestore] (custom)
2023-11-06 15:54:44,403 INFO  grpc.GrpcConfigKeys (ConfUtils.java:logGet(46)) - raft.grpc.client.port = 45865 (custom)
2023-11-06 15:54:44,403 INFO  server.RaftServer$Division (RaftServerImpl.java:<init>(255)) - s1: new RaftServerImpl for group-53F0C1430D88:[s0|localhost:44013, s1|localhost:45265, s2|localhost:45699] with FileStoreStateMachine:uninitialized
2023-11-06 15:54:44,403 INFO  grpc.GrpcConfigKeys (ConfUtils.java:logGet(46)) - raft.grpc.server.host = null (default)
2023-11-06 15:54:44,403 INFO  server.RaftServerConfigKeys (ConfUtils.java:logGet(46)) - raft.server.rpc.timeout.min = 150ms (default)
2023-11-06 15:54:44,403 INFO  grpc.GrpcConfigKeys (ConfUtils.java:logGet(46)) - raft.grpc.server.port = 45699 (custom)
2023-11-06 15:54:44,403 INFO  server.RaftServerConfigKeys (ConfUtils.java:logGet(46)) - raft.server.rpc.timeout.max = 300ms (default)
2023-11-06 15:54:44,403 INFO  server.GrpcService (ConfUtils.java:logGet(46)) - raft.grpc.message.size.max = 64MB (=67108864) (default)
2023-11-06 15:54:44,403 INFO  server.RaftServerConfigKeys (ConfUtils.java:logGet(46)) - raft.server.rpc.sleep.time = 25ms (default)
2023-11-06 15:54:44,403 INFO  server.RaftServerConfigKeys (ConfUtils.java:logGet(46)) - raft.server.log.appender.buffer.byte-limit = 4MB (=4194304) (default)
2023-11-06 15:54:44,403 INFO  server.RaftServerConfigKeys (ConfUtils.java:logGet(46)) - raft.server.rpc.slowness.timeout = 60s (default)
2023-11-06 15:54:44,403 INFO  server.GrpcService (ConfUtils.java:logGet(46)) - raft.grpc.flow.control.window = 1MB (=1048576) (default)
2023-11-06 15:54:44,403 INFO  server.RaftServerConfigKeys (ConfUtils.java:logGet(46)) - raft.server.leaderelection.leader.step-down.wait-time = 10s (default)
2023-11-06 15:54:44,403 INFO  server.RaftServerConfigKeys (ConfUtils.java:logGet(46)) - raft.server.rpc.request.timeout = 3000ms (default)
2023-11-06 15:54:44,403 INFO  server.RaftServerConfigKeys (ConfUtils.java:logGet(46)) - raft.server.sleep.deviation.threshold = 300ms (default)
2023-11-06 15:54:44,403 INFO  grpc.GrpcConfigKeys (ConfUtils.java:logGet(46)) - raft.grpc.server.heartbeat.channel = true (default)
2023-11-06 15:54:44,403 INFO  server.RaftServer$Division (ServerState.java:<init>(113)) - s1@group-53F0C1430D88: ConfigurationManager, init=-1: peers:[s0|localhost:44013, s1|localhost:45265, s2|localhost:45699]|listeners:[], old=null, confs=<EMPTY_MAP>
2023-11-06 15:54:44,403 INFO  grpc.GrpcConfigKeys (ConfUtils.java:logGet(46)) - raft.grpc.server.async.request.thread.pool.cached = true (default)
2023-11-06 15:54:44,403 INFO  server.RaftServerConfigKeys (ConfUtils.java:logGet(46)) - raft.server.notification.no-leader.timeout = 60s (default)
2023-11-06 15:54:44,403 INFO  grpc.GrpcConfigKeys (ConfUtils.java:logGet(46)) - raft.grpc.server.async.request.thread.pool.size = 32 (default)
2023-11-06 15:54:44,403 INFO  server.RaftServerConfigKeys (ConfUtils.java:logGet(46)) - raft.server.read.timeout = 10s (default)
2023-11-06 15:54:44,404 INFO  server.RaftServerConfigKeys (ConfUtils.java:logGet(46)) - raft.server.retrycache.expirytime = 60s (default)
2023-11-06 15:54:44,404 INFO  server.RaftServerConfigKeys (ConfUtils.java:logGet(46)) - raft.server.retrycache.statistics.expirytime = 100ms (default)
2023-11-06 15:54:44,404 INFO  server.RaftServerConfigKeys (ConfUtils.java:logGet(46)) - raft.server.read.option = DEFAULT (default)
2023-11-06 15:54:44,404 INFO  server.RaftServerConfigKeys (ConfUtils.java:logGet(46)) - raft.server.read.read-after-write-consistent.write-index-cache.expiry-time = 60s (default)
2023-11-06 15:54:44,405 INFO  impl.DataStreamServerImpl (ConfUtils.java:logGet(46)) - raft.datastream.type = NETTY (custom)
2023-11-06 15:54:44,405 INFO  server.RaftServerConfigKeys (ConfUtils.java:logGet(46)) - raft.server.data-stream.async.request.thread.pool.cached = false (default)
2023-11-06 15:54:44,405 INFO  server.RaftServerConfigKeys (ConfUtils.java:logGet(46)) - raft.server.data-stream.async.request.thread.pool.size = 32 (default)
2023-11-06 15:54:44,405 INFO  server.RaftServerConfigKeys (ConfUtils.java:logGet(46)) - raft.server.data-stream.async.write.thread.pool.size = 16 (default)
2023-11-06 15:54:44,405 INFO  netty.NettyConfigKeys$DataStream (ConfUtils.java:logGet(46)) - raft.netty.dataStream.server.channel.inactive.grace-period = 10min (default)
2023-11-06 15:54:44,405 INFO  server.RaftServerConfigKeys (ConfUtils.java:logGet(46)) - raft.server.data-stream.client.pool.size = 10 (default)
2023-11-06 15:54:44,405 INFO  netty.NettyConfigKeys$DataStream (ConfUtils.java:logGet(46)) - raft.netty.dataStream.server.use-epoll = true (default)
2023-11-06 15:54:44,405 INFO  netty.NettyConfigKeys$DataStream (ConfUtils.java:logGet(46)) - raft.netty.dataStream.server.boss-group.size = 0 (default)
2023-11-06 15:54:44,406 INFO  netty.NettyUtils (NettyUtils.java:newEventLoopGroup(69)) - Create EpollEventLoopGroup for s2-NettyServerStreamRpc-bossGroup; Thread size is 0.
2023-11-06 15:54:44,406 INFO  netty.NettyConfigKeys$DataStream (ConfUtils.java:logGet(46)) - raft.netty.dataStream.server.worker-group.size = 0 (default)
2023-11-06 15:54:44,406 INFO  netty.NettyUtils (NettyUtils.java:newEventLoopGroup(69)) - Create EpollEventLoopGroup for s2-NettyServerStreamRpc-workerGroup; Thread size is 0.
2023-11-06 15:54:44,406 INFO  netty.NettyConfigKeys$DataStream (ConfUtils.java:logGet(46)) - raft.netty.dataStream.server.tls.conf = null (default)
2023-11-06 15:54:44,406 INFO  netty.NettyConfigKeys$DataStream (ConfUtils.java:logGet(46)) - raft.netty.dataStream.host = null (default)
2023-11-06 15:54:44,407 INFO  netty.NettyConfigKeys$DataStream (ConfUtils.java:logGet(46)) - raft.netty.dataStream.port = 33945 (custom)
2023-11-06 15:54:44,409 INFO  server.RaftServerConfigKeys (ConfUtils.java:logGet(46)) - raft.server.rpc.request.timeout = 3000ms (default)
2023-11-06 15:54:44,409 INFO  server.RaftServerConfigKeys (ConfUtils.java:logGet(46)) - raft.server.log.appender.install.snapshot.enabled = true (default)
2023-11-06 15:54:44,410 INFO  server.RaftServerConfigKeys (ConfUtils.java:logGet(46)) - raft.server.threadpool.server.cached = true (default)
2023-11-06 15:54:44,410 INFO  server.RaftServerConfigKeys (ConfUtils.java:logGet(46)) - raft.server.threadpool.server.size = 0 (default)
2023-11-06 15:54:44,410 INFO  server.RaftServerConfigKeys (ConfUtils.java:logGet(46)) - raft.server.threadpool.client.cached = true (default)
2023-11-06 15:54:44,410 INFO  server.RaftServerConfigKeys (ConfUtils.java:logGet(46)) - raft.server.threadpool.client.size = 0 (default)
2023-11-06 15:54:44,412 INFO  server.RaftServerConfigKeys (ConfUtils.java:logGet(46)) - raft.server.sleep.deviation.threshold = 300ms (default)
2023-11-06 15:54:44,412 INFO  server.RaftServerConfigKeys (ConfUtils.java:logGet(46)) - raft.server.close.threshold = 60s (default)
2023-11-06 15:54:44,413 INFO  logging.LoggingHandler (AbstractInternalLogger.java:log(148)) - [id: 0x70be1b86] REGISTERED
2023-11-06 15:54:44,413 INFO  server.RaftServerConfigKeys (ConfUtils.java:logGet(46)) - raft.server.leaderelection.leader.step-down.wait-time = 10s (default)
2023-11-06 15:54:44,413 INFO  logging.LoggingHandler (AbstractInternalLogger.java:log(148)) - [id: 0x70be1b86] BIND: 0.0.0.0/0.0.0.0:33945
2023-11-06 15:54:44,413 INFO  logging.LoggingHandler (AbstractInternalLogger.java:log(148)) - [id: 0x70be1b86, L:/0.0.0.0:33945] ACTIVE
2023-11-06 15:54:44,413 INFO  server.RaftServerConfigKeys (ConfUtils.java:logGet(46)) - raft.server.storage.dir = [/home/runner/work/ratis/ratis/ratis-examples/target/test/data/8ed5a2e1/MiniRaftClusterWithRpcTypeGrpcAndDataStreamTypeNetty7f30e5a1/s2] (custom)
2023-11-06 15:54:44,413 INFO  server.RaftServerConfigKeys (ConfUtils.java:logGet(46)) - raft.server.threadpool.proxy.cached = true (default)
2023-11-06 15:54:44,413 INFO  server.RaftServerConfigKeys (ConfUtils.java:logGet(46)) - raft.server.threadpool.proxy.size = 0 (default)
2023-11-06 15:54:44,414 INFO  server.RaftServer (RaftServerProxy.java:addNew(100)) - s2: addNew group-53F0C1430D88:[s0|localhost:44013, s1|localhost:45265, s2|localhost:45699] returns group-53F0C1430D88:java.util.concurrent.CompletableFuture@5e7103c8[Not completed]
2023-11-06 15:54:44,414 INFO  filestore.FileStore (ConfUtils.java:logGet(46)) - example.filestore.statemachine.write.thread.num = 1 (default)
2023-11-06 15:54:44,414 INFO  filestore.FileStore (ConfUtils.java:logGet(46)) - example.filestore.statemachine.read.thread.num = 1 (default)
2023-11-06 15:54:44,414 INFO  server.RaftServerConfigKeys (ConfUtils.java:logGet(46)) - raft.server.storage.free-space.min = 0MB (=0) (default)
2023-11-06 15:54:44,414 INFO  filestore.FileStore (ConfUtils.java:logGet(46)) - example.filestore.statemachine.commit.thread.num = 1 (default)
2023-11-06 15:54:44,414 INFO  server.RaftServerConfigKeys (ConfUtils.java:logGet(46)) - raft.server.log.corruption.policy = EXCEPTION (default)
2023-11-06 15:54:44,414 INFO  filestore.FileStore (ConfUtils.java:logGet(46)) - example.filestore.statemachine.delete.thread.num = 1 (default)
2023-11-06 15:54:44,415 INFO  server.RaftServerConfigKeys (ConfUtils.java:logGet(46)) - raft.server.storage.dir = [/home/runner/work/ratis/ratis/ratis-examples/target/test/data/8ed5a2e1/MiniRaftClusterWithRpcTypeGrpcAndDataStreamTypeNetty7f30e5a1/s0] (custom)
2023-11-06 15:54:44,415 INFO  filestore.FileStore (ConfUtils.java:logGet(46)) - example.filestore.statemachine.dir = [/home/runner/work/ratis/ratis/ratis-examples/target/test/data/8ed5a2e1/TestFileStoreStreamingWithGrpcCluster/filestore] (custom)
2023-11-06 15:54:44,415 INFO  server.RaftServer$Division (RaftServerImpl.java:<init>(255)) - s2: new RaftServerImpl for group-53F0C1430D88:[s0|localhost:44013, s1|localhost:45265, s2|localhost:45699] with FileStoreStateMachine:uninitialized
2023-11-06 15:54:44,415 INFO  server.RaftServerConfigKeys (ConfUtils.java:logGet(46)) - raft.server.rpc.timeout.min = 150ms (default)
2023-11-06 15:54:44,415 INFO  storage.RaftStorageDirectory (RaftStorageDirectoryImpl.java:analyzeStorage(138)) - The storage directory /home/runner/work/ratis/ratis/ratis-examples/target/test/data/8ed5a2e1/MiniRaftClusterWithRpcTypeGrpcAndDataStreamTypeNetty7f30e5a1/s0/644ea388-485c-4e91-9d6d-53f0c1430d88 does not exist. Creating ...
2023-11-06 15:54:44,415 INFO  server.RaftServerConfigKeys (ConfUtils.java:logGet(46)) - raft.server.rpc.timeout.max = 300ms (default)
2023-11-06 15:54:44,415 INFO  server.RaftServerConfigKeys (ConfUtils.java:logGet(46)) - raft.server.rpc.sleep.time = 25ms (default)
2023-11-06 15:54:44,415 INFO  server.RaftServerConfigKeys (ConfUtils.java:logGet(46)) - raft.server.rpc.slowness.timeout = 60s (default)
2023-11-06 15:54:44,415 INFO  server.RaftServerConfigKeys (ConfUtils.java:logGet(46)) - raft.server.leaderelection.leader.step-down.wait-time = 10s (default)
2023-11-06 15:54:44,415 INFO  server.RaftServerConfigKeys (ConfUtils.java:logGet(46)) - raft.server.sleep.deviation.threshold = 300ms (default)
2023-11-06 15:54:44,415 INFO  server.RaftServer$Division (ServerState.java:<init>(113)) - s2@group-53F0C1430D88: ConfigurationManager, init=-1: peers:[s0|localhost:44013, s1|localhost:45265, s2|localhost:45699]|listeners:[], old=null, confs=<EMPTY_MAP>
2023-11-06 15:54:44,415 INFO  server.RaftServerConfigKeys (ConfUtils.java:logGet(46)) - raft.server.notification.no-leader.timeout = 60s (default)
2023-11-06 15:54:44,415 INFO  server.RaftServerConfigKeys (ConfUtils.java:logGet(46)) - raft.server.read.timeout = 10s (default)
2023-11-06 15:54:44,415 TRACE util.FileUtils (LogUtils.java:runAndLog(49)) - Successfully ran Files.createDirectories /home/runner/work/ratis/ratis/ratis-examples/target/test/data/8ed5a2e1/MiniRaftClusterWithRpcTypeGrpcAndDataStreamTypeNetty7f30e5a1/s0/644ea388-485c-4e91-9d6d-53f0c1430d88
2023-11-06 15:54:44,415 INFO  server.RaftServerConfigKeys (ConfUtils.java:logGet(46)) - raft.server.retrycache.expirytime = 60s (default)
2023-11-06 15:54:44,415 INFO  server.RaftServerConfigKeys (ConfUtils.java:logGet(46)) - raft.server.retrycache.statistics.expirytime = 100ms (default)
2023-11-06 15:54:44,416 INFO  server.RaftServerConfigKeys (ConfUtils.java:logGet(46)) - raft.server.read.option = DEFAULT (default)
2023-11-06 15:54:44,416 INFO  server.RaftServerConfigKeys (ConfUtils.java:logGet(46)) - raft.server.read.read-after-write-consistent.write-index-cache.expiry-time = 60s (default)
2023-11-06 15:54:44,417 INFO  storage.RaftStorageDirectory (RaftStorageDirectoryImpl.java:tryLock(232)) - Lock on /home/runner/work/ratis/ratis/ratis-examples/target/test/data/8ed5a2e1/MiniRaftClusterWithRpcTypeGrpcAndDataStreamTypeNetty7f30e5a1/s0/644ea388-485c-4e91-9d6d-53f0c1430d88/in_use.lock acquired by nodename 25696@fv-az119-74
2023-11-06 15:54:44,417 TRACE util.FileUtils (LogUtils.java:runAndLog(49)) - Successfully ran Files.createDirectories /home/runner/work/ratis/ratis/ratis-examples/target/test/data/8ed5a2e1/MiniRaftClusterWithRpcTypeGrpcAndDataStreamTypeNetty7f30e5a1/s0/644ea388-485c-4e91-9d6d-53f0c1430d88/current
2023-11-06 15:54:44,417 TRACE util.FileUtils (LogUtils.java:runAndLog(49)) - Successfully ran Files.createDirectories /home/runner/work/ratis/ratis/ratis-examples/target/test/data/8ed5a2e1/MiniRaftClusterWithRpcTypeGrpcAndDataStreamTypeNetty7f30e5a1/s0/644ea388-485c-4e91-9d6d-53f0c1430d88/sm
2023-11-06 15:54:44,417 TRACE util.FileUtils (LogUtils.java:supplyAndLog(69)) - Successfully supplied FileChannel.open /home/runner/work/ratis/ratis/ratis-examples/target/test/data/8ed5a2e1/MiniRaftClusterWithRpcTypeGrpcAndDataStreamTypeNetty7f30e5a1/s0/644ea388-485c-4e91-9d6d-53f0c1430d88/current/raft-meta.tmp with options [CREATE, WRITE]: sun.nio.ch.FileChannelImpl@343b6018
2023-11-06 15:54:44,419 TRACE util.FileUtils (LogUtils.java:runAndLog(49)) - Successfully ran Atomic Files.move /home/runner/work/ratis/ratis/ratis-examples/target/test/data/8ed5a2e1/MiniRaftClusterWithRpcTypeGrpcAndDataStreamTypeNetty7f30e5a1/s0/644ea388-485c-4e91-9d6d-53f0c1430d88/current/raft-meta.tmp to /home/runner/work/ratis/ratis/ratis-examples/target/test/data/8ed5a2e1/MiniRaftClusterWithRpcTypeGrpcAndDataStreamTypeNetty7f30e5a1/s0/644ea388-485c-4e91-9d6d-53f0c1430d88/current/raft-meta with options [REPLACE_EXISTING]
2023-11-06 15:54:44,419 INFO  storage.RaftStorage (RaftStorageImpl.java:format(97)) - Storage directory /home/runner/work/ratis/ratis/ratis-examples/target/test/data/8ed5a2e1/MiniRaftClusterWithRpcTypeGrpcAndDataStreamTypeNetty7f30e5a1/s0/644ea388-485c-4e91-9d6d-53f0c1430d88 has been successfully formatted.
2023-11-06 15:54:44,419 TRACE util.FileUtils (LogUtils.java:runAndLog(49)) - Successfully ran Files.createDirectories /home/runner/work/ratis/ratis/ratis-examples/target/test/data/8ed5a2e1/TestFileStoreStreamingWithGrpcCluster/filestore/s0
2023-11-06 15:54:44,419 INFO  server.RaftServerConfigKeys (ConfUtils.java:logGet(46)) - raft.server.log.use.memory = false (default)
2023-11-06 15:54:44,419 INFO  server.RaftServerConfigKeys (ConfUtils.java:logGet(46)) - raft.server.log.purge.gap = 1024 (default)
2023-11-06 15:54:44,419 INFO  server.RaftServerConfigKeys (ConfUtils.java:logGet(46)) - raft.server.log.appender.buffer.byte-limit = 4MB (=4194304) (default)
2023-11-06 15:54:44,420 INFO  server.RaftServerConfigKeys (ConfUtils.java:logGet(46)) - raft.server.log.statemachine.data.read.timeout = 1000ms (default)
2023-11-06 15:54:44,420 INFO  server.RaftServerConfigKeys (ConfUtils.java:logGet(46)) - raft.server.log.purge.preservation.log.num = 0 (default)
2023-11-06 15:54:44,421 INFO  server.RaftServerConfigKeys (ConfUtils.java:logGet(46)) - raft.server.log.segment.size.max = 32MB (=33554432) (default)
2023-11-06 15:54:44,421 INFO  server.RaftServerConfigKeys (ConfUtils.java:logGet(46)) - raft.server.log.segment.cache.num.max = 6 (default)
2023-11-06 15:54:44,421 INFO  server.RaftServerConfigKeys (ConfUtils.java:logGet(46)) - raft.server.log.segment.cache.size.max = 200MB (=209715200) (default)
2023-11-06 15:54:44,421 INFO  server.RaftServerConfigKeys (ConfUtils.java:logGet(46)) - raft.server.log.appender.buffer.byte-limit = 4MB (=4194304) (default)
2023-11-06 15:54:44,424 INFO  util.AwaitToRun (AwaitToRun.java:start(81)) - Thread[s0@group-53F0C1430D88-cacheEviction-AwaitToRun,5,main] started
2023-11-06 15:54:44,424 INFO  segmented.SegmentedRaftLogWorker (SegmentedRaftLogWorker.java:<init>(184)) - new s0@group-53F0C1430D88-SegmentedRaftLogWorker for RaftStorageImpl:Storage Directory /home/runner/work/ratis/ratis/ratis-examples/target/test/data/8ed5a2e1/MiniRaftClusterWithRpcTypeGrpcAndDataStreamTypeNetty7f30e5a1/s0/644ea388-485c-4e91-9d6d-53f0c1430d88
2023-11-06 15:54:44,424 INFO  server.RaftServerConfigKeys (ConfUtils.java:logGet(46)) - raft.server.log.queue.byte-limit = 64MB (=67108864) (default)
2023-11-06 15:54:44,424 INFO  server.RaftServerConfigKeys (ConfUtils.java:logGet(46)) - raft.server.log.queue.element-limit = 4096 (default)
2023-11-06 15:54:44,424 INFO  server.RaftServerConfigKeys (ConfUtils.java:logGet(46)) - raft.server.log.segment.size.max = 32MB (=33554432) (default)
2023-11-06 15:54:44,424 INFO  server.RaftServerConfigKeys (ConfUtils.java:logGet(46)) - raft.server.log.preallocated.size = 4MB (=4194304) (default)
2023-11-06 15:54:44,424 INFO  server.RaftServerConfigKeys (ConfUtils.java:logGet(46)) - raft.server.log.force.sync.num = 128 (default)
2023-11-06 15:54:44,424 INFO  server.RaftServerConfigKeys (ConfUtils.java:logGet(46)) - raft.server.log.statemachine.data.sync = true (default)
2023-11-06 15:54:44,424 INFO  server.RaftServerConfigKeys (ConfUtils.java:logGet(46)) - raft.server.log.statemachine.data.sync.timeout = 10s (default)
2023-11-06 15:54:44,425 INFO  server.RaftServerConfigKeys (ConfUtils.java:logGet(46)) - raft.server.log.statemachine.data.sync.timeout.retry = -1 (default)
2023-11-06 15:54:44,425 INFO  server.RaftServerConfigKeys (ConfUtils.java:logGet(46)) - raft.server.log.write.buffer.size = 64KB (=65536) (default)
2023-11-06 15:54:44,425 INFO  server.RaftServerConfigKeys (ConfUtils.java:logGet(46)) - raft.server.log.appender.buffer.byte-limit = 4MB (=4194304) (default)
2023-11-06 15:54:44,426 INFO  server.RaftServerConfigKeys (ConfUtils.java:logGet(46)) - raft.server.log.unsafe-flush.enabled = false (default)
2023-11-06 15:54:44,426 INFO  server.RaftServerConfigKeys (ConfUtils.java:logGet(46)) - raft.server.log.async-flush.enabled = false (default)
2023-11-06 15:54:44,426 INFO  server.RaftServerConfigKeys (ConfUtils.java:logGet(46)) - raft.server.log.statemachine.data.caching.enabled = false (default)
2023-11-06 15:54:44,426 INFO  segmented.SegmentedRaftLogWorker (SegmentedRaftLogWorker.java:lambda$new$0(135)) - s0@group-53F0C1430D88-SegmentedRaftLogWorker: flushIndex: setUnconditionally 0 -> -1
2023-11-06 15:54:44,426 INFO  segmented.SegmentedRaftLogWorker (SegmentedRaftLogWorker.java:lambda$new$0(135)) - s0@group-53F0C1430D88-SegmentedRaftLogWorker: safeCacheEvictIndex: setUnconditionally 0 -> -1
2023-11-06 15:54:44,427 INFO  server.RaftServer$Division (RaftServerImpl.java:start(390)) - s0@group-53F0C1430D88: start as a follower, conf=-1: peers:[s0|localhost:44013, s1|localhost:45265, s2|localhost:45699]|listeners:[], old=null
2023-11-06 15:54:44,427 INFO  server.RaftServer$Division (RaftServerImpl.java:setRole(377)) - s0@group-53F0C1430D88: changes role from      null to FOLLOWER at term 0 for startAsFollower
2023-11-06 15:54:44,427 INFO  impl.RoleInfo (RoleInfo.java:updateAndGet(138)) - s0: start s0@group-53F0C1430D88-FollowerState
2023-11-06 15:54:44,428 INFO  server.RaftServerConfigKeys (ConfUtils.java:logGet(46)) - raft.server.rpc.request.timeout = 3000ms (default)
2023-11-06 15:54:44,432 INFO  util.JmxRegister (JmxRegister.java:tryRegister(44)) - Successfully registered JMX Bean with object name Ratis:service=RaftServer,group=group-53F0C1430D88,id=s0
2023-11-06 15:54:44,432 INFO  server.RaftServerConfigKeys (ConfUtils.java:logGet(46)) - raft.server.log.appender.install.snapshot.enabled = true (default)
2023-11-06 15:54:44,433 INFO  server.RaftServerConfigKeys (ConfUtils.java:logGet(46)) - raft.server.snapshot.trigger-when-stop.enabled = true (default)
2023-11-06 15:54:44,433 INFO  server.RaftServerConfigKeys (ConfUtils.java:logGet(46)) - raft.server.threadpool.server.cached = true (default)
2023-11-06 15:54:44,433 INFO  server.RaftServerConfigKeys (ConfUtils.java:logGet(46)) - raft.server.snapshot.auto.trigger.enabled = false (default)
2023-11-06 15:54:44,433 INFO  server.RaftServerConfigKeys (ConfUtils.java:logGet(46)) - raft.server.threadpool.server.size = 0 (default)
2023-11-06 15:54:44,433 INFO  server.RaftServerConfigKeys (ConfUtils.java:logGet(46)) - raft.server.snapshot.retention.file.num = -1 (default)
2023-11-06 15:54:44,433 INFO  server.RaftServerConfigKeys (ConfUtils.java:logGet(46)) - raft.server.threadpool.client.cached = true (default)
2023-11-06 15:54:44,433 INFO  server.RaftServerConfigKeys (ConfUtils.java:logGet(46)) - raft.server.log.purge.upto.snapshot.index = false (default)
2023-11-06 15:54:44,433 INFO  server.RaftServerConfigKeys (ConfUtils.java:logGet(46)) - raft.server.threadpool.client.size = 0 (default)
2023-11-06 15:54:44,433 INFO  server.RaftServer (RaftServerProxy.java:startImpl(406)) - s0: start RPC server
2023-11-06 15:54:44,431 INFO  server.RaftServerConfigKeys (ConfUtils.java:logFallback(53)) - raft.server.rpc.first-election.timeout.min = 150ms (fallback to raft.server.rpc.timeout.min)
2023-11-06 15:54:44,437 INFO  server.RaftServerConfigKeys (ConfUtils.java:logFallback(53)) - raft.server.rpc.first-election.timeout.max = 300ms (fallback to raft.server.rpc.timeout.max)
2023-11-06 15:54:44,441 INFO  server.GrpcService (GrpcService.java:startImpl(302)) - s0: GrpcService started, listening on 45867
2023-11-06 15:54:44,442 INFO  server.GrpcService (GrpcService.java:startImpl(302)) - s0: GrpcService started, listening on 44013
2023-11-06 15:54:44,447 INFO  server.GrpcService (GrpcService.java:startImpl(302)) - s0: GrpcService started, listening on 33195
2023-11-06 15:54:44,447 INFO  server.RaftServerConfigKeys (ConfUtils.java:logGet(46)) - raft.server.storage.free-space.min = 0MB (=0) (default)
2023-11-06 15:54:44,447 INFO  server.RaftServerConfigKeys (ConfUtils.java:logGet(46)) - raft.server.log.corruption.policy = EXCEPTION (default)
2023-11-06 15:54:44,447 INFO  server.RaftServerConfigKeys (ConfUtils.java:logGet(46)) - raft.server.storage.dir = [/home/runner/work/ratis/ratis/ratis-examples/target/test/data/8ed5a2e1/MiniRaftClusterWithRpcTypeGrpcAndDataStreamTypeNetty7f30e5a1/s1] (custom)
2023-11-06 15:54:44,447 INFO  storage.RaftStorageDirectory (RaftStorageDirectoryImpl.java:analyzeStorage(138)) - The storage directory /home/runner/work/ratis/ratis/ratis-examples/target/test/data/8ed5a2e1/MiniRaftClusterWithRpcTypeGrpcAndDataStreamTypeNetty7f30e5a1/s1/644ea388-485c-4e91-9d6d-53f0c1430d88 does not exist. Creating ...
2023-11-06 15:54:44,448 TRACE util.FileUtils (LogUtils.java:runAndLog(49)) - Successfully ran Files.createDirectories /home/runner/work/ratis/ratis/ratis-examples/target/test/data/8ed5a2e1/MiniRaftClusterWithRpcTypeGrpcAndDataStreamTypeNetty7f30e5a1/s1/644ea388-485c-4e91-9d6d-53f0c1430d88
2023-11-06 15:54:44,448 INFO  util.JvmPauseMonitor (JvmPauseMonitor.java:run(146)) - JvmPauseMonitor-s0: Started
2023-11-06 15:54:44,449 INFO  storage.RaftStorageDirectory (RaftStorageDirectoryImpl.java:tryLock(232)) - Lock on /home/runner/work/ratis/ratis/ratis-examples/target/test/data/8ed5a2e1/MiniRaftClusterWithRpcTypeGrpcAndDataStreamTypeNetty7f30e5a1/s1/644ea388-485c-4e91-9d6d-53f0c1430d88/in_use.lock acquired by nodename 25696@fv-az119-74
2023-11-06 15:54:44,449 TRACE util.FileUtils (LogUtils.java:runAndLog(49)) - Successfully ran Files.createDirectories /home/runner/work/ratis/ratis/ratis-examples/target/test/data/8ed5a2e1/MiniRaftClusterWithRpcTypeGrpcAndDataStreamTypeNetty7f30e5a1/s1/644ea388-485c-4e91-9d6d-53f0c1430d88/current
2023-11-06 15:54:44,449 TRACE util.FileUtils (LogUtils.java:runAndLog(49)) - Successfully ran Files.createDirectories /home/runner/work/ratis/ratis/ratis-examples/target/test/data/8ed5a2e1/MiniRaftClusterWithRpcTypeGrpcAndDataStreamTypeNetty7f30e5a1/s1/644ea388-485c-4e91-9d6d-53f0c1430d88/sm
2023-11-06 15:54:44,449 TRACE util.FileUtils (LogUtils.java:supplyAndLog(69)) - Successfully supplied FileChannel.open /home/runner/work/ratis/ratis/ratis-examples/target/test/data/8ed5a2e1/MiniRaftClusterWithRpcTypeGrpcAndDataStreamTypeNetty7f30e5a1/s1/644ea388-485c-4e91-9d6d-53f0c1430d88/current/raft-meta.tmp with options [CREATE, WRITE]: sun.nio.ch.FileChannelImpl@2f1becb2
2023-11-06 15:54:44,451 TRACE util.FileUtils (LogUtils.java:runAndLog(49)) - Successfully ran Atomic Files.move /home/runner/work/ratis/ratis/ratis-examples/target/test/data/8ed5a2e1/MiniRaftClusterWithRpcTypeGrpcAndDataStreamTypeNetty7f30e5a1/s1/644ea388-485c-4e91-9d6d-53f0c1430d88/current/raft-meta.tmp to /home/runner/work/ratis/ratis/ratis-examples/target/test/data/8ed5a2e1/MiniRaftClusterWithRpcTypeGrpcAndDataStreamTypeNetty7f30e5a1/s1/644ea388-485c-4e91-9d6d-53f0c1430d88/current/raft-meta with options [REPLACE_EXISTING]
2023-11-06 15:54:44,451 INFO  storage.RaftStorage (RaftStorageImpl.java:format(97)) - Storage directory /home/runner/work/ratis/ratis/ratis-examples/target/test/data/8ed5a2e1/MiniRaftClusterWithRpcTypeGrpcAndDataStreamTypeNetty7f30e5a1/s1/644ea388-485c-4e91-9d6d-53f0c1430d88 has been successfully formatted.
2023-11-06 15:54:44,451 TRACE util.FileUtils (LogUtils.java:runAndLog(49)) - Successfully ran Files.createDirectories /home/runner/work/ratis/ratis/ratis-examples/target/test/data/8ed5a2e1/TestFileStoreStreamingWithGrpcCluster/filestore/s1
2023-11-06 15:54:44,451 INFO  server.RaftServerConfigKeys (ConfUtils.java:logGet(46)) - raft.server.log.use.memory = false (default)
2023-11-06 15:54:44,451 INFO  server.RaftServerConfigKeys (ConfUtils.java:logGet(46)) - raft.server.log.purge.gap = 1024 (default)
2023-11-06 15:54:44,451 INFO  server.RaftServerConfigKeys (ConfUtils.java:logGet(46)) - raft.server.log.appender.buffer.byte-limit = 4MB (=4194304) (default)
2023-11-06 15:54:44,451 INFO  server.RaftServerConfigKeys (ConfUtils.java:logGet(46)) - raft.server.log.statemachine.data.read.timeout = 1000ms (default)
2023-11-06 15:54:44,451 INFO  server.RaftServerConfigKeys (ConfUtils.java:logGet(46)) - raft.server.log.purge.preservation.log.num = 0 (default)
2023-11-06 15:54:44,452 INFO  server.RaftServerConfigKeys (ConfUtils.java:logGet(46)) - raft.server.log.segment.size.max = 32MB (=33554432) (default)
2023-11-06 15:54:44,452 INFO  server.RaftServerConfigKeys (ConfUtils.java:logGet(46)) - raft.server.log.segment.cache.num.max = 6 (default)
2023-11-06 15:54:44,452 INFO  server.RaftServerConfigKeys (ConfUtils.java:logGet(46)) - raft.server.log.segment.cache.size.max = 200MB (=209715200) (default)
2023-11-06 15:54:44,452 INFO  server.RaftServerConfigKeys (ConfUtils.java:logGet(46)) - raft.server.log.appender.buffer.byte-limit = 4MB (=4194304) (default)
2023-11-06 15:54:44,453 INFO  util.AwaitToRun (AwaitToRun.java:start(81)) - Thread[s1@group-53F0C1430D88-cacheEviction-AwaitToRun,5,main] started
2023-11-06 15:54:44,453 INFO  segmented.SegmentedRaftLogWorker (SegmentedRaftLogWorker.java:<init>(184)) - new s1@group-53F0C1430D88-SegmentedRaftLogWorker for RaftStorageImpl:Storage Directory /home/runner/work/ratis/ratis/ratis-examples/target/test/data/8ed5a2e1/MiniRaftClusterWithRpcTypeGrpcAndDataStreamTypeNetty7f30e5a1/s1/644ea388-485c-4e91-9d6d-53f0c1430d88
2023-11-06 15:54:44,453 INFO  server.RaftServerConfigKeys (ConfUtils.java:logGet(46)) - raft.server.log.queue.byte-limit = 64MB (=67108864) (default)
2023-11-06 15:54:44,453 INFO  server.RaftServerConfigKeys (ConfUtils.java:logGet(46)) - raft.server.log.queue.element-limit = 4096 (default)
2023-11-06 15:54:44,453 INFO  server.RaftServerConfigKeys (ConfUtils.java:logGet(46)) - raft.server.log.segment.size.max = 32MB (=33554432) (default)
2023-11-06 15:54:44,453 INFO  server.RaftServerConfigKeys (ConfUtils.java:logGet(46)) - raft.server.log.preallocated.size = 4MB (=4194304) (default)
2023-11-06 15:54:44,453 INFO  server.RaftServerConfigKeys (ConfUtils.java:logGet(46)) - raft.server.log.force.sync.num = 128 (default)
2023-11-06 15:54:44,453 INFO  server.RaftServerConfigKeys (ConfUtils.java:logGet(46)) - raft.server.log.statemachine.data.sync = true (default)
2023-11-06 15:54:44,453 INFO  server.RaftServerConfigKeys (ConfUtils.java:logGet(46)) - raft.server.log.statemachine.data.sync.timeout = 10s (default)
2023-11-06 15:54:44,453 INFO  server.RaftServerConfigKeys (ConfUtils.java:logGet(46)) - raft.server.log.statemachine.data.sync.timeout.retry = -1 (default)
2023-11-06 15:54:44,453 INFO  server.RaftServerConfigKeys (ConfUtils.java:logGet(46)) - raft.server.log.write.buffer.size = 64KB (=65536) (default)
2023-11-06 15:54:44,453 INFO  server.RaftServerConfigKeys (ConfUtils.java:logGet(46)) - raft.server.log.appender.buffer.byte-limit = 4MB (=4194304) (default)
2023-11-06 15:54:44,454 INFO  server.RaftServerConfigKeys (ConfUtils.java:logGet(46)) - raft.server.log.unsafe-flush.enabled = false (default)
2023-11-06 15:54:44,454 INFO  server.RaftServerConfigKeys (ConfUtils.java:logGet(46)) - raft.server.log.async-flush.enabled = false (default)
2023-11-06 15:54:44,454 INFO  server.RaftServerConfigKeys (ConfUtils.java:logGet(46)) - raft.server.log.statemachine.data.caching.enabled = false (default)
2023-11-06 15:54:44,454 INFO  segmented.SegmentedRaftLogWorker (SegmentedRaftLogWorker.java:lambda$new$0(135)) - s1@group-53F0C1430D88-SegmentedRaftLogWorker: flushIndex: setUnconditionally 0 -> -1
2023-11-06 15:54:44,455 INFO  segmented.SegmentedRaftLogWorker (SegmentedRaftLogWorker.java:lambda$new$0(135)) - s1@group-53F0C1430D88-SegmentedRaftLogWorker: safeCacheEvictIndex: setUnconditionally 0 -> -1
2023-11-06 15:54:44,455 INFO  server.RaftServer$Division (RaftServerImpl.java:start(390)) - s1@group-53F0C1430D88: start as a follower, conf=-1: peers:[s0|localhost:44013, s1|localhost:45265, s2|localhost:45699]|listeners:[], old=null
2023-11-06 15:54:44,455 INFO  server.RaftServer$Division (RaftServerImpl.java:setRole(377)) - s1@group-53F0C1430D88: changes role from      null to FOLLOWER at term 0 for startAsFollower
2023-11-06 15:54:44,455 INFO  impl.RoleInfo (RoleInfo.java:updateAndGet(138)) - s1: start s1@group-53F0C1430D88-FollowerState
2023-11-06 15:54:44,455 INFO  util.JmxRegister (JmxRegister.java:tryRegister(44)) - Successfully registered JMX Bean with object name Ratis:service=RaftServer,group=group-53F0C1430D88,id=s1
2023-11-06 15:54:44,455 INFO  server.RaftServerConfigKeys (ConfUtils.java:logGet(46)) - raft.server.snapshot.trigger-when-stop.enabled = true (default)
2023-11-06 15:54:44,455 INFO  server.RaftServerConfigKeys (ConfUtils.java:logGet(46)) - raft.server.snapshot.auto.trigger.enabled = false (default)
2023-11-06 15:54:44,456 INFO  server.RaftServerConfigKeys (ConfUtils.java:logGet(46)) - raft.server.snapshot.retention.file.num = -1 (default)
2023-11-06 15:54:44,456 INFO  server.RaftServerConfigKeys (ConfUtils.java:logGet(46)) - raft.server.log.purge.upto.snapshot.index = false (default)
2023-11-06 15:54:44,456 INFO  server.RaftServerConfigKeys (ConfUtils.java:logFallback(53)) - raft.server.rpc.first-election.timeout.min = 150ms (fallback to raft.server.rpc.timeout.min)
2023-11-06 15:54:44,461 INFO  server.RaftServer (RaftServerProxy.java:startImpl(406)) - s1: start RPC server
2023-11-06 15:54:44,461 INFO  server.RaftServerConfigKeys (ConfUtils.java:logFallback(53)) - raft.server.rpc.first-election.timeout.max = 300ms (fallback to raft.server.rpc.timeout.max)
2023-11-06 15:54:44,463 INFO  server.GrpcService (GrpcService.java:startImpl(302)) - s1: GrpcService started, listening on 37391
2023-11-06 15:54:44,464 INFO  server.GrpcService (GrpcService.java:startImpl(302)) - s1: GrpcService started, listening on 45265
2023-11-06 15:54:44,466 INFO  server.GrpcService (GrpcService.java:startImpl(302)) - s1: GrpcService started, listening on 38233
2023-11-06 15:54:44,473 INFO  server.RaftServerConfigKeys (ConfUtils.java:logGet(46)) - raft.server.storage.free-space.min = 0MB (=0) (default)
2023-11-06 15:54:44,473 INFO  server.RaftServerConfigKeys (ConfUtils.java:logGet(46)) - raft.server.log.corruption.policy = EXCEPTION (default)
2023-11-06 15:54:44,474 INFO  server.RaftServerConfigKeys (ConfUtils.java:logGet(46)) - raft.server.storage.dir = [/home/runner/work/ratis/ratis/ratis-examples/target/test/data/8ed5a2e1/MiniRaftClusterWithRpcTypeGrpcAndDataStreamTypeNetty7f30e5a1/s2] (custom)
2023-11-06 15:54:44,474 INFO  storage.RaftStorageDirectory (RaftStorageDirectoryImpl.java:analyzeStorage(138)) - The storage directory /home/runner/work/ratis/ratis/ratis-examples/target/test/data/8ed5a2e1/MiniRaftClusterWithRpcTypeGrpcAndDataStreamTypeNetty7f30e5a1/s2/644ea388-485c-4e91-9d6d-53f0c1430d88 does not exist. Creating ...
2023-11-06 15:54:44,474 TRACE util.FileUtils (LogUtils.java:runAndLog(49)) - Successfully ran Files.createDirectories /home/runner/work/ratis/ratis/ratis-examples/target/test/data/8ed5a2e1/MiniRaftClusterWithRpcTypeGrpcAndDataStreamTypeNetty7f30e5a1/s2/644ea388-485c-4e91-9d6d-53f0c1430d88
2023-11-06 15:54:44,475 INFO  util.JvmPauseMonitor (JvmPauseMonitor.java:run(146)) - JvmPauseMonitor-s1: Started
2023-11-06 15:54:44,475 INFO  storage.RaftStorageDirectory (RaftStorageDirectoryImpl.java:tryLock(232)) - Lock on /home/runner/work/ratis/ratis/ratis-examples/target/test/data/8ed5a2e1/MiniRaftClusterWithRpcTypeGrpcAndDataStreamTypeNetty7f30e5a1/s2/644ea388-485c-4e91-9d6d-53f0c1430d88/in_use.lock acquired by nodename 25696@fv-az119-74
2023-11-06 15:54:44,476 TRACE util.FileUtils (LogUtils.java:runAndLog(49)) - Successfully ran Files.createDirectories /home/runner/work/ratis/ratis/ratis-examples/target/test/data/8ed5a2e1/MiniRaftClusterWithRpcTypeGrpcAndDataStreamTypeNetty7f30e5a1/s2/644ea388-485c-4e91-9d6d-53f0c1430d88/current
2023-11-06 15:54:44,476 TRACE util.FileUtils (LogUtils.java:runAndLog(49)) - Successfully ran Files.createDirectories /home/runner/work/ratis/ratis/ratis-examples/target/test/data/8ed5a2e1/MiniRaftClusterWithRpcTypeGrpcAndDataStreamTypeNetty7f30e5a1/s2/644ea388-485c-4e91-9d6d-53f0c1430d88/sm
2023-11-06 15:54:44,476 TRACE util.FileUtils (LogUtils.java:supplyAndLog(69)) - Successfully supplied FileChannel.open /home/runner/work/ratis/ratis/ratis-examples/target/test/data/8ed5a2e1/MiniRaftClusterWithRpcTypeGrpcAndDataStreamTypeNetty7f30e5a1/s2/644ea388-485c-4e91-9d6d-53f0c1430d88/current/raft-meta.tmp with options [CREATE, WRITE]: sun.nio.ch.FileChannelImpl@44069904
2023-11-06 15:54:44,478 TRACE util.FileUtils (LogUtils.java:runAndLog(49)) - Successfully ran Atomic Files.move /home/runner/work/ratis/ratis/ratis-examples/target/test/data/8ed5a2e1/MiniRaftClusterWithRpcTypeGrpcAndDataStreamTypeNetty7f30e5a1/s2/644ea388-485c-4e91-9d6d-53f0c1430d88/current/raft-meta.tmp to /home/runner/work/ratis/ratis/ratis-examples/target/test/data/8ed5a2e1/MiniRaftClusterWithRpcTypeGrpcAndDataStreamTypeNetty7f30e5a1/s2/644ea388-485c-4e91-9d6d-53f0c1430d88/current/raft-meta with options [REPLACE_EXISTING]
2023-11-06 15:54:44,479 INFO  storage.RaftStorage (RaftStorageImpl.java:format(97)) - Storage directory /home/runner/work/ratis/ratis/ratis-examples/target/test/data/8ed5a2e1/MiniRaftClusterWithRpcTypeGrpcAndDataStreamTypeNetty7f30e5a1/s2/644ea388-485c-4e91-9d6d-53f0c1430d88 has been successfully formatted.
2023-11-06 15:54:44,479 TRACE util.FileUtils (LogUtils.java:runAndLog(49)) - Successfully ran Files.createDirectories /home/runner/work/ratis/ratis/ratis-examples/target/test/data/8ed5a2e1/TestFileStoreStreamingWithGrpcCluster/filestore/s2
2023-11-06 15:54:44,479 INFO  server.RaftServerConfigKeys (ConfUtils.java:logGet(46)) - raft.server.log.use.memory = false (default)
2023-11-06 15:54:44,479 INFO  server.RaftServerConfigKeys (ConfUtils.java:logGet(46)) - raft.server.log.purge.gap = 1024 (default)
2023-11-06 15:54:44,479 INFO  server.RaftServerConfigKeys (ConfUtils.java:logGet(46)) - raft.server.log.appender.buffer.byte-limit = 4MB (=4194304) (default)
2023-11-06 15:54:44,479 INFO  server.RaftServerConfigKeys (ConfUtils.java:logGet(46)) - raft.server.log.statemachine.data.read.timeout = 1000ms (default)
2023-11-06 15:54:44,479 INFO  server.RaftServerConfigKeys (ConfUtils.java:logGet(46)) - raft.server.log.purge.preservation.log.num = 0 (default)
2023-11-06 15:54:44,480 INFO  server.RaftServerConfigKeys (ConfUtils.java:logGet(46)) - raft.server.log.segment.size.max = 32MB (=33554432) (default)
2023-11-06 15:54:44,480 INFO  server.RaftServerConfigKeys (ConfUtils.java:logGet(46)) - raft.server.log.segment.cache.num.max = 6 (default)
2023-11-06 15:54:44,480 INFO  server.RaftServerConfigKeys (ConfUtils.java:logGet(46)) - raft.server.log.segment.cache.size.max = 200MB (=209715200) (default)
2023-11-06 15:54:44,480 INFO  server.RaftServerConfigKeys (ConfUtils.java:logGet(46)) - raft.server.log.appender.buffer.byte-limit = 4MB (=4194304) (default)
2023-11-06 15:54:44,484 INFO  util.AwaitToRun (AwaitToRun.java:start(81)) - Thread[s2@group-53F0C1430D88-cacheEviction-AwaitToRun,5,main] started
2023-11-06 15:54:44,484 INFO  segmented.SegmentedRaftLogWorker (SegmentedRaftLogWorker.java:<init>(184)) - new s2@group-53F0C1430D88-SegmentedRaftLogWorker for RaftStorageImpl:Storage Directory /home/runner/work/ratis/ratis/ratis-examples/target/test/data/8ed5a2e1/MiniRaftClusterWithRpcTypeGrpcAndDataStreamTypeNetty7f30e5a1/s2/644ea388-485c-4e91-9d6d-53f0c1430d88
2023-11-06 15:54:44,485 INFO  server.RaftServerConfigKeys (ConfUtils.java:logGet(46)) - raft.server.log.queue.byte-limit = 64MB (=67108864) (default)
2023-11-06 15:54:44,485 INFO  server.RaftServerConfigKeys (ConfUtils.java:logGet(46)) - raft.server.log.queue.element-limit = 4096 (default)
2023-11-06 15:54:44,485 INFO  server.RaftServerConfigKeys (ConfUtils.java:logGet(46)) - raft.server.log.segment.size.max = 32MB (=33554432) (default)
2023-11-06 15:54:44,485 INFO  server.RaftServerConfigKeys (ConfUtils.java:logGet(46)) - raft.server.log.preallocated.size = 4MB (=4194304) (default)
2023-11-06 15:54:44,485 INFO  server.RaftServerConfigKeys (ConfUtils.java:logGet(46)) - raft.server.log.force.sync.num = 128 (default)
2023-11-06 15:54:44,485 INFO  server.RaftServerConfigKeys (ConfUtils.java:logGet(46)) - raft.server.log.statemachine.data.sync = true (default)
2023-11-06 15:54:44,485 INFO  server.RaftServerConfigKeys (ConfUtils.java:logGet(46)) - raft.server.log.statemachine.data.sync.timeout = 10s (default)
2023-11-06 15:54:44,485 INFO  server.RaftServerConfigKeys (ConfUtils.java:logGet(46)) - raft.server.log.statemachine.data.sync.timeout.retry = -1 (default)
2023-11-06 15:54:44,485 INFO  server.RaftServerConfigKeys (ConfUtils.java:logGet(46)) - raft.server.log.write.buffer.size = 64KB (=65536) (default)
2023-11-06 15:54:44,485 INFO  server.RaftServerConfigKeys (ConfUtils.java:logGet(46)) - raft.server.log.appender.buffer.byte-limit = 4MB (=4194304) (default)
2023-11-06 15:54:44,486 INFO  server.RaftServerConfigKeys (ConfUtils.java:logGet(46)) - raft.server.log.unsafe-flush.enabled = false (default)
2023-11-06 15:54:44,486 INFO  server.RaftServerConfigKeys (ConfUtils.java:logGet(46)) - raft.server.log.async-flush.enabled = false (default)
2023-11-06 15:54:44,486 INFO  server.RaftServerConfigKeys (ConfUtils.java:logGet(46)) - raft.server.log.statemachine.data.caching.enabled = false (default)
2023-11-06 15:54:44,487 INFO  segmented.SegmentedRaftLogWorker (SegmentedRaftLogWorker.java:lambda$new$0(135)) - s2@group-53F0C1430D88-SegmentedRaftLogWorker: flushIndex: setUnconditionally 0 -> -1
2023-11-06 15:54:44,487 INFO  segmented.SegmentedRaftLogWorker (SegmentedRaftLogWorker.java:lambda$new$0(135)) - s2@group-53F0C1430D88-SegmentedRaftLogWorker: safeCacheEvictIndex: setUnconditionally 0 -> -1
2023-11-06 15:54:44,487 INFO  server.RaftServer$Division (RaftServerImpl.java:start(390)) - s2@group-53F0C1430D88: start as a follower, conf=-1: peers:[s0|localhost:44013, s1|localhost:45265, s2|localhost:45699]|listeners:[], old=null
2023-11-06 15:54:44,487 INFO  server.RaftServer$Division (RaftServerImpl.java:setRole(377)) - s2@group-53F0C1430D88: changes role from      null to FOLLOWER at term 0 for startAsFollower
2023-11-06 15:54:44,487 INFO  impl.RoleInfo (RoleInfo.java:updateAndGet(138)) - s2: start s2@group-53F0C1430D88-FollowerState
2023-11-06 15:54:44,487 INFO  util.JmxRegister (JmxRegister.java:tryRegister(44)) - Successfully registered JMX Bean with object name Ratis:service=RaftServer,group=group-53F0C1430D88,id=s2
2023-11-06 15:54:44,488 INFO  server.RaftServerConfigKeys (ConfUtils.java:logGet(46)) - raft.server.snapshot.trigger-when-stop.enabled = true (default)
2023-11-06 15:54:44,488 INFO  server.RaftServerConfigKeys (ConfUtils.java:logGet(46)) - raft.server.snapshot.auto.trigger.enabled = false (default)
2023-11-06 15:54:44,488 INFO  server.RaftServerConfigKeys (ConfUtils.java:logGet(46)) - raft.server.snapshot.retention.file.num = -1 (default)
2023-11-06 15:54:44,488 INFO  server.RaftServerConfigKeys (ConfUtils.java:logGet(46)) - raft.server.log.purge.upto.snapshot.index = false (default)
2023-11-06 15:54:44,496 INFO  server.RaftServerConfigKeys (ConfUtils.java:logFallback(53)) - raft.server.rpc.first-election.timeout.min = 150ms (fallback to raft.server.rpc.timeout.min)
2023-11-06 15:54:44,497 INFO  server.RaftServer (RaftServerProxy.java:startImpl(406)) - s2: start RPC server
2023-11-06 15:54:44,499 INFO  server.RaftServerConfigKeys (ConfUtils.java:logFallback(53)) - raft.server.rpc.first-election.timeout.max = 300ms (fallback to raft.server.rpc.timeout.max)
2023-11-06 15:54:44,500 INFO  server.GrpcService (GrpcService.java:startImpl(302)) - s2: GrpcService started, listening on 45865
2023-11-06 15:54:44,501 INFO  server.GrpcService (GrpcService.java:startImpl(302)) - s2: GrpcService started, listening on 45699
2023-11-06 15:54:44,502 INFO  server.GrpcService (GrpcService.java:startImpl(302)) - s2: GrpcService started, listening on 32987
2023-11-06 15:54:44,504 INFO  util.JvmPauseMonitor (JvmPauseMonitor.java:run(146)) - JvmPauseMonitor-s2: Started
2023-11-06 15:54:44,504 INFO  server.RaftServerConfigKeys (ConfUtils.java:logGet(46)) - raft.server.rpc.timeout.max = 300ms (default)
2023-11-06 15:54:44,504 INFO  ratis.RaftTestUtil (RaftTestUtil.java:waitForLeader(100)) - printing ALL groups
  s0:  RUNNING  FOLLOWER s0@group-53F0C1430D88:t0, leader=null, voted=, raftlog=Memoized:s0@group-53F0C1430D88-SegmentedRaftLog:OPENED:c-1, conf=-1: peers:[s0|localhost:44013, s1|localhost:45265, s2|localhost:45699]|listeners:[], old=null RUNNING
  s1:  RUNNING  FOLLOWER s1@group-53F0C1430D88:t0, leader=null, voted=, raftlog=Memoized:s1@group-53F0C1430D88-SegmentedRaftLog:OPENED:c-1, conf=-1: peers:[s0|localhost:44013, s1|localhost:45265, s2|localhost:45699]|listeners:[], old=null RUNNING
  s2:  RUNNING  FOLLOWER s2@group-53F0C1430D88:t0, leader=null, voted=, raftlog=Memoized:s2@group-53F0C1430D88-SegmentedRaftLog:OPENED:c-1, conf=-1: peers:[s0|localhost:44013, s1|localhost:45265, s2|localhost:45699]|listeners:[], old=null RUNNING
2023-11-06 15:54:44,504 WARN  ratis.RaftTestUtil (JavaUtils.java:attempt(223)) - FAILED "waitForLeader-null-(expectLeader? true)", attempt #1/100: java.lang.IllegalStateException: No leader yet : printing ALL groups
  s0:  RUNNING  FOLLOWER s0@group-53F0C1430D88:t0, leader=null, voted=, raftlog=Memoized:s0@group-53F0C1430D88-SegmentedRaftLog:OPENED:c-1, conf=-1: peers:[s0|localhost:44013, s1|localhost:45265, s2|localhost:45699]|listeners:[], old=null RUNNING
  s1:  RUNNING  FOLLOWER s1@group-53F0C1430D88:t0, leader=null, voted=, raftlog=Memoized:s1@group-53F0C1430D88-SegmentedRaftLog:OPENED:c-1, conf=-1: peers:[s0|localhost:44013, s1|localhost:45265, s2|localhost:45699]|listeners:[], old=null RUNNING
  s2:  RUNNING  FOLLOWER s2@group-53F0C1430D88:t0, leader=null, voted=, raftlog=Memoized:s2@group-53F0C1430D88-SegmentedRaftLog:OPENED:c-1, conf=-1: peers:[s0|localhost:44013, s1|localhost:45265, s2|localhost:45699]|listeners:[], old=null RUNNING, sleep 450ms and then retry.
java.lang.IllegalStateException: No leader yet : printing ALL groups
  s0:  RUNNING  FOLLOWER s0@group-53F0C1430D88:t0, leader=null, voted=, raftlog=Memoized:s0@group-53F0C1430D88-SegmentedRaftLog:OPENED:c-1, conf=-1: peers:[s0|localhost:44013, s1|localhost:45265, s2|localhost:45699]|listeners:[], old=null RUNNING
  s1:  RUNNING  FOLLOWER s1@group-53F0C1430D88:t0, leader=null, voted=, raftlog=Memoized:s1@group-53F0C1430D88-SegmentedRaftLog:OPENED:c-1, conf=-1: peers:[s0|localhost:44013, s1|localhost:45265, s2|localhost:45699]|listeners:[], old=null RUNNING
  s2:  RUNNING  FOLLOWER s2@group-53F0C1430D88:t0, leader=null, voted=, raftlog=Memoized:s2@group-53F0C1430D88-SegmentedRaftLog:OPENED:c-1, conf=-1: peers:[s0|localhost:44013, s1|localhost:45265, s2|localhost:45699]|listeners:[], old=null RUNNING
	at org.apache.ratis.server.impl.MiniRaftCluster.newIllegalStateExceptionForNoLeaders(MiniRaftCluster.java:581)
	at org.apache.ratis.RaftTestUtil.lambda$waitForLeader$1(RaftTestUtil.java:104)
	at org.apache.ratis.server.impl.MiniRaftCluster.getLeader(MiniRaftCluster.java:615)
	at org.apache.ratis.server.impl.MiniRaftCluster.getLeader(MiniRaftCluster.java:608)
	at org.apache.ratis.RaftTestUtil.lambda$waitForLeader$3(RaftTestUtil.java:112)
	at org.apache.ratis.util.JavaUtils.attempt(JavaUtils.java:217)
	at org.apache.ratis.util.JavaUtils.attemptRepeatedly(JavaUtils.java:203)
	at org.apache.ratis.RaftTestUtil.waitForLeader(RaftTestUtil.java:111)
	at org.apache.ratis.RaftTestUtil.waitForLeader(RaftTestUtil.java:92)
	at org.apache.ratis.RaftTestUtil.waitForLeader(RaftTestUtil.java:87)
	at org.apache.ratis.examples.filestore.FileStoreStreamingBaseTest.testFileStoreStreamSingleFile(FileStoreStreamingBaseTest.java:67)
	at java.base/jdk.internal.reflect.NativeMethodAccessorImpl.invoke0(Native Method)
	at java.base/jdk.internal.reflect.NativeMethodAccessorImpl.invoke(NativeMethodAccessorImpl.java:62)
	at java.base/jdk.internal.reflect.DelegatingMethodAccessorImpl.invoke(DelegatingMethodAccessorImpl.java:43)
	at java.base/java.lang.reflect.Method.invoke(Method.java:566)
	at org.junit.runners.model.FrameworkMethod$1.runReflectiveCall(FrameworkMethod.java:59)
	at org.junit.internal.runners.model.ReflectiveCallable.run(ReflectiveCallable.java:12)
	at org.junit.runners.model.FrameworkMethod.invokeExplosively(FrameworkMethod.java:56)
	at org.junit.internal.runners.statements.InvokeMethod.evaluate(InvokeMethod.java:17)
	at org.junit.internal.runners.statements.RunAfters.evaluate(RunAfters.java:27)
	at org.junit.internal.runners.statements.FailOnTimeout$CallableStatement.call(FailOnTimeout.java:299)
	at org.junit.internal.runners.statements.FailOnTimeout$CallableStatement.call(FailOnTimeout.java:293)
	at java.base/java.util.concurrent.FutureTask.run(FutureTask.java:264)
	at java.base/java.lang.Thread.run(Thread.java:829)
2023-11-06 15:54:44,629 INFO  impl.FollowerState (FollowerState.java:run(143)) - s0@group-53F0C1430D88-FollowerState: change to CANDIDATE, lastRpcElapsedTime:201673923ns, electionTimeout:191ms
2023-11-06 15:54:44,629 INFO  impl.RoleInfo (RoleInfo.java:shutdownFollowerState(109)) - s0: shutdown s0@group-53F0C1430D88-FollowerState
2023-11-06 15:54:44,629 INFO  server.RaftServer$Division (RaftServerImpl.java:setRole(377)) - s0@group-53F0C1430D88: changes role from  FOLLOWER to CANDIDATE at term 0 for changeToCandidate
2023-11-06 15:54:44,630 INFO  server.RaftServerConfigKeys (ConfUtils.java:logGet(46)) - raft.server.leaderelection.pre-vote = true (default)
2023-11-06 15:54:44,630 INFO  impl.RoleInfo (RoleInfo.java:updateAndGet(138)) - s0: start s0@group-53F0C1430D88-LeaderElection4
2023-11-06 15:54:44,633 INFO  impl.LeaderElection (LeaderElection.java:askForVotes(323)) - s0@group-53F0C1430D88-LeaderElection4 PRE_VOTE round 0: submit vote requests at term 0 for -1: peers:[s0|localhost:44013, s1|localhost:45265, s2|localhost:45699]|listeners:[], old=null
2023-11-06 15:54:44,635 INFO  server.RaftServerConfigKeys (ConfUtils.java:logFallback(53)) - raft.server.rpc.first-election.timeout.min = 150ms (fallback to raft.server.rpc.timeout.min)
2023-11-06 15:54:44,635 INFO  server.RaftServerConfigKeys (ConfUtils.java:logFallback(53)) - raft.server.rpc.first-election.timeout.max = 300ms (fallback to raft.server.rpc.timeout.max)
2023-11-06 15:54:44,635 INFO  server.GrpcServerProtocolClient (GrpcServerProtocolClient.java:<init>(65)) - Build channel for s2
2023-11-06 15:54:44,635 INFO  server.GrpcServerProtocolClient (GrpcServerProtocolClient.java:<init>(65)) - Build channel for s1
2023-11-06 15:54:44,645 INFO  server.RaftServer$Division (RaftServerImpl.java:requestVote(1372)) - s1@group-53F0C1430D88: receive requestVote(PRE_VOTE, s0, group-53F0C1430D88, 0, (t:0, i:0))
2023-11-06 15:54:44,645 INFO  impl.VoteContext (VoteContext.java:log(49)) - s1@group-53F0C1430D88-FOLLOWER: accept PRE_VOTE from s0: our priority 0 <= candidate's priority 0
2023-11-06 15:54:44,645 INFO  server.RaftServer$Division (RaftServerImpl.java:requestVote(1405)) - s1@group-53F0C1430D88 replies to PRE_VOTE vote request: s0<-s1#0:OK-t0. Peer's state: s1@group-53F0C1430D88:t0, leader=null, voted=, raftlog=Memoized:s1@group-53F0C1430D88-SegmentedRaftLog:OPENED:c-1, conf=-1: peers:[s0|localhost:44013, s1|localhost:45265, s2|localhost:45699]|listeners:[], old=null
2023-11-06 15:54:44,646 INFO  server.RaftServer$Division (RaftServerImpl.java:requestVote(1372)) - s2@group-53F0C1430D88: receive requestVote(PRE_VOTE, s0, group-53F0C1430D88, 0, (t:0, i:0))
2023-11-06 15:54:44,647 INFO  impl.VoteContext (VoteContext.java:log(49)) - s2@group-53F0C1430D88-FOLLOWER: accept PRE_VOTE from s0: our priority 0 <= candidate's priority 0
2023-11-06 15:54:44,647 INFO  server.RaftServer$Division (RaftServerImpl.java:requestVote(1405)) - s2@group-53F0C1430D88 replies to PRE_VOTE vote request: s0<-s2#0:OK-t0. Peer's state: s2@group-53F0C1430D88:t0, leader=null, voted=, raftlog=Memoized:s2@group-53F0C1430D88-SegmentedRaftLog:OPENED:c-1, conf=-1: peers:[s0|localhost:44013, s1|localhost:45265, s2|localhost:45699]|listeners:[], old=null
2023-11-06 15:54:44,651 INFO  impl.LeaderElection (LeaderElection.java:logAndReturn(89)) - s0@group-53F0C1430D88-LeaderElection4: PRE_VOTE PASSED received 1 response(s) and 0 exception(s):
2023-11-06 15:54:44,651 INFO  impl.LeaderElection (LeaderElection.java:logAndReturn(93)) -   Response 0: s0<-s1#0:OK-t0
2023-11-06 15:54:44,651 INFO  impl.LeaderElection (LeaderElection.java:askForVotes(325)) - s0@group-53F0C1430D88-LeaderElection4 PRE_VOTE round 0: result PASSED
2023-11-06 15:54:44,651 TRACE util.FileUtils (LogUtils.java:supplyAndLog(69)) - Successfully supplied FileChannel.open /home/runner/work/ratis/ratis/ratis-examples/target/test/data/8ed5a2e1/MiniRaftClusterWithRpcTypeGrpcAndDataStreamTypeNetty7f30e5a1/s0/644ea388-485c-4e91-9d6d-53f0c1430d88/current/raft-meta.tmp with options [CREATE, WRITE]: sun.nio.ch.FileChannelImpl@6408e7fe
2023-11-06 15:54:44,656 TRACE util.FileUtils (LogUtils.java:runAndLog(49)) - Successfully ran Atomic Files.move /home/runner/work/ratis/ratis/ratis-examples/target/test/data/8ed5a2e1/MiniRaftClusterWithRpcTypeGrpcAndDataStreamTypeNetty7f30e5a1/s0/644ea388-485c-4e91-9d6d-53f0c1430d88/current/raft-meta.tmp to /home/runner/work/ratis/ratis/ratis-examples/target/test/data/8ed5a2e1/MiniRaftClusterWithRpcTypeGrpcAndDataStreamTypeNetty7f30e5a1/s0/644ea388-485c-4e91-9d6d-53f0c1430d88/current/raft-meta with options [REPLACE_EXISTING]
2023-11-06 15:54:44,657 INFO  impl.LeaderElection (LeaderElection.java:askForVotes(323)) - s0@group-53F0C1430D88-LeaderElection4 ELECTION round 0: submit vote requests at term 1 for -1: peers:[s0|localhost:44013, s1|localhost:45265, s2|localhost:45699]|listeners:[], old=null
2023-11-06 15:54:44,657 INFO  server.RaftServerConfigKeys (ConfUtils.java:logFallback(53)) - raft.server.rpc.first-election.timeout.min = 150ms (fallback to raft.server.rpc.timeout.min)
2023-11-06 15:54:44,658 INFO  server.RaftServerConfigKeys (ConfUtils.java:logFallback(53)) - raft.server.rpc.first-election.timeout.max = 300ms (fallback to raft.server.rpc.timeout.max)
2023-11-06 15:54:44,663 INFO  server.RaftServer$Division (RaftServerImpl.java:requestVote(1372)) - s2@group-53F0C1430D88: receive requestVote(ELECTION, s0, group-53F0C1430D88, 1, (t:0, i:0))
2023-11-06 15:54:44,668 INFO  server.RaftServer$Division (RaftServerImpl.java:requestVote(1372)) - s1@group-53F0C1430D88: receive requestVote(ELECTION, s0, group-53F0C1430D88, 1, (t:0, i:0))
2023-11-06 15:54:44,668 INFO  impl.VoteContext (VoteContext.java:log(49)) - s2@group-53F0C1430D88-FOLLOWER: accept ELECTION from s0: our priority 0 <= candidate's priority 0
2023-11-06 15:54:44,669 INFO  impl.VoteContext (VoteContext.java:log(49)) - s1@group-53F0C1430D88-FOLLOWER: accept ELECTION from s0: our priority 0 <= candidate's priority 0
2023-11-06 15:54:44,669 INFO  server.RaftServer$Division (RaftServerImpl.java:setRole(377)) - s2@group-53F0C1430D88: changes role from  FOLLOWER to FOLLOWER at term 1 for candidate:s0
2023-11-06 15:54:44,669 INFO  server.RaftServer$Division (RaftServerImpl.java:setRole(377)) - s1@group-53F0C1430D88: changes role from  FOLLOWER to FOLLOWER at term 1 for candidate:s0
2023-11-06 15:54:44,669 INFO  impl.RoleInfo (RoleInfo.java:shutdownFollowerState(109)) - s2: shutdown s2@group-53F0C1430D88-FollowerState
2023-11-06 15:54:44,669 INFO  impl.RoleInfo (RoleInfo.java:shutdownFollowerState(109)) - s1: shutdown s1@group-53F0C1430D88-FollowerState
2023-11-06 15:54:44,669 INFO  impl.FollowerState (FollowerState.java:run(152)) - s2@group-53F0C1430D88-FollowerState was interrupted
2023-11-06 15:54:44,669 INFO  impl.FollowerState (FollowerState.java:run(152)) - s1@group-53F0C1430D88-FollowerState was interrupted
2023-11-06 15:54:44,669 INFO  impl.RoleInfo (RoleInfo.java:updateAndGet(138)) - s2: start s2@group-53F0C1430D88-FollowerState
2023-11-06 15:54:44,669 INFO  impl.RoleInfo (RoleInfo.java:updateAndGet(138)) - s1: start s1@group-53F0C1430D88-FollowerState
2023-11-06 15:54:44,672 INFO  server.RaftServer$Division (RaftServerImpl.java:setFirstElection(562)) - s1@group-53F0C1430D88: set firstElectionSinceStartup to false for candidate:s0
2023-11-06 15:54:44,672 TRACE util.FileUtils (LogUtils.java:supplyAndLog(69)) - Successfully supplied FileChannel.open /home/runner/work/ratis/ratis/ratis-examples/target/test/data/8ed5a2e1/MiniRaftClusterWithRpcTypeGrpcAndDataStreamTypeNetty7f30e5a1/s1/644ea388-485c-4e91-9d6d-53f0c1430d88/current/raft-meta.tmp with options [CREATE, WRITE]: sun.nio.ch.FileChannelImpl@9e7ee5e
2023-11-06 15:54:44,673 INFO  server.RaftServer$Division (RaftServerImpl.java:setFirstElection(562)) - s2@group-53F0C1430D88: set firstElectionSinceStartup to false for candidate:s0
2023-11-06 15:54:44,673 TRACE util.FileUtils (LogUtils.java:supplyAndLog(69)) - Successfully supplied FileChannel.open /home/runner/work/ratis/ratis/ratis-examples/target/test/data/8ed5a2e1/MiniRaftClusterWithRpcTypeGrpcAndDataStreamTypeNetty7f30e5a1/s2/644ea388-485c-4e91-9d6d-53f0c1430d88/current/raft-meta.tmp with options [CREATE, WRITE]: sun.nio.ch.FileChannelImpl@641ab03b
2023-11-06 15:54:44,677 TRACE util.FileUtils (LogUtils.java:runAndLog(49)) - Successfully ran Atomic Files.move /home/runner/work/ratis/ratis/ratis-examples/target/test/data/8ed5a2e1/MiniRaftClusterWithRpcTypeGrpcAndDataStreamTypeNetty7f30e5a1/s1/644ea388-485c-4e91-9d6d-53f0c1430d88/current/raft-meta.tmp to /home/runner/work/ratis/ratis/ratis-examples/target/test/data/8ed5a2e1/MiniRaftClusterWithRpcTypeGrpcAndDataStreamTypeNetty7f30e5a1/s1/644ea388-485c-4e91-9d6d-53f0c1430d88/current/raft-meta with options [REPLACE_EXISTING]
2023-11-06 15:54:44,677 INFO  server.RaftServer$Division (RaftServerImpl.java:requestVote(1405)) - s1@group-53F0C1430D88 replies to ELECTION vote request: s0<-s1#0:OK-t1. Peer's state: s1@group-53F0C1430D88:t1, leader=null, voted=s0, raftlog=Memoized:s1@group-53F0C1430D88-SegmentedRaftLog:OPENED:c-1, conf=-1: peers:[s0|localhost:44013, s1|localhost:45265, s2|localhost:45699]|listeners:[], old=null
2023-11-06 15:54:44,678 TRACE util.FileUtils (LogUtils.java:runAndLog(49)) - Successfully ran Atomic Files.move /home/runner/work/ratis/ratis/ratis-examples/target/test/data/8ed5a2e1/MiniRaftClusterWithRpcTypeGrpcAndDataStreamTypeNetty7f30e5a1/s2/644ea388-485c-4e91-9d6d-53f0c1430d88/current/raft-meta.tmp to /home/runner/work/ratis/ratis/ratis-examples/target/test/data/8ed5a2e1/MiniRaftClusterWithRpcTypeGrpcAndDataStreamTypeNetty7f30e5a1/s2/644ea388-485c-4e91-9d6d-53f0c1430d88/current/raft-meta with options [REPLACE_EXISTING]
2023-11-06 15:54:44,680 INFO  server.RaftServer$Division (RaftServerImpl.java:requestVote(1405)) - s2@group-53F0C1430D88 replies to ELECTION vote request: s0<-s2#0:OK-t1. Peer's state: s2@group-53F0C1430D88:t1, leader=null, voted=s0, raftlog=Memoized:s2@group-53F0C1430D88-SegmentedRaftLog:OPENED:c-1, conf=-1: peers:[s0|localhost:44013, s1|localhost:45265, s2|localhost:45699]|listeners:[], old=null
2023-11-06 15:54:44,681 INFO  impl.LeaderElection (LeaderElection.java:logAndReturn(89)) - s0@group-53F0C1430D88-LeaderElection4: ELECTION PASSED received 1 response(s) and 0 exception(s):
2023-11-06 15:54:44,683 INFO  impl.LeaderElection (LeaderElection.java:logAndReturn(93)) -   Response 0: s0<-s1#0:OK-t1
2023-11-06 15:54:44,683 INFO  impl.LeaderElection (LeaderElection.java:askForVotes(325)) - s0@group-53F0C1430D88-LeaderElection4 ELECTION round 0: result PASSED
2023-11-06 15:54:44,683 INFO  impl.RoleInfo (RoleInfo.java:shutdownLeaderElection(129)) - s0: shutdown s0@group-53F0C1430D88-LeaderElection4
2023-11-06 15:54:44,683 INFO  server.RaftServer$Division (RaftServerImpl.java:setRole(377)) - s0@group-53F0C1430D88: changes role from CANDIDATE to LEADER at term 1 for changeToLeader
2023-11-06 15:54:44,683 INFO  server.RaftServerConfigKeys (ConfUtils.java:logGet(46)) - raft.server.staging.catchup.gap = 1000 (default)
2023-11-06 15:54:44,683 INFO  server.RaftServerConfigKeys (ConfUtils.java:logGet(46)) - raft.server.write.element-limit = 4096 (default)
2023-11-06 15:54:44,683 INFO  server.RaftServerConfigKeys (ConfUtils.java:logGet(46)) - raft.server.write.byte-limit = 64MB (=67108864) (default)
2023-11-06 15:54:44,683 INFO  server.RaftServerConfigKeys (ConfUtils.java:logGet(46)) - raft.server.watch.timeout = 10s (default)
2023-11-06 15:54:44,683 INFO  server.RaftServerConfigKeys (ConfUtils.java:logGet(46)) - raft.server.watch.timeout.denomination = 1s (default)
2023-11-06 15:54:44,684 INFO  server.RaftServerConfigKeys (ConfUtils.java:logGet(46)) - raft.server.watch.element-limit = 65536 (default)
2023-11-06 15:54:44,684 INFO  server.RaftServerConfigKeys (ConfUtils.java:logGet(46)) - raft.server.read.leader.lease.enabled = false (default)
2023-11-06 15:54:44,684 INFO  server.RaftServerConfigKeys (ConfUtils.java:logGet(46)) - raft.server.read.leader.lease.timeout.ratio = 0.9 (default)
2023-11-06 15:54:44,684 INFO  server.RaftServerConfigKeys (ConfUtils.java:logGet(46)) - raft.server.rpc.timeout.min = 150ms (default)
2023-11-06 15:54:44,684 INFO  server.RaftServerConfigKeys (ConfUtils.java:logGet(46)) - raft.server.write.element-limit = 4096 (default)
2023-11-06 15:54:44,684 INFO  server.RaftServerConfigKeys (ConfUtils.java:logGet(46)) - raft.server.write.follower.gap.ratio.max = -1.0 (default)
2023-11-06 15:54:44,684 INFO  server.RaftServerConfigKeys (ConfUtils.java:logGet(46)) - raft.server.log.appender.snapshot.chunk.size.max = 16MB (=16777216) (default)
2023-11-06 15:54:44,684 INFO  server.RaftServerConfigKeys (ConfUtils.java:logGet(46)) - raft.server.log.appender.buffer.byte-limit = 4MB (=4194304) (default)
2023-11-06 15:54:44,685 INFO  server.RaftServerConfigKeys (ConfUtils.java:logGet(46)) - raft.server.log.appender.buffer.element-limit = 0 (default)
2023-11-06 15:54:44,685 INFO  server.RaftServerConfigKeys (ConfUtils.java:logGet(46)) - raft.server.log.appender.wait-time.min = 1ms (default)
2023-11-06 15:54:44,685 INFO  grpc.GrpcConfigKeys (ConfUtils.java:logGet(46)) - raft.grpc.server.leader.outstanding.appends.max = 8 (default)
2023-11-06 15:54:44,685 INFO  server.RaftServerConfigKeys (ConfUtils.java:logGet(46)) - raft.server.rpc.request.timeout = 3000ms (default)
2023-11-06 15:54:44,685 INFO  grpc.GrpcConfigKeys (ConfUtils.java:logGet(46)) - raft.grpc.server.install_snapshot.request.element-limit = 8 (default)
2023-11-06 15:54:44,685 INFO  grpc.GrpcConfigKeys (ConfUtils.java:logGet(46)) - raft.grpc.server.install_snapshot.request.timeout = 3000ms (default)
2023-11-06 15:54:44,685 INFO  server.RaftServerConfigKeys (ConfUtils.java:logGet(46)) - raft.server.log.appender.install.snapshot.enabled = true (default)
2023-11-06 15:54:44,685 INFO  grpc.GrpcConfigKeys (ConfUtils.java:logGet(46)) - raft.grpc.server.heartbeat.channel = true (default)
2023-11-06 15:54:44,686 INFO  server.RaftServerConfigKeys (ConfUtils.java:logGet(46)) - raft.server.log.appender.snapshot.chunk.size.max = 16MB (=16777216) (default)
2023-11-06 15:54:44,686 INFO  server.RaftServerConfigKeys (ConfUtils.java:logGet(46)) - raft.server.log.appender.buffer.byte-limit = 4MB (=4194304) (default)
2023-11-06 15:54:44,686 INFO  server.RaftServerConfigKeys (ConfUtils.java:logGet(46)) - raft.server.log.appender.buffer.element-limit = 0 (default)
2023-11-06 15:54:44,688 INFO  server.RaftServerConfigKeys (ConfUtils.java:logGet(46)) - raft.server.log.appender.wait-time.min = 1ms (default)
2023-11-06 15:54:44,688 INFO  grpc.GrpcConfigKeys (ConfUtils.java:logGet(46)) - raft.grpc.server.leader.outstanding.appends.max = 8 (default)
2023-11-06 15:54:44,688 INFO  server.RaftServerConfigKeys (ConfUtils.java:logGet(46)) - raft.server.rpc.request.timeout = 3000ms (default)
2023-11-06 15:54:44,688 INFO  grpc.GrpcConfigKeys (ConfUtils.java:logGet(46)) - raft.grpc.server.install_snapshot.request.element-limit = 8 (default)
2023-11-06 15:54:44,689 INFO  grpc.GrpcConfigKeys (ConfUtils.java:logGet(46)) - raft.grpc.server.install_snapshot.request.timeout = 3000ms (default)
2023-11-06 15:54:44,689 INFO  server.RaftServerConfigKeys (ConfUtils.java:logGet(46)) - raft.server.log.appender.install.snapshot.enabled = true (default)
2023-11-06 15:54:44,689 INFO  grpc.GrpcConfigKeys (ConfUtils.java:logGet(46)) - raft.grpc.server.heartbeat.channel = true (default)
2023-11-06 15:54:44,689 INFO  impl.RoleInfo (RoleInfo.java:updateAndGet(138)) - s0: start s0@group-53F0C1430D88-LeaderStateImpl
2023-11-06 15:54:44,689 INFO  server.RaftServer$Division (RaftServerImpl.java:setFirstElection(562)) - s0@group-53F0C1430D88: set firstElectionSinceStartup to false for becomeLeader
2023-11-06 15:54:44,689 INFO  server.RaftServer$Division (ServerState.java:setLeader(265)) - s0@group-53F0C1430D88: change Leader from null to s0 at term 1 for becomeLeader, leader elected after 295ms
2023-11-06 15:54:44,689 INFO  segmented.SegmentedRaftLogWorker (SegmentedRaftLogWorker.java:startLogSegment(428)) - s0@group-53F0C1430D88-SegmentedRaftLogWorker: Starting segment from index:0
2023-11-06 15:54:44,690 INFO  server.RaftServer$Division (ServerState.java:setRaftConf(382)) - s0@group-53F0C1430D88: set configuration 0: peers:[s0|localhost:44013, s1|localhost:45265, s2|localhost:45699]|listeners:[], old=null
2023-11-06 15:54:44,707 INFO  segmented.SegmentedRaftLogWorker (SegmentedRaftLogWorker.java:execute(632)) - s0@group-53F0C1430D88-SegmentedRaftLogWorker: created new log segment /home/runner/work/ratis/ratis/ratis-examples/target/test/data/8ed5a2e1/MiniRaftClusterWithRpcTypeGrpcAndDataStreamTypeNetty7f30e5a1/s0/644ea388-485c-4e91-9d6d-53f0c1430d88/current/log_inprogress_0
2023-11-06 15:54:44,725 INFO  server.RaftServer$Division (ServerState.java:setLeader(265)) - s2@group-53F0C1430D88: change Leader from null to s0 at term 1 for appendEntries, leader elected after 309ms
2023-11-06 15:54:44,729 INFO  server.RaftServer$Division (ServerState.java:setLeader(265)) - s1@group-53F0C1430D88: change Leader from null to s0 at term 1 for appendEntries, leader elected after 325ms
2023-11-06 15:54:44,729 INFO  server.RaftServer$Division (ServerState.java:setRaftConf(382)) - s2@group-53F0C1430D88: set configuration 0: peers:[s0|localhost:44013, s1|localhost:45265, s2|localhost:45699]|listeners:[], old=null
2023-11-06 15:54:44,729 INFO  segmented.SegmentedRaftLogWorker (SegmentedRaftLogWorker.java:startLogSegment(428)) - s2@group-53F0C1430D88-SegmentedRaftLogWorker: Starting segment from index:0
2023-11-06 15:54:44,734 INFO  server.RaftServer$Division (ServerState.java:setRaftConf(382)) - s1@group-53F0C1430D88: set configuration 0: peers:[s0|localhost:44013, s1|localhost:45265, s2|localhost:45699]|listeners:[], old=null
2023-11-06 15:54:44,734 INFO  segmented.SegmentedRaftLogWorker (SegmentedRaftLogWorker.java:startLogSegment(428)) - s1@group-53F0C1430D88-SegmentedRaftLogWorker: Starting segment from index:0
2023-11-06 15:54:44,747 INFO  segmented.SegmentedRaftLogWorker (SegmentedRaftLogWorker.java:execute(632)) - s2@group-53F0C1430D88-SegmentedRaftLogWorker: created new log segment /home/runner/work/ratis/ratis/ratis-examples/target/test/data/8ed5a2e1/MiniRaftClusterWithRpcTypeGrpcAndDataStreamTypeNetty7f30e5a1/s2/644ea388-485c-4e91-9d6d-53f0c1430d88/current/log_inprogress_0
2023-11-06 15:54:44,747 INFO  segmented.SegmentedRaftLogWorker (SegmentedRaftLogWorker.java:execute(632)) - s1@group-53F0C1430D88-SegmentedRaftLogWorker: created new log segment /home/runner/work/ratis/ratis/ratis-examples/target/test/data/8ed5a2e1/MiniRaftClusterWithRpcTypeGrpcAndDataStreamTypeNetty7f30e5a1/s1/644ea388-485c-4e91-9d6d-53f0c1430d88/current/log_inprogress_0
2023-11-06 15:54:44,748 INFO  server.RaftServer$Division (LeaderStateImpl.java:isApplied(308)) - leader is ready since appliedIndex == 0 >= startIndex == 0
2023-11-06 15:54:44,955 INFO  ratis.RaftTestUtil (RaftTestUtil.java:waitForLeader(119)) - printing ALL groups
  s0:  RUNNING    LEADER s0@group-53F0C1430D88:t1, leader=s0, voted=s0, raftlog=Memoized:s0@group-53F0C1430D88-SegmentedRaftLog:OPENED:c0, conf=0: peers:[s0|localhost:44013, s1|localhost:45265, s2|localhost:45699]|listeners:[], old=null RUNNING
  s1:  RUNNING  FOLLOWER s1@group-53F0C1430D88:t1, leader=s0, voted=s0, raftlog=Memoized:s1@group-53F0C1430D88-SegmentedRaftLog:OPENED:c0, conf=0: peers:[s0|localhost:44013, s1|localhost:45265, s2|localhost:45699]|listeners:[], old=null RUNNING
  s2:  RUNNING  FOLLOWER s2@group-53F0C1430D88:t1, leader=s0, voted=s0, raftlog=Memoized:s2@group-53F0C1430D88-SegmentedRaftLog:OPENED:c0, conf=0: peers:[s0|localhost:44013, s1|localhost:45265, s2|localhost:45699]|listeners:[], old=null RUNNING
2023-11-06 15:54:44,956 INFO  filestore.FileStoreStreamingBaseTest (FileStoreStreamingBaseTest.java:testSingleFile(110)) - runTestSingleFile with path=foo, fileLength=2M (=2097152)
2023-11-06 15:54:44,956 INFO  client.DataStreamClient (ConfUtils.java:logGet(46)) - raft.datastream.type = NETTY (custom)
2023-11-06 15:54:44,957 INFO  netty.NettyConfigKeys$DataStream (ConfUtils.java:logGet(46)) - raft.netty.dataStream.client.tls.conf = null (default)
2023-11-06 15:54:44,957 INFO  netty.NettyConfigKeys$DataStream (ConfUtils.java:logGet(46)) - raft.netty.dataStream.client.worker-group.share = true (default)
2023-11-06 15:54:44,958 INFO  logging.LoggingHandler (AbstractInternalLogger.java:log(148)) - [id: 0xd9c267bb, L:/0.0.0.0:35867] READ: [id: 0xd749b055, L:/127.0.0.1:35867 - R:/127.0.0.1:57472]
2023-11-06 15:54:44,959 INFO  logging.LoggingHandler (AbstractInternalLogger.java:log(148)) - [id: 0xd9c267bb, L:/0.0.0.0:35867] READ COMPLETE
2023-11-06 15:54:44,960 INFO  client.DataStreamClient (ConfUtils.java:logGet(46)) - raft.datastream.type = NETTY (custom)
2023-11-06 15:54:44,960 INFO  netty.NettyConfigKeys$DataStream (ConfUtils.java:logGet(46)) - raft.netty.dataStream.client.tls.conf = null (default)
2023-11-06 15:54:44,960 INFO  netty.NettyConfigKeys$DataStream (ConfUtils.java:logGet(46)) - raft.netty.dataStream.client.worker-group.share = true (default)
2023-11-06 15:54:54,506 INFO  impl.MiniRaftCluster (MiniRaftCluster.java:lambda$start$6(349)) - TIMED-PRINT: printing ALL groups
  s0:  RUNNING    LEADER s0@group-53F0C1430D88:t1, leader=s0, voted=s0, raftlog=Memoized:s0@group-53F0C1430D88-SegmentedRaftLog:OPENED:c0, conf=0: peers:[s0|localhost:44013, s1|localhost:45265, s2|localhost:45699]|listeners:[], old=null RUNNING
  s1:  RUNNING  FOLLOWER s1@group-53F0C1430D88:t1, leader=s0, voted=s0, raftlog=Memoized:s1@group-53F0C1430D88-SegmentedRaftLog:OPENED:c0, conf=0: peers:[s0|localhost:44013, s1|localhost:45265, s2|localhost:45699]|listeners:[], old=null RUNNING
  s2:  RUNNING  FOLLOWER s2@group-53F0C1430D88:t1, leader=s0, voted=s0, raftlog=Memoized:s2@group-53F0C1430D88-SegmentedRaftLog:OPENED:c0, conf=0: peers:[s0|localhost:44013, s1|localhost:45265, s2|localhost:45699]|listeners:[], old=null RUNNING
2023-11-06 15:54:54,965 ERROR impl.OrderedStreamAsync (OrderedStreamAsync.java:lambda$sendRequest$2(125)) - Failed to send request, header=DataStreamRequestHeader:clientId=client-4580E23EACC5,type=STREAM_HEADER,id=46,offset=0,length=94
java.util.concurrent.CompletionException: org.apache.ratis.protocol.exceptions.TimeoutIOException: Timeout 10000ms: Failed to send DataStreamRequestByteBuffer:clientId=client-4580E23EACC5,type=STREAM_HEADER,id=46,offset=0,length=94 channel: [id: 0x07c94b08, L:/127.0.0.1:57472 - R:localhost/127.0.0.1:35867]
	at java.base/java.util.concurrent.CompletableFuture.encodeThrowable(CompletableFuture.java:331)
	at java.base/java.util.concurrent.CompletableFuture.completeThrowable(CompletableFuture.java:346)
	at java.base/java.util.concurrent.CompletableFuture$UniApply.tryFire(CompletableFuture.java:632)
	at java.base/java.util.concurrent.CompletableFuture.postComplete(CompletableFuture.java:506)
	at java.base/java.util.concurrent.CompletableFuture.completeExceptionally(CompletableFuture.java:2094)
	at org.apache.ratis.netty.client.NettyClientStreamRpc.lambda$streamAsync$1(NettyClientStreamRpc.java:438)
	at org.apache.ratis.thirdparty.io.netty.util.concurrent.PromiseTask.runTask(PromiseTask.java:98)
	at org.apache.ratis.thirdparty.io.netty.util.concurrent.ScheduledFutureTask.run(ScheduledFutureTask.java:153)
	at org.apache.ratis.thirdparty.io.netty.util.concurrent.AbstractEventExecutor.runTask(AbstractEventExecutor.java:173)
	at org.apache.ratis.thirdparty.io.netty.util.concurrent.AbstractEventExecutor.safeExecute(AbstractEventExecutor.java:166)
	at org.apache.ratis.thirdparty.io.netty.util.concurrent.SingleThreadEventExecutor.runAllTasks(SingleThreadEventExecutor.java:470)
	at org.apache.ratis.thirdparty.io.netty.channel.epoll.EpollEventLoop.run(EpollEventLoop.java:416)
	at org.apache.ratis.thirdparty.io.netty.util.concurrent.SingleThreadEventExecutor$4.run(SingleThreadEventExecutor.java:997)
	at org.apache.ratis.thirdparty.io.netty.util.internal.ThreadExecutorMap$2.run(ThreadExecutorMap.java:74)
	at java.base/java.lang.Thread.run(Thread.java:829)
Caused by: org.apache.ratis.protocol.exceptions.TimeoutIOException: Timeout 10000ms: Failed to send DataStreamRequestByteBuffer:clientId=client-4580E23EACC5,type=STREAM_HEADER,id=46,offset=0,length=94 channel: [id: 0x07c94b08, L:/127.0.0.1:57472 - R:localhost/127.0.0.1:35867]
	... 10 more
2023-11-06 15:55:04,505 INFO  impl.MiniRaftCluster (MiniRaftCluster.java:lambda$start$6(349)) - TIMED-PRINT: printing ALL groups
  s0:  RUNNING    LEADER s0@group-53F0C1430D88:t1, leader=s0, voted=s0, raftlog=Memoized:s0@group-53F0C1430D88-SegmentedRaftLog:OPENED:c0, conf=0: peers:[s0|localhost:44013, s1|localhost:45265, s2|localhost:45699]|listeners:[], old=null RUNNING
  s1:  RUNNING  FOLLOWER s1@group-53F0C1430D88:t1, leader=s0, voted=s0, raftlog=Memoized:s1@group-53F0C1430D88-SegmentedRaftLog:OPENED:c0, conf=0: peers:[s0|localhost:44013, s1|localhost:45265, s2|localhost:45699]|listeners:[], old=null RUNNING
  s2:  RUNNING  FOLLOWER s2@group-53F0C1430D88:t1, leader=s0, voted=s0, raftlog=Memoized:s2@group-53F0C1430D88-SegmentedRaftLog:OPENED:c0, conf=0: peers:[s0|localhost:44013, s1|localhost:45265, s2|localhost:45699]|listeners:[], old=null RUNNING
2023-11-06 15:55:14,505 INFO  impl.MiniRaftCluster (MiniRaftCluster.java:lambda$start$6(349)) - TIMED-PRINT: printing ALL groups
  s0:  RUNNING    LEADER s0@group-53F0C1430D88:t1, leader=s0, voted=s0, raftlog=Memoized:s0@group-53F0C1430D88-SegmentedRaftLog:OPENED:c0, conf=0: peers:[s0|localhost:44013, s1|localhost:45265, s2|localhost:45699]|listeners:[], old=null RUNNING
  s1:  RUNNING  FOLLOWER s1@group-53F0C1430D88:t1, leader=s0, voted=s0, raftlog=Memoized:s1@group-53F0C1430D88-SegmentedRaftLog:OPENED:c0, conf=0: peers:[s0|localhost:44013, s1|localhost:45265, s2|localhost:45699]|listeners:[], old=null RUNNING
  s2:  RUNNING  FOLLOWER s2@group-53F0C1430D88:t1, leader=s0, voted=s0, raftlog=Memoized:s2@group-53F0C1430D88-SegmentedRaftLog:OPENED:c0, conf=0: peers:[s0|localhost:44013, s1|localhost:45265, s2|localhost:45699]|listeners:[], old=null RUNNING
2023-11-06 15:55:24,504 INFO  impl.MiniRaftCluster (MiniRaftCluster.java:lambda$start$6(349)) - TIMED-PRINT: printing ALL groups
  s0:  RUNNING    LEADER s0@group-53F0C1430D88:t1, leader=s0, voted=s0, raftlog=Memoized:s0@group-53F0C1430D88-SegmentedRaftLog:OPENED:c0, conf=0: peers:[s0|localhost:44013, s1|localhost:45265, s2|localhost:45699]|listeners:[], old=null RUNNING
  s1:  RUNNING  FOLLOWER s1@group-53F0C1430D88:t1, leader=s0, voted=s0, raftlog=Memoized:s1@group-53F0C1430D88-SegmentedRaftLog:OPENED:c0, conf=0: peers:[s0|localhost:44013, s1|localhost:45265, s2|localhost:45699]|listeners:[], old=null RUNNING
  s2:  RUNNING  FOLLOWER s2@group-53F0C1430D88:t1, leader=s0, voted=s0, raftlog=Memoized:s2@group-53F0C1430D88-SegmentedRaftLog:OPENED:c0, conf=0: peers:[s0|localhost:44013, s1|localhost:45265, s2|localhost:45699]|listeners:[], old=null RUNNING
2023-11-06 15:55:34,505 INFO  impl.MiniRaftCluster (MiniRaftCluster.java:lambda$start$6(349)) - TIMED-PRINT: printing ALL groups
  s0:  RUNNING    LEADER s0@group-53F0C1430D88:t1, leader=s0, voted=s0, raftlog=Memoized:s0@group-53F0C1430D88-SegmentedRaftLog:OPENED:c0, conf=0: peers:[s0|localhost:44013, s1|localhost:45265, s2|localhost:45699]|listeners:[], old=null RUNNING
  s1:  RUNNING  FOLLOWER s1@group-53F0C1430D88:t1, leader=s0, voted=s0, raftlog=Memoized:s1@group-53F0C1430D88-SegmentedRaftLog:OPENED:c0, conf=0: peers:[s0|localhost:44013, s1|localhost:45265, s2|localhost:45699]|listeners:[], old=null RUNNING
  s2:  RUNNING  FOLLOWER s2@group-53F0C1430D88:t1, leader=s0, voted=s0, raftlog=Memoized:s2@group-53F0C1430D88-SegmentedRaftLog:OPENED:c0, conf=0: peers:[s0|localhost:44013, s1|localhost:45265, s2|localhost:45699]|listeners:[], old=null RUNNING
2023-11-06 15:55:44,505 INFO  impl.MiniRaftCluster (MiniRaftCluster.java:lambda$start$6(349)) - TIMED-PRINT: printing ALL groups
  s0:  RUNNING    LEADER s0@group-53F0C1430D88:t1, leader=s0, voted=s0, raftlog=Memoized:s0@group-53F0C1430D88-SegmentedRaftLog:OPENED:c0, conf=0: peers:[s0|localhost:44013, s1|localhost:45265, s2|localhost:45699]|listeners:[], old=null RUNNING
  s1:  RUNNING  FOLLOWER s1@group-53F0C1430D88:t1, leader=s0, voted=s0, raftlog=Memoized:s1@group-53F0C1430D88-SegmentedRaftLog:OPENED:c0, conf=0: peers:[s0|localhost:44013, s1|localhost:45265, s2|localhost:45699]|listeners:[], old=null RUNNING
  s2:  RUNNING  FOLLOWER s2@group-53F0C1430D88:t1, leader=s0, voted=s0, raftlog=Memoized:s2@group-53F0C1430D88-SegmentedRaftLog:OPENED:c0, conf=0: peers:[s0|localhost:44013, s1|localhost:45265, s2|localhost:45699]|listeners:[], old=null RUNNING
2023-11-06 15:55:54,505 INFO  impl.MiniRaftCluster (MiniRaftCluster.java:lambda$start$6(349)) - TIMED-PRINT: printing ALL groups
  s0:  RUNNING    LEADER s0@group-53F0C1430D88:t1, leader=s0, voted=s0, raftlog=Memoized:s0@group-53F0C1430D88-SegmentedRaftLog:OPENED:c0, conf=0: peers:[s0|localhost:44013, s1|localhost:45265, s2|localhost:45699]|listeners:[], old=null RUNNING
  s1:  RUNNING  FOLLOWER s1@group-53F0C1430D88:t1, leader=s0, voted=s0, raftlog=Memoized:s1@group-53F0C1430D88-SegmentedRaftLog:OPENED:c0, conf=0: peers:[s0|localhost:44013, s1|localhost:45265, s2|localhost:45699]|listeners:[], old=null RUNNING
  s2:  RUNNING  FOLLOWER s2@group-53F0C1430D88:t1, leader=s0, voted=s0, raftlog=Memoized:s2@group-53F0C1430D88-SegmentedRaftLog:OPENED:c0, conf=0: peers:[s0|localhost:44013, s1|localhost:45265, s2|localhost:45699]|listeners:[], old=null RUNNING
2023-11-06 15:56:04,506 INFO  impl.MiniRaftCluster (MiniRaftCluster.java:lambda$start$6(349)) - TIMED-PRINT: printing ALL groups
  s0:  RUNNING    LEADER s0@group-53F0C1430D88:t1, leader=s0, voted=s0, raftlog=Memoized:s0@group-53F0C1430D88-SegmentedRaftLog:OPENED:c0, conf=0: peers:[s0|localhost:44013, s1|localhost:45265, s2|localhost:45699]|listeners:[], old=null RUNNING
  s1:  RUNNING  FOLLOWER s1@group-53F0C1430D88:t1, leader=s0, voted=s0, raftlog=Memoized:s1@group-53F0C1430D88-SegmentedRaftLog:OPENED:c0, conf=0: peers:[s0|localhost:44013, s1|localhost:45265, s2|localhost:45699]|listeners:[], old=null RUNNING
  s2:  RUNNING  FOLLOWER s2@group-53F0C1430D88:t1, leader=s0, voted=s0, raftlog=Memoized:s2@group-53F0C1430D88-SegmentedRaftLog:OPENED:c0, conf=0: peers:[s0|localhost:44013, s1|localhost:45265, s2|localhost:45699]|listeners:[], old=null RUNNING
2023-11-06 15:56:14,505 INFO  impl.MiniRaftCluster (MiniRaftCluster.java:lambda$start$6(349)) - TIMED-PRINT: printing ALL groups
  s0:  RUNNING    LEADER s0@group-53F0C1430D88:t1, leader=s0, voted=s0, raftlog=Memoized:s0@group-53F0C1430D88-SegmentedRaftLog:OPENED:c0, conf=0: peers:[s0|localhost:44013, s1|localhost:45265, s2|localhost:45699]|listeners:[], old=null RUNNING
  s1:  RUNNING  FOLLOWER s1@group-53F0C1430D88:t1, leader=s0, voted=s0, raftlog=Memoized:s1@group-53F0C1430D88-SegmentedRaftLog:OPENED:c0, conf=0: peers:[s0|localhost:44013, s1|localhost:45265, s2|localhost:45699]|listeners:[], old=null RUNNING
  s2:  RUNNING  FOLLOWER s2@group-53F0C1430D88:t1, leader=s0, voted=s0, raftlog=Memoized:s2@group-53F0C1430D88-SegmentedRaftLog:OPENED:c0, conf=0: peers:[s0|localhost:44013, s1|localhost:45265, s2|localhost:45699]|listeners:[], old=null RUNNING
]]></system-out>
  </testcase>
</testsuite>